GNU LilyPond 2.22.1
Changing working directory to: `/tmp/tmpzo6812i3'
Processing `/tmp/tmpzo6812i3/2024-06-28T10-01-00-538407-1cffce0.ly'
Parsing...
/tmp/tmpzo6812i3/2024-06-28T10-01-00-538407-1cffce0.ly:1:10: error: cannot find file: `../paper_settings.ly'
(search path: `/tmp/tmpzo6812i3:/home/user/GitHub/Artyfyshall-Bird/code-implementation:/usr/share/lilypond/2.22.1/ly:/usr/share/lilypond/2.22.1/ps:/usr/share/lilypond/2.22.1/scm:/usr/share/lilypond/2.22.1/fonts/otf/:/usr/share/lilypond/2.22.1/fonts/type1/:/usr/share/lilypond/2.22.1/fonts/svg/:')
\include 
         "../paper_settings.ly" 
/tmp/tmpzo6812i3/2024-06-28T10-01-00-538407-1cffce0.ly:13:14: error: cannot find file: `../voice_option.ly'
(search path: `/tmp/tmpzo6812i3:/home/user/GitHub/Artyfyshall-Bird/code-implementation:/usr/share/lilypond/2.22.1/ly:/usr/share/lilypond/2.22.1/ps:/usr/share/lilypond/2.22.1/scm:/usr/share/lilypond/2.22.1/fonts/otf/:/usr/share/lilypond/2.22.1/fonts/type1/:/usr/share/lilypond/2.22.1/fonts/svg/:')
    \include 
             "../voice_option.ly"
/tmp/tmpzo6812i3/2024-06-28T10-01-00-538407-1cffce0.ly:14:14: error: cannot find file: `../voice/gp-01-vc-82.ly'
(search path: `/tmp/tmpzo6812i3:/home/user/GitHub/Artyfyshall-Bird/code-implementation:/usr/share/lilypond/2.22.1/ly:/usr/share/lilypond/2.22.1/ps:/usr/share/lilypond/2.22.1/scm:/usr/share/lilypond/2.22.1/fonts/otf/:/usr/share/lilypond/2.22.1/fonts/type1/:/usr/share/lilypond/2.22.1/fonts/svg/:')
    \include 
             "../voice/gp-01-vc-82.ly"
/tmp/tmpzo6812i3/2024-06-28T10-01-00-538407-1cffce0.ly:15:14: error: cannot find file: `../voice/gp-01-vc-34.ly'
(search path: `/tmp/tmpzo6812i3:/home/user/GitHub/Artyfyshall-Bird/code-implementation:/usr/share/lilypond/2.22.1/ly:/usr/share/lilypond/2.22.1/ps:/usr/share/lilypond/2.22.1/scm:/usr/share/lilypond/2.22.1/fonts/otf/:/usr/share/lilypond/2.22.1/fonts/type1/:/usr/share/lilypond/2.22.1/fonts/svg/:')
    \include 
             "../voice/gp-01-vc-34.ly"
/tmp/tmpzo6812i3/2024-06-28T10-01-00-538407-1cffce0.ly:16:14: error: cannot find file: `../voice/gp-01-vc-111.ly'
(search path: `/tmp/tmpzo6812i3:/home/user/GitHub/Artyfyshall-Bird/code-implementation:/usr/share/lilypond/2.22.1/ly:/usr/share/lilypond/2.22.1/ps:/usr/share/lilypond/2.22.1/scm:/usr/share/lilypond/2.22.1/fonts/otf/:/usr/share/lilypond/2.22.1/fonts/type1/:/usr/share/lilypond/2.22.1/fonts/svg/:')
    \include 
             "../voice/gp-01-vc-111.ly"
/tmp/tmpzo6812i3/2024-06-28T10-01-00-538407-1cffce0.ly:17:14: error: cannot find file: `../voice/gp-01-vc-85.ly'
(search path: `/tmp/tmpzo6812i3:/home/user/GitHub/Artyfyshall-Bird/code-implementation:/usr/share/lilypond/2.22.1/ly:/usr/share/lilypond/2.22.1/ps:/usr/share/lilypond/2.22.1/scm:/usr/share/lilypond/2.22.1/fonts/otf/:/usr/share/lilypond/2.22.1/fonts/type1/:/usr/share/lilypond/2.22.1/fonts/svg/:')
    \include 
             "../voice/gp-01-vc-85.ly"
/tmp/tmpzo6812i3/2024-06-28T10-01-00-538407-1cffce0.ly:18:14: error: cannot find file: `../voice/gp-01-vc-133.ly'
(search path: `/tmp/tmpzo6812i3:/home/user/GitHub/Artyfyshall-Bird/code-implementation:/usr/share/lilypond/2.22.1/ly:/usr/share/lilypond/2.22.1/ps:/usr/share/lilypond/2.22.1/scm:/usr/share/lilypond/2.22.1/fonts/otf/:/usr/share/lilypond/2.22.1/fonts/type1/:/usr/share/lilypond/2.22.1/fonts/svg/:')
    \include 
             "../voice/gp-01-vc-133.ly"
/tmp/tmpzo6812i3/2024-06-28T10-01-00-538407-1cffce0.ly:19:14: error: cannot find file: `../voice/gp-01-vc-166.ly'
(search path: `/tmp/tmpzo6812i3:/home/user/GitHub/Artyfyshall-Bird/code-implementation:/usr/share/lilypond/2.22.1/ly:/usr/share/lilypond/2.22.1/ps:/usr/share/lilypond/2.22.1/scm:/usr/share/lilypond/2.22.1/fonts/otf/:/usr/share/lilypond/2.22.1/fonts/type1/:/usr/share/lilypond/2.22.1/fonts/svg/:')
    \include 
             "../voice/gp-01-vc-166.ly"
/tmp/tmpzo6812i3/2024-06-28T10-01-00-538407-1cffce0.ly:20:14: error: cannot find file: `../voice/gp-01-vc-78.ly'
(search path: `/tmp/tmpzo6812i3:/home/user/GitHub/Artyfyshall-Bird/code-implementation:/usr/share/lilypond/2.22.1/ly:/usr/share/lilypond/2.22.1/ps:/usr/share/lilypond/2.22.1/scm:/usr/share/lilypond/2.22.1/fonts/otf/:/usr/share/lilypond/2.22.1/fonts/type1/:/usr/share/lilypond/2.22.1/fonts/svg/:')
    \include 
             "../voice/gp-01-vc-78.ly"
/tmp/tmpzo6812i3/2024-06-28T10-01-00-538407-1cffce0.ly:21:14: error: cannot find file: `../voice/gp-01-vc-183.ly'
(search path: `/tmp/tmpzo6812i3:/home/user/GitHub/Artyfyshall-Bird/code-implementation:/usr/share/lilypond/2.22.1/ly:/usr/share/lilypond/2.22.1/ps:/usr/share/lilypond/2.22.1/scm:/usr/share/lilypond/2.22.1/fonts/otf/:/usr/share/lilypond/2.22.1/fonts/type1/:/usr/share/lilypond/2.22.1/fonts/svg/:')
    \include 
             "../voice/gp-01-vc-183.ly"
/tmp/tmpzo6812i3/2024-06-28T10-01-00-538407-1cffce0.ly:22:14: error: cannot find file: `../voice/gp-01-vc-176.ly'
(search path: `/tmp/tmpzo6812i3:/home/user/GitHub/Artyfyshall-Bird/code-implementation:/usr/share/lilypond/2.22.1/ly:/usr/share/lilypond/2.22.1/ps:/usr/share/lilypond/2.22.1/scm:/usr/share/lilypond/2.22.1/fonts/otf/:/usr/share/lilypond/2.22.1/fonts/type1/:/usr/share/lilypond/2.22.1/fonts/svg/:')
    \include 
             "../voice/gp-01-vc-176.ly"
/tmp/tmpzo6812i3/2024-06-28T10-01-00-538407-1cffce0.ly:23:14: error: cannot find file: `../voice/gp-01-vc-17.ly'
(search path: `/tmp/tmpzo6812i3:/home/user/GitHub/Artyfyshall-Bird/code-implementation:/usr/share/lilypond/2.22.1/ly:/usr/share/lilypond/2.22.1/ps:/usr/share/lilypond/2.22.1/scm:/usr/share/lilypond/2.22.1/fonts/otf/:/usr/share/lilypond/2.22.1/fonts/type1/:/usr/share/lilypond/2.22.1/fonts/svg/:')
    \include 
             "../voice/gp-01-vc-17.ly"
/tmp/tmpzo6812i3/2024-06-28T10-01-00-538407-1cffce0.ly:24:14: error: cannot find file: `../voice/gp-01-vc-151.ly'
(search path: `/tmp/tmpzo6812i3:/home/user/GitHub/Artyfyshall-Bird/code-implementation:/usr/share/lilypond/2.22.1/ly:/usr/share/lilypond/2.22.1/ps:/usr/share/lilypond/2.22.1/scm:/usr/share/lilypond/2.22.1/fonts/otf/:/usr/share/lilypond/2.22.1/fonts/type1/:/usr/share/lilypond/2.22.1/fonts/svg/:')
    \include 
             "../voice/gp-01-vc-151.ly"
/tmp/tmpzo6812i3/2024-06-28T10-01-00-538407-1cffce0.ly:25:14: error: cannot find file: `../voice/gp-01-vc-102.ly'
(search path: `/tmp/tmpzo6812i3:/home/user/GitHub/Artyfyshall-Bird/code-implementation:/usr/share/lilypond/2.22.1/ly:/usr/share/lilypond/2.22.1/ps:/usr/share/lilypond/2.22.1/scm:/usr/share/lilypond/2.22.1/fonts/otf/:/usr/share/lilypond/2.22.1/fonts/type1/:/usr/share/lilypond/2.22.1/fonts/svg/:')
    \include 
             "../voice/gp-01-vc-102.ly"
/tmp/tmpzo6812i3/2024-06-28T10-01-00-538407-1cffce0.ly:26:14: error: cannot find file: `../voice/gp-01-vc-33.ly'
(search path: `/tmp/tmpzo6812i3:/home/user/GitHub/Artyfyshall-Bird/code-implementation:/usr/share/lilypond/2.22.1/ly:/usr/share/lilypond/2.22.1/ps:/usr/share/lilypond/2.22.1/scm:/usr/share/lilypond/2.22.1/fonts/otf/:/usr/share/lilypond/2.22.1/fonts/type1/:/usr/share/lilypond/2.22.1/fonts/svg/:')
    \include 
             "../voice/gp-01-vc-33.ly"
/tmp/tmpzo6812i3/2024-06-28T10-01-00-538407-1cffce0.ly:27:14: error: cannot find file: `../voice/gp-01-vc-157.ly'
(search path: `/tmp/tmpzo6812i3:/home/user/GitHub/Artyfyshall-Bird/code-implementation:/usr/share/lilypond/2.22.1/ly:/usr/share/lilypond/2.22.1/ps:/usr/share/lilypond/2.22.1/scm:/usr/share/lilypond/2.22.1/fonts/otf/:/usr/share/lilypond/2.22.1/fonts/type1/:/usr/share/lilypond/2.22.1/fonts/svg/:')
    \include 
             "../voice/gp-01-vc-157.ly"
/tmp/tmpzo6812i3/2024-06-28T10-01-00-538407-1cffce0.ly:28:14: error: cannot find file: `../voice/gp-01-vc-131.ly'
(search path: `/tmp/tmpzo6812i3:/home/user/GitHub/Artyfyshall-Bird/code-implementation:/usr/share/lilypond/2.22.1/ly:/usr/share/lilypond/2.22.1/ps:/usr/share/lilypond/2.22.1/scm:/usr/share/lilypond/2.22.1/fonts/otf/:/usr/share/lilypond/2.22.1/fonts/type1/:/usr/share/lilypond/2.22.1/fonts/svg/:')
    \include 
             "../voice/gp-01-vc-131.ly"
/tmp/tmpzo6812i3/2024-06-28T10-01-00-538407-1cffce0.ly:29:14: error: cannot find file: `../voice/gp-01-vc-60.ly'
(search path: `/tmp/tmpzo6812i3:/home/user/GitHub/Artyfyshall-Bird/code-implementation:/usr/share/lilypond/2.22.1/ly:/usr/share/lilypond/2.22.1/ps:/usr/share/lilypond/2.22.1/scm:/usr/share/lilypond/2.22.1/fonts/otf/:/usr/share/lilypond/2.22.1/fonts/type1/:/usr/share/lilypond/2.22.1/fonts/svg/:')
    \include 
             "../voice/gp-01-vc-60.ly"
/tmp/tmpzo6812i3/2024-06-28T10-01-00-538407-1cffce0.ly:30:14: error: cannot find file: `../voice/gp-01-vc-103.ly'
(search path: `/tmp/tmpzo6812i3:/home/user/GitHub/Artyfyshall-Bird/code-implementation:/usr/share/lilypond/2.22.1/ly:/usr/share/lilypond/2.22.1/ps:/usr/share/lilypond/2.22.1/scm:/usr/share/lilypond/2.22.1/fonts/otf/:/usr/share/lilypond/2.22.1/fonts/type1/:/usr/share/lilypond/2.22.1/fonts/svg/:')
    \include 
             "../voice/gp-01-vc-103.ly"
/tmp/tmpzo6812i3/2024-06-28T10-01-00-538407-1cffce0.ly:31:14: error: cannot find file: `../voice/gp-01-vc-169.ly'
(search path: `/tmp/tmpzo6812i3:/home/user/GitHub/Artyfyshall-Bird/code-implementation:/usr/share/lilypond/2.22.1/ly:/usr/share/lilypond/2.22.1/ps:/usr/share/lilypond/2.22.1/scm:/usr/share/lilypond/2.22.1/fonts/otf/:/usr/share/lilypond/2.22.1/fonts/type1/:/usr/share/lilypond/2.22.1/fonts/svg/:')
    \include 
             "../voice/gp-01-vc-169.ly"
/tmp/tmpzo6812i3/2024-06-28T10-01-00-538407-1cffce0.ly:38:14: error: cannot find file: `../voice_option.ly'
(search path: `/tmp/tmpzo6812i3:/home/user/GitHub/Artyfyshall-Bird/code-implementation:/usr/share/lilypond/2.22.1/ly:/usr/share/lilypond/2.22.1/ps:/usr/share/lilypond/2.22.1/scm:/usr/share/lilypond/2.22.1/fonts/otf/:/usr/share/lilypond/2.22.1/fonts/type1/:/usr/share/lilypond/2.22.1/fonts/svg/:')
    \include 
             "../voice_option.ly"
/tmp/tmpzo6812i3/2024-06-28T10-01-00-538407-1cffce0.ly:39:14: error: cannot find file: `../rh/gp-01-rh-82.ly'
(search path: `/tmp/tmpzo6812i3:/home/user/GitHub/Artyfyshall-Bird/code-implementation:/usr/share/lilypond/2.22.1/ly:/usr/share/lilypond/2.22.1/ps:/usr/share/lilypond/2.22.1/scm:/usr/share/lilypond/2.22.1/fonts/otf/:/usr/share/lilypond/2.22.1/fonts/type1/:/usr/share/lilypond/2.22.1/fonts/svg/:')
    \include 
             "../rh/gp-01-rh-82.ly"
/tmp/tmpzo6812i3/2024-06-28T10-01-00-538407-1cffce0.ly:40:14: error: cannot find file: `../rh/gp-01-rh-34.ly'
(search path: `/tmp/tmpzo6812i3:/home/user/GitHub/Artyfyshall-Bird/code-implementation:/usr/share/lilypond/2.22.1/ly:/usr/share/lilypond/2.22.1/ps:/usr/share/lilypond/2.22.1/scm:/usr/share/lilypond/2.22.1/fonts/otf/:/usr/share/lilypond/2.22.1/fonts/type1/:/usr/share/lilypond/2.22.1/fonts/svg/:')
    \include 
             "../rh/gp-01-rh-34.ly"
/tmp/tmpzo6812i3/2024-06-28T10-01-00-538407-1cffce0.ly:41:14: error: cannot find file: `../rh/gp-01-rh-111.ly'
(search path: `/tmp/tmpzo6812i3:/home/user/GitHub/Artyfyshall-Bird/code-implementation:/usr/share/lilypond/2.22.1/ly:/usr/share/lilypond/2.22.1/ps:/usr/share/lilypond/2.22.1/scm:/usr/share/lilypond/2.22.1/fonts/otf/:/usr/share/lilypond/2.22.1/fonts/type1/:/usr/share/lilypond/2.22.1/fonts/svg/:')
    \include 
             "../rh/gp-01-rh-111.ly"
/tmp/tmpzo6812i3/2024-06-28T10-01-00-538407-1cffce0.ly:42:14: error: cannot find file: `../rh/gp-01-rh-85.ly'
(search path: `/tmp/tmpzo6812i3:/home/user/GitHub/Artyfyshall-Bird/code-implementation:/usr/share/lilypond/2.22.1/ly:/usr/share/lilypond/2.22.1/ps:/usr/share/lilypond/2.22.1/scm:/usr/share/lilypond/2.22.1/fonts/otf/:/usr/share/lilypond/2.22.1/fonts/type1/:/usr/share/lilypond/2.22.1/fonts/svg/:')
    \include 
             "../rh/gp-01-rh-85.ly"
/tmp/tmpzo6812i3/2024-06-28T10-01-00-538407-1cffce0.ly:43:14: error: cannot find file: `../rh/gp-01-rh-133.ly'
(search path: `/tmp/tmpzo6812i3:/home/user/GitHub/Artyfyshall-Bird/code-implementation:/usr/share/lilypond/2.22.1/ly:/usr/share/lilypond/2.22.1/ps:/usr/share/lilypond/2.22.1/scm:/usr/share/lilypond/2.22.1/fonts/otf/:/usr/share/lilypond/2.22.1/fonts/type1/:/usr/share/lilypond/2.22.1/fonts/svg/:')
    \include 
             "../rh/gp-01-rh-133.ly"
/tmp/tmpzo6812i3/2024-06-28T10-01-00-538407-1cffce0.ly:44:14: error: cannot find file: `../rh/gp-01-rh-166.ly'
(search path: `/tmp/tmpzo6812i3:/home/user/GitHub/Artyfyshall-Bird/code-implementation:/usr/share/lilypond/2.22.1/ly:/usr/share/lilypond/2.22.1/ps:/usr/share/lilypond/2.22.1/scm:/usr/share/lilypond/2.22.1/fonts/otf/:/usr/share/lilypond/2.22.1/fonts/type1/:/usr/share/lilypond/2.22.1/fonts/svg/:')
    \include 
             "../rh/gp-01-rh-166.ly"
/tmp/tmpzo6812i3/2024-06-28T10-01-00-538407-1cffce0.ly:45:14: error: cannot find file: `../rh/gp-01-rh-78.ly'
(search path: `/tmp/tmpzo6812i3:/home/user/GitHub/Artyfyshall-Bird/code-implementation:/usr/share/lilypond/2.22.1/ly:/usr/share/lilypond/2.22.1/ps:/usr/share/lilypond/2.22.1/scm:/usr/share/lilypond/2.22.1/fonts/otf/:/usr/share/lilypond/2.22.1/fonts/type1/:/usr/share/lilypond/2.22.1/fonts/svg/:')
    \include 
             "../rh/gp-01-rh-78.ly"
/tmp/tmpzo6812i3/2024-06-28T10-01-00-538407-1cffce0.ly:46:14: error: cannot find file: `../rh/gp-01-rh-183.ly'
(search path: `/tmp/tmpzo6812i3:/home/user/GitHub/Artyfyshall-Bird/code-implementation:/usr/share/lilypond/2.22.1/ly:/usr/share/lilypond/2.22.1/ps:/usr/share/lilypond/2.22.1/scm:/usr/share/lilypond/2.22.1/fonts/otf/:/usr/share/lilypond/2.22.1/fonts/type1/:/usr/share/lilypond/2.22.1/fonts/svg/:')
    \include 
             "../rh/gp-01-rh-183.ly"
/tmp/tmpzo6812i3/2024-06-28T10-01-00-538407-1cffce0.ly:47:14: error: cannot find file: `../rh/gp-01-rh-176.ly'
(search path: `/tmp/tmpzo6812i3:/home/user/GitHub/Artyfyshall-Bird/code-implementation:/usr/share/lilypond/2.22.1/ly:/usr/share/lilypond/2.22.1/ps:/usr/share/lilypond/2.22.1/scm:/usr/share/lilypond/2.22.1/fonts/otf/:/usr/share/lilypond/2.22.1/fonts/type1/:/usr/share/lilypond/2.22.1/fonts/svg/:')
    \include 
             "../rh/gp-01-rh-176.ly"
/tmp/tmpzo6812i3/2024-06-28T10-01-00-538407-1cffce0.ly:48:14: error: cannot find file: `../rh/gp-01-rh-17.ly'
(search path: `/tmp/tmpzo6812i3:/home/user/GitHub/Artyfyshall-Bird/code-implementation:/usr/share/lilypond/2.22.1/ly:/usr/share/lilypond/2.22.1/ps:/usr/share/lilypond/2.22.1/scm:/usr/share/lilypond/2.22.1/fonts/otf/:/usr/share/lilypond/2.22.1/fonts/type1/:/usr/share/lilypond/2.22.1/fonts/svg/:')
    \include 
             "../rh/gp-01-rh-17.ly"
/tmp/tmpzo6812i3/2024-06-28T10-01-00-538407-1cffce0.ly:49:14: error: cannot find file: `../rh/gp-01-rh-151.ly'
(search path: `/tmp/tmpzo6812i3:/home/user/GitHub/Artyfyshall-Bird/code-implementation:/usr/share/lilypond/2.22.1/ly:/usr/share/lilypond/2.22.1/ps:/usr/share/lilypond/2.22.1/scm:/usr/share/lilypond/2.22.1/fonts/otf/:/usr/share/lilypond/2.22.1/fonts/type1/:/usr/share/lilypond/2.22.1/fonts/svg/:')
    \include 
             "../rh/gp-01-rh-151.ly"
/tmp/tmpzo6812i3/2024-06-28T10-01-00-538407-1cffce0.ly:50:14: error: cannot find file: `../rh/gp-01-rh-102.ly'
(search path: `/tmp/tmpzo6812i3:/home/user/GitHub/Artyfyshall-Bird/code-implementation:/usr/share/lilypond/2.22.1/ly:/usr/share/lilypond/2.22.1/ps:/usr/share/lilypond/2.22.1/scm:/usr/share/lilypond/2.22.1/fonts/otf/:/usr/share/lilypond/2.22.1/fonts/type1/:/usr/share/lilypond/2.22.1/fonts/svg/:')
    \include 
             "../rh/gp-01-rh-102.ly"
/tmp/tmpzo6812i3/2024-06-28T10-01-00-538407-1cffce0.ly:51:14: error: cannot find file: `../rh/gp-01-rh-33.ly'
(search path: `/tmp/tmpzo6812i3:/home/user/GitHub/Artyfyshall-Bird/code-implementation:/usr/share/lilypond/2.22.1/ly:/usr/share/lilypond/2.22.1/ps:/usr/share/lilypond/2.22.1/scm:/usr/share/lilypond/2.22.1/fonts/otf/:/usr/share/lilypond/2.22.1/fonts/type1/:/usr/share/lilypond/2.22.1/fonts/svg/:')
    \include 
             "../rh/gp-01-rh-33.ly"
/tmp/tmpzo6812i3/2024-06-28T10-01-00-538407-1cffce0.ly:52:14: error: cannot find file: `../rh/gp-01-rh-157.ly'
(search path: `/tmp/tmpzo6812i3:/home/user/GitHub/Artyfyshall-Bird/code-implementation:/usr/share/lilypond/2.22.1/ly:/usr/share/lilypond/2.22.1/ps:/usr/share/lilypond/2.22.1/scm:/usr/share/lilypond/2.22.1/fonts/otf/:/usr/share/lilypond/2.22.1/fonts/type1/:/usr/share/lilypond/2.22.1/fonts/svg/:')
    \include 
             "../rh/gp-01-rh-157.ly"
/tmp/tmpzo6812i3/2024-06-28T10-01-00-538407-1cffce0.ly:53:14: error: cannot find file: `../rh/gp-01-rh-131.ly'
(search path: `/tmp/tmpzo6812i3:/home/user/GitHub/Artyfyshall-Bird/code-implementation:/usr/share/lilypond/2.22.1/ly:/usr/share/lilypond/2.22.1/ps:/usr/share/lilypond/2.22.1/scm:/usr/share/lilypond/2.22.1/fonts/otf/:/usr/share/lilypond/2.22.1/fonts/type1/:/usr/share/lilypond/2.22.1/fonts/svg/:')
    \include 
             "../rh/gp-01-rh-131.ly"
/tmp/tmpzo6812i3/2024-06-28T10-01-00-538407-1cffce0.ly:54:14: error: cannot find file: `../rh/gp-01-rh-60.ly'
(search path: `/tmp/tmpzo6812i3:/home/user/GitHub/Artyfyshall-Bird/code-implementation:/usr/share/lilypond/2.22.1/ly:/usr/share/lilypond/2.22.1/ps:/usr/share/lilypond/2.22.1/scm:/usr/share/lilypond/2.22.1/fonts/otf/:/usr/share/lilypond/2.22.1/fonts/type1/:/usr/share/lilypond/2.22.1/fonts/svg/:')
    \include 
             "../rh/gp-01-rh-60.ly"
/tmp/tmpzo6812i3/2024-06-28T10-01-00-538407-1cffce0.ly:55:14: error: cannot find file: `../rh/gp-01-rh-103.ly'
(search path: `/tmp/tmpzo6812i3:/home/user/GitHub/Artyfyshall-Bird/code-implementation:/usr/share/lilypond/2.22.1/ly:/usr/share/lilypond/2.22.1/ps:/usr/share/lilypond/2.22.1/scm:/usr/share/lilypond/2.22.1/fonts/otf/:/usr/share/lilypond/2.22.1/fonts/type1/:/usr/share/lilypond/2.22.1/fonts/svg/:')
    \include 
             "../rh/gp-01-rh-103.ly"
/tmp/tmpzo6812i3/2024-06-28T10-01-00-538407-1cffce0.ly:56:14: error: cannot find file: `../rh/gp-01-rh-169.ly'
(search path: `/tmp/tmpzo6812i3:/home/user/GitHub/Artyfyshall-Bird/code-implementation:/usr/share/lilypond/2.22.1/ly:/usr/share/lilypond/2.22.1/ps:/usr/share/lilypond/2.22.1/scm:/usr/share/lilypond/2.22.1/fonts/otf/:/usr/share/lilypond/2.22.1/fonts/type1/:/usr/share/lilypond/2.22.1/fonts/svg/:')
    \include 
             "../rh/gp-01-rh-169.ly"
/tmp/tmpzo6812i3/2024-06-28T10-01-00-538407-1cffce0.ly:59:14: error: cannot find file: `../bassline_option.ly'
(search path: `/tmp/tmpzo6812i3:/home/user/GitHub/Artyfyshall-Bird/code-implementation:/usr/share/lilypond/2.22.1/ly:/usr/share/lilypond/2.22.1/ps:/usr/share/lilypond/2.22.1/scm:/usr/share/lilypond/2.22.1/fonts/otf/:/usr/share/lilypond/2.22.1/fonts/type1/:/usr/share/lilypond/2.22.1/fonts/svg/:')
    \include 
             "../bassline_option.ly"
/tmp/tmpzo6812i3/2024-06-28T10-01-00-538407-1cffce0.ly:60:14: error: cannot find file: `../lh/gp-01-lh-82.ly'
(search path: `/tmp/tmpzo6812i3:/home/user/GitHub/Artyfyshall-Bird/code-implementation:/usr/share/lilypond/2.22.1/ly:/usr/share/lilypond/2.22.1/ps:/usr/share/lilypond/2.22.1/scm:/usr/share/lilypond/2.22.1/fonts/otf/:/usr/share/lilypond/2.22.1/fonts/type1/:/usr/share/lilypond/2.22.1/fonts/svg/:')
    \include 
             "../lh/gp-01-lh-82.ly"
/tmp/tmpzo6812i3/2024-06-28T10-01-00-538407-1cffce0.ly:61:14: error: cannot find file: `../lh/gp-01-lh-34.ly'
(search path: `/tmp/tmpzo6812i3:/home/user/GitHub/Artyfyshall-Bird/code-implementation:/usr/share/lilypond/2.22.1/ly:/usr/share/lilypond/2.22.1/ps:/usr/share/lilypond/2.22.1/scm:/usr/share/lilypond/2.22.1/fonts/otf/:/usr/share/lilypond/2.22.1/fonts/type1/:/usr/share/lilypond/2.22.1/fonts/svg/:')
    \include 
             "../lh/gp-01-lh-34.ly"
/tmp/tmpzo6812i3/2024-06-28T10-01-00-538407-1cffce0.ly:62:14: error: cannot find file: `../lh/gp-01-lh-111.ly'
(search path: `/tmp/tmpzo6812i3:/home/user/GitHub/Artyfyshall-Bird/code-implementation:/usr/share/lilypond/2.22.1/ly:/usr/share/lilypond/2.22.1/ps:/usr/share/lilypond/2.22.1/scm:/usr/share/lilypond/2.22.1/fonts/otf/:/usr/share/lilypond/2.22.1/fonts/type1/:/usr/share/lilypond/2.22.1/fonts/svg/:')
    \include 
             "../lh/gp-01-lh-111.ly"
/tmp/tmpzo6812i3/2024-06-28T10-01-00-538407-1cffce0.ly:63:14: error: cannot find file: `../lh/gp-01-lh-85.ly'
(search path: `/tmp/tmpzo6812i3:/home/user/GitHub/Artyfyshall-Bird/code-implementation:/usr/share/lilypond/2.22.1/ly:/usr/share/lilypond/2.22.1/ps:/usr/share/lilypond/2.22.1/scm:/usr/share/lilypond/2.22.1/fonts/otf/:/usr/share/lilypond/2.22.1/fonts/type1/:/usr/share/lilypond/2.22.1/fonts/svg/:')
    \include 
             "../lh/gp-01-lh-85.ly"
/tmp/tmpzo6812i3/2024-06-28T10-01-00-538407-1cffce0.ly:64:14: error: cannot find file: `../lh/gp-01-lh-133.ly'
(search path: `/tmp/tmpzo6812i3:/home/user/GitHub/Artyfyshall-Bird/code-implementation:/usr/share/lilypond/2.22.1/ly:/usr/share/lilypond/2.22.1/ps:/usr/share/lilypond/2.22.1/scm:/usr/share/lilypond/2.22.1/fonts/otf/:/usr/share/lilypond/2.22.1/fonts/type1/:/usr/share/lilypond/2.22.1/fonts/svg/:')
    \include 
             "../lh/gp-01-lh-133.ly"
/tmp/tmpzo6812i3/2024-06-28T10-01-00-538407-1cffce0.ly:65:14: error: cannot find file: `../lh/gp-01-lh-166.ly'
(search path: `/tmp/tmpzo6812i3:/home/user/GitHub/Artyfyshall-Bird/code-implementation:/usr/share/lilypond/2.22.1/ly:/usr/share/lilypond/2.22.1/ps:/usr/share/lilypond/2.22.1/scm:/usr/share/lilypond/2.22.1/fonts/otf/:/usr/share/lilypond/2.22.1/fonts/type1/:/usr/share/lilypond/2.22.1/fonts/svg/:')
    \include 
             "../lh/gp-01-lh-166.ly"
/tmp/tmpzo6812i3/2024-06-28T10-01-00-538407-1cffce0.ly:66:14: error: cannot find file: `../lh/gp-01-lh-78.ly'
(search path: `/tmp/tmpzo6812i3:/home/user/GitHub/Artyfyshall-Bird/code-implementation:/usr/share/lilypond/2.22.1/ly:/usr/share/lilypond/2.22.1/ps:/usr/share/lilypond/2.22.1/scm:/usr/share/lilypond/2.22.1/fonts/otf/:/usr/share/lilypond/2.22.1/fonts/type1/:/usr/share/lilypond/2.22.1/fonts/svg/:')
    \include 
             "../lh/gp-01-lh-78.ly"
/tmp/tmpzo6812i3/2024-06-28T10-01-00-538407-1cffce0.ly:67:14: error: cannot find file: `../lh/gp-01-lh-183.ly'
(search path: `/tmp/tmpzo6812i3:/home/user/GitHub/Artyfyshall-Bird/code-implementation:/usr/share/lilypond/2.22.1/ly:/usr/share/lilypond/2.22.1/ps:/usr/share/lilypond/2.22.1/scm:/usr/share/lilypond/2.22.1/fonts/otf/:/usr/share/lilypond/2.22.1/fonts/type1/:/usr/share/lilypond/2.22.1/fonts/svg/:')
    \include 
             "../lh/gp-01-lh-183.ly"
/tmp/tmpzo6812i3/2024-06-28T10-01-00-538407-1cffce0.ly:68:14: error: cannot find file: `../lh/gp-01-lh-176.ly'
(search path: `/tmp/tmpzo6812i3:/home/user/GitHub/Artyfyshall-Bird/code-implementation:/usr/share/lilypond/2.22.1/ly:/usr/share/lilypond/2.22.1/ps:/usr/share/lilypond/2.22.1/scm:/usr/share/lilypond/2.22.1/fonts/otf/:/usr/share/lilypond/2.22.1/fonts/type1/:/usr/share/lilypond/2.22.1/fonts/svg/:')
    \include 
             "../lh/gp-01-lh-176.ly"
/tmp/tmpzo6812i3/2024-06-28T10-01-00-538407-1cffce0.ly:69:14: error: cannot find file: `../lh/gp-01-lh-17.ly'
(search path: `/tmp/tmpzo6812i3:/home/user/GitHub/Artyfyshall-Bird/code-implementation:/usr/share/lilypond/2.22.1/ly:/usr/share/lilypond/2.22.1/ps:/usr/share/lilypond/2.22.1/scm:/usr/share/lilypond/2.22.1/fonts/otf/:/usr/share/lilypond/2.22.1/fonts/type1/:/usr/share/lilypond/2.22.1/fonts/svg/:')
    \include 
             "../lh/gp-01-lh-17.ly"
/tmp/tmpzo6812i3/2024-06-28T10-01-00-538407-1cffce0.ly:70:14: error: cannot find file: `../lh/gp-01-lh-151.ly'
(search path: `/tmp/tmpzo6812i3:/home/user/GitHub/Artyfyshall-Bird/code-implementation:/usr/share/lilypond/2.22.1/ly:/usr/share/lilypond/2.22.1/ps:/usr/share/lilypond/2.22.1/scm:/usr/share/lilypond/2.22.1/fonts/otf/:/usr/share/lilypond/2.22.1/fonts/type1/:/usr/share/lilypond/2.22.1/fonts/svg/:')
    \include 
             "../lh/gp-01-lh-151.ly"
/tmp/tmpzo6812i3/2024-06-28T10-01-00-538407-1cffce0.ly:71:14: error: cannot find file: `../lh/gp-01-lh-102.ly'
(search path: `/tmp/tmpzo6812i3:/home/user/GitHub/Artyfyshall-Bird/code-implementation:/usr/share/lilypond/2.22.1/ly:/usr/share/lilypond/2.22.1/ps:/usr/share/lilypond/2.22.1/scm:/usr/share/lilypond/2.22.1/fonts/otf/:/usr/share/lilypond/2.22.1/fonts/type1/:/usr/share/lilypond/2.22.1/fonts/svg/:')
    \include 
             "../lh/gp-01-lh-102.ly"
/tmp/tmpzo6812i3/2024-06-28T10-01-00-538407-1cffce0.ly:72:14: error: cannot find file: `../lh/gp-01-lh-33.ly'
(search path: `/tmp/tmpzo6812i3:/home/user/GitHub/Artyfyshall-Bird/code-implementation:/usr/share/lilypond/2.22.1/ly:/usr/share/lilypond/2.22.1/ps:/usr/share/lilypond/2.22.1/scm:/usr/share/lilypond/2.22.1/fonts/otf/:/usr/share/lilypond/2.22.1/fonts/type1/:/usr/share/lilypond/2.22.1/fonts/svg/:')
    \include 
             "../lh/gp-01-lh-33.ly"
/tmp/tmpzo6812i3/2024-06-28T10-01-00-538407-1cffce0.ly:73:14: error: cannot find file: `../lh/gp-01-lh-157.ly'
(search path: `/tmp/tmpzo6812i3:/home/user/GitHub/Artyfyshall-Bird/code-implementation:/usr/share/lilypond/2.22.1/ly:/usr/share/lilypond/2.22.1/ps:/usr/share/lilypond/2.22.1/scm:/usr/share/lilypond/2.22.1/fonts/otf/:/usr/share/lilypond/2.22.1/fonts/type1/:/usr/share/lilypond/2.22.1/fonts/svg/:')
    \include 
             "../lh/gp-01-lh-157.ly"
/tmp/tmpzo6812i3/2024-06-28T10-01-00-538407-1cffce0.ly:74:14: error: cannot find file: `../lh/gp-01-lh-131.ly'
(search path: `/tmp/tmpzo6812i3:/home/user/GitHub/Artyfyshall-Bird/code-implementation:/usr/share/lilypond/2.22.1/ly:/usr/share/lilypond/2.22.1/ps:/usr/share/lilypond/2.22.1/scm:/usr/share/lilypond/2.22.1/fonts/otf/:/usr/share/lilypond/2.22.1/fonts/type1/:/usr/share/lilypond/2.22.1/fonts/svg/:')
    \include 
             "../lh/gp-01-lh-131.ly"
/tmp/tmpzo6812i3/2024-06-28T10-01-00-538407-1cffce0.ly:75:14: error: cannot find file: `../lh/gp-01-lh-60.ly'
(search path: `/tmp/tmpzo6812i3:/home/user/GitHub/Artyfyshall-Bird/code-implementation:/usr/share/lilypond/2.22.1/ly:/usr/share/lilypond/2.22.1/ps:/usr/share/lilypond/2.22.1/scm:/usr/share/lilypond/2.22.1/fonts/otf/:/usr/share/lilypond/2.22.1/fonts/type1/:/usr/share/lilypond/2.22.1/fonts/svg/:')
    \include 
             "../lh/gp-01-lh-60.ly"
/tmp/tmpzo6812i3/2024-06-28T10-01-00-538407-1cffce0.ly:76:14: error: cannot find file: `../lh/gp-01-lh-103.ly'
(search path: `/tmp/tmpzo6812i3:/home/user/GitHub/Artyfyshall-Bird/code-implementation:/usr/share/lilypond/2.22.1/ly:/usr/share/lilypond/2.22.1/ps:/usr/share/lilypond/2.22.1/scm:/usr/share/lilypond/2.22.1/fonts/otf/:/usr/share/lilypond/2.22.1/fonts/type1/:/usr/share/lilypond/2.22.1/fonts/svg/:')
    \include 
             "../lh/gp-01-lh-103.ly"
/tmp/tmpzo6812i3/2024-06-28T10-01-00-538407-1cffce0.ly:77:14: error: cannot find file: `../lh/gp-01-lh-169.ly'
(search path: `/tmp/tmpzo6812i3:/home/user/GitHub/Artyfyshall-Bird/code-implementation:/usr/share/lilypond/2.22.1/ly:/usr/share/lilypond/2.22.1/ps:/usr/share/lilypond/2.22.1/scm:/usr/share/lilypond/2.22.1/fonts/otf/:/usr/share/lilypond/2.22.1/fonts/type1/:/usr/share/lilypond/2.22.1/fonts/svg/:')
    \include 
             "../lh/gp-01-lh-169.ly"
/tmp/tmpzo6812i3/2024-06-28T10-01-00-538407-1cffce0.ly:82:14: error: cannot find file: `../layout_settings.ly'
(search path: `/tmp/tmpzo6812i3:/home/user/GitHub/Artyfyshall-Bird/code-implementation:/usr/share/lilypond/2.22.1/ly:/usr/share/lilypond/2.22.1/ps:/usr/share/lilypond/2.22.1/scm:/usr/share/lilypond/2.22.1/fonts/otf/:/usr/share/lilypond/2.22.1/fonts/type1/:/usr/share/lilypond/2.22.1/fonts/svg/:')
    \include 
             "../layout_settings.ly"
/tmp/tmpzo6812i3/2024-06-28T10-01-00-538407-1cffce0.ly:1: warning: no \version statement found, please add

\version "2.22.1"

for future compatibility
Interpreting music...
/tmp/tmpzo6812i3/2024-06-28T10-01-00-538407-1cffce0.ly:8:5: warning: skipping zero-duration score
    
    <<
/tmp/tmpzo6812i3/2024-06-28T10-01-00-538407-1cffce0.ly:8:5: warning: to suppress this, consider adding a spacer rest
    
    <<
fatal error: failed files: "/tmp/tmpzo6812i3/2024-06-28T10-01-00-538407-1cffce0.ly"
