GNU LilyPond 2.22.1
Changing working directory to: `/tmp/tmpxajqvmxn'
Processing `/tmp/tmpxajqvmxn/2024-06-28T09-57-10-703319-9a42907.ly'
Parsing...
/tmp/tmpxajqvmxn/2024-06-28T09-57-10-703319-9a42907.ly:1:10: error: cannot find file: `../paper_settings.ly'
(search path: `/tmp/tmpxajqvmxn:/home/user/GitHub/Artyfyshall-Bird/code-implementation:/usr/share/lilypond/2.22.1/ly:/usr/share/lilypond/2.22.1/ps:/usr/share/lilypond/2.22.1/scm:/usr/share/lilypond/2.22.1/fonts/otf/:/usr/share/lilypond/2.22.1/fonts/type1/:/usr/share/lilypond/2.22.1/fonts/svg/:')
\include 
         "../paper_settings.ly" 
/tmp/tmpxajqvmxn/2024-06-28T09-57-10-703319-9a42907.ly:13:14: error: cannot find file: `../voice_option.ly'
(search path: `/tmp/tmpxajqvmxn:/home/user/GitHub/Artyfyshall-Bird/code-implementation:/usr/share/lilypond/2.22.1/ly:/usr/share/lilypond/2.22.1/ps:/usr/share/lilypond/2.22.1/scm:/usr/share/lilypond/2.22.1/fonts/otf/:/usr/share/lilypond/2.22.1/fonts/type1/:/usr/share/lilypond/2.22.1/fonts/svg/:')
    \include 
             "../voice_option.ly"
/tmp/tmpxajqvmxn/2024-06-28T09-57-10-703319-9a42907.ly:14:14: error: cannot find file: `../voice/gp-01-vc-81.ly'
(search path: `/tmp/tmpxajqvmxn:/home/user/GitHub/Artyfyshall-Bird/code-implementation:/usr/share/lilypond/2.22.1/ly:/usr/share/lilypond/2.22.1/ps:/usr/share/lilypond/2.22.1/scm:/usr/share/lilypond/2.22.1/fonts/otf/:/usr/share/lilypond/2.22.1/fonts/type1/:/usr/share/lilypond/2.22.1/fonts/svg/:')
    \include 
             "../voice/gp-01-vc-81.ly"
/tmp/tmpxajqvmxn/2024-06-28T09-57-10-703319-9a42907.ly:15:14: error: cannot find file: `../voice/gp-01-vc-89.ly'
(search path: `/tmp/tmpxajqvmxn:/home/user/GitHub/Artyfyshall-Bird/code-implementation:/usr/share/lilypond/2.22.1/ly:/usr/share/lilypond/2.22.1/ps:/usr/share/lilypond/2.22.1/scm:/usr/share/lilypond/2.22.1/fonts/otf/:/usr/share/lilypond/2.22.1/fonts/type1/:/usr/share/lilypond/2.22.1/fonts/svg/:')
    \include 
             "../voice/gp-01-vc-89.ly"
/tmp/tmpxajqvmxn/2024-06-28T09-57-10-703319-9a42907.ly:16:14: error: cannot find file: `../voice/gp-01-vc-59.ly'
(search path: `/tmp/tmpxajqvmxn:/home/user/GitHub/Artyfyshall-Bird/code-implementation:/usr/share/lilypond/2.22.1/ly:/usr/share/lilypond/2.22.1/ps:/usr/share/lilypond/2.22.1/scm:/usr/share/lilypond/2.22.1/fonts/otf/:/usr/share/lilypond/2.22.1/fonts/type1/:/usr/share/lilypond/2.22.1/fonts/svg/:')
    \include 
             "../voice/gp-01-vc-59.ly"
/tmp/tmpxajqvmxn/2024-06-28T09-57-10-703319-9a42907.ly:17:14: error: cannot find file: `../voice/gp-01-vc-98.ly'
(search path: `/tmp/tmpxajqvmxn:/home/user/GitHub/Artyfyshall-Bird/code-implementation:/usr/share/lilypond/2.22.1/ly:/usr/share/lilypond/2.22.1/ps:/usr/share/lilypond/2.22.1/scm:/usr/share/lilypond/2.22.1/fonts/otf/:/usr/share/lilypond/2.22.1/fonts/type1/:/usr/share/lilypond/2.22.1/fonts/svg/:')
    \include 
             "../voice/gp-01-vc-98.ly"
/tmp/tmpxajqvmxn/2024-06-28T09-57-10-703319-9a42907.ly:18:14: error: cannot find file: `../voice/gp-01-vc-141.ly'
(search path: `/tmp/tmpxajqvmxn:/home/user/GitHub/Artyfyshall-Bird/code-implementation:/usr/share/lilypond/2.22.1/ly:/usr/share/lilypond/2.22.1/ps:/usr/share/lilypond/2.22.1/scm:/usr/share/lilypond/2.22.1/fonts/otf/:/usr/share/lilypond/2.22.1/fonts/type1/:/usr/share/lilypond/2.22.1/fonts/svg/:')
    \include 
             "../voice/gp-01-vc-141.ly"
/tmp/tmpxajqvmxn/2024-06-28T09-57-10-703319-9a42907.ly:19:14: error: cannot find file: `../voice/gp-01-vc-118.ly'
(search path: `/tmp/tmpxajqvmxn:/home/user/GitHub/Artyfyshall-Bird/code-implementation:/usr/share/lilypond/2.22.1/ly:/usr/share/lilypond/2.22.1/ps:/usr/share/lilypond/2.22.1/scm:/usr/share/lilypond/2.22.1/fonts/otf/:/usr/share/lilypond/2.22.1/fonts/type1/:/usr/share/lilypond/2.22.1/fonts/svg/:')
    \include 
             "../voice/gp-01-vc-118.ly"
/tmp/tmpxajqvmxn/2024-06-28T09-57-10-703319-9a42907.ly:20:14: error: cannot find file: `../voice/gp-01-vc-5.ly'
(search path: `/tmp/tmpxajqvmxn:/home/user/GitHub/Artyfyshall-Bird/code-implementation:/usr/share/lilypond/2.22.1/ly:/usr/share/lilypond/2.22.1/ps:/usr/share/lilypond/2.22.1/scm:/usr/share/lilypond/2.22.1/fonts/otf/:/usr/share/lilypond/2.22.1/fonts/type1/:/usr/share/lilypond/2.22.1/fonts/svg/:')
    \include 
             "../voice/gp-01-vc-5.ly"
/tmp/tmpxajqvmxn/2024-06-28T09-57-10-703319-9a42907.ly:21:14: error: cannot find file: `../voice/gp-01-vc-143.ly'
(search path: `/tmp/tmpxajqvmxn:/home/user/GitHub/Artyfyshall-Bird/code-implementation:/usr/share/lilypond/2.22.1/ly:/usr/share/lilypond/2.22.1/ps:/usr/share/lilypond/2.22.1/scm:/usr/share/lilypond/2.22.1/fonts/otf/:/usr/share/lilypond/2.22.1/fonts/type1/:/usr/share/lilypond/2.22.1/fonts/svg/:')
    \include 
             "../voice/gp-01-vc-143.ly"
/tmp/tmpxajqvmxn/2024-06-28T09-57-10-703319-9a42907.ly:22:14: error: cannot find file: `../voice/gp-01-vc-19.ly'
(search path: `/tmp/tmpxajqvmxn:/home/user/GitHub/Artyfyshall-Bird/code-implementation:/usr/share/lilypond/2.22.1/ly:/usr/share/lilypond/2.22.1/ps:/usr/share/lilypond/2.22.1/scm:/usr/share/lilypond/2.22.1/fonts/otf/:/usr/share/lilypond/2.22.1/fonts/type1/:/usr/share/lilypond/2.22.1/fonts/svg/:')
    \include 
             "../voice/gp-01-vc-19.ly"
/tmp/tmpxajqvmxn/2024-06-28T09-57-10-703319-9a42907.ly:23:14: error: cannot find file: `../voice/gp-01-vc-173.ly'
(search path: `/tmp/tmpxajqvmxn:/home/user/GitHub/Artyfyshall-Bird/code-implementation:/usr/share/lilypond/2.22.1/ly:/usr/share/lilypond/2.22.1/ps:/usr/share/lilypond/2.22.1/scm:/usr/share/lilypond/2.22.1/fonts/otf/:/usr/share/lilypond/2.22.1/fonts/type1/:/usr/share/lilypond/2.22.1/fonts/svg/:')
    \include 
             "../voice/gp-01-vc-173.ly"
/tmp/tmpxajqvmxn/2024-06-28T09-57-10-703319-9a42907.ly:24:14: error: cannot find file: `../voice/gp-01-vc-151.ly'
(search path: `/tmp/tmpxajqvmxn:/home/user/GitHub/Artyfyshall-Bird/code-implementation:/usr/share/lilypond/2.22.1/ly:/usr/share/lilypond/2.22.1/ps:/usr/share/lilypond/2.22.1/scm:/usr/share/lilypond/2.22.1/fonts/otf/:/usr/share/lilypond/2.22.1/fonts/type1/:/usr/share/lilypond/2.22.1/fonts/svg/:')
    \include 
             "../voice/gp-01-vc-151.ly"
/tmp/tmpxajqvmxn/2024-06-28T09-57-10-703319-9a42907.ly:25:14: error: cannot find file: `../voice/gp-01-vc-11.ly'
(search path: `/tmp/tmpxajqvmxn:/home/user/GitHub/Artyfyshall-Bird/code-implementation:/usr/share/lilypond/2.22.1/ly:/usr/share/lilypond/2.22.1/ps:/usr/share/lilypond/2.22.1/scm:/usr/share/lilypond/2.22.1/fonts/otf/:/usr/share/lilypond/2.22.1/fonts/type1/:/usr/share/lilypond/2.22.1/fonts/svg/:')
    \include 
             "../voice/gp-01-vc-11.ly"
/tmp/tmpxajqvmxn/2024-06-28T09-57-10-703319-9a42907.ly:26:14: error: cannot find file: `../voice/gp-01-vc-23.ly'
(search path: `/tmp/tmpxajqvmxn:/home/user/GitHub/Artyfyshall-Bird/code-implementation:/usr/share/lilypond/2.22.1/ly:/usr/share/lilypond/2.22.1/ps:/usr/share/lilypond/2.22.1/scm:/usr/share/lilypond/2.22.1/fonts/otf/:/usr/share/lilypond/2.22.1/fonts/type1/:/usr/share/lilypond/2.22.1/fonts/svg/:')
    \include 
             "../voice/gp-01-vc-23.ly"
/tmp/tmpxajqvmxn/2024-06-28T09-57-10-703319-9a42907.ly:27:14: error: cannot find file: `../voice/gp-01-vc-168.ly'
(search path: `/tmp/tmpxajqvmxn:/home/user/GitHub/Artyfyshall-Bird/code-implementation:/usr/share/lilypond/2.22.1/ly:/usr/share/lilypond/2.22.1/ps:/usr/share/lilypond/2.22.1/scm:/usr/share/lilypond/2.22.1/fonts/otf/:/usr/share/lilypond/2.22.1/fonts/type1/:/usr/share/lilypond/2.22.1/fonts/svg/:')
    \include 
             "../voice/gp-01-vc-168.ly"
/tmp/tmpxajqvmxn/2024-06-28T09-57-10-703319-9a42907.ly:28:14: error: cannot find file: `../voice/gp-01-vc-189.ly'
(search path: `/tmp/tmpxajqvmxn:/home/user/GitHub/Artyfyshall-Bird/code-implementation:/usr/share/lilypond/2.22.1/ly:/usr/share/lilypond/2.22.1/ps:/usr/share/lilypond/2.22.1/scm:/usr/share/lilypond/2.22.1/fonts/otf/:/usr/share/lilypond/2.22.1/fonts/type1/:/usr/share/lilypond/2.22.1/fonts/svg/:')
    \include 
             "../voice/gp-01-vc-189.ly"
/tmp/tmpxajqvmxn/2024-06-28T09-57-10-703319-9a42907.ly:29:14: error: cannot find file: `../voice/gp-01-vc-66.ly'
(search path: `/tmp/tmpxajqvmxn:/home/user/GitHub/Artyfyshall-Bird/code-implementation:/usr/share/lilypond/2.22.1/ly:/usr/share/lilypond/2.22.1/ps:/usr/share/lilypond/2.22.1/scm:/usr/share/lilypond/2.22.1/fonts/otf/:/usr/share/lilypond/2.22.1/fonts/type1/:/usr/share/lilypond/2.22.1/fonts/svg/:')
    \include 
             "../voice/gp-01-vc-66.ly"
/tmp/tmpxajqvmxn/2024-06-28T09-57-10-703319-9a42907.ly:30:14: error: cannot find file: `../voice/gp-01-vc-20.ly'
(search path: `/tmp/tmpxajqvmxn:/home/user/GitHub/Artyfyshall-Bird/code-implementation:/usr/share/lilypond/2.22.1/ly:/usr/share/lilypond/2.22.1/ps:/usr/share/lilypond/2.22.1/scm:/usr/share/lilypond/2.22.1/fonts/otf/:/usr/share/lilypond/2.22.1/fonts/type1/:/usr/share/lilypond/2.22.1/fonts/svg/:')
    \include 
             "../voice/gp-01-vc-20.ly"
/tmp/tmpxajqvmxn/2024-06-28T09-57-10-703319-9a42907.ly:31:14: error: cannot find file: `../voice/gp-01-vc-69.ly'
(search path: `/tmp/tmpxajqvmxn:/home/user/GitHub/Artyfyshall-Bird/code-implementation:/usr/share/lilypond/2.22.1/ly:/usr/share/lilypond/2.22.1/ps:/usr/share/lilypond/2.22.1/scm:/usr/share/lilypond/2.22.1/fonts/otf/:/usr/share/lilypond/2.22.1/fonts/type1/:/usr/share/lilypond/2.22.1/fonts/svg/:')
    \include 
             "../voice/gp-01-vc-69.ly"
/tmp/tmpxajqvmxn/2024-06-28T09-57-10-703319-9a42907.ly:38:14: error: cannot find file: `../voice_option.ly'
(search path: `/tmp/tmpxajqvmxn:/home/user/GitHub/Artyfyshall-Bird/code-implementation:/usr/share/lilypond/2.22.1/ly:/usr/share/lilypond/2.22.1/ps:/usr/share/lilypond/2.22.1/scm:/usr/share/lilypond/2.22.1/fonts/otf/:/usr/share/lilypond/2.22.1/fonts/type1/:/usr/share/lilypond/2.22.1/fonts/svg/:')
    \include 
             "../voice_option.ly"
/tmp/tmpxajqvmxn/2024-06-28T09-57-10-703319-9a42907.ly:39:14: error: cannot find file: `../rh/gp-01-rh-81.ly'
(search path: `/tmp/tmpxajqvmxn:/home/user/GitHub/Artyfyshall-Bird/code-implementation:/usr/share/lilypond/2.22.1/ly:/usr/share/lilypond/2.22.1/ps:/usr/share/lilypond/2.22.1/scm:/usr/share/lilypond/2.22.1/fonts/otf/:/usr/share/lilypond/2.22.1/fonts/type1/:/usr/share/lilypond/2.22.1/fonts/svg/:')
    \include 
             "../rh/gp-01-rh-81.ly"
/tmp/tmpxajqvmxn/2024-06-28T09-57-10-703319-9a42907.ly:40:14: error: cannot find file: `../rh/gp-01-rh-89.ly'
(search path: `/tmp/tmpxajqvmxn:/home/user/GitHub/Artyfyshall-Bird/code-implementation:/usr/share/lilypond/2.22.1/ly:/usr/share/lilypond/2.22.1/ps:/usr/share/lilypond/2.22.1/scm:/usr/share/lilypond/2.22.1/fonts/otf/:/usr/share/lilypond/2.22.1/fonts/type1/:/usr/share/lilypond/2.22.1/fonts/svg/:')
    \include 
             "../rh/gp-01-rh-89.ly"
/tmp/tmpxajqvmxn/2024-06-28T09-57-10-703319-9a42907.ly:41:14: error: cannot find file: `../rh/gp-01-rh-59.ly'
(search path: `/tmp/tmpxajqvmxn:/home/user/GitHub/Artyfyshall-Bird/code-implementation:/usr/share/lilypond/2.22.1/ly:/usr/share/lilypond/2.22.1/ps:/usr/share/lilypond/2.22.1/scm:/usr/share/lilypond/2.22.1/fonts/otf/:/usr/share/lilypond/2.22.1/fonts/type1/:/usr/share/lilypond/2.22.1/fonts/svg/:')
    \include 
             "../rh/gp-01-rh-59.ly"
/tmp/tmpxajqvmxn/2024-06-28T09-57-10-703319-9a42907.ly:42:14: error: cannot find file: `../rh/gp-01-rh-98.ly'
(search path: `/tmp/tmpxajqvmxn:/home/user/GitHub/Artyfyshall-Bird/code-implementation:/usr/share/lilypond/2.22.1/ly:/usr/share/lilypond/2.22.1/ps:/usr/share/lilypond/2.22.1/scm:/usr/share/lilypond/2.22.1/fonts/otf/:/usr/share/lilypond/2.22.1/fonts/type1/:/usr/share/lilypond/2.22.1/fonts/svg/:')
    \include 
             "../rh/gp-01-rh-98.ly"
/tmp/tmpxajqvmxn/2024-06-28T09-57-10-703319-9a42907.ly:43:14: error: cannot find file: `../rh/gp-01-rh-141.ly'
(search path: `/tmp/tmpxajqvmxn:/home/user/GitHub/Artyfyshall-Bird/code-implementation:/usr/share/lilypond/2.22.1/ly:/usr/share/lilypond/2.22.1/ps:/usr/share/lilypond/2.22.1/scm:/usr/share/lilypond/2.22.1/fonts/otf/:/usr/share/lilypond/2.22.1/fonts/type1/:/usr/share/lilypond/2.22.1/fonts/svg/:')
    \include 
             "../rh/gp-01-rh-141.ly"
/tmp/tmpxajqvmxn/2024-06-28T09-57-10-703319-9a42907.ly:44:14: error: cannot find file: `../rh/gp-01-rh-118.ly'
(search path: `/tmp/tmpxajqvmxn:/home/user/GitHub/Artyfyshall-Bird/code-implementation:/usr/share/lilypond/2.22.1/ly:/usr/share/lilypond/2.22.1/ps:/usr/share/lilypond/2.22.1/scm:/usr/share/lilypond/2.22.1/fonts/otf/:/usr/share/lilypond/2.22.1/fonts/type1/:/usr/share/lilypond/2.22.1/fonts/svg/:')
    \include 
             "../rh/gp-01-rh-118.ly"
/tmp/tmpxajqvmxn/2024-06-28T09-57-10-703319-9a42907.ly:45:14: error: cannot find file: `../rh/gp-01-rh-5.ly'
(search path: `/tmp/tmpxajqvmxn:/home/user/GitHub/Artyfyshall-Bird/code-implementation:/usr/share/lilypond/2.22.1/ly:/usr/share/lilypond/2.22.1/ps:/usr/share/lilypond/2.22.1/scm:/usr/share/lilypond/2.22.1/fonts/otf/:/usr/share/lilypond/2.22.1/fonts/type1/:/usr/share/lilypond/2.22.1/fonts/svg/:')
    \include 
             "../rh/gp-01-rh-5.ly"
/tmp/tmpxajqvmxn/2024-06-28T09-57-10-703319-9a42907.ly:46:14: error: cannot find file: `../rh/gp-01-rh-143.ly'
(search path: `/tmp/tmpxajqvmxn:/home/user/GitHub/Artyfyshall-Bird/code-implementation:/usr/share/lilypond/2.22.1/ly:/usr/share/lilypond/2.22.1/ps:/usr/share/lilypond/2.22.1/scm:/usr/share/lilypond/2.22.1/fonts/otf/:/usr/share/lilypond/2.22.1/fonts/type1/:/usr/share/lilypond/2.22.1/fonts/svg/:')
    \include 
             "../rh/gp-01-rh-143.ly"
/tmp/tmpxajqvmxn/2024-06-28T09-57-10-703319-9a42907.ly:47:14: error: cannot find file: `../rh/gp-01-rh-19.ly'
(search path: `/tmp/tmpxajqvmxn:/home/user/GitHub/Artyfyshall-Bird/code-implementation:/usr/share/lilypond/2.22.1/ly:/usr/share/lilypond/2.22.1/ps:/usr/share/lilypond/2.22.1/scm:/usr/share/lilypond/2.22.1/fonts/otf/:/usr/share/lilypond/2.22.1/fonts/type1/:/usr/share/lilypond/2.22.1/fonts/svg/:')
    \include 
             "../rh/gp-01-rh-19.ly"
/tmp/tmpxajqvmxn/2024-06-28T09-57-10-703319-9a42907.ly:48:14: error: cannot find file: `../rh/gp-01-rh-173.ly'
(search path: `/tmp/tmpxajqvmxn:/home/user/GitHub/Artyfyshall-Bird/code-implementation:/usr/share/lilypond/2.22.1/ly:/usr/share/lilypond/2.22.1/ps:/usr/share/lilypond/2.22.1/scm:/usr/share/lilypond/2.22.1/fonts/otf/:/usr/share/lilypond/2.22.1/fonts/type1/:/usr/share/lilypond/2.22.1/fonts/svg/:')
    \include 
             "../rh/gp-01-rh-173.ly"
/tmp/tmpxajqvmxn/2024-06-28T09-57-10-703319-9a42907.ly:49:14: error: cannot find file: `../rh/gp-01-rh-151.ly'
(search path: `/tmp/tmpxajqvmxn:/home/user/GitHub/Artyfyshall-Bird/code-implementation:/usr/share/lilypond/2.22.1/ly:/usr/share/lilypond/2.22.1/ps:/usr/share/lilypond/2.22.1/scm:/usr/share/lilypond/2.22.1/fonts/otf/:/usr/share/lilypond/2.22.1/fonts/type1/:/usr/share/lilypond/2.22.1/fonts/svg/:')
    \include 
             "../rh/gp-01-rh-151.ly"
/tmp/tmpxajqvmxn/2024-06-28T09-57-10-703319-9a42907.ly:50:14: error: cannot find file: `../rh/gp-01-rh-11.ly'
(search path: `/tmp/tmpxajqvmxn:/home/user/GitHub/Artyfyshall-Bird/code-implementation:/usr/share/lilypond/2.22.1/ly:/usr/share/lilypond/2.22.1/ps:/usr/share/lilypond/2.22.1/scm:/usr/share/lilypond/2.22.1/fonts/otf/:/usr/share/lilypond/2.22.1/fonts/type1/:/usr/share/lilypond/2.22.1/fonts/svg/:')
    \include 
             "../rh/gp-01-rh-11.ly"
/tmp/tmpxajqvmxn/2024-06-28T09-57-10-703319-9a42907.ly:51:14: error: cannot find file: `../rh/gp-01-rh-23.ly'
(search path: `/tmp/tmpxajqvmxn:/home/user/GitHub/Artyfyshall-Bird/code-implementation:/usr/share/lilypond/2.22.1/ly:/usr/share/lilypond/2.22.1/ps:/usr/share/lilypond/2.22.1/scm:/usr/share/lilypond/2.22.1/fonts/otf/:/usr/share/lilypond/2.22.1/fonts/type1/:/usr/share/lilypond/2.22.1/fonts/svg/:')
    \include 
             "../rh/gp-01-rh-23.ly"
/tmp/tmpxajqvmxn/2024-06-28T09-57-10-703319-9a42907.ly:52:14: error: cannot find file: `../rh/gp-01-rh-168.ly'
(search path: `/tmp/tmpxajqvmxn:/home/user/GitHub/Artyfyshall-Bird/code-implementation:/usr/share/lilypond/2.22.1/ly:/usr/share/lilypond/2.22.1/ps:/usr/share/lilypond/2.22.1/scm:/usr/share/lilypond/2.22.1/fonts/otf/:/usr/share/lilypond/2.22.1/fonts/type1/:/usr/share/lilypond/2.22.1/fonts/svg/:')
    \include 
             "../rh/gp-01-rh-168.ly"
/tmp/tmpxajqvmxn/2024-06-28T09-57-10-703319-9a42907.ly:53:14: error: cannot find file: `../rh/gp-01-rh-189.ly'
(search path: `/tmp/tmpxajqvmxn:/home/user/GitHub/Artyfyshall-Bird/code-implementation:/usr/share/lilypond/2.22.1/ly:/usr/share/lilypond/2.22.1/ps:/usr/share/lilypond/2.22.1/scm:/usr/share/lilypond/2.22.1/fonts/otf/:/usr/share/lilypond/2.22.1/fonts/type1/:/usr/share/lilypond/2.22.1/fonts/svg/:')
    \include 
             "../rh/gp-01-rh-189.ly"
/tmp/tmpxajqvmxn/2024-06-28T09-57-10-703319-9a42907.ly:54:14: error: cannot find file: `../rh/gp-01-rh-66.ly'
(search path: `/tmp/tmpxajqvmxn:/home/user/GitHub/Artyfyshall-Bird/code-implementation:/usr/share/lilypond/2.22.1/ly:/usr/share/lilypond/2.22.1/ps:/usr/share/lilypond/2.22.1/scm:/usr/share/lilypond/2.22.1/fonts/otf/:/usr/share/lilypond/2.22.1/fonts/type1/:/usr/share/lilypond/2.22.1/fonts/svg/:')
    \include 
             "../rh/gp-01-rh-66.ly"
/tmp/tmpxajqvmxn/2024-06-28T09-57-10-703319-9a42907.ly:55:14: error: cannot find file: `../rh/gp-01-rh-20.ly'
(search path: `/tmp/tmpxajqvmxn:/home/user/GitHub/Artyfyshall-Bird/code-implementation:/usr/share/lilypond/2.22.1/ly:/usr/share/lilypond/2.22.1/ps:/usr/share/lilypond/2.22.1/scm:/usr/share/lilypond/2.22.1/fonts/otf/:/usr/share/lilypond/2.22.1/fonts/type1/:/usr/share/lilypond/2.22.1/fonts/svg/:')
    \include 
             "../rh/gp-01-rh-20.ly"
/tmp/tmpxajqvmxn/2024-06-28T09-57-10-703319-9a42907.ly:56:14: error: cannot find file: `../rh/gp-01-rh-69.ly'
(search path: `/tmp/tmpxajqvmxn:/home/user/GitHub/Artyfyshall-Bird/code-implementation:/usr/share/lilypond/2.22.1/ly:/usr/share/lilypond/2.22.1/ps:/usr/share/lilypond/2.22.1/scm:/usr/share/lilypond/2.22.1/fonts/otf/:/usr/share/lilypond/2.22.1/fonts/type1/:/usr/share/lilypond/2.22.1/fonts/svg/:')
    \include 
             "../rh/gp-01-rh-69.ly"
/tmp/tmpxajqvmxn/2024-06-28T09-57-10-703319-9a42907.ly:59:14: error: cannot find file: `../bassline_option.ly'
(search path: `/tmp/tmpxajqvmxn:/home/user/GitHub/Artyfyshall-Bird/code-implementation:/usr/share/lilypond/2.22.1/ly:/usr/share/lilypond/2.22.1/ps:/usr/share/lilypond/2.22.1/scm:/usr/share/lilypond/2.22.1/fonts/otf/:/usr/share/lilypond/2.22.1/fonts/type1/:/usr/share/lilypond/2.22.1/fonts/svg/:')
    \include 
             "../bassline_option.ly"
/tmp/tmpxajqvmxn/2024-06-28T09-57-10-703319-9a42907.ly:60:14: error: cannot find file: `../lh/gp-01-lh-81.ly'
(search path: `/tmp/tmpxajqvmxn:/home/user/GitHub/Artyfyshall-Bird/code-implementation:/usr/share/lilypond/2.22.1/ly:/usr/share/lilypond/2.22.1/ps:/usr/share/lilypond/2.22.1/scm:/usr/share/lilypond/2.22.1/fonts/otf/:/usr/share/lilypond/2.22.1/fonts/type1/:/usr/share/lilypond/2.22.1/fonts/svg/:')
    \include 
             "../lh/gp-01-lh-81.ly"
/tmp/tmpxajqvmxn/2024-06-28T09-57-10-703319-9a42907.ly:61:14: error: cannot find file: `../lh/gp-01-lh-89.ly'
(search path: `/tmp/tmpxajqvmxn:/home/user/GitHub/Artyfyshall-Bird/code-implementation:/usr/share/lilypond/2.22.1/ly:/usr/share/lilypond/2.22.1/ps:/usr/share/lilypond/2.22.1/scm:/usr/share/lilypond/2.22.1/fonts/otf/:/usr/share/lilypond/2.22.1/fonts/type1/:/usr/share/lilypond/2.22.1/fonts/svg/:')
    \include 
             "../lh/gp-01-lh-89.ly"
/tmp/tmpxajqvmxn/2024-06-28T09-57-10-703319-9a42907.ly:62:14: error: cannot find file: `../lh/gp-01-lh-59.ly'
(search path: `/tmp/tmpxajqvmxn:/home/user/GitHub/Artyfyshall-Bird/code-implementation:/usr/share/lilypond/2.22.1/ly:/usr/share/lilypond/2.22.1/ps:/usr/share/lilypond/2.22.1/scm:/usr/share/lilypond/2.22.1/fonts/otf/:/usr/share/lilypond/2.22.1/fonts/type1/:/usr/share/lilypond/2.22.1/fonts/svg/:')
    \include 
             "../lh/gp-01-lh-59.ly"
/tmp/tmpxajqvmxn/2024-06-28T09-57-10-703319-9a42907.ly:63:14: error: cannot find file: `../lh/gp-01-lh-98.ly'
(search path: `/tmp/tmpxajqvmxn:/home/user/GitHub/Artyfyshall-Bird/code-implementation:/usr/share/lilypond/2.22.1/ly:/usr/share/lilypond/2.22.1/ps:/usr/share/lilypond/2.22.1/scm:/usr/share/lilypond/2.22.1/fonts/otf/:/usr/share/lilypond/2.22.1/fonts/type1/:/usr/share/lilypond/2.22.1/fonts/svg/:')
    \include 
             "../lh/gp-01-lh-98.ly"
/tmp/tmpxajqvmxn/2024-06-28T09-57-10-703319-9a42907.ly:64:14: error: cannot find file: `../lh/gp-01-lh-141.ly'
(search path: `/tmp/tmpxajqvmxn:/home/user/GitHub/Artyfyshall-Bird/code-implementation:/usr/share/lilypond/2.22.1/ly:/usr/share/lilypond/2.22.1/ps:/usr/share/lilypond/2.22.1/scm:/usr/share/lilypond/2.22.1/fonts/otf/:/usr/share/lilypond/2.22.1/fonts/type1/:/usr/share/lilypond/2.22.1/fonts/svg/:')
    \include 
             "../lh/gp-01-lh-141.ly"
/tmp/tmpxajqvmxn/2024-06-28T09-57-10-703319-9a42907.ly:65:14: error: cannot find file: `../lh/gp-01-lh-118.ly'
(search path: `/tmp/tmpxajqvmxn:/home/user/GitHub/Artyfyshall-Bird/code-implementation:/usr/share/lilypond/2.22.1/ly:/usr/share/lilypond/2.22.1/ps:/usr/share/lilypond/2.22.1/scm:/usr/share/lilypond/2.22.1/fonts/otf/:/usr/share/lilypond/2.22.1/fonts/type1/:/usr/share/lilypond/2.22.1/fonts/svg/:')
    \include 
             "../lh/gp-01-lh-118.ly"
/tmp/tmpxajqvmxn/2024-06-28T09-57-10-703319-9a42907.ly:66:14: error: cannot find file: `../lh/gp-01-lh-5.ly'
(search path: `/tmp/tmpxajqvmxn:/home/user/GitHub/Artyfyshall-Bird/code-implementation:/usr/share/lilypond/2.22.1/ly:/usr/share/lilypond/2.22.1/ps:/usr/share/lilypond/2.22.1/scm:/usr/share/lilypond/2.22.1/fonts/otf/:/usr/share/lilypond/2.22.1/fonts/type1/:/usr/share/lilypond/2.22.1/fonts/svg/:')
    \include 
             "../lh/gp-01-lh-5.ly"
/tmp/tmpxajqvmxn/2024-06-28T09-57-10-703319-9a42907.ly:67:14: error: cannot find file: `../lh/gp-01-lh-143.ly'
(search path: `/tmp/tmpxajqvmxn:/home/user/GitHub/Artyfyshall-Bird/code-implementation:/usr/share/lilypond/2.22.1/ly:/usr/share/lilypond/2.22.1/ps:/usr/share/lilypond/2.22.1/scm:/usr/share/lilypond/2.22.1/fonts/otf/:/usr/share/lilypond/2.22.1/fonts/type1/:/usr/share/lilypond/2.22.1/fonts/svg/:')
    \include 
             "../lh/gp-01-lh-143.ly"
/tmp/tmpxajqvmxn/2024-06-28T09-57-10-703319-9a42907.ly:68:14: error: cannot find file: `../lh/gp-01-lh-19.ly'
(search path: `/tmp/tmpxajqvmxn:/home/user/GitHub/Artyfyshall-Bird/code-implementation:/usr/share/lilypond/2.22.1/ly:/usr/share/lilypond/2.22.1/ps:/usr/share/lilypond/2.22.1/scm:/usr/share/lilypond/2.22.1/fonts/otf/:/usr/share/lilypond/2.22.1/fonts/type1/:/usr/share/lilypond/2.22.1/fonts/svg/:')
    \include 
             "../lh/gp-01-lh-19.ly"
/tmp/tmpxajqvmxn/2024-06-28T09-57-10-703319-9a42907.ly:69:14: error: cannot find file: `../lh/gp-01-lh-173.ly'
(search path: `/tmp/tmpxajqvmxn:/home/user/GitHub/Artyfyshall-Bird/code-implementation:/usr/share/lilypond/2.22.1/ly:/usr/share/lilypond/2.22.1/ps:/usr/share/lilypond/2.22.1/scm:/usr/share/lilypond/2.22.1/fonts/otf/:/usr/share/lilypond/2.22.1/fonts/type1/:/usr/share/lilypond/2.22.1/fonts/svg/:')
    \include 
             "../lh/gp-01-lh-173.ly"
/tmp/tmpxajqvmxn/2024-06-28T09-57-10-703319-9a42907.ly:70:14: error: cannot find file: `../lh/gp-01-lh-151.ly'
(search path: `/tmp/tmpxajqvmxn:/home/user/GitHub/Artyfyshall-Bird/code-implementation:/usr/share/lilypond/2.22.1/ly:/usr/share/lilypond/2.22.1/ps:/usr/share/lilypond/2.22.1/scm:/usr/share/lilypond/2.22.1/fonts/otf/:/usr/share/lilypond/2.22.1/fonts/type1/:/usr/share/lilypond/2.22.1/fonts/svg/:')
    \include 
             "../lh/gp-01-lh-151.ly"
/tmp/tmpxajqvmxn/2024-06-28T09-57-10-703319-9a42907.ly:71:14: error: cannot find file: `../lh/gp-01-lh-11.ly'
(search path: `/tmp/tmpxajqvmxn:/home/user/GitHub/Artyfyshall-Bird/code-implementation:/usr/share/lilypond/2.22.1/ly:/usr/share/lilypond/2.22.1/ps:/usr/share/lilypond/2.22.1/scm:/usr/share/lilypond/2.22.1/fonts/otf/:/usr/share/lilypond/2.22.1/fonts/type1/:/usr/share/lilypond/2.22.1/fonts/svg/:')
    \include 
             "../lh/gp-01-lh-11.ly"
/tmp/tmpxajqvmxn/2024-06-28T09-57-10-703319-9a42907.ly:72:14: error: cannot find file: `../lh/gp-01-lh-23.ly'
(search path: `/tmp/tmpxajqvmxn:/home/user/GitHub/Artyfyshall-Bird/code-implementation:/usr/share/lilypond/2.22.1/ly:/usr/share/lilypond/2.22.1/ps:/usr/share/lilypond/2.22.1/scm:/usr/share/lilypond/2.22.1/fonts/otf/:/usr/share/lilypond/2.22.1/fonts/type1/:/usr/share/lilypond/2.22.1/fonts/svg/:')
    \include 
             "../lh/gp-01-lh-23.ly"
/tmp/tmpxajqvmxn/2024-06-28T09-57-10-703319-9a42907.ly:73:14: error: cannot find file: `../lh/gp-01-lh-168.ly'
(search path: `/tmp/tmpxajqvmxn:/home/user/GitHub/Artyfyshall-Bird/code-implementation:/usr/share/lilypond/2.22.1/ly:/usr/share/lilypond/2.22.1/ps:/usr/share/lilypond/2.22.1/scm:/usr/share/lilypond/2.22.1/fonts/otf/:/usr/share/lilypond/2.22.1/fonts/type1/:/usr/share/lilypond/2.22.1/fonts/svg/:')
    \include 
             "../lh/gp-01-lh-168.ly"
/tmp/tmpxajqvmxn/2024-06-28T09-57-10-703319-9a42907.ly:74:14: error: cannot find file: `../lh/gp-01-lh-189.ly'
(search path: `/tmp/tmpxajqvmxn:/home/user/GitHub/Artyfyshall-Bird/code-implementation:/usr/share/lilypond/2.22.1/ly:/usr/share/lilypond/2.22.1/ps:/usr/share/lilypond/2.22.1/scm:/usr/share/lilypond/2.22.1/fonts/otf/:/usr/share/lilypond/2.22.1/fonts/type1/:/usr/share/lilypond/2.22.1/fonts/svg/:')
    \include 
             "../lh/gp-01-lh-189.ly"
/tmp/tmpxajqvmxn/2024-06-28T09-57-10-703319-9a42907.ly:75:14: error: cannot find file: `../lh/gp-01-lh-66.ly'
(search path: `/tmp/tmpxajqvmxn:/home/user/GitHub/Artyfyshall-Bird/code-implementation:/usr/share/lilypond/2.22.1/ly:/usr/share/lilypond/2.22.1/ps:/usr/share/lilypond/2.22.1/scm:/usr/share/lilypond/2.22.1/fonts/otf/:/usr/share/lilypond/2.22.1/fonts/type1/:/usr/share/lilypond/2.22.1/fonts/svg/:')
    \include 
             "../lh/gp-01-lh-66.ly"
/tmp/tmpxajqvmxn/2024-06-28T09-57-10-703319-9a42907.ly:76:14: error: cannot find file: `../lh/gp-01-lh-20.ly'
(search path: `/tmp/tmpxajqvmxn:/home/user/GitHub/Artyfyshall-Bird/code-implementation:/usr/share/lilypond/2.22.1/ly:/usr/share/lilypond/2.22.1/ps:/usr/share/lilypond/2.22.1/scm:/usr/share/lilypond/2.22.1/fonts/otf/:/usr/share/lilypond/2.22.1/fonts/type1/:/usr/share/lilypond/2.22.1/fonts/svg/:')
    \include 
             "../lh/gp-01-lh-20.ly"
/tmp/tmpxajqvmxn/2024-06-28T09-57-10-703319-9a42907.ly:77:14: error: cannot find file: `../lh/gp-01-lh-69.ly'
(search path: `/tmp/tmpxajqvmxn:/home/user/GitHub/Artyfyshall-Bird/code-implementation:/usr/share/lilypond/2.22.1/ly:/usr/share/lilypond/2.22.1/ps:/usr/share/lilypond/2.22.1/scm:/usr/share/lilypond/2.22.1/fonts/otf/:/usr/share/lilypond/2.22.1/fonts/type1/:/usr/share/lilypond/2.22.1/fonts/svg/:')
    \include 
             "../lh/gp-01-lh-69.ly"
/tmp/tmpxajqvmxn/2024-06-28T09-57-10-703319-9a42907.ly:82:14: error: cannot find file: `../layout_settings.ly'
(search path: `/tmp/tmpxajqvmxn:/home/user/GitHub/Artyfyshall-Bird/code-implementation:/usr/share/lilypond/2.22.1/ly:/usr/share/lilypond/2.22.1/ps:/usr/share/lilypond/2.22.1/scm:/usr/share/lilypond/2.22.1/fonts/otf/:/usr/share/lilypond/2.22.1/fonts/type1/:/usr/share/lilypond/2.22.1/fonts/svg/:')
    \include 
             "../layout_settings.ly"
/tmp/tmpxajqvmxn/2024-06-28T09-57-10-703319-9a42907.ly:1: warning: no \version statement found, please add

\version "2.22.1"

for future compatibility
Interpreting music...
/tmp/tmpxajqvmxn/2024-06-28T09-57-10-703319-9a42907.ly:8:5: warning: skipping zero-duration score
    
    <<
/tmp/tmpxajqvmxn/2024-06-28T09-57-10-703319-9a42907.ly:8:5: warning: to suppress this, consider adding a spacer rest
    
    <<
fatal error: failed files: "/tmp/tmpxajqvmxn/2024-06-28T09-57-10-703319-9a42907.ly"
