GNU LilyPond 2.22.1
Changing working directory to: `/tmp/tmpmkcjof64'
Processing `/tmp/tmpmkcjof64/2024-06-28T10-19-53-939453-b319e77.ly'
Parsing...
/tmp/tmpmkcjof64/2024-06-28T10-19-53-939453-b319e77.ly:1:10: error: cannot find file: `../paper_settings.ly'
(search path: `/tmp/tmpmkcjof64:/home/user/GitHub/Artyfyshall-Bird/code-implementation:/usr/share/lilypond/2.22.1/ly:/usr/share/lilypond/2.22.1/ps:/usr/share/lilypond/2.22.1/scm:/usr/share/lilypond/2.22.1/fonts/otf/:/usr/share/lilypond/2.22.1/fonts/type1/:/usr/share/lilypond/2.22.1/fonts/svg/:')
\include 
         "../paper_settings.ly" 
/tmp/tmpmkcjof64/2024-06-28T10-19-53-939453-b319e77.ly:13:14: error: cannot find file: `../voice_option.ly'
(search path: `/tmp/tmpmkcjof64:/home/user/GitHub/Artyfyshall-Bird/code-implementation:/usr/share/lilypond/2.22.1/ly:/usr/share/lilypond/2.22.1/ps:/usr/share/lilypond/2.22.1/scm:/usr/share/lilypond/2.22.1/fonts/otf/:/usr/share/lilypond/2.22.1/fonts/type1/:/usr/share/lilypond/2.22.1/fonts/svg/:')
    \include 
             "../voice_option.ly"
/tmp/tmpmkcjof64/2024-06-28T10-19-53-939453-b319e77.ly:14:14: error: cannot find file: `../voice/gp-01-vc-104.ly'
(search path: `/tmp/tmpmkcjof64:/home/user/GitHub/Artyfyshall-Bird/code-implementation:/usr/share/lilypond/2.22.1/ly:/usr/share/lilypond/2.22.1/ps:/usr/share/lilypond/2.22.1/scm:/usr/share/lilypond/2.22.1/fonts/otf/:/usr/share/lilypond/2.22.1/fonts/type1/:/usr/share/lilypond/2.22.1/fonts/svg/:')
    \include 
             "../voice/gp-01-vc-104.ly"
/tmp/tmpmkcjof64/2024-06-28T10-19-53-939453-b319e77.ly:15:14: error: cannot find file: `../voice/gp-01-vc-15.ly'
(search path: `/tmp/tmpmkcjof64:/home/user/GitHub/Artyfyshall-Bird/code-implementation:/usr/share/lilypond/2.22.1/ly:/usr/share/lilypond/2.22.1/ps:/usr/share/lilypond/2.22.1/scm:/usr/share/lilypond/2.22.1/fonts/otf/:/usr/share/lilypond/2.22.1/fonts/type1/:/usr/share/lilypond/2.22.1/fonts/svg/:')
    \include 
             "../voice/gp-01-vc-15.ly"
/tmp/tmpmkcjof64/2024-06-28T10-19-53-939453-b319e77.ly:16:14: error: cannot find file: `../voice/gp-01-vc-18.ly'
(search path: `/tmp/tmpmkcjof64:/home/user/GitHub/Artyfyshall-Bird/code-implementation:/usr/share/lilypond/2.22.1/ly:/usr/share/lilypond/2.22.1/ps:/usr/share/lilypond/2.22.1/scm:/usr/share/lilypond/2.22.1/fonts/otf/:/usr/share/lilypond/2.22.1/fonts/type1/:/usr/share/lilypond/2.22.1/fonts/svg/:')
    \include 
             "../voice/gp-01-vc-18.ly"
/tmp/tmpmkcjof64/2024-06-28T10-19-53-939453-b319e77.ly:17:14: error: cannot find file: `../voice/gp-01-vc-109.ly'
(search path: `/tmp/tmpmkcjof64:/home/user/GitHub/Artyfyshall-Bird/code-implementation:/usr/share/lilypond/2.22.1/ly:/usr/share/lilypond/2.22.1/ps:/usr/share/lilypond/2.22.1/scm:/usr/share/lilypond/2.22.1/fonts/otf/:/usr/share/lilypond/2.22.1/fonts/type1/:/usr/share/lilypond/2.22.1/fonts/svg/:')
    \include 
             "../voice/gp-01-vc-109.ly"
/tmp/tmpmkcjof64/2024-06-28T10-19-53-939453-b319e77.ly:18:14: error: cannot find file: `../voice/gp-01-vc-62.ly'
(search path: `/tmp/tmpmkcjof64:/home/user/GitHub/Artyfyshall-Bird/code-implementation:/usr/share/lilypond/2.22.1/ly:/usr/share/lilypond/2.22.1/ps:/usr/share/lilypond/2.22.1/scm:/usr/share/lilypond/2.22.1/fonts/otf/:/usr/share/lilypond/2.22.1/fonts/type1/:/usr/share/lilypond/2.22.1/fonts/svg/:')
    \include 
             "../voice/gp-01-vc-62.ly"
/tmp/tmpmkcjof64/2024-06-28T10-19-53-939453-b319e77.ly:19:14: error: cannot find file: `../voice/gp-01-vc-86.ly'
(search path: `/tmp/tmpmkcjof64:/home/user/GitHub/Artyfyshall-Bird/code-implementation:/usr/share/lilypond/2.22.1/ly:/usr/share/lilypond/2.22.1/ps:/usr/share/lilypond/2.22.1/scm:/usr/share/lilypond/2.22.1/fonts/otf/:/usr/share/lilypond/2.22.1/fonts/type1/:/usr/share/lilypond/2.22.1/fonts/svg/:')
    \include 
             "../voice/gp-01-vc-86.ly"
/tmp/tmpmkcjof64/2024-06-28T10-19-53-939453-b319e77.ly:20:14: error: cannot find file: `../voice/gp-01-vc-197.ly'
(search path: `/tmp/tmpmkcjof64:/home/user/GitHub/Artyfyshall-Bird/code-implementation:/usr/share/lilypond/2.22.1/ly:/usr/share/lilypond/2.22.1/ps:/usr/share/lilypond/2.22.1/scm:/usr/share/lilypond/2.22.1/fonts/otf/:/usr/share/lilypond/2.22.1/fonts/type1/:/usr/share/lilypond/2.22.1/fonts/svg/:')
    \include 
             "../voice/gp-01-vc-197.ly"
/tmp/tmpmkcjof64/2024-06-28T10-19-53-939453-b319e77.ly:21:14: error: cannot find file: `../voice/gp-01-vc-179.ly'
(search path: `/tmp/tmpmkcjof64:/home/user/GitHub/Artyfyshall-Bird/code-implementation:/usr/share/lilypond/2.22.1/ly:/usr/share/lilypond/2.22.1/ps:/usr/share/lilypond/2.22.1/scm:/usr/share/lilypond/2.22.1/fonts/otf/:/usr/share/lilypond/2.22.1/fonts/type1/:/usr/share/lilypond/2.22.1/fonts/svg/:')
    \include 
             "../voice/gp-01-vc-179.ly"
/tmp/tmpmkcjof64/2024-06-28T10-19-53-939453-b319e77.ly:22:14: error: cannot find file: `../voice/gp-01-vc-135.ly'
(search path: `/tmp/tmpmkcjof64:/home/user/GitHub/Artyfyshall-Bird/code-implementation:/usr/share/lilypond/2.22.1/ly:/usr/share/lilypond/2.22.1/ps:/usr/share/lilypond/2.22.1/scm:/usr/share/lilypond/2.22.1/fonts/otf/:/usr/share/lilypond/2.22.1/fonts/type1/:/usr/share/lilypond/2.22.1/fonts/svg/:')
    \include 
             "../voice/gp-01-vc-135.ly"
/tmp/tmpmkcjof64/2024-06-28T10-19-53-939453-b319e77.ly:23:14: error: cannot find file: `../voice/gp-01-vc-37.ly'
(search path: `/tmp/tmpmkcjof64:/home/user/GitHub/Artyfyshall-Bird/code-implementation:/usr/share/lilypond/2.22.1/ly:/usr/share/lilypond/2.22.1/ps:/usr/share/lilypond/2.22.1/scm:/usr/share/lilypond/2.22.1/fonts/otf/:/usr/share/lilypond/2.22.1/fonts/type1/:/usr/share/lilypond/2.22.1/fonts/svg/:')
    \include 
             "../voice/gp-01-vc-37.ly"
/tmp/tmpmkcjof64/2024-06-28T10-19-53-939453-b319e77.ly:24:14: error: cannot find file: `../voice/gp-01-vc-185.ly'
(search path: `/tmp/tmpmkcjof64:/home/user/GitHub/Artyfyshall-Bird/code-implementation:/usr/share/lilypond/2.22.1/ly:/usr/share/lilypond/2.22.1/ps:/usr/share/lilypond/2.22.1/scm:/usr/share/lilypond/2.22.1/fonts/otf/:/usr/share/lilypond/2.22.1/fonts/type1/:/usr/share/lilypond/2.22.1/fonts/svg/:')
    \include 
             "../voice/gp-01-vc-185.ly"
/tmp/tmpmkcjof64/2024-06-28T10-19-53-939453-b319e77.ly:25:14: error: cannot find file: `../voice/gp-01-vc-97.ly'
(search path: `/tmp/tmpmkcjof64:/home/user/GitHub/Artyfyshall-Bird/code-implementation:/usr/share/lilypond/2.22.1/ly:/usr/share/lilypond/2.22.1/ps:/usr/share/lilypond/2.22.1/scm:/usr/share/lilypond/2.22.1/fonts/otf/:/usr/share/lilypond/2.22.1/fonts/type1/:/usr/share/lilypond/2.22.1/fonts/svg/:')
    \include 
             "../voice/gp-01-vc-97.ly"
/tmp/tmpmkcjof64/2024-06-28T10-19-53-939453-b319e77.ly:26:14: error: cannot find file: `../voice/gp-01-vc-188.ly'
(search path: `/tmp/tmpmkcjof64:/home/user/GitHub/Artyfyshall-Bird/code-implementation:/usr/share/lilypond/2.22.1/ly:/usr/share/lilypond/2.22.1/ps:/usr/share/lilypond/2.22.1/scm:/usr/share/lilypond/2.22.1/fonts/otf/:/usr/share/lilypond/2.22.1/fonts/type1/:/usr/share/lilypond/2.22.1/fonts/svg/:')
    \include 
             "../voice/gp-01-vc-188.ly"
/tmp/tmpmkcjof64/2024-06-28T10-19-53-939453-b319e77.ly:27:14: error: cannot find file: `../voice/gp-01-vc-110.ly'
(search path: `/tmp/tmpmkcjof64:/home/user/GitHub/Artyfyshall-Bird/code-implementation:/usr/share/lilypond/2.22.1/ly:/usr/share/lilypond/2.22.1/ps:/usr/share/lilypond/2.22.1/scm:/usr/share/lilypond/2.22.1/fonts/otf/:/usr/share/lilypond/2.22.1/fonts/type1/:/usr/share/lilypond/2.22.1/fonts/svg/:')
    \include 
             "../voice/gp-01-vc-110.ly"
/tmp/tmpmkcjof64/2024-06-28T10-19-53-939453-b319e77.ly:28:14: error: cannot find file: `../voice/gp-01-vc-84.ly'
(search path: `/tmp/tmpmkcjof64:/home/user/GitHub/Artyfyshall-Bird/code-implementation:/usr/share/lilypond/2.22.1/ly:/usr/share/lilypond/2.22.1/ps:/usr/share/lilypond/2.22.1/scm:/usr/share/lilypond/2.22.1/fonts/otf/:/usr/share/lilypond/2.22.1/fonts/type1/:/usr/share/lilypond/2.22.1/fonts/svg/:')
    \include 
             "../voice/gp-01-vc-84.ly"
/tmp/tmpmkcjof64/2024-06-28T10-19-53-939453-b319e77.ly:29:14: error: cannot find file: `../voice/gp-01-vc-66.ly'
(search path: `/tmp/tmpmkcjof64:/home/user/GitHub/Artyfyshall-Bird/code-implementation:/usr/share/lilypond/2.22.1/ly:/usr/share/lilypond/2.22.1/ps:/usr/share/lilypond/2.22.1/scm:/usr/share/lilypond/2.22.1/fonts/otf/:/usr/share/lilypond/2.22.1/fonts/type1/:/usr/share/lilypond/2.22.1/fonts/svg/:')
    \include 
             "../voice/gp-01-vc-66.ly"
/tmp/tmpmkcjof64/2024-06-28T10-19-53-939453-b319e77.ly:30:14: error: cannot find file: `../voice/gp-01-vc-100.ly'
(search path: `/tmp/tmpmkcjof64:/home/user/GitHub/Artyfyshall-Bird/code-implementation:/usr/share/lilypond/2.22.1/ly:/usr/share/lilypond/2.22.1/ps:/usr/share/lilypond/2.22.1/scm:/usr/share/lilypond/2.22.1/fonts/otf/:/usr/share/lilypond/2.22.1/fonts/type1/:/usr/share/lilypond/2.22.1/fonts/svg/:')
    \include 
             "../voice/gp-01-vc-100.ly"
/tmp/tmpmkcjof64/2024-06-28T10-19-53-939453-b319e77.ly:31:14: error: cannot find file: `../voice/gp-01-vc-61.ly'
(search path: `/tmp/tmpmkcjof64:/home/user/GitHub/Artyfyshall-Bird/code-implementation:/usr/share/lilypond/2.22.1/ly:/usr/share/lilypond/2.22.1/ps:/usr/share/lilypond/2.22.1/scm:/usr/share/lilypond/2.22.1/fonts/otf/:/usr/share/lilypond/2.22.1/fonts/type1/:/usr/share/lilypond/2.22.1/fonts/svg/:')
    \include 
             "../voice/gp-01-vc-61.ly"
/tmp/tmpmkcjof64/2024-06-28T10-19-53-939453-b319e77.ly:38:14: error: cannot find file: `../voice_option.ly'
(search path: `/tmp/tmpmkcjof64:/home/user/GitHub/Artyfyshall-Bird/code-implementation:/usr/share/lilypond/2.22.1/ly:/usr/share/lilypond/2.22.1/ps:/usr/share/lilypond/2.22.1/scm:/usr/share/lilypond/2.22.1/fonts/otf/:/usr/share/lilypond/2.22.1/fonts/type1/:/usr/share/lilypond/2.22.1/fonts/svg/:')
    \include 
             "../voice_option.ly"
/tmp/tmpmkcjof64/2024-06-28T10-19-53-939453-b319e77.ly:39:14: error: cannot find file: `../rh/gp-01-rh-104.ly'
(search path: `/tmp/tmpmkcjof64:/home/user/GitHub/Artyfyshall-Bird/code-implementation:/usr/share/lilypond/2.22.1/ly:/usr/share/lilypond/2.22.1/ps:/usr/share/lilypond/2.22.1/scm:/usr/share/lilypond/2.22.1/fonts/otf/:/usr/share/lilypond/2.22.1/fonts/type1/:/usr/share/lilypond/2.22.1/fonts/svg/:')
    \include 
             "../rh/gp-01-rh-104.ly"
/tmp/tmpmkcjof64/2024-06-28T10-19-53-939453-b319e77.ly:40:14: error: cannot find file: `../rh/gp-01-rh-15.ly'
(search path: `/tmp/tmpmkcjof64:/home/user/GitHub/Artyfyshall-Bird/code-implementation:/usr/share/lilypond/2.22.1/ly:/usr/share/lilypond/2.22.1/ps:/usr/share/lilypond/2.22.1/scm:/usr/share/lilypond/2.22.1/fonts/otf/:/usr/share/lilypond/2.22.1/fonts/type1/:/usr/share/lilypond/2.22.1/fonts/svg/:')
    \include 
             "../rh/gp-01-rh-15.ly"
/tmp/tmpmkcjof64/2024-06-28T10-19-53-939453-b319e77.ly:41:14: error: cannot find file: `../rh/gp-01-rh-18.ly'
(search path: `/tmp/tmpmkcjof64:/home/user/GitHub/Artyfyshall-Bird/code-implementation:/usr/share/lilypond/2.22.1/ly:/usr/share/lilypond/2.22.1/ps:/usr/share/lilypond/2.22.1/scm:/usr/share/lilypond/2.22.1/fonts/otf/:/usr/share/lilypond/2.22.1/fonts/type1/:/usr/share/lilypond/2.22.1/fonts/svg/:')
    \include 
             "../rh/gp-01-rh-18.ly"
/tmp/tmpmkcjof64/2024-06-28T10-19-53-939453-b319e77.ly:42:14: error: cannot find file: `../rh/gp-01-rh-109.ly'
(search path: `/tmp/tmpmkcjof64:/home/user/GitHub/Artyfyshall-Bird/code-implementation:/usr/share/lilypond/2.22.1/ly:/usr/share/lilypond/2.22.1/ps:/usr/share/lilypond/2.22.1/scm:/usr/share/lilypond/2.22.1/fonts/otf/:/usr/share/lilypond/2.22.1/fonts/type1/:/usr/share/lilypond/2.22.1/fonts/svg/:')
    \include 
             "../rh/gp-01-rh-109.ly"
/tmp/tmpmkcjof64/2024-06-28T10-19-53-939453-b319e77.ly:43:14: error: cannot find file: `../rh/gp-01-rh-62.ly'
(search path: `/tmp/tmpmkcjof64:/home/user/GitHub/Artyfyshall-Bird/code-implementation:/usr/share/lilypond/2.22.1/ly:/usr/share/lilypond/2.22.1/ps:/usr/share/lilypond/2.22.1/scm:/usr/share/lilypond/2.22.1/fonts/otf/:/usr/share/lilypond/2.22.1/fonts/type1/:/usr/share/lilypond/2.22.1/fonts/svg/:')
    \include 
             "../rh/gp-01-rh-62.ly"
/tmp/tmpmkcjof64/2024-06-28T10-19-53-939453-b319e77.ly:44:14: error: cannot find file: `../rh/gp-01-rh-86.ly'
(search path: `/tmp/tmpmkcjof64:/home/user/GitHub/Artyfyshall-Bird/code-implementation:/usr/share/lilypond/2.22.1/ly:/usr/share/lilypond/2.22.1/ps:/usr/share/lilypond/2.22.1/scm:/usr/share/lilypond/2.22.1/fonts/otf/:/usr/share/lilypond/2.22.1/fonts/type1/:/usr/share/lilypond/2.22.1/fonts/svg/:')
    \include 
             "../rh/gp-01-rh-86.ly"
/tmp/tmpmkcjof64/2024-06-28T10-19-53-939453-b319e77.ly:45:14: error: cannot find file: `../rh/gp-01-rh-197.ly'
(search path: `/tmp/tmpmkcjof64:/home/user/GitHub/Artyfyshall-Bird/code-implementation:/usr/share/lilypond/2.22.1/ly:/usr/share/lilypond/2.22.1/ps:/usr/share/lilypond/2.22.1/scm:/usr/share/lilypond/2.22.1/fonts/otf/:/usr/share/lilypond/2.22.1/fonts/type1/:/usr/share/lilypond/2.22.1/fonts/svg/:')
    \include 
             "../rh/gp-01-rh-197.ly"
/tmp/tmpmkcjof64/2024-06-28T10-19-53-939453-b319e77.ly:46:14: error: cannot find file: `../rh/gp-01-rh-179.ly'
(search path: `/tmp/tmpmkcjof64:/home/user/GitHub/Artyfyshall-Bird/code-implementation:/usr/share/lilypond/2.22.1/ly:/usr/share/lilypond/2.22.1/ps:/usr/share/lilypond/2.22.1/scm:/usr/share/lilypond/2.22.1/fonts/otf/:/usr/share/lilypond/2.22.1/fonts/type1/:/usr/share/lilypond/2.22.1/fonts/svg/:')
    \include 
             "../rh/gp-01-rh-179.ly"
/tmp/tmpmkcjof64/2024-06-28T10-19-53-939453-b319e77.ly:47:14: error: cannot find file: `../rh/gp-01-rh-135.ly'
(search path: `/tmp/tmpmkcjof64:/home/user/GitHub/Artyfyshall-Bird/code-implementation:/usr/share/lilypond/2.22.1/ly:/usr/share/lilypond/2.22.1/ps:/usr/share/lilypond/2.22.1/scm:/usr/share/lilypond/2.22.1/fonts/otf/:/usr/share/lilypond/2.22.1/fonts/type1/:/usr/share/lilypond/2.22.1/fonts/svg/:')
    \include 
             "../rh/gp-01-rh-135.ly"
/tmp/tmpmkcjof64/2024-06-28T10-19-53-939453-b319e77.ly:48:14: error: cannot find file: `../rh/gp-01-rh-37.ly'
(search path: `/tmp/tmpmkcjof64:/home/user/GitHub/Artyfyshall-Bird/code-implementation:/usr/share/lilypond/2.22.1/ly:/usr/share/lilypond/2.22.1/ps:/usr/share/lilypond/2.22.1/scm:/usr/share/lilypond/2.22.1/fonts/otf/:/usr/share/lilypond/2.22.1/fonts/type1/:/usr/share/lilypond/2.22.1/fonts/svg/:')
    \include 
             "../rh/gp-01-rh-37.ly"
/tmp/tmpmkcjof64/2024-06-28T10-19-53-939453-b319e77.ly:49:14: error: cannot find file: `../rh/gp-01-rh-185.ly'
(search path: `/tmp/tmpmkcjof64:/home/user/GitHub/Artyfyshall-Bird/code-implementation:/usr/share/lilypond/2.22.1/ly:/usr/share/lilypond/2.22.1/ps:/usr/share/lilypond/2.22.1/scm:/usr/share/lilypond/2.22.1/fonts/otf/:/usr/share/lilypond/2.22.1/fonts/type1/:/usr/share/lilypond/2.22.1/fonts/svg/:')
    \include 
             "../rh/gp-01-rh-185.ly"
/tmp/tmpmkcjof64/2024-06-28T10-19-53-939453-b319e77.ly:50:14: error: cannot find file: `../rh/gp-01-rh-97.ly'
(search path: `/tmp/tmpmkcjof64:/home/user/GitHub/Artyfyshall-Bird/code-implementation:/usr/share/lilypond/2.22.1/ly:/usr/share/lilypond/2.22.1/ps:/usr/share/lilypond/2.22.1/scm:/usr/share/lilypond/2.22.1/fonts/otf/:/usr/share/lilypond/2.22.1/fonts/type1/:/usr/share/lilypond/2.22.1/fonts/svg/:')
    \include 
             "../rh/gp-01-rh-97.ly"
/tmp/tmpmkcjof64/2024-06-28T10-19-53-939453-b319e77.ly:51:14: error: cannot find file: `../rh/gp-01-rh-188.ly'
(search path: `/tmp/tmpmkcjof64:/home/user/GitHub/Artyfyshall-Bird/code-implementation:/usr/share/lilypond/2.22.1/ly:/usr/share/lilypond/2.22.1/ps:/usr/share/lilypond/2.22.1/scm:/usr/share/lilypond/2.22.1/fonts/otf/:/usr/share/lilypond/2.22.1/fonts/type1/:/usr/share/lilypond/2.22.1/fonts/svg/:')
    \include 
             "../rh/gp-01-rh-188.ly"
/tmp/tmpmkcjof64/2024-06-28T10-19-53-939453-b319e77.ly:52:14: error: cannot find file: `../rh/gp-01-rh-110.ly'
(search path: `/tmp/tmpmkcjof64:/home/user/GitHub/Artyfyshall-Bird/code-implementation:/usr/share/lilypond/2.22.1/ly:/usr/share/lilypond/2.22.1/ps:/usr/share/lilypond/2.22.1/scm:/usr/share/lilypond/2.22.1/fonts/otf/:/usr/share/lilypond/2.22.1/fonts/type1/:/usr/share/lilypond/2.22.1/fonts/svg/:')
    \include 
             "../rh/gp-01-rh-110.ly"
/tmp/tmpmkcjof64/2024-06-28T10-19-53-939453-b319e77.ly:53:14: error: cannot find file: `../rh/gp-01-rh-84.ly'
(search path: `/tmp/tmpmkcjof64:/home/user/GitHub/Artyfyshall-Bird/code-implementation:/usr/share/lilypond/2.22.1/ly:/usr/share/lilypond/2.22.1/ps:/usr/share/lilypond/2.22.1/scm:/usr/share/lilypond/2.22.1/fonts/otf/:/usr/share/lilypond/2.22.1/fonts/type1/:/usr/share/lilypond/2.22.1/fonts/svg/:')
    \include 
             "../rh/gp-01-rh-84.ly"
/tmp/tmpmkcjof64/2024-06-28T10-19-53-939453-b319e77.ly:54:14: error: cannot find file: `../rh/gp-01-rh-66.ly'
(search path: `/tmp/tmpmkcjof64:/home/user/GitHub/Artyfyshall-Bird/code-implementation:/usr/share/lilypond/2.22.1/ly:/usr/share/lilypond/2.22.1/ps:/usr/share/lilypond/2.22.1/scm:/usr/share/lilypond/2.22.1/fonts/otf/:/usr/share/lilypond/2.22.1/fonts/type1/:/usr/share/lilypond/2.22.1/fonts/svg/:')
    \include 
             "../rh/gp-01-rh-66.ly"
/tmp/tmpmkcjof64/2024-06-28T10-19-53-939453-b319e77.ly:55:14: error: cannot find file: `../rh/gp-01-rh-100.ly'
(search path: `/tmp/tmpmkcjof64:/home/user/GitHub/Artyfyshall-Bird/code-implementation:/usr/share/lilypond/2.22.1/ly:/usr/share/lilypond/2.22.1/ps:/usr/share/lilypond/2.22.1/scm:/usr/share/lilypond/2.22.1/fonts/otf/:/usr/share/lilypond/2.22.1/fonts/type1/:/usr/share/lilypond/2.22.1/fonts/svg/:')
    \include 
             "../rh/gp-01-rh-100.ly"
/tmp/tmpmkcjof64/2024-06-28T10-19-53-939453-b319e77.ly:56:14: error: cannot find file: `../rh/gp-01-rh-61.ly'
(search path: `/tmp/tmpmkcjof64:/home/user/GitHub/Artyfyshall-Bird/code-implementation:/usr/share/lilypond/2.22.1/ly:/usr/share/lilypond/2.22.1/ps:/usr/share/lilypond/2.22.1/scm:/usr/share/lilypond/2.22.1/fonts/otf/:/usr/share/lilypond/2.22.1/fonts/type1/:/usr/share/lilypond/2.22.1/fonts/svg/:')
    \include 
             "../rh/gp-01-rh-61.ly"
/tmp/tmpmkcjof64/2024-06-28T10-19-53-939453-b319e77.ly:59:14: error: cannot find file: `../bassline_option.ly'
(search path: `/tmp/tmpmkcjof64:/home/user/GitHub/Artyfyshall-Bird/code-implementation:/usr/share/lilypond/2.22.1/ly:/usr/share/lilypond/2.22.1/ps:/usr/share/lilypond/2.22.1/scm:/usr/share/lilypond/2.22.1/fonts/otf/:/usr/share/lilypond/2.22.1/fonts/type1/:/usr/share/lilypond/2.22.1/fonts/svg/:')
    \include 
             "../bassline_option.ly"
/tmp/tmpmkcjof64/2024-06-28T10-19-53-939453-b319e77.ly:60:14: error: cannot find file: `../lh/gp-01-lh-104.ly'
(search path: `/tmp/tmpmkcjof64:/home/user/GitHub/Artyfyshall-Bird/code-implementation:/usr/share/lilypond/2.22.1/ly:/usr/share/lilypond/2.22.1/ps:/usr/share/lilypond/2.22.1/scm:/usr/share/lilypond/2.22.1/fonts/otf/:/usr/share/lilypond/2.22.1/fonts/type1/:/usr/share/lilypond/2.22.1/fonts/svg/:')
    \include 
             "../lh/gp-01-lh-104.ly"
/tmp/tmpmkcjof64/2024-06-28T10-19-53-939453-b319e77.ly:61:14: error: cannot find file: `../lh/gp-01-lh-15.ly'
(search path: `/tmp/tmpmkcjof64:/home/user/GitHub/Artyfyshall-Bird/code-implementation:/usr/share/lilypond/2.22.1/ly:/usr/share/lilypond/2.22.1/ps:/usr/share/lilypond/2.22.1/scm:/usr/share/lilypond/2.22.1/fonts/otf/:/usr/share/lilypond/2.22.1/fonts/type1/:/usr/share/lilypond/2.22.1/fonts/svg/:')
    \include 
             "../lh/gp-01-lh-15.ly"
/tmp/tmpmkcjof64/2024-06-28T10-19-53-939453-b319e77.ly:62:14: error: cannot find file: `../lh/gp-01-lh-18.ly'
(search path: `/tmp/tmpmkcjof64:/home/user/GitHub/Artyfyshall-Bird/code-implementation:/usr/share/lilypond/2.22.1/ly:/usr/share/lilypond/2.22.1/ps:/usr/share/lilypond/2.22.1/scm:/usr/share/lilypond/2.22.1/fonts/otf/:/usr/share/lilypond/2.22.1/fonts/type1/:/usr/share/lilypond/2.22.1/fonts/svg/:')
    \include 
             "../lh/gp-01-lh-18.ly"
/tmp/tmpmkcjof64/2024-06-28T10-19-53-939453-b319e77.ly:63:14: error: cannot find file: `../lh/gp-01-lh-109.ly'
(search path: `/tmp/tmpmkcjof64:/home/user/GitHub/Artyfyshall-Bird/code-implementation:/usr/share/lilypond/2.22.1/ly:/usr/share/lilypond/2.22.1/ps:/usr/share/lilypond/2.22.1/scm:/usr/share/lilypond/2.22.1/fonts/otf/:/usr/share/lilypond/2.22.1/fonts/type1/:/usr/share/lilypond/2.22.1/fonts/svg/:')
    \include 
             "../lh/gp-01-lh-109.ly"
/tmp/tmpmkcjof64/2024-06-28T10-19-53-939453-b319e77.ly:64:14: error: cannot find file: `../lh/gp-01-lh-62.ly'
(search path: `/tmp/tmpmkcjof64:/home/user/GitHub/Artyfyshall-Bird/code-implementation:/usr/share/lilypond/2.22.1/ly:/usr/share/lilypond/2.22.1/ps:/usr/share/lilypond/2.22.1/scm:/usr/share/lilypond/2.22.1/fonts/otf/:/usr/share/lilypond/2.22.1/fonts/type1/:/usr/share/lilypond/2.22.1/fonts/svg/:')
    \include 
             "../lh/gp-01-lh-62.ly"
/tmp/tmpmkcjof64/2024-06-28T10-19-53-939453-b319e77.ly:65:14: error: cannot find file: `../lh/gp-01-lh-86.ly'
(search path: `/tmp/tmpmkcjof64:/home/user/GitHub/Artyfyshall-Bird/code-implementation:/usr/share/lilypond/2.22.1/ly:/usr/share/lilypond/2.22.1/ps:/usr/share/lilypond/2.22.1/scm:/usr/share/lilypond/2.22.1/fonts/otf/:/usr/share/lilypond/2.22.1/fonts/type1/:/usr/share/lilypond/2.22.1/fonts/svg/:')
    \include 
             "../lh/gp-01-lh-86.ly"
/tmp/tmpmkcjof64/2024-06-28T10-19-53-939453-b319e77.ly:66:14: error: cannot find file: `../lh/gp-01-lh-197.ly'
(search path: `/tmp/tmpmkcjof64:/home/user/GitHub/Artyfyshall-Bird/code-implementation:/usr/share/lilypond/2.22.1/ly:/usr/share/lilypond/2.22.1/ps:/usr/share/lilypond/2.22.1/scm:/usr/share/lilypond/2.22.1/fonts/otf/:/usr/share/lilypond/2.22.1/fonts/type1/:/usr/share/lilypond/2.22.1/fonts/svg/:')
    \include 
             "../lh/gp-01-lh-197.ly"
/tmp/tmpmkcjof64/2024-06-28T10-19-53-939453-b319e77.ly:67:14: error: cannot find file: `../lh/gp-01-lh-179.ly'
(search path: `/tmp/tmpmkcjof64:/home/user/GitHub/Artyfyshall-Bird/code-implementation:/usr/share/lilypond/2.22.1/ly:/usr/share/lilypond/2.22.1/ps:/usr/share/lilypond/2.22.1/scm:/usr/share/lilypond/2.22.1/fonts/otf/:/usr/share/lilypond/2.22.1/fonts/type1/:/usr/share/lilypond/2.22.1/fonts/svg/:')
    \include 
             "../lh/gp-01-lh-179.ly"
/tmp/tmpmkcjof64/2024-06-28T10-19-53-939453-b319e77.ly:68:14: error: cannot find file: `../lh/gp-01-lh-135.ly'
(search path: `/tmp/tmpmkcjof64:/home/user/GitHub/Artyfyshall-Bird/code-implementation:/usr/share/lilypond/2.22.1/ly:/usr/share/lilypond/2.22.1/ps:/usr/share/lilypond/2.22.1/scm:/usr/share/lilypond/2.22.1/fonts/otf/:/usr/share/lilypond/2.22.1/fonts/type1/:/usr/share/lilypond/2.22.1/fonts/svg/:')
    \include 
             "../lh/gp-01-lh-135.ly"
/tmp/tmpmkcjof64/2024-06-28T10-19-53-939453-b319e77.ly:69:14: error: cannot find file: `../lh/gp-01-lh-37.ly'
(search path: `/tmp/tmpmkcjof64:/home/user/GitHub/Artyfyshall-Bird/code-implementation:/usr/share/lilypond/2.22.1/ly:/usr/share/lilypond/2.22.1/ps:/usr/share/lilypond/2.22.1/scm:/usr/share/lilypond/2.22.1/fonts/otf/:/usr/share/lilypond/2.22.1/fonts/type1/:/usr/share/lilypond/2.22.1/fonts/svg/:')
    \include 
             "../lh/gp-01-lh-37.ly"
/tmp/tmpmkcjof64/2024-06-28T10-19-53-939453-b319e77.ly:70:14: error: cannot find file: `../lh/gp-01-lh-185.ly'
(search path: `/tmp/tmpmkcjof64:/home/user/GitHub/Artyfyshall-Bird/code-implementation:/usr/share/lilypond/2.22.1/ly:/usr/share/lilypond/2.22.1/ps:/usr/share/lilypond/2.22.1/scm:/usr/share/lilypond/2.22.1/fonts/otf/:/usr/share/lilypond/2.22.1/fonts/type1/:/usr/share/lilypond/2.22.1/fonts/svg/:')
    \include 
             "../lh/gp-01-lh-185.ly"
/tmp/tmpmkcjof64/2024-06-28T10-19-53-939453-b319e77.ly:71:14: error: cannot find file: `../lh/gp-01-lh-97.ly'
(search path: `/tmp/tmpmkcjof64:/home/user/GitHub/Artyfyshall-Bird/code-implementation:/usr/share/lilypond/2.22.1/ly:/usr/share/lilypond/2.22.1/ps:/usr/share/lilypond/2.22.1/scm:/usr/share/lilypond/2.22.1/fonts/otf/:/usr/share/lilypond/2.22.1/fonts/type1/:/usr/share/lilypond/2.22.1/fonts/svg/:')
    \include 
             "../lh/gp-01-lh-97.ly"
/tmp/tmpmkcjof64/2024-06-28T10-19-53-939453-b319e77.ly:72:14: error: cannot find file: `../lh/gp-01-lh-188.ly'
(search path: `/tmp/tmpmkcjof64:/home/user/GitHub/Artyfyshall-Bird/code-implementation:/usr/share/lilypond/2.22.1/ly:/usr/share/lilypond/2.22.1/ps:/usr/share/lilypond/2.22.1/scm:/usr/share/lilypond/2.22.1/fonts/otf/:/usr/share/lilypond/2.22.1/fonts/type1/:/usr/share/lilypond/2.22.1/fonts/svg/:')
    \include 
             "../lh/gp-01-lh-188.ly"
/tmp/tmpmkcjof64/2024-06-28T10-19-53-939453-b319e77.ly:73:14: error: cannot find file: `../lh/gp-01-lh-110.ly'
(search path: `/tmp/tmpmkcjof64:/home/user/GitHub/Artyfyshall-Bird/code-implementation:/usr/share/lilypond/2.22.1/ly:/usr/share/lilypond/2.22.1/ps:/usr/share/lilypond/2.22.1/scm:/usr/share/lilypond/2.22.1/fonts/otf/:/usr/share/lilypond/2.22.1/fonts/type1/:/usr/share/lilypond/2.22.1/fonts/svg/:')
    \include 
             "../lh/gp-01-lh-110.ly"
/tmp/tmpmkcjof64/2024-06-28T10-19-53-939453-b319e77.ly:74:14: error: cannot find file: `../lh/gp-01-lh-84.ly'
(search path: `/tmp/tmpmkcjof64:/home/user/GitHub/Artyfyshall-Bird/code-implementation:/usr/share/lilypond/2.22.1/ly:/usr/share/lilypond/2.22.1/ps:/usr/share/lilypond/2.22.1/scm:/usr/share/lilypond/2.22.1/fonts/otf/:/usr/share/lilypond/2.22.1/fonts/type1/:/usr/share/lilypond/2.22.1/fonts/svg/:')
    \include 
             "../lh/gp-01-lh-84.ly"
/tmp/tmpmkcjof64/2024-06-28T10-19-53-939453-b319e77.ly:75:14: error: cannot find file: `../lh/gp-01-lh-66.ly'
(search path: `/tmp/tmpmkcjof64:/home/user/GitHub/Artyfyshall-Bird/code-implementation:/usr/share/lilypond/2.22.1/ly:/usr/share/lilypond/2.22.1/ps:/usr/share/lilypond/2.22.1/scm:/usr/share/lilypond/2.22.1/fonts/otf/:/usr/share/lilypond/2.22.1/fonts/type1/:/usr/share/lilypond/2.22.1/fonts/svg/:')
    \include 
             "../lh/gp-01-lh-66.ly"
/tmp/tmpmkcjof64/2024-06-28T10-19-53-939453-b319e77.ly:76:14: error: cannot find file: `../lh/gp-01-lh-100.ly'
(search path: `/tmp/tmpmkcjof64:/home/user/GitHub/Artyfyshall-Bird/code-implementation:/usr/share/lilypond/2.22.1/ly:/usr/share/lilypond/2.22.1/ps:/usr/share/lilypond/2.22.1/scm:/usr/share/lilypond/2.22.1/fonts/otf/:/usr/share/lilypond/2.22.1/fonts/type1/:/usr/share/lilypond/2.22.1/fonts/svg/:')
    \include 
             "../lh/gp-01-lh-100.ly"
/tmp/tmpmkcjof64/2024-06-28T10-19-53-939453-b319e77.ly:77:14: error: cannot find file: `../lh/gp-01-lh-61.ly'
(search path: `/tmp/tmpmkcjof64:/home/user/GitHub/Artyfyshall-Bird/code-implementation:/usr/share/lilypond/2.22.1/ly:/usr/share/lilypond/2.22.1/ps:/usr/share/lilypond/2.22.1/scm:/usr/share/lilypond/2.22.1/fonts/otf/:/usr/share/lilypond/2.22.1/fonts/type1/:/usr/share/lilypond/2.22.1/fonts/svg/:')
    \include 
             "../lh/gp-01-lh-61.ly"
/tmp/tmpmkcjof64/2024-06-28T10-19-53-939453-b319e77.ly:82:14: error: cannot find file: `../layout_settings.ly'
(search path: `/tmp/tmpmkcjof64:/home/user/GitHub/Artyfyshall-Bird/code-implementation:/usr/share/lilypond/2.22.1/ly:/usr/share/lilypond/2.22.1/ps:/usr/share/lilypond/2.22.1/scm:/usr/share/lilypond/2.22.1/fonts/otf/:/usr/share/lilypond/2.22.1/fonts/type1/:/usr/share/lilypond/2.22.1/fonts/svg/:')
    \include 
             "../layout_settings.ly"
/tmp/tmpmkcjof64/2024-06-28T10-19-53-939453-b319e77.ly:1: warning: no \version statement found, please add

\version "2.22.1"

for future compatibility
Interpreting music...
/tmp/tmpmkcjof64/2024-06-28T10-19-53-939453-b319e77.ly:8:5: warning: skipping zero-duration score
    
    <<
/tmp/tmpmkcjof64/2024-06-28T10-19-53-939453-b319e77.ly:8:5: warning: to suppress this, consider adding a spacer rest
    
    <<
fatal error: failed files: "/tmp/tmpmkcjof64/2024-06-28T10-19-53-939453-b319e77.ly"
