GNU LilyPond 2.22.1
Changing working directory to: `/tmp/tmp5affo3tf'
Processing `/tmp/tmp5affo3tf/2024-03-11T14-55-08-369450-fa118d0.ly'
Parsing...
/tmp/tmp5affo3tf/2024-03-11T14-55-08-369450-fa118d0.ly:1:10: error: cannot find file: `../paper_settings.ly'
(search path: `/tmp/tmp5affo3tf:/home/user/Documents/Resounding-Libraries/Un musico meccanico - Prehistory AI/python-code:/usr/share/lilypond/2.22.1/ly:/usr/share/lilypond/2.22.1/ps:/usr/share/lilypond/2.22.1/scm:/usr/share/lilypond/2.22.1/fonts/otf/:/usr/share/lilypond/2.22.1/fonts/type1/:/usr/share/lilypond/2.22.1/fonts/svg/:')
\include 
         "../paper_settings.ly" 
/tmp/tmp5affo3tf/2024-03-11T14-55-08-369450-fa118d0.ly:13:14: error: cannot find file: `../voice_option.ly'
(search path: `/tmp/tmp5affo3tf:/home/user/Documents/Resounding-Libraries/Un musico meccanico - Prehistory AI/python-code:/usr/share/lilypond/2.22.1/ly:/usr/share/lilypond/2.22.1/ps:/usr/share/lilypond/2.22.1/scm:/usr/share/lilypond/2.22.1/fonts/otf/:/usr/share/lilypond/2.22.1/fonts/type1/:/usr/share/lilypond/2.22.1/fonts/svg/:')
    \include 
             "../voice_option.ly"
/tmp/tmp5affo3tf/2024-03-11T14-55-08-369450-fa118d0.ly:14:14: error: cannot find file: `../voice/gp-01-vc-81.ly'
(search path: `/tmp/tmp5affo3tf:/home/user/Documents/Resounding-Libraries/Un musico meccanico - Prehistory AI/python-code:/usr/share/lilypond/2.22.1/ly:/usr/share/lilypond/2.22.1/ps:/usr/share/lilypond/2.22.1/scm:/usr/share/lilypond/2.22.1/fonts/otf/:/usr/share/lilypond/2.22.1/fonts/type1/:/usr/share/lilypond/2.22.1/fonts/svg/:')
    \include 
             "../voice/gp-01-vc-81.ly"
/tmp/tmp5affo3tf/2024-03-11T14-55-08-369450-fa118d0.ly:15:14: error: cannot find file: `../voice/gp-01-vc-34.ly'
(search path: `/tmp/tmp5affo3tf:/home/user/Documents/Resounding-Libraries/Un musico meccanico - Prehistory AI/python-code:/usr/share/lilypond/2.22.1/ly:/usr/share/lilypond/2.22.1/ps:/usr/share/lilypond/2.22.1/scm:/usr/share/lilypond/2.22.1/fonts/otf/:/usr/share/lilypond/2.22.1/fonts/type1/:/usr/share/lilypond/2.22.1/fonts/svg/:')
    \include 
             "../voice/gp-01-vc-34.ly"
/tmp/tmp5affo3tf/2024-03-11T14-55-08-369450-fa118d0.ly:16:14: error: cannot find file: `../voice/gp-01-vc-111.ly'
(search path: `/tmp/tmp5affo3tf:/home/user/Documents/Resounding-Libraries/Un musico meccanico - Prehistory AI/python-code:/usr/share/lilypond/2.22.1/ly:/usr/share/lilypond/2.22.1/ps:/usr/share/lilypond/2.22.1/scm:/usr/share/lilypond/2.22.1/fonts/otf/:/usr/share/lilypond/2.22.1/fonts/type1/:/usr/share/lilypond/2.22.1/fonts/svg/:')
    \include 
             "../voice/gp-01-vc-111.ly"
/tmp/tmp5affo3tf/2024-03-11T14-55-08-369450-fa118d0.ly:17:14: error: cannot find file: `../voice/gp-01-vc-137.ly'
(search path: `/tmp/tmp5affo3tf:/home/user/Documents/Resounding-Libraries/Un musico meccanico - Prehistory AI/python-code:/usr/share/lilypond/2.22.1/ly:/usr/share/lilypond/2.22.1/ps:/usr/share/lilypond/2.22.1/scm:/usr/share/lilypond/2.22.1/fonts/otf/:/usr/share/lilypond/2.22.1/fonts/type1/:/usr/share/lilypond/2.22.1/fonts/svg/:')
    \include 
             "../voice/gp-01-vc-137.ly"
/tmp/tmp5affo3tf/2024-03-11T14-55-08-369450-fa118d0.ly:18:14: error: cannot find file: `../voice/gp-01-vc-96.ly'
(search path: `/tmp/tmp5affo3tf:/home/user/Documents/Resounding-Libraries/Un musico meccanico - Prehistory AI/python-code:/usr/share/lilypond/2.22.1/ly:/usr/share/lilypond/2.22.1/ps:/usr/share/lilypond/2.22.1/scm:/usr/share/lilypond/2.22.1/fonts/otf/:/usr/share/lilypond/2.22.1/fonts/type1/:/usr/share/lilypond/2.22.1/fonts/svg/:')
    \include 
             "../voice/gp-01-vc-96.ly"
/tmp/tmp5affo3tf/2024-03-11T14-55-08-369450-fa118d0.ly:19:14: error: cannot find file: `../voice/gp-01-vc-56.ly'
(search path: `/tmp/tmp5affo3tf:/home/user/Documents/Resounding-Libraries/Un musico meccanico - Prehistory AI/python-code:/usr/share/lilypond/2.22.1/ly:/usr/share/lilypond/2.22.1/ps:/usr/share/lilypond/2.22.1/scm:/usr/share/lilypond/2.22.1/fonts/otf/:/usr/share/lilypond/2.22.1/fonts/type1/:/usr/share/lilypond/2.22.1/fonts/svg/:')
    \include 
             "../voice/gp-01-vc-56.ly"
/tmp/tmp5affo3tf/2024-03-11T14-55-08-369450-fa118d0.ly:20:14: error: cannot find file: `../voice/gp-01-vc-78.ly'
(search path: `/tmp/tmp5affo3tf:/home/user/Documents/Resounding-Libraries/Un musico meccanico - Prehistory AI/python-code:/usr/share/lilypond/2.22.1/ly:/usr/share/lilypond/2.22.1/ps:/usr/share/lilypond/2.22.1/scm:/usr/share/lilypond/2.22.1/fonts/otf/:/usr/share/lilypond/2.22.1/fonts/type1/:/usr/share/lilypond/2.22.1/fonts/svg/:')
    \include 
             "../voice/gp-01-vc-78.ly"
/tmp/tmp5affo3tf/2024-03-11T14-55-08-369450-fa118d0.ly:21:14: error: cannot find file: `../voice/gp-01-vc-143.ly'
(search path: `/tmp/tmp5affo3tf:/home/user/Documents/Resounding-Libraries/Un musico meccanico - Prehistory AI/python-code:/usr/share/lilypond/2.22.1/ly:/usr/share/lilypond/2.22.1/ps:/usr/share/lilypond/2.22.1/scm:/usr/share/lilypond/2.22.1/fonts/otf/:/usr/share/lilypond/2.22.1/fonts/type1/:/usr/share/lilypond/2.22.1/fonts/svg/:')
    \include 
             "../voice/gp-01-vc-143.ly"
/tmp/tmp5affo3tf/2024-03-11T14-55-08-369450-fa118d0.ly:22:14: error: cannot find file: `../voice/gp-01-vc-176.ly'
(search path: `/tmp/tmp5affo3tf:/home/user/Documents/Resounding-Libraries/Un musico meccanico - Prehistory AI/python-code:/usr/share/lilypond/2.22.1/ly:/usr/share/lilypond/2.22.1/ps:/usr/share/lilypond/2.22.1/scm:/usr/share/lilypond/2.22.1/fonts/otf/:/usr/share/lilypond/2.22.1/fonts/type1/:/usr/share/lilypond/2.22.1/fonts/svg/:')
    \include 
             "../voice/gp-01-vc-176.ly"
/tmp/tmp5affo3tf/2024-03-11T14-55-08-369450-fa118d0.ly:23:14: error: cannot find file: `../voice/gp-01-vc-99.ly'
(search path: `/tmp/tmp5affo3tf:/home/user/Documents/Resounding-Libraries/Un musico meccanico - Prehistory AI/python-code:/usr/share/lilypond/2.22.1/ly:/usr/share/lilypond/2.22.1/ps:/usr/share/lilypond/2.22.1/scm:/usr/share/lilypond/2.22.1/fonts/otf/:/usr/share/lilypond/2.22.1/fonts/type1/:/usr/share/lilypond/2.22.1/fonts/svg/:')
    \include 
             "../voice/gp-01-vc-99.ly"
/tmp/tmp5affo3tf/2024-03-11T14-55-08-369450-fa118d0.ly:30:14: error: cannot find file: `../voice_option.ly'
(search path: `/tmp/tmp5affo3tf:/home/user/Documents/Resounding-Libraries/Un musico meccanico - Prehistory AI/python-code:/usr/share/lilypond/2.22.1/ly:/usr/share/lilypond/2.22.1/ps:/usr/share/lilypond/2.22.1/scm:/usr/share/lilypond/2.22.1/fonts/otf/:/usr/share/lilypond/2.22.1/fonts/type1/:/usr/share/lilypond/2.22.1/fonts/svg/:')
    \include 
             "../voice_option.ly"
/tmp/tmp5affo3tf/2024-03-11T14-55-08-369450-fa118d0.ly:31:14: error: cannot find file: `../rh/gp-01-rh-81.ly'
(search path: `/tmp/tmp5affo3tf:/home/user/Documents/Resounding-Libraries/Un musico meccanico - Prehistory AI/python-code:/usr/share/lilypond/2.22.1/ly:/usr/share/lilypond/2.22.1/ps:/usr/share/lilypond/2.22.1/scm:/usr/share/lilypond/2.22.1/fonts/otf/:/usr/share/lilypond/2.22.1/fonts/type1/:/usr/share/lilypond/2.22.1/fonts/svg/:')
    \include 
             "../rh/gp-01-rh-81.ly"
/tmp/tmp5affo3tf/2024-03-11T14-55-08-369450-fa118d0.ly:32:14: error: cannot find file: `../rh/gp-01-rh-34.ly'
(search path: `/tmp/tmp5affo3tf:/home/user/Documents/Resounding-Libraries/Un musico meccanico - Prehistory AI/python-code:/usr/share/lilypond/2.22.1/ly:/usr/share/lilypond/2.22.1/ps:/usr/share/lilypond/2.22.1/scm:/usr/share/lilypond/2.22.1/fonts/otf/:/usr/share/lilypond/2.22.1/fonts/type1/:/usr/share/lilypond/2.22.1/fonts/svg/:')
    \include 
             "../rh/gp-01-rh-34.ly"
/tmp/tmp5affo3tf/2024-03-11T14-55-08-369450-fa118d0.ly:33:14: error: cannot find file: `../rh/gp-01-rh-111.ly'
(search path: `/tmp/tmp5affo3tf:/home/user/Documents/Resounding-Libraries/Un musico meccanico - Prehistory AI/python-code:/usr/share/lilypond/2.22.1/ly:/usr/share/lilypond/2.22.1/ps:/usr/share/lilypond/2.22.1/scm:/usr/share/lilypond/2.22.1/fonts/otf/:/usr/share/lilypond/2.22.1/fonts/type1/:/usr/share/lilypond/2.22.1/fonts/svg/:')
    \include 
             "../rh/gp-01-rh-111.ly"
/tmp/tmp5affo3tf/2024-03-11T14-55-08-369450-fa118d0.ly:34:14: error: cannot find file: `../rh/gp-01-rh-137.ly'
(search path: `/tmp/tmp5affo3tf:/home/user/Documents/Resounding-Libraries/Un musico meccanico - Prehistory AI/python-code:/usr/share/lilypond/2.22.1/ly:/usr/share/lilypond/2.22.1/ps:/usr/share/lilypond/2.22.1/scm:/usr/share/lilypond/2.22.1/fonts/otf/:/usr/share/lilypond/2.22.1/fonts/type1/:/usr/share/lilypond/2.22.1/fonts/svg/:')
    \include 
             "../rh/gp-01-rh-137.ly"
/tmp/tmp5affo3tf/2024-03-11T14-55-08-369450-fa118d0.ly:35:14: error: cannot find file: `../rh/gp-01-rh-96.ly'
(search path: `/tmp/tmp5affo3tf:/home/user/Documents/Resounding-Libraries/Un musico meccanico - Prehistory AI/python-code:/usr/share/lilypond/2.22.1/ly:/usr/share/lilypond/2.22.1/ps:/usr/share/lilypond/2.22.1/scm:/usr/share/lilypond/2.22.1/fonts/otf/:/usr/share/lilypond/2.22.1/fonts/type1/:/usr/share/lilypond/2.22.1/fonts/svg/:')
    \include 
             "../rh/gp-01-rh-96.ly"
/tmp/tmp5affo3tf/2024-03-11T14-55-08-369450-fa118d0.ly:36:14: error: cannot find file: `../rh/gp-01-rh-56.ly'
(search path: `/tmp/tmp5affo3tf:/home/user/Documents/Resounding-Libraries/Un musico meccanico - Prehistory AI/python-code:/usr/share/lilypond/2.22.1/ly:/usr/share/lilypond/2.22.1/ps:/usr/share/lilypond/2.22.1/scm:/usr/share/lilypond/2.22.1/fonts/otf/:/usr/share/lilypond/2.22.1/fonts/type1/:/usr/share/lilypond/2.22.1/fonts/svg/:')
    \include 
             "../rh/gp-01-rh-56.ly"
/tmp/tmp5affo3tf/2024-03-11T14-55-08-369450-fa118d0.ly:37:14: error: cannot find file: `../rh/gp-01-rh-78.ly'
(search path: `/tmp/tmp5affo3tf:/home/user/Documents/Resounding-Libraries/Un musico meccanico - Prehistory AI/python-code:/usr/share/lilypond/2.22.1/ly:/usr/share/lilypond/2.22.1/ps:/usr/share/lilypond/2.22.1/scm:/usr/share/lilypond/2.22.1/fonts/otf/:/usr/share/lilypond/2.22.1/fonts/type1/:/usr/share/lilypond/2.22.1/fonts/svg/:')
    \include 
             "../rh/gp-01-rh-78.ly"
/tmp/tmp5affo3tf/2024-03-11T14-55-08-369450-fa118d0.ly:38:14: error: cannot find file: `../rh/gp-01-rh-143.ly'
(search path: `/tmp/tmp5affo3tf:/home/user/Documents/Resounding-Libraries/Un musico meccanico - Prehistory AI/python-code:/usr/share/lilypond/2.22.1/ly:/usr/share/lilypond/2.22.1/ps:/usr/share/lilypond/2.22.1/scm:/usr/share/lilypond/2.22.1/fonts/otf/:/usr/share/lilypond/2.22.1/fonts/type1/:/usr/share/lilypond/2.22.1/fonts/svg/:')
    \include 
             "../rh/gp-01-rh-143.ly"
/tmp/tmp5affo3tf/2024-03-11T14-55-08-369450-fa118d0.ly:39:14: error: cannot find file: `../rh/gp-01-rh-176.ly'
(search path: `/tmp/tmp5affo3tf:/home/user/Documents/Resounding-Libraries/Un musico meccanico - Prehistory AI/python-code:/usr/share/lilypond/2.22.1/ly:/usr/share/lilypond/2.22.1/ps:/usr/share/lilypond/2.22.1/scm:/usr/share/lilypond/2.22.1/fonts/otf/:/usr/share/lilypond/2.22.1/fonts/type1/:/usr/share/lilypond/2.22.1/fonts/svg/:')
    \include 
             "../rh/gp-01-rh-176.ly"
/tmp/tmp5affo3tf/2024-03-11T14-55-08-369450-fa118d0.ly:40:14: error: cannot find file: `../rh/gp-01-rh-99.ly'
(search path: `/tmp/tmp5affo3tf:/home/user/Documents/Resounding-Libraries/Un musico meccanico - Prehistory AI/python-code:/usr/share/lilypond/2.22.1/ly:/usr/share/lilypond/2.22.1/ps:/usr/share/lilypond/2.22.1/scm:/usr/share/lilypond/2.22.1/fonts/otf/:/usr/share/lilypond/2.22.1/fonts/type1/:/usr/share/lilypond/2.22.1/fonts/svg/:')
    \include 
             "../rh/gp-01-rh-99.ly"
/tmp/tmp5affo3tf/2024-03-11T14-55-08-369450-fa118d0.ly:43:14: error: cannot find file: `../bassline_option.ly'
(search path: `/tmp/tmp5affo3tf:/home/user/Documents/Resounding-Libraries/Un musico meccanico - Prehistory AI/python-code:/usr/share/lilypond/2.22.1/ly:/usr/share/lilypond/2.22.1/ps:/usr/share/lilypond/2.22.1/scm:/usr/share/lilypond/2.22.1/fonts/otf/:/usr/share/lilypond/2.22.1/fonts/type1/:/usr/share/lilypond/2.22.1/fonts/svg/:')
    \include 
             "../bassline_option.ly"
/tmp/tmp5affo3tf/2024-03-11T14-55-08-369450-fa118d0.ly:44:14: error: cannot find file: `../lh/gp-01-lh-81.ly'
(search path: `/tmp/tmp5affo3tf:/home/user/Documents/Resounding-Libraries/Un musico meccanico - Prehistory AI/python-code:/usr/share/lilypond/2.22.1/ly:/usr/share/lilypond/2.22.1/ps:/usr/share/lilypond/2.22.1/scm:/usr/share/lilypond/2.22.1/fonts/otf/:/usr/share/lilypond/2.22.1/fonts/type1/:/usr/share/lilypond/2.22.1/fonts/svg/:')
    \include 
             "../lh/gp-01-lh-81.ly"
/tmp/tmp5affo3tf/2024-03-11T14-55-08-369450-fa118d0.ly:45:14: error: cannot find file: `../lh/gp-01-lh-34.ly'
(search path: `/tmp/tmp5affo3tf:/home/user/Documents/Resounding-Libraries/Un musico meccanico - Prehistory AI/python-code:/usr/share/lilypond/2.22.1/ly:/usr/share/lilypond/2.22.1/ps:/usr/share/lilypond/2.22.1/scm:/usr/share/lilypond/2.22.1/fonts/otf/:/usr/share/lilypond/2.22.1/fonts/type1/:/usr/share/lilypond/2.22.1/fonts/svg/:')
    \include 
             "../lh/gp-01-lh-34.ly"
/tmp/tmp5affo3tf/2024-03-11T14-55-08-369450-fa118d0.ly:46:14: error: cannot find file: `../lh/gp-01-lh-111.ly'
(search path: `/tmp/tmp5affo3tf:/home/user/Documents/Resounding-Libraries/Un musico meccanico - Prehistory AI/python-code:/usr/share/lilypond/2.22.1/ly:/usr/share/lilypond/2.22.1/ps:/usr/share/lilypond/2.22.1/scm:/usr/share/lilypond/2.22.1/fonts/otf/:/usr/share/lilypond/2.22.1/fonts/type1/:/usr/share/lilypond/2.22.1/fonts/svg/:')
    \include 
             "../lh/gp-01-lh-111.ly"
/tmp/tmp5affo3tf/2024-03-11T14-55-08-369450-fa118d0.ly:47:14: error: cannot find file: `../lh/gp-01-lh-137.ly'
(search path: `/tmp/tmp5affo3tf:/home/user/Documents/Resounding-Libraries/Un musico meccanico - Prehistory AI/python-code:/usr/share/lilypond/2.22.1/ly:/usr/share/lilypond/2.22.1/ps:/usr/share/lilypond/2.22.1/scm:/usr/share/lilypond/2.22.1/fonts/otf/:/usr/share/lilypond/2.22.1/fonts/type1/:/usr/share/lilypond/2.22.1/fonts/svg/:')
    \include 
             "../lh/gp-01-lh-137.ly"
/tmp/tmp5affo3tf/2024-03-11T14-55-08-369450-fa118d0.ly:48:14: error: cannot find file: `../lh/gp-01-lh-96.ly'
(search path: `/tmp/tmp5affo3tf:/home/user/Documents/Resounding-Libraries/Un musico meccanico - Prehistory AI/python-code:/usr/share/lilypond/2.22.1/ly:/usr/share/lilypond/2.22.1/ps:/usr/share/lilypond/2.22.1/scm:/usr/share/lilypond/2.22.1/fonts/otf/:/usr/share/lilypond/2.22.1/fonts/type1/:/usr/share/lilypond/2.22.1/fonts/svg/:')
    \include 
             "../lh/gp-01-lh-96.ly"
/tmp/tmp5affo3tf/2024-03-11T14-55-08-369450-fa118d0.ly:49:14: error: cannot find file: `../lh/gp-01-lh-56.ly'
(search path: `/tmp/tmp5affo3tf:/home/user/Documents/Resounding-Libraries/Un musico meccanico - Prehistory AI/python-code:/usr/share/lilypond/2.22.1/ly:/usr/share/lilypond/2.22.1/ps:/usr/share/lilypond/2.22.1/scm:/usr/share/lilypond/2.22.1/fonts/otf/:/usr/share/lilypond/2.22.1/fonts/type1/:/usr/share/lilypond/2.22.1/fonts/svg/:')
    \include 
             "../lh/gp-01-lh-56.ly"
/tmp/tmp5affo3tf/2024-03-11T14-55-08-369450-fa118d0.ly:50:14: error: cannot find file: `../lh/gp-01-lh-78.ly'
(search path: `/tmp/tmp5affo3tf:/home/user/Documents/Resounding-Libraries/Un musico meccanico - Prehistory AI/python-code:/usr/share/lilypond/2.22.1/ly:/usr/share/lilypond/2.22.1/ps:/usr/share/lilypond/2.22.1/scm:/usr/share/lilypond/2.22.1/fonts/otf/:/usr/share/lilypond/2.22.1/fonts/type1/:/usr/share/lilypond/2.22.1/fonts/svg/:')
    \include 
             "../lh/gp-01-lh-78.ly"
/tmp/tmp5affo3tf/2024-03-11T14-55-08-369450-fa118d0.ly:51:14: error: cannot find file: `../lh/gp-01-lh-143.ly'
(search path: `/tmp/tmp5affo3tf:/home/user/Documents/Resounding-Libraries/Un musico meccanico - Prehistory AI/python-code:/usr/share/lilypond/2.22.1/ly:/usr/share/lilypond/2.22.1/ps:/usr/share/lilypond/2.22.1/scm:/usr/share/lilypond/2.22.1/fonts/otf/:/usr/share/lilypond/2.22.1/fonts/type1/:/usr/share/lilypond/2.22.1/fonts/svg/:')
    \include 
             "../lh/gp-01-lh-143.ly"
/tmp/tmp5affo3tf/2024-03-11T14-55-08-369450-fa118d0.ly:52:14: error: cannot find file: `../lh/gp-01-lh-176.ly'
(search path: `/tmp/tmp5affo3tf:/home/user/Documents/Resounding-Libraries/Un musico meccanico - Prehistory AI/python-code:/usr/share/lilypond/2.22.1/ly:/usr/share/lilypond/2.22.1/ps:/usr/share/lilypond/2.22.1/scm:/usr/share/lilypond/2.22.1/fonts/otf/:/usr/share/lilypond/2.22.1/fonts/type1/:/usr/share/lilypond/2.22.1/fonts/svg/:')
    \include 
             "../lh/gp-01-lh-176.ly"
/tmp/tmp5affo3tf/2024-03-11T14-55-08-369450-fa118d0.ly:53:14: error: cannot find file: `../lh/gp-01-lh-99.ly'
(search path: `/tmp/tmp5affo3tf:/home/user/Documents/Resounding-Libraries/Un musico meccanico - Prehistory AI/python-code:/usr/share/lilypond/2.22.1/ly:/usr/share/lilypond/2.22.1/ps:/usr/share/lilypond/2.22.1/scm:/usr/share/lilypond/2.22.1/fonts/otf/:/usr/share/lilypond/2.22.1/fonts/type1/:/usr/share/lilypond/2.22.1/fonts/svg/:')
    \include 
             "../lh/gp-01-lh-99.ly"
/tmp/tmp5affo3tf/2024-03-11T14-55-08-369450-fa118d0.ly:57:14: error: cannot find file: `../layout_settings.ly'
(search path: `/tmp/tmp5affo3tf:/home/user/Documents/Resounding-Libraries/Un musico meccanico - Prehistory AI/python-code:/usr/share/lilypond/2.22.1/ly:/usr/share/lilypond/2.22.1/ps:/usr/share/lilypond/2.22.1/scm:/usr/share/lilypond/2.22.1/fonts/otf/:/usr/share/lilypond/2.22.1/fonts/type1/:/usr/share/lilypond/2.22.1/fonts/svg/:')
    \include 
             "../layout_settings.ly"
/tmp/tmp5affo3tf/2024-03-11T14-55-08-369450-fa118d0.ly:1: warning: no \version statement found, please add

\version "2.22.1"

for future compatibility
Interpreting music...
/tmp/tmp5affo3tf/2024-03-11T14-55-08-369450-fa118d0.ly:8:5: warning: skipping zero-duration score
    
    <<
/tmp/tmp5affo3tf/2024-03-11T14-55-08-369450-fa118d0.ly:8:5: warning: to suppress this, consider adding a spacer rest
    
    <<
fatal error: failed files: "/tmp/tmp5affo3tf/2024-03-11T14-55-08-369450-fa118d0.ly"
