GNU LilyPond 2.22.1
Changing working directory to: `/tmp/tmp7lnx9_wa'
Processing `/tmp/tmp7lnx9_wa/2024-04-08T15-35-13-318088-3c351f1.ly'
Parsing...
/tmp/tmp7lnx9_wa/2024-04-08T15-35-13-318088-3c351f1.ly:1:10: error: cannot find file: `../paper_settings.ly'
(search path: `/tmp/tmp7lnx9_wa:/home/user/GitHub/Artyfyshall-Bird/code-implementation:/usr/share/lilypond/2.22.1/ly:/usr/share/lilypond/2.22.1/ps:/usr/share/lilypond/2.22.1/scm:/usr/share/lilypond/2.22.1/fonts/otf/:/usr/share/lilypond/2.22.1/fonts/type1/:/usr/share/lilypond/2.22.1/fonts/svg/:')
\include 
         "../paper_settings.ly" 
/tmp/tmp7lnx9_wa/2024-04-08T15-35-13-318088-3c351f1.ly:13:14: error: cannot find file: `../voice_option.ly'
(search path: `/tmp/tmp7lnx9_wa:/home/user/GitHub/Artyfyshall-Bird/code-implementation:/usr/share/lilypond/2.22.1/ly:/usr/share/lilypond/2.22.1/ps:/usr/share/lilypond/2.22.1/scm:/usr/share/lilypond/2.22.1/fonts/otf/:/usr/share/lilypond/2.22.1/fonts/type1/:/usr/share/lilypond/2.22.1/fonts/svg/:')
    \include 
             "../voice_option.ly"
/tmp/tmp7lnx9_wa/2024-04-08T15-35-13-318088-3c351f1.ly:14:14: error: cannot find file: `../voice/gp-01-vc-140.ly'
(search path: `/tmp/tmp7lnx9_wa:/home/user/GitHub/Artyfyshall-Bird/code-implementation:/usr/share/lilypond/2.22.1/ly:/usr/share/lilypond/2.22.1/ps:/usr/share/lilypond/2.22.1/scm:/usr/share/lilypond/2.22.1/fonts/otf/:/usr/share/lilypond/2.22.1/fonts/type1/:/usr/share/lilypond/2.22.1/fonts/svg/:')
    \include 
             "../voice/gp-01-vc-140.ly"
/tmp/tmp7lnx9_wa/2024-04-08T15-35-13-318088-3c351f1.ly:15:14: error: cannot find file: `../voice/gp-01-vc-184.ly'
(search path: `/tmp/tmp7lnx9_wa:/home/user/GitHub/Artyfyshall-Bird/code-implementation:/usr/share/lilypond/2.22.1/ly:/usr/share/lilypond/2.22.1/ps:/usr/share/lilypond/2.22.1/scm:/usr/share/lilypond/2.22.1/fonts/otf/:/usr/share/lilypond/2.22.1/fonts/type1/:/usr/share/lilypond/2.22.1/fonts/svg/:')
    \include 
             "../voice/gp-01-vc-184.ly"
/tmp/tmp7lnx9_wa/2024-04-08T15-35-13-318088-3c351f1.ly:16:14: error: cannot find file: `../voice/gp-01-vc-18.ly'
(search path: `/tmp/tmp7lnx9_wa:/home/user/GitHub/Artyfyshall-Bird/code-implementation:/usr/share/lilypond/2.22.1/ly:/usr/share/lilypond/2.22.1/ps:/usr/share/lilypond/2.22.1/scm:/usr/share/lilypond/2.22.1/fonts/otf/:/usr/share/lilypond/2.22.1/fonts/type1/:/usr/share/lilypond/2.22.1/fonts/svg/:')
    \include 
             "../voice/gp-01-vc-18.ly"
/tmp/tmp7lnx9_wa/2024-04-08T15-35-13-318088-3c351f1.ly:17:14: error: cannot find file: `../voice/gp-01-vc-2.ly'
(search path: `/tmp/tmp7lnx9_wa:/home/user/GitHub/Artyfyshall-Bird/code-implementation:/usr/share/lilypond/2.22.1/ly:/usr/share/lilypond/2.22.1/ps:/usr/share/lilypond/2.22.1/scm:/usr/share/lilypond/2.22.1/fonts/otf/:/usr/share/lilypond/2.22.1/fonts/type1/:/usr/share/lilypond/2.22.1/fonts/svg/:')
    \include 
             "../voice/gp-01-vc-2.ly"
/tmp/tmp7lnx9_wa/2024-04-08T15-35-13-318088-3c351f1.ly:18:14: error: cannot find file: `../voice/gp-01-vc-96.ly'
(search path: `/tmp/tmp7lnx9_wa:/home/user/GitHub/Artyfyshall-Bird/code-implementation:/usr/share/lilypond/2.22.1/ly:/usr/share/lilypond/2.22.1/ps:/usr/share/lilypond/2.22.1/scm:/usr/share/lilypond/2.22.1/fonts/otf/:/usr/share/lilypond/2.22.1/fonts/type1/:/usr/share/lilypond/2.22.1/fonts/svg/:')
    \include 
             "../voice/gp-01-vc-96.ly"
/tmp/tmp7lnx9_wa/2024-04-08T15-35-13-318088-3c351f1.ly:19:14: error: cannot find file: `../voice/gp-01-vc-3.ly'
(search path: `/tmp/tmp7lnx9_wa:/home/user/GitHub/Artyfyshall-Bird/code-implementation:/usr/share/lilypond/2.22.1/ly:/usr/share/lilypond/2.22.1/ps:/usr/share/lilypond/2.22.1/scm:/usr/share/lilypond/2.22.1/fonts/otf/:/usr/share/lilypond/2.22.1/fonts/type1/:/usr/share/lilypond/2.22.1/fonts/svg/:')
    \include 
             "../voice/gp-01-vc-3.ly"
/tmp/tmp7lnx9_wa/2024-04-08T15-35-13-318088-3c351f1.ly:20:14: error: cannot find file: `../voice/gp-01-vc-73.ly'
(search path: `/tmp/tmp7lnx9_wa:/home/user/GitHub/Artyfyshall-Bird/code-implementation:/usr/share/lilypond/2.22.1/ly:/usr/share/lilypond/2.22.1/ps:/usr/share/lilypond/2.22.1/scm:/usr/share/lilypond/2.22.1/fonts/otf/:/usr/share/lilypond/2.22.1/fonts/type1/:/usr/share/lilypond/2.22.1/fonts/svg/:')
    \include 
             "../voice/gp-01-vc-73.ly"
/tmp/tmp7lnx9_wa/2024-04-08T15-35-13-318088-3c351f1.ly:21:14: error: cannot find file: `../voice/gp-01-vc-94.ly'
(search path: `/tmp/tmp7lnx9_wa:/home/user/GitHub/Artyfyshall-Bird/code-implementation:/usr/share/lilypond/2.22.1/ly:/usr/share/lilypond/2.22.1/ps:/usr/share/lilypond/2.22.1/scm:/usr/share/lilypond/2.22.1/fonts/otf/:/usr/share/lilypond/2.22.1/fonts/type1/:/usr/share/lilypond/2.22.1/fonts/svg/:')
    \include 
             "../voice/gp-01-vc-94.ly"
/tmp/tmp7lnx9_wa/2024-04-08T15-35-13-318088-3c351f1.ly:22:14: error: cannot find file: `../voice/gp-01-vc-19.ly'
(search path: `/tmp/tmp7lnx9_wa:/home/user/GitHub/Artyfyshall-Bird/code-implementation:/usr/share/lilypond/2.22.1/ly:/usr/share/lilypond/2.22.1/ps:/usr/share/lilypond/2.22.1/scm:/usr/share/lilypond/2.22.1/fonts/otf/:/usr/share/lilypond/2.22.1/fonts/type1/:/usr/share/lilypond/2.22.1/fonts/svg/:')
    \include 
             "../voice/gp-01-vc-19.ly"
/tmp/tmp7lnx9_wa/2024-04-08T15-35-13-318088-3c351f1.ly:23:14: error: cannot find file: `../voice/gp-01-vc-99.ly'
(search path: `/tmp/tmp7lnx9_wa:/home/user/GitHub/Artyfyshall-Bird/code-implementation:/usr/share/lilypond/2.22.1/ly:/usr/share/lilypond/2.22.1/ps:/usr/share/lilypond/2.22.1/scm:/usr/share/lilypond/2.22.1/fonts/otf/:/usr/share/lilypond/2.22.1/fonts/type1/:/usr/share/lilypond/2.22.1/fonts/svg/:')
    \include 
             "../voice/gp-01-vc-99.ly"
/tmp/tmp7lnx9_wa/2024-04-08T15-35-13-318088-3c351f1.ly:24:14: error: cannot find file: `../voice/gp-01-vc-185.ly'
(search path: `/tmp/tmp7lnx9_wa:/home/user/GitHub/Artyfyshall-Bird/code-implementation:/usr/share/lilypond/2.22.1/ly:/usr/share/lilypond/2.22.1/ps:/usr/share/lilypond/2.22.1/scm:/usr/share/lilypond/2.22.1/fonts/otf/:/usr/share/lilypond/2.22.1/fonts/type1/:/usr/share/lilypond/2.22.1/fonts/svg/:')
    \include 
             "../voice/gp-01-vc-185.ly"
/tmp/tmp7lnx9_wa/2024-04-08T15-35-13-318088-3c351f1.ly:25:14: error: cannot find file: `../voice/gp-01-vc-97.ly'
(search path: `/tmp/tmp7lnx9_wa:/home/user/GitHub/Artyfyshall-Bird/code-implementation:/usr/share/lilypond/2.22.1/ly:/usr/share/lilypond/2.22.1/ps:/usr/share/lilypond/2.22.1/scm:/usr/share/lilypond/2.22.1/fonts/otf/:/usr/share/lilypond/2.22.1/fonts/type1/:/usr/share/lilypond/2.22.1/fonts/svg/:')
    \include 
             "../voice/gp-01-vc-97.ly"
/tmp/tmp7lnx9_wa/2024-04-08T15-35-13-318088-3c351f1.ly:26:14: error: cannot find file: `../voice/gp-01-vc-32.ly'
(search path: `/tmp/tmp7lnx9_wa:/home/user/GitHub/Artyfyshall-Bird/code-implementation:/usr/share/lilypond/2.22.1/ly:/usr/share/lilypond/2.22.1/ps:/usr/share/lilypond/2.22.1/scm:/usr/share/lilypond/2.22.1/fonts/otf/:/usr/share/lilypond/2.22.1/fonts/type1/:/usr/share/lilypond/2.22.1/fonts/svg/:')
    \include 
             "../voice/gp-01-vc-32.ly"
/tmp/tmp7lnx9_wa/2024-04-08T15-35-13-318088-3c351f1.ly:27:14: error: cannot find file: `../voice/gp-01-vc-6.ly'
(search path: `/tmp/tmp7lnx9_wa:/home/user/GitHub/Artyfyshall-Bird/code-implementation:/usr/share/lilypond/2.22.1/ly:/usr/share/lilypond/2.22.1/ps:/usr/share/lilypond/2.22.1/scm:/usr/share/lilypond/2.22.1/fonts/otf/:/usr/share/lilypond/2.22.1/fonts/type1/:/usr/share/lilypond/2.22.1/fonts/svg/:')
    \include 
             "../voice/gp-01-vc-6.ly"
/tmp/tmp7lnx9_wa/2024-04-08T15-35-13-318088-3c351f1.ly:28:14: error: cannot find file: `../voice/gp-01-vc-65.ly'
(search path: `/tmp/tmp7lnx9_wa:/home/user/GitHub/Artyfyshall-Bird/code-implementation:/usr/share/lilypond/2.22.1/ly:/usr/share/lilypond/2.22.1/ps:/usr/share/lilypond/2.22.1/scm:/usr/share/lilypond/2.22.1/fonts/otf/:/usr/share/lilypond/2.22.1/fonts/type1/:/usr/share/lilypond/2.22.1/fonts/svg/:')
    \include 
             "../voice/gp-01-vc-65.ly"
/tmp/tmp7lnx9_wa/2024-04-08T15-35-13-318088-3c351f1.ly:29:14: error: cannot find file: `../voice/gp-01-vc-108.ly'
(search path: `/tmp/tmp7lnx9_wa:/home/user/GitHub/Artyfyshall-Bird/code-implementation:/usr/share/lilypond/2.22.1/ly:/usr/share/lilypond/2.22.1/ps:/usr/share/lilypond/2.22.1/scm:/usr/share/lilypond/2.22.1/fonts/otf/:/usr/share/lilypond/2.22.1/fonts/type1/:/usr/share/lilypond/2.22.1/fonts/svg/:')
    \include 
             "../voice/gp-01-vc-108.ly"
/tmp/tmp7lnx9_wa/2024-04-08T15-35-13-318088-3c351f1.ly:30:14: error: cannot find file: `../voice/gp-01-vc-20.ly'
(search path: `/tmp/tmp7lnx9_wa:/home/user/GitHub/Artyfyshall-Bird/code-implementation:/usr/share/lilypond/2.22.1/ly:/usr/share/lilypond/2.22.1/ps:/usr/share/lilypond/2.22.1/scm:/usr/share/lilypond/2.22.1/fonts/otf/:/usr/share/lilypond/2.22.1/fonts/type1/:/usr/share/lilypond/2.22.1/fonts/svg/:')
    \include 
             "../voice/gp-01-vc-20.ly"
/tmp/tmp7lnx9_wa/2024-04-08T15-35-13-318088-3c351f1.ly:31:14: error: cannot find file: `../voice/gp-01-vc-148.ly'
(search path: `/tmp/tmp7lnx9_wa:/home/user/GitHub/Artyfyshall-Bird/code-implementation:/usr/share/lilypond/2.22.1/ly:/usr/share/lilypond/2.22.1/ps:/usr/share/lilypond/2.22.1/scm:/usr/share/lilypond/2.22.1/fonts/otf/:/usr/share/lilypond/2.22.1/fonts/type1/:/usr/share/lilypond/2.22.1/fonts/svg/:')
    \include 
             "../voice/gp-01-vc-148.ly"
/tmp/tmp7lnx9_wa/2024-04-08T15-35-13-318088-3c351f1.ly:38:14: error: cannot find file: `../voice_option.ly'
(search path: `/tmp/tmp7lnx9_wa:/home/user/GitHub/Artyfyshall-Bird/code-implementation:/usr/share/lilypond/2.22.1/ly:/usr/share/lilypond/2.22.1/ps:/usr/share/lilypond/2.22.1/scm:/usr/share/lilypond/2.22.1/fonts/otf/:/usr/share/lilypond/2.22.1/fonts/type1/:/usr/share/lilypond/2.22.1/fonts/svg/:')
    \include 
             "../voice_option.ly"
/tmp/tmp7lnx9_wa/2024-04-08T15-35-13-318088-3c351f1.ly:39:14: error: cannot find file: `../rh/gp-01-rh-140.ly'
(search path: `/tmp/tmp7lnx9_wa:/home/user/GitHub/Artyfyshall-Bird/code-implementation:/usr/share/lilypond/2.22.1/ly:/usr/share/lilypond/2.22.1/ps:/usr/share/lilypond/2.22.1/scm:/usr/share/lilypond/2.22.1/fonts/otf/:/usr/share/lilypond/2.22.1/fonts/type1/:/usr/share/lilypond/2.22.1/fonts/svg/:')
    \include 
             "../rh/gp-01-rh-140.ly"
/tmp/tmp7lnx9_wa/2024-04-08T15-35-13-318088-3c351f1.ly:40:14: error: cannot find file: `../rh/gp-01-rh-184.ly'
(search path: `/tmp/tmp7lnx9_wa:/home/user/GitHub/Artyfyshall-Bird/code-implementation:/usr/share/lilypond/2.22.1/ly:/usr/share/lilypond/2.22.1/ps:/usr/share/lilypond/2.22.1/scm:/usr/share/lilypond/2.22.1/fonts/otf/:/usr/share/lilypond/2.22.1/fonts/type1/:/usr/share/lilypond/2.22.1/fonts/svg/:')
    \include 
             "../rh/gp-01-rh-184.ly"
/tmp/tmp7lnx9_wa/2024-04-08T15-35-13-318088-3c351f1.ly:41:14: error: cannot find file: `../rh/gp-01-rh-18.ly'
(search path: `/tmp/tmp7lnx9_wa:/home/user/GitHub/Artyfyshall-Bird/code-implementation:/usr/share/lilypond/2.22.1/ly:/usr/share/lilypond/2.22.1/ps:/usr/share/lilypond/2.22.1/scm:/usr/share/lilypond/2.22.1/fonts/otf/:/usr/share/lilypond/2.22.1/fonts/type1/:/usr/share/lilypond/2.22.1/fonts/svg/:')
    \include 
             "../rh/gp-01-rh-18.ly"
/tmp/tmp7lnx9_wa/2024-04-08T15-35-13-318088-3c351f1.ly:42:14: error: cannot find file: `../rh/gp-01-rh-2.ly'
(search path: `/tmp/tmp7lnx9_wa:/home/user/GitHub/Artyfyshall-Bird/code-implementation:/usr/share/lilypond/2.22.1/ly:/usr/share/lilypond/2.22.1/ps:/usr/share/lilypond/2.22.1/scm:/usr/share/lilypond/2.22.1/fonts/otf/:/usr/share/lilypond/2.22.1/fonts/type1/:/usr/share/lilypond/2.22.1/fonts/svg/:')
    \include 
             "../rh/gp-01-rh-2.ly"
/tmp/tmp7lnx9_wa/2024-04-08T15-35-13-318088-3c351f1.ly:43:14: error: cannot find file: `../rh/gp-01-rh-96.ly'
(search path: `/tmp/tmp7lnx9_wa:/home/user/GitHub/Artyfyshall-Bird/code-implementation:/usr/share/lilypond/2.22.1/ly:/usr/share/lilypond/2.22.1/ps:/usr/share/lilypond/2.22.1/scm:/usr/share/lilypond/2.22.1/fonts/otf/:/usr/share/lilypond/2.22.1/fonts/type1/:/usr/share/lilypond/2.22.1/fonts/svg/:')
    \include 
             "../rh/gp-01-rh-96.ly"
/tmp/tmp7lnx9_wa/2024-04-08T15-35-13-318088-3c351f1.ly:44:14: error: cannot find file: `../rh/gp-01-rh-3.ly'
(search path: `/tmp/tmp7lnx9_wa:/home/user/GitHub/Artyfyshall-Bird/code-implementation:/usr/share/lilypond/2.22.1/ly:/usr/share/lilypond/2.22.1/ps:/usr/share/lilypond/2.22.1/scm:/usr/share/lilypond/2.22.1/fonts/otf/:/usr/share/lilypond/2.22.1/fonts/type1/:/usr/share/lilypond/2.22.1/fonts/svg/:')
    \include 
             "../rh/gp-01-rh-3.ly"
/tmp/tmp7lnx9_wa/2024-04-08T15-35-13-318088-3c351f1.ly:45:14: error: cannot find file: `../rh/gp-01-rh-73.ly'
(search path: `/tmp/tmp7lnx9_wa:/home/user/GitHub/Artyfyshall-Bird/code-implementation:/usr/share/lilypond/2.22.1/ly:/usr/share/lilypond/2.22.1/ps:/usr/share/lilypond/2.22.1/scm:/usr/share/lilypond/2.22.1/fonts/otf/:/usr/share/lilypond/2.22.1/fonts/type1/:/usr/share/lilypond/2.22.1/fonts/svg/:')
    \include 
             "../rh/gp-01-rh-73.ly"
/tmp/tmp7lnx9_wa/2024-04-08T15-35-13-318088-3c351f1.ly:46:14: error: cannot find file: `../rh/gp-01-rh-94.ly'
(search path: `/tmp/tmp7lnx9_wa:/home/user/GitHub/Artyfyshall-Bird/code-implementation:/usr/share/lilypond/2.22.1/ly:/usr/share/lilypond/2.22.1/ps:/usr/share/lilypond/2.22.1/scm:/usr/share/lilypond/2.22.1/fonts/otf/:/usr/share/lilypond/2.22.1/fonts/type1/:/usr/share/lilypond/2.22.1/fonts/svg/:')
    \include 
             "../rh/gp-01-rh-94.ly"
/tmp/tmp7lnx9_wa/2024-04-08T15-35-13-318088-3c351f1.ly:47:14: error: cannot find file: `../rh/gp-01-rh-19.ly'
(search path: `/tmp/tmp7lnx9_wa:/home/user/GitHub/Artyfyshall-Bird/code-implementation:/usr/share/lilypond/2.22.1/ly:/usr/share/lilypond/2.22.1/ps:/usr/share/lilypond/2.22.1/scm:/usr/share/lilypond/2.22.1/fonts/otf/:/usr/share/lilypond/2.22.1/fonts/type1/:/usr/share/lilypond/2.22.1/fonts/svg/:')
    \include 
             "../rh/gp-01-rh-19.ly"
/tmp/tmp7lnx9_wa/2024-04-08T15-35-13-318088-3c351f1.ly:48:14: error: cannot find file: `../rh/gp-01-rh-99.ly'
(search path: `/tmp/tmp7lnx9_wa:/home/user/GitHub/Artyfyshall-Bird/code-implementation:/usr/share/lilypond/2.22.1/ly:/usr/share/lilypond/2.22.1/ps:/usr/share/lilypond/2.22.1/scm:/usr/share/lilypond/2.22.1/fonts/otf/:/usr/share/lilypond/2.22.1/fonts/type1/:/usr/share/lilypond/2.22.1/fonts/svg/:')
    \include 
             "../rh/gp-01-rh-99.ly"
/tmp/tmp7lnx9_wa/2024-04-08T15-35-13-318088-3c351f1.ly:49:14: error: cannot find file: `../rh/gp-01-rh-185.ly'
(search path: `/tmp/tmp7lnx9_wa:/home/user/GitHub/Artyfyshall-Bird/code-implementation:/usr/share/lilypond/2.22.1/ly:/usr/share/lilypond/2.22.1/ps:/usr/share/lilypond/2.22.1/scm:/usr/share/lilypond/2.22.1/fonts/otf/:/usr/share/lilypond/2.22.1/fonts/type1/:/usr/share/lilypond/2.22.1/fonts/svg/:')
    \include 
             "../rh/gp-01-rh-185.ly"
/tmp/tmp7lnx9_wa/2024-04-08T15-35-13-318088-3c351f1.ly:50:14: error: cannot find file: `../rh/gp-01-rh-97.ly'
(search path: `/tmp/tmp7lnx9_wa:/home/user/GitHub/Artyfyshall-Bird/code-implementation:/usr/share/lilypond/2.22.1/ly:/usr/share/lilypond/2.22.1/ps:/usr/share/lilypond/2.22.1/scm:/usr/share/lilypond/2.22.1/fonts/otf/:/usr/share/lilypond/2.22.1/fonts/type1/:/usr/share/lilypond/2.22.1/fonts/svg/:')
    \include 
             "../rh/gp-01-rh-97.ly"
/tmp/tmp7lnx9_wa/2024-04-08T15-35-13-318088-3c351f1.ly:51:14: error: cannot find file: `../rh/gp-01-rh-32.ly'
(search path: `/tmp/tmp7lnx9_wa:/home/user/GitHub/Artyfyshall-Bird/code-implementation:/usr/share/lilypond/2.22.1/ly:/usr/share/lilypond/2.22.1/ps:/usr/share/lilypond/2.22.1/scm:/usr/share/lilypond/2.22.1/fonts/otf/:/usr/share/lilypond/2.22.1/fonts/type1/:/usr/share/lilypond/2.22.1/fonts/svg/:')
    \include 
             "../rh/gp-01-rh-32.ly"
/tmp/tmp7lnx9_wa/2024-04-08T15-35-13-318088-3c351f1.ly:52:14: error: cannot find file: `../rh/gp-01-rh-6.ly'
(search path: `/tmp/tmp7lnx9_wa:/home/user/GitHub/Artyfyshall-Bird/code-implementation:/usr/share/lilypond/2.22.1/ly:/usr/share/lilypond/2.22.1/ps:/usr/share/lilypond/2.22.1/scm:/usr/share/lilypond/2.22.1/fonts/otf/:/usr/share/lilypond/2.22.1/fonts/type1/:/usr/share/lilypond/2.22.1/fonts/svg/:')
    \include 
             "../rh/gp-01-rh-6.ly"
/tmp/tmp7lnx9_wa/2024-04-08T15-35-13-318088-3c351f1.ly:53:14: error: cannot find file: `../rh/gp-01-rh-65.ly'
(search path: `/tmp/tmp7lnx9_wa:/home/user/GitHub/Artyfyshall-Bird/code-implementation:/usr/share/lilypond/2.22.1/ly:/usr/share/lilypond/2.22.1/ps:/usr/share/lilypond/2.22.1/scm:/usr/share/lilypond/2.22.1/fonts/otf/:/usr/share/lilypond/2.22.1/fonts/type1/:/usr/share/lilypond/2.22.1/fonts/svg/:')
    \include 
             "../rh/gp-01-rh-65.ly"
/tmp/tmp7lnx9_wa/2024-04-08T15-35-13-318088-3c351f1.ly:54:14: error: cannot find file: `../rh/gp-01-rh-108.ly'
(search path: `/tmp/tmp7lnx9_wa:/home/user/GitHub/Artyfyshall-Bird/code-implementation:/usr/share/lilypond/2.22.1/ly:/usr/share/lilypond/2.22.1/ps:/usr/share/lilypond/2.22.1/scm:/usr/share/lilypond/2.22.1/fonts/otf/:/usr/share/lilypond/2.22.1/fonts/type1/:/usr/share/lilypond/2.22.1/fonts/svg/:')
    \include 
             "../rh/gp-01-rh-108.ly"
/tmp/tmp7lnx9_wa/2024-04-08T15-35-13-318088-3c351f1.ly:55:14: error: cannot find file: `../rh/gp-01-rh-20.ly'
(search path: `/tmp/tmp7lnx9_wa:/home/user/GitHub/Artyfyshall-Bird/code-implementation:/usr/share/lilypond/2.22.1/ly:/usr/share/lilypond/2.22.1/ps:/usr/share/lilypond/2.22.1/scm:/usr/share/lilypond/2.22.1/fonts/otf/:/usr/share/lilypond/2.22.1/fonts/type1/:/usr/share/lilypond/2.22.1/fonts/svg/:')
    \include 
             "../rh/gp-01-rh-20.ly"
/tmp/tmp7lnx9_wa/2024-04-08T15-35-13-318088-3c351f1.ly:56:14: error: cannot find file: `../rh/gp-01-rh-148.ly'
(search path: `/tmp/tmp7lnx9_wa:/home/user/GitHub/Artyfyshall-Bird/code-implementation:/usr/share/lilypond/2.22.1/ly:/usr/share/lilypond/2.22.1/ps:/usr/share/lilypond/2.22.1/scm:/usr/share/lilypond/2.22.1/fonts/otf/:/usr/share/lilypond/2.22.1/fonts/type1/:/usr/share/lilypond/2.22.1/fonts/svg/:')
    \include 
             "../rh/gp-01-rh-148.ly"
/tmp/tmp7lnx9_wa/2024-04-08T15-35-13-318088-3c351f1.ly:59:14: error: cannot find file: `../bassline_option.ly'
(search path: `/tmp/tmp7lnx9_wa:/home/user/GitHub/Artyfyshall-Bird/code-implementation:/usr/share/lilypond/2.22.1/ly:/usr/share/lilypond/2.22.1/ps:/usr/share/lilypond/2.22.1/scm:/usr/share/lilypond/2.22.1/fonts/otf/:/usr/share/lilypond/2.22.1/fonts/type1/:/usr/share/lilypond/2.22.1/fonts/svg/:')
    \include 
             "../bassline_option.ly"
/tmp/tmp7lnx9_wa/2024-04-08T15-35-13-318088-3c351f1.ly:60:14: error: cannot find file: `../lh/gp-01-lh-140.ly'
(search path: `/tmp/tmp7lnx9_wa:/home/user/GitHub/Artyfyshall-Bird/code-implementation:/usr/share/lilypond/2.22.1/ly:/usr/share/lilypond/2.22.1/ps:/usr/share/lilypond/2.22.1/scm:/usr/share/lilypond/2.22.1/fonts/otf/:/usr/share/lilypond/2.22.1/fonts/type1/:/usr/share/lilypond/2.22.1/fonts/svg/:')
    \include 
             "../lh/gp-01-lh-140.ly"
/tmp/tmp7lnx9_wa/2024-04-08T15-35-13-318088-3c351f1.ly:61:14: error: cannot find file: `../lh/gp-01-lh-184.ly'
(search path: `/tmp/tmp7lnx9_wa:/home/user/GitHub/Artyfyshall-Bird/code-implementation:/usr/share/lilypond/2.22.1/ly:/usr/share/lilypond/2.22.1/ps:/usr/share/lilypond/2.22.1/scm:/usr/share/lilypond/2.22.1/fonts/otf/:/usr/share/lilypond/2.22.1/fonts/type1/:/usr/share/lilypond/2.22.1/fonts/svg/:')
    \include 
             "../lh/gp-01-lh-184.ly"
/tmp/tmp7lnx9_wa/2024-04-08T15-35-13-318088-3c351f1.ly:62:14: error: cannot find file: `../lh/gp-01-lh-18.ly'
(search path: `/tmp/tmp7lnx9_wa:/home/user/GitHub/Artyfyshall-Bird/code-implementation:/usr/share/lilypond/2.22.1/ly:/usr/share/lilypond/2.22.1/ps:/usr/share/lilypond/2.22.1/scm:/usr/share/lilypond/2.22.1/fonts/otf/:/usr/share/lilypond/2.22.1/fonts/type1/:/usr/share/lilypond/2.22.1/fonts/svg/:')
    \include 
             "../lh/gp-01-lh-18.ly"
/tmp/tmp7lnx9_wa/2024-04-08T15-35-13-318088-3c351f1.ly:63:14: error: cannot find file: `../lh/gp-01-lh-2.ly'
(search path: `/tmp/tmp7lnx9_wa:/home/user/GitHub/Artyfyshall-Bird/code-implementation:/usr/share/lilypond/2.22.1/ly:/usr/share/lilypond/2.22.1/ps:/usr/share/lilypond/2.22.1/scm:/usr/share/lilypond/2.22.1/fonts/otf/:/usr/share/lilypond/2.22.1/fonts/type1/:/usr/share/lilypond/2.22.1/fonts/svg/:')
    \include 
             "../lh/gp-01-lh-2.ly"
/tmp/tmp7lnx9_wa/2024-04-08T15-35-13-318088-3c351f1.ly:64:14: error: cannot find file: `../lh/gp-01-lh-96.ly'
(search path: `/tmp/tmp7lnx9_wa:/home/user/GitHub/Artyfyshall-Bird/code-implementation:/usr/share/lilypond/2.22.1/ly:/usr/share/lilypond/2.22.1/ps:/usr/share/lilypond/2.22.1/scm:/usr/share/lilypond/2.22.1/fonts/otf/:/usr/share/lilypond/2.22.1/fonts/type1/:/usr/share/lilypond/2.22.1/fonts/svg/:')
    \include 
             "../lh/gp-01-lh-96.ly"
/tmp/tmp7lnx9_wa/2024-04-08T15-35-13-318088-3c351f1.ly:65:14: error: cannot find file: `../lh/gp-01-lh-3.ly'
(search path: `/tmp/tmp7lnx9_wa:/home/user/GitHub/Artyfyshall-Bird/code-implementation:/usr/share/lilypond/2.22.1/ly:/usr/share/lilypond/2.22.1/ps:/usr/share/lilypond/2.22.1/scm:/usr/share/lilypond/2.22.1/fonts/otf/:/usr/share/lilypond/2.22.1/fonts/type1/:/usr/share/lilypond/2.22.1/fonts/svg/:')
    \include 
             "../lh/gp-01-lh-3.ly"
/tmp/tmp7lnx9_wa/2024-04-08T15-35-13-318088-3c351f1.ly:66:14: error: cannot find file: `../lh/gp-01-lh-73.ly'
(search path: `/tmp/tmp7lnx9_wa:/home/user/GitHub/Artyfyshall-Bird/code-implementation:/usr/share/lilypond/2.22.1/ly:/usr/share/lilypond/2.22.1/ps:/usr/share/lilypond/2.22.1/scm:/usr/share/lilypond/2.22.1/fonts/otf/:/usr/share/lilypond/2.22.1/fonts/type1/:/usr/share/lilypond/2.22.1/fonts/svg/:')
    \include 
             "../lh/gp-01-lh-73.ly"
/tmp/tmp7lnx9_wa/2024-04-08T15-35-13-318088-3c351f1.ly:67:14: error: cannot find file: `../lh/gp-01-lh-94.ly'
(search path: `/tmp/tmp7lnx9_wa:/home/user/GitHub/Artyfyshall-Bird/code-implementation:/usr/share/lilypond/2.22.1/ly:/usr/share/lilypond/2.22.1/ps:/usr/share/lilypond/2.22.1/scm:/usr/share/lilypond/2.22.1/fonts/otf/:/usr/share/lilypond/2.22.1/fonts/type1/:/usr/share/lilypond/2.22.1/fonts/svg/:')
    \include 
             "../lh/gp-01-lh-94.ly"
/tmp/tmp7lnx9_wa/2024-04-08T15-35-13-318088-3c351f1.ly:68:14: error: cannot find file: `../lh/gp-01-lh-19.ly'
(search path: `/tmp/tmp7lnx9_wa:/home/user/GitHub/Artyfyshall-Bird/code-implementation:/usr/share/lilypond/2.22.1/ly:/usr/share/lilypond/2.22.1/ps:/usr/share/lilypond/2.22.1/scm:/usr/share/lilypond/2.22.1/fonts/otf/:/usr/share/lilypond/2.22.1/fonts/type1/:/usr/share/lilypond/2.22.1/fonts/svg/:')
    \include 
             "../lh/gp-01-lh-19.ly"
/tmp/tmp7lnx9_wa/2024-04-08T15-35-13-318088-3c351f1.ly:69:14: error: cannot find file: `../lh/gp-01-lh-99.ly'
(search path: `/tmp/tmp7lnx9_wa:/home/user/GitHub/Artyfyshall-Bird/code-implementation:/usr/share/lilypond/2.22.1/ly:/usr/share/lilypond/2.22.1/ps:/usr/share/lilypond/2.22.1/scm:/usr/share/lilypond/2.22.1/fonts/otf/:/usr/share/lilypond/2.22.1/fonts/type1/:/usr/share/lilypond/2.22.1/fonts/svg/:')
    \include 
             "../lh/gp-01-lh-99.ly"
/tmp/tmp7lnx9_wa/2024-04-08T15-35-13-318088-3c351f1.ly:70:14: error: cannot find file: `../lh/gp-01-lh-185.ly'
(search path: `/tmp/tmp7lnx9_wa:/home/user/GitHub/Artyfyshall-Bird/code-implementation:/usr/share/lilypond/2.22.1/ly:/usr/share/lilypond/2.22.1/ps:/usr/share/lilypond/2.22.1/scm:/usr/share/lilypond/2.22.1/fonts/otf/:/usr/share/lilypond/2.22.1/fonts/type1/:/usr/share/lilypond/2.22.1/fonts/svg/:')
    \include 
             "../lh/gp-01-lh-185.ly"
/tmp/tmp7lnx9_wa/2024-04-08T15-35-13-318088-3c351f1.ly:71:14: error: cannot find file: `../lh/gp-01-lh-97.ly'
(search path: `/tmp/tmp7lnx9_wa:/home/user/GitHub/Artyfyshall-Bird/code-implementation:/usr/share/lilypond/2.22.1/ly:/usr/share/lilypond/2.22.1/ps:/usr/share/lilypond/2.22.1/scm:/usr/share/lilypond/2.22.1/fonts/otf/:/usr/share/lilypond/2.22.1/fonts/type1/:/usr/share/lilypond/2.22.1/fonts/svg/:')
    \include 
             "../lh/gp-01-lh-97.ly"
/tmp/tmp7lnx9_wa/2024-04-08T15-35-13-318088-3c351f1.ly:72:14: error: cannot find file: `../lh/gp-01-lh-32.ly'
(search path: `/tmp/tmp7lnx9_wa:/home/user/GitHub/Artyfyshall-Bird/code-implementation:/usr/share/lilypond/2.22.1/ly:/usr/share/lilypond/2.22.1/ps:/usr/share/lilypond/2.22.1/scm:/usr/share/lilypond/2.22.1/fonts/otf/:/usr/share/lilypond/2.22.1/fonts/type1/:/usr/share/lilypond/2.22.1/fonts/svg/:')
    \include 
             "../lh/gp-01-lh-32.ly"
/tmp/tmp7lnx9_wa/2024-04-08T15-35-13-318088-3c351f1.ly:73:14: error: cannot find file: `../lh/gp-01-lh-6.ly'
(search path: `/tmp/tmp7lnx9_wa:/home/user/GitHub/Artyfyshall-Bird/code-implementation:/usr/share/lilypond/2.22.1/ly:/usr/share/lilypond/2.22.1/ps:/usr/share/lilypond/2.22.1/scm:/usr/share/lilypond/2.22.1/fonts/otf/:/usr/share/lilypond/2.22.1/fonts/type1/:/usr/share/lilypond/2.22.1/fonts/svg/:')
    \include 
             "../lh/gp-01-lh-6.ly"
/tmp/tmp7lnx9_wa/2024-04-08T15-35-13-318088-3c351f1.ly:74:14: error: cannot find file: `../lh/gp-01-lh-65.ly'
(search path: `/tmp/tmp7lnx9_wa:/home/user/GitHub/Artyfyshall-Bird/code-implementation:/usr/share/lilypond/2.22.1/ly:/usr/share/lilypond/2.22.1/ps:/usr/share/lilypond/2.22.1/scm:/usr/share/lilypond/2.22.1/fonts/otf/:/usr/share/lilypond/2.22.1/fonts/type1/:/usr/share/lilypond/2.22.1/fonts/svg/:')
    \include 
             "../lh/gp-01-lh-65.ly"
/tmp/tmp7lnx9_wa/2024-04-08T15-35-13-318088-3c351f1.ly:75:14: error: cannot find file: `../lh/gp-01-lh-108.ly'
(search path: `/tmp/tmp7lnx9_wa:/home/user/GitHub/Artyfyshall-Bird/code-implementation:/usr/share/lilypond/2.22.1/ly:/usr/share/lilypond/2.22.1/ps:/usr/share/lilypond/2.22.1/scm:/usr/share/lilypond/2.22.1/fonts/otf/:/usr/share/lilypond/2.22.1/fonts/type1/:/usr/share/lilypond/2.22.1/fonts/svg/:')
    \include 
             "../lh/gp-01-lh-108.ly"
/tmp/tmp7lnx9_wa/2024-04-08T15-35-13-318088-3c351f1.ly:76:14: error: cannot find file: `../lh/gp-01-lh-20.ly'
(search path: `/tmp/tmp7lnx9_wa:/home/user/GitHub/Artyfyshall-Bird/code-implementation:/usr/share/lilypond/2.22.1/ly:/usr/share/lilypond/2.22.1/ps:/usr/share/lilypond/2.22.1/scm:/usr/share/lilypond/2.22.1/fonts/otf/:/usr/share/lilypond/2.22.1/fonts/type1/:/usr/share/lilypond/2.22.1/fonts/svg/:')
    \include 
             "../lh/gp-01-lh-20.ly"
/tmp/tmp7lnx9_wa/2024-04-08T15-35-13-318088-3c351f1.ly:77:14: error: cannot find file: `../lh/gp-01-lh-148.ly'
(search path: `/tmp/tmp7lnx9_wa:/home/user/GitHub/Artyfyshall-Bird/code-implementation:/usr/share/lilypond/2.22.1/ly:/usr/share/lilypond/2.22.1/ps:/usr/share/lilypond/2.22.1/scm:/usr/share/lilypond/2.22.1/fonts/otf/:/usr/share/lilypond/2.22.1/fonts/type1/:/usr/share/lilypond/2.22.1/fonts/svg/:')
    \include 
             "../lh/gp-01-lh-148.ly"
/tmp/tmp7lnx9_wa/2024-04-08T15-35-13-318088-3c351f1.ly:82:14: error: cannot find file: `../layout_settings.ly'
(search path: `/tmp/tmp7lnx9_wa:/home/user/GitHub/Artyfyshall-Bird/code-implementation:/usr/share/lilypond/2.22.1/ly:/usr/share/lilypond/2.22.1/ps:/usr/share/lilypond/2.22.1/scm:/usr/share/lilypond/2.22.1/fonts/otf/:/usr/share/lilypond/2.22.1/fonts/type1/:/usr/share/lilypond/2.22.1/fonts/svg/:')
    \include 
             "../layout_settings.ly"
/tmp/tmp7lnx9_wa/2024-04-08T15-35-13-318088-3c351f1.ly:1: warning: no \version statement found, please add

\version "2.22.1"

for future compatibility
Interpreting music...
/tmp/tmp7lnx9_wa/2024-04-08T15-35-13-318088-3c351f1.ly:8:5: warning: skipping zero-duration score
    
    <<
/tmp/tmp7lnx9_wa/2024-04-08T15-35-13-318088-3c351f1.ly:8:5: warning: to suppress this, consider adding a spacer rest
    
    <<
fatal error: failed files: "/tmp/tmp7lnx9_wa/2024-04-08T15-35-13-318088-3c351f1.ly"
