GNU LilyPond 2.22.1
Changing working directory to: `/tmp/tmpb1iite12'
Processing `/tmp/tmpb1iite12/2024-03-18T16-20-15-259634-42673d8.ly'
Parsing...
/tmp/tmpb1iite12/2024-03-18T16-20-15-259634-42673d8.ly:1:10: error: cannot find file: `../paper_settings.ly'
(search path: `/tmp/tmpb1iite12:/home/user/Documents/Resounding-Libraries/Un musico meccanico - Prehistory AI/python-code:/usr/share/lilypond/2.22.1/ly:/usr/share/lilypond/2.22.1/ps:/usr/share/lilypond/2.22.1/scm:/usr/share/lilypond/2.22.1/fonts/otf/:/usr/share/lilypond/2.22.1/fonts/type1/:/usr/share/lilypond/2.22.1/fonts/svg/:')
\include 
         "../paper_settings.ly" 
/tmp/tmpb1iite12/2024-03-18T16-20-15-259634-42673d8.ly:13:14: error: cannot find file: `../voice_option.ly'
(search path: `/tmp/tmpb1iite12:/home/user/Documents/Resounding-Libraries/Un musico meccanico - Prehistory AI/python-code:/usr/share/lilypond/2.22.1/ly:/usr/share/lilypond/2.22.1/ps:/usr/share/lilypond/2.22.1/scm:/usr/share/lilypond/2.22.1/fonts/otf/:/usr/share/lilypond/2.22.1/fonts/type1/:/usr/share/lilypond/2.22.1/fonts/svg/:')
    \include 
             "../voice_option.ly"
/tmp/tmpb1iite12/2024-03-18T16-20-15-259634-42673d8.ly:14:14: error: cannot find file: `../voice/gp-01-vc-180.ly'
(search path: `/tmp/tmpb1iite12:/home/user/Documents/Resounding-Libraries/Un musico meccanico - Prehistory AI/python-code:/usr/share/lilypond/2.22.1/ly:/usr/share/lilypond/2.22.1/ps:/usr/share/lilypond/2.22.1/scm:/usr/share/lilypond/2.22.1/fonts/otf/:/usr/share/lilypond/2.22.1/fonts/type1/:/usr/share/lilypond/2.22.1/fonts/svg/:')
    \include 
             "../voice/gp-01-vc-180.ly"
/tmp/tmpb1iite12/2024-03-18T16-20-15-259634-42673d8.ly:15:14: error: cannot find file: `../voice/gp-01-vc-184.ly'
(search path: `/tmp/tmpb1iite12:/home/user/Documents/Resounding-Libraries/Un musico meccanico - Prehistory AI/python-code:/usr/share/lilypond/2.22.1/ly:/usr/share/lilypond/2.22.1/ps:/usr/share/lilypond/2.22.1/scm:/usr/share/lilypond/2.22.1/fonts/otf/:/usr/share/lilypond/2.22.1/fonts/type1/:/usr/share/lilypond/2.22.1/fonts/svg/:')
    \include 
             "../voice/gp-01-vc-184.ly"
/tmp/tmpb1iite12/2024-03-18T16-20-15-259634-42673d8.ly:16:14: error: cannot find file: `../voice/gp-01-vc-55.ly'
(search path: `/tmp/tmpb1iite12:/home/user/Documents/Resounding-Libraries/Un musico meccanico - Prehistory AI/python-code:/usr/share/lilypond/2.22.1/ly:/usr/share/lilypond/2.22.1/ps:/usr/share/lilypond/2.22.1/scm:/usr/share/lilypond/2.22.1/fonts/otf/:/usr/share/lilypond/2.22.1/fonts/type1/:/usr/share/lilypond/2.22.1/fonts/svg/:')
    \include 
             "../voice/gp-01-vc-55.ly"
/tmp/tmpb1iite12/2024-03-18T16-20-15-259634-42673d8.ly:17:14: error: cannot find file: `../voice/gp-01-vc-98.ly'
(search path: `/tmp/tmpb1iite12:/home/user/Documents/Resounding-Libraries/Un musico meccanico - Prehistory AI/python-code:/usr/share/lilypond/2.22.1/ly:/usr/share/lilypond/2.22.1/ps:/usr/share/lilypond/2.22.1/scm:/usr/share/lilypond/2.22.1/fonts/otf/:/usr/share/lilypond/2.22.1/fonts/type1/:/usr/share/lilypond/2.22.1/fonts/svg/:')
    \include 
             "../voice/gp-01-vc-98.ly"
/tmp/tmpb1iite12/2024-03-18T16-20-15-259634-42673d8.ly:18:14: error: cannot find file: `../voice/gp-01-vc-113.ly'
(search path: `/tmp/tmpb1iite12:/home/user/Documents/Resounding-Libraries/Un musico meccanico - Prehistory AI/python-code:/usr/share/lilypond/2.22.1/ly:/usr/share/lilypond/2.22.1/ps:/usr/share/lilypond/2.22.1/scm:/usr/share/lilypond/2.22.1/fonts/otf/:/usr/share/lilypond/2.22.1/fonts/type1/:/usr/share/lilypond/2.22.1/fonts/svg/:')
    \include 
             "../voice/gp-01-vc-113.ly"
/tmp/tmpb1iite12/2024-03-18T16-20-15-259634-42673d8.ly:19:14: error: cannot find file: `../voice/gp-01-vc-56.ly'
(search path: `/tmp/tmpb1iite12:/home/user/Documents/Resounding-Libraries/Un musico meccanico - Prehistory AI/python-code:/usr/share/lilypond/2.22.1/ly:/usr/share/lilypond/2.22.1/ps:/usr/share/lilypond/2.22.1/scm:/usr/share/lilypond/2.22.1/fonts/otf/:/usr/share/lilypond/2.22.1/fonts/type1/:/usr/share/lilypond/2.22.1/fonts/svg/:')
    \include 
             "../voice/gp-01-vc-56.ly"
/tmp/tmpb1iite12/2024-03-18T16-20-15-259634-42673d8.ly:20:14: error: cannot find file: `../voice/gp-01-vc-73.ly'
(search path: `/tmp/tmpb1iite12:/home/user/Documents/Resounding-Libraries/Un musico meccanico - Prehistory AI/python-code:/usr/share/lilypond/2.22.1/ly:/usr/share/lilypond/2.22.1/ps:/usr/share/lilypond/2.22.1/scm:/usr/share/lilypond/2.22.1/fonts/otf/:/usr/share/lilypond/2.22.1/fonts/type1/:/usr/share/lilypond/2.22.1/fonts/svg/:')
    \include 
             "../voice/gp-01-vc-73.ly"
/tmp/tmpb1iite12/2024-03-18T16-20-15-259634-42673d8.ly:21:14: error: cannot find file: `../voice/gp-01-vc-94.ly'
(search path: `/tmp/tmpb1iite12:/home/user/Documents/Resounding-Libraries/Un musico meccanico - Prehistory AI/python-code:/usr/share/lilypond/2.22.1/ly:/usr/share/lilypond/2.22.1/ps:/usr/share/lilypond/2.22.1/scm:/usr/share/lilypond/2.22.1/fonts/otf/:/usr/share/lilypond/2.22.1/fonts/type1/:/usr/share/lilypond/2.22.1/fonts/svg/:')
    \include 
             "../voice/gp-01-vc-94.ly"
/tmp/tmpb1iite12/2024-03-18T16-20-15-259634-42673d8.ly:22:14: error: cannot find file: `../voice/gp-01-vc-30.ly'
(search path: `/tmp/tmpb1iite12:/home/user/Documents/Resounding-Libraries/Un musico meccanico - Prehistory AI/python-code:/usr/share/lilypond/2.22.1/ly:/usr/share/lilypond/2.22.1/ps:/usr/share/lilypond/2.22.1/scm:/usr/share/lilypond/2.22.1/fonts/otf/:/usr/share/lilypond/2.22.1/fonts/type1/:/usr/share/lilypond/2.22.1/fonts/svg/:')
    \include 
             "../voice/gp-01-vc-30.ly"
/tmp/tmpb1iite12/2024-03-18T16-20-15-259634-42673d8.ly:23:14: error: cannot find file: `../voice/gp-01-vc-99.ly'
(search path: `/tmp/tmpb1iite12:/home/user/Documents/Resounding-Libraries/Un musico meccanico - Prehistory AI/python-code:/usr/share/lilypond/2.22.1/ly:/usr/share/lilypond/2.22.1/ps:/usr/share/lilypond/2.22.1/scm:/usr/share/lilypond/2.22.1/fonts/otf/:/usr/share/lilypond/2.22.1/fonts/type1/:/usr/share/lilypond/2.22.1/fonts/svg/:')
    \include 
             "../voice/gp-01-vc-99.ly"
/tmp/tmpb1iite12/2024-03-18T16-20-15-259634-42673d8.ly:24:14: error: cannot find file: `../voice/gp-01-vc-88.ly'
(search path: `/tmp/tmpb1iite12:/home/user/Documents/Resounding-Libraries/Un musico meccanico - Prehistory AI/python-code:/usr/share/lilypond/2.22.1/ly:/usr/share/lilypond/2.22.1/ps:/usr/share/lilypond/2.22.1/scm:/usr/share/lilypond/2.22.1/fonts/otf/:/usr/share/lilypond/2.22.1/fonts/type1/:/usr/share/lilypond/2.22.1/fonts/svg/:')
    \include 
             "../voice/gp-01-vc-88.ly"
/tmp/tmpb1iite12/2024-03-18T16-20-15-259634-42673d8.ly:25:14: error: cannot find file: `../voice/gp-01-vc-11.ly'
(search path: `/tmp/tmpb1iite12:/home/user/Documents/Resounding-Libraries/Un musico meccanico - Prehistory AI/python-code:/usr/share/lilypond/2.22.1/ly:/usr/share/lilypond/2.22.1/ps:/usr/share/lilypond/2.22.1/scm:/usr/share/lilypond/2.22.1/fonts/otf/:/usr/share/lilypond/2.22.1/fonts/type1/:/usr/share/lilypond/2.22.1/fonts/svg/:')
    \include 
             "../voice/gp-01-vc-11.ly"
/tmp/tmpb1iite12/2024-03-18T16-20-15-259634-42673d8.ly:26:14: error: cannot find file: `../voice/gp-01-vc-126.ly'
(search path: `/tmp/tmpb1iite12:/home/user/Documents/Resounding-Libraries/Un musico meccanico - Prehistory AI/python-code:/usr/share/lilypond/2.22.1/ly:/usr/share/lilypond/2.22.1/ps:/usr/share/lilypond/2.22.1/scm:/usr/share/lilypond/2.22.1/fonts/otf/:/usr/share/lilypond/2.22.1/fonts/type1/:/usr/share/lilypond/2.22.1/fonts/svg/:')
    \include 
             "../voice/gp-01-vc-126.ly"
/tmp/tmpb1iite12/2024-03-18T16-20-15-259634-42673d8.ly:27:14: error: cannot find file: `../voice/gp-01-vc-6.ly'
(search path: `/tmp/tmpb1iite12:/home/user/Documents/Resounding-Libraries/Un musico meccanico - Prehistory AI/python-code:/usr/share/lilypond/2.22.1/ly:/usr/share/lilypond/2.22.1/ps:/usr/share/lilypond/2.22.1/scm:/usr/share/lilypond/2.22.1/fonts/otf/:/usr/share/lilypond/2.22.1/fonts/type1/:/usr/share/lilypond/2.22.1/fonts/svg/:')
    \include 
             "../voice/gp-01-vc-6.ly"
/tmp/tmpb1iite12/2024-03-18T16-20-15-259634-42673d8.ly:28:14: error: cannot find file: `../voice/gp-01-vc-26.ly'
(search path: `/tmp/tmpb1iite12:/home/user/Documents/Resounding-Libraries/Un musico meccanico - Prehistory AI/python-code:/usr/share/lilypond/2.22.1/ly:/usr/share/lilypond/2.22.1/ps:/usr/share/lilypond/2.22.1/scm:/usr/share/lilypond/2.22.1/fonts/otf/:/usr/share/lilypond/2.22.1/fonts/type1/:/usr/share/lilypond/2.22.1/fonts/svg/:')
    \include 
             "../voice/gp-01-vc-26.ly"
/tmp/tmpb1iite12/2024-03-18T16-20-15-259634-42673d8.ly:29:14: error: cannot find file: `../voice/gp-01-vc-108.ly'
(search path: `/tmp/tmpb1iite12:/home/user/Documents/Resounding-Libraries/Un musico meccanico - Prehistory AI/python-code:/usr/share/lilypond/2.22.1/ly:/usr/share/lilypond/2.22.1/ps:/usr/share/lilypond/2.22.1/scm:/usr/share/lilypond/2.22.1/fonts/otf/:/usr/share/lilypond/2.22.1/fonts/type1/:/usr/share/lilypond/2.22.1/fonts/svg/:')
    \include 
             "../voice/gp-01-vc-108.ly"
/tmp/tmpb1iite12/2024-03-18T16-20-15-259634-42673d8.ly:30:14: error: cannot find file: `../voice/gp-01-vc-20.ly'
(search path: `/tmp/tmpb1iite12:/home/user/Documents/Resounding-Libraries/Un musico meccanico - Prehistory AI/python-code:/usr/share/lilypond/2.22.1/ly:/usr/share/lilypond/2.22.1/ps:/usr/share/lilypond/2.22.1/scm:/usr/share/lilypond/2.22.1/fonts/otf/:/usr/share/lilypond/2.22.1/fonts/type1/:/usr/share/lilypond/2.22.1/fonts/svg/:')
    \include 
             "../voice/gp-01-vc-20.ly"
/tmp/tmpb1iite12/2024-03-18T16-20-15-259634-42673d8.ly:31:14: error: cannot find file: `../voice/gp-01-vc-61.ly'
(search path: `/tmp/tmpb1iite12:/home/user/Documents/Resounding-Libraries/Un musico meccanico - Prehistory AI/python-code:/usr/share/lilypond/2.22.1/ly:/usr/share/lilypond/2.22.1/ps:/usr/share/lilypond/2.22.1/scm:/usr/share/lilypond/2.22.1/fonts/otf/:/usr/share/lilypond/2.22.1/fonts/type1/:/usr/share/lilypond/2.22.1/fonts/svg/:')
    \include 
             "../voice/gp-01-vc-61.ly"
/tmp/tmpb1iite12/2024-03-18T16-20-15-259634-42673d8.ly:38:14: error: cannot find file: `../voice_option.ly'
(search path: `/tmp/tmpb1iite12:/home/user/Documents/Resounding-Libraries/Un musico meccanico - Prehistory AI/python-code:/usr/share/lilypond/2.22.1/ly:/usr/share/lilypond/2.22.1/ps:/usr/share/lilypond/2.22.1/scm:/usr/share/lilypond/2.22.1/fonts/otf/:/usr/share/lilypond/2.22.1/fonts/type1/:/usr/share/lilypond/2.22.1/fonts/svg/:')
    \include 
             "../voice_option.ly"
/tmp/tmpb1iite12/2024-03-18T16-20-15-259634-42673d8.ly:39:14: error: cannot find file: `../rh/gp-01-rh-180.ly'
(search path: `/tmp/tmpb1iite12:/home/user/Documents/Resounding-Libraries/Un musico meccanico - Prehistory AI/python-code:/usr/share/lilypond/2.22.1/ly:/usr/share/lilypond/2.22.1/ps:/usr/share/lilypond/2.22.1/scm:/usr/share/lilypond/2.22.1/fonts/otf/:/usr/share/lilypond/2.22.1/fonts/type1/:/usr/share/lilypond/2.22.1/fonts/svg/:')
    \include 
             "../rh/gp-01-rh-180.ly"
/tmp/tmpb1iite12/2024-03-18T16-20-15-259634-42673d8.ly:40:14: error: cannot find file: `../rh/gp-01-rh-184.ly'
(search path: `/tmp/tmpb1iite12:/home/user/Documents/Resounding-Libraries/Un musico meccanico - Prehistory AI/python-code:/usr/share/lilypond/2.22.1/ly:/usr/share/lilypond/2.22.1/ps:/usr/share/lilypond/2.22.1/scm:/usr/share/lilypond/2.22.1/fonts/otf/:/usr/share/lilypond/2.22.1/fonts/type1/:/usr/share/lilypond/2.22.1/fonts/svg/:')
    \include 
             "../rh/gp-01-rh-184.ly"
/tmp/tmpb1iite12/2024-03-18T16-20-15-259634-42673d8.ly:41:14: error: cannot find file: `../rh/gp-01-rh-55.ly'
(search path: `/tmp/tmpb1iite12:/home/user/Documents/Resounding-Libraries/Un musico meccanico - Prehistory AI/python-code:/usr/share/lilypond/2.22.1/ly:/usr/share/lilypond/2.22.1/ps:/usr/share/lilypond/2.22.1/scm:/usr/share/lilypond/2.22.1/fonts/otf/:/usr/share/lilypond/2.22.1/fonts/type1/:/usr/share/lilypond/2.22.1/fonts/svg/:')
    \include 
             "../rh/gp-01-rh-55.ly"
/tmp/tmpb1iite12/2024-03-18T16-20-15-259634-42673d8.ly:42:14: error: cannot find file: `../rh/gp-01-rh-98.ly'
(search path: `/tmp/tmpb1iite12:/home/user/Documents/Resounding-Libraries/Un musico meccanico - Prehistory AI/python-code:/usr/share/lilypond/2.22.1/ly:/usr/share/lilypond/2.22.1/ps:/usr/share/lilypond/2.22.1/scm:/usr/share/lilypond/2.22.1/fonts/otf/:/usr/share/lilypond/2.22.1/fonts/type1/:/usr/share/lilypond/2.22.1/fonts/svg/:')
    \include 
             "../rh/gp-01-rh-98.ly"
/tmp/tmpb1iite12/2024-03-18T16-20-15-259634-42673d8.ly:43:14: error: cannot find file: `../rh/gp-01-rh-113.ly'
(search path: `/tmp/tmpb1iite12:/home/user/Documents/Resounding-Libraries/Un musico meccanico - Prehistory AI/python-code:/usr/share/lilypond/2.22.1/ly:/usr/share/lilypond/2.22.1/ps:/usr/share/lilypond/2.22.1/scm:/usr/share/lilypond/2.22.1/fonts/otf/:/usr/share/lilypond/2.22.1/fonts/type1/:/usr/share/lilypond/2.22.1/fonts/svg/:')
    \include 
             "../rh/gp-01-rh-113.ly"
/tmp/tmpb1iite12/2024-03-18T16-20-15-259634-42673d8.ly:44:14: error: cannot find file: `../rh/gp-01-rh-56.ly'
(search path: `/tmp/tmpb1iite12:/home/user/Documents/Resounding-Libraries/Un musico meccanico - Prehistory AI/python-code:/usr/share/lilypond/2.22.1/ly:/usr/share/lilypond/2.22.1/ps:/usr/share/lilypond/2.22.1/scm:/usr/share/lilypond/2.22.1/fonts/otf/:/usr/share/lilypond/2.22.1/fonts/type1/:/usr/share/lilypond/2.22.1/fonts/svg/:')
    \include 
             "../rh/gp-01-rh-56.ly"
/tmp/tmpb1iite12/2024-03-18T16-20-15-259634-42673d8.ly:45:14: error: cannot find file: `../rh/gp-01-rh-73.ly'
(search path: `/tmp/tmpb1iite12:/home/user/Documents/Resounding-Libraries/Un musico meccanico - Prehistory AI/python-code:/usr/share/lilypond/2.22.1/ly:/usr/share/lilypond/2.22.1/ps:/usr/share/lilypond/2.22.1/scm:/usr/share/lilypond/2.22.1/fonts/otf/:/usr/share/lilypond/2.22.1/fonts/type1/:/usr/share/lilypond/2.22.1/fonts/svg/:')
    \include 
             "../rh/gp-01-rh-73.ly"
/tmp/tmpb1iite12/2024-03-18T16-20-15-259634-42673d8.ly:46:14: error: cannot find file: `../rh/gp-01-rh-94.ly'
(search path: `/tmp/tmpb1iite12:/home/user/Documents/Resounding-Libraries/Un musico meccanico - Prehistory AI/python-code:/usr/share/lilypond/2.22.1/ly:/usr/share/lilypond/2.22.1/ps:/usr/share/lilypond/2.22.1/scm:/usr/share/lilypond/2.22.1/fonts/otf/:/usr/share/lilypond/2.22.1/fonts/type1/:/usr/share/lilypond/2.22.1/fonts/svg/:')
    \include 
             "../rh/gp-01-rh-94.ly"
/tmp/tmpb1iite12/2024-03-18T16-20-15-259634-42673d8.ly:47:14: error: cannot find file: `../rh/gp-01-rh-30.ly'
(search path: `/tmp/tmpb1iite12:/home/user/Documents/Resounding-Libraries/Un musico meccanico - Prehistory AI/python-code:/usr/share/lilypond/2.22.1/ly:/usr/share/lilypond/2.22.1/ps:/usr/share/lilypond/2.22.1/scm:/usr/share/lilypond/2.22.1/fonts/otf/:/usr/share/lilypond/2.22.1/fonts/type1/:/usr/share/lilypond/2.22.1/fonts/svg/:')
    \include 
             "../rh/gp-01-rh-30.ly"
/tmp/tmpb1iite12/2024-03-18T16-20-15-259634-42673d8.ly:48:14: error: cannot find file: `../rh/gp-01-rh-99.ly'
(search path: `/tmp/tmpb1iite12:/home/user/Documents/Resounding-Libraries/Un musico meccanico - Prehistory AI/python-code:/usr/share/lilypond/2.22.1/ly:/usr/share/lilypond/2.22.1/ps:/usr/share/lilypond/2.22.1/scm:/usr/share/lilypond/2.22.1/fonts/otf/:/usr/share/lilypond/2.22.1/fonts/type1/:/usr/share/lilypond/2.22.1/fonts/svg/:')
    \include 
             "../rh/gp-01-rh-99.ly"
/tmp/tmpb1iite12/2024-03-18T16-20-15-259634-42673d8.ly:49:14: error: cannot find file: `../rh/gp-01-rh-88.ly'
(search path: `/tmp/tmpb1iite12:/home/user/Documents/Resounding-Libraries/Un musico meccanico - Prehistory AI/python-code:/usr/share/lilypond/2.22.1/ly:/usr/share/lilypond/2.22.1/ps:/usr/share/lilypond/2.22.1/scm:/usr/share/lilypond/2.22.1/fonts/otf/:/usr/share/lilypond/2.22.1/fonts/type1/:/usr/share/lilypond/2.22.1/fonts/svg/:')
    \include 
             "../rh/gp-01-rh-88.ly"
/tmp/tmpb1iite12/2024-03-18T16-20-15-259634-42673d8.ly:50:14: error: cannot find file: `../rh/gp-01-rh-11.ly'
(search path: `/tmp/tmpb1iite12:/home/user/Documents/Resounding-Libraries/Un musico meccanico - Prehistory AI/python-code:/usr/share/lilypond/2.22.1/ly:/usr/share/lilypond/2.22.1/ps:/usr/share/lilypond/2.22.1/scm:/usr/share/lilypond/2.22.1/fonts/otf/:/usr/share/lilypond/2.22.1/fonts/type1/:/usr/share/lilypond/2.22.1/fonts/svg/:')
    \include 
             "../rh/gp-01-rh-11.ly"
/tmp/tmpb1iite12/2024-03-18T16-20-15-259634-42673d8.ly:51:14: error: cannot find file: `../rh/gp-01-rh-126.ly'
(search path: `/tmp/tmpb1iite12:/home/user/Documents/Resounding-Libraries/Un musico meccanico - Prehistory AI/python-code:/usr/share/lilypond/2.22.1/ly:/usr/share/lilypond/2.22.1/ps:/usr/share/lilypond/2.22.1/scm:/usr/share/lilypond/2.22.1/fonts/otf/:/usr/share/lilypond/2.22.1/fonts/type1/:/usr/share/lilypond/2.22.1/fonts/svg/:')
    \include 
             "../rh/gp-01-rh-126.ly"
/tmp/tmpb1iite12/2024-03-18T16-20-15-259634-42673d8.ly:52:14: error: cannot find file: `../rh/gp-01-rh-6.ly'
(search path: `/tmp/tmpb1iite12:/home/user/Documents/Resounding-Libraries/Un musico meccanico - Prehistory AI/python-code:/usr/share/lilypond/2.22.1/ly:/usr/share/lilypond/2.22.1/ps:/usr/share/lilypond/2.22.1/scm:/usr/share/lilypond/2.22.1/fonts/otf/:/usr/share/lilypond/2.22.1/fonts/type1/:/usr/share/lilypond/2.22.1/fonts/svg/:')
    \include 
             "../rh/gp-01-rh-6.ly"
/tmp/tmpb1iite12/2024-03-18T16-20-15-259634-42673d8.ly:53:14: error: cannot find file: `../rh/gp-01-rh-26.ly'
(search path: `/tmp/tmpb1iite12:/home/user/Documents/Resounding-Libraries/Un musico meccanico - Prehistory AI/python-code:/usr/share/lilypond/2.22.1/ly:/usr/share/lilypond/2.22.1/ps:/usr/share/lilypond/2.22.1/scm:/usr/share/lilypond/2.22.1/fonts/otf/:/usr/share/lilypond/2.22.1/fonts/type1/:/usr/share/lilypond/2.22.1/fonts/svg/:')
    \include 
             "../rh/gp-01-rh-26.ly"
/tmp/tmpb1iite12/2024-03-18T16-20-15-259634-42673d8.ly:54:14: error: cannot find file: `../rh/gp-01-rh-108.ly'
(search path: `/tmp/tmpb1iite12:/home/user/Documents/Resounding-Libraries/Un musico meccanico - Prehistory AI/python-code:/usr/share/lilypond/2.22.1/ly:/usr/share/lilypond/2.22.1/ps:/usr/share/lilypond/2.22.1/scm:/usr/share/lilypond/2.22.1/fonts/otf/:/usr/share/lilypond/2.22.1/fonts/type1/:/usr/share/lilypond/2.22.1/fonts/svg/:')
    \include 
             "../rh/gp-01-rh-108.ly"
/tmp/tmpb1iite12/2024-03-18T16-20-15-259634-42673d8.ly:55:14: error: cannot find file: `../rh/gp-01-rh-20.ly'
(search path: `/tmp/tmpb1iite12:/home/user/Documents/Resounding-Libraries/Un musico meccanico - Prehistory AI/python-code:/usr/share/lilypond/2.22.1/ly:/usr/share/lilypond/2.22.1/ps:/usr/share/lilypond/2.22.1/scm:/usr/share/lilypond/2.22.1/fonts/otf/:/usr/share/lilypond/2.22.1/fonts/type1/:/usr/share/lilypond/2.22.1/fonts/svg/:')
    \include 
             "../rh/gp-01-rh-20.ly"
/tmp/tmpb1iite12/2024-03-18T16-20-15-259634-42673d8.ly:56:14: error: cannot find file: `../rh/gp-01-rh-61.ly'
(search path: `/tmp/tmpb1iite12:/home/user/Documents/Resounding-Libraries/Un musico meccanico - Prehistory AI/python-code:/usr/share/lilypond/2.22.1/ly:/usr/share/lilypond/2.22.1/ps:/usr/share/lilypond/2.22.1/scm:/usr/share/lilypond/2.22.1/fonts/otf/:/usr/share/lilypond/2.22.1/fonts/type1/:/usr/share/lilypond/2.22.1/fonts/svg/:')
    \include 
             "../rh/gp-01-rh-61.ly"
/tmp/tmpb1iite12/2024-03-18T16-20-15-259634-42673d8.ly:59:14: error: cannot find file: `../bassline_option.ly'
(search path: `/tmp/tmpb1iite12:/home/user/Documents/Resounding-Libraries/Un musico meccanico - Prehistory AI/python-code:/usr/share/lilypond/2.22.1/ly:/usr/share/lilypond/2.22.1/ps:/usr/share/lilypond/2.22.1/scm:/usr/share/lilypond/2.22.1/fonts/otf/:/usr/share/lilypond/2.22.1/fonts/type1/:/usr/share/lilypond/2.22.1/fonts/svg/:')
    \include 
             "../bassline_option.ly"
/tmp/tmpb1iite12/2024-03-18T16-20-15-259634-42673d8.ly:60:14: error: cannot find file: `../lh/gp-01-lh-180.ly'
(search path: `/tmp/tmpb1iite12:/home/user/Documents/Resounding-Libraries/Un musico meccanico - Prehistory AI/python-code:/usr/share/lilypond/2.22.1/ly:/usr/share/lilypond/2.22.1/ps:/usr/share/lilypond/2.22.1/scm:/usr/share/lilypond/2.22.1/fonts/otf/:/usr/share/lilypond/2.22.1/fonts/type1/:/usr/share/lilypond/2.22.1/fonts/svg/:')
    \include 
             "../lh/gp-01-lh-180.ly"
/tmp/tmpb1iite12/2024-03-18T16-20-15-259634-42673d8.ly:61:14: error: cannot find file: `../lh/gp-01-lh-184.ly'
(search path: `/tmp/tmpb1iite12:/home/user/Documents/Resounding-Libraries/Un musico meccanico - Prehistory AI/python-code:/usr/share/lilypond/2.22.1/ly:/usr/share/lilypond/2.22.1/ps:/usr/share/lilypond/2.22.1/scm:/usr/share/lilypond/2.22.1/fonts/otf/:/usr/share/lilypond/2.22.1/fonts/type1/:/usr/share/lilypond/2.22.1/fonts/svg/:')
    \include 
             "../lh/gp-01-lh-184.ly"
/tmp/tmpb1iite12/2024-03-18T16-20-15-259634-42673d8.ly:62:14: error: cannot find file: `../lh/gp-01-lh-55.ly'
(search path: `/tmp/tmpb1iite12:/home/user/Documents/Resounding-Libraries/Un musico meccanico - Prehistory AI/python-code:/usr/share/lilypond/2.22.1/ly:/usr/share/lilypond/2.22.1/ps:/usr/share/lilypond/2.22.1/scm:/usr/share/lilypond/2.22.1/fonts/otf/:/usr/share/lilypond/2.22.1/fonts/type1/:/usr/share/lilypond/2.22.1/fonts/svg/:')
    \include 
             "../lh/gp-01-lh-55.ly"
/tmp/tmpb1iite12/2024-03-18T16-20-15-259634-42673d8.ly:63:14: error: cannot find file: `../lh/gp-01-lh-98.ly'
(search path: `/tmp/tmpb1iite12:/home/user/Documents/Resounding-Libraries/Un musico meccanico - Prehistory AI/python-code:/usr/share/lilypond/2.22.1/ly:/usr/share/lilypond/2.22.1/ps:/usr/share/lilypond/2.22.1/scm:/usr/share/lilypond/2.22.1/fonts/otf/:/usr/share/lilypond/2.22.1/fonts/type1/:/usr/share/lilypond/2.22.1/fonts/svg/:')
    \include 
             "../lh/gp-01-lh-98.ly"
/tmp/tmpb1iite12/2024-03-18T16-20-15-259634-42673d8.ly:64:14: error: cannot find file: `../lh/gp-01-lh-113.ly'
(search path: `/tmp/tmpb1iite12:/home/user/Documents/Resounding-Libraries/Un musico meccanico - Prehistory AI/python-code:/usr/share/lilypond/2.22.1/ly:/usr/share/lilypond/2.22.1/ps:/usr/share/lilypond/2.22.1/scm:/usr/share/lilypond/2.22.1/fonts/otf/:/usr/share/lilypond/2.22.1/fonts/type1/:/usr/share/lilypond/2.22.1/fonts/svg/:')
    \include 
             "../lh/gp-01-lh-113.ly"
/tmp/tmpb1iite12/2024-03-18T16-20-15-259634-42673d8.ly:65:14: error: cannot find file: `../lh/gp-01-lh-56.ly'
(search path: `/tmp/tmpb1iite12:/home/user/Documents/Resounding-Libraries/Un musico meccanico - Prehistory AI/python-code:/usr/share/lilypond/2.22.1/ly:/usr/share/lilypond/2.22.1/ps:/usr/share/lilypond/2.22.1/scm:/usr/share/lilypond/2.22.1/fonts/otf/:/usr/share/lilypond/2.22.1/fonts/type1/:/usr/share/lilypond/2.22.1/fonts/svg/:')
    \include 
             "../lh/gp-01-lh-56.ly"
/tmp/tmpb1iite12/2024-03-18T16-20-15-259634-42673d8.ly:66:14: error: cannot find file: `../lh/gp-01-lh-73.ly'
(search path: `/tmp/tmpb1iite12:/home/user/Documents/Resounding-Libraries/Un musico meccanico - Prehistory AI/python-code:/usr/share/lilypond/2.22.1/ly:/usr/share/lilypond/2.22.1/ps:/usr/share/lilypond/2.22.1/scm:/usr/share/lilypond/2.22.1/fonts/otf/:/usr/share/lilypond/2.22.1/fonts/type1/:/usr/share/lilypond/2.22.1/fonts/svg/:')
    \include 
             "../lh/gp-01-lh-73.ly"
/tmp/tmpb1iite12/2024-03-18T16-20-15-259634-42673d8.ly:67:14: error: cannot find file: `../lh/gp-01-lh-94.ly'
(search path: `/tmp/tmpb1iite12:/home/user/Documents/Resounding-Libraries/Un musico meccanico - Prehistory AI/python-code:/usr/share/lilypond/2.22.1/ly:/usr/share/lilypond/2.22.1/ps:/usr/share/lilypond/2.22.1/scm:/usr/share/lilypond/2.22.1/fonts/otf/:/usr/share/lilypond/2.22.1/fonts/type1/:/usr/share/lilypond/2.22.1/fonts/svg/:')
    \include 
             "../lh/gp-01-lh-94.ly"
/tmp/tmpb1iite12/2024-03-18T16-20-15-259634-42673d8.ly:68:14: error: cannot find file: `../lh/gp-01-lh-30.ly'
(search path: `/tmp/tmpb1iite12:/home/user/Documents/Resounding-Libraries/Un musico meccanico - Prehistory AI/python-code:/usr/share/lilypond/2.22.1/ly:/usr/share/lilypond/2.22.1/ps:/usr/share/lilypond/2.22.1/scm:/usr/share/lilypond/2.22.1/fonts/otf/:/usr/share/lilypond/2.22.1/fonts/type1/:/usr/share/lilypond/2.22.1/fonts/svg/:')
    \include 
             "../lh/gp-01-lh-30.ly"
/tmp/tmpb1iite12/2024-03-18T16-20-15-259634-42673d8.ly:69:14: error: cannot find file: `../lh/gp-01-lh-99.ly'
(search path: `/tmp/tmpb1iite12:/home/user/Documents/Resounding-Libraries/Un musico meccanico - Prehistory AI/python-code:/usr/share/lilypond/2.22.1/ly:/usr/share/lilypond/2.22.1/ps:/usr/share/lilypond/2.22.1/scm:/usr/share/lilypond/2.22.1/fonts/otf/:/usr/share/lilypond/2.22.1/fonts/type1/:/usr/share/lilypond/2.22.1/fonts/svg/:')
    \include 
             "../lh/gp-01-lh-99.ly"
/tmp/tmpb1iite12/2024-03-18T16-20-15-259634-42673d8.ly:70:14: error: cannot find file: `../lh/gp-01-lh-88.ly'
(search path: `/tmp/tmpb1iite12:/home/user/Documents/Resounding-Libraries/Un musico meccanico - Prehistory AI/python-code:/usr/share/lilypond/2.22.1/ly:/usr/share/lilypond/2.22.1/ps:/usr/share/lilypond/2.22.1/scm:/usr/share/lilypond/2.22.1/fonts/otf/:/usr/share/lilypond/2.22.1/fonts/type1/:/usr/share/lilypond/2.22.1/fonts/svg/:')
    \include 
             "../lh/gp-01-lh-88.ly"
/tmp/tmpb1iite12/2024-03-18T16-20-15-259634-42673d8.ly:71:14: error: cannot find file: `../lh/gp-01-lh-11.ly'
(search path: `/tmp/tmpb1iite12:/home/user/Documents/Resounding-Libraries/Un musico meccanico - Prehistory AI/python-code:/usr/share/lilypond/2.22.1/ly:/usr/share/lilypond/2.22.1/ps:/usr/share/lilypond/2.22.1/scm:/usr/share/lilypond/2.22.1/fonts/otf/:/usr/share/lilypond/2.22.1/fonts/type1/:/usr/share/lilypond/2.22.1/fonts/svg/:')
    \include 
             "../lh/gp-01-lh-11.ly"
/tmp/tmpb1iite12/2024-03-18T16-20-15-259634-42673d8.ly:72:14: error: cannot find file: `../lh/gp-01-lh-126.ly'
(search path: `/tmp/tmpb1iite12:/home/user/Documents/Resounding-Libraries/Un musico meccanico - Prehistory AI/python-code:/usr/share/lilypond/2.22.1/ly:/usr/share/lilypond/2.22.1/ps:/usr/share/lilypond/2.22.1/scm:/usr/share/lilypond/2.22.1/fonts/otf/:/usr/share/lilypond/2.22.1/fonts/type1/:/usr/share/lilypond/2.22.1/fonts/svg/:')
    \include 
             "../lh/gp-01-lh-126.ly"
/tmp/tmpb1iite12/2024-03-18T16-20-15-259634-42673d8.ly:73:14: error: cannot find file: `../lh/gp-01-lh-6.ly'
(search path: `/tmp/tmpb1iite12:/home/user/Documents/Resounding-Libraries/Un musico meccanico - Prehistory AI/python-code:/usr/share/lilypond/2.22.1/ly:/usr/share/lilypond/2.22.1/ps:/usr/share/lilypond/2.22.1/scm:/usr/share/lilypond/2.22.1/fonts/otf/:/usr/share/lilypond/2.22.1/fonts/type1/:/usr/share/lilypond/2.22.1/fonts/svg/:')
    \include 
             "../lh/gp-01-lh-6.ly"
/tmp/tmpb1iite12/2024-03-18T16-20-15-259634-42673d8.ly:74:14: error: cannot find file: `../lh/gp-01-lh-26.ly'
(search path: `/tmp/tmpb1iite12:/home/user/Documents/Resounding-Libraries/Un musico meccanico - Prehistory AI/python-code:/usr/share/lilypond/2.22.1/ly:/usr/share/lilypond/2.22.1/ps:/usr/share/lilypond/2.22.1/scm:/usr/share/lilypond/2.22.1/fonts/otf/:/usr/share/lilypond/2.22.1/fonts/type1/:/usr/share/lilypond/2.22.1/fonts/svg/:')
    \include 
             "../lh/gp-01-lh-26.ly"
/tmp/tmpb1iite12/2024-03-18T16-20-15-259634-42673d8.ly:75:14: error: cannot find file: `../lh/gp-01-lh-108.ly'
(search path: `/tmp/tmpb1iite12:/home/user/Documents/Resounding-Libraries/Un musico meccanico - Prehistory AI/python-code:/usr/share/lilypond/2.22.1/ly:/usr/share/lilypond/2.22.1/ps:/usr/share/lilypond/2.22.1/scm:/usr/share/lilypond/2.22.1/fonts/otf/:/usr/share/lilypond/2.22.1/fonts/type1/:/usr/share/lilypond/2.22.1/fonts/svg/:')
    \include 
             "../lh/gp-01-lh-108.ly"
/tmp/tmpb1iite12/2024-03-18T16-20-15-259634-42673d8.ly:76:14: error: cannot find file: `../lh/gp-01-lh-20.ly'
(search path: `/tmp/tmpb1iite12:/home/user/Documents/Resounding-Libraries/Un musico meccanico - Prehistory AI/python-code:/usr/share/lilypond/2.22.1/ly:/usr/share/lilypond/2.22.1/ps:/usr/share/lilypond/2.22.1/scm:/usr/share/lilypond/2.22.1/fonts/otf/:/usr/share/lilypond/2.22.1/fonts/type1/:/usr/share/lilypond/2.22.1/fonts/svg/:')
    \include 
             "../lh/gp-01-lh-20.ly"
/tmp/tmpb1iite12/2024-03-18T16-20-15-259634-42673d8.ly:77:14: error: cannot find file: `../lh/gp-01-lh-61.ly'
(search path: `/tmp/tmpb1iite12:/home/user/Documents/Resounding-Libraries/Un musico meccanico - Prehistory AI/python-code:/usr/share/lilypond/2.22.1/ly:/usr/share/lilypond/2.22.1/ps:/usr/share/lilypond/2.22.1/scm:/usr/share/lilypond/2.22.1/fonts/otf/:/usr/share/lilypond/2.22.1/fonts/type1/:/usr/share/lilypond/2.22.1/fonts/svg/:')
    \include 
             "../lh/gp-01-lh-61.ly"
/tmp/tmpb1iite12/2024-03-18T16-20-15-259634-42673d8.ly:81:14: error: cannot find file: `../layout_settings.ly'
(search path: `/tmp/tmpb1iite12:/home/user/Documents/Resounding-Libraries/Un musico meccanico - Prehistory AI/python-code:/usr/share/lilypond/2.22.1/ly:/usr/share/lilypond/2.22.1/ps:/usr/share/lilypond/2.22.1/scm:/usr/share/lilypond/2.22.1/fonts/otf/:/usr/share/lilypond/2.22.1/fonts/type1/:/usr/share/lilypond/2.22.1/fonts/svg/:')
    \include 
             "../layout_settings.ly"
/tmp/tmpb1iite12/2024-03-18T16-20-15-259634-42673d8.ly:1: warning: no \version statement found, please add

\version "2.22.1"

for future compatibility
Interpreting music...
/tmp/tmpb1iite12/2024-03-18T16-20-15-259634-42673d8.ly:8:5: warning: skipping zero-duration score
    
    <<
/tmp/tmpb1iite12/2024-03-18T16-20-15-259634-42673d8.ly:8:5: warning: to suppress this, consider adding a spacer rest
    
    <<
fatal error: failed files: "/tmp/tmpb1iite12/2024-03-18T16-20-15-259634-42673d8.ly"
