GNU LilyPond 2.22.1
Changing working directory to: `/tmp/tmpsdg6rdc3'
Processing `/tmp/tmpsdg6rdc3/2024-03-18T16-20-12-890626-aaf2d8d.ly'
Parsing...
/tmp/tmpsdg6rdc3/2024-03-18T16-20-12-890626-aaf2d8d.ly:1:10: error: cannot find file: `../paper_settings.ly'
(search path: `/tmp/tmpsdg6rdc3:/home/user/Documents/Resounding-Libraries/Un musico meccanico - Prehistory AI/python-code:/usr/share/lilypond/2.22.1/ly:/usr/share/lilypond/2.22.1/ps:/usr/share/lilypond/2.22.1/scm:/usr/share/lilypond/2.22.1/fonts/otf/:/usr/share/lilypond/2.22.1/fonts/type1/:/usr/share/lilypond/2.22.1/fonts/svg/:')
\include 
         "../paper_settings.ly" 
/tmp/tmpsdg6rdc3/2024-03-18T16-20-12-890626-aaf2d8d.ly:13:14: error: cannot find file: `../voice_option.ly'
(search path: `/tmp/tmpsdg6rdc3:/home/user/Documents/Resounding-Libraries/Un musico meccanico - Prehistory AI/python-code:/usr/share/lilypond/2.22.1/ly:/usr/share/lilypond/2.22.1/ps:/usr/share/lilypond/2.22.1/scm:/usr/share/lilypond/2.22.1/fonts/otf/:/usr/share/lilypond/2.22.1/fonts/type1/:/usr/share/lilypond/2.22.1/fonts/svg/:')
    \include 
             "../voice_option.ly"
/tmp/tmpsdg6rdc3/2024-03-18T16-20-12-890626-aaf2d8d.ly:14:14: error: cannot find file: `../voice/gp-01-vc-150.ly'
(search path: `/tmp/tmpsdg6rdc3:/home/user/Documents/Resounding-Libraries/Un musico meccanico - Prehistory AI/python-code:/usr/share/lilypond/2.22.1/ly:/usr/share/lilypond/2.22.1/ps:/usr/share/lilypond/2.22.1/scm:/usr/share/lilypond/2.22.1/fonts/otf/:/usr/share/lilypond/2.22.1/fonts/type1/:/usr/share/lilypond/2.22.1/fonts/svg/:')
    \include 
             "../voice/gp-01-vc-150.ly"
/tmp/tmpsdg6rdc3/2024-03-18T16-20-12-890626-aaf2d8d.ly:15:14: error: cannot find file: `../voice/gp-01-vc-34.ly'
(search path: `/tmp/tmpsdg6rdc3:/home/user/Documents/Resounding-Libraries/Un musico meccanico - Prehistory AI/python-code:/usr/share/lilypond/2.22.1/ly:/usr/share/lilypond/2.22.1/ps:/usr/share/lilypond/2.22.1/scm:/usr/share/lilypond/2.22.1/fonts/otf/:/usr/share/lilypond/2.22.1/fonts/type1/:/usr/share/lilypond/2.22.1/fonts/svg/:')
    \include 
             "../voice/gp-01-vc-34.ly"
/tmp/tmpsdg6rdc3/2024-03-18T16-20-12-890626-aaf2d8d.ly:16:14: error: cannot find file: `../voice/gp-01-vc-111.ly'
(search path: `/tmp/tmpsdg6rdc3:/home/user/Documents/Resounding-Libraries/Un musico meccanico - Prehistory AI/python-code:/usr/share/lilypond/2.22.1/ly:/usr/share/lilypond/2.22.1/ps:/usr/share/lilypond/2.22.1/scm:/usr/share/lilypond/2.22.1/fonts/otf/:/usr/share/lilypond/2.22.1/fonts/type1/:/usr/share/lilypond/2.22.1/fonts/svg/:')
    \include 
             "../voice/gp-01-vc-111.ly"
/tmp/tmpsdg6rdc3/2024-03-18T16-20-12-890626-aaf2d8d.ly:17:14: error: cannot find file: `../voice/gp-01-vc-2.ly'
(search path: `/tmp/tmpsdg6rdc3:/home/user/Documents/Resounding-Libraries/Un musico meccanico - Prehistory AI/python-code:/usr/share/lilypond/2.22.1/ly:/usr/share/lilypond/2.22.1/ps:/usr/share/lilypond/2.22.1/scm:/usr/share/lilypond/2.22.1/fonts/otf/:/usr/share/lilypond/2.22.1/fonts/type1/:/usr/share/lilypond/2.22.1/fonts/svg/:')
    \include 
             "../voice/gp-01-vc-2.ly"
/tmp/tmpsdg6rdc3/2024-03-18T16-20-12-890626-aaf2d8d.ly:18:14: error: cannot find file: `../voice/gp-01-vc-96.ly'
(search path: `/tmp/tmpsdg6rdc3:/home/user/Documents/Resounding-Libraries/Un musico meccanico - Prehistory AI/python-code:/usr/share/lilypond/2.22.1/ly:/usr/share/lilypond/2.22.1/ps:/usr/share/lilypond/2.22.1/scm:/usr/share/lilypond/2.22.1/fonts/otf/:/usr/share/lilypond/2.22.1/fonts/type1/:/usr/share/lilypond/2.22.1/fonts/svg/:')
    \include 
             "../voice/gp-01-vc-96.ly"
/tmp/tmpsdg6rdc3/2024-03-18T16-20-12-890626-aaf2d8d.ly:19:14: error: cannot find file: `../voice/gp-01-vc-175.ly'
(search path: `/tmp/tmpsdg6rdc3:/home/user/Documents/Resounding-Libraries/Un musico meccanico - Prehistory AI/python-code:/usr/share/lilypond/2.22.1/ly:/usr/share/lilypond/2.22.1/ps:/usr/share/lilypond/2.22.1/scm:/usr/share/lilypond/2.22.1/fonts/otf/:/usr/share/lilypond/2.22.1/fonts/type1/:/usr/share/lilypond/2.22.1/fonts/svg/:')
    \include 
             "../voice/gp-01-vc-175.ly"
/tmp/tmpsdg6rdc3/2024-03-18T16-20-12-890626-aaf2d8d.ly:20:14: error: cannot find file: `../voice/gp-01-vc-5.ly'
(search path: `/tmp/tmpsdg6rdc3:/home/user/Documents/Resounding-Libraries/Un musico meccanico - Prehistory AI/python-code:/usr/share/lilypond/2.22.1/ly:/usr/share/lilypond/2.22.1/ps:/usr/share/lilypond/2.22.1/scm:/usr/share/lilypond/2.22.1/fonts/otf/:/usr/share/lilypond/2.22.1/fonts/type1/:/usr/share/lilypond/2.22.1/fonts/svg/:')
    \include 
             "../voice/gp-01-vc-5.ly"
/tmp/tmpsdg6rdc3/2024-03-18T16-20-12-890626-aaf2d8d.ly:21:14: error: cannot find file: `../voice/gp-01-vc-179.ly'
(search path: `/tmp/tmpsdg6rdc3:/home/user/Documents/Resounding-Libraries/Un musico meccanico - Prehistory AI/python-code:/usr/share/lilypond/2.22.1/ly:/usr/share/lilypond/2.22.1/ps:/usr/share/lilypond/2.22.1/scm:/usr/share/lilypond/2.22.1/fonts/otf/:/usr/share/lilypond/2.22.1/fonts/type1/:/usr/share/lilypond/2.22.1/fonts/svg/:')
    \include 
             "../voice/gp-01-vc-179.ly"
/tmp/tmpsdg6rdc3/2024-03-18T16-20-12-890626-aaf2d8d.ly:22:14: error: cannot find file: `../voice/gp-01-vc-19.ly'
(search path: `/tmp/tmpsdg6rdc3:/home/user/Documents/Resounding-Libraries/Un musico meccanico - Prehistory AI/python-code:/usr/share/lilypond/2.22.1/ly:/usr/share/lilypond/2.22.1/ps:/usr/share/lilypond/2.22.1/scm:/usr/share/lilypond/2.22.1/fonts/otf/:/usr/share/lilypond/2.22.1/fonts/type1/:/usr/share/lilypond/2.22.1/fonts/svg/:')
    \include 
             "../voice/gp-01-vc-19.ly"
/tmp/tmpsdg6rdc3/2024-03-18T16-20-12-890626-aaf2d8d.ly:23:14: error: cannot find file: `../voice/gp-01-vc-99.ly'
(search path: `/tmp/tmpsdg6rdc3:/home/user/Documents/Resounding-Libraries/Un musico meccanico - Prehistory AI/python-code:/usr/share/lilypond/2.22.1/ly:/usr/share/lilypond/2.22.1/ps:/usr/share/lilypond/2.22.1/scm:/usr/share/lilypond/2.22.1/fonts/otf/:/usr/share/lilypond/2.22.1/fonts/type1/:/usr/share/lilypond/2.22.1/fonts/svg/:')
    \include 
             "../voice/gp-01-vc-99.ly"
/tmp/tmpsdg6rdc3/2024-03-18T16-20-12-890626-aaf2d8d.ly:24:14: error: cannot find file: `../voice/gp-01-vc-101.ly'
(search path: `/tmp/tmpsdg6rdc3:/home/user/Documents/Resounding-Libraries/Un musico meccanico - Prehistory AI/python-code:/usr/share/lilypond/2.22.1/ly:/usr/share/lilypond/2.22.1/ps:/usr/share/lilypond/2.22.1/scm:/usr/share/lilypond/2.22.1/fonts/otf/:/usr/share/lilypond/2.22.1/fonts/type1/:/usr/share/lilypond/2.22.1/fonts/svg/:')
    \include 
             "../voice/gp-01-vc-101.ly"
/tmp/tmpsdg6rdc3/2024-03-18T16-20-12-890626-aaf2d8d.ly:25:14: error: cannot find file: `../voice/gp-01-vc-11.ly'
(search path: `/tmp/tmpsdg6rdc3:/home/user/Documents/Resounding-Libraries/Un musico meccanico - Prehistory AI/python-code:/usr/share/lilypond/2.22.1/ly:/usr/share/lilypond/2.22.1/ps:/usr/share/lilypond/2.22.1/scm:/usr/share/lilypond/2.22.1/fonts/otf/:/usr/share/lilypond/2.22.1/fonts/type1/:/usr/share/lilypond/2.22.1/fonts/svg/:')
    \include 
             "../voice/gp-01-vc-11.ly"
/tmp/tmpsdg6rdc3/2024-03-18T16-20-12-890626-aaf2d8d.ly:26:14: error: cannot find file: `../voice/gp-01-vc-32.ly'
(search path: `/tmp/tmpsdg6rdc3:/home/user/Documents/Resounding-Libraries/Un musico meccanico - Prehistory AI/python-code:/usr/share/lilypond/2.22.1/ly:/usr/share/lilypond/2.22.1/ps:/usr/share/lilypond/2.22.1/scm:/usr/share/lilypond/2.22.1/fonts/otf/:/usr/share/lilypond/2.22.1/fonts/type1/:/usr/share/lilypond/2.22.1/fonts/svg/:')
    \include 
             "../voice/gp-01-vc-32.ly"
/tmp/tmpsdg6rdc3/2024-03-18T16-20-12-890626-aaf2d8d.ly:27:14: error: cannot find file: `../voice/gp-01-vc-35.ly'
(search path: `/tmp/tmpsdg6rdc3:/home/user/Documents/Resounding-Libraries/Un musico meccanico - Prehistory AI/python-code:/usr/share/lilypond/2.22.1/ly:/usr/share/lilypond/2.22.1/ps:/usr/share/lilypond/2.22.1/scm:/usr/share/lilypond/2.22.1/fonts/otf/:/usr/share/lilypond/2.22.1/fonts/type1/:/usr/share/lilypond/2.22.1/fonts/svg/:')
    \include 
             "../voice/gp-01-vc-35.ly"
/tmp/tmpsdg6rdc3/2024-03-18T16-20-12-890626-aaf2d8d.ly:28:14: error: cannot find file: `../voice/gp-01-vc-65.ly'
(search path: `/tmp/tmpsdg6rdc3:/home/user/Documents/Resounding-Libraries/Un musico meccanico - Prehistory AI/python-code:/usr/share/lilypond/2.22.1/ly:/usr/share/lilypond/2.22.1/ps:/usr/share/lilypond/2.22.1/scm:/usr/share/lilypond/2.22.1/fonts/otf/:/usr/share/lilypond/2.22.1/fonts/type1/:/usr/share/lilypond/2.22.1/fonts/svg/:')
    \include 
             "../voice/gp-01-vc-65.ly"
/tmp/tmpsdg6rdc3/2024-03-18T16-20-12-890626-aaf2d8d.ly:29:14: error: cannot find file: `../voice/gp-01-vc-64.ly'
(search path: `/tmp/tmpsdg6rdc3:/home/user/Documents/Resounding-Libraries/Un musico meccanico - Prehistory AI/python-code:/usr/share/lilypond/2.22.1/ly:/usr/share/lilypond/2.22.1/ps:/usr/share/lilypond/2.22.1/scm:/usr/share/lilypond/2.22.1/fonts/otf/:/usr/share/lilypond/2.22.1/fonts/type1/:/usr/share/lilypond/2.22.1/fonts/svg/:')
    \include 
             "../voice/gp-01-vc-64.ly"
/tmp/tmpsdg6rdc3/2024-03-18T16-20-12-890626-aaf2d8d.ly:30:14: error: cannot find file: `../voice/gp-01-vc-190.ly'
(search path: `/tmp/tmpsdg6rdc3:/home/user/Documents/Resounding-Libraries/Un musico meccanico - Prehistory AI/python-code:/usr/share/lilypond/2.22.1/ly:/usr/share/lilypond/2.22.1/ps:/usr/share/lilypond/2.22.1/scm:/usr/share/lilypond/2.22.1/fonts/otf/:/usr/share/lilypond/2.22.1/fonts/type1/:/usr/share/lilypond/2.22.1/fonts/svg/:')
    \include 
             "../voice/gp-01-vc-190.ly"
/tmp/tmpsdg6rdc3/2024-03-18T16-20-12-890626-aaf2d8d.ly:31:14: error: cannot find file: `../voice/gp-01-vc-69.ly'
(search path: `/tmp/tmpsdg6rdc3:/home/user/Documents/Resounding-Libraries/Un musico meccanico - Prehistory AI/python-code:/usr/share/lilypond/2.22.1/ly:/usr/share/lilypond/2.22.1/ps:/usr/share/lilypond/2.22.1/scm:/usr/share/lilypond/2.22.1/fonts/otf/:/usr/share/lilypond/2.22.1/fonts/type1/:/usr/share/lilypond/2.22.1/fonts/svg/:')
    \include 
             "../voice/gp-01-vc-69.ly"
/tmp/tmpsdg6rdc3/2024-03-18T16-20-12-890626-aaf2d8d.ly:38:14: error: cannot find file: `../voice_option.ly'
(search path: `/tmp/tmpsdg6rdc3:/home/user/Documents/Resounding-Libraries/Un musico meccanico - Prehistory AI/python-code:/usr/share/lilypond/2.22.1/ly:/usr/share/lilypond/2.22.1/ps:/usr/share/lilypond/2.22.1/scm:/usr/share/lilypond/2.22.1/fonts/otf/:/usr/share/lilypond/2.22.1/fonts/type1/:/usr/share/lilypond/2.22.1/fonts/svg/:')
    \include 
             "../voice_option.ly"
/tmp/tmpsdg6rdc3/2024-03-18T16-20-12-890626-aaf2d8d.ly:39:14: error: cannot find file: `../rh/gp-01-rh-150.ly'
(search path: `/tmp/tmpsdg6rdc3:/home/user/Documents/Resounding-Libraries/Un musico meccanico - Prehistory AI/python-code:/usr/share/lilypond/2.22.1/ly:/usr/share/lilypond/2.22.1/ps:/usr/share/lilypond/2.22.1/scm:/usr/share/lilypond/2.22.1/fonts/otf/:/usr/share/lilypond/2.22.1/fonts/type1/:/usr/share/lilypond/2.22.1/fonts/svg/:')
    \include 
             "../rh/gp-01-rh-150.ly"
/tmp/tmpsdg6rdc3/2024-03-18T16-20-12-890626-aaf2d8d.ly:40:14: error: cannot find file: `../rh/gp-01-rh-34.ly'
(search path: `/tmp/tmpsdg6rdc3:/home/user/Documents/Resounding-Libraries/Un musico meccanico - Prehistory AI/python-code:/usr/share/lilypond/2.22.1/ly:/usr/share/lilypond/2.22.1/ps:/usr/share/lilypond/2.22.1/scm:/usr/share/lilypond/2.22.1/fonts/otf/:/usr/share/lilypond/2.22.1/fonts/type1/:/usr/share/lilypond/2.22.1/fonts/svg/:')
    \include 
             "../rh/gp-01-rh-34.ly"
/tmp/tmpsdg6rdc3/2024-03-18T16-20-12-890626-aaf2d8d.ly:41:14: error: cannot find file: `../rh/gp-01-rh-111.ly'
(search path: `/tmp/tmpsdg6rdc3:/home/user/Documents/Resounding-Libraries/Un musico meccanico - Prehistory AI/python-code:/usr/share/lilypond/2.22.1/ly:/usr/share/lilypond/2.22.1/ps:/usr/share/lilypond/2.22.1/scm:/usr/share/lilypond/2.22.1/fonts/otf/:/usr/share/lilypond/2.22.1/fonts/type1/:/usr/share/lilypond/2.22.1/fonts/svg/:')
    \include 
             "../rh/gp-01-rh-111.ly"
/tmp/tmpsdg6rdc3/2024-03-18T16-20-12-890626-aaf2d8d.ly:42:14: error: cannot find file: `../rh/gp-01-rh-2.ly'
(search path: `/tmp/tmpsdg6rdc3:/home/user/Documents/Resounding-Libraries/Un musico meccanico - Prehistory AI/python-code:/usr/share/lilypond/2.22.1/ly:/usr/share/lilypond/2.22.1/ps:/usr/share/lilypond/2.22.1/scm:/usr/share/lilypond/2.22.1/fonts/otf/:/usr/share/lilypond/2.22.1/fonts/type1/:/usr/share/lilypond/2.22.1/fonts/svg/:')
    \include 
             "../rh/gp-01-rh-2.ly"
/tmp/tmpsdg6rdc3/2024-03-18T16-20-12-890626-aaf2d8d.ly:43:14: error: cannot find file: `../rh/gp-01-rh-96.ly'
(search path: `/tmp/tmpsdg6rdc3:/home/user/Documents/Resounding-Libraries/Un musico meccanico - Prehistory AI/python-code:/usr/share/lilypond/2.22.1/ly:/usr/share/lilypond/2.22.1/ps:/usr/share/lilypond/2.22.1/scm:/usr/share/lilypond/2.22.1/fonts/otf/:/usr/share/lilypond/2.22.1/fonts/type1/:/usr/share/lilypond/2.22.1/fonts/svg/:')
    \include 
             "../rh/gp-01-rh-96.ly"
/tmp/tmpsdg6rdc3/2024-03-18T16-20-12-890626-aaf2d8d.ly:44:14: error: cannot find file: `../rh/gp-01-rh-175.ly'
(search path: `/tmp/tmpsdg6rdc3:/home/user/Documents/Resounding-Libraries/Un musico meccanico - Prehistory AI/python-code:/usr/share/lilypond/2.22.1/ly:/usr/share/lilypond/2.22.1/ps:/usr/share/lilypond/2.22.1/scm:/usr/share/lilypond/2.22.1/fonts/otf/:/usr/share/lilypond/2.22.1/fonts/type1/:/usr/share/lilypond/2.22.1/fonts/svg/:')
    \include 
             "../rh/gp-01-rh-175.ly"
/tmp/tmpsdg6rdc3/2024-03-18T16-20-12-890626-aaf2d8d.ly:45:14: error: cannot find file: `../rh/gp-01-rh-5.ly'
(search path: `/tmp/tmpsdg6rdc3:/home/user/Documents/Resounding-Libraries/Un musico meccanico - Prehistory AI/python-code:/usr/share/lilypond/2.22.1/ly:/usr/share/lilypond/2.22.1/ps:/usr/share/lilypond/2.22.1/scm:/usr/share/lilypond/2.22.1/fonts/otf/:/usr/share/lilypond/2.22.1/fonts/type1/:/usr/share/lilypond/2.22.1/fonts/svg/:')
    \include 
             "../rh/gp-01-rh-5.ly"
/tmp/tmpsdg6rdc3/2024-03-18T16-20-12-890626-aaf2d8d.ly:46:14: error: cannot find file: `../rh/gp-01-rh-179.ly'
(search path: `/tmp/tmpsdg6rdc3:/home/user/Documents/Resounding-Libraries/Un musico meccanico - Prehistory AI/python-code:/usr/share/lilypond/2.22.1/ly:/usr/share/lilypond/2.22.1/ps:/usr/share/lilypond/2.22.1/scm:/usr/share/lilypond/2.22.1/fonts/otf/:/usr/share/lilypond/2.22.1/fonts/type1/:/usr/share/lilypond/2.22.1/fonts/svg/:')
    \include 
             "../rh/gp-01-rh-179.ly"
/tmp/tmpsdg6rdc3/2024-03-18T16-20-12-890626-aaf2d8d.ly:47:14: error: cannot find file: `../rh/gp-01-rh-19.ly'
(search path: `/tmp/tmpsdg6rdc3:/home/user/Documents/Resounding-Libraries/Un musico meccanico - Prehistory AI/python-code:/usr/share/lilypond/2.22.1/ly:/usr/share/lilypond/2.22.1/ps:/usr/share/lilypond/2.22.1/scm:/usr/share/lilypond/2.22.1/fonts/otf/:/usr/share/lilypond/2.22.1/fonts/type1/:/usr/share/lilypond/2.22.1/fonts/svg/:')
    \include 
             "../rh/gp-01-rh-19.ly"
/tmp/tmpsdg6rdc3/2024-03-18T16-20-12-890626-aaf2d8d.ly:48:14: error: cannot find file: `../rh/gp-01-rh-99.ly'
(search path: `/tmp/tmpsdg6rdc3:/home/user/Documents/Resounding-Libraries/Un musico meccanico - Prehistory AI/python-code:/usr/share/lilypond/2.22.1/ly:/usr/share/lilypond/2.22.1/ps:/usr/share/lilypond/2.22.1/scm:/usr/share/lilypond/2.22.1/fonts/otf/:/usr/share/lilypond/2.22.1/fonts/type1/:/usr/share/lilypond/2.22.1/fonts/svg/:')
    \include 
             "../rh/gp-01-rh-99.ly"
/tmp/tmpsdg6rdc3/2024-03-18T16-20-12-890626-aaf2d8d.ly:49:14: error: cannot find file: `../rh/gp-01-rh-101.ly'
(search path: `/tmp/tmpsdg6rdc3:/home/user/Documents/Resounding-Libraries/Un musico meccanico - Prehistory AI/python-code:/usr/share/lilypond/2.22.1/ly:/usr/share/lilypond/2.22.1/ps:/usr/share/lilypond/2.22.1/scm:/usr/share/lilypond/2.22.1/fonts/otf/:/usr/share/lilypond/2.22.1/fonts/type1/:/usr/share/lilypond/2.22.1/fonts/svg/:')
    \include 
             "../rh/gp-01-rh-101.ly"
/tmp/tmpsdg6rdc3/2024-03-18T16-20-12-890626-aaf2d8d.ly:50:14: error: cannot find file: `../rh/gp-01-rh-11.ly'
(search path: `/tmp/tmpsdg6rdc3:/home/user/Documents/Resounding-Libraries/Un musico meccanico - Prehistory AI/python-code:/usr/share/lilypond/2.22.1/ly:/usr/share/lilypond/2.22.1/ps:/usr/share/lilypond/2.22.1/scm:/usr/share/lilypond/2.22.1/fonts/otf/:/usr/share/lilypond/2.22.1/fonts/type1/:/usr/share/lilypond/2.22.1/fonts/svg/:')
    \include 
             "../rh/gp-01-rh-11.ly"
/tmp/tmpsdg6rdc3/2024-03-18T16-20-12-890626-aaf2d8d.ly:51:14: error: cannot find file: `../rh/gp-01-rh-32.ly'
(search path: `/tmp/tmpsdg6rdc3:/home/user/Documents/Resounding-Libraries/Un musico meccanico - Prehistory AI/python-code:/usr/share/lilypond/2.22.1/ly:/usr/share/lilypond/2.22.1/ps:/usr/share/lilypond/2.22.1/scm:/usr/share/lilypond/2.22.1/fonts/otf/:/usr/share/lilypond/2.22.1/fonts/type1/:/usr/share/lilypond/2.22.1/fonts/svg/:')
    \include 
             "../rh/gp-01-rh-32.ly"
/tmp/tmpsdg6rdc3/2024-03-18T16-20-12-890626-aaf2d8d.ly:52:14: error: cannot find file: `../rh/gp-01-rh-35.ly'
(search path: `/tmp/tmpsdg6rdc3:/home/user/Documents/Resounding-Libraries/Un musico meccanico - Prehistory AI/python-code:/usr/share/lilypond/2.22.1/ly:/usr/share/lilypond/2.22.1/ps:/usr/share/lilypond/2.22.1/scm:/usr/share/lilypond/2.22.1/fonts/otf/:/usr/share/lilypond/2.22.1/fonts/type1/:/usr/share/lilypond/2.22.1/fonts/svg/:')
    \include 
             "../rh/gp-01-rh-35.ly"
/tmp/tmpsdg6rdc3/2024-03-18T16-20-12-890626-aaf2d8d.ly:53:14: error: cannot find file: `../rh/gp-01-rh-65.ly'
(search path: `/tmp/tmpsdg6rdc3:/home/user/Documents/Resounding-Libraries/Un musico meccanico - Prehistory AI/python-code:/usr/share/lilypond/2.22.1/ly:/usr/share/lilypond/2.22.1/ps:/usr/share/lilypond/2.22.1/scm:/usr/share/lilypond/2.22.1/fonts/otf/:/usr/share/lilypond/2.22.1/fonts/type1/:/usr/share/lilypond/2.22.1/fonts/svg/:')
    \include 
             "../rh/gp-01-rh-65.ly"
/tmp/tmpsdg6rdc3/2024-03-18T16-20-12-890626-aaf2d8d.ly:54:14: error: cannot find file: `../rh/gp-01-rh-64.ly'
(search path: `/tmp/tmpsdg6rdc3:/home/user/Documents/Resounding-Libraries/Un musico meccanico - Prehistory AI/python-code:/usr/share/lilypond/2.22.1/ly:/usr/share/lilypond/2.22.1/ps:/usr/share/lilypond/2.22.1/scm:/usr/share/lilypond/2.22.1/fonts/otf/:/usr/share/lilypond/2.22.1/fonts/type1/:/usr/share/lilypond/2.22.1/fonts/svg/:')
    \include 
             "../rh/gp-01-rh-64.ly"
/tmp/tmpsdg6rdc3/2024-03-18T16-20-12-890626-aaf2d8d.ly:55:14: error: cannot find file: `../rh/gp-01-rh-190.ly'
(search path: `/tmp/tmpsdg6rdc3:/home/user/Documents/Resounding-Libraries/Un musico meccanico - Prehistory AI/python-code:/usr/share/lilypond/2.22.1/ly:/usr/share/lilypond/2.22.1/ps:/usr/share/lilypond/2.22.1/scm:/usr/share/lilypond/2.22.1/fonts/otf/:/usr/share/lilypond/2.22.1/fonts/type1/:/usr/share/lilypond/2.22.1/fonts/svg/:')
    \include 
             "../rh/gp-01-rh-190.ly"
/tmp/tmpsdg6rdc3/2024-03-18T16-20-12-890626-aaf2d8d.ly:56:14: error: cannot find file: `../rh/gp-01-rh-69.ly'
(search path: `/tmp/tmpsdg6rdc3:/home/user/Documents/Resounding-Libraries/Un musico meccanico - Prehistory AI/python-code:/usr/share/lilypond/2.22.1/ly:/usr/share/lilypond/2.22.1/ps:/usr/share/lilypond/2.22.1/scm:/usr/share/lilypond/2.22.1/fonts/otf/:/usr/share/lilypond/2.22.1/fonts/type1/:/usr/share/lilypond/2.22.1/fonts/svg/:')
    \include 
             "../rh/gp-01-rh-69.ly"
/tmp/tmpsdg6rdc3/2024-03-18T16-20-12-890626-aaf2d8d.ly:59:14: error: cannot find file: `../bassline_option.ly'
(search path: `/tmp/tmpsdg6rdc3:/home/user/Documents/Resounding-Libraries/Un musico meccanico - Prehistory AI/python-code:/usr/share/lilypond/2.22.1/ly:/usr/share/lilypond/2.22.1/ps:/usr/share/lilypond/2.22.1/scm:/usr/share/lilypond/2.22.1/fonts/otf/:/usr/share/lilypond/2.22.1/fonts/type1/:/usr/share/lilypond/2.22.1/fonts/svg/:')
    \include 
             "../bassline_option.ly"
/tmp/tmpsdg6rdc3/2024-03-18T16-20-12-890626-aaf2d8d.ly:60:14: error: cannot find file: `../lh/gp-01-lh-150.ly'
(search path: `/tmp/tmpsdg6rdc3:/home/user/Documents/Resounding-Libraries/Un musico meccanico - Prehistory AI/python-code:/usr/share/lilypond/2.22.1/ly:/usr/share/lilypond/2.22.1/ps:/usr/share/lilypond/2.22.1/scm:/usr/share/lilypond/2.22.1/fonts/otf/:/usr/share/lilypond/2.22.1/fonts/type1/:/usr/share/lilypond/2.22.1/fonts/svg/:')
    \include 
             "../lh/gp-01-lh-150.ly"
/tmp/tmpsdg6rdc3/2024-03-18T16-20-12-890626-aaf2d8d.ly:61:14: error: cannot find file: `../lh/gp-01-lh-34.ly'
(search path: `/tmp/tmpsdg6rdc3:/home/user/Documents/Resounding-Libraries/Un musico meccanico - Prehistory AI/python-code:/usr/share/lilypond/2.22.1/ly:/usr/share/lilypond/2.22.1/ps:/usr/share/lilypond/2.22.1/scm:/usr/share/lilypond/2.22.1/fonts/otf/:/usr/share/lilypond/2.22.1/fonts/type1/:/usr/share/lilypond/2.22.1/fonts/svg/:')
    \include 
             "../lh/gp-01-lh-34.ly"
/tmp/tmpsdg6rdc3/2024-03-18T16-20-12-890626-aaf2d8d.ly:62:14: error: cannot find file: `../lh/gp-01-lh-111.ly'
(search path: `/tmp/tmpsdg6rdc3:/home/user/Documents/Resounding-Libraries/Un musico meccanico - Prehistory AI/python-code:/usr/share/lilypond/2.22.1/ly:/usr/share/lilypond/2.22.1/ps:/usr/share/lilypond/2.22.1/scm:/usr/share/lilypond/2.22.1/fonts/otf/:/usr/share/lilypond/2.22.1/fonts/type1/:/usr/share/lilypond/2.22.1/fonts/svg/:')
    \include 
             "../lh/gp-01-lh-111.ly"
/tmp/tmpsdg6rdc3/2024-03-18T16-20-12-890626-aaf2d8d.ly:63:14: error: cannot find file: `../lh/gp-01-lh-2.ly'
(search path: `/tmp/tmpsdg6rdc3:/home/user/Documents/Resounding-Libraries/Un musico meccanico - Prehistory AI/python-code:/usr/share/lilypond/2.22.1/ly:/usr/share/lilypond/2.22.1/ps:/usr/share/lilypond/2.22.1/scm:/usr/share/lilypond/2.22.1/fonts/otf/:/usr/share/lilypond/2.22.1/fonts/type1/:/usr/share/lilypond/2.22.1/fonts/svg/:')
    \include 
             "../lh/gp-01-lh-2.ly"
/tmp/tmpsdg6rdc3/2024-03-18T16-20-12-890626-aaf2d8d.ly:64:14: error: cannot find file: `../lh/gp-01-lh-96.ly'
(search path: `/tmp/tmpsdg6rdc3:/home/user/Documents/Resounding-Libraries/Un musico meccanico - Prehistory AI/python-code:/usr/share/lilypond/2.22.1/ly:/usr/share/lilypond/2.22.1/ps:/usr/share/lilypond/2.22.1/scm:/usr/share/lilypond/2.22.1/fonts/otf/:/usr/share/lilypond/2.22.1/fonts/type1/:/usr/share/lilypond/2.22.1/fonts/svg/:')
    \include 
             "../lh/gp-01-lh-96.ly"
/tmp/tmpsdg6rdc3/2024-03-18T16-20-12-890626-aaf2d8d.ly:65:14: error: cannot find file: `../lh/gp-01-lh-175.ly'
(search path: `/tmp/tmpsdg6rdc3:/home/user/Documents/Resounding-Libraries/Un musico meccanico - Prehistory AI/python-code:/usr/share/lilypond/2.22.1/ly:/usr/share/lilypond/2.22.1/ps:/usr/share/lilypond/2.22.1/scm:/usr/share/lilypond/2.22.1/fonts/otf/:/usr/share/lilypond/2.22.1/fonts/type1/:/usr/share/lilypond/2.22.1/fonts/svg/:')
    \include 
             "../lh/gp-01-lh-175.ly"
/tmp/tmpsdg6rdc3/2024-03-18T16-20-12-890626-aaf2d8d.ly:66:14: error: cannot find file: `../lh/gp-01-lh-5.ly'
(search path: `/tmp/tmpsdg6rdc3:/home/user/Documents/Resounding-Libraries/Un musico meccanico - Prehistory AI/python-code:/usr/share/lilypond/2.22.1/ly:/usr/share/lilypond/2.22.1/ps:/usr/share/lilypond/2.22.1/scm:/usr/share/lilypond/2.22.1/fonts/otf/:/usr/share/lilypond/2.22.1/fonts/type1/:/usr/share/lilypond/2.22.1/fonts/svg/:')
    \include 
             "../lh/gp-01-lh-5.ly"
/tmp/tmpsdg6rdc3/2024-03-18T16-20-12-890626-aaf2d8d.ly:67:14: error: cannot find file: `../lh/gp-01-lh-179.ly'
(search path: `/tmp/tmpsdg6rdc3:/home/user/Documents/Resounding-Libraries/Un musico meccanico - Prehistory AI/python-code:/usr/share/lilypond/2.22.1/ly:/usr/share/lilypond/2.22.1/ps:/usr/share/lilypond/2.22.1/scm:/usr/share/lilypond/2.22.1/fonts/otf/:/usr/share/lilypond/2.22.1/fonts/type1/:/usr/share/lilypond/2.22.1/fonts/svg/:')
    \include 
             "../lh/gp-01-lh-179.ly"
/tmp/tmpsdg6rdc3/2024-03-18T16-20-12-890626-aaf2d8d.ly:68:14: error: cannot find file: `../lh/gp-01-lh-19.ly'
(search path: `/tmp/tmpsdg6rdc3:/home/user/Documents/Resounding-Libraries/Un musico meccanico - Prehistory AI/python-code:/usr/share/lilypond/2.22.1/ly:/usr/share/lilypond/2.22.1/ps:/usr/share/lilypond/2.22.1/scm:/usr/share/lilypond/2.22.1/fonts/otf/:/usr/share/lilypond/2.22.1/fonts/type1/:/usr/share/lilypond/2.22.1/fonts/svg/:')
    \include 
             "../lh/gp-01-lh-19.ly"
/tmp/tmpsdg6rdc3/2024-03-18T16-20-12-890626-aaf2d8d.ly:69:14: error: cannot find file: `../lh/gp-01-lh-99.ly'
(search path: `/tmp/tmpsdg6rdc3:/home/user/Documents/Resounding-Libraries/Un musico meccanico - Prehistory AI/python-code:/usr/share/lilypond/2.22.1/ly:/usr/share/lilypond/2.22.1/ps:/usr/share/lilypond/2.22.1/scm:/usr/share/lilypond/2.22.1/fonts/otf/:/usr/share/lilypond/2.22.1/fonts/type1/:/usr/share/lilypond/2.22.1/fonts/svg/:')
    \include 
             "../lh/gp-01-lh-99.ly"
/tmp/tmpsdg6rdc3/2024-03-18T16-20-12-890626-aaf2d8d.ly:70:14: error: cannot find file: `../lh/gp-01-lh-101.ly'
(search path: `/tmp/tmpsdg6rdc3:/home/user/Documents/Resounding-Libraries/Un musico meccanico - Prehistory AI/python-code:/usr/share/lilypond/2.22.1/ly:/usr/share/lilypond/2.22.1/ps:/usr/share/lilypond/2.22.1/scm:/usr/share/lilypond/2.22.1/fonts/otf/:/usr/share/lilypond/2.22.1/fonts/type1/:/usr/share/lilypond/2.22.1/fonts/svg/:')
    \include 
             "../lh/gp-01-lh-101.ly"
/tmp/tmpsdg6rdc3/2024-03-18T16-20-12-890626-aaf2d8d.ly:71:14: error: cannot find file: `../lh/gp-01-lh-11.ly'
(search path: `/tmp/tmpsdg6rdc3:/home/user/Documents/Resounding-Libraries/Un musico meccanico - Prehistory AI/python-code:/usr/share/lilypond/2.22.1/ly:/usr/share/lilypond/2.22.1/ps:/usr/share/lilypond/2.22.1/scm:/usr/share/lilypond/2.22.1/fonts/otf/:/usr/share/lilypond/2.22.1/fonts/type1/:/usr/share/lilypond/2.22.1/fonts/svg/:')
    \include 
             "../lh/gp-01-lh-11.ly"
/tmp/tmpsdg6rdc3/2024-03-18T16-20-12-890626-aaf2d8d.ly:72:14: error: cannot find file: `../lh/gp-01-lh-32.ly'
(search path: `/tmp/tmpsdg6rdc3:/home/user/Documents/Resounding-Libraries/Un musico meccanico - Prehistory AI/python-code:/usr/share/lilypond/2.22.1/ly:/usr/share/lilypond/2.22.1/ps:/usr/share/lilypond/2.22.1/scm:/usr/share/lilypond/2.22.1/fonts/otf/:/usr/share/lilypond/2.22.1/fonts/type1/:/usr/share/lilypond/2.22.1/fonts/svg/:')
    \include 
             "../lh/gp-01-lh-32.ly"
/tmp/tmpsdg6rdc3/2024-03-18T16-20-12-890626-aaf2d8d.ly:73:14: error: cannot find file: `../lh/gp-01-lh-35.ly'
(search path: `/tmp/tmpsdg6rdc3:/home/user/Documents/Resounding-Libraries/Un musico meccanico - Prehistory AI/python-code:/usr/share/lilypond/2.22.1/ly:/usr/share/lilypond/2.22.1/ps:/usr/share/lilypond/2.22.1/scm:/usr/share/lilypond/2.22.1/fonts/otf/:/usr/share/lilypond/2.22.1/fonts/type1/:/usr/share/lilypond/2.22.1/fonts/svg/:')
    \include 
             "../lh/gp-01-lh-35.ly"
/tmp/tmpsdg6rdc3/2024-03-18T16-20-12-890626-aaf2d8d.ly:74:14: error: cannot find file: `../lh/gp-01-lh-65.ly'
(search path: `/tmp/tmpsdg6rdc3:/home/user/Documents/Resounding-Libraries/Un musico meccanico - Prehistory AI/python-code:/usr/share/lilypond/2.22.1/ly:/usr/share/lilypond/2.22.1/ps:/usr/share/lilypond/2.22.1/scm:/usr/share/lilypond/2.22.1/fonts/otf/:/usr/share/lilypond/2.22.1/fonts/type1/:/usr/share/lilypond/2.22.1/fonts/svg/:')
    \include 
             "../lh/gp-01-lh-65.ly"
/tmp/tmpsdg6rdc3/2024-03-18T16-20-12-890626-aaf2d8d.ly:75:14: error: cannot find file: `../lh/gp-01-lh-64.ly'
(search path: `/tmp/tmpsdg6rdc3:/home/user/Documents/Resounding-Libraries/Un musico meccanico - Prehistory AI/python-code:/usr/share/lilypond/2.22.1/ly:/usr/share/lilypond/2.22.1/ps:/usr/share/lilypond/2.22.1/scm:/usr/share/lilypond/2.22.1/fonts/otf/:/usr/share/lilypond/2.22.1/fonts/type1/:/usr/share/lilypond/2.22.1/fonts/svg/:')
    \include 
             "../lh/gp-01-lh-64.ly"
/tmp/tmpsdg6rdc3/2024-03-18T16-20-12-890626-aaf2d8d.ly:76:14: error: cannot find file: `../lh/gp-01-lh-190.ly'
(search path: `/tmp/tmpsdg6rdc3:/home/user/Documents/Resounding-Libraries/Un musico meccanico - Prehistory AI/python-code:/usr/share/lilypond/2.22.1/ly:/usr/share/lilypond/2.22.1/ps:/usr/share/lilypond/2.22.1/scm:/usr/share/lilypond/2.22.1/fonts/otf/:/usr/share/lilypond/2.22.1/fonts/type1/:/usr/share/lilypond/2.22.1/fonts/svg/:')
    \include 
             "../lh/gp-01-lh-190.ly"
/tmp/tmpsdg6rdc3/2024-03-18T16-20-12-890626-aaf2d8d.ly:77:14: error: cannot find file: `../lh/gp-01-lh-69.ly'
(search path: `/tmp/tmpsdg6rdc3:/home/user/Documents/Resounding-Libraries/Un musico meccanico - Prehistory AI/python-code:/usr/share/lilypond/2.22.1/ly:/usr/share/lilypond/2.22.1/ps:/usr/share/lilypond/2.22.1/scm:/usr/share/lilypond/2.22.1/fonts/otf/:/usr/share/lilypond/2.22.1/fonts/type1/:/usr/share/lilypond/2.22.1/fonts/svg/:')
    \include 
             "../lh/gp-01-lh-69.ly"
/tmp/tmpsdg6rdc3/2024-03-18T16-20-12-890626-aaf2d8d.ly:81:14: error: cannot find file: `../layout_settings.ly'
(search path: `/tmp/tmpsdg6rdc3:/home/user/Documents/Resounding-Libraries/Un musico meccanico - Prehistory AI/python-code:/usr/share/lilypond/2.22.1/ly:/usr/share/lilypond/2.22.1/ps:/usr/share/lilypond/2.22.1/scm:/usr/share/lilypond/2.22.1/fonts/otf/:/usr/share/lilypond/2.22.1/fonts/type1/:/usr/share/lilypond/2.22.1/fonts/svg/:')
    \include 
             "../layout_settings.ly"
/tmp/tmpsdg6rdc3/2024-03-18T16-20-12-890626-aaf2d8d.ly:1: warning: no \version statement found, please add

\version "2.22.1"

for future compatibility
Interpreting music...
/tmp/tmpsdg6rdc3/2024-03-18T16-20-12-890626-aaf2d8d.ly:8:5: warning: skipping zero-duration score
    
    <<
/tmp/tmpsdg6rdc3/2024-03-18T16-20-12-890626-aaf2d8d.ly:8:5: warning: to suppress this, consider adding a spacer rest
    
    <<
fatal error: failed files: "/tmp/tmpsdg6rdc3/2024-03-18T16-20-12-890626-aaf2d8d.ly"
