GNU LilyPond 2.22.1
Changing working directory to: `/tmp/tmp0yl5c99n'
Processing `/tmp/tmp0yl5c99n/2024-03-11T12-58-24-843065-cc8d3c6.ly'
Parsing...
/tmp/tmp0yl5c99n/2024-03-11T12-58-24-843065-cc8d3c6.ly:1:10: error: cannot find file: `../paper_settings.ly'
(search path: `/tmp/tmp0yl5c99n:/home/user/Documents/Resounding-Libraries/Un musico meccanico - Prehistory AI/python-code:/usr/share/lilypond/2.22.1/ly:/usr/share/lilypond/2.22.1/ps:/usr/share/lilypond/2.22.1/scm:/usr/share/lilypond/2.22.1/fonts/otf/:/usr/share/lilypond/2.22.1/fonts/type1/:/usr/share/lilypond/2.22.1/fonts/svg/:')
\include 
         "../paper_settings.ly" 
/tmp/tmp0yl5c99n/2024-03-11T12-58-24-843065-cc8d3c6.ly:13:14: error: cannot find file: `../voice_option.ly'
(search path: `/tmp/tmp0yl5c99n:/home/user/Documents/Resounding-Libraries/Un musico meccanico - Prehistory AI/python-code:/usr/share/lilypond/2.22.1/ly:/usr/share/lilypond/2.22.1/ps:/usr/share/lilypond/2.22.1/scm:/usr/share/lilypond/2.22.1/fonts/otf/:/usr/share/lilypond/2.22.1/fonts/type1/:/usr/share/lilypond/2.22.1/fonts/svg/:')
    \include 
             "../voice_option.ly"
/tmp/tmp0yl5c99n/2024-03-11T12-58-24-843065-cc8d3c6.ly:14:14: error: cannot find file: `../voice/gp-01-vc-71.ly'
(search path: `/tmp/tmp0yl5c99n:/home/user/Documents/Resounding-Libraries/Un musico meccanico - Prehistory AI/python-code:/usr/share/lilypond/2.22.1/ly:/usr/share/lilypond/2.22.1/ps:/usr/share/lilypond/2.22.1/scm:/usr/share/lilypond/2.22.1/fonts/otf/:/usr/share/lilypond/2.22.1/fonts/type1/:/usr/share/lilypond/2.22.1/fonts/svg/:')
    \include 
             "../voice/gp-01-vc-71.ly"
/tmp/tmp0yl5c99n/2024-03-11T12-58-24-843065-cc8d3c6.ly:15:14: error: cannot find file: `../voice/gp-01-vc-89.ly'
(search path: `/tmp/tmp0yl5c99n:/home/user/Documents/Resounding-Libraries/Un musico meccanico - Prehistory AI/python-code:/usr/share/lilypond/2.22.1/ly:/usr/share/lilypond/2.22.1/ps:/usr/share/lilypond/2.22.1/scm:/usr/share/lilypond/2.22.1/fonts/otf/:/usr/share/lilypond/2.22.1/fonts/type1/:/usr/share/lilypond/2.22.1/fonts/svg/:')
    \include 
             "../voice/gp-01-vc-89.ly"
/tmp/tmp0yl5c99n/2024-03-11T12-58-24-843065-cc8d3c6.ly:16:14: error: cannot find file: `../voice/gp-01-vc-111.ly'
(search path: `/tmp/tmp0yl5c99n:/home/user/Documents/Resounding-Libraries/Un musico meccanico - Prehistory AI/python-code:/usr/share/lilypond/2.22.1/ly:/usr/share/lilypond/2.22.1/ps:/usr/share/lilypond/2.22.1/scm:/usr/share/lilypond/2.22.1/fonts/otf/:/usr/share/lilypond/2.22.1/fonts/type1/:/usr/share/lilypond/2.22.1/fonts/svg/:')
    \include 
             "../voice/gp-01-vc-111.ly"
/tmp/tmp0yl5c99n/2024-03-11T12-58-24-843065-cc8d3c6.ly:17:14: error: cannot find file: `../voice/gp-01-vc-10.ly'
(search path: `/tmp/tmp0yl5c99n:/home/user/Documents/Resounding-Libraries/Un musico meccanico - Prehistory AI/python-code:/usr/share/lilypond/2.22.1/ly:/usr/share/lilypond/2.22.1/ps:/usr/share/lilypond/2.22.1/scm:/usr/share/lilypond/2.22.1/fonts/otf/:/usr/share/lilypond/2.22.1/fonts/type1/:/usr/share/lilypond/2.22.1/fonts/svg/:')
    \include 
             "../voice/gp-01-vc-10.ly"
/tmp/tmp0yl5c99n/2024-03-11T12-58-24-843065-cc8d3c6.ly:18:14: error: cannot find file: `../voice/gp-01-vc-113.ly'
(search path: `/tmp/tmp0yl5c99n:/home/user/Documents/Resounding-Libraries/Un musico meccanico - Prehistory AI/python-code:/usr/share/lilypond/2.22.1/ly:/usr/share/lilypond/2.22.1/ps:/usr/share/lilypond/2.22.1/scm:/usr/share/lilypond/2.22.1/fonts/otf/:/usr/share/lilypond/2.22.1/fonts/type1/:/usr/share/lilypond/2.22.1/fonts/svg/:')
    \include 
             "../voice/gp-01-vc-113.ly"
/tmp/tmp0yl5c99n/2024-03-11T12-58-24-843065-cc8d3c6.ly:19:14: error: cannot find file: `../voice/gp-01-vc-154.ly'
(search path: `/tmp/tmp0yl5c99n:/home/user/Documents/Resounding-Libraries/Un musico meccanico - Prehistory AI/python-code:/usr/share/lilypond/2.22.1/ly:/usr/share/lilypond/2.22.1/ps:/usr/share/lilypond/2.22.1/scm:/usr/share/lilypond/2.22.1/fonts/otf/:/usr/share/lilypond/2.22.1/fonts/type1/:/usr/share/lilypond/2.22.1/fonts/svg/:')
    \include 
             "../voice/gp-01-vc-154.ly"
/tmp/tmp0yl5c99n/2024-03-11T12-58-24-843065-cc8d3c6.ly:20:14: error: cannot find file: `../voice/gp-01-vc-27.ly'
(search path: `/tmp/tmp0yl5c99n:/home/user/Documents/Resounding-Libraries/Un musico meccanico - Prehistory AI/python-code:/usr/share/lilypond/2.22.1/ly:/usr/share/lilypond/2.22.1/ps:/usr/share/lilypond/2.22.1/scm:/usr/share/lilypond/2.22.1/fonts/otf/:/usr/share/lilypond/2.22.1/fonts/type1/:/usr/share/lilypond/2.22.1/fonts/svg/:')
    \include 
             "../voice/gp-01-vc-27.ly"
/tmp/tmp0yl5c99n/2024-03-11T12-58-24-843065-cc8d3c6.ly:21:14: error: cannot find file: `../voice/gp-01-vc-143.ly'
(search path: `/tmp/tmp0yl5c99n:/home/user/Documents/Resounding-Libraries/Un musico meccanico - Prehistory AI/python-code:/usr/share/lilypond/2.22.1/ly:/usr/share/lilypond/2.22.1/ps:/usr/share/lilypond/2.22.1/scm:/usr/share/lilypond/2.22.1/fonts/otf/:/usr/share/lilypond/2.22.1/fonts/type1/:/usr/share/lilypond/2.22.1/fonts/svg/:')
    \include 
             "../voice/gp-01-vc-143.ly"
/tmp/tmp0yl5c99n/2024-03-11T12-58-24-843065-cc8d3c6.ly:22:14: error: cannot find file: `../voice/gp-01-vc-25.ly'
(search path: `/tmp/tmp0yl5c99n:/home/user/Documents/Resounding-Libraries/Un musico meccanico - Prehistory AI/python-code:/usr/share/lilypond/2.22.1/ly:/usr/share/lilypond/2.22.1/ps:/usr/share/lilypond/2.22.1/scm:/usr/share/lilypond/2.22.1/fonts/otf/:/usr/share/lilypond/2.22.1/fonts/type1/:/usr/share/lilypond/2.22.1/fonts/svg/:')
    \include 
             "../voice/gp-01-vc-25.ly"
/tmp/tmp0yl5c99n/2024-03-11T12-58-24-843065-cc8d3c6.ly:23:14: error: cannot find file: `../voice/gp-01-vc-120.ly'
(search path: `/tmp/tmp0yl5c99n:/home/user/Documents/Resounding-Libraries/Un musico meccanico - Prehistory AI/python-code:/usr/share/lilypond/2.22.1/ly:/usr/share/lilypond/2.22.1/ps:/usr/share/lilypond/2.22.1/scm:/usr/share/lilypond/2.22.1/fonts/otf/:/usr/share/lilypond/2.22.1/fonts/type1/:/usr/share/lilypond/2.22.1/fonts/svg/:')
    \include 
             "../voice/gp-01-vc-120.ly"
/tmp/tmp0yl5c99n/2024-03-11T12-58-24-843065-cc8d3c6.ly:30:14: error: cannot find file: `../voice_option.ly'
(search path: `/tmp/tmp0yl5c99n:/home/user/Documents/Resounding-Libraries/Un musico meccanico - Prehistory AI/python-code:/usr/share/lilypond/2.22.1/ly:/usr/share/lilypond/2.22.1/ps:/usr/share/lilypond/2.22.1/scm:/usr/share/lilypond/2.22.1/fonts/otf/:/usr/share/lilypond/2.22.1/fonts/type1/:/usr/share/lilypond/2.22.1/fonts/svg/:')
    \include 
             "../voice_option.ly"
/tmp/tmp0yl5c99n/2024-03-11T12-58-24-843065-cc8d3c6.ly:31:14: error: cannot find file: `../rh/gp-01-rh-71.ly'
(search path: `/tmp/tmp0yl5c99n:/home/user/Documents/Resounding-Libraries/Un musico meccanico - Prehistory AI/python-code:/usr/share/lilypond/2.22.1/ly:/usr/share/lilypond/2.22.1/ps:/usr/share/lilypond/2.22.1/scm:/usr/share/lilypond/2.22.1/fonts/otf/:/usr/share/lilypond/2.22.1/fonts/type1/:/usr/share/lilypond/2.22.1/fonts/svg/:')
    \include 
             "../rh/gp-01-rh-71.ly"
/tmp/tmp0yl5c99n/2024-03-11T12-58-24-843065-cc8d3c6.ly:32:14: error: cannot find file: `../rh/gp-01-rh-89.ly'
(search path: `/tmp/tmp0yl5c99n:/home/user/Documents/Resounding-Libraries/Un musico meccanico - Prehistory AI/python-code:/usr/share/lilypond/2.22.1/ly:/usr/share/lilypond/2.22.1/ps:/usr/share/lilypond/2.22.1/scm:/usr/share/lilypond/2.22.1/fonts/otf/:/usr/share/lilypond/2.22.1/fonts/type1/:/usr/share/lilypond/2.22.1/fonts/svg/:')
    \include 
             "../rh/gp-01-rh-89.ly"
/tmp/tmp0yl5c99n/2024-03-11T12-58-24-843065-cc8d3c6.ly:33:14: error: cannot find file: `../rh/gp-01-rh-111.ly'
(search path: `/tmp/tmp0yl5c99n:/home/user/Documents/Resounding-Libraries/Un musico meccanico - Prehistory AI/python-code:/usr/share/lilypond/2.22.1/ly:/usr/share/lilypond/2.22.1/ps:/usr/share/lilypond/2.22.1/scm:/usr/share/lilypond/2.22.1/fonts/otf/:/usr/share/lilypond/2.22.1/fonts/type1/:/usr/share/lilypond/2.22.1/fonts/svg/:')
    \include 
             "../rh/gp-01-rh-111.ly"
/tmp/tmp0yl5c99n/2024-03-11T12-58-24-843065-cc8d3c6.ly:34:14: error: cannot find file: `../rh/gp-01-rh-10.ly'
(search path: `/tmp/tmp0yl5c99n:/home/user/Documents/Resounding-Libraries/Un musico meccanico - Prehistory AI/python-code:/usr/share/lilypond/2.22.1/ly:/usr/share/lilypond/2.22.1/ps:/usr/share/lilypond/2.22.1/scm:/usr/share/lilypond/2.22.1/fonts/otf/:/usr/share/lilypond/2.22.1/fonts/type1/:/usr/share/lilypond/2.22.1/fonts/svg/:')
    \include 
             "../rh/gp-01-rh-10.ly"
/tmp/tmp0yl5c99n/2024-03-11T12-58-24-843065-cc8d3c6.ly:35:14: error: cannot find file: `../rh/gp-01-rh-113.ly'
(search path: `/tmp/tmp0yl5c99n:/home/user/Documents/Resounding-Libraries/Un musico meccanico - Prehistory AI/python-code:/usr/share/lilypond/2.22.1/ly:/usr/share/lilypond/2.22.1/ps:/usr/share/lilypond/2.22.1/scm:/usr/share/lilypond/2.22.1/fonts/otf/:/usr/share/lilypond/2.22.1/fonts/type1/:/usr/share/lilypond/2.22.1/fonts/svg/:')
    \include 
             "../rh/gp-01-rh-113.ly"
/tmp/tmp0yl5c99n/2024-03-11T12-58-24-843065-cc8d3c6.ly:36:14: error: cannot find file: `../rh/gp-01-rh-154.ly'
(search path: `/tmp/tmp0yl5c99n:/home/user/Documents/Resounding-Libraries/Un musico meccanico - Prehistory AI/python-code:/usr/share/lilypond/2.22.1/ly:/usr/share/lilypond/2.22.1/ps:/usr/share/lilypond/2.22.1/scm:/usr/share/lilypond/2.22.1/fonts/otf/:/usr/share/lilypond/2.22.1/fonts/type1/:/usr/share/lilypond/2.22.1/fonts/svg/:')
    \include 
             "../rh/gp-01-rh-154.ly"
/tmp/tmp0yl5c99n/2024-03-11T12-58-24-843065-cc8d3c6.ly:37:14: error: cannot find file: `../rh/gp-01-rh-27.ly'
(search path: `/tmp/tmp0yl5c99n:/home/user/Documents/Resounding-Libraries/Un musico meccanico - Prehistory AI/python-code:/usr/share/lilypond/2.22.1/ly:/usr/share/lilypond/2.22.1/ps:/usr/share/lilypond/2.22.1/scm:/usr/share/lilypond/2.22.1/fonts/otf/:/usr/share/lilypond/2.22.1/fonts/type1/:/usr/share/lilypond/2.22.1/fonts/svg/:')
    \include 
             "../rh/gp-01-rh-27.ly"
/tmp/tmp0yl5c99n/2024-03-11T12-58-24-843065-cc8d3c6.ly:38:14: error: cannot find file: `../rh/gp-01-rh-143.ly'
(search path: `/tmp/tmp0yl5c99n:/home/user/Documents/Resounding-Libraries/Un musico meccanico - Prehistory AI/python-code:/usr/share/lilypond/2.22.1/ly:/usr/share/lilypond/2.22.1/ps:/usr/share/lilypond/2.22.1/scm:/usr/share/lilypond/2.22.1/fonts/otf/:/usr/share/lilypond/2.22.1/fonts/type1/:/usr/share/lilypond/2.22.1/fonts/svg/:')
    \include 
             "../rh/gp-01-rh-143.ly"
/tmp/tmp0yl5c99n/2024-03-11T12-58-24-843065-cc8d3c6.ly:39:14: error: cannot find file: `../rh/gp-01-rh-25.ly'
(search path: `/tmp/tmp0yl5c99n:/home/user/Documents/Resounding-Libraries/Un musico meccanico - Prehistory AI/python-code:/usr/share/lilypond/2.22.1/ly:/usr/share/lilypond/2.22.1/ps:/usr/share/lilypond/2.22.1/scm:/usr/share/lilypond/2.22.1/fonts/otf/:/usr/share/lilypond/2.22.1/fonts/type1/:/usr/share/lilypond/2.22.1/fonts/svg/:')
    \include 
             "../rh/gp-01-rh-25.ly"
/tmp/tmp0yl5c99n/2024-03-11T12-58-24-843065-cc8d3c6.ly:40:14: error: cannot find file: `../rh/gp-01-rh-120.ly'
(search path: `/tmp/tmp0yl5c99n:/home/user/Documents/Resounding-Libraries/Un musico meccanico - Prehistory AI/python-code:/usr/share/lilypond/2.22.1/ly:/usr/share/lilypond/2.22.1/ps:/usr/share/lilypond/2.22.1/scm:/usr/share/lilypond/2.22.1/fonts/otf/:/usr/share/lilypond/2.22.1/fonts/type1/:/usr/share/lilypond/2.22.1/fonts/svg/:')
    \include 
             "../rh/gp-01-rh-120.ly"
/tmp/tmp0yl5c99n/2024-03-11T12-58-24-843065-cc8d3c6.ly:43:14: error: cannot find file: `../bassline_option.ly'
(search path: `/tmp/tmp0yl5c99n:/home/user/Documents/Resounding-Libraries/Un musico meccanico - Prehistory AI/python-code:/usr/share/lilypond/2.22.1/ly:/usr/share/lilypond/2.22.1/ps:/usr/share/lilypond/2.22.1/scm:/usr/share/lilypond/2.22.1/fonts/otf/:/usr/share/lilypond/2.22.1/fonts/type1/:/usr/share/lilypond/2.22.1/fonts/svg/:')
    \include 
             "../bassline_option.ly"
/tmp/tmp0yl5c99n/2024-03-11T12-58-24-843065-cc8d3c6.ly:44:14: error: cannot find file: `../lh/gp-01-lh-71.ly'
(search path: `/tmp/tmp0yl5c99n:/home/user/Documents/Resounding-Libraries/Un musico meccanico - Prehistory AI/python-code:/usr/share/lilypond/2.22.1/ly:/usr/share/lilypond/2.22.1/ps:/usr/share/lilypond/2.22.1/scm:/usr/share/lilypond/2.22.1/fonts/otf/:/usr/share/lilypond/2.22.1/fonts/type1/:/usr/share/lilypond/2.22.1/fonts/svg/:')
    \include 
             "../lh/gp-01-lh-71.ly"
/tmp/tmp0yl5c99n/2024-03-11T12-58-24-843065-cc8d3c6.ly:45:14: error: cannot find file: `../lh/gp-01-lh-89.ly'
(search path: `/tmp/tmp0yl5c99n:/home/user/Documents/Resounding-Libraries/Un musico meccanico - Prehistory AI/python-code:/usr/share/lilypond/2.22.1/ly:/usr/share/lilypond/2.22.1/ps:/usr/share/lilypond/2.22.1/scm:/usr/share/lilypond/2.22.1/fonts/otf/:/usr/share/lilypond/2.22.1/fonts/type1/:/usr/share/lilypond/2.22.1/fonts/svg/:')
    \include 
             "../lh/gp-01-lh-89.ly"
/tmp/tmp0yl5c99n/2024-03-11T12-58-24-843065-cc8d3c6.ly:46:14: error: cannot find file: `../lh/gp-01-lh-111.ly'
(search path: `/tmp/tmp0yl5c99n:/home/user/Documents/Resounding-Libraries/Un musico meccanico - Prehistory AI/python-code:/usr/share/lilypond/2.22.1/ly:/usr/share/lilypond/2.22.1/ps:/usr/share/lilypond/2.22.1/scm:/usr/share/lilypond/2.22.1/fonts/otf/:/usr/share/lilypond/2.22.1/fonts/type1/:/usr/share/lilypond/2.22.1/fonts/svg/:')
    \include 
             "../lh/gp-01-lh-111.ly"
/tmp/tmp0yl5c99n/2024-03-11T12-58-24-843065-cc8d3c6.ly:47:14: error: cannot find file: `../lh/gp-01-lh-10.ly'
(search path: `/tmp/tmp0yl5c99n:/home/user/Documents/Resounding-Libraries/Un musico meccanico - Prehistory AI/python-code:/usr/share/lilypond/2.22.1/ly:/usr/share/lilypond/2.22.1/ps:/usr/share/lilypond/2.22.1/scm:/usr/share/lilypond/2.22.1/fonts/otf/:/usr/share/lilypond/2.22.1/fonts/type1/:/usr/share/lilypond/2.22.1/fonts/svg/:')
    \include 
             "../lh/gp-01-lh-10.ly"
/tmp/tmp0yl5c99n/2024-03-11T12-58-24-843065-cc8d3c6.ly:48:14: error: cannot find file: `../lh/gp-01-lh-113.ly'
(search path: `/tmp/tmp0yl5c99n:/home/user/Documents/Resounding-Libraries/Un musico meccanico - Prehistory AI/python-code:/usr/share/lilypond/2.22.1/ly:/usr/share/lilypond/2.22.1/ps:/usr/share/lilypond/2.22.1/scm:/usr/share/lilypond/2.22.1/fonts/otf/:/usr/share/lilypond/2.22.1/fonts/type1/:/usr/share/lilypond/2.22.1/fonts/svg/:')
    \include 
             "../lh/gp-01-lh-113.ly"
/tmp/tmp0yl5c99n/2024-03-11T12-58-24-843065-cc8d3c6.ly:49:14: error: cannot find file: `../lh/gp-01-lh-154.ly'
(search path: `/tmp/tmp0yl5c99n:/home/user/Documents/Resounding-Libraries/Un musico meccanico - Prehistory AI/python-code:/usr/share/lilypond/2.22.1/ly:/usr/share/lilypond/2.22.1/ps:/usr/share/lilypond/2.22.1/scm:/usr/share/lilypond/2.22.1/fonts/otf/:/usr/share/lilypond/2.22.1/fonts/type1/:/usr/share/lilypond/2.22.1/fonts/svg/:')
    \include 
             "../lh/gp-01-lh-154.ly"
/tmp/tmp0yl5c99n/2024-03-11T12-58-24-843065-cc8d3c6.ly:50:14: error: cannot find file: `../lh/gp-01-lh-27.ly'
(search path: `/tmp/tmp0yl5c99n:/home/user/Documents/Resounding-Libraries/Un musico meccanico - Prehistory AI/python-code:/usr/share/lilypond/2.22.1/ly:/usr/share/lilypond/2.22.1/ps:/usr/share/lilypond/2.22.1/scm:/usr/share/lilypond/2.22.1/fonts/otf/:/usr/share/lilypond/2.22.1/fonts/type1/:/usr/share/lilypond/2.22.1/fonts/svg/:')
    \include 
             "../lh/gp-01-lh-27.ly"
/tmp/tmp0yl5c99n/2024-03-11T12-58-24-843065-cc8d3c6.ly:51:14: error: cannot find file: `../lh/gp-01-lh-143.ly'
(search path: `/tmp/tmp0yl5c99n:/home/user/Documents/Resounding-Libraries/Un musico meccanico - Prehistory AI/python-code:/usr/share/lilypond/2.22.1/ly:/usr/share/lilypond/2.22.1/ps:/usr/share/lilypond/2.22.1/scm:/usr/share/lilypond/2.22.1/fonts/otf/:/usr/share/lilypond/2.22.1/fonts/type1/:/usr/share/lilypond/2.22.1/fonts/svg/:')
    \include 
             "../lh/gp-01-lh-143.ly"
/tmp/tmp0yl5c99n/2024-03-11T12-58-24-843065-cc8d3c6.ly:52:14: error: cannot find file: `../lh/gp-01-lh-25.ly'
(search path: `/tmp/tmp0yl5c99n:/home/user/Documents/Resounding-Libraries/Un musico meccanico - Prehistory AI/python-code:/usr/share/lilypond/2.22.1/ly:/usr/share/lilypond/2.22.1/ps:/usr/share/lilypond/2.22.1/scm:/usr/share/lilypond/2.22.1/fonts/otf/:/usr/share/lilypond/2.22.1/fonts/type1/:/usr/share/lilypond/2.22.1/fonts/svg/:')
    \include 
             "../lh/gp-01-lh-25.ly"
/tmp/tmp0yl5c99n/2024-03-11T12-58-24-843065-cc8d3c6.ly:53:14: error: cannot find file: `../lh/gp-01-lh-120.ly'
(search path: `/tmp/tmp0yl5c99n:/home/user/Documents/Resounding-Libraries/Un musico meccanico - Prehistory AI/python-code:/usr/share/lilypond/2.22.1/ly:/usr/share/lilypond/2.22.1/ps:/usr/share/lilypond/2.22.1/scm:/usr/share/lilypond/2.22.1/fonts/otf/:/usr/share/lilypond/2.22.1/fonts/type1/:/usr/share/lilypond/2.22.1/fonts/svg/:')
    \include 
             "../lh/gp-01-lh-120.ly"
/tmp/tmp0yl5c99n/2024-03-11T12-58-24-843065-cc8d3c6.ly:57:14: error: cannot find file: `../layout_settings.ly'
(search path: `/tmp/tmp0yl5c99n:/home/user/Documents/Resounding-Libraries/Un musico meccanico - Prehistory AI/python-code:/usr/share/lilypond/2.22.1/ly:/usr/share/lilypond/2.22.1/ps:/usr/share/lilypond/2.22.1/scm:/usr/share/lilypond/2.22.1/fonts/otf/:/usr/share/lilypond/2.22.1/fonts/type1/:/usr/share/lilypond/2.22.1/fonts/svg/:')
    \include 
             "../layout_settings.ly"
/tmp/tmp0yl5c99n/2024-03-11T12-58-24-843065-cc8d3c6.ly:1: warning: no \version statement found, please add

\version "2.22.1"

for future compatibility
Interpreting music...
/tmp/tmp0yl5c99n/2024-03-11T12-58-24-843065-cc8d3c6.ly:8:5: warning: skipping zero-duration score
    
    <<
/tmp/tmp0yl5c99n/2024-03-11T12-58-24-843065-cc8d3c6.ly:8:5: warning: to suppress this, consider adding a spacer rest
    
    <<
fatal error: failed files: "/tmp/tmp0yl5c99n/2024-03-11T12-58-24-843065-cc8d3c6.ly"
