GNU LilyPond 2.22.1
Changing working directory to: `/tmp/tmpvbys10o4'
Processing `/tmp/tmpvbys10o4/2024-06-28T09-59-29-371378-a2a8c22.ly'
Parsing...
/tmp/tmpvbys10o4/2024-06-28T09-59-29-371378-a2a8c22.ly:1:10: error: cannot find file: `../paper_settings.ly'
(search path: `/tmp/tmpvbys10o4:/home/user/GitHub/Artyfyshall-Bird/code-implementation:/usr/share/lilypond/2.22.1/ly:/usr/share/lilypond/2.22.1/ps:/usr/share/lilypond/2.22.1/scm:/usr/share/lilypond/2.22.1/fonts/otf/:/usr/share/lilypond/2.22.1/fonts/type1/:/usr/share/lilypond/2.22.1/fonts/svg/:')
\include 
         "../paper_settings.ly" 
/tmp/tmpvbys10o4/2024-06-28T09-59-29-371378-a2a8c22.ly:13:14: error: cannot find file: `../voice_option.ly'
(search path: `/tmp/tmpvbys10o4:/home/user/GitHub/Artyfyshall-Bird/code-implementation:/usr/share/lilypond/2.22.1/ly:/usr/share/lilypond/2.22.1/ps:/usr/share/lilypond/2.22.1/scm:/usr/share/lilypond/2.22.1/fonts/otf/:/usr/share/lilypond/2.22.1/fonts/type1/:/usr/share/lilypond/2.22.1/fonts/svg/:')
    \include 
             "../voice_option.ly"
/tmp/tmpvbys10o4/2024-06-28T09-59-29-371378-a2a8c22.ly:14:14: error: cannot find file: `../voice/gp-01-vc-122.ly'
(search path: `/tmp/tmpvbys10o4:/home/user/GitHub/Artyfyshall-Bird/code-implementation:/usr/share/lilypond/2.22.1/ly:/usr/share/lilypond/2.22.1/ps:/usr/share/lilypond/2.22.1/scm:/usr/share/lilypond/2.22.1/fonts/otf/:/usr/share/lilypond/2.22.1/fonts/type1/:/usr/share/lilypond/2.22.1/fonts/svg/:')
    \include 
             "../voice/gp-01-vc-122.ly"
/tmp/tmpvbys10o4/2024-06-28T09-59-29-371378-a2a8c22.ly:15:14: error: cannot find file: `../voice/gp-01-vc-181.ly'
(search path: `/tmp/tmpvbys10o4:/home/user/GitHub/Artyfyshall-Bird/code-implementation:/usr/share/lilypond/2.22.1/ly:/usr/share/lilypond/2.22.1/ps:/usr/share/lilypond/2.22.1/scm:/usr/share/lilypond/2.22.1/fonts/otf/:/usr/share/lilypond/2.22.1/fonts/type1/:/usr/share/lilypond/2.22.1/fonts/svg/:')
    \include 
             "../voice/gp-01-vc-181.ly"
/tmp/tmpvbys10o4/2024-06-28T09-59-29-371378-a2a8c22.ly:16:14: error: cannot find file: `../voice/gp-01-vc-55.ly'
(search path: `/tmp/tmpvbys10o4:/home/user/GitHub/Artyfyshall-Bird/code-implementation:/usr/share/lilypond/2.22.1/ly:/usr/share/lilypond/2.22.1/ps:/usr/share/lilypond/2.22.1/scm:/usr/share/lilypond/2.22.1/fonts/otf/:/usr/share/lilypond/2.22.1/fonts/type1/:/usr/share/lilypond/2.22.1/fonts/svg/:')
    \include 
             "../voice/gp-01-vc-55.ly"
/tmp/tmpvbys10o4/2024-06-28T09-59-29-371378-a2a8c22.ly:17:14: error: cannot find file: `../voice/gp-01-vc-182.ly'
(search path: `/tmp/tmpvbys10o4:/home/user/GitHub/Artyfyshall-Bird/code-implementation:/usr/share/lilypond/2.22.1/ly:/usr/share/lilypond/2.22.1/ps:/usr/share/lilypond/2.22.1/scm:/usr/share/lilypond/2.22.1/fonts/otf/:/usr/share/lilypond/2.22.1/fonts/type1/:/usr/share/lilypond/2.22.1/fonts/svg/:')
    \include 
             "../voice/gp-01-vc-182.ly"
/tmp/tmpvbys10o4/2024-06-28T09-59-29-371378-a2a8c22.ly:18:14: error: cannot find file: `../voice/gp-01-vc-113.ly'
(search path: `/tmp/tmpvbys10o4:/home/user/GitHub/Artyfyshall-Bird/code-implementation:/usr/share/lilypond/2.22.1/ly:/usr/share/lilypond/2.22.1/ps:/usr/share/lilypond/2.22.1/scm:/usr/share/lilypond/2.22.1/fonts/otf/:/usr/share/lilypond/2.22.1/fonts/type1/:/usr/share/lilypond/2.22.1/fonts/svg/:')
    \include 
             "../voice/gp-01-vc-113.ly"
/tmp/tmpvbys10o4/2024-06-28T09-59-29-371378-a2a8c22.ly:19:14: error: cannot find file: `../voice/gp-01-vc-3.ly'
(search path: `/tmp/tmpvbys10o4:/home/user/GitHub/Artyfyshall-Bird/code-implementation:/usr/share/lilypond/2.22.1/ly:/usr/share/lilypond/2.22.1/ps:/usr/share/lilypond/2.22.1/scm:/usr/share/lilypond/2.22.1/fonts/otf/:/usr/share/lilypond/2.22.1/fonts/type1/:/usr/share/lilypond/2.22.1/fonts/svg/:')
    \include 
             "../voice/gp-01-vc-3.ly"
/tmp/tmpvbys10o4/2024-06-28T09-59-29-371378-a2a8c22.ly:20:14: error: cannot find file: `../voice/gp-01-vc-197.ly'
(search path: `/tmp/tmpvbys10o4:/home/user/GitHub/Artyfyshall-Bird/code-implementation:/usr/share/lilypond/2.22.1/ly:/usr/share/lilypond/2.22.1/ps:/usr/share/lilypond/2.22.1/scm:/usr/share/lilypond/2.22.1/fonts/otf/:/usr/share/lilypond/2.22.1/fonts/type1/:/usr/share/lilypond/2.22.1/fonts/svg/:')
    \include 
             "../voice/gp-01-vc-197.ly"
/tmp/tmpvbys10o4/2024-06-28T09-59-29-371378-a2a8c22.ly:21:14: error: cannot find file: `../voice/gp-01-vc-179.ly'
(search path: `/tmp/tmpvbys10o4:/home/user/GitHub/Artyfyshall-Bird/code-implementation:/usr/share/lilypond/2.22.1/ly:/usr/share/lilypond/2.22.1/ps:/usr/share/lilypond/2.22.1/scm:/usr/share/lilypond/2.22.1/fonts/otf/:/usr/share/lilypond/2.22.1/fonts/type1/:/usr/share/lilypond/2.22.1/fonts/svg/:')
    \include 
             "../voice/gp-01-vc-179.ly"
/tmp/tmpvbys10o4/2024-06-28T09-59-29-371378-a2a8c22.ly:22:14: error: cannot find file: `../voice/gp-01-vc-176.ly'
(search path: `/tmp/tmpvbys10o4:/home/user/GitHub/Artyfyshall-Bird/code-implementation:/usr/share/lilypond/2.22.1/ly:/usr/share/lilypond/2.22.1/ps:/usr/share/lilypond/2.22.1/scm:/usr/share/lilypond/2.22.1/fonts/otf/:/usr/share/lilypond/2.22.1/fonts/type1/:/usr/share/lilypond/2.22.1/fonts/svg/:')
    \include 
             "../voice/gp-01-vc-176.ly"
/tmp/tmpvbys10o4/2024-06-28T09-59-29-371378-a2a8c22.ly:23:14: error: cannot find file: `../voice/gp-01-vc-21.ly'
(search path: `/tmp/tmpvbys10o4:/home/user/GitHub/Artyfyshall-Bird/code-implementation:/usr/share/lilypond/2.22.1/ly:/usr/share/lilypond/2.22.1/ps:/usr/share/lilypond/2.22.1/scm:/usr/share/lilypond/2.22.1/fonts/otf/:/usr/share/lilypond/2.22.1/fonts/type1/:/usr/share/lilypond/2.22.1/fonts/svg/:')
    \include 
             "../voice/gp-01-vc-21.ly"
/tmp/tmpvbys10o4/2024-06-28T09-59-29-371378-a2a8c22.ly:24:14: error: cannot find file: `../voice/gp-01-vc-187.ly'
(search path: `/tmp/tmpvbys10o4:/home/user/GitHub/Artyfyshall-Bird/code-implementation:/usr/share/lilypond/2.22.1/ly:/usr/share/lilypond/2.22.1/ps:/usr/share/lilypond/2.22.1/scm:/usr/share/lilypond/2.22.1/fonts/otf/:/usr/share/lilypond/2.22.1/fonts/type1/:/usr/share/lilypond/2.22.1/fonts/svg/:')
    \include 
             "../voice/gp-01-vc-187.ly"
/tmp/tmpvbys10o4/2024-06-28T09-59-29-371378-a2a8c22.ly:25:14: error: cannot find file: `../voice/gp-01-vc-158.ly'
(search path: `/tmp/tmpvbys10o4:/home/user/GitHub/Artyfyshall-Bird/code-implementation:/usr/share/lilypond/2.22.1/ly:/usr/share/lilypond/2.22.1/ps:/usr/share/lilypond/2.22.1/scm:/usr/share/lilypond/2.22.1/fonts/otf/:/usr/share/lilypond/2.22.1/fonts/type1/:/usr/share/lilypond/2.22.1/fonts/svg/:')
    \include 
             "../voice/gp-01-vc-158.ly"
/tmp/tmpvbys10o4/2024-06-28T09-59-29-371378-a2a8c22.ly:26:14: error: cannot find file: `../voice/gp-01-vc-126.ly'
(search path: `/tmp/tmpvbys10o4:/home/user/GitHub/Artyfyshall-Bird/code-implementation:/usr/share/lilypond/2.22.1/ly:/usr/share/lilypond/2.22.1/ps:/usr/share/lilypond/2.22.1/scm:/usr/share/lilypond/2.22.1/fonts/otf/:/usr/share/lilypond/2.22.1/fonts/type1/:/usr/share/lilypond/2.22.1/fonts/svg/:')
    \include 
             "../voice/gp-01-vc-126.ly"
/tmp/tmpvbys10o4/2024-06-28T09-59-29-371378-a2a8c22.ly:27:14: error: cannot find file: `../voice/gp-01-vc-36.ly'
(search path: `/tmp/tmpvbys10o4:/home/user/GitHub/Artyfyshall-Bird/code-implementation:/usr/share/lilypond/2.22.1/ly:/usr/share/lilypond/2.22.1/ps:/usr/share/lilypond/2.22.1/scm:/usr/share/lilypond/2.22.1/fonts/otf/:/usr/share/lilypond/2.22.1/fonts/type1/:/usr/share/lilypond/2.22.1/fonts/svg/:')
    \include 
             "../voice/gp-01-vc-36.ly"
/tmp/tmpvbys10o4/2024-06-28T09-59-29-371378-a2a8c22.ly:28:14: error: cannot find file: `../voice/gp-01-vc-31.ly'
(search path: `/tmp/tmpvbys10o4:/home/user/GitHub/Artyfyshall-Bird/code-implementation:/usr/share/lilypond/2.22.1/ly:/usr/share/lilypond/2.22.1/ps:/usr/share/lilypond/2.22.1/scm:/usr/share/lilypond/2.22.1/fonts/otf/:/usr/share/lilypond/2.22.1/fonts/type1/:/usr/share/lilypond/2.22.1/fonts/svg/:')
    \include 
             "../voice/gp-01-vc-31.ly"
/tmp/tmpvbys10o4/2024-06-28T09-59-29-371378-a2a8c22.ly:29:14: error: cannot find file: `../voice/gp-01-vc-108.ly'
(search path: `/tmp/tmpvbys10o4:/home/user/GitHub/Artyfyshall-Bird/code-implementation:/usr/share/lilypond/2.22.1/ly:/usr/share/lilypond/2.22.1/ps:/usr/share/lilypond/2.22.1/scm:/usr/share/lilypond/2.22.1/fonts/otf/:/usr/share/lilypond/2.22.1/fonts/type1/:/usr/share/lilypond/2.22.1/fonts/svg/:')
    \include 
             "../voice/gp-01-vc-108.ly"
/tmp/tmpvbys10o4/2024-06-28T09-59-29-371378-a2a8c22.ly:30:14: error: cannot find file: `../voice/gp-01-vc-70.ly'
(search path: `/tmp/tmpvbys10o4:/home/user/GitHub/Artyfyshall-Bird/code-implementation:/usr/share/lilypond/2.22.1/ly:/usr/share/lilypond/2.22.1/ps:/usr/share/lilypond/2.22.1/scm:/usr/share/lilypond/2.22.1/fonts/otf/:/usr/share/lilypond/2.22.1/fonts/type1/:/usr/share/lilypond/2.22.1/fonts/svg/:')
    \include 
             "../voice/gp-01-vc-70.ly"
/tmp/tmpvbys10o4/2024-06-28T09-59-29-371378-a2a8c22.ly:31:14: error: cannot find file: `../voice/gp-01-vc-169.ly'
(search path: `/tmp/tmpvbys10o4:/home/user/GitHub/Artyfyshall-Bird/code-implementation:/usr/share/lilypond/2.22.1/ly:/usr/share/lilypond/2.22.1/ps:/usr/share/lilypond/2.22.1/scm:/usr/share/lilypond/2.22.1/fonts/otf/:/usr/share/lilypond/2.22.1/fonts/type1/:/usr/share/lilypond/2.22.1/fonts/svg/:')
    \include 
             "../voice/gp-01-vc-169.ly"
/tmp/tmpvbys10o4/2024-06-28T09-59-29-371378-a2a8c22.ly:38:14: error: cannot find file: `../voice_option.ly'
(search path: `/tmp/tmpvbys10o4:/home/user/GitHub/Artyfyshall-Bird/code-implementation:/usr/share/lilypond/2.22.1/ly:/usr/share/lilypond/2.22.1/ps:/usr/share/lilypond/2.22.1/scm:/usr/share/lilypond/2.22.1/fonts/otf/:/usr/share/lilypond/2.22.1/fonts/type1/:/usr/share/lilypond/2.22.1/fonts/svg/:')
    \include 
             "../voice_option.ly"
/tmp/tmpvbys10o4/2024-06-28T09-59-29-371378-a2a8c22.ly:39:14: error: cannot find file: `../rh/gp-01-rh-122.ly'
(search path: `/tmp/tmpvbys10o4:/home/user/GitHub/Artyfyshall-Bird/code-implementation:/usr/share/lilypond/2.22.1/ly:/usr/share/lilypond/2.22.1/ps:/usr/share/lilypond/2.22.1/scm:/usr/share/lilypond/2.22.1/fonts/otf/:/usr/share/lilypond/2.22.1/fonts/type1/:/usr/share/lilypond/2.22.1/fonts/svg/:')
    \include 
             "../rh/gp-01-rh-122.ly"
/tmp/tmpvbys10o4/2024-06-28T09-59-29-371378-a2a8c22.ly:40:14: error: cannot find file: `../rh/gp-01-rh-181.ly'
(search path: `/tmp/tmpvbys10o4:/home/user/GitHub/Artyfyshall-Bird/code-implementation:/usr/share/lilypond/2.22.1/ly:/usr/share/lilypond/2.22.1/ps:/usr/share/lilypond/2.22.1/scm:/usr/share/lilypond/2.22.1/fonts/otf/:/usr/share/lilypond/2.22.1/fonts/type1/:/usr/share/lilypond/2.22.1/fonts/svg/:')
    \include 
             "../rh/gp-01-rh-181.ly"
/tmp/tmpvbys10o4/2024-06-28T09-59-29-371378-a2a8c22.ly:41:14: error: cannot find file: `../rh/gp-01-rh-55.ly'
(search path: `/tmp/tmpvbys10o4:/home/user/GitHub/Artyfyshall-Bird/code-implementation:/usr/share/lilypond/2.22.1/ly:/usr/share/lilypond/2.22.1/ps:/usr/share/lilypond/2.22.1/scm:/usr/share/lilypond/2.22.1/fonts/otf/:/usr/share/lilypond/2.22.1/fonts/type1/:/usr/share/lilypond/2.22.1/fonts/svg/:')
    \include 
             "../rh/gp-01-rh-55.ly"
/tmp/tmpvbys10o4/2024-06-28T09-59-29-371378-a2a8c22.ly:42:14: error: cannot find file: `../rh/gp-01-rh-182.ly'
(search path: `/tmp/tmpvbys10o4:/home/user/GitHub/Artyfyshall-Bird/code-implementation:/usr/share/lilypond/2.22.1/ly:/usr/share/lilypond/2.22.1/ps:/usr/share/lilypond/2.22.1/scm:/usr/share/lilypond/2.22.1/fonts/otf/:/usr/share/lilypond/2.22.1/fonts/type1/:/usr/share/lilypond/2.22.1/fonts/svg/:')
    \include 
             "../rh/gp-01-rh-182.ly"
/tmp/tmpvbys10o4/2024-06-28T09-59-29-371378-a2a8c22.ly:43:14: error: cannot find file: `../rh/gp-01-rh-113.ly'
(search path: `/tmp/tmpvbys10o4:/home/user/GitHub/Artyfyshall-Bird/code-implementation:/usr/share/lilypond/2.22.1/ly:/usr/share/lilypond/2.22.1/ps:/usr/share/lilypond/2.22.1/scm:/usr/share/lilypond/2.22.1/fonts/otf/:/usr/share/lilypond/2.22.1/fonts/type1/:/usr/share/lilypond/2.22.1/fonts/svg/:')
    \include 
             "../rh/gp-01-rh-113.ly"
/tmp/tmpvbys10o4/2024-06-28T09-59-29-371378-a2a8c22.ly:44:14: error: cannot find file: `../rh/gp-01-rh-3.ly'
(search path: `/tmp/tmpvbys10o4:/home/user/GitHub/Artyfyshall-Bird/code-implementation:/usr/share/lilypond/2.22.1/ly:/usr/share/lilypond/2.22.1/ps:/usr/share/lilypond/2.22.1/scm:/usr/share/lilypond/2.22.1/fonts/otf/:/usr/share/lilypond/2.22.1/fonts/type1/:/usr/share/lilypond/2.22.1/fonts/svg/:')
    \include 
             "../rh/gp-01-rh-3.ly"
/tmp/tmpvbys10o4/2024-06-28T09-59-29-371378-a2a8c22.ly:45:14: error: cannot find file: `../rh/gp-01-rh-197.ly'
(search path: `/tmp/tmpvbys10o4:/home/user/GitHub/Artyfyshall-Bird/code-implementation:/usr/share/lilypond/2.22.1/ly:/usr/share/lilypond/2.22.1/ps:/usr/share/lilypond/2.22.1/scm:/usr/share/lilypond/2.22.1/fonts/otf/:/usr/share/lilypond/2.22.1/fonts/type1/:/usr/share/lilypond/2.22.1/fonts/svg/:')
    \include 
             "../rh/gp-01-rh-197.ly"
/tmp/tmpvbys10o4/2024-06-28T09-59-29-371378-a2a8c22.ly:46:14: error: cannot find file: `../rh/gp-01-rh-179.ly'
(search path: `/tmp/tmpvbys10o4:/home/user/GitHub/Artyfyshall-Bird/code-implementation:/usr/share/lilypond/2.22.1/ly:/usr/share/lilypond/2.22.1/ps:/usr/share/lilypond/2.22.1/scm:/usr/share/lilypond/2.22.1/fonts/otf/:/usr/share/lilypond/2.22.1/fonts/type1/:/usr/share/lilypond/2.22.1/fonts/svg/:')
    \include 
             "../rh/gp-01-rh-179.ly"
/tmp/tmpvbys10o4/2024-06-28T09-59-29-371378-a2a8c22.ly:47:14: error: cannot find file: `../rh/gp-01-rh-176.ly'
(search path: `/tmp/tmpvbys10o4:/home/user/GitHub/Artyfyshall-Bird/code-implementation:/usr/share/lilypond/2.22.1/ly:/usr/share/lilypond/2.22.1/ps:/usr/share/lilypond/2.22.1/scm:/usr/share/lilypond/2.22.1/fonts/otf/:/usr/share/lilypond/2.22.1/fonts/type1/:/usr/share/lilypond/2.22.1/fonts/svg/:')
    \include 
             "../rh/gp-01-rh-176.ly"
/tmp/tmpvbys10o4/2024-06-28T09-59-29-371378-a2a8c22.ly:48:14: error: cannot find file: `../rh/gp-01-rh-21.ly'
(search path: `/tmp/tmpvbys10o4:/home/user/GitHub/Artyfyshall-Bird/code-implementation:/usr/share/lilypond/2.22.1/ly:/usr/share/lilypond/2.22.1/ps:/usr/share/lilypond/2.22.1/scm:/usr/share/lilypond/2.22.1/fonts/otf/:/usr/share/lilypond/2.22.1/fonts/type1/:/usr/share/lilypond/2.22.1/fonts/svg/:')
    \include 
             "../rh/gp-01-rh-21.ly"
/tmp/tmpvbys10o4/2024-06-28T09-59-29-371378-a2a8c22.ly:49:14: error: cannot find file: `../rh/gp-01-rh-187.ly'
(search path: `/tmp/tmpvbys10o4:/home/user/GitHub/Artyfyshall-Bird/code-implementation:/usr/share/lilypond/2.22.1/ly:/usr/share/lilypond/2.22.1/ps:/usr/share/lilypond/2.22.1/scm:/usr/share/lilypond/2.22.1/fonts/otf/:/usr/share/lilypond/2.22.1/fonts/type1/:/usr/share/lilypond/2.22.1/fonts/svg/:')
    \include 
             "../rh/gp-01-rh-187.ly"
/tmp/tmpvbys10o4/2024-06-28T09-59-29-371378-a2a8c22.ly:50:14: error: cannot find file: `../rh/gp-01-rh-158.ly'
(search path: `/tmp/tmpvbys10o4:/home/user/GitHub/Artyfyshall-Bird/code-implementation:/usr/share/lilypond/2.22.1/ly:/usr/share/lilypond/2.22.1/ps:/usr/share/lilypond/2.22.1/scm:/usr/share/lilypond/2.22.1/fonts/otf/:/usr/share/lilypond/2.22.1/fonts/type1/:/usr/share/lilypond/2.22.1/fonts/svg/:')
    \include 
             "../rh/gp-01-rh-158.ly"
/tmp/tmpvbys10o4/2024-06-28T09-59-29-371378-a2a8c22.ly:51:14: error: cannot find file: `../rh/gp-01-rh-126.ly'
(search path: `/tmp/tmpvbys10o4:/home/user/GitHub/Artyfyshall-Bird/code-implementation:/usr/share/lilypond/2.22.1/ly:/usr/share/lilypond/2.22.1/ps:/usr/share/lilypond/2.22.1/scm:/usr/share/lilypond/2.22.1/fonts/otf/:/usr/share/lilypond/2.22.1/fonts/type1/:/usr/share/lilypond/2.22.1/fonts/svg/:')
    \include 
             "../rh/gp-01-rh-126.ly"
/tmp/tmpvbys10o4/2024-06-28T09-59-29-371378-a2a8c22.ly:52:14: error: cannot find file: `../rh/gp-01-rh-36.ly'
(search path: `/tmp/tmpvbys10o4:/home/user/GitHub/Artyfyshall-Bird/code-implementation:/usr/share/lilypond/2.22.1/ly:/usr/share/lilypond/2.22.1/ps:/usr/share/lilypond/2.22.1/scm:/usr/share/lilypond/2.22.1/fonts/otf/:/usr/share/lilypond/2.22.1/fonts/type1/:/usr/share/lilypond/2.22.1/fonts/svg/:')
    \include 
             "../rh/gp-01-rh-36.ly"
/tmp/tmpvbys10o4/2024-06-28T09-59-29-371378-a2a8c22.ly:53:14: error: cannot find file: `../rh/gp-01-rh-31.ly'
(search path: `/tmp/tmpvbys10o4:/home/user/GitHub/Artyfyshall-Bird/code-implementation:/usr/share/lilypond/2.22.1/ly:/usr/share/lilypond/2.22.1/ps:/usr/share/lilypond/2.22.1/scm:/usr/share/lilypond/2.22.1/fonts/otf/:/usr/share/lilypond/2.22.1/fonts/type1/:/usr/share/lilypond/2.22.1/fonts/svg/:')
    \include 
             "../rh/gp-01-rh-31.ly"
/tmp/tmpvbys10o4/2024-06-28T09-59-29-371378-a2a8c22.ly:54:14: error: cannot find file: `../rh/gp-01-rh-108.ly'
(search path: `/tmp/tmpvbys10o4:/home/user/GitHub/Artyfyshall-Bird/code-implementation:/usr/share/lilypond/2.22.1/ly:/usr/share/lilypond/2.22.1/ps:/usr/share/lilypond/2.22.1/scm:/usr/share/lilypond/2.22.1/fonts/otf/:/usr/share/lilypond/2.22.1/fonts/type1/:/usr/share/lilypond/2.22.1/fonts/svg/:')
    \include 
             "../rh/gp-01-rh-108.ly"
/tmp/tmpvbys10o4/2024-06-28T09-59-29-371378-a2a8c22.ly:55:14: error: cannot find file: `../rh/gp-01-rh-70.ly'
(search path: `/tmp/tmpvbys10o4:/home/user/GitHub/Artyfyshall-Bird/code-implementation:/usr/share/lilypond/2.22.1/ly:/usr/share/lilypond/2.22.1/ps:/usr/share/lilypond/2.22.1/scm:/usr/share/lilypond/2.22.1/fonts/otf/:/usr/share/lilypond/2.22.1/fonts/type1/:/usr/share/lilypond/2.22.1/fonts/svg/:')
    \include 
             "../rh/gp-01-rh-70.ly"
/tmp/tmpvbys10o4/2024-06-28T09-59-29-371378-a2a8c22.ly:56:14: error: cannot find file: `../rh/gp-01-rh-169.ly'
(search path: `/tmp/tmpvbys10o4:/home/user/GitHub/Artyfyshall-Bird/code-implementation:/usr/share/lilypond/2.22.1/ly:/usr/share/lilypond/2.22.1/ps:/usr/share/lilypond/2.22.1/scm:/usr/share/lilypond/2.22.1/fonts/otf/:/usr/share/lilypond/2.22.1/fonts/type1/:/usr/share/lilypond/2.22.1/fonts/svg/:')
    \include 
             "../rh/gp-01-rh-169.ly"
/tmp/tmpvbys10o4/2024-06-28T09-59-29-371378-a2a8c22.ly:59:14: error: cannot find file: `../bassline_option.ly'
(search path: `/tmp/tmpvbys10o4:/home/user/GitHub/Artyfyshall-Bird/code-implementation:/usr/share/lilypond/2.22.1/ly:/usr/share/lilypond/2.22.1/ps:/usr/share/lilypond/2.22.1/scm:/usr/share/lilypond/2.22.1/fonts/otf/:/usr/share/lilypond/2.22.1/fonts/type1/:/usr/share/lilypond/2.22.1/fonts/svg/:')
    \include 
             "../bassline_option.ly"
/tmp/tmpvbys10o4/2024-06-28T09-59-29-371378-a2a8c22.ly:60:14: error: cannot find file: `../lh/gp-01-lh-122.ly'
(search path: `/tmp/tmpvbys10o4:/home/user/GitHub/Artyfyshall-Bird/code-implementation:/usr/share/lilypond/2.22.1/ly:/usr/share/lilypond/2.22.1/ps:/usr/share/lilypond/2.22.1/scm:/usr/share/lilypond/2.22.1/fonts/otf/:/usr/share/lilypond/2.22.1/fonts/type1/:/usr/share/lilypond/2.22.1/fonts/svg/:')
    \include 
             "../lh/gp-01-lh-122.ly"
/tmp/tmpvbys10o4/2024-06-28T09-59-29-371378-a2a8c22.ly:61:14: error: cannot find file: `../lh/gp-01-lh-181.ly'
(search path: `/tmp/tmpvbys10o4:/home/user/GitHub/Artyfyshall-Bird/code-implementation:/usr/share/lilypond/2.22.1/ly:/usr/share/lilypond/2.22.1/ps:/usr/share/lilypond/2.22.1/scm:/usr/share/lilypond/2.22.1/fonts/otf/:/usr/share/lilypond/2.22.1/fonts/type1/:/usr/share/lilypond/2.22.1/fonts/svg/:')
    \include 
             "../lh/gp-01-lh-181.ly"
/tmp/tmpvbys10o4/2024-06-28T09-59-29-371378-a2a8c22.ly:62:14: error: cannot find file: `../lh/gp-01-lh-55.ly'
(search path: `/tmp/tmpvbys10o4:/home/user/GitHub/Artyfyshall-Bird/code-implementation:/usr/share/lilypond/2.22.1/ly:/usr/share/lilypond/2.22.1/ps:/usr/share/lilypond/2.22.1/scm:/usr/share/lilypond/2.22.1/fonts/otf/:/usr/share/lilypond/2.22.1/fonts/type1/:/usr/share/lilypond/2.22.1/fonts/svg/:')
    \include 
             "../lh/gp-01-lh-55.ly"
/tmp/tmpvbys10o4/2024-06-28T09-59-29-371378-a2a8c22.ly:63:14: error: cannot find file: `../lh/gp-01-lh-182.ly'
(search path: `/tmp/tmpvbys10o4:/home/user/GitHub/Artyfyshall-Bird/code-implementation:/usr/share/lilypond/2.22.1/ly:/usr/share/lilypond/2.22.1/ps:/usr/share/lilypond/2.22.1/scm:/usr/share/lilypond/2.22.1/fonts/otf/:/usr/share/lilypond/2.22.1/fonts/type1/:/usr/share/lilypond/2.22.1/fonts/svg/:')
    \include 
             "../lh/gp-01-lh-182.ly"
/tmp/tmpvbys10o4/2024-06-28T09-59-29-371378-a2a8c22.ly:64:14: error: cannot find file: `../lh/gp-01-lh-113.ly'
(search path: `/tmp/tmpvbys10o4:/home/user/GitHub/Artyfyshall-Bird/code-implementation:/usr/share/lilypond/2.22.1/ly:/usr/share/lilypond/2.22.1/ps:/usr/share/lilypond/2.22.1/scm:/usr/share/lilypond/2.22.1/fonts/otf/:/usr/share/lilypond/2.22.1/fonts/type1/:/usr/share/lilypond/2.22.1/fonts/svg/:')
    \include 
             "../lh/gp-01-lh-113.ly"
/tmp/tmpvbys10o4/2024-06-28T09-59-29-371378-a2a8c22.ly:65:14: error: cannot find file: `../lh/gp-01-lh-3.ly'
(search path: `/tmp/tmpvbys10o4:/home/user/GitHub/Artyfyshall-Bird/code-implementation:/usr/share/lilypond/2.22.1/ly:/usr/share/lilypond/2.22.1/ps:/usr/share/lilypond/2.22.1/scm:/usr/share/lilypond/2.22.1/fonts/otf/:/usr/share/lilypond/2.22.1/fonts/type1/:/usr/share/lilypond/2.22.1/fonts/svg/:')
    \include 
             "../lh/gp-01-lh-3.ly"
/tmp/tmpvbys10o4/2024-06-28T09-59-29-371378-a2a8c22.ly:66:14: error: cannot find file: `../lh/gp-01-lh-197.ly'
(search path: `/tmp/tmpvbys10o4:/home/user/GitHub/Artyfyshall-Bird/code-implementation:/usr/share/lilypond/2.22.1/ly:/usr/share/lilypond/2.22.1/ps:/usr/share/lilypond/2.22.1/scm:/usr/share/lilypond/2.22.1/fonts/otf/:/usr/share/lilypond/2.22.1/fonts/type1/:/usr/share/lilypond/2.22.1/fonts/svg/:')
    \include 
             "../lh/gp-01-lh-197.ly"
/tmp/tmpvbys10o4/2024-06-28T09-59-29-371378-a2a8c22.ly:67:14: error: cannot find file: `../lh/gp-01-lh-179.ly'
(search path: `/tmp/tmpvbys10o4:/home/user/GitHub/Artyfyshall-Bird/code-implementation:/usr/share/lilypond/2.22.1/ly:/usr/share/lilypond/2.22.1/ps:/usr/share/lilypond/2.22.1/scm:/usr/share/lilypond/2.22.1/fonts/otf/:/usr/share/lilypond/2.22.1/fonts/type1/:/usr/share/lilypond/2.22.1/fonts/svg/:')
    \include 
             "../lh/gp-01-lh-179.ly"
/tmp/tmpvbys10o4/2024-06-28T09-59-29-371378-a2a8c22.ly:68:14: error: cannot find file: `../lh/gp-01-lh-176.ly'
(search path: `/tmp/tmpvbys10o4:/home/user/GitHub/Artyfyshall-Bird/code-implementation:/usr/share/lilypond/2.22.1/ly:/usr/share/lilypond/2.22.1/ps:/usr/share/lilypond/2.22.1/scm:/usr/share/lilypond/2.22.1/fonts/otf/:/usr/share/lilypond/2.22.1/fonts/type1/:/usr/share/lilypond/2.22.1/fonts/svg/:')
    \include 
             "../lh/gp-01-lh-176.ly"
/tmp/tmpvbys10o4/2024-06-28T09-59-29-371378-a2a8c22.ly:69:14: error: cannot find file: `../lh/gp-01-lh-21.ly'
(search path: `/tmp/tmpvbys10o4:/home/user/GitHub/Artyfyshall-Bird/code-implementation:/usr/share/lilypond/2.22.1/ly:/usr/share/lilypond/2.22.1/ps:/usr/share/lilypond/2.22.1/scm:/usr/share/lilypond/2.22.1/fonts/otf/:/usr/share/lilypond/2.22.1/fonts/type1/:/usr/share/lilypond/2.22.1/fonts/svg/:')
    \include 
             "../lh/gp-01-lh-21.ly"
/tmp/tmpvbys10o4/2024-06-28T09-59-29-371378-a2a8c22.ly:70:14: error: cannot find file: `../lh/gp-01-lh-187.ly'
(search path: `/tmp/tmpvbys10o4:/home/user/GitHub/Artyfyshall-Bird/code-implementation:/usr/share/lilypond/2.22.1/ly:/usr/share/lilypond/2.22.1/ps:/usr/share/lilypond/2.22.1/scm:/usr/share/lilypond/2.22.1/fonts/otf/:/usr/share/lilypond/2.22.1/fonts/type1/:/usr/share/lilypond/2.22.1/fonts/svg/:')
    \include 
             "../lh/gp-01-lh-187.ly"
/tmp/tmpvbys10o4/2024-06-28T09-59-29-371378-a2a8c22.ly:71:14: error: cannot find file: `../lh/gp-01-lh-158.ly'
(search path: `/tmp/tmpvbys10o4:/home/user/GitHub/Artyfyshall-Bird/code-implementation:/usr/share/lilypond/2.22.1/ly:/usr/share/lilypond/2.22.1/ps:/usr/share/lilypond/2.22.1/scm:/usr/share/lilypond/2.22.1/fonts/otf/:/usr/share/lilypond/2.22.1/fonts/type1/:/usr/share/lilypond/2.22.1/fonts/svg/:')
    \include 
             "../lh/gp-01-lh-158.ly"
/tmp/tmpvbys10o4/2024-06-28T09-59-29-371378-a2a8c22.ly:72:14: error: cannot find file: `../lh/gp-01-lh-126.ly'
(search path: `/tmp/tmpvbys10o4:/home/user/GitHub/Artyfyshall-Bird/code-implementation:/usr/share/lilypond/2.22.1/ly:/usr/share/lilypond/2.22.1/ps:/usr/share/lilypond/2.22.1/scm:/usr/share/lilypond/2.22.1/fonts/otf/:/usr/share/lilypond/2.22.1/fonts/type1/:/usr/share/lilypond/2.22.1/fonts/svg/:')
    \include 
             "../lh/gp-01-lh-126.ly"
/tmp/tmpvbys10o4/2024-06-28T09-59-29-371378-a2a8c22.ly:73:14: error: cannot find file: `../lh/gp-01-lh-36.ly'
(search path: `/tmp/tmpvbys10o4:/home/user/GitHub/Artyfyshall-Bird/code-implementation:/usr/share/lilypond/2.22.1/ly:/usr/share/lilypond/2.22.1/ps:/usr/share/lilypond/2.22.1/scm:/usr/share/lilypond/2.22.1/fonts/otf/:/usr/share/lilypond/2.22.1/fonts/type1/:/usr/share/lilypond/2.22.1/fonts/svg/:')
    \include 
             "../lh/gp-01-lh-36.ly"
/tmp/tmpvbys10o4/2024-06-28T09-59-29-371378-a2a8c22.ly:74:14: error: cannot find file: `../lh/gp-01-lh-31.ly'
(search path: `/tmp/tmpvbys10o4:/home/user/GitHub/Artyfyshall-Bird/code-implementation:/usr/share/lilypond/2.22.1/ly:/usr/share/lilypond/2.22.1/ps:/usr/share/lilypond/2.22.1/scm:/usr/share/lilypond/2.22.1/fonts/otf/:/usr/share/lilypond/2.22.1/fonts/type1/:/usr/share/lilypond/2.22.1/fonts/svg/:')
    \include 
             "../lh/gp-01-lh-31.ly"
/tmp/tmpvbys10o4/2024-06-28T09-59-29-371378-a2a8c22.ly:75:14: error: cannot find file: `../lh/gp-01-lh-108.ly'
(search path: `/tmp/tmpvbys10o4:/home/user/GitHub/Artyfyshall-Bird/code-implementation:/usr/share/lilypond/2.22.1/ly:/usr/share/lilypond/2.22.1/ps:/usr/share/lilypond/2.22.1/scm:/usr/share/lilypond/2.22.1/fonts/otf/:/usr/share/lilypond/2.22.1/fonts/type1/:/usr/share/lilypond/2.22.1/fonts/svg/:')
    \include 
             "../lh/gp-01-lh-108.ly"
/tmp/tmpvbys10o4/2024-06-28T09-59-29-371378-a2a8c22.ly:76:14: error: cannot find file: `../lh/gp-01-lh-70.ly'
(search path: `/tmp/tmpvbys10o4:/home/user/GitHub/Artyfyshall-Bird/code-implementation:/usr/share/lilypond/2.22.1/ly:/usr/share/lilypond/2.22.1/ps:/usr/share/lilypond/2.22.1/scm:/usr/share/lilypond/2.22.1/fonts/otf/:/usr/share/lilypond/2.22.1/fonts/type1/:/usr/share/lilypond/2.22.1/fonts/svg/:')
    \include 
             "../lh/gp-01-lh-70.ly"
/tmp/tmpvbys10o4/2024-06-28T09-59-29-371378-a2a8c22.ly:77:14: error: cannot find file: `../lh/gp-01-lh-169.ly'
(search path: `/tmp/tmpvbys10o4:/home/user/GitHub/Artyfyshall-Bird/code-implementation:/usr/share/lilypond/2.22.1/ly:/usr/share/lilypond/2.22.1/ps:/usr/share/lilypond/2.22.1/scm:/usr/share/lilypond/2.22.1/fonts/otf/:/usr/share/lilypond/2.22.1/fonts/type1/:/usr/share/lilypond/2.22.1/fonts/svg/:')
    \include 
             "../lh/gp-01-lh-169.ly"
/tmp/tmpvbys10o4/2024-06-28T09-59-29-371378-a2a8c22.ly:82:14: error: cannot find file: `../layout_settings.ly'
(search path: `/tmp/tmpvbys10o4:/home/user/GitHub/Artyfyshall-Bird/code-implementation:/usr/share/lilypond/2.22.1/ly:/usr/share/lilypond/2.22.1/ps:/usr/share/lilypond/2.22.1/scm:/usr/share/lilypond/2.22.1/fonts/otf/:/usr/share/lilypond/2.22.1/fonts/type1/:/usr/share/lilypond/2.22.1/fonts/svg/:')
    \include 
             "../layout_settings.ly"
/tmp/tmpvbys10o4/2024-06-28T09-59-29-371378-a2a8c22.ly:1: warning: no \version statement found, please add

\version "2.22.1"

for future compatibility
Interpreting music...
/tmp/tmpvbys10o4/2024-06-28T09-59-29-371378-a2a8c22.ly:8:5: warning: skipping zero-duration score
    
    <<
/tmp/tmpvbys10o4/2024-06-28T09-59-29-371378-a2a8c22.ly:8:5: warning: to suppress this, consider adding a spacer rest
    
    <<
fatal error: failed files: "/tmp/tmpvbys10o4/2024-06-28T09-59-29-371378-a2a8c22.ly"
