GNU LilyPond 2.22.1
Changing working directory to: `/tmp/tmprsz9u8mo'
Processing `/tmp/tmprsz9u8mo/2024-08-28T12-26-28-625825-576b922.ly'
Parsing...
/tmp/tmprsz9u8mo/2024-08-28T12-26-28-625825-576b922.ly:1:10: error: cannot find file: `../paper_settings.ly'
(search path: `/tmp/tmprsz9u8mo:/home/user/GitHub/Artyfyshall-Bird/code-implementation:/usr/share/lilypond/2.22.1/ly:/usr/share/lilypond/2.22.1/ps:/usr/share/lilypond/2.22.1/scm:/usr/share/lilypond/2.22.1/fonts/otf/:/usr/share/lilypond/2.22.1/fonts/type1/:/usr/share/lilypond/2.22.1/fonts/svg/:')
\include 
         "../paper_settings.ly" 
/tmp/tmprsz9u8mo/2024-08-28T12-26-28-625825-576b922.ly:15:14: error: cannot find file: `../voice_option.ly'
(search path: `/tmp/tmprsz9u8mo:/home/user/GitHub/Artyfyshall-Bird/code-implementation:/usr/share/lilypond/2.22.1/ly:/usr/share/lilypond/2.22.1/ps:/usr/share/lilypond/2.22.1/scm:/usr/share/lilypond/2.22.1/fonts/otf/:/usr/share/lilypond/2.22.1/fonts/type1/:/usr/share/lilypond/2.22.1/fonts/svg/:')
    \include 
             "../voice_option.ly"
/tmp/tmprsz9u8mo/2024-08-28T12-26-28-625825-576b922.ly:16:14: error: cannot find file: `../vc1/gp-02-vc1-44.ly'
(search path: `/tmp/tmprsz9u8mo:/home/user/GitHub/Artyfyshall-Bird/code-implementation:/usr/share/lilypond/2.22.1/ly:/usr/share/lilypond/2.22.1/ps:/usr/share/lilypond/2.22.1/scm:/usr/share/lilypond/2.22.1/fonts/otf/:/usr/share/lilypond/2.22.1/fonts/type1/:/usr/share/lilypond/2.22.1/fonts/svg/:')
    \include 
             "../vc1/gp-02-vc1-44.ly"
/tmp/tmprsz9u8mo/2024-08-28T12-26-28-625825-576b922.ly:17:14: error: cannot find file: `../vc1/gp-02-vc1-10.ly'
(search path: `/tmp/tmprsz9u8mo:/home/user/GitHub/Artyfyshall-Bird/code-implementation:/usr/share/lilypond/2.22.1/ly:/usr/share/lilypond/2.22.1/ps:/usr/share/lilypond/2.22.1/scm:/usr/share/lilypond/2.22.1/fonts/otf/:/usr/share/lilypond/2.22.1/fonts/type1/:/usr/share/lilypond/2.22.1/fonts/svg/:')
    \include 
             "../vc1/gp-02-vc1-10.ly"
/tmp/tmprsz9u8mo/2024-08-28T12-26-28-625825-576b922.ly:18:14: error: cannot find file: `../vc1/gp-02-vc1-129.ly'
(search path: `/tmp/tmprsz9u8mo:/home/user/GitHub/Artyfyshall-Bird/code-implementation:/usr/share/lilypond/2.22.1/ly:/usr/share/lilypond/2.22.1/ps:/usr/share/lilypond/2.22.1/scm:/usr/share/lilypond/2.22.1/fonts/otf/:/usr/share/lilypond/2.22.1/fonts/type1/:/usr/share/lilypond/2.22.1/fonts/svg/:')
    \include 
             "../vc1/gp-02-vc1-129.ly"
/tmp/tmprsz9u8mo/2024-08-28T12-26-28-625825-576b922.ly:19:14: error: cannot find file: `../vc1/gp-02-vc1-112.ly'
(search path: `/tmp/tmprsz9u8mo:/home/user/GitHub/Artyfyshall-Bird/code-implementation:/usr/share/lilypond/2.22.1/ly:/usr/share/lilypond/2.22.1/ps:/usr/share/lilypond/2.22.1/scm:/usr/share/lilypond/2.22.1/fonts/otf/:/usr/share/lilypond/2.22.1/fonts/type1/:/usr/share/lilypond/2.22.1/fonts/svg/:')
    \include 
             "../vc1/gp-02-vc1-112.ly"
/tmp/tmprsz9u8mo/2024-08-28T12-26-28-625825-576b922.ly:20:14: error: cannot find file: `../vc1/gp-02-vc1-204.ly'
(search path: `/tmp/tmprsz9u8mo:/home/user/GitHub/Artyfyshall-Bird/code-implementation:/usr/share/lilypond/2.22.1/ly:/usr/share/lilypond/2.22.1/ps:/usr/share/lilypond/2.22.1/scm:/usr/share/lilypond/2.22.1/fonts/otf/:/usr/share/lilypond/2.22.1/fonts/type1/:/usr/share/lilypond/2.22.1/fonts/svg/:')
    \include 
             "../vc1/gp-02-vc1-204.ly"
/tmp/tmprsz9u8mo/2024-08-28T12-26-28-625825-576b922.ly:21:14: error: cannot find file: `../vc1/gp-02-vc1-194.ly'
(search path: `/tmp/tmprsz9u8mo:/home/user/GitHub/Artyfyshall-Bird/code-implementation:/usr/share/lilypond/2.22.1/ly:/usr/share/lilypond/2.22.1/ps:/usr/share/lilypond/2.22.1/scm:/usr/share/lilypond/2.22.1/fonts/otf/:/usr/share/lilypond/2.22.1/fonts/type1/:/usr/share/lilypond/2.22.1/fonts/svg/:')
    \include 
             "../vc1/gp-02-vc1-194.ly"
/tmp/tmprsz9u8mo/2024-08-28T12-26-28-625825-576b922.ly:22:14: error: cannot find file: `../vc1/gp-02-vc1-106.ly'
(search path: `/tmp/tmprsz9u8mo:/home/user/GitHub/Artyfyshall-Bird/code-implementation:/usr/share/lilypond/2.22.1/ly:/usr/share/lilypond/2.22.1/ps:/usr/share/lilypond/2.22.1/scm:/usr/share/lilypond/2.22.1/fonts/otf/:/usr/share/lilypond/2.22.1/fonts/type1/:/usr/share/lilypond/2.22.1/fonts/svg/:')
    \include 
             "../vc1/gp-02-vc1-106.ly"
/tmp/tmprsz9u8mo/2024-08-28T12-26-28-625825-576b922.ly:23:14: error: cannot find file: `../vc1/gp-02-vc1-242.ly'
(search path: `/tmp/tmprsz9u8mo:/home/user/GitHub/Artyfyshall-Bird/code-implementation:/usr/share/lilypond/2.22.1/ly:/usr/share/lilypond/2.22.1/ps:/usr/share/lilypond/2.22.1/scm:/usr/share/lilypond/2.22.1/fonts/otf/:/usr/share/lilypond/2.22.1/fonts/type1/:/usr/share/lilypond/2.22.1/fonts/svg/:')
    \include 
             "../vc1/gp-02-vc1-242.ly"
/tmp/tmprsz9u8mo/2024-08-28T12-26-28-625825-576b922.ly:24:14: error: cannot find file: `../vc1/gp-02-vc1-127.ly'
(search path: `/tmp/tmprsz9u8mo:/home/user/GitHub/Artyfyshall-Bird/code-implementation:/usr/share/lilypond/2.22.1/ly:/usr/share/lilypond/2.22.1/ps:/usr/share/lilypond/2.22.1/scm:/usr/share/lilypond/2.22.1/fonts/otf/:/usr/share/lilypond/2.22.1/fonts/type1/:/usr/share/lilypond/2.22.1/fonts/svg/:')
    \include 
             "../vc1/gp-02-vc1-127.ly"
/tmp/tmprsz9u8mo/2024-08-28T12-26-28-625825-576b922.ly:25:14: error: cannot find file: `../vc1/gp-02-vc1-100.ly'
(search path: `/tmp/tmprsz9u8mo:/home/user/GitHub/Artyfyshall-Bird/code-implementation:/usr/share/lilypond/2.22.1/ly:/usr/share/lilypond/2.22.1/ps:/usr/share/lilypond/2.22.1/scm:/usr/share/lilypond/2.22.1/fonts/otf/:/usr/share/lilypond/2.22.1/fonts/type1/:/usr/share/lilypond/2.22.1/fonts/svg/:')
    \include 
             "../vc1/gp-02-vc1-100.ly"
/tmp/tmprsz9u8mo/2024-08-28T12-26-28-625825-576b922.ly:26:14: error: cannot find file: `../vc1/gp-02-vc1-141.ly'
(search path: `/tmp/tmprsz9u8mo:/home/user/GitHub/Artyfyshall-Bird/code-implementation:/usr/share/lilypond/2.22.1/ly:/usr/share/lilypond/2.22.1/ps:/usr/share/lilypond/2.22.1/scm:/usr/share/lilypond/2.22.1/fonts/otf/:/usr/share/lilypond/2.22.1/fonts/type1/:/usr/share/lilypond/2.22.1/fonts/svg/:')
    \include 
             "../vc1/gp-02-vc1-141.ly"
/tmp/tmprsz9u8mo/2024-08-28T12-26-28-625825-576b922.ly:27:14: error: cannot find file: `../vc1/gp-02-vc1-137.ly'
(search path: `/tmp/tmprsz9u8mo:/home/user/GitHub/Artyfyshall-Bird/code-implementation:/usr/share/lilypond/2.22.1/ly:/usr/share/lilypond/2.22.1/ps:/usr/share/lilypond/2.22.1/scm:/usr/share/lilypond/2.22.1/fonts/otf/:/usr/share/lilypond/2.22.1/fonts/type1/:/usr/share/lilypond/2.22.1/fonts/svg/:')
    \include 
             "../vc1/gp-02-vc1-137.ly"
/tmp/tmprsz9u8mo/2024-08-28T12-26-28-625825-576b922.ly:28:14: error: cannot find file: `../vc1/gp-02-vc1-191.ly'
(search path: `/tmp/tmprsz9u8mo:/home/user/GitHub/Artyfyshall-Bird/code-implementation:/usr/share/lilypond/2.22.1/ly:/usr/share/lilypond/2.22.1/ps:/usr/share/lilypond/2.22.1/scm:/usr/share/lilypond/2.22.1/fonts/otf/:/usr/share/lilypond/2.22.1/fonts/type1/:/usr/share/lilypond/2.22.1/fonts/svg/:')
    \include 
             "../vc1/gp-02-vc1-191.ly"
/tmp/tmprsz9u8mo/2024-08-28T12-26-28-625825-576b922.ly:29:14: error: cannot find file: `../vc1/gp-02-vc1-140.ly'
(search path: `/tmp/tmprsz9u8mo:/home/user/GitHub/Artyfyshall-Bird/code-implementation:/usr/share/lilypond/2.22.1/ly:/usr/share/lilypond/2.22.1/ps:/usr/share/lilypond/2.22.1/scm:/usr/share/lilypond/2.22.1/fonts/otf/:/usr/share/lilypond/2.22.1/fonts/type1/:/usr/share/lilypond/2.22.1/fonts/svg/:')
    \include 
             "../vc1/gp-02-vc1-140.ly"
/tmp/tmprsz9u8mo/2024-08-28T12-26-28-625825-576b922.ly:30:14: error: cannot find file: `../vc1/gp-02-vc1-130.ly'
(search path: `/tmp/tmprsz9u8mo:/home/user/GitHub/Artyfyshall-Bird/code-implementation:/usr/share/lilypond/2.22.1/ly:/usr/share/lilypond/2.22.1/ps:/usr/share/lilypond/2.22.1/scm:/usr/share/lilypond/2.22.1/fonts/otf/:/usr/share/lilypond/2.22.1/fonts/type1/:/usr/share/lilypond/2.22.1/fonts/svg/:')
    \include 
             "../vc1/gp-02-vc1-130.ly"
/tmp/tmprsz9u8mo/2024-08-28T12-26-28-625825-576b922.ly:31:14: error: cannot find file: `../vc1/gp-02-vc1-50.ly'
(search path: `/tmp/tmprsz9u8mo:/home/user/GitHub/Artyfyshall-Bird/code-implementation:/usr/share/lilypond/2.22.1/ly:/usr/share/lilypond/2.22.1/ps:/usr/share/lilypond/2.22.1/scm:/usr/share/lilypond/2.22.1/fonts/otf/:/usr/share/lilypond/2.22.1/fonts/type1/:/usr/share/lilypond/2.22.1/fonts/svg/:')
    \include 
             "../vc1/gp-02-vc1-50.ly"
/tmp/tmprsz9u8mo/2024-08-28T12-26-28-625825-576b922.ly:32:14: error: cannot find file: `../vc1/gp-02-vc1-201.ly'
(search path: `/tmp/tmprsz9u8mo:/home/user/GitHub/Artyfyshall-Bird/code-implementation:/usr/share/lilypond/2.22.1/ly:/usr/share/lilypond/2.22.1/ps:/usr/share/lilypond/2.22.1/scm:/usr/share/lilypond/2.22.1/fonts/otf/:/usr/share/lilypond/2.22.1/fonts/type1/:/usr/share/lilypond/2.22.1/fonts/svg/:')
    \include 
             "../vc1/gp-02-vc1-201.ly"
/tmp/tmprsz9u8mo/2024-08-28T12-26-28-625825-576b922.ly:33:14: error: cannot find file: `../vc1/gp-02-vc1-104.ly'
(search path: `/tmp/tmprsz9u8mo:/home/user/GitHub/Artyfyshall-Bird/code-implementation:/usr/share/lilypond/2.22.1/ly:/usr/share/lilypond/2.22.1/ps:/usr/share/lilypond/2.22.1/scm:/usr/share/lilypond/2.22.1/fonts/otf/:/usr/share/lilypond/2.22.1/fonts/type1/:/usr/share/lilypond/2.22.1/fonts/svg/:')
    \include 
             "../vc1/gp-02-vc1-104.ly"
/tmp/tmprsz9u8mo/2024-08-28T12-26-28-625825-576b922.ly:34:14: error: cannot find file: `../vc1/gp-02-vc1-250.ly'
(search path: `/tmp/tmprsz9u8mo:/home/user/GitHub/Artyfyshall-Bird/code-implementation:/usr/share/lilypond/2.22.1/ly:/usr/share/lilypond/2.22.1/ps:/usr/share/lilypond/2.22.1/scm:/usr/share/lilypond/2.22.1/fonts/otf/:/usr/share/lilypond/2.22.1/fonts/type1/:/usr/share/lilypond/2.22.1/fonts/svg/:')
    \include 
             "../vc1/gp-02-vc1-250.ly"
/tmp/tmprsz9u8mo/2024-08-28T12-26-28-625825-576b922.ly:35:14: error: cannot find file: `../vc1/gp-02-vc1-262.ly'
(search path: `/tmp/tmprsz9u8mo:/home/user/GitHub/Artyfyshall-Bird/code-implementation:/usr/share/lilypond/2.22.1/ly:/usr/share/lilypond/2.22.1/ps:/usr/share/lilypond/2.22.1/scm:/usr/share/lilypond/2.22.1/fonts/otf/:/usr/share/lilypond/2.22.1/fonts/type1/:/usr/share/lilypond/2.22.1/fonts/svg/:')
    \include 
             "../vc1/gp-02-vc1-262.ly"
/tmp/tmprsz9u8mo/2024-08-28T12-26-28-625825-576b922.ly:36:14: error: cannot find file: `../vc1/gp-02-vc1-35.ly'
(search path: `/tmp/tmprsz9u8mo:/home/user/GitHub/Artyfyshall-Bird/code-implementation:/usr/share/lilypond/2.22.1/ly:/usr/share/lilypond/2.22.1/ps:/usr/share/lilypond/2.22.1/scm:/usr/share/lilypond/2.22.1/fonts/otf/:/usr/share/lilypond/2.22.1/fonts/type1/:/usr/share/lilypond/2.22.1/fonts/svg/:')
    \include 
             "../vc1/gp-02-vc1-35.ly"
/tmp/tmprsz9u8mo/2024-08-28T12-26-28-625825-576b922.ly:37:14: error: cannot find file: `../vc1/gp-02-vc1-218.ly'
(search path: `/tmp/tmprsz9u8mo:/home/user/GitHub/Artyfyshall-Bird/code-implementation:/usr/share/lilypond/2.22.1/ly:/usr/share/lilypond/2.22.1/ps:/usr/share/lilypond/2.22.1/scm:/usr/share/lilypond/2.22.1/fonts/otf/:/usr/share/lilypond/2.22.1/fonts/type1/:/usr/share/lilypond/2.22.1/fonts/svg/:')
    \include 
             "../vc1/gp-02-vc1-218.ly"
/tmp/tmprsz9u8mo/2024-08-28T12-26-28-625825-576b922.ly:38:14: error: cannot find file: `../vc1/gp-02-vc1-248.ly'
(search path: `/tmp/tmprsz9u8mo:/home/user/GitHub/Artyfyshall-Bird/code-implementation:/usr/share/lilypond/2.22.1/ly:/usr/share/lilypond/2.22.1/ps:/usr/share/lilypond/2.22.1/scm:/usr/share/lilypond/2.22.1/fonts/otf/:/usr/share/lilypond/2.22.1/fonts/type1/:/usr/share/lilypond/2.22.1/fonts/svg/:')
    \include 
             "../vc1/gp-02-vc1-248.ly"
/tmp/tmprsz9u8mo/2024-08-28T12-26-28-625825-576b922.ly:39:14: error: cannot find file: `../vc1/gp-02-vc1-152.ly'
(search path: `/tmp/tmprsz9u8mo:/home/user/GitHub/Artyfyshall-Bird/code-implementation:/usr/share/lilypond/2.22.1/ly:/usr/share/lilypond/2.22.1/ps:/usr/share/lilypond/2.22.1/scm:/usr/share/lilypond/2.22.1/fonts/otf/:/usr/share/lilypond/2.22.1/fonts/type1/:/usr/share/lilypond/2.22.1/fonts/svg/:')
    \include 
             "../vc1/gp-02-vc1-152.ly"
/tmp/tmprsz9u8mo/2024-08-28T12-26-28-625825-576b922.ly:46:14: error: cannot find file: `../voice_option.ly'
(search path: `/tmp/tmprsz9u8mo:/home/user/GitHub/Artyfyshall-Bird/code-implementation:/usr/share/lilypond/2.22.1/ly:/usr/share/lilypond/2.22.1/ps:/usr/share/lilypond/2.22.1/scm:/usr/share/lilypond/2.22.1/fonts/otf/:/usr/share/lilypond/2.22.1/fonts/type1/:/usr/share/lilypond/2.22.1/fonts/svg/:')
    \include 
             "../voice_option.ly"
/tmp/tmprsz9u8mo/2024-08-28T12-26-28-625825-576b922.ly:47:14: error: cannot find file: `../vc2/gp-02-vc2-44.ly'
(search path: `/tmp/tmprsz9u8mo:/home/user/GitHub/Artyfyshall-Bird/code-implementation:/usr/share/lilypond/2.22.1/ly:/usr/share/lilypond/2.22.1/ps:/usr/share/lilypond/2.22.1/scm:/usr/share/lilypond/2.22.1/fonts/otf/:/usr/share/lilypond/2.22.1/fonts/type1/:/usr/share/lilypond/2.22.1/fonts/svg/:')
    \include 
             "../vc2/gp-02-vc2-44.ly"
/tmp/tmprsz9u8mo/2024-08-28T12-26-28-625825-576b922.ly:48:14: error: cannot find file: `../vc2/gp-02-vc2-10.ly'
(search path: `/tmp/tmprsz9u8mo:/home/user/GitHub/Artyfyshall-Bird/code-implementation:/usr/share/lilypond/2.22.1/ly:/usr/share/lilypond/2.22.1/ps:/usr/share/lilypond/2.22.1/scm:/usr/share/lilypond/2.22.1/fonts/otf/:/usr/share/lilypond/2.22.1/fonts/type1/:/usr/share/lilypond/2.22.1/fonts/svg/:')
    \include 
             "../vc2/gp-02-vc2-10.ly"
/tmp/tmprsz9u8mo/2024-08-28T12-26-28-625825-576b922.ly:49:14: error: cannot find file: `../vc2/gp-02-vc2-129.ly'
(search path: `/tmp/tmprsz9u8mo:/home/user/GitHub/Artyfyshall-Bird/code-implementation:/usr/share/lilypond/2.22.1/ly:/usr/share/lilypond/2.22.1/ps:/usr/share/lilypond/2.22.1/scm:/usr/share/lilypond/2.22.1/fonts/otf/:/usr/share/lilypond/2.22.1/fonts/type1/:/usr/share/lilypond/2.22.1/fonts/svg/:')
    \include 
             "../vc2/gp-02-vc2-129.ly"
/tmp/tmprsz9u8mo/2024-08-28T12-26-28-625825-576b922.ly:50:14: error: cannot find file: `../vc2/gp-02-vc2-112.ly'
(search path: `/tmp/tmprsz9u8mo:/home/user/GitHub/Artyfyshall-Bird/code-implementation:/usr/share/lilypond/2.22.1/ly:/usr/share/lilypond/2.22.1/ps:/usr/share/lilypond/2.22.1/scm:/usr/share/lilypond/2.22.1/fonts/otf/:/usr/share/lilypond/2.22.1/fonts/type1/:/usr/share/lilypond/2.22.1/fonts/svg/:')
    \include 
             "../vc2/gp-02-vc2-112.ly"
/tmp/tmprsz9u8mo/2024-08-28T12-26-28-625825-576b922.ly:51:14: error: cannot find file: `../vc2/gp-02-vc2-204.ly'
(search path: `/tmp/tmprsz9u8mo:/home/user/GitHub/Artyfyshall-Bird/code-implementation:/usr/share/lilypond/2.22.1/ly:/usr/share/lilypond/2.22.1/ps:/usr/share/lilypond/2.22.1/scm:/usr/share/lilypond/2.22.1/fonts/otf/:/usr/share/lilypond/2.22.1/fonts/type1/:/usr/share/lilypond/2.22.1/fonts/svg/:')
    \include 
             "../vc2/gp-02-vc2-204.ly"
/tmp/tmprsz9u8mo/2024-08-28T12-26-28-625825-576b922.ly:52:14: error: cannot find file: `../vc2/gp-02-vc2-194.ly'
(search path: `/tmp/tmprsz9u8mo:/home/user/GitHub/Artyfyshall-Bird/code-implementation:/usr/share/lilypond/2.22.1/ly:/usr/share/lilypond/2.22.1/ps:/usr/share/lilypond/2.22.1/scm:/usr/share/lilypond/2.22.1/fonts/otf/:/usr/share/lilypond/2.22.1/fonts/type1/:/usr/share/lilypond/2.22.1/fonts/svg/:')
    \include 
             "../vc2/gp-02-vc2-194.ly"
/tmp/tmprsz9u8mo/2024-08-28T12-26-28-625825-576b922.ly:53:14: error: cannot find file: `../vc2/gp-02-vc2-106.ly'
(search path: `/tmp/tmprsz9u8mo:/home/user/GitHub/Artyfyshall-Bird/code-implementation:/usr/share/lilypond/2.22.1/ly:/usr/share/lilypond/2.22.1/ps:/usr/share/lilypond/2.22.1/scm:/usr/share/lilypond/2.22.1/fonts/otf/:/usr/share/lilypond/2.22.1/fonts/type1/:/usr/share/lilypond/2.22.1/fonts/svg/:')
    \include 
             "../vc2/gp-02-vc2-106.ly"
/tmp/tmprsz9u8mo/2024-08-28T12-26-28-625825-576b922.ly:54:14: error: cannot find file: `../vc2/gp-02-vc2-242.ly'
(search path: `/tmp/tmprsz9u8mo:/home/user/GitHub/Artyfyshall-Bird/code-implementation:/usr/share/lilypond/2.22.1/ly:/usr/share/lilypond/2.22.1/ps:/usr/share/lilypond/2.22.1/scm:/usr/share/lilypond/2.22.1/fonts/otf/:/usr/share/lilypond/2.22.1/fonts/type1/:/usr/share/lilypond/2.22.1/fonts/svg/:')
    \include 
             "../vc2/gp-02-vc2-242.ly"
/tmp/tmprsz9u8mo/2024-08-28T12-26-28-625825-576b922.ly:55:14: error: cannot find file: `../vc2/gp-02-vc2-127.ly'
(search path: `/tmp/tmprsz9u8mo:/home/user/GitHub/Artyfyshall-Bird/code-implementation:/usr/share/lilypond/2.22.1/ly:/usr/share/lilypond/2.22.1/ps:/usr/share/lilypond/2.22.1/scm:/usr/share/lilypond/2.22.1/fonts/otf/:/usr/share/lilypond/2.22.1/fonts/type1/:/usr/share/lilypond/2.22.1/fonts/svg/:')
    \include 
             "../vc2/gp-02-vc2-127.ly"
/tmp/tmprsz9u8mo/2024-08-28T12-26-28-625825-576b922.ly:56:14: error: cannot find file: `../vc2/gp-02-vc2-100.ly'
(search path: `/tmp/tmprsz9u8mo:/home/user/GitHub/Artyfyshall-Bird/code-implementation:/usr/share/lilypond/2.22.1/ly:/usr/share/lilypond/2.22.1/ps:/usr/share/lilypond/2.22.1/scm:/usr/share/lilypond/2.22.1/fonts/otf/:/usr/share/lilypond/2.22.1/fonts/type1/:/usr/share/lilypond/2.22.1/fonts/svg/:')
    \include 
             "../vc2/gp-02-vc2-100.ly"
/tmp/tmprsz9u8mo/2024-08-28T12-26-28-625825-576b922.ly:57:14: error: cannot find file: `../vc2/gp-02-vc2-141.ly'
(search path: `/tmp/tmprsz9u8mo:/home/user/GitHub/Artyfyshall-Bird/code-implementation:/usr/share/lilypond/2.22.1/ly:/usr/share/lilypond/2.22.1/ps:/usr/share/lilypond/2.22.1/scm:/usr/share/lilypond/2.22.1/fonts/otf/:/usr/share/lilypond/2.22.1/fonts/type1/:/usr/share/lilypond/2.22.1/fonts/svg/:')
    \include 
             "../vc2/gp-02-vc2-141.ly"
/tmp/tmprsz9u8mo/2024-08-28T12-26-28-625825-576b922.ly:58:14: error: cannot find file: `../vc2/gp-02-vc2-137.ly'
(search path: `/tmp/tmprsz9u8mo:/home/user/GitHub/Artyfyshall-Bird/code-implementation:/usr/share/lilypond/2.22.1/ly:/usr/share/lilypond/2.22.1/ps:/usr/share/lilypond/2.22.1/scm:/usr/share/lilypond/2.22.1/fonts/otf/:/usr/share/lilypond/2.22.1/fonts/type1/:/usr/share/lilypond/2.22.1/fonts/svg/:')
    \include 
             "../vc2/gp-02-vc2-137.ly"
/tmp/tmprsz9u8mo/2024-08-28T12-26-28-625825-576b922.ly:59:14: error: cannot find file: `../vc2/gp-02-vc2-191.ly'
(search path: `/tmp/tmprsz9u8mo:/home/user/GitHub/Artyfyshall-Bird/code-implementation:/usr/share/lilypond/2.22.1/ly:/usr/share/lilypond/2.22.1/ps:/usr/share/lilypond/2.22.1/scm:/usr/share/lilypond/2.22.1/fonts/otf/:/usr/share/lilypond/2.22.1/fonts/type1/:/usr/share/lilypond/2.22.1/fonts/svg/:')
    \include 
             "../vc2/gp-02-vc2-191.ly"
/tmp/tmprsz9u8mo/2024-08-28T12-26-28-625825-576b922.ly:60:14: error: cannot find file: `../vc2/gp-02-vc2-140.ly'
(search path: `/tmp/tmprsz9u8mo:/home/user/GitHub/Artyfyshall-Bird/code-implementation:/usr/share/lilypond/2.22.1/ly:/usr/share/lilypond/2.22.1/ps:/usr/share/lilypond/2.22.1/scm:/usr/share/lilypond/2.22.1/fonts/otf/:/usr/share/lilypond/2.22.1/fonts/type1/:/usr/share/lilypond/2.22.1/fonts/svg/:')
    \include 
             "../vc2/gp-02-vc2-140.ly"
/tmp/tmprsz9u8mo/2024-08-28T12-26-28-625825-576b922.ly:61:14: error: cannot find file: `../vc2/gp-02-vc2-130.ly'
(search path: `/tmp/tmprsz9u8mo:/home/user/GitHub/Artyfyshall-Bird/code-implementation:/usr/share/lilypond/2.22.1/ly:/usr/share/lilypond/2.22.1/ps:/usr/share/lilypond/2.22.1/scm:/usr/share/lilypond/2.22.1/fonts/otf/:/usr/share/lilypond/2.22.1/fonts/type1/:/usr/share/lilypond/2.22.1/fonts/svg/:')
    \include 
             "../vc2/gp-02-vc2-130.ly"
/tmp/tmprsz9u8mo/2024-08-28T12-26-28-625825-576b922.ly:62:14: error: cannot find file: `../vc2/gp-02-vc2-50.ly'
(search path: `/tmp/tmprsz9u8mo:/home/user/GitHub/Artyfyshall-Bird/code-implementation:/usr/share/lilypond/2.22.1/ly:/usr/share/lilypond/2.22.1/ps:/usr/share/lilypond/2.22.1/scm:/usr/share/lilypond/2.22.1/fonts/otf/:/usr/share/lilypond/2.22.1/fonts/type1/:/usr/share/lilypond/2.22.1/fonts/svg/:')
    \include 
             "../vc2/gp-02-vc2-50.ly"
/tmp/tmprsz9u8mo/2024-08-28T12-26-28-625825-576b922.ly:63:14: error: cannot find file: `../vc2/gp-02-vc2-201.ly'
(search path: `/tmp/tmprsz9u8mo:/home/user/GitHub/Artyfyshall-Bird/code-implementation:/usr/share/lilypond/2.22.1/ly:/usr/share/lilypond/2.22.1/ps:/usr/share/lilypond/2.22.1/scm:/usr/share/lilypond/2.22.1/fonts/otf/:/usr/share/lilypond/2.22.1/fonts/type1/:/usr/share/lilypond/2.22.1/fonts/svg/:')
    \include 
             "../vc2/gp-02-vc2-201.ly"
/tmp/tmprsz9u8mo/2024-08-28T12-26-28-625825-576b922.ly:64:14: error: cannot find file: `../vc2/gp-02-vc2-104.ly'
(search path: `/tmp/tmprsz9u8mo:/home/user/GitHub/Artyfyshall-Bird/code-implementation:/usr/share/lilypond/2.22.1/ly:/usr/share/lilypond/2.22.1/ps:/usr/share/lilypond/2.22.1/scm:/usr/share/lilypond/2.22.1/fonts/otf/:/usr/share/lilypond/2.22.1/fonts/type1/:/usr/share/lilypond/2.22.1/fonts/svg/:')
    \include 
             "../vc2/gp-02-vc2-104.ly"
/tmp/tmprsz9u8mo/2024-08-28T12-26-28-625825-576b922.ly:65:14: error: cannot find file: `../vc2/gp-02-vc2-250.ly'
(search path: `/tmp/tmprsz9u8mo:/home/user/GitHub/Artyfyshall-Bird/code-implementation:/usr/share/lilypond/2.22.1/ly:/usr/share/lilypond/2.22.1/ps:/usr/share/lilypond/2.22.1/scm:/usr/share/lilypond/2.22.1/fonts/otf/:/usr/share/lilypond/2.22.1/fonts/type1/:/usr/share/lilypond/2.22.1/fonts/svg/:')
    \include 
             "../vc2/gp-02-vc2-250.ly"
/tmp/tmprsz9u8mo/2024-08-28T12-26-28-625825-576b922.ly:66:14: error: cannot find file: `../vc2/gp-02-vc2-262.ly'
(search path: `/tmp/tmprsz9u8mo:/home/user/GitHub/Artyfyshall-Bird/code-implementation:/usr/share/lilypond/2.22.1/ly:/usr/share/lilypond/2.22.1/ps:/usr/share/lilypond/2.22.1/scm:/usr/share/lilypond/2.22.1/fonts/otf/:/usr/share/lilypond/2.22.1/fonts/type1/:/usr/share/lilypond/2.22.1/fonts/svg/:')
    \include 
             "../vc2/gp-02-vc2-262.ly"
/tmp/tmprsz9u8mo/2024-08-28T12-26-28-625825-576b922.ly:67:14: error: cannot find file: `../vc2/gp-02-vc2-35.ly'
(search path: `/tmp/tmprsz9u8mo:/home/user/GitHub/Artyfyshall-Bird/code-implementation:/usr/share/lilypond/2.22.1/ly:/usr/share/lilypond/2.22.1/ps:/usr/share/lilypond/2.22.1/scm:/usr/share/lilypond/2.22.1/fonts/otf/:/usr/share/lilypond/2.22.1/fonts/type1/:/usr/share/lilypond/2.22.1/fonts/svg/:')
    \include 
             "../vc2/gp-02-vc2-35.ly"
/tmp/tmprsz9u8mo/2024-08-28T12-26-28-625825-576b922.ly:68:14: error: cannot find file: `../vc2/gp-02-vc2-218.ly'
(search path: `/tmp/tmprsz9u8mo:/home/user/GitHub/Artyfyshall-Bird/code-implementation:/usr/share/lilypond/2.22.1/ly:/usr/share/lilypond/2.22.1/ps:/usr/share/lilypond/2.22.1/scm:/usr/share/lilypond/2.22.1/fonts/otf/:/usr/share/lilypond/2.22.1/fonts/type1/:/usr/share/lilypond/2.22.1/fonts/svg/:')
    \include 
             "../vc2/gp-02-vc2-218.ly"
/tmp/tmprsz9u8mo/2024-08-28T12-26-28-625825-576b922.ly:69:14: error: cannot find file: `../vc2/gp-02-vc2-248.ly'
(search path: `/tmp/tmprsz9u8mo:/home/user/GitHub/Artyfyshall-Bird/code-implementation:/usr/share/lilypond/2.22.1/ly:/usr/share/lilypond/2.22.1/ps:/usr/share/lilypond/2.22.1/scm:/usr/share/lilypond/2.22.1/fonts/otf/:/usr/share/lilypond/2.22.1/fonts/type1/:/usr/share/lilypond/2.22.1/fonts/svg/:')
    \include 
             "../vc2/gp-02-vc2-248.ly"
/tmp/tmprsz9u8mo/2024-08-28T12-26-28-625825-576b922.ly:70:14: error: cannot find file: `../vc2/gp-02-vc2-152.ly'
(search path: `/tmp/tmprsz9u8mo:/home/user/GitHub/Artyfyshall-Bird/code-implementation:/usr/share/lilypond/2.22.1/ly:/usr/share/lilypond/2.22.1/ps:/usr/share/lilypond/2.22.1/scm:/usr/share/lilypond/2.22.1/fonts/otf/:/usr/share/lilypond/2.22.1/fonts/type1/:/usr/share/lilypond/2.22.1/fonts/svg/:')
    \include 
             "../vc2/gp-02-vc2-152.ly"
/tmp/tmprsz9u8mo/2024-08-28T12-26-28-625825-576b922.ly:78:14: error: cannot find file: `../voice_option.ly'
(search path: `/tmp/tmprsz9u8mo:/home/user/GitHub/Artyfyshall-Bird/code-implementation:/usr/share/lilypond/2.22.1/ly:/usr/share/lilypond/2.22.1/ps:/usr/share/lilypond/2.22.1/scm:/usr/share/lilypond/2.22.1/fonts/otf/:/usr/share/lilypond/2.22.1/fonts/type1/:/usr/share/lilypond/2.22.1/fonts/svg/:')
    \include 
             "../voice_option.ly"
/tmp/tmprsz9u8mo/2024-08-28T12-26-28-625825-576b922.ly:79:14: error: cannot find file: `../rh/gp-02-rh-44.ly'
(search path: `/tmp/tmprsz9u8mo:/home/user/GitHub/Artyfyshall-Bird/code-implementation:/usr/share/lilypond/2.22.1/ly:/usr/share/lilypond/2.22.1/ps:/usr/share/lilypond/2.22.1/scm:/usr/share/lilypond/2.22.1/fonts/otf/:/usr/share/lilypond/2.22.1/fonts/type1/:/usr/share/lilypond/2.22.1/fonts/svg/:')
    \include 
             "../rh/gp-02-rh-44.ly"
/tmp/tmprsz9u8mo/2024-08-28T12-26-28-625825-576b922.ly:80:14: error: cannot find file: `../rh/gp-02-rh-10.ly'
(search path: `/tmp/tmprsz9u8mo:/home/user/GitHub/Artyfyshall-Bird/code-implementation:/usr/share/lilypond/2.22.1/ly:/usr/share/lilypond/2.22.1/ps:/usr/share/lilypond/2.22.1/scm:/usr/share/lilypond/2.22.1/fonts/otf/:/usr/share/lilypond/2.22.1/fonts/type1/:/usr/share/lilypond/2.22.1/fonts/svg/:')
    \include 
             "../rh/gp-02-rh-10.ly"
/tmp/tmprsz9u8mo/2024-08-28T12-26-28-625825-576b922.ly:81:14: error: cannot find file: `../rh/gp-02-rh-129.ly'
(search path: `/tmp/tmprsz9u8mo:/home/user/GitHub/Artyfyshall-Bird/code-implementation:/usr/share/lilypond/2.22.1/ly:/usr/share/lilypond/2.22.1/ps:/usr/share/lilypond/2.22.1/scm:/usr/share/lilypond/2.22.1/fonts/otf/:/usr/share/lilypond/2.22.1/fonts/type1/:/usr/share/lilypond/2.22.1/fonts/svg/:')
    \include 
             "../rh/gp-02-rh-129.ly"
/tmp/tmprsz9u8mo/2024-08-28T12-26-28-625825-576b922.ly:82:14: error: cannot find file: `../rh/gp-02-rh-112.ly'
(search path: `/tmp/tmprsz9u8mo:/home/user/GitHub/Artyfyshall-Bird/code-implementation:/usr/share/lilypond/2.22.1/ly:/usr/share/lilypond/2.22.1/ps:/usr/share/lilypond/2.22.1/scm:/usr/share/lilypond/2.22.1/fonts/otf/:/usr/share/lilypond/2.22.1/fonts/type1/:/usr/share/lilypond/2.22.1/fonts/svg/:')
    \include 
             "../rh/gp-02-rh-112.ly"
/tmp/tmprsz9u8mo/2024-08-28T12-26-28-625825-576b922.ly:83:14: error: cannot find file: `../rh/gp-02-rh-204.ly'
(search path: `/tmp/tmprsz9u8mo:/home/user/GitHub/Artyfyshall-Bird/code-implementation:/usr/share/lilypond/2.22.1/ly:/usr/share/lilypond/2.22.1/ps:/usr/share/lilypond/2.22.1/scm:/usr/share/lilypond/2.22.1/fonts/otf/:/usr/share/lilypond/2.22.1/fonts/type1/:/usr/share/lilypond/2.22.1/fonts/svg/:')
    \include 
             "../rh/gp-02-rh-204.ly"
/tmp/tmprsz9u8mo/2024-08-28T12-26-28-625825-576b922.ly:84:14: error: cannot find file: `../rh/gp-02-rh-194.ly'
(search path: `/tmp/tmprsz9u8mo:/home/user/GitHub/Artyfyshall-Bird/code-implementation:/usr/share/lilypond/2.22.1/ly:/usr/share/lilypond/2.22.1/ps:/usr/share/lilypond/2.22.1/scm:/usr/share/lilypond/2.22.1/fonts/otf/:/usr/share/lilypond/2.22.1/fonts/type1/:/usr/share/lilypond/2.22.1/fonts/svg/:')
    \include 
             "../rh/gp-02-rh-194.ly"
/tmp/tmprsz9u8mo/2024-08-28T12-26-28-625825-576b922.ly:85:14: error: cannot find file: `../rh/gp-02-rh-106.ly'
(search path: `/tmp/tmprsz9u8mo:/home/user/GitHub/Artyfyshall-Bird/code-implementation:/usr/share/lilypond/2.22.1/ly:/usr/share/lilypond/2.22.1/ps:/usr/share/lilypond/2.22.1/scm:/usr/share/lilypond/2.22.1/fonts/otf/:/usr/share/lilypond/2.22.1/fonts/type1/:/usr/share/lilypond/2.22.1/fonts/svg/:')
    \include 
             "../rh/gp-02-rh-106.ly"
/tmp/tmprsz9u8mo/2024-08-28T12-26-28-625825-576b922.ly:86:14: error: cannot find file: `../rh/gp-02-rh-242.ly'
(search path: `/tmp/tmprsz9u8mo:/home/user/GitHub/Artyfyshall-Bird/code-implementation:/usr/share/lilypond/2.22.1/ly:/usr/share/lilypond/2.22.1/ps:/usr/share/lilypond/2.22.1/scm:/usr/share/lilypond/2.22.1/fonts/otf/:/usr/share/lilypond/2.22.1/fonts/type1/:/usr/share/lilypond/2.22.1/fonts/svg/:')
    \include 
             "../rh/gp-02-rh-242.ly"
/tmp/tmprsz9u8mo/2024-08-28T12-26-28-625825-576b922.ly:87:14: error: cannot find file: `../rh/gp-02-rh-127.ly'
(search path: `/tmp/tmprsz9u8mo:/home/user/GitHub/Artyfyshall-Bird/code-implementation:/usr/share/lilypond/2.22.1/ly:/usr/share/lilypond/2.22.1/ps:/usr/share/lilypond/2.22.1/scm:/usr/share/lilypond/2.22.1/fonts/otf/:/usr/share/lilypond/2.22.1/fonts/type1/:/usr/share/lilypond/2.22.1/fonts/svg/:')
    \include 
             "../rh/gp-02-rh-127.ly"
/tmp/tmprsz9u8mo/2024-08-28T12-26-28-625825-576b922.ly:88:14: error: cannot find file: `../rh/gp-02-rh-100.ly'
(search path: `/tmp/tmprsz9u8mo:/home/user/GitHub/Artyfyshall-Bird/code-implementation:/usr/share/lilypond/2.22.1/ly:/usr/share/lilypond/2.22.1/ps:/usr/share/lilypond/2.22.1/scm:/usr/share/lilypond/2.22.1/fonts/otf/:/usr/share/lilypond/2.22.1/fonts/type1/:/usr/share/lilypond/2.22.1/fonts/svg/:')
    \include 
             "../rh/gp-02-rh-100.ly"
/tmp/tmprsz9u8mo/2024-08-28T12-26-28-625825-576b922.ly:89:14: error: cannot find file: `../rh/gp-02-rh-141.ly'
(search path: `/tmp/tmprsz9u8mo:/home/user/GitHub/Artyfyshall-Bird/code-implementation:/usr/share/lilypond/2.22.1/ly:/usr/share/lilypond/2.22.1/ps:/usr/share/lilypond/2.22.1/scm:/usr/share/lilypond/2.22.1/fonts/otf/:/usr/share/lilypond/2.22.1/fonts/type1/:/usr/share/lilypond/2.22.1/fonts/svg/:')
    \include 
             "../rh/gp-02-rh-141.ly"
/tmp/tmprsz9u8mo/2024-08-28T12-26-28-625825-576b922.ly:90:14: error: cannot find file: `../rh/gp-02-rh-137.ly'
(search path: `/tmp/tmprsz9u8mo:/home/user/GitHub/Artyfyshall-Bird/code-implementation:/usr/share/lilypond/2.22.1/ly:/usr/share/lilypond/2.22.1/ps:/usr/share/lilypond/2.22.1/scm:/usr/share/lilypond/2.22.1/fonts/otf/:/usr/share/lilypond/2.22.1/fonts/type1/:/usr/share/lilypond/2.22.1/fonts/svg/:')
    \include 
             "../rh/gp-02-rh-137.ly"
/tmp/tmprsz9u8mo/2024-08-28T12-26-28-625825-576b922.ly:91:14: error: cannot find file: `../rh/gp-02-rh-191.ly'
(search path: `/tmp/tmprsz9u8mo:/home/user/GitHub/Artyfyshall-Bird/code-implementation:/usr/share/lilypond/2.22.1/ly:/usr/share/lilypond/2.22.1/ps:/usr/share/lilypond/2.22.1/scm:/usr/share/lilypond/2.22.1/fonts/otf/:/usr/share/lilypond/2.22.1/fonts/type1/:/usr/share/lilypond/2.22.1/fonts/svg/:')
    \include 
             "../rh/gp-02-rh-191.ly"
/tmp/tmprsz9u8mo/2024-08-28T12-26-28-625825-576b922.ly:92:14: error: cannot find file: `../rh/gp-02-rh-140.ly'
(search path: `/tmp/tmprsz9u8mo:/home/user/GitHub/Artyfyshall-Bird/code-implementation:/usr/share/lilypond/2.22.1/ly:/usr/share/lilypond/2.22.1/ps:/usr/share/lilypond/2.22.1/scm:/usr/share/lilypond/2.22.1/fonts/otf/:/usr/share/lilypond/2.22.1/fonts/type1/:/usr/share/lilypond/2.22.1/fonts/svg/:')
    \include 
             "../rh/gp-02-rh-140.ly"
/tmp/tmprsz9u8mo/2024-08-28T12-26-28-625825-576b922.ly:93:14: error: cannot find file: `../rh/gp-02-rh-130.ly'
(search path: `/tmp/tmprsz9u8mo:/home/user/GitHub/Artyfyshall-Bird/code-implementation:/usr/share/lilypond/2.22.1/ly:/usr/share/lilypond/2.22.1/ps:/usr/share/lilypond/2.22.1/scm:/usr/share/lilypond/2.22.1/fonts/otf/:/usr/share/lilypond/2.22.1/fonts/type1/:/usr/share/lilypond/2.22.1/fonts/svg/:')
    \include 
             "../rh/gp-02-rh-130.ly"
/tmp/tmprsz9u8mo/2024-08-28T12-26-28-625825-576b922.ly:94:14: error: cannot find file: `../rh/gp-02-rh-50.ly'
(search path: `/tmp/tmprsz9u8mo:/home/user/GitHub/Artyfyshall-Bird/code-implementation:/usr/share/lilypond/2.22.1/ly:/usr/share/lilypond/2.22.1/ps:/usr/share/lilypond/2.22.1/scm:/usr/share/lilypond/2.22.1/fonts/otf/:/usr/share/lilypond/2.22.1/fonts/type1/:/usr/share/lilypond/2.22.1/fonts/svg/:')
    \include 
             "../rh/gp-02-rh-50.ly"
/tmp/tmprsz9u8mo/2024-08-28T12-26-28-625825-576b922.ly:95:14: error: cannot find file: `../rh/gp-02-rh-201.ly'
(search path: `/tmp/tmprsz9u8mo:/home/user/GitHub/Artyfyshall-Bird/code-implementation:/usr/share/lilypond/2.22.1/ly:/usr/share/lilypond/2.22.1/ps:/usr/share/lilypond/2.22.1/scm:/usr/share/lilypond/2.22.1/fonts/otf/:/usr/share/lilypond/2.22.1/fonts/type1/:/usr/share/lilypond/2.22.1/fonts/svg/:')
    \include 
             "../rh/gp-02-rh-201.ly"
/tmp/tmprsz9u8mo/2024-08-28T12-26-28-625825-576b922.ly:96:14: error: cannot find file: `../rh/gp-02-rh-104.ly'
(search path: `/tmp/tmprsz9u8mo:/home/user/GitHub/Artyfyshall-Bird/code-implementation:/usr/share/lilypond/2.22.1/ly:/usr/share/lilypond/2.22.1/ps:/usr/share/lilypond/2.22.1/scm:/usr/share/lilypond/2.22.1/fonts/otf/:/usr/share/lilypond/2.22.1/fonts/type1/:/usr/share/lilypond/2.22.1/fonts/svg/:')
    \include 
             "../rh/gp-02-rh-104.ly"
/tmp/tmprsz9u8mo/2024-08-28T12-26-28-625825-576b922.ly:97:14: error: cannot find file: `../rh/gp-02-rh-250.ly'
(search path: `/tmp/tmprsz9u8mo:/home/user/GitHub/Artyfyshall-Bird/code-implementation:/usr/share/lilypond/2.22.1/ly:/usr/share/lilypond/2.22.1/ps:/usr/share/lilypond/2.22.1/scm:/usr/share/lilypond/2.22.1/fonts/otf/:/usr/share/lilypond/2.22.1/fonts/type1/:/usr/share/lilypond/2.22.1/fonts/svg/:')
    \include 
             "../rh/gp-02-rh-250.ly"
/tmp/tmprsz9u8mo/2024-08-28T12-26-28-625825-576b922.ly:98:14: error: cannot find file: `../rh/gp-02-rh-262.ly'
(search path: `/tmp/tmprsz9u8mo:/home/user/GitHub/Artyfyshall-Bird/code-implementation:/usr/share/lilypond/2.22.1/ly:/usr/share/lilypond/2.22.1/ps:/usr/share/lilypond/2.22.1/scm:/usr/share/lilypond/2.22.1/fonts/otf/:/usr/share/lilypond/2.22.1/fonts/type1/:/usr/share/lilypond/2.22.1/fonts/svg/:')
    \include 
             "../rh/gp-02-rh-262.ly"
/tmp/tmprsz9u8mo/2024-08-28T12-26-28-625825-576b922.ly:99:14: error: cannot find file: `../rh/gp-02-rh-35.ly'
(search path: `/tmp/tmprsz9u8mo:/home/user/GitHub/Artyfyshall-Bird/code-implementation:/usr/share/lilypond/2.22.1/ly:/usr/share/lilypond/2.22.1/ps:/usr/share/lilypond/2.22.1/scm:/usr/share/lilypond/2.22.1/fonts/otf/:/usr/share/lilypond/2.22.1/fonts/type1/:/usr/share/lilypond/2.22.1/fonts/svg/:')
    \include 
             "../rh/gp-02-rh-35.ly"
/tmp/tmprsz9u8mo/2024-08-28T12-26-28-625825-576b922.ly:100:14: error: cannot find file: `../rh/gp-02-rh-218.ly'
(search path: `/tmp/tmprsz9u8mo:/home/user/GitHub/Artyfyshall-Bird/code-implementation:/usr/share/lilypond/2.22.1/ly:/usr/share/lilypond/2.22.1/ps:/usr/share/lilypond/2.22.1/scm:/usr/share/lilypond/2.22.1/fonts/otf/:/usr/share/lilypond/2.22.1/fonts/type1/:/usr/share/lilypond/2.22.1/fonts/svg/:')
    \include 
             "../rh/gp-02-rh-218.ly"
/tmp/tmprsz9u8mo/2024-08-28T12-26-28-625825-576b922.ly:101:14: error: cannot find file: `../rh/gp-02-rh-248.ly'
(search path: `/tmp/tmprsz9u8mo:/home/user/GitHub/Artyfyshall-Bird/code-implementation:/usr/share/lilypond/2.22.1/ly:/usr/share/lilypond/2.22.1/ps:/usr/share/lilypond/2.22.1/scm:/usr/share/lilypond/2.22.1/fonts/otf/:/usr/share/lilypond/2.22.1/fonts/type1/:/usr/share/lilypond/2.22.1/fonts/svg/:')
    \include 
             "../rh/gp-02-rh-248.ly"
/tmp/tmprsz9u8mo/2024-08-28T12-26-28-625825-576b922.ly:102:14: error: cannot find file: `../rh/gp-02-rh-152.ly'
(search path: `/tmp/tmprsz9u8mo:/home/user/GitHub/Artyfyshall-Bird/code-implementation:/usr/share/lilypond/2.22.1/ly:/usr/share/lilypond/2.22.1/ps:/usr/share/lilypond/2.22.1/scm:/usr/share/lilypond/2.22.1/fonts/otf/:/usr/share/lilypond/2.22.1/fonts/type1/:/usr/share/lilypond/2.22.1/fonts/svg/:')
    \include 
             "../rh/gp-02-rh-152.ly"
/tmp/tmprsz9u8mo/2024-08-28T12-26-28-625825-576b922.ly:105:14: error: cannot find file: `../bassline_option.ly'
(search path: `/tmp/tmprsz9u8mo:/home/user/GitHub/Artyfyshall-Bird/code-implementation:/usr/share/lilypond/2.22.1/ly:/usr/share/lilypond/2.22.1/ps:/usr/share/lilypond/2.22.1/scm:/usr/share/lilypond/2.22.1/fonts/otf/:/usr/share/lilypond/2.22.1/fonts/type1/:/usr/share/lilypond/2.22.1/fonts/svg/:')
    \include 
             "../bassline_option.ly"
/tmp/tmprsz9u8mo/2024-08-28T12-26-28-625825-576b922.ly:106:14: error: cannot find file: `../lh/gp-02-lh-44.ly'
(search path: `/tmp/tmprsz9u8mo:/home/user/GitHub/Artyfyshall-Bird/code-implementation:/usr/share/lilypond/2.22.1/ly:/usr/share/lilypond/2.22.1/ps:/usr/share/lilypond/2.22.1/scm:/usr/share/lilypond/2.22.1/fonts/otf/:/usr/share/lilypond/2.22.1/fonts/type1/:/usr/share/lilypond/2.22.1/fonts/svg/:')
    \include 
             "../lh/gp-02-lh-44.ly"
/tmp/tmprsz9u8mo/2024-08-28T12-26-28-625825-576b922.ly:107:14: error: cannot find file: `../lh/gp-02-lh-10.ly'
(search path: `/tmp/tmprsz9u8mo:/home/user/GitHub/Artyfyshall-Bird/code-implementation:/usr/share/lilypond/2.22.1/ly:/usr/share/lilypond/2.22.1/ps:/usr/share/lilypond/2.22.1/scm:/usr/share/lilypond/2.22.1/fonts/otf/:/usr/share/lilypond/2.22.1/fonts/type1/:/usr/share/lilypond/2.22.1/fonts/svg/:')
    \include 
             "../lh/gp-02-lh-10.ly"
/tmp/tmprsz9u8mo/2024-08-28T12-26-28-625825-576b922.ly:108:14: error: cannot find file: `../lh/gp-02-lh-129.ly'
(search path: `/tmp/tmprsz9u8mo:/home/user/GitHub/Artyfyshall-Bird/code-implementation:/usr/share/lilypond/2.22.1/ly:/usr/share/lilypond/2.22.1/ps:/usr/share/lilypond/2.22.1/scm:/usr/share/lilypond/2.22.1/fonts/otf/:/usr/share/lilypond/2.22.1/fonts/type1/:/usr/share/lilypond/2.22.1/fonts/svg/:')
    \include 
             "../lh/gp-02-lh-129.ly"
/tmp/tmprsz9u8mo/2024-08-28T12-26-28-625825-576b922.ly:109:14: error: cannot find file: `../lh/gp-02-lh-112.ly'
(search path: `/tmp/tmprsz9u8mo:/home/user/GitHub/Artyfyshall-Bird/code-implementation:/usr/share/lilypond/2.22.1/ly:/usr/share/lilypond/2.22.1/ps:/usr/share/lilypond/2.22.1/scm:/usr/share/lilypond/2.22.1/fonts/otf/:/usr/share/lilypond/2.22.1/fonts/type1/:/usr/share/lilypond/2.22.1/fonts/svg/:')
    \include 
             "../lh/gp-02-lh-112.ly"
/tmp/tmprsz9u8mo/2024-08-28T12-26-28-625825-576b922.ly:110:14: error: cannot find file: `../lh/gp-02-lh-204.ly'
(search path: `/tmp/tmprsz9u8mo:/home/user/GitHub/Artyfyshall-Bird/code-implementation:/usr/share/lilypond/2.22.1/ly:/usr/share/lilypond/2.22.1/ps:/usr/share/lilypond/2.22.1/scm:/usr/share/lilypond/2.22.1/fonts/otf/:/usr/share/lilypond/2.22.1/fonts/type1/:/usr/share/lilypond/2.22.1/fonts/svg/:')
    \include 
             "../lh/gp-02-lh-204.ly"
/tmp/tmprsz9u8mo/2024-08-28T12-26-28-625825-576b922.ly:111:14: error: cannot find file: `../lh/gp-02-lh-194.ly'
(search path: `/tmp/tmprsz9u8mo:/home/user/GitHub/Artyfyshall-Bird/code-implementation:/usr/share/lilypond/2.22.1/ly:/usr/share/lilypond/2.22.1/ps:/usr/share/lilypond/2.22.1/scm:/usr/share/lilypond/2.22.1/fonts/otf/:/usr/share/lilypond/2.22.1/fonts/type1/:/usr/share/lilypond/2.22.1/fonts/svg/:')
    \include 
             "../lh/gp-02-lh-194.ly"
/tmp/tmprsz9u8mo/2024-08-28T12-26-28-625825-576b922.ly:112:14: error: cannot find file: `../lh/gp-02-lh-106.ly'
(search path: `/tmp/tmprsz9u8mo:/home/user/GitHub/Artyfyshall-Bird/code-implementation:/usr/share/lilypond/2.22.1/ly:/usr/share/lilypond/2.22.1/ps:/usr/share/lilypond/2.22.1/scm:/usr/share/lilypond/2.22.1/fonts/otf/:/usr/share/lilypond/2.22.1/fonts/type1/:/usr/share/lilypond/2.22.1/fonts/svg/:')
    \include 
             "../lh/gp-02-lh-106.ly"
/tmp/tmprsz9u8mo/2024-08-28T12-26-28-625825-576b922.ly:113:14: error: cannot find file: `../lh/gp-02-lh-242.ly'
(search path: `/tmp/tmprsz9u8mo:/home/user/GitHub/Artyfyshall-Bird/code-implementation:/usr/share/lilypond/2.22.1/ly:/usr/share/lilypond/2.22.1/ps:/usr/share/lilypond/2.22.1/scm:/usr/share/lilypond/2.22.1/fonts/otf/:/usr/share/lilypond/2.22.1/fonts/type1/:/usr/share/lilypond/2.22.1/fonts/svg/:')
    \include 
             "../lh/gp-02-lh-242.ly"
/tmp/tmprsz9u8mo/2024-08-28T12-26-28-625825-576b922.ly:114:14: error: cannot find file: `../lh/gp-02-lh-127.ly'
(search path: `/tmp/tmprsz9u8mo:/home/user/GitHub/Artyfyshall-Bird/code-implementation:/usr/share/lilypond/2.22.1/ly:/usr/share/lilypond/2.22.1/ps:/usr/share/lilypond/2.22.1/scm:/usr/share/lilypond/2.22.1/fonts/otf/:/usr/share/lilypond/2.22.1/fonts/type1/:/usr/share/lilypond/2.22.1/fonts/svg/:')
    \include 
             "../lh/gp-02-lh-127.ly"
/tmp/tmprsz9u8mo/2024-08-28T12-26-28-625825-576b922.ly:115:14: error: cannot find file: `../lh/gp-02-lh-100.ly'
(search path: `/tmp/tmprsz9u8mo:/home/user/GitHub/Artyfyshall-Bird/code-implementation:/usr/share/lilypond/2.22.1/ly:/usr/share/lilypond/2.22.1/ps:/usr/share/lilypond/2.22.1/scm:/usr/share/lilypond/2.22.1/fonts/otf/:/usr/share/lilypond/2.22.1/fonts/type1/:/usr/share/lilypond/2.22.1/fonts/svg/:')
    \include 
             "../lh/gp-02-lh-100.ly"
/tmp/tmprsz9u8mo/2024-08-28T12-26-28-625825-576b922.ly:116:14: error: cannot find file: `../lh/gp-02-lh-141.ly'
(search path: `/tmp/tmprsz9u8mo:/home/user/GitHub/Artyfyshall-Bird/code-implementation:/usr/share/lilypond/2.22.1/ly:/usr/share/lilypond/2.22.1/ps:/usr/share/lilypond/2.22.1/scm:/usr/share/lilypond/2.22.1/fonts/otf/:/usr/share/lilypond/2.22.1/fonts/type1/:/usr/share/lilypond/2.22.1/fonts/svg/:')
    \include 
             "../lh/gp-02-lh-141.ly"
/tmp/tmprsz9u8mo/2024-08-28T12-26-28-625825-576b922.ly:117:14: error: cannot find file: `../lh/gp-02-lh-137.ly'
(search path: `/tmp/tmprsz9u8mo:/home/user/GitHub/Artyfyshall-Bird/code-implementation:/usr/share/lilypond/2.22.1/ly:/usr/share/lilypond/2.22.1/ps:/usr/share/lilypond/2.22.1/scm:/usr/share/lilypond/2.22.1/fonts/otf/:/usr/share/lilypond/2.22.1/fonts/type1/:/usr/share/lilypond/2.22.1/fonts/svg/:')
    \include 
             "../lh/gp-02-lh-137.ly"
/tmp/tmprsz9u8mo/2024-08-28T12-26-28-625825-576b922.ly:118:14: error: cannot find file: `../lh/gp-02-lh-191.ly'
(search path: `/tmp/tmprsz9u8mo:/home/user/GitHub/Artyfyshall-Bird/code-implementation:/usr/share/lilypond/2.22.1/ly:/usr/share/lilypond/2.22.1/ps:/usr/share/lilypond/2.22.1/scm:/usr/share/lilypond/2.22.1/fonts/otf/:/usr/share/lilypond/2.22.1/fonts/type1/:/usr/share/lilypond/2.22.1/fonts/svg/:')
    \include 
             "../lh/gp-02-lh-191.ly"
/tmp/tmprsz9u8mo/2024-08-28T12-26-28-625825-576b922.ly:119:14: error: cannot find file: `../lh/gp-02-lh-140.ly'
(search path: `/tmp/tmprsz9u8mo:/home/user/GitHub/Artyfyshall-Bird/code-implementation:/usr/share/lilypond/2.22.1/ly:/usr/share/lilypond/2.22.1/ps:/usr/share/lilypond/2.22.1/scm:/usr/share/lilypond/2.22.1/fonts/otf/:/usr/share/lilypond/2.22.1/fonts/type1/:/usr/share/lilypond/2.22.1/fonts/svg/:')
    \include 
             "../lh/gp-02-lh-140.ly"
/tmp/tmprsz9u8mo/2024-08-28T12-26-28-625825-576b922.ly:120:14: error: cannot find file: `../lh/gp-02-lh-130.ly'
(search path: `/tmp/tmprsz9u8mo:/home/user/GitHub/Artyfyshall-Bird/code-implementation:/usr/share/lilypond/2.22.1/ly:/usr/share/lilypond/2.22.1/ps:/usr/share/lilypond/2.22.1/scm:/usr/share/lilypond/2.22.1/fonts/otf/:/usr/share/lilypond/2.22.1/fonts/type1/:/usr/share/lilypond/2.22.1/fonts/svg/:')
    \include 
             "../lh/gp-02-lh-130.ly"
/tmp/tmprsz9u8mo/2024-08-28T12-26-28-625825-576b922.ly:121:14: error: cannot find file: `../lh/gp-02-lh-50.ly'
(search path: `/tmp/tmprsz9u8mo:/home/user/GitHub/Artyfyshall-Bird/code-implementation:/usr/share/lilypond/2.22.1/ly:/usr/share/lilypond/2.22.1/ps:/usr/share/lilypond/2.22.1/scm:/usr/share/lilypond/2.22.1/fonts/otf/:/usr/share/lilypond/2.22.1/fonts/type1/:/usr/share/lilypond/2.22.1/fonts/svg/:')
    \include 
             "../lh/gp-02-lh-50.ly"
/tmp/tmprsz9u8mo/2024-08-28T12-26-28-625825-576b922.ly:122:14: error: cannot find file: `../lh/gp-02-lh-201.ly'
(search path: `/tmp/tmprsz9u8mo:/home/user/GitHub/Artyfyshall-Bird/code-implementation:/usr/share/lilypond/2.22.1/ly:/usr/share/lilypond/2.22.1/ps:/usr/share/lilypond/2.22.1/scm:/usr/share/lilypond/2.22.1/fonts/otf/:/usr/share/lilypond/2.22.1/fonts/type1/:/usr/share/lilypond/2.22.1/fonts/svg/:')
    \include 
             "../lh/gp-02-lh-201.ly"
/tmp/tmprsz9u8mo/2024-08-28T12-26-28-625825-576b922.ly:123:14: error: cannot find file: `../lh/gp-02-lh-104.ly'
(search path: `/tmp/tmprsz9u8mo:/home/user/GitHub/Artyfyshall-Bird/code-implementation:/usr/share/lilypond/2.22.1/ly:/usr/share/lilypond/2.22.1/ps:/usr/share/lilypond/2.22.1/scm:/usr/share/lilypond/2.22.1/fonts/otf/:/usr/share/lilypond/2.22.1/fonts/type1/:/usr/share/lilypond/2.22.1/fonts/svg/:')
    \include 
             "../lh/gp-02-lh-104.ly"
/tmp/tmprsz9u8mo/2024-08-28T12-26-28-625825-576b922.ly:124:14: error: cannot find file: `../lh/gp-02-lh-250.ly'
(search path: `/tmp/tmprsz9u8mo:/home/user/GitHub/Artyfyshall-Bird/code-implementation:/usr/share/lilypond/2.22.1/ly:/usr/share/lilypond/2.22.1/ps:/usr/share/lilypond/2.22.1/scm:/usr/share/lilypond/2.22.1/fonts/otf/:/usr/share/lilypond/2.22.1/fonts/type1/:/usr/share/lilypond/2.22.1/fonts/svg/:')
    \include 
             "../lh/gp-02-lh-250.ly"
/tmp/tmprsz9u8mo/2024-08-28T12-26-28-625825-576b922.ly:125:14: error: cannot find file: `../lh/gp-02-lh-262.ly'
(search path: `/tmp/tmprsz9u8mo:/home/user/GitHub/Artyfyshall-Bird/code-implementation:/usr/share/lilypond/2.22.1/ly:/usr/share/lilypond/2.22.1/ps:/usr/share/lilypond/2.22.1/scm:/usr/share/lilypond/2.22.1/fonts/otf/:/usr/share/lilypond/2.22.1/fonts/type1/:/usr/share/lilypond/2.22.1/fonts/svg/:')
    \include 
             "../lh/gp-02-lh-262.ly"
/tmp/tmprsz9u8mo/2024-08-28T12-26-28-625825-576b922.ly:126:14: error: cannot find file: `../lh/gp-02-lh-35.ly'
(search path: `/tmp/tmprsz9u8mo:/home/user/GitHub/Artyfyshall-Bird/code-implementation:/usr/share/lilypond/2.22.1/ly:/usr/share/lilypond/2.22.1/ps:/usr/share/lilypond/2.22.1/scm:/usr/share/lilypond/2.22.1/fonts/otf/:/usr/share/lilypond/2.22.1/fonts/type1/:/usr/share/lilypond/2.22.1/fonts/svg/:')
    \include 
             "../lh/gp-02-lh-35.ly"
/tmp/tmprsz9u8mo/2024-08-28T12-26-28-625825-576b922.ly:127:14: error: cannot find file: `../lh/gp-02-lh-218.ly'
(search path: `/tmp/tmprsz9u8mo:/home/user/GitHub/Artyfyshall-Bird/code-implementation:/usr/share/lilypond/2.22.1/ly:/usr/share/lilypond/2.22.1/ps:/usr/share/lilypond/2.22.1/scm:/usr/share/lilypond/2.22.1/fonts/otf/:/usr/share/lilypond/2.22.1/fonts/type1/:/usr/share/lilypond/2.22.1/fonts/svg/:')
    \include 
             "../lh/gp-02-lh-218.ly"
/tmp/tmprsz9u8mo/2024-08-28T12-26-28-625825-576b922.ly:128:14: error: cannot find file: `../lh/gp-02-lh-248.ly'
(search path: `/tmp/tmprsz9u8mo:/home/user/GitHub/Artyfyshall-Bird/code-implementation:/usr/share/lilypond/2.22.1/ly:/usr/share/lilypond/2.22.1/ps:/usr/share/lilypond/2.22.1/scm:/usr/share/lilypond/2.22.1/fonts/otf/:/usr/share/lilypond/2.22.1/fonts/type1/:/usr/share/lilypond/2.22.1/fonts/svg/:')
    \include 
             "../lh/gp-02-lh-248.ly"
/tmp/tmprsz9u8mo/2024-08-28T12-26-28-625825-576b922.ly:129:14: error: cannot find file: `../lh/gp-02-lh-152.ly'
(search path: `/tmp/tmprsz9u8mo:/home/user/GitHub/Artyfyshall-Bird/code-implementation:/usr/share/lilypond/2.22.1/ly:/usr/share/lilypond/2.22.1/ps:/usr/share/lilypond/2.22.1/scm:/usr/share/lilypond/2.22.1/fonts/otf/:/usr/share/lilypond/2.22.1/fonts/type1/:/usr/share/lilypond/2.22.1/fonts/svg/:')
    \include 
             "../lh/gp-02-lh-152.ly"
/tmp/tmprsz9u8mo/2024-08-28T12-26-28-625825-576b922.ly:134:14: error: cannot find file: `../layout_settings.ly'
(search path: `/tmp/tmprsz9u8mo:/home/user/GitHub/Artyfyshall-Bird/code-implementation:/usr/share/lilypond/2.22.1/ly:/usr/share/lilypond/2.22.1/ps:/usr/share/lilypond/2.22.1/scm:/usr/share/lilypond/2.22.1/fonts/otf/:/usr/share/lilypond/2.22.1/fonts/type1/:/usr/share/lilypond/2.22.1/fonts/svg/:')
    \include 
             "../layout_settings.ly"
/tmp/tmprsz9u8mo/2024-08-28T12-26-28-625825-576b922.ly:1: warning: no \version statement found, please add

\version "2.22.1"

for future compatibility
Interpreting music...
/tmp/tmprsz9u8mo/2024-08-28T12-26-28-625825-576b922.ly:8:5: warning: skipping zero-duration score
    
    <<
/tmp/tmprsz9u8mo/2024-08-28T12-26-28-625825-576b922.ly:8:5: warning: to suppress this, consider adding a spacer rest
    
    <<
fatal error: failed files: "/tmp/tmprsz9u8mo/2024-08-28T12-26-28-625825-576b922.ly"
