GNU LilyPond 2.22.1
Changing working directory to: `/tmp/tmpchrm5375'
Processing `/tmp/tmpchrm5375/2024-03-28T12-29-07-231207-e4fc2f5.ly'
Parsing...
/tmp/tmpchrm5375/2024-03-28T12-29-07-231207-e4fc2f5.ly:1:10: error: cannot find file: `../paper_settings.ly'
(search path: `/tmp/tmpchrm5375:/home/user/GitHub/Artyfyshall-Bird/code-implementation:/usr/share/lilypond/2.22.1/ly:/usr/share/lilypond/2.22.1/ps:/usr/share/lilypond/2.22.1/scm:/usr/share/lilypond/2.22.1/fonts/otf/:/usr/share/lilypond/2.22.1/fonts/type1/:/usr/share/lilypond/2.22.1/fonts/svg/:')
\include 
         "../paper_settings.ly" 
/tmp/tmpchrm5375/2024-03-28T12-29-07-231207-e4fc2f5.ly:15:14: error: cannot find file: `../voice_option.ly'
(search path: `/tmp/tmpchrm5375:/home/user/GitHub/Artyfyshall-Bird/code-implementation:/usr/share/lilypond/2.22.1/ly:/usr/share/lilypond/2.22.1/ps:/usr/share/lilypond/2.22.1/scm:/usr/share/lilypond/2.22.1/fonts/otf/:/usr/share/lilypond/2.22.1/fonts/type1/:/usr/share/lilypond/2.22.1/fonts/svg/:')
    \include 
             "../voice_option.ly"
/tmp/tmpchrm5375/2024-03-28T12-29-07-231207-e4fc2f5.ly:16:14: error: cannot find file: `../vc1/gp-02-vc1-42.ly'
(search path: `/tmp/tmpchrm5375:/home/user/GitHub/Artyfyshall-Bird/code-implementation:/usr/share/lilypond/2.22.1/ly:/usr/share/lilypond/2.22.1/ps:/usr/share/lilypond/2.22.1/scm:/usr/share/lilypond/2.22.1/fonts/otf/:/usr/share/lilypond/2.22.1/fonts/type1/:/usr/share/lilypond/2.22.1/fonts/svg/:')
    \include 
             "../vc1/gp-02-vc1-42.ly"
/tmp/tmpchrm5375/2024-03-28T12-29-07-231207-e4fc2f5.ly:17:14: error: cannot find file: `../vc1/gp-02-vc1-206.ly'
(search path: `/tmp/tmpchrm5375:/home/user/GitHub/Artyfyshall-Bird/code-implementation:/usr/share/lilypond/2.22.1/ly:/usr/share/lilypond/2.22.1/ps:/usr/share/lilypond/2.22.1/scm:/usr/share/lilypond/2.22.1/fonts/otf/:/usr/share/lilypond/2.22.1/fonts/type1/:/usr/share/lilypond/2.22.1/fonts/svg/:')
    \include 
             "../vc1/gp-02-vc1-206.ly"
/tmp/tmpchrm5375/2024-03-28T12-29-07-231207-e4fc2f5.ly:18:14: error: cannot find file: `../vc1/gp-02-vc1-69.ly'
(search path: `/tmp/tmpchrm5375:/home/user/GitHub/Artyfyshall-Bird/code-implementation:/usr/share/lilypond/2.22.1/ly:/usr/share/lilypond/2.22.1/ps:/usr/share/lilypond/2.22.1/scm:/usr/share/lilypond/2.22.1/fonts/otf/:/usr/share/lilypond/2.22.1/fonts/type1/:/usr/share/lilypond/2.22.1/fonts/svg/:')
    \include 
             "../vc1/gp-02-vc1-69.ly"
/tmp/tmpchrm5375/2024-03-28T12-29-07-231207-e4fc2f5.ly:19:14: error: cannot find file: `../vc1/gp-02-vc1-143.ly'
(search path: `/tmp/tmpchrm5375:/home/user/GitHub/Artyfyshall-Bird/code-implementation:/usr/share/lilypond/2.22.1/ly:/usr/share/lilypond/2.22.1/ps:/usr/share/lilypond/2.22.1/scm:/usr/share/lilypond/2.22.1/fonts/otf/:/usr/share/lilypond/2.22.1/fonts/type1/:/usr/share/lilypond/2.22.1/fonts/svg/:')
    \include 
             "../vc1/gp-02-vc1-143.ly"
/tmp/tmpchrm5375/2024-03-28T12-29-07-231207-e4fc2f5.ly:20:14: error: cannot find file: `../vc1/gp-02-vc1-212.ly'
(search path: `/tmp/tmpchrm5375:/home/user/GitHub/Artyfyshall-Bird/code-implementation:/usr/share/lilypond/2.22.1/ly:/usr/share/lilypond/2.22.1/ps:/usr/share/lilypond/2.22.1/scm:/usr/share/lilypond/2.22.1/fonts/otf/:/usr/share/lilypond/2.22.1/fonts/type1/:/usr/share/lilypond/2.22.1/fonts/svg/:')
    \include 
             "../vc1/gp-02-vc1-212.ly"
/tmp/tmpchrm5375/2024-03-28T12-29-07-231207-e4fc2f5.ly:21:14: error: cannot find file: `../vc1/gp-02-vc1-216.ly'
(search path: `/tmp/tmpchrm5375:/home/user/GitHub/Artyfyshall-Bird/code-implementation:/usr/share/lilypond/2.22.1/ly:/usr/share/lilypond/2.22.1/ps:/usr/share/lilypond/2.22.1/scm:/usr/share/lilypond/2.22.1/fonts/otf/:/usr/share/lilypond/2.22.1/fonts/type1/:/usr/share/lilypond/2.22.1/fonts/svg/:')
    \include 
             "../vc1/gp-02-vc1-216.ly"
/tmp/tmpchrm5375/2024-03-28T12-29-07-231207-e4fc2f5.ly:22:14: error: cannot find file: `../vc1/gp-02-vc1-63.ly'
(search path: `/tmp/tmpchrm5375:/home/user/GitHub/Artyfyshall-Bird/code-implementation:/usr/share/lilypond/2.22.1/ly:/usr/share/lilypond/2.22.1/ps:/usr/share/lilypond/2.22.1/scm:/usr/share/lilypond/2.22.1/fonts/otf/:/usr/share/lilypond/2.22.1/fonts/type1/:/usr/share/lilypond/2.22.1/fonts/svg/:')
    \include 
             "../vc1/gp-02-vc1-63.ly"
/tmp/tmpchrm5375/2024-03-28T12-29-07-231207-e4fc2f5.ly:23:14: error: cannot find file: `../vc1/gp-02-vc1-92.ly'
(search path: `/tmp/tmpchrm5375:/home/user/GitHub/Artyfyshall-Bird/code-implementation:/usr/share/lilypond/2.22.1/ly:/usr/share/lilypond/2.22.1/ps:/usr/share/lilypond/2.22.1/scm:/usr/share/lilypond/2.22.1/fonts/otf/:/usr/share/lilypond/2.22.1/fonts/type1/:/usr/share/lilypond/2.22.1/fonts/svg/:')
    \include 
             "../vc1/gp-02-vc1-92.ly"
/tmp/tmpchrm5375/2024-03-28T12-29-07-231207-e4fc2f5.ly:24:14: error: cannot find file: `../vc1/gp-02-vc1-239.ly'
(search path: `/tmp/tmpchrm5375:/home/user/GitHub/Artyfyshall-Bird/code-implementation:/usr/share/lilypond/2.22.1/ly:/usr/share/lilypond/2.22.1/ps:/usr/share/lilypond/2.22.1/scm:/usr/share/lilypond/2.22.1/fonts/otf/:/usr/share/lilypond/2.22.1/fonts/type1/:/usr/share/lilypond/2.22.1/fonts/svg/:')
    \include 
             "../vc1/gp-02-vc1-239.ly"
/tmp/tmpchrm5375/2024-03-28T12-29-07-231207-e4fc2f5.ly:25:14: error: cannot find file: `../vc1/gp-02-vc1-192.ly'
(search path: `/tmp/tmpchrm5375:/home/user/GitHub/Artyfyshall-Bird/code-implementation:/usr/share/lilypond/2.22.1/ly:/usr/share/lilypond/2.22.1/ps:/usr/share/lilypond/2.22.1/scm:/usr/share/lilypond/2.22.1/fonts/otf/:/usr/share/lilypond/2.22.1/fonts/type1/:/usr/share/lilypond/2.22.1/fonts/svg/:')
    \include 
             "../vc1/gp-02-vc1-192.ly"
/tmp/tmpchrm5375/2024-03-28T12-29-07-231207-e4fc2f5.ly:26:14: error: cannot find file: `../vc1/gp-02-vc1-243.ly'
(search path: `/tmp/tmpchrm5375:/home/user/GitHub/Artyfyshall-Bird/code-implementation:/usr/share/lilypond/2.22.1/ly:/usr/share/lilypond/2.22.1/ps:/usr/share/lilypond/2.22.1/scm:/usr/share/lilypond/2.22.1/fonts/otf/:/usr/share/lilypond/2.22.1/fonts/type1/:/usr/share/lilypond/2.22.1/fonts/svg/:')
    \include 
             "../vc1/gp-02-vc1-243.ly"
/tmp/tmpchrm5375/2024-03-28T12-29-07-231207-e4fc2f5.ly:27:14: error: cannot find file: `../vc1/gp-02-vc1-256.ly'
(search path: `/tmp/tmpchrm5375:/home/user/GitHub/Artyfyshall-Bird/code-implementation:/usr/share/lilypond/2.22.1/ly:/usr/share/lilypond/2.22.1/ps:/usr/share/lilypond/2.22.1/scm:/usr/share/lilypond/2.22.1/fonts/otf/:/usr/share/lilypond/2.22.1/fonts/type1/:/usr/share/lilypond/2.22.1/fonts/svg/:')
    \include 
             "../vc1/gp-02-vc1-256.ly"
/tmp/tmpchrm5375/2024-03-28T12-29-07-231207-e4fc2f5.ly:28:14: error: cannot find file: `../vc1/gp-02-vc1-134.ly'
(search path: `/tmp/tmpchrm5375:/home/user/GitHub/Artyfyshall-Bird/code-implementation:/usr/share/lilypond/2.22.1/ly:/usr/share/lilypond/2.22.1/ps:/usr/share/lilypond/2.22.1/scm:/usr/share/lilypond/2.22.1/fonts/otf/:/usr/share/lilypond/2.22.1/fonts/type1/:/usr/share/lilypond/2.22.1/fonts/svg/:')
    \include 
             "../vc1/gp-02-vc1-134.ly"
/tmp/tmpchrm5375/2024-03-28T12-29-07-231207-e4fc2f5.ly:29:14: error: cannot find file: `../vc1/gp-02-vc1-4.ly'
(search path: `/tmp/tmpchrm5375:/home/user/GitHub/Artyfyshall-Bird/code-implementation:/usr/share/lilypond/2.22.1/ly:/usr/share/lilypond/2.22.1/ps:/usr/share/lilypond/2.22.1/scm:/usr/share/lilypond/2.22.1/fonts/otf/:/usr/share/lilypond/2.22.1/fonts/type1/:/usr/share/lilypond/2.22.1/fonts/svg/:')
    \include 
             "../vc1/gp-02-vc1-4.ly"
/tmp/tmpchrm5375/2024-03-28T12-29-07-231207-e4fc2f5.ly:30:14: error: cannot find file: `../vc1/gp-02-vc1-120.ly'
(search path: `/tmp/tmpchrm5375:/home/user/GitHub/Artyfyshall-Bird/code-implementation:/usr/share/lilypond/2.22.1/ly:/usr/share/lilypond/2.22.1/ps:/usr/share/lilypond/2.22.1/scm:/usr/share/lilypond/2.22.1/fonts/otf/:/usr/share/lilypond/2.22.1/fonts/type1/:/usr/share/lilypond/2.22.1/fonts/svg/:')
    \include 
             "../vc1/gp-02-vc1-120.ly"
/tmp/tmpchrm5375/2024-03-28T12-29-07-231207-e4fc2f5.ly:31:14: error: cannot find file: `../vc1/gp-02-vc1-41.ly'
(search path: `/tmp/tmpchrm5375:/home/user/GitHub/Artyfyshall-Bird/code-implementation:/usr/share/lilypond/2.22.1/ly:/usr/share/lilypond/2.22.1/ps:/usr/share/lilypond/2.22.1/scm:/usr/share/lilypond/2.22.1/fonts/otf/:/usr/share/lilypond/2.22.1/fonts/type1/:/usr/share/lilypond/2.22.1/fonts/svg/:')
    \include 
             "../vc1/gp-02-vc1-41.ly"
/tmp/tmpchrm5375/2024-03-28T12-29-07-231207-e4fc2f5.ly:32:14: error: cannot find file: `../vc1/gp-02-vc1-80.ly'
(search path: `/tmp/tmpchrm5375:/home/user/GitHub/Artyfyshall-Bird/code-implementation:/usr/share/lilypond/2.22.1/ly:/usr/share/lilypond/2.22.1/ps:/usr/share/lilypond/2.22.1/scm:/usr/share/lilypond/2.22.1/fonts/otf/:/usr/share/lilypond/2.22.1/fonts/type1/:/usr/share/lilypond/2.22.1/fonts/svg/:')
    \include 
             "../vc1/gp-02-vc1-80.ly"
/tmp/tmpchrm5375/2024-03-28T12-29-07-231207-e4fc2f5.ly:33:14: error: cannot find file: `../vc1/gp-02-vc1-258.ly'
(search path: `/tmp/tmpchrm5375:/home/user/GitHub/Artyfyshall-Bird/code-implementation:/usr/share/lilypond/2.22.1/ly:/usr/share/lilypond/2.22.1/ps:/usr/share/lilypond/2.22.1/scm:/usr/share/lilypond/2.22.1/fonts/otf/:/usr/share/lilypond/2.22.1/fonts/type1/:/usr/share/lilypond/2.22.1/fonts/svg/:')
    \include 
             "../vc1/gp-02-vc1-258.ly"
/tmp/tmpchrm5375/2024-03-28T12-29-07-231207-e4fc2f5.ly:34:14: error: cannot find file: `../vc1/gp-02-vc1-250.ly'
(search path: `/tmp/tmpchrm5375:/home/user/GitHub/Artyfyshall-Bird/code-implementation:/usr/share/lilypond/2.22.1/ly:/usr/share/lilypond/2.22.1/ps:/usr/share/lilypond/2.22.1/scm:/usr/share/lilypond/2.22.1/fonts/otf/:/usr/share/lilypond/2.22.1/fonts/type1/:/usr/share/lilypond/2.22.1/fonts/svg/:')
    \include 
             "../vc1/gp-02-vc1-250.ly"
/tmp/tmpchrm5375/2024-03-28T12-29-07-231207-e4fc2f5.ly:35:14: error: cannot find file: `../vc1/gp-02-vc1-115.ly'
(search path: `/tmp/tmpchrm5375:/home/user/GitHub/Artyfyshall-Bird/code-implementation:/usr/share/lilypond/2.22.1/ly:/usr/share/lilypond/2.22.1/ps:/usr/share/lilypond/2.22.1/scm:/usr/share/lilypond/2.22.1/fonts/otf/:/usr/share/lilypond/2.22.1/fonts/type1/:/usr/share/lilypond/2.22.1/fonts/svg/:')
    \include 
             "../vc1/gp-02-vc1-115.ly"
/tmp/tmpchrm5375/2024-03-28T12-29-07-231207-e4fc2f5.ly:36:14: error: cannot find file: `../vc1/gp-02-vc1-124.ly'
(search path: `/tmp/tmpchrm5375:/home/user/GitHub/Artyfyshall-Bird/code-implementation:/usr/share/lilypond/2.22.1/ly:/usr/share/lilypond/2.22.1/ps:/usr/share/lilypond/2.22.1/scm:/usr/share/lilypond/2.22.1/fonts/otf/:/usr/share/lilypond/2.22.1/fonts/type1/:/usr/share/lilypond/2.22.1/fonts/svg/:')
    \include 
             "../vc1/gp-02-vc1-124.ly"
/tmp/tmpchrm5375/2024-03-28T12-29-07-231207-e4fc2f5.ly:37:14: error: cannot find file: `../vc1/gp-02-vc1-170.ly'
(search path: `/tmp/tmpchrm5375:/home/user/GitHub/Artyfyshall-Bird/code-implementation:/usr/share/lilypond/2.22.1/ly:/usr/share/lilypond/2.22.1/ps:/usr/share/lilypond/2.22.1/scm:/usr/share/lilypond/2.22.1/fonts/otf/:/usr/share/lilypond/2.22.1/fonts/type1/:/usr/share/lilypond/2.22.1/fonts/svg/:')
    \include 
             "../vc1/gp-02-vc1-170.ly"
/tmp/tmpchrm5375/2024-03-28T12-29-07-231207-e4fc2f5.ly:38:14: error: cannot find file: `../vc1/gp-02-vc1-117.ly'
(search path: `/tmp/tmpchrm5375:/home/user/GitHub/Artyfyshall-Bird/code-implementation:/usr/share/lilypond/2.22.1/ly:/usr/share/lilypond/2.22.1/ps:/usr/share/lilypond/2.22.1/scm:/usr/share/lilypond/2.22.1/fonts/otf/:/usr/share/lilypond/2.22.1/fonts/type1/:/usr/share/lilypond/2.22.1/fonts/svg/:')
    \include 
             "../vc1/gp-02-vc1-117.ly"
/tmp/tmpchrm5375/2024-03-28T12-29-07-231207-e4fc2f5.ly:39:14: error: cannot find file: `../vc1/gp-02-vc1-237.ly'
(search path: `/tmp/tmpchrm5375:/home/user/GitHub/Artyfyshall-Bird/code-implementation:/usr/share/lilypond/2.22.1/ly:/usr/share/lilypond/2.22.1/ps:/usr/share/lilypond/2.22.1/scm:/usr/share/lilypond/2.22.1/fonts/otf/:/usr/share/lilypond/2.22.1/fonts/type1/:/usr/share/lilypond/2.22.1/fonts/svg/:')
    \include 
             "../vc1/gp-02-vc1-237.ly"
/tmp/tmpchrm5375/2024-03-28T12-29-07-231207-e4fc2f5.ly:46:14: error: cannot find file: `../voice_option.ly'
(search path: `/tmp/tmpchrm5375:/home/user/GitHub/Artyfyshall-Bird/code-implementation:/usr/share/lilypond/2.22.1/ly:/usr/share/lilypond/2.22.1/ps:/usr/share/lilypond/2.22.1/scm:/usr/share/lilypond/2.22.1/fonts/otf/:/usr/share/lilypond/2.22.1/fonts/type1/:/usr/share/lilypond/2.22.1/fonts/svg/:')
    \include 
             "../voice_option.ly"
/tmp/tmpchrm5375/2024-03-28T12-29-07-231207-e4fc2f5.ly:47:14: error: cannot find file: `../vc2/gp-02-vc2-42.ly'
(search path: `/tmp/tmpchrm5375:/home/user/GitHub/Artyfyshall-Bird/code-implementation:/usr/share/lilypond/2.22.1/ly:/usr/share/lilypond/2.22.1/ps:/usr/share/lilypond/2.22.1/scm:/usr/share/lilypond/2.22.1/fonts/otf/:/usr/share/lilypond/2.22.1/fonts/type1/:/usr/share/lilypond/2.22.1/fonts/svg/:')
    \include 
             "../vc2/gp-02-vc2-42.ly"
/tmp/tmpchrm5375/2024-03-28T12-29-07-231207-e4fc2f5.ly:48:14: error: cannot find file: `../vc2/gp-02-vc2-206.ly'
(search path: `/tmp/tmpchrm5375:/home/user/GitHub/Artyfyshall-Bird/code-implementation:/usr/share/lilypond/2.22.1/ly:/usr/share/lilypond/2.22.1/ps:/usr/share/lilypond/2.22.1/scm:/usr/share/lilypond/2.22.1/fonts/otf/:/usr/share/lilypond/2.22.1/fonts/type1/:/usr/share/lilypond/2.22.1/fonts/svg/:')
    \include 
             "../vc2/gp-02-vc2-206.ly"
/tmp/tmpchrm5375/2024-03-28T12-29-07-231207-e4fc2f5.ly:49:14: error: cannot find file: `../vc2/gp-02-vc2-69.ly'
(search path: `/tmp/tmpchrm5375:/home/user/GitHub/Artyfyshall-Bird/code-implementation:/usr/share/lilypond/2.22.1/ly:/usr/share/lilypond/2.22.1/ps:/usr/share/lilypond/2.22.1/scm:/usr/share/lilypond/2.22.1/fonts/otf/:/usr/share/lilypond/2.22.1/fonts/type1/:/usr/share/lilypond/2.22.1/fonts/svg/:')
    \include 
             "../vc2/gp-02-vc2-69.ly"
/tmp/tmpchrm5375/2024-03-28T12-29-07-231207-e4fc2f5.ly:50:14: error: cannot find file: `../vc2/gp-02-vc2-143.ly'
(search path: `/tmp/tmpchrm5375:/home/user/GitHub/Artyfyshall-Bird/code-implementation:/usr/share/lilypond/2.22.1/ly:/usr/share/lilypond/2.22.1/ps:/usr/share/lilypond/2.22.1/scm:/usr/share/lilypond/2.22.1/fonts/otf/:/usr/share/lilypond/2.22.1/fonts/type1/:/usr/share/lilypond/2.22.1/fonts/svg/:')
    \include 
             "../vc2/gp-02-vc2-143.ly"
/tmp/tmpchrm5375/2024-03-28T12-29-07-231207-e4fc2f5.ly:51:14: error: cannot find file: `../vc2/gp-02-vc2-212.ly'
(search path: `/tmp/tmpchrm5375:/home/user/GitHub/Artyfyshall-Bird/code-implementation:/usr/share/lilypond/2.22.1/ly:/usr/share/lilypond/2.22.1/ps:/usr/share/lilypond/2.22.1/scm:/usr/share/lilypond/2.22.1/fonts/otf/:/usr/share/lilypond/2.22.1/fonts/type1/:/usr/share/lilypond/2.22.1/fonts/svg/:')
    \include 
             "../vc2/gp-02-vc2-212.ly"
/tmp/tmpchrm5375/2024-03-28T12-29-07-231207-e4fc2f5.ly:52:14: error: cannot find file: `../vc2/gp-02-vc2-216.ly'
(search path: `/tmp/tmpchrm5375:/home/user/GitHub/Artyfyshall-Bird/code-implementation:/usr/share/lilypond/2.22.1/ly:/usr/share/lilypond/2.22.1/ps:/usr/share/lilypond/2.22.1/scm:/usr/share/lilypond/2.22.1/fonts/otf/:/usr/share/lilypond/2.22.1/fonts/type1/:/usr/share/lilypond/2.22.1/fonts/svg/:')
    \include 
             "../vc2/gp-02-vc2-216.ly"
/tmp/tmpchrm5375/2024-03-28T12-29-07-231207-e4fc2f5.ly:53:14: error: cannot find file: `../vc2/gp-02-vc2-63.ly'
(search path: `/tmp/tmpchrm5375:/home/user/GitHub/Artyfyshall-Bird/code-implementation:/usr/share/lilypond/2.22.1/ly:/usr/share/lilypond/2.22.1/ps:/usr/share/lilypond/2.22.1/scm:/usr/share/lilypond/2.22.1/fonts/otf/:/usr/share/lilypond/2.22.1/fonts/type1/:/usr/share/lilypond/2.22.1/fonts/svg/:')
    \include 
             "../vc2/gp-02-vc2-63.ly"
/tmp/tmpchrm5375/2024-03-28T12-29-07-231207-e4fc2f5.ly:54:14: error: cannot find file: `../vc2/gp-02-vc2-92.ly'
(search path: `/tmp/tmpchrm5375:/home/user/GitHub/Artyfyshall-Bird/code-implementation:/usr/share/lilypond/2.22.1/ly:/usr/share/lilypond/2.22.1/ps:/usr/share/lilypond/2.22.1/scm:/usr/share/lilypond/2.22.1/fonts/otf/:/usr/share/lilypond/2.22.1/fonts/type1/:/usr/share/lilypond/2.22.1/fonts/svg/:')
    \include 
             "../vc2/gp-02-vc2-92.ly"
/tmp/tmpchrm5375/2024-03-28T12-29-07-231207-e4fc2f5.ly:55:14: error: cannot find file: `../vc2/gp-02-vc2-239.ly'
(search path: `/tmp/tmpchrm5375:/home/user/GitHub/Artyfyshall-Bird/code-implementation:/usr/share/lilypond/2.22.1/ly:/usr/share/lilypond/2.22.1/ps:/usr/share/lilypond/2.22.1/scm:/usr/share/lilypond/2.22.1/fonts/otf/:/usr/share/lilypond/2.22.1/fonts/type1/:/usr/share/lilypond/2.22.1/fonts/svg/:')
    \include 
             "../vc2/gp-02-vc2-239.ly"
/tmp/tmpchrm5375/2024-03-28T12-29-07-231207-e4fc2f5.ly:56:14: error: cannot find file: `../vc2/gp-02-vc2-192.ly'
(search path: `/tmp/tmpchrm5375:/home/user/GitHub/Artyfyshall-Bird/code-implementation:/usr/share/lilypond/2.22.1/ly:/usr/share/lilypond/2.22.1/ps:/usr/share/lilypond/2.22.1/scm:/usr/share/lilypond/2.22.1/fonts/otf/:/usr/share/lilypond/2.22.1/fonts/type1/:/usr/share/lilypond/2.22.1/fonts/svg/:')
    \include 
             "../vc2/gp-02-vc2-192.ly"
/tmp/tmpchrm5375/2024-03-28T12-29-07-231207-e4fc2f5.ly:57:14: error: cannot find file: `../vc2/gp-02-vc2-243.ly'
(search path: `/tmp/tmpchrm5375:/home/user/GitHub/Artyfyshall-Bird/code-implementation:/usr/share/lilypond/2.22.1/ly:/usr/share/lilypond/2.22.1/ps:/usr/share/lilypond/2.22.1/scm:/usr/share/lilypond/2.22.1/fonts/otf/:/usr/share/lilypond/2.22.1/fonts/type1/:/usr/share/lilypond/2.22.1/fonts/svg/:')
    \include 
             "../vc2/gp-02-vc2-243.ly"
/tmp/tmpchrm5375/2024-03-28T12-29-07-231207-e4fc2f5.ly:58:14: error: cannot find file: `../vc2/gp-02-vc2-256.ly'
(search path: `/tmp/tmpchrm5375:/home/user/GitHub/Artyfyshall-Bird/code-implementation:/usr/share/lilypond/2.22.1/ly:/usr/share/lilypond/2.22.1/ps:/usr/share/lilypond/2.22.1/scm:/usr/share/lilypond/2.22.1/fonts/otf/:/usr/share/lilypond/2.22.1/fonts/type1/:/usr/share/lilypond/2.22.1/fonts/svg/:')
    \include 
             "../vc2/gp-02-vc2-256.ly"
/tmp/tmpchrm5375/2024-03-28T12-29-07-231207-e4fc2f5.ly:59:14: error: cannot find file: `../vc2/gp-02-vc2-134.ly'
(search path: `/tmp/tmpchrm5375:/home/user/GitHub/Artyfyshall-Bird/code-implementation:/usr/share/lilypond/2.22.1/ly:/usr/share/lilypond/2.22.1/ps:/usr/share/lilypond/2.22.1/scm:/usr/share/lilypond/2.22.1/fonts/otf/:/usr/share/lilypond/2.22.1/fonts/type1/:/usr/share/lilypond/2.22.1/fonts/svg/:')
    \include 
             "../vc2/gp-02-vc2-134.ly"
/tmp/tmpchrm5375/2024-03-28T12-29-07-231207-e4fc2f5.ly:60:14: error: cannot find file: `../vc2/gp-02-vc2-4.ly'
(search path: `/tmp/tmpchrm5375:/home/user/GitHub/Artyfyshall-Bird/code-implementation:/usr/share/lilypond/2.22.1/ly:/usr/share/lilypond/2.22.1/ps:/usr/share/lilypond/2.22.1/scm:/usr/share/lilypond/2.22.1/fonts/otf/:/usr/share/lilypond/2.22.1/fonts/type1/:/usr/share/lilypond/2.22.1/fonts/svg/:')
    \include 
             "../vc2/gp-02-vc2-4.ly"
/tmp/tmpchrm5375/2024-03-28T12-29-07-231207-e4fc2f5.ly:61:14: error: cannot find file: `../vc2/gp-02-vc2-120.ly'
(search path: `/tmp/tmpchrm5375:/home/user/GitHub/Artyfyshall-Bird/code-implementation:/usr/share/lilypond/2.22.1/ly:/usr/share/lilypond/2.22.1/ps:/usr/share/lilypond/2.22.1/scm:/usr/share/lilypond/2.22.1/fonts/otf/:/usr/share/lilypond/2.22.1/fonts/type1/:/usr/share/lilypond/2.22.1/fonts/svg/:')
    \include 
             "../vc2/gp-02-vc2-120.ly"
/tmp/tmpchrm5375/2024-03-28T12-29-07-231207-e4fc2f5.ly:62:14: error: cannot find file: `../vc2/gp-02-vc2-41.ly'
(search path: `/tmp/tmpchrm5375:/home/user/GitHub/Artyfyshall-Bird/code-implementation:/usr/share/lilypond/2.22.1/ly:/usr/share/lilypond/2.22.1/ps:/usr/share/lilypond/2.22.1/scm:/usr/share/lilypond/2.22.1/fonts/otf/:/usr/share/lilypond/2.22.1/fonts/type1/:/usr/share/lilypond/2.22.1/fonts/svg/:')
    \include 
             "../vc2/gp-02-vc2-41.ly"
/tmp/tmpchrm5375/2024-03-28T12-29-07-231207-e4fc2f5.ly:63:14: error: cannot find file: `../vc2/gp-02-vc2-80.ly'
(search path: `/tmp/tmpchrm5375:/home/user/GitHub/Artyfyshall-Bird/code-implementation:/usr/share/lilypond/2.22.1/ly:/usr/share/lilypond/2.22.1/ps:/usr/share/lilypond/2.22.1/scm:/usr/share/lilypond/2.22.1/fonts/otf/:/usr/share/lilypond/2.22.1/fonts/type1/:/usr/share/lilypond/2.22.1/fonts/svg/:')
    \include 
             "../vc2/gp-02-vc2-80.ly"
/tmp/tmpchrm5375/2024-03-28T12-29-07-231207-e4fc2f5.ly:64:14: error: cannot find file: `../vc2/gp-02-vc2-258.ly'
(search path: `/tmp/tmpchrm5375:/home/user/GitHub/Artyfyshall-Bird/code-implementation:/usr/share/lilypond/2.22.1/ly:/usr/share/lilypond/2.22.1/ps:/usr/share/lilypond/2.22.1/scm:/usr/share/lilypond/2.22.1/fonts/otf/:/usr/share/lilypond/2.22.1/fonts/type1/:/usr/share/lilypond/2.22.1/fonts/svg/:')
    \include 
             "../vc2/gp-02-vc2-258.ly"
/tmp/tmpchrm5375/2024-03-28T12-29-07-231207-e4fc2f5.ly:65:14: error: cannot find file: `../vc2/gp-02-vc2-250.ly'
(search path: `/tmp/tmpchrm5375:/home/user/GitHub/Artyfyshall-Bird/code-implementation:/usr/share/lilypond/2.22.1/ly:/usr/share/lilypond/2.22.1/ps:/usr/share/lilypond/2.22.1/scm:/usr/share/lilypond/2.22.1/fonts/otf/:/usr/share/lilypond/2.22.1/fonts/type1/:/usr/share/lilypond/2.22.1/fonts/svg/:')
    \include 
             "../vc2/gp-02-vc2-250.ly"
/tmp/tmpchrm5375/2024-03-28T12-29-07-231207-e4fc2f5.ly:66:14: error: cannot find file: `../vc2/gp-02-vc2-115.ly'
(search path: `/tmp/tmpchrm5375:/home/user/GitHub/Artyfyshall-Bird/code-implementation:/usr/share/lilypond/2.22.1/ly:/usr/share/lilypond/2.22.1/ps:/usr/share/lilypond/2.22.1/scm:/usr/share/lilypond/2.22.1/fonts/otf/:/usr/share/lilypond/2.22.1/fonts/type1/:/usr/share/lilypond/2.22.1/fonts/svg/:')
    \include 
             "../vc2/gp-02-vc2-115.ly"
/tmp/tmpchrm5375/2024-03-28T12-29-07-231207-e4fc2f5.ly:67:14: error: cannot find file: `../vc2/gp-02-vc2-124.ly'
(search path: `/tmp/tmpchrm5375:/home/user/GitHub/Artyfyshall-Bird/code-implementation:/usr/share/lilypond/2.22.1/ly:/usr/share/lilypond/2.22.1/ps:/usr/share/lilypond/2.22.1/scm:/usr/share/lilypond/2.22.1/fonts/otf/:/usr/share/lilypond/2.22.1/fonts/type1/:/usr/share/lilypond/2.22.1/fonts/svg/:')
    \include 
             "../vc2/gp-02-vc2-124.ly"
/tmp/tmpchrm5375/2024-03-28T12-29-07-231207-e4fc2f5.ly:68:14: error: cannot find file: `../vc2/gp-02-vc2-170.ly'
(search path: `/tmp/tmpchrm5375:/home/user/GitHub/Artyfyshall-Bird/code-implementation:/usr/share/lilypond/2.22.1/ly:/usr/share/lilypond/2.22.1/ps:/usr/share/lilypond/2.22.1/scm:/usr/share/lilypond/2.22.1/fonts/otf/:/usr/share/lilypond/2.22.1/fonts/type1/:/usr/share/lilypond/2.22.1/fonts/svg/:')
    \include 
             "../vc2/gp-02-vc2-170.ly"
/tmp/tmpchrm5375/2024-03-28T12-29-07-231207-e4fc2f5.ly:69:14: error: cannot find file: `../vc2/gp-02-vc2-117.ly'
(search path: `/tmp/tmpchrm5375:/home/user/GitHub/Artyfyshall-Bird/code-implementation:/usr/share/lilypond/2.22.1/ly:/usr/share/lilypond/2.22.1/ps:/usr/share/lilypond/2.22.1/scm:/usr/share/lilypond/2.22.1/fonts/otf/:/usr/share/lilypond/2.22.1/fonts/type1/:/usr/share/lilypond/2.22.1/fonts/svg/:')
    \include 
             "../vc2/gp-02-vc2-117.ly"
/tmp/tmpchrm5375/2024-03-28T12-29-07-231207-e4fc2f5.ly:70:14: error: cannot find file: `../vc2/gp-02-vc2-237.ly'
(search path: `/tmp/tmpchrm5375:/home/user/GitHub/Artyfyshall-Bird/code-implementation:/usr/share/lilypond/2.22.1/ly:/usr/share/lilypond/2.22.1/ps:/usr/share/lilypond/2.22.1/scm:/usr/share/lilypond/2.22.1/fonts/otf/:/usr/share/lilypond/2.22.1/fonts/type1/:/usr/share/lilypond/2.22.1/fonts/svg/:')
    \include 
             "../vc2/gp-02-vc2-237.ly"
/tmp/tmpchrm5375/2024-03-28T12-29-07-231207-e4fc2f5.ly:78:14: error: cannot find file: `../voice_option.ly'
(search path: `/tmp/tmpchrm5375:/home/user/GitHub/Artyfyshall-Bird/code-implementation:/usr/share/lilypond/2.22.1/ly:/usr/share/lilypond/2.22.1/ps:/usr/share/lilypond/2.22.1/scm:/usr/share/lilypond/2.22.1/fonts/otf/:/usr/share/lilypond/2.22.1/fonts/type1/:/usr/share/lilypond/2.22.1/fonts/svg/:')
    \include 
             "../voice_option.ly"
/tmp/tmpchrm5375/2024-03-28T12-29-07-231207-e4fc2f5.ly:79:14: error: cannot find file: `../rh/gp-02-rh-42.ly'
(search path: `/tmp/tmpchrm5375:/home/user/GitHub/Artyfyshall-Bird/code-implementation:/usr/share/lilypond/2.22.1/ly:/usr/share/lilypond/2.22.1/ps:/usr/share/lilypond/2.22.1/scm:/usr/share/lilypond/2.22.1/fonts/otf/:/usr/share/lilypond/2.22.1/fonts/type1/:/usr/share/lilypond/2.22.1/fonts/svg/:')
    \include 
             "../rh/gp-02-rh-42.ly"
/tmp/tmpchrm5375/2024-03-28T12-29-07-231207-e4fc2f5.ly:80:14: error: cannot find file: `../rh/gp-02-rh-206.ly'
(search path: `/tmp/tmpchrm5375:/home/user/GitHub/Artyfyshall-Bird/code-implementation:/usr/share/lilypond/2.22.1/ly:/usr/share/lilypond/2.22.1/ps:/usr/share/lilypond/2.22.1/scm:/usr/share/lilypond/2.22.1/fonts/otf/:/usr/share/lilypond/2.22.1/fonts/type1/:/usr/share/lilypond/2.22.1/fonts/svg/:')
    \include 
             "../rh/gp-02-rh-206.ly"
/tmp/tmpchrm5375/2024-03-28T12-29-07-231207-e4fc2f5.ly:81:14: error: cannot find file: `../rh/gp-02-rh-69.ly'
(search path: `/tmp/tmpchrm5375:/home/user/GitHub/Artyfyshall-Bird/code-implementation:/usr/share/lilypond/2.22.1/ly:/usr/share/lilypond/2.22.1/ps:/usr/share/lilypond/2.22.1/scm:/usr/share/lilypond/2.22.1/fonts/otf/:/usr/share/lilypond/2.22.1/fonts/type1/:/usr/share/lilypond/2.22.1/fonts/svg/:')
    \include 
             "../rh/gp-02-rh-69.ly"
/tmp/tmpchrm5375/2024-03-28T12-29-07-231207-e4fc2f5.ly:82:14: error: cannot find file: `../rh/gp-02-rh-143.ly'
(search path: `/tmp/tmpchrm5375:/home/user/GitHub/Artyfyshall-Bird/code-implementation:/usr/share/lilypond/2.22.1/ly:/usr/share/lilypond/2.22.1/ps:/usr/share/lilypond/2.22.1/scm:/usr/share/lilypond/2.22.1/fonts/otf/:/usr/share/lilypond/2.22.1/fonts/type1/:/usr/share/lilypond/2.22.1/fonts/svg/:')
    \include 
             "../rh/gp-02-rh-143.ly"
/tmp/tmpchrm5375/2024-03-28T12-29-07-231207-e4fc2f5.ly:83:14: error: cannot find file: `../rh/gp-02-rh-212.ly'
(search path: `/tmp/tmpchrm5375:/home/user/GitHub/Artyfyshall-Bird/code-implementation:/usr/share/lilypond/2.22.1/ly:/usr/share/lilypond/2.22.1/ps:/usr/share/lilypond/2.22.1/scm:/usr/share/lilypond/2.22.1/fonts/otf/:/usr/share/lilypond/2.22.1/fonts/type1/:/usr/share/lilypond/2.22.1/fonts/svg/:')
    \include 
             "../rh/gp-02-rh-212.ly"
/tmp/tmpchrm5375/2024-03-28T12-29-07-231207-e4fc2f5.ly:84:14: error: cannot find file: `../rh/gp-02-rh-216.ly'
(search path: `/tmp/tmpchrm5375:/home/user/GitHub/Artyfyshall-Bird/code-implementation:/usr/share/lilypond/2.22.1/ly:/usr/share/lilypond/2.22.1/ps:/usr/share/lilypond/2.22.1/scm:/usr/share/lilypond/2.22.1/fonts/otf/:/usr/share/lilypond/2.22.1/fonts/type1/:/usr/share/lilypond/2.22.1/fonts/svg/:')
    \include 
             "../rh/gp-02-rh-216.ly"
/tmp/tmpchrm5375/2024-03-28T12-29-07-231207-e4fc2f5.ly:85:14: error: cannot find file: `../rh/gp-02-rh-63.ly'
(search path: `/tmp/tmpchrm5375:/home/user/GitHub/Artyfyshall-Bird/code-implementation:/usr/share/lilypond/2.22.1/ly:/usr/share/lilypond/2.22.1/ps:/usr/share/lilypond/2.22.1/scm:/usr/share/lilypond/2.22.1/fonts/otf/:/usr/share/lilypond/2.22.1/fonts/type1/:/usr/share/lilypond/2.22.1/fonts/svg/:')
    \include 
             "../rh/gp-02-rh-63.ly"
/tmp/tmpchrm5375/2024-03-28T12-29-07-231207-e4fc2f5.ly:86:14: error: cannot find file: `../rh/gp-02-rh-92.ly'
(search path: `/tmp/tmpchrm5375:/home/user/GitHub/Artyfyshall-Bird/code-implementation:/usr/share/lilypond/2.22.1/ly:/usr/share/lilypond/2.22.1/ps:/usr/share/lilypond/2.22.1/scm:/usr/share/lilypond/2.22.1/fonts/otf/:/usr/share/lilypond/2.22.1/fonts/type1/:/usr/share/lilypond/2.22.1/fonts/svg/:')
    \include 
             "../rh/gp-02-rh-92.ly"
/tmp/tmpchrm5375/2024-03-28T12-29-07-231207-e4fc2f5.ly:87:14: error: cannot find file: `../rh/gp-02-rh-239.ly'
(search path: `/tmp/tmpchrm5375:/home/user/GitHub/Artyfyshall-Bird/code-implementation:/usr/share/lilypond/2.22.1/ly:/usr/share/lilypond/2.22.1/ps:/usr/share/lilypond/2.22.1/scm:/usr/share/lilypond/2.22.1/fonts/otf/:/usr/share/lilypond/2.22.1/fonts/type1/:/usr/share/lilypond/2.22.1/fonts/svg/:')
    \include 
             "../rh/gp-02-rh-239.ly"
/tmp/tmpchrm5375/2024-03-28T12-29-07-231207-e4fc2f5.ly:88:14: error: cannot find file: `../rh/gp-02-rh-192.ly'
(search path: `/tmp/tmpchrm5375:/home/user/GitHub/Artyfyshall-Bird/code-implementation:/usr/share/lilypond/2.22.1/ly:/usr/share/lilypond/2.22.1/ps:/usr/share/lilypond/2.22.1/scm:/usr/share/lilypond/2.22.1/fonts/otf/:/usr/share/lilypond/2.22.1/fonts/type1/:/usr/share/lilypond/2.22.1/fonts/svg/:')
    \include 
             "../rh/gp-02-rh-192.ly"
/tmp/tmpchrm5375/2024-03-28T12-29-07-231207-e4fc2f5.ly:89:14: error: cannot find file: `../rh/gp-02-rh-243.ly'
(search path: `/tmp/tmpchrm5375:/home/user/GitHub/Artyfyshall-Bird/code-implementation:/usr/share/lilypond/2.22.1/ly:/usr/share/lilypond/2.22.1/ps:/usr/share/lilypond/2.22.1/scm:/usr/share/lilypond/2.22.1/fonts/otf/:/usr/share/lilypond/2.22.1/fonts/type1/:/usr/share/lilypond/2.22.1/fonts/svg/:')
    \include 
             "../rh/gp-02-rh-243.ly"
/tmp/tmpchrm5375/2024-03-28T12-29-07-231207-e4fc2f5.ly:90:14: error: cannot find file: `../rh/gp-02-rh-256.ly'
(search path: `/tmp/tmpchrm5375:/home/user/GitHub/Artyfyshall-Bird/code-implementation:/usr/share/lilypond/2.22.1/ly:/usr/share/lilypond/2.22.1/ps:/usr/share/lilypond/2.22.1/scm:/usr/share/lilypond/2.22.1/fonts/otf/:/usr/share/lilypond/2.22.1/fonts/type1/:/usr/share/lilypond/2.22.1/fonts/svg/:')
    \include 
             "../rh/gp-02-rh-256.ly"
/tmp/tmpchrm5375/2024-03-28T12-29-07-231207-e4fc2f5.ly:91:14: error: cannot find file: `../rh/gp-02-rh-134.ly'
(search path: `/tmp/tmpchrm5375:/home/user/GitHub/Artyfyshall-Bird/code-implementation:/usr/share/lilypond/2.22.1/ly:/usr/share/lilypond/2.22.1/ps:/usr/share/lilypond/2.22.1/scm:/usr/share/lilypond/2.22.1/fonts/otf/:/usr/share/lilypond/2.22.1/fonts/type1/:/usr/share/lilypond/2.22.1/fonts/svg/:')
    \include 
             "../rh/gp-02-rh-134.ly"
/tmp/tmpchrm5375/2024-03-28T12-29-07-231207-e4fc2f5.ly:92:14: error: cannot find file: `../rh/gp-02-rh-4.ly'
(search path: `/tmp/tmpchrm5375:/home/user/GitHub/Artyfyshall-Bird/code-implementation:/usr/share/lilypond/2.22.1/ly:/usr/share/lilypond/2.22.1/ps:/usr/share/lilypond/2.22.1/scm:/usr/share/lilypond/2.22.1/fonts/otf/:/usr/share/lilypond/2.22.1/fonts/type1/:/usr/share/lilypond/2.22.1/fonts/svg/:')
    \include 
             "../rh/gp-02-rh-4.ly"
/tmp/tmpchrm5375/2024-03-28T12-29-07-231207-e4fc2f5.ly:93:14: error: cannot find file: `../rh/gp-02-rh-120.ly'
(search path: `/tmp/tmpchrm5375:/home/user/GitHub/Artyfyshall-Bird/code-implementation:/usr/share/lilypond/2.22.1/ly:/usr/share/lilypond/2.22.1/ps:/usr/share/lilypond/2.22.1/scm:/usr/share/lilypond/2.22.1/fonts/otf/:/usr/share/lilypond/2.22.1/fonts/type1/:/usr/share/lilypond/2.22.1/fonts/svg/:')
    \include 
             "../rh/gp-02-rh-120.ly"
/tmp/tmpchrm5375/2024-03-28T12-29-07-231207-e4fc2f5.ly:94:14: error: cannot find file: `../rh/gp-02-rh-41.ly'
(search path: `/tmp/tmpchrm5375:/home/user/GitHub/Artyfyshall-Bird/code-implementation:/usr/share/lilypond/2.22.1/ly:/usr/share/lilypond/2.22.1/ps:/usr/share/lilypond/2.22.1/scm:/usr/share/lilypond/2.22.1/fonts/otf/:/usr/share/lilypond/2.22.1/fonts/type1/:/usr/share/lilypond/2.22.1/fonts/svg/:')
    \include 
             "../rh/gp-02-rh-41.ly"
/tmp/tmpchrm5375/2024-03-28T12-29-07-231207-e4fc2f5.ly:95:14: error: cannot find file: `../rh/gp-02-rh-80.ly'
(search path: `/tmp/tmpchrm5375:/home/user/GitHub/Artyfyshall-Bird/code-implementation:/usr/share/lilypond/2.22.1/ly:/usr/share/lilypond/2.22.1/ps:/usr/share/lilypond/2.22.1/scm:/usr/share/lilypond/2.22.1/fonts/otf/:/usr/share/lilypond/2.22.1/fonts/type1/:/usr/share/lilypond/2.22.1/fonts/svg/:')
    \include 
             "../rh/gp-02-rh-80.ly"
/tmp/tmpchrm5375/2024-03-28T12-29-07-231207-e4fc2f5.ly:96:14: error: cannot find file: `../rh/gp-02-rh-258.ly'
(search path: `/tmp/tmpchrm5375:/home/user/GitHub/Artyfyshall-Bird/code-implementation:/usr/share/lilypond/2.22.1/ly:/usr/share/lilypond/2.22.1/ps:/usr/share/lilypond/2.22.1/scm:/usr/share/lilypond/2.22.1/fonts/otf/:/usr/share/lilypond/2.22.1/fonts/type1/:/usr/share/lilypond/2.22.1/fonts/svg/:')
    \include 
             "../rh/gp-02-rh-258.ly"
/tmp/tmpchrm5375/2024-03-28T12-29-07-231207-e4fc2f5.ly:97:14: error: cannot find file: `../rh/gp-02-rh-250.ly'
(search path: `/tmp/tmpchrm5375:/home/user/GitHub/Artyfyshall-Bird/code-implementation:/usr/share/lilypond/2.22.1/ly:/usr/share/lilypond/2.22.1/ps:/usr/share/lilypond/2.22.1/scm:/usr/share/lilypond/2.22.1/fonts/otf/:/usr/share/lilypond/2.22.1/fonts/type1/:/usr/share/lilypond/2.22.1/fonts/svg/:')
    \include 
             "../rh/gp-02-rh-250.ly"
/tmp/tmpchrm5375/2024-03-28T12-29-07-231207-e4fc2f5.ly:98:14: error: cannot find file: `../rh/gp-02-rh-115.ly'
(search path: `/tmp/tmpchrm5375:/home/user/GitHub/Artyfyshall-Bird/code-implementation:/usr/share/lilypond/2.22.1/ly:/usr/share/lilypond/2.22.1/ps:/usr/share/lilypond/2.22.1/scm:/usr/share/lilypond/2.22.1/fonts/otf/:/usr/share/lilypond/2.22.1/fonts/type1/:/usr/share/lilypond/2.22.1/fonts/svg/:')
    \include 
             "../rh/gp-02-rh-115.ly"
/tmp/tmpchrm5375/2024-03-28T12-29-07-231207-e4fc2f5.ly:99:14: error: cannot find file: `../rh/gp-02-rh-124.ly'
(search path: `/tmp/tmpchrm5375:/home/user/GitHub/Artyfyshall-Bird/code-implementation:/usr/share/lilypond/2.22.1/ly:/usr/share/lilypond/2.22.1/ps:/usr/share/lilypond/2.22.1/scm:/usr/share/lilypond/2.22.1/fonts/otf/:/usr/share/lilypond/2.22.1/fonts/type1/:/usr/share/lilypond/2.22.1/fonts/svg/:')
    \include 
             "../rh/gp-02-rh-124.ly"
/tmp/tmpchrm5375/2024-03-28T12-29-07-231207-e4fc2f5.ly:100:14: error: cannot find file: `../rh/gp-02-rh-170.ly'
(search path: `/tmp/tmpchrm5375:/home/user/GitHub/Artyfyshall-Bird/code-implementation:/usr/share/lilypond/2.22.1/ly:/usr/share/lilypond/2.22.1/ps:/usr/share/lilypond/2.22.1/scm:/usr/share/lilypond/2.22.1/fonts/otf/:/usr/share/lilypond/2.22.1/fonts/type1/:/usr/share/lilypond/2.22.1/fonts/svg/:')
    \include 
             "../rh/gp-02-rh-170.ly"
/tmp/tmpchrm5375/2024-03-28T12-29-07-231207-e4fc2f5.ly:101:14: error: cannot find file: `../rh/gp-02-rh-117.ly'
(search path: `/tmp/tmpchrm5375:/home/user/GitHub/Artyfyshall-Bird/code-implementation:/usr/share/lilypond/2.22.1/ly:/usr/share/lilypond/2.22.1/ps:/usr/share/lilypond/2.22.1/scm:/usr/share/lilypond/2.22.1/fonts/otf/:/usr/share/lilypond/2.22.1/fonts/type1/:/usr/share/lilypond/2.22.1/fonts/svg/:')
    \include 
             "../rh/gp-02-rh-117.ly"
/tmp/tmpchrm5375/2024-03-28T12-29-07-231207-e4fc2f5.ly:102:14: error: cannot find file: `../rh/gp-02-rh-237.ly'
(search path: `/tmp/tmpchrm5375:/home/user/GitHub/Artyfyshall-Bird/code-implementation:/usr/share/lilypond/2.22.1/ly:/usr/share/lilypond/2.22.1/ps:/usr/share/lilypond/2.22.1/scm:/usr/share/lilypond/2.22.1/fonts/otf/:/usr/share/lilypond/2.22.1/fonts/type1/:/usr/share/lilypond/2.22.1/fonts/svg/:')
    \include 
             "../rh/gp-02-rh-237.ly"
/tmp/tmpchrm5375/2024-03-28T12-29-07-231207-e4fc2f5.ly:105:14: error: cannot find file: `../bassline_option.ly'
(search path: `/tmp/tmpchrm5375:/home/user/GitHub/Artyfyshall-Bird/code-implementation:/usr/share/lilypond/2.22.1/ly:/usr/share/lilypond/2.22.1/ps:/usr/share/lilypond/2.22.1/scm:/usr/share/lilypond/2.22.1/fonts/otf/:/usr/share/lilypond/2.22.1/fonts/type1/:/usr/share/lilypond/2.22.1/fonts/svg/:')
    \include 
             "../bassline_option.ly"
/tmp/tmpchrm5375/2024-03-28T12-29-07-231207-e4fc2f5.ly:106:14: error: cannot find file: `../lh/gp-02-lh-42.ly'
(search path: `/tmp/tmpchrm5375:/home/user/GitHub/Artyfyshall-Bird/code-implementation:/usr/share/lilypond/2.22.1/ly:/usr/share/lilypond/2.22.1/ps:/usr/share/lilypond/2.22.1/scm:/usr/share/lilypond/2.22.1/fonts/otf/:/usr/share/lilypond/2.22.1/fonts/type1/:/usr/share/lilypond/2.22.1/fonts/svg/:')
    \include 
             "../lh/gp-02-lh-42.ly"
/tmp/tmpchrm5375/2024-03-28T12-29-07-231207-e4fc2f5.ly:107:14: error: cannot find file: `../lh/gp-02-lh-206.ly'
(search path: `/tmp/tmpchrm5375:/home/user/GitHub/Artyfyshall-Bird/code-implementation:/usr/share/lilypond/2.22.1/ly:/usr/share/lilypond/2.22.1/ps:/usr/share/lilypond/2.22.1/scm:/usr/share/lilypond/2.22.1/fonts/otf/:/usr/share/lilypond/2.22.1/fonts/type1/:/usr/share/lilypond/2.22.1/fonts/svg/:')
    \include 
             "../lh/gp-02-lh-206.ly"
/tmp/tmpchrm5375/2024-03-28T12-29-07-231207-e4fc2f5.ly:108:14: error: cannot find file: `../lh/gp-02-lh-69.ly'
(search path: `/tmp/tmpchrm5375:/home/user/GitHub/Artyfyshall-Bird/code-implementation:/usr/share/lilypond/2.22.1/ly:/usr/share/lilypond/2.22.1/ps:/usr/share/lilypond/2.22.1/scm:/usr/share/lilypond/2.22.1/fonts/otf/:/usr/share/lilypond/2.22.1/fonts/type1/:/usr/share/lilypond/2.22.1/fonts/svg/:')
    \include 
             "../lh/gp-02-lh-69.ly"
/tmp/tmpchrm5375/2024-03-28T12-29-07-231207-e4fc2f5.ly:109:14: error: cannot find file: `../lh/gp-02-lh-143.ly'
(search path: `/tmp/tmpchrm5375:/home/user/GitHub/Artyfyshall-Bird/code-implementation:/usr/share/lilypond/2.22.1/ly:/usr/share/lilypond/2.22.1/ps:/usr/share/lilypond/2.22.1/scm:/usr/share/lilypond/2.22.1/fonts/otf/:/usr/share/lilypond/2.22.1/fonts/type1/:/usr/share/lilypond/2.22.1/fonts/svg/:')
    \include 
             "../lh/gp-02-lh-143.ly"
/tmp/tmpchrm5375/2024-03-28T12-29-07-231207-e4fc2f5.ly:110:14: error: cannot find file: `../lh/gp-02-lh-212.ly'
(search path: `/tmp/tmpchrm5375:/home/user/GitHub/Artyfyshall-Bird/code-implementation:/usr/share/lilypond/2.22.1/ly:/usr/share/lilypond/2.22.1/ps:/usr/share/lilypond/2.22.1/scm:/usr/share/lilypond/2.22.1/fonts/otf/:/usr/share/lilypond/2.22.1/fonts/type1/:/usr/share/lilypond/2.22.1/fonts/svg/:')
    \include 
             "../lh/gp-02-lh-212.ly"
/tmp/tmpchrm5375/2024-03-28T12-29-07-231207-e4fc2f5.ly:111:14: error: cannot find file: `../lh/gp-02-lh-216.ly'
(search path: `/tmp/tmpchrm5375:/home/user/GitHub/Artyfyshall-Bird/code-implementation:/usr/share/lilypond/2.22.1/ly:/usr/share/lilypond/2.22.1/ps:/usr/share/lilypond/2.22.1/scm:/usr/share/lilypond/2.22.1/fonts/otf/:/usr/share/lilypond/2.22.1/fonts/type1/:/usr/share/lilypond/2.22.1/fonts/svg/:')
    \include 
             "../lh/gp-02-lh-216.ly"
/tmp/tmpchrm5375/2024-03-28T12-29-07-231207-e4fc2f5.ly:112:14: error: cannot find file: `../lh/gp-02-lh-63.ly'
(search path: `/tmp/tmpchrm5375:/home/user/GitHub/Artyfyshall-Bird/code-implementation:/usr/share/lilypond/2.22.1/ly:/usr/share/lilypond/2.22.1/ps:/usr/share/lilypond/2.22.1/scm:/usr/share/lilypond/2.22.1/fonts/otf/:/usr/share/lilypond/2.22.1/fonts/type1/:/usr/share/lilypond/2.22.1/fonts/svg/:')
    \include 
             "../lh/gp-02-lh-63.ly"
/tmp/tmpchrm5375/2024-03-28T12-29-07-231207-e4fc2f5.ly:113:14: error: cannot find file: `../lh/gp-02-lh-92.ly'
(search path: `/tmp/tmpchrm5375:/home/user/GitHub/Artyfyshall-Bird/code-implementation:/usr/share/lilypond/2.22.1/ly:/usr/share/lilypond/2.22.1/ps:/usr/share/lilypond/2.22.1/scm:/usr/share/lilypond/2.22.1/fonts/otf/:/usr/share/lilypond/2.22.1/fonts/type1/:/usr/share/lilypond/2.22.1/fonts/svg/:')
    \include 
             "../lh/gp-02-lh-92.ly"
/tmp/tmpchrm5375/2024-03-28T12-29-07-231207-e4fc2f5.ly:114:14: error: cannot find file: `../lh/gp-02-lh-239.ly'
(search path: `/tmp/tmpchrm5375:/home/user/GitHub/Artyfyshall-Bird/code-implementation:/usr/share/lilypond/2.22.1/ly:/usr/share/lilypond/2.22.1/ps:/usr/share/lilypond/2.22.1/scm:/usr/share/lilypond/2.22.1/fonts/otf/:/usr/share/lilypond/2.22.1/fonts/type1/:/usr/share/lilypond/2.22.1/fonts/svg/:')
    \include 
             "../lh/gp-02-lh-239.ly"
/tmp/tmpchrm5375/2024-03-28T12-29-07-231207-e4fc2f5.ly:115:14: error: cannot find file: `../lh/gp-02-lh-192.ly'
(search path: `/tmp/tmpchrm5375:/home/user/GitHub/Artyfyshall-Bird/code-implementation:/usr/share/lilypond/2.22.1/ly:/usr/share/lilypond/2.22.1/ps:/usr/share/lilypond/2.22.1/scm:/usr/share/lilypond/2.22.1/fonts/otf/:/usr/share/lilypond/2.22.1/fonts/type1/:/usr/share/lilypond/2.22.1/fonts/svg/:')
    \include 
             "../lh/gp-02-lh-192.ly"
/tmp/tmpchrm5375/2024-03-28T12-29-07-231207-e4fc2f5.ly:116:14: error: cannot find file: `../lh/gp-02-lh-243.ly'
(search path: `/tmp/tmpchrm5375:/home/user/GitHub/Artyfyshall-Bird/code-implementation:/usr/share/lilypond/2.22.1/ly:/usr/share/lilypond/2.22.1/ps:/usr/share/lilypond/2.22.1/scm:/usr/share/lilypond/2.22.1/fonts/otf/:/usr/share/lilypond/2.22.1/fonts/type1/:/usr/share/lilypond/2.22.1/fonts/svg/:')
    \include 
             "../lh/gp-02-lh-243.ly"
/tmp/tmpchrm5375/2024-03-28T12-29-07-231207-e4fc2f5.ly:117:14: error: cannot find file: `../lh/gp-02-lh-256.ly'
(search path: `/tmp/tmpchrm5375:/home/user/GitHub/Artyfyshall-Bird/code-implementation:/usr/share/lilypond/2.22.1/ly:/usr/share/lilypond/2.22.1/ps:/usr/share/lilypond/2.22.1/scm:/usr/share/lilypond/2.22.1/fonts/otf/:/usr/share/lilypond/2.22.1/fonts/type1/:/usr/share/lilypond/2.22.1/fonts/svg/:')
    \include 
             "../lh/gp-02-lh-256.ly"
/tmp/tmpchrm5375/2024-03-28T12-29-07-231207-e4fc2f5.ly:118:14: error: cannot find file: `../lh/gp-02-lh-134.ly'
(search path: `/tmp/tmpchrm5375:/home/user/GitHub/Artyfyshall-Bird/code-implementation:/usr/share/lilypond/2.22.1/ly:/usr/share/lilypond/2.22.1/ps:/usr/share/lilypond/2.22.1/scm:/usr/share/lilypond/2.22.1/fonts/otf/:/usr/share/lilypond/2.22.1/fonts/type1/:/usr/share/lilypond/2.22.1/fonts/svg/:')
    \include 
             "../lh/gp-02-lh-134.ly"
/tmp/tmpchrm5375/2024-03-28T12-29-07-231207-e4fc2f5.ly:119:14: error: cannot find file: `../lh/gp-02-lh-4.ly'
(search path: `/tmp/tmpchrm5375:/home/user/GitHub/Artyfyshall-Bird/code-implementation:/usr/share/lilypond/2.22.1/ly:/usr/share/lilypond/2.22.1/ps:/usr/share/lilypond/2.22.1/scm:/usr/share/lilypond/2.22.1/fonts/otf/:/usr/share/lilypond/2.22.1/fonts/type1/:/usr/share/lilypond/2.22.1/fonts/svg/:')
    \include 
             "../lh/gp-02-lh-4.ly"
/tmp/tmpchrm5375/2024-03-28T12-29-07-231207-e4fc2f5.ly:120:14: error: cannot find file: `../lh/gp-02-lh-120.ly'
(search path: `/tmp/tmpchrm5375:/home/user/GitHub/Artyfyshall-Bird/code-implementation:/usr/share/lilypond/2.22.1/ly:/usr/share/lilypond/2.22.1/ps:/usr/share/lilypond/2.22.1/scm:/usr/share/lilypond/2.22.1/fonts/otf/:/usr/share/lilypond/2.22.1/fonts/type1/:/usr/share/lilypond/2.22.1/fonts/svg/:')
    \include 
             "../lh/gp-02-lh-120.ly"
/tmp/tmpchrm5375/2024-03-28T12-29-07-231207-e4fc2f5.ly:121:14: error: cannot find file: `../lh/gp-02-lh-41.ly'
(search path: `/tmp/tmpchrm5375:/home/user/GitHub/Artyfyshall-Bird/code-implementation:/usr/share/lilypond/2.22.1/ly:/usr/share/lilypond/2.22.1/ps:/usr/share/lilypond/2.22.1/scm:/usr/share/lilypond/2.22.1/fonts/otf/:/usr/share/lilypond/2.22.1/fonts/type1/:/usr/share/lilypond/2.22.1/fonts/svg/:')
    \include 
             "../lh/gp-02-lh-41.ly"
/tmp/tmpchrm5375/2024-03-28T12-29-07-231207-e4fc2f5.ly:122:14: error: cannot find file: `../lh/gp-02-lh-80.ly'
(search path: `/tmp/tmpchrm5375:/home/user/GitHub/Artyfyshall-Bird/code-implementation:/usr/share/lilypond/2.22.1/ly:/usr/share/lilypond/2.22.1/ps:/usr/share/lilypond/2.22.1/scm:/usr/share/lilypond/2.22.1/fonts/otf/:/usr/share/lilypond/2.22.1/fonts/type1/:/usr/share/lilypond/2.22.1/fonts/svg/:')
    \include 
             "../lh/gp-02-lh-80.ly"
/tmp/tmpchrm5375/2024-03-28T12-29-07-231207-e4fc2f5.ly:123:14: error: cannot find file: `../lh/gp-02-lh-258.ly'
(search path: `/tmp/tmpchrm5375:/home/user/GitHub/Artyfyshall-Bird/code-implementation:/usr/share/lilypond/2.22.1/ly:/usr/share/lilypond/2.22.1/ps:/usr/share/lilypond/2.22.1/scm:/usr/share/lilypond/2.22.1/fonts/otf/:/usr/share/lilypond/2.22.1/fonts/type1/:/usr/share/lilypond/2.22.1/fonts/svg/:')
    \include 
             "../lh/gp-02-lh-258.ly"
/tmp/tmpchrm5375/2024-03-28T12-29-07-231207-e4fc2f5.ly:124:14: error: cannot find file: `../lh/gp-02-lh-250.ly'
(search path: `/tmp/tmpchrm5375:/home/user/GitHub/Artyfyshall-Bird/code-implementation:/usr/share/lilypond/2.22.1/ly:/usr/share/lilypond/2.22.1/ps:/usr/share/lilypond/2.22.1/scm:/usr/share/lilypond/2.22.1/fonts/otf/:/usr/share/lilypond/2.22.1/fonts/type1/:/usr/share/lilypond/2.22.1/fonts/svg/:')
    \include 
             "../lh/gp-02-lh-250.ly"
/tmp/tmpchrm5375/2024-03-28T12-29-07-231207-e4fc2f5.ly:125:14: error: cannot find file: `../lh/gp-02-lh-115.ly'
(search path: `/tmp/tmpchrm5375:/home/user/GitHub/Artyfyshall-Bird/code-implementation:/usr/share/lilypond/2.22.1/ly:/usr/share/lilypond/2.22.1/ps:/usr/share/lilypond/2.22.1/scm:/usr/share/lilypond/2.22.1/fonts/otf/:/usr/share/lilypond/2.22.1/fonts/type1/:/usr/share/lilypond/2.22.1/fonts/svg/:')
    \include 
             "../lh/gp-02-lh-115.ly"
/tmp/tmpchrm5375/2024-03-28T12-29-07-231207-e4fc2f5.ly:126:14: error: cannot find file: `../lh/gp-02-lh-124.ly'
(search path: `/tmp/tmpchrm5375:/home/user/GitHub/Artyfyshall-Bird/code-implementation:/usr/share/lilypond/2.22.1/ly:/usr/share/lilypond/2.22.1/ps:/usr/share/lilypond/2.22.1/scm:/usr/share/lilypond/2.22.1/fonts/otf/:/usr/share/lilypond/2.22.1/fonts/type1/:/usr/share/lilypond/2.22.1/fonts/svg/:')
    \include 
             "../lh/gp-02-lh-124.ly"
/tmp/tmpchrm5375/2024-03-28T12-29-07-231207-e4fc2f5.ly:127:14: error: cannot find file: `../lh/gp-02-lh-170.ly'
(search path: `/tmp/tmpchrm5375:/home/user/GitHub/Artyfyshall-Bird/code-implementation:/usr/share/lilypond/2.22.1/ly:/usr/share/lilypond/2.22.1/ps:/usr/share/lilypond/2.22.1/scm:/usr/share/lilypond/2.22.1/fonts/otf/:/usr/share/lilypond/2.22.1/fonts/type1/:/usr/share/lilypond/2.22.1/fonts/svg/:')
    \include 
             "../lh/gp-02-lh-170.ly"
/tmp/tmpchrm5375/2024-03-28T12-29-07-231207-e4fc2f5.ly:128:14: error: cannot find file: `../lh/gp-02-lh-117.ly'
(search path: `/tmp/tmpchrm5375:/home/user/GitHub/Artyfyshall-Bird/code-implementation:/usr/share/lilypond/2.22.1/ly:/usr/share/lilypond/2.22.1/ps:/usr/share/lilypond/2.22.1/scm:/usr/share/lilypond/2.22.1/fonts/otf/:/usr/share/lilypond/2.22.1/fonts/type1/:/usr/share/lilypond/2.22.1/fonts/svg/:')
    \include 
             "../lh/gp-02-lh-117.ly"
/tmp/tmpchrm5375/2024-03-28T12-29-07-231207-e4fc2f5.ly:129:14: error: cannot find file: `../lh/gp-02-lh-237.ly'
(search path: `/tmp/tmpchrm5375:/home/user/GitHub/Artyfyshall-Bird/code-implementation:/usr/share/lilypond/2.22.1/ly:/usr/share/lilypond/2.22.1/ps:/usr/share/lilypond/2.22.1/scm:/usr/share/lilypond/2.22.1/fonts/otf/:/usr/share/lilypond/2.22.1/fonts/type1/:/usr/share/lilypond/2.22.1/fonts/svg/:')
    \include 
             "../lh/gp-02-lh-237.ly"
/tmp/tmpchrm5375/2024-03-28T12-29-07-231207-e4fc2f5.ly:134:14: error: cannot find file: `../layout_settings.ly'
(search path: `/tmp/tmpchrm5375:/home/user/GitHub/Artyfyshall-Bird/code-implementation:/usr/share/lilypond/2.22.1/ly:/usr/share/lilypond/2.22.1/ps:/usr/share/lilypond/2.22.1/scm:/usr/share/lilypond/2.22.1/fonts/otf/:/usr/share/lilypond/2.22.1/fonts/type1/:/usr/share/lilypond/2.22.1/fonts/svg/:')
    \include 
             "../layout_settings.ly"
/tmp/tmpchrm5375/2024-03-28T12-29-07-231207-e4fc2f5.ly:1: warning: no \version statement found, please add

\version "2.22.1"

for future compatibility
Interpreting music...
/tmp/tmpchrm5375/2024-03-28T12-29-07-231207-e4fc2f5.ly:8:5: warning: skipping zero-duration score
    
    <<
/tmp/tmpchrm5375/2024-03-28T12-29-07-231207-e4fc2f5.ly:8:5: warning: to suppress this, consider adding a spacer rest
    
    <<
fatal error: failed files: "/tmp/tmpchrm5375/2024-03-28T12-29-07-231207-e4fc2f5.ly"
