GNU LilyPond 2.22.1
Changing working directory to: `/tmp/tmpogmb6qtz'
Processing `/tmp/tmpogmb6qtz/2024-07-15T14-14-42-285099-e543f7f.ly'
Parsing...
/tmp/tmpogmb6qtz/2024-07-15T14-14-42-285099-e543f7f.ly:1:10: error: cannot find file: `../paper_settings.ly'
(search path: `/tmp/tmpogmb6qtz:/home/user/GitHub/Artyfyshall-Bird/code-implementation:/usr/share/lilypond/2.22.1/ly:/usr/share/lilypond/2.22.1/ps:/usr/share/lilypond/2.22.1/scm:/usr/share/lilypond/2.22.1/fonts/otf/:/usr/share/lilypond/2.22.1/fonts/type1/:/usr/share/lilypond/2.22.1/fonts/svg/:')
\include 
         "../paper_settings.ly" 
/tmp/tmpogmb6qtz/2024-07-15T14-14-42-285099-e543f7f.ly:15:14: error: cannot find file: `../voice_option.ly'
(search path: `/tmp/tmpogmb6qtz:/home/user/GitHub/Artyfyshall-Bird/code-implementation:/usr/share/lilypond/2.22.1/ly:/usr/share/lilypond/2.22.1/ps:/usr/share/lilypond/2.22.1/scm:/usr/share/lilypond/2.22.1/fonts/otf/:/usr/share/lilypond/2.22.1/fonts/type1/:/usr/share/lilypond/2.22.1/fonts/svg/:')
    \include 
             "../voice_option.ly"
/tmp/tmpogmb6qtz/2024-07-15T14-14-42-285099-e543f7f.ly:16:14: error: cannot find file: `../vc1/gp-02-vc1-40.ly'
(search path: `/tmp/tmpogmb6qtz:/home/user/GitHub/Artyfyshall-Bird/code-implementation:/usr/share/lilypond/2.22.1/ly:/usr/share/lilypond/2.22.1/ps:/usr/share/lilypond/2.22.1/scm:/usr/share/lilypond/2.22.1/fonts/otf/:/usr/share/lilypond/2.22.1/fonts/type1/:/usr/share/lilypond/2.22.1/fonts/svg/:')
    \include 
             "../vc1/gp-02-vc1-40.ly"
/tmp/tmpogmb6qtz/2024-07-15T14-14-42-285099-e543f7f.ly:17:14: error: cannot find file: `../vc1/gp-02-vc1-148.ly'
(search path: `/tmp/tmpogmb6qtz:/home/user/GitHub/Artyfyshall-Bird/code-implementation:/usr/share/lilypond/2.22.1/ly:/usr/share/lilypond/2.22.1/ps:/usr/share/lilypond/2.22.1/scm:/usr/share/lilypond/2.22.1/fonts/otf/:/usr/share/lilypond/2.22.1/fonts/type1/:/usr/share/lilypond/2.22.1/fonts/svg/:')
    \include 
             "../vc1/gp-02-vc1-148.ly"
/tmp/tmpogmb6qtz/2024-07-15T14-14-42-285099-e543f7f.ly:18:14: error: cannot find file: `../vc1/gp-02-vc1-8.ly'
(search path: `/tmp/tmpogmb6qtz:/home/user/GitHub/Artyfyshall-Bird/code-implementation:/usr/share/lilypond/2.22.1/ly:/usr/share/lilypond/2.22.1/ps:/usr/share/lilypond/2.22.1/scm:/usr/share/lilypond/2.22.1/fonts/otf/:/usr/share/lilypond/2.22.1/fonts/type1/:/usr/share/lilypond/2.22.1/fonts/svg/:')
    \include 
             "../vc1/gp-02-vc1-8.ly"
/tmp/tmpogmb6qtz/2024-07-15T14-14-42-285099-e543f7f.ly:19:14: error: cannot find file: `../vc1/gp-02-vc1-83.ly'
(search path: `/tmp/tmpogmb6qtz:/home/user/GitHub/Artyfyshall-Bird/code-implementation:/usr/share/lilypond/2.22.1/ly:/usr/share/lilypond/2.22.1/ps:/usr/share/lilypond/2.22.1/scm:/usr/share/lilypond/2.22.1/fonts/otf/:/usr/share/lilypond/2.22.1/fonts/type1/:/usr/share/lilypond/2.22.1/fonts/svg/:')
    \include 
             "../vc1/gp-02-vc1-83.ly"
/tmp/tmpogmb6qtz/2024-07-15T14-14-42-285099-e543f7f.ly:20:14: error: cannot find file: `../vc1/gp-02-vc1-168.ly'
(search path: `/tmp/tmpogmb6qtz:/home/user/GitHub/Artyfyshall-Bird/code-implementation:/usr/share/lilypond/2.22.1/ly:/usr/share/lilypond/2.22.1/ps:/usr/share/lilypond/2.22.1/scm:/usr/share/lilypond/2.22.1/fonts/otf/:/usr/share/lilypond/2.22.1/fonts/type1/:/usr/share/lilypond/2.22.1/fonts/svg/:')
    \include 
             "../vc1/gp-02-vc1-168.ly"
/tmp/tmpogmb6qtz/2024-07-15T14-14-42-285099-e543f7f.ly:21:14: error: cannot find file: `../vc1/gp-02-vc1-54.ly'
(search path: `/tmp/tmpogmb6qtz:/home/user/GitHub/Artyfyshall-Bird/code-implementation:/usr/share/lilypond/2.22.1/ly:/usr/share/lilypond/2.22.1/ps:/usr/share/lilypond/2.22.1/scm:/usr/share/lilypond/2.22.1/fonts/otf/:/usr/share/lilypond/2.22.1/fonts/type1/:/usr/share/lilypond/2.22.1/fonts/svg/:')
    \include 
             "../vc1/gp-02-vc1-54.ly"
/tmp/tmpogmb6qtz/2024-07-15T14-14-42-285099-e543f7f.ly:22:14: error: cannot find file: `../vc1/gp-02-vc1-63.ly'
(search path: `/tmp/tmpogmb6qtz:/home/user/GitHub/Artyfyshall-Bird/code-implementation:/usr/share/lilypond/2.22.1/ly:/usr/share/lilypond/2.22.1/ps:/usr/share/lilypond/2.22.1/scm:/usr/share/lilypond/2.22.1/fonts/otf/:/usr/share/lilypond/2.22.1/fonts/type1/:/usr/share/lilypond/2.22.1/fonts/svg/:')
    \include 
             "../vc1/gp-02-vc1-63.ly"
/tmp/tmpogmb6qtz/2024-07-15T14-14-42-285099-e543f7f.ly:23:14: error: cannot find file: `../vc1/gp-02-vc1-190.ly'
(search path: `/tmp/tmpogmb6qtz:/home/user/GitHub/Artyfyshall-Bird/code-implementation:/usr/share/lilypond/2.22.1/ly:/usr/share/lilypond/2.22.1/ps:/usr/share/lilypond/2.22.1/scm:/usr/share/lilypond/2.22.1/fonts/otf/:/usr/share/lilypond/2.22.1/fonts/type1/:/usr/share/lilypond/2.22.1/fonts/svg/:')
    \include 
             "../vc1/gp-02-vc1-190.ly"
/tmp/tmpogmb6qtz/2024-07-15T14-14-42-285099-e543f7f.ly:24:14: error: cannot find file: `../vc1/gp-02-vc1-135.ly'
(search path: `/tmp/tmpogmb6qtz:/home/user/GitHub/Artyfyshall-Bird/code-implementation:/usr/share/lilypond/2.22.1/ly:/usr/share/lilypond/2.22.1/ps:/usr/share/lilypond/2.22.1/scm:/usr/share/lilypond/2.22.1/fonts/otf/:/usr/share/lilypond/2.22.1/fonts/type1/:/usr/share/lilypond/2.22.1/fonts/svg/:')
    \include 
             "../vc1/gp-02-vc1-135.ly"
/tmp/tmpogmb6qtz/2024-07-15T14-14-42-285099-e543f7f.ly:25:14: error: cannot find file: `../vc1/gp-02-vc1-139.ly'
(search path: `/tmp/tmpogmb6qtz:/home/user/GitHub/Artyfyshall-Bird/code-implementation:/usr/share/lilypond/2.22.1/ly:/usr/share/lilypond/2.22.1/ps:/usr/share/lilypond/2.22.1/scm:/usr/share/lilypond/2.22.1/fonts/otf/:/usr/share/lilypond/2.22.1/fonts/type1/:/usr/share/lilypond/2.22.1/fonts/svg/:')
    \include 
             "../vc1/gp-02-vc1-139.ly"
/tmp/tmpogmb6qtz/2024-07-15T14-14-42-285099-e543f7f.ly:26:14: error: cannot find file: `../vc1/gp-02-vc1-34.ly'
(search path: `/tmp/tmpogmb6qtz:/home/user/GitHub/Artyfyshall-Bird/code-implementation:/usr/share/lilypond/2.22.1/ly:/usr/share/lilypond/2.22.1/ps:/usr/share/lilypond/2.22.1/scm:/usr/share/lilypond/2.22.1/fonts/otf/:/usr/share/lilypond/2.22.1/fonts/type1/:/usr/share/lilypond/2.22.1/fonts/svg/:')
    \include 
             "../vc1/gp-02-vc1-34.ly"
/tmp/tmpogmb6qtz/2024-07-15T14-14-42-285099-e543f7f.ly:27:14: error: cannot find file: `../vc1/gp-02-vc1-52.ly'
(search path: `/tmp/tmpogmb6qtz:/home/user/GitHub/Artyfyshall-Bird/code-implementation:/usr/share/lilypond/2.22.1/ly:/usr/share/lilypond/2.22.1/ps:/usr/share/lilypond/2.22.1/scm:/usr/share/lilypond/2.22.1/fonts/otf/:/usr/share/lilypond/2.22.1/fonts/type1/:/usr/share/lilypond/2.22.1/fonts/svg/:')
    \include 
             "../vc1/gp-02-vc1-52.ly"
/tmp/tmpogmb6qtz/2024-07-15T14-14-42-285099-e543f7f.ly:28:14: error: cannot find file: `../vc1/gp-02-vc1-191.ly'
(search path: `/tmp/tmpogmb6qtz:/home/user/GitHub/Artyfyshall-Bird/code-implementation:/usr/share/lilypond/2.22.1/ly:/usr/share/lilypond/2.22.1/ps:/usr/share/lilypond/2.22.1/scm:/usr/share/lilypond/2.22.1/fonts/otf/:/usr/share/lilypond/2.22.1/fonts/type1/:/usr/share/lilypond/2.22.1/fonts/svg/:')
    \include 
             "../vc1/gp-02-vc1-191.ly"
/tmp/tmpogmb6qtz/2024-07-15T14-14-42-285099-e543f7f.ly:29:14: error: cannot find file: `../vc1/gp-02-vc1-78.ly'
(search path: `/tmp/tmpogmb6qtz:/home/user/GitHub/Artyfyshall-Bird/code-implementation:/usr/share/lilypond/2.22.1/ly:/usr/share/lilypond/2.22.1/ps:/usr/share/lilypond/2.22.1/scm:/usr/share/lilypond/2.22.1/fonts/otf/:/usr/share/lilypond/2.22.1/fonts/type1/:/usr/share/lilypond/2.22.1/fonts/svg/:')
    \include 
             "../vc1/gp-02-vc1-78.ly"
/tmp/tmpogmb6qtz/2024-07-15T14-14-42-285099-e543f7f.ly:30:14: error: cannot find file: `../vc1/gp-02-vc1-130.ly'
(search path: `/tmp/tmpogmb6qtz:/home/user/GitHub/Artyfyshall-Bird/code-implementation:/usr/share/lilypond/2.22.1/ly:/usr/share/lilypond/2.22.1/ps:/usr/share/lilypond/2.22.1/scm:/usr/share/lilypond/2.22.1/fonts/otf/:/usr/share/lilypond/2.22.1/fonts/type1/:/usr/share/lilypond/2.22.1/fonts/svg/:')
    \include 
             "../vc1/gp-02-vc1-130.ly"
/tmp/tmpogmb6qtz/2024-07-15T14-14-42-285099-e543f7f.ly:31:14: error: cannot find file: `../vc1/gp-02-vc1-233.ly'
(search path: `/tmp/tmpogmb6qtz:/home/user/GitHub/Artyfyshall-Bird/code-implementation:/usr/share/lilypond/2.22.1/ly:/usr/share/lilypond/2.22.1/ps:/usr/share/lilypond/2.22.1/scm:/usr/share/lilypond/2.22.1/fonts/otf/:/usr/share/lilypond/2.22.1/fonts/type1/:/usr/share/lilypond/2.22.1/fonts/svg/:')
    \include 
             "../vc1/gp-02-vc1-233.ly"
/tmp/tmpogmb6qtz/2024-07-15T14-14-42-285099-e543f7f.ly:32:14: error: cannot find file: `../vc1/gp-02-vc1-172.ly'
(search path: `/tmp/tmpogmb6qtz:/home/user/GitHub/Artyfyshall-Bird/code-implementation:/usr/share/lilypond/2.22.1/ly:/usr/share/lilypond/2.22.1/ps:/usr/share/lilypond/2.22.1/scm:/usr/share/lilypond/2.22.1/fonts/otf/:/usr/share/lilypond/2.22.1/fonts/type1/:/usr/share/lilypond/2.22.1/fonts/svg/:')
    \include 
             "../vc1/gp-02-vc1-172.ly"
/tmp/tmpogmb6qtz/2024-07-15T14-14-42-285099-e543f7f.ly:33:14: error: cannot find file: `../vc1/gp-02-vc1-222.ly'
(search path: `/tmp/tmpogmb6qtz:/home/user/GitHub/Artyfyshall-Bird/code-implementation:/usr/share/lilypond/2.22.1/ly:/usr/share/lilypond/2.22.1/ps:/usr/share/lilypond/2.22.1/scm:/usr/share/lilypond/2.22.1/fonts/otf/:/usr/share/lilypond/2.22.1/fonts/type1/:/usr/share/lilypond/2.22.1/fonts/svg/:')
    \include 
             "../vc1/gp-02-vc1-222.ly"
/tmp/tmpogmb6qtz/2024-07-15T14-14-42-285099-e543f7f.ly:34:14: error: cannot find file: `../vc1/gp-02-vc1-241.ly'
(search path: `/tmp/tmpogmb6qtz:/home/user/GitHub/Artyfyshall-Bird/code-implementation:/usr/share/lilypond/2.22.1/ly:/usr/share/lilypond/2.22.1/ps:/usr/share/lilypond/2.22.1/scm:/usr/share/lilypond/2.22.1/fonts/otf/:/usr/share/lilypond/2.22.1/fonts/type1/:/usr/share/lilypond/2.22.1/fonts/svg/:')
    \include 
             "../vc1/gp-02-vc1-241.ly"
/tmp/tmpogmb6qtz/2024-07-15T14-14-42-285099-e543f7f.ly:35:14: error: cannot find file: `../vc1/gp-02-vc1-123.ly'
(search path: `/tmp/tmpogmb6qtz:/home/user/GitHub/Artyfyshall-Bird/code-implementation:/usr/share/lilypond/2.22.1/ly:/usr/share/lilypond/2.22.1/ps:/usr/share/lilypond/2.22.1/scm:/usr/share/lilypond/2.22.1/fonts/otf/:/usr/share/lilypond/2.22.1/fonts/type1/:/usr/share/lilypond/2.22.1/fonts/svg/:')
    \include 
             "../vc1/gp-02-vc1-123.ly"
/tmp/tmpogmb6qtz/2024-07-15T14-14-42-285099-e543f7f.ly:36:14: error: cannot find file: `../vc1/gp-02-vc1-110.ly'
(search path: `/tmp/tmpogmb6qtz:/home/user/GitHub/Artyfyshall-Bird/code-implementation:/usr/share/lilypond/2.22.1/ly:/usr/share/lilypond/2.22.1/ps:/usr/share/lilypond/2.22.1/scm:/usr/share/lilypond/2.22.1/fonts/otf/:/usr/share/lilypond/2.22.1/fonts/type1/:/usr/share/lilypond/2.22.1/fonts/svg/:')
    \include 
             "../vc1/gp-02-vc1-110.ly"
/tmp/tmpogmb6qtz/2024-07-15T14-14-42-285099-e543f7f.ly:37:14: error: cannot find file: `../vc1/gp-02-vc1-218.ly'
(search path: `/tmp/tmpogmb6qtz:/home/user/GitHub/Artyfyshall-Bird/code-implementation:/usr/share/lilypond/2.22.1/ly:/usr/share/lilypond/2.22.1/ps:/usr/share/lilypond/2.22.1/scm:/usr/share/lilypond/2.22.1/fonts/otf/:/usr/share/lilypond/2.22.1/fonts/type1/:/usr/share/lilypond/2.22.1/fonts/svg/:')
    \include 
             "../vc1/gp-02-vc1-218.ly"
/tmp/tmpogmb6qtz/2024-07-15T14-14-42-285099-e543f7f.ly:38:14: error: cannot find file: `../vc1/gp-02-vc1-151.ly'
(search path: `/tmp/tmpogmb6qtz:/home/user/GitHub/Artyfyshall-Bird/code-implementation:/usr/share/lilypond/2.22.1/ly:/usr/share/lilypond/2.22.1/ps:/usr/share/lilypond/2.22.1/scm:/usr/share/lilypond/2.22.1/fonts/otf/:/usr/share/lilypond/2.22.1/fonts/type1/:/usr/share/lilypond/2.22.1/fonts/svg/:')
    \include 
             "../vc1/gp-02-vc1-151.ly"
/tmp/tmpogmb6qtz/2024-07-15T14-14-42-285099-e543f7f.ly:39:14: error: cannot find file: `../vc1/gp-02-vc1-47.ly'
(search path: `/tmp/tmpogmb6qtz:/home/user/GitHub/Artyfyshall-Bird/code-implementation:/usr/share/lilypond/2.22.1/ly:/usr/share/lilypond/2.22.1/ps:/usr/share/lilypond/2.22.1/scm:/usr/share/lilypond/2.22.1/fonts/otf/:/usr/share/lilypond/2.22.1/fonts/type1/:/usr/share/lilypond/2.22.1/fonts/svg/:')
    \include 
             "../vc1/gp-02-vc1-47.ly"
/tmp/tmpogmb6qtz/2024-07-15T14-14-42-285099-e543f7f.ly:46:14: error: cannot find file: `../voice_option.ly'
(search path: `/tmp/tmpogmb6qtz:/home/user/GitHub/Artyfyshall-Bird/code-implementation:/usr/share/lilypond/2.22.1/ly:/usr/share/lilypond/2.22.1/ps:/usr/share/lilypond/2.22.1/scm:/usr/share/lilypond/2.22.1/fonts/otf/:/usr/share/lilypond/2.22.1/fonts/type1/:/usr/share/lilypond/2.22.1/fonts/svg/:')
    \include 
             "../voice_option.ly"
/tmp/tmpogmb6qtz/2024-07-15T14-14-42-285099-e543f7f.ly:47:14: error: cannot find file: `../vc2/gp-02-vc2-40.ly'
(search path: `/tmp/tmpogmb6qtz:/home/user/GitHub/Artyfyshall-Bird/code-implementation:/usr/share/lilypond/2.22.1/ly:/usr/share/lilypond/2.22.1/ps:/usr/share/lilypond/2.22.1/scm:/usr/share/lilypond/2.22.1/fonts/otf/:/usr/share/lilypond/2.22.1/fonts/type1/:/usr/share/lilypond/2.22.1/fonts/svg/:')
    \include 
             "../vc2/gp-02-vc2-40.ly"
/tmp/tmpogmb6qtz/2024-07-15T14-14-42-285099-e543f7f.ly:48:14: error: cannot find file: `../vc2/gp-02-vc2-148.ly'
(search path: `/tmp/tmpogmb6qtz:/home/user/GitHub/Artyfyshall-Bird/code-implementation:/usr/share/lilypond/2.22.1/ly:/usr/share/lilypond/2.22.1/ps:/usr/share/lilypond/2.22.1/scm:/usr/share/lilypond/2.22.1/fonts/otf/:/usr/share/lilypond/2.22.1/fonts/type1/:/usr/share/lilypond/2.22.1/fonts/svg/:')
    \include 
             "../vc2/gp-02-vc2-148.ly"
/tmp/tmpogmb6qtz/2024-07-15T14-14-42-285099-e543f7f.ly:49:14: error: cannot find file: `../vc2/gp-02-vc2-8.ly'
(search path: `/tmp/tmpogmb6qtz:/home/user/GitHub/Artyfyshall-Bird/code-implementation:/usr/share/lilypond/2.22.1/ly:/usr/share/lilypond/2.22.1/ps:/usr/share/lilypond/2.22.1/scm:/usr/share/lilypond/2.22.1/fonts/otf/:/usr/share/lilypond/2.22.1/fonts/type1/:/usr/share/lilypond/2.22.1/fonts/svg/:')
    \include 
             "../vc2/gp-02-vc2-8.ly"
/tmp/tmpogmb6qtz/2024-07-15T14-14-42-285099-e543f7f.ly:50:14: error: cannot find file: `../vc2/gp-02-vc2-83.ly'
(search path: `/tmp/tmpogmb6qtz:/home/user/GitHub/Artyfyshall-Bird/code-implementation:/usr/share/lilypond/2.22.1/ly:/usr/share/lilypond/2.22.1/ps:/usr/share/lilypond/2.22.1/scm:/usr/share/lilypond/2.22.1/fonts/otf/:/usr/share/lilypond/2.22.1/fonts/type1/:/usr/share/lilypond/2.22.1/fonts/svg/:')
    \include 
             "../vc2/gp-02-vc2-83.ly"
/tmp/tmpogmb6qtz/2024-07-15T14-14-42-285099-e543f7f.ly:51:14: error: cannot find file: `../vc2/gp-02-vc2-168.ly'
(search path: `/tmp/tmpogmb6qtz:/home/user/GitHub/Artyfyshall-Bird/code-implementation:/usr/share/lilypond/2.22.1/ly:/usr/share/lilypond/2.22.1/ps:/usr/share/lilypond/2.22.1/scm:/usr/share/lilypond/2.22.1/fonts/otf/:/usr/share/lilypond/2.22.1/fonts/type1/:/usr/share/lilypond/2.22.1/fonts/svg/:')
    \include 
             "../vc2/gp-02-vc2-168.ly"
/tmp/tmpogmb6qtz/2024-07-15T14-14-42-285099-e543f7f.ly:52:14: error: cannot find file: `../vc2/gp-02-vc2-54.ly'
(search path: `/tmp/tmpogmb6qtz:/home/user/GitHub/Artyfyshall-Bird/code-implementation:/usr/share/lilypond/2.22.1/ly:/usr/share/lilypond/2.22.1/ps:/usr/share/lilypond/2.22.1/scm:/usr/share/lilypond/2.22.1/fonts/otf/:/usr/share/lilypond/2.22.1/fonts/type1/:/usr/share/lilypond/2.22.1/fonts/svg/:')
    \include 
             "../vc2/gp-02-vc2-54.ly"
/tmp/tmpogmb6qtz/2024-07-15T14-14-42-285099-e543f7f.ly:53:14: error: cannot find file: `../vc2/gp-02-vc2-63.ly'
(search path: `/tmp/tmpogmb6qtz:/home/user/GitHub/Artyfyshall-Bird/code-implementation:/usr/share/lilypond/2.22.1/ly:/usr/share/lilypond/2.22.1/ps:/usr/share/lilypond/2.22.1/scm:/usr/share/lilypond/2.22.1/fonts/otf/:/usr/share/lilypond/2.22.1/fonts/type1/:/usr/share/lilypond/2.22.1/fonts/svg/:')
    \include 
             "../vc2/gp-02-vc2-63.ly"
/tmp/tmpogmb6qtz/2024-07-15T14-14-42-285099-e543f7f.ly:54:14: error: cannot find file: `../vc2/gp-02-vc2-190.ly'
(search path: `/tmp/tmpogmb6qtz:/home/user/GitHub/Artyfyshall-Bird/code-implementation:/usr/share/lilypond/2.22.1/ly:/usr/share/lilypond/2.22.1/ps:/usr/share/lilypond/2.22.1/scm:/usr/share/lilypond/2.22.1/fonts/otf/:/usr/share/lilypond/2.22.1/fonts/type1/:/usr/share/lilypond/2.22.1/fonts/svg/:')
    \include 
             "../vc2/gp-02-vc2-190.ly"
/tmp/tmpogmb6qtz/2024-07-15T14-14-42-285099-e543f7f.ly:55:14: error: cannot find file: `../vc2/gp-02-vc2-135.ly'
(search path: `/tmp/tmpogmb6qtz:/home/user/GitHub/Artyfyshall-Bird/code-implementation:/usr/share/lilypond/2.22.1/ly:/usr/share/lilypond/2.22.1/ps:/usr/share/lilypond/2.22.1/scm:/usr/share/lilypond/2.22.1/fonts/otf/:/usr/share/lilypond/2.22.1/fonts/type1/:/usr/share/lilypond/2.22.1/fonts/svg/:')
    \include 
             "../vc2/gp-02-vc2-135.ly"
/tmp/tmpogmb6qtz/2024-07-15T14-14-42-285099-e543f7f.ly:56:14: error: cannot find file: `../vc2/gp-02-vc2-139.ly'
(search path: `/tmp/tmpogmb6qtz:/home/user/GitHub/Artyfyshall-Bird/code-implementation:/usr/share/lilypond/2.22.1/ly:/usr/share/lilypond/2.22.1/ps:/usr/share/lilypond/2.22.1/scm:/usr/share/lilypond/2.22.1/fonts/otf/:/usr/share/lilypond/2.22.1/fonts/type1/:/usr/share/lilypond/2.22.1/fonts/svg/:')
    \include 
             "../vc2/gp-02-vc2-139.ly"
/tmp/tmpogmb6qtz/2024-07-15T14-14-42-285099-e543f7f.ly:57:14: error: cannot find file: `../vc2/gp-02-vc2-34.ly'
(search path: `/tmp/tmpogmb6qtz:/home/user/GitHub/Artyfyshall-Bird/code-implementation:/usr/share/lilypond/2.22.1/ly:/usr/share/lilypond/2.22.1/ps:/usr/share/lilypond/2.22.1/scm:/usr/share/lilypond/2.22.1/fonts/otf/:/usr/share/lilypond/2.22.1/fonts/type1/:/usr/share/lilypond/2.22.1/fonts/svg/:')
    \include 
             "../vc2/gp-02-vc2-34.ly"
/tmp/tmpogmb6qtz/2024-07-15T14-14-42-285099-e543f7f.ly:58:14: error: cannot find file: `../vc2/gp-02-vc2-52.ly'
(search path: `/tmp/tmpogmb6qtz:/home/user/GitHub/Artyfyshall-Bird/code-implementation:/usr/share/lilypond/2.22.1/ly:/usr/share/lilypond/2.22.1/ps:/usr/share/lilypond/2.22.1/scm:/usr/share/lilypond/2.22.1/fonts/otf/:/usr/share/lilypond/2.22.1/fonts/type1/:/usr/share/lilypond/2.22.1/fonts/svg/:')
    \include 
             "../vc2/gp-02-vc2-52.ly"
/tmp/tmpogmb6qtz/2024-07-15T14-14-42-285099-e543f7f.ly:59:14: error: cannot find file: `../vc2/gp-02-vc2-191.ly'
(search path: `/tmp/tmpogmb6qtz:/home/user/GitHub/Artyfyshall-Bird/code-implementation:/usr/share/lilypond/2.22.1/ly:/usr/share/lilypond/2.22.1/ps:/usr/share/lilypond/2.22.1/scm:/usr/share/lilypond/2.22.1/fonts/otf/:/usr/share/lilypond/2.22.1/fonts/type1/:/usr/share/lilypond/2.22.1/fonts/svg/:')
    \include 
             "../vc2/gp-02-vc2-191.ly"
/tmp/tmpogmb6qtz/2024-07-15T14-14-42-285099-e543f7f.ly:60:14: error: cannot find file: `../vc2/gp-02-vc2-78.ly'
(search path: `/tmp/tmpogmb6qtz:/home/user/GitHub/Artyfyshall-Bird/code-implementation:/usr/share/lilypond/2.22.1/ly:/usr/share/lilypond/2.22.1/ps:/usr/share/lilypond/2.22.1/scm:/usr/share/lilypond/2.22.1/fonts/otf/:/usr/share/lilypond/2.22.1/fonts/type1/:/usr/share/lilypond/2.22.1/fonts/svg/:')
    \include 
             "../vc2/gp-02-vc2-78.ly"
/tmp/tmpogmb6qtz/2024-07-15T14-14-42-285099-e543f7f.ly:61:14: error: cannot find file: `../vc2/gp-02-vc2-130.ly'
(search path: `/tmp/tmpogmb6qtz:/home/user/GitHub/Artyfyshall-Bird/code-implementation:/usr/share/lilypond/2.22.1/ly:/usr/share/lilypond/2.22.1/ps:/usr/share/lilypond/2.22.1/scm:/usr/share/lilypond/2.22.1/fonts/otf/:/usr/share/lilypond/2.22.1/fonts/type1/:/usr/share/lilypond/2.22.1/fonts/svg/:')
    \include 
             "../vc2/gp-02-vc2-130.ly"
/tmp/tmpogmb6qtz/2024-07-15T14-14-42-285099-e543f7f.ly:62:14: error: cannot find file: `../vc2/gp-02-vc2-233.ly'
(search path: `/tmp/tmpogmb6qtz:/home/user/GitHub/Artyfyshall-Bird/code-implementation:/usr/share/lilypond/2.22.1/ly:/usr/share/lilypond/2.22.1/ps:/usr/share/lilypond/2.22.1/scm:/usr/share/lilypond/2.22.1/fonts/otf/:/usr/share/lilypond/2.22.1/fonts/type1/:/usr/share/lilypond/2.22.1/fonts/svg/:')
    \include 
             "../vc2/gp-02-vc2-233.ly"
/tmp/tmpogmb6qtz/2024-07-15T14-14-42-285099-e543f7f.ly:63:14: error: cannot find file: `../vc2/gp-02-vc2-172.ly'
(search path: `/tmp/tmpogmb6qtz:/home/user/GitHub/Artyfyshall-Bird/code-implementation:/usr/share/lilypond/2.22.1/ly:/usr/share/lilypond/2.22.1/ps:/usr/share/lilypond/2.22.1/scm:/usr/share/lilypond/2.22.1/fonts/otf/:/usr/share/lilypond/2.22.1/fonts/type1/:/usr/share/lilypond/2.22.1/fonts/svg/:')
    \include 
             "../vc2/gp-02-vc2-172.ly"
/tmp/tmpogmb6qtz/2024-07-15T14-14-42-285099-e543f7f.ly:64:14: error: cannot find file: `../vc2/gp-02-vc2-222.ly'
(search path: `/tmp/tmpogmb6qtz:/home/user/GitHub/Artyfyshall-Bird/code-implementation:/usr/share/lilypond/2.22.1/ly:/usr/share/lilypond/2.22.1/ps:/usr/share/lilypond/2.22.1/scm:/usr/share/lilypond/2.22.1/fonts/otf/:/usr/share/lilypond/2.22.1/fonts/type1/:/usr/share/lilypond/2.22.1/fonts/svg/:')
    \include 
             "../vc2/gp-02-vc2-222.ly"
/tmp/tmpogmb6qtz/2024-07-15T14-14-42-285099-e543f7f.ly:65:14: error: cannot find file: `../vc2/gp-02-vc2-241.ly'
(search path: `/tmp/tmpogmb6qtz:/home/user/GitHub/Artyfyshall-Bird/code-implementation:/usr/share/lilypond/2.22.1/ly:/usr/share/lilypond/2.22.1/ps:/usr/share/lilypond/2.22.1/scm:/usr/share/lilypond/2.22.1/fonts/otf/:/usr/share/lilypond/2.22.1/fonts/type1/:/usr/share/lilypond/2.22.1/fonts/svg/:')
    \include 
             "../vc2/gp-02-vc2-241.ly"
/tmp/tmpogmb6qtz/2024-07-15T14-14-42-285099-e543f7f.ly:66:14: error: cannot find file: `../vc2/gp-02-vc2-123.ly'
(search path: `/tmp/tmpogmb6qtz:/home/user/GitHub/Artyfyshall-Bird/code-implementation:/usr/share/lilypond/2.22.1/ly:/usr/share/lilypond/2.22.1/ps:/usr/share/lilypond/2.22.1/scm:/usr/share/lilypond/2.22.1/fonts/otf/:/usr/share/lilypond/2.22.1/fonts/type1/:/usr/share/lilypond/2.22.1/fonts/svg/:')
    \include 
             "../vc2/gp-02-vc2-123.ly"
/tmp/tmpogmb6qtz/2024-07-15T14-14-42-285099-e543f7f.ly:67:14: error: cannot find file: `../vc2/gp-02-vc2-110.ly'
(search path: `/tmp/tmpogmb6qtz:/home/user/GitHub/Artyfyshall-Bird/code-implementation:/usr/share/lilypond/2.22.1/ly:/usr/share/lilypond/2.22.1/ps:/usr/share/lilypond/2.22.1/scm:/usr/share/lilypond/2.22.1/fonts/otf/:/usr/share/lilypond/2.22.1/fonts/type1/:/usr/share/lilypond/2.22.1/fonts/svg/:')
    \include 
             "../vc2/gp-02-vc2-110.ly"
/tmp/tmpogmb6qtz/2024-07-15T14-14-42-285099-e543f7f.ly:68:14: error: cannot find file: `../vc2/gp-02-vc2-218.ly'
(search path: `/tmp/tmpogmb6qtz:/home/user/GitHub/Artyfyshall-Bird/code-implementation:/usr/share/lilypond/2.22.1/ly:/usr/share/lilypond/2.22.1/ps:/usr/share/lilypond/2.22.1/scm:/usr/share/lilypond/2.22.1/fonts/otf/:/usr/share/lilypond/2.22.1/fonts/type1/:/usr/share/lilypond/2.22.1/fonts/svg/:')
    \include 
             "../vc2/gp-02-vc2-218.ly"
/tmp/tmpogmb6qtz/2024-07-15T14-14-42-285099-e543f7f.ly:69:14: error: cannot find file: `../vc2/gp-02-vc2-151.ly'
(search path: `/tmp/tmpogmb6qtz:/home/user/GitHub/Artyfyshall-Bird/code-implementation:/usr/share/lilypond/2.22.1/ly:/usr/share/lilypond/2.22.1/ps:/usr/share/lilypond/2.22.1/scm:/usr/share/lilypond/2.22.1/fonts/otf/:/usr/share/lilypond/2.22.1/fonts/type1/:/usr/share/lilypond/2.22.1/fonts/svg/:')
    \include 
             "../vc2/gp-02-vc2-151.ly"
/tmp/tmpogmb6qtz/2024-07-15T14-14-42-285099-e543f7f.ly:70:14: error: cannot find file: `../vc2/gp-02-vc2-47.ly'
(search path: `/tmp/tmpogmb6qtz:/home/user/GitHub/Artyfyshall-Bird/code-implementation:/usr/share/lilypond/2.22.1/ly:/usr/share/lilypond/2.22.1/ps:/usr/share/lilypond/2.22.1/scm:/usr/share/lilypond/2.22.1/fonts/otf/:/usr/share/lilypond/2.22.1/fonts/type1/:/usr/share/lilypond/2.22.1/fonts/svg/:')
    \include 
             "../vc2/gp-02-vc2-47.ly"
/tmp/tmpogmb6qtz/2024-07-15T14-14-42-285099-e543f7f.ly:78:14: error: cannot find file: `../voice_option.ly'
(search path: `/tmp/tmpogmb6qtz:/home/user/GitHub/Artyfyshall-Bird/code-implementation:/usr/share/lilypond/2.22.1/ly:/usr/share/lilypond/2.22.1/ps:/usr/share/lilypond/2.22.1/scm:/usr/share/lilypond/2.22.1/fonts/otf/:/usr/share/lilypond/2.22.1/fonts/type1/:/usr/share/lilypond/2.22.1/fonts/svg/:')
    \include 
             "../voice_option.ly"
/tmp/tmpogmb6qtz/2024-07-15T14-14-42-285099-e543f7f.ly:79:14: error: cannot find file: `../rh/gp-02-rh-40.ly'
(search path: `/tmp/tmpogmb6qtz:/home/user/GitHub/Artyfyshall-Bird/code-implementation:/usr/share/lilypond/2.22.1/ly:/usr/share/lilypond/2.22.1/ps:/usr/share/lilypond/2.22.1/scm:/usr/share/lilypond/2.22.1/fonts/otf/:/usr/share/lilypond/2.22.1/fonts/type1/:/usr/share/lilypond/2.22.1/fonts/svg/:')
    \include 
             "../rh/gp-02-rh-40.ly"
/tmp/tmpogmb6qtz/2024-07-15T14-14-42-285099-e543f7f.ly:80:14: error: cannot find file: `../rh/gp-02-rh-148.ly'
(search path: `/tmp/tmpogmb6qtz:/home/user/GitHub/Artyfyshall-Bird/code-implementation:/usr/share/lilypond/2.22.1/ly:/usr/share/lilypond/2.22.1/ps:/usr/share/lilypond/2.22.1/scm:/usr/share/lilypond/2.22.1/fonts/otf/:/usr/share/lilypond/2.22.1/fonts/type1/:/usr/share/lilypond/2.22.1/fonts/svg/:')
    \include 
             "../rh/gp-02-rh-148.ly"
/tmp/tmpogmb6qtz/2024-07-15T14-14-42-285099-e543f7f.ly:81:14: error: cannot find file: `../rh/gp-02-rh-8.ly'
(search path: `/tmp/tmpogmb6qtz:/home/user/GitHub/Artyfyshall-Bird/code-implementation:/usr/share/lilypond/2.22.1/ly:/usr/share/lilypond/2.22.1/ps:/usr/share/lilypond/2.22.1/scm:/usr/share/lilypond/2.22.1/fonts/otf/:/usr/share/lilypond/2.22.1/fonts/type1/:/usr/share/lilypond/2.22.1/fonts/svg/:')
    \include 
             "../rh/gp-02-rh-8.ly"
/tmp/tmpogmb6qtz/2024-07-15T14-14-42-285099-e543f7f.ly:82:14: error: cannot find file: `../rh/gp-02-rh-83.ly'
(search path: `/tmp/tmpogmb6qtz:/home/user/GitHub/Artyfyshall-Bird/code-implementation:/usr/share/lilypond/2.22.1/ly:/usr/share/lilypond/2.22.1/ps:/usr/share/lilypond/2.22.1/scm:/usr/share/lilypond/2.22.1/fonts/otf/:/usr/share/lilypond/2.22.1/fonts/type1/:/usr/share/lilypond/2.22.1/fonts/svg/:')
    \include 
             "../rh/gp-02-rh-83.ly"
/tmp/tmpogmb6qtz/2024-07-15T14-14-42-285099-e543f7f.ly:83:14: error: cannot find file: `../rh/gp-02-rh-168.ly'
(search path: `/tmp/tmpogmb6qtz:/home/user/GitHub/Artyfyshall-Bird/code-implementation:/usr/share/lilypond/2.22.1/ly:/usr/share/lilypond/2.22.1/ps:/usr/share/lilypond/2.22.1/scm:/usr/share/lilypond/2.22.1/fonts/otf/:/usr/share/lilypond/2.22.1/fonts/type1/:/usr/share/lilypond/2.22.1/fonts/svg/:')
    \include 
             "../rh/gp-02-rh-168.ly"
/tmp/tmpogmb6qtz/2024-07-15T14-14-42-285099-e543f7f.ly:84:14: error: cannot find file: `../rh/gp-02-rh-54.ly'
(search path: `/tmp/tmpogmb6qtz:/home/user/GitHub/Artyfyshall-Bird/code-implementation:/usr/share/lilypond/2.22.1/ly:/usr/share/lilypond/2.22.1/ps:/usr/share/lilypond/2.22.1/scm:/usr/share/lilypond/2.22.1/fonts/otf/:/usr/share/lilypond/2.22.1/fonts/type1/:/usr/share/lilypond/2.22.1/fonts/svg/:')
    \include 
             "../rh/gp-02-rh-54.ly"
/tmp/tmpogmb6qtz/2024-07-15T14-14-42-285099-e543f7f.ly:85:14: error: cannot find file: `../rh/gp-02-rh-63.ly'
(search path: `/tmp/tmpogmb6qtz:/home/user/GitHub/Artyfyshall-Bird/code-implementation:/usr/share/lilypond/2.22.1/ly:/usr/share/lilypond/2.22.1/ps:/usr/share/lilypond/2.22.1/scm:/usr/share/lilypond/2.22.1/fonts/otf/:/usr/share/lilypond/2.22.1/fonts/type1/:/usr/share/lilypond/2.22.1/fonts/svg/:')
    \include 
             "../rh/gp-02-rh-63.ly"
/tmp/tmpogmb6qtz/2024-07-15T14-14-42-285099-e543f7f.ly:86:14: error: cannot find file: `../rh/gp-02-rh-190.ly'
(search path: `/tmp/tmpogmb6qtz:/home/user/GitHub/Artyfyshall-Bird/code-implementation:/usr/share/lilypond/2.22.1/ly:/usr/share/lilypond/2.22.1/ps:/usr/share/lilypond/2.22.1/scm:/usr/share/lilypond/2.22.1/fonts/otf/:/usr/share/lilypond/2.22.1/fonts/type1/:/usr/share/lilypond/2.22.1/fonts/svg/:')
    \include 
             "../rh/gp-02-rh-190.ly"
/tmp/tmpogmb6qtz/2024-07-15T14-14-42-285099-e543f7f.ly:87:14: error: cannot find file: `../rh/gp-02-rh-135.ly'
(search path: `/tmp/tmpogmb6qtz:/home/user/GitHub/Artyfyshall-Bird/code-implementation:/usr/share/lilypond/2.22.1/ly:/usr/share/lilypond/2.22.1/ps:/usr/share/lilypond/2.22.1/scm:/usr/share/lilypond/2.22.1/fonts/otf/:/usr/share/lilypond/2.22.1/fonts/type1/:/usr/share/lilypond/2.22.1/fonts/svg/:')
    \include 
             "../rh/gp-02-rh-135.ly"
/tmp/tmpogmb6qtz/2024-07-15T14-14-42-285099-e543f7f.ly:88:14: error: cannot find file: `../rh/gp-02-rh-139.ly'
(search path: `/tmp/tmpogmb6qtz:/home/user/GitHub/Artyfyshall-Bird/code-implementation:/usr/share/lilypond/2.22.1/ly:/usr/share/lilypond/2.22.1/ps:/usr/share/lilypond/2.22.1/scm:/usr/share/lilypond/2.22.1/fonts/otf/:/usr/share/lilypond/2.22.1/fonts/type1/:/usr/share/lilypond/2.22.1/fonts/svg/:')
    \include 
             "../rh/gp-02-rh-139.ly"
/tmp/tmpogmb6qtz/2024-07-15T14-14-42-285099-e543f7f.ly:89:14: error: cannot find file: `../rh/gp-02-rh-34.ly'
(search path: `/tmp/tmpogmb6qtz:/home/user/GitHub/Artyfyshall-Bird/code-implementation:/usr/share/lilypond/2.22.1/ly:/usr/share/lilypond/2.22.1/ps:/usr/share/lilypond/2.22.1/scm:/usr/share/lilypond/2.22.1/fonts/otf/:/usr/share/lilypond/2.22.1/fonts/type1/:/usr/share/lilypond/2.22.1/fonts/svg/:')
    \include 
             "../rh/gp-02-rh-34.ly"
/tmp/tmpogmb6qtz/2024-07-15T14-14-42-285099-e543f7f.ly:90:14: error: cannot find file: `../rh/gp-02-rh-52.ly'
(search path: `/tmp/tmpogmb6qtz:/home/user/GitHub/Artyfyshall-Bird/code-implementation:/usr/share/lilypond/2.22.1/ly:/usr/share/lilypond/2.22.1/ps:/usr/share/lilypond/2.22.1/scm:/usr/share/lilypond/2.22.1/fonts/otf/:/usr/share/lilypond/2.22.1/fonts/type1/:/usr/share/lilypond/2.22.1/fonts/svg/:')
    \include 
             "../rh/gp-02-rh-52.ly"
/tmp/tmpogmb6qtz/2024-07-15T14-14-42-285099-e543f7f.ly:91:14: error: cannot find file: `../rh/gp-02-rh-191.ly'
(search path: `/tmp/tmpogmb6qtz:/home/user/GitHub/Artyfyshall-Bird/code-implementation:/usr/share/lilypond/2.22.1/ly:/usr/share/lilypond/2.22.1/ps:/usr/share/lilypond/2.22.1/scm:/usr/share/lilypond/2.22.1/fonts/otf/:/usr/share/lilypond/2.22.1/fonts/type1/:/usr/share/lilypond/2.22.1/fonts/svg/:')
    \include 
             "../rh/gp-02-rh-191.ly"
/tmp/tmpogmb6qtz/2024-07-15T14-14-42-285099-e543f7f.ly:92:14: error: cannot find file: `../rh/gp-02-rh-78.ly'
(search path: `/tmp/tmpogmb6qtz:/home/user/GitHub/Artyfyshall-Bird/code-implementation:/usr/share/lilypond/2.22.1/ly:/usr/share/lilypond/2.22.1/ps:/usr/share/lilypond/2.22.1/scm:/usr/share/lilypond/2.22.1/fonts/otf/:/usr/share/lilypond/2.22.1/fonts/type1/:/usr/share/lilypond/2.22.1/fonts/svg/:')
    \include 
             "../rh/gp-02-rh-78.ly"
/tmp/tmpogmb6qtz/2024-07-15T14-14-42-285099-e543f7f.ly:93:14: error: cannot find file: `../rh/gp-02-rh-130.ly'
(search path: `/tmp/tmpogmb6qtz:/home/user/GitHub/Artyfyshall-Bird/code-implementation:/usr/share/lilypond/2.22.1/ly:/usr/share/lilypond/2.22.1/ps:/usr/share/lilypond/2.22.1/scm:/usr/share/lilypond/2.22.1/fonts/otf/:/usr/share/lilypond/2.22.1/fonts/type1/:/usr/share/lilypond/2.22.1/fonts/svg/:')
    \include 
             "../rh/gp-02-rh-130.ly"
/tmp/tmpogmb6qtz/2024-07-15T14-14-42-285099-e543f7f.ly:94:14: error: cannot find file: `../rh/gp-02-rh-233.ly'
(search path: `/tmp/tmpogmb6qtz:/home/user/GitHub/Artyfyshall-Bird/code-implementation:/usr/share/lilypond/2.22.1/ly:/usr/share/lilypond/2.22.1/ps:/usr/share/lilypond/2.22.1/scm:/usr/share/lilypond/2.22.1/fonts/otf/:/usr/share/lilypond/2.22.1/fonts/type1/:/usr/share/lilypond/2.22.1/fonts/svg/:')
    \include 
             "../rh/gp-02-rh-233.ly"
/tmp/tmpogmb6qtz/2024-07-15T14-14-42-285099-e543f7f.ly:95:14: error: cannot find file: `../rh/gp-02-rh-172.ly'
(search path: `/tmp/tmpogmb6qtz:/home/user/GitHub/Artyfyshall-Bird/code-implementation:/usr/share/lilypond/2.22.1/ly:/usr/share/lilypond/2.22.1/ps:/usr/share/lilypond/2.22.1/scm:/usr/share/lilypond/2.22.1/fonts/otf/:/usr/share/lilypond/2.22.1/fonts/type1/:/usr/share/lilypond/2.22.1/fonts/svg/:')
    \include 
             "../rh/gp-02-rh-172.ly"
/tmp/tmpogmb6qtz/2024-07-15T14-14-42-285099-e543f7f.ly:96:14: error: cannot find file: `../rh/gp-02-rh-222.ly'
(search path: `/tmp/tmpogmb6qtz:/home/user/GitHub/Artyfyshall-Bird/code-implementation:/usr/share/lilypond/2.22.1/ly:/usr/share/lilypond/2.22.1/ps:/usr/share/lilypond/2.22.1/scm:/usr/share/lilypond/2.22.1/fonts/otf/:/usr/share/lilypond/2.22.1/fonts/type1/:/usr/share/lilypond/2.22.1/fonts/svg/:')
    \include 
             "../rh/gp-02-rh-222.ly"
/tmp/tmpogmb6qtz/2024-07-15T14-14-42-285099-e543f7f.ly:97:14: error: cannot find file: `../rh/gp-02-rh-241.ly'
(search path: `/tmp/tmpogmb6qtz:/home/user/GitHub/Artyfyshall-Bird/code-implementation:/usr/share/lilypond/2.22.1/ly:/usr/share/lilypond/2.22.1/ps:/usr/share/lilypond/2.22.1/scm:/usr/share/lilypond/2.22.1/fonts/otf/:/usr/share/lilypond/2.22.1/fonts/type1/:/usr/share/lilypond/2.22.1/fonts/svg/:')
    \include 
             "../rh/gp-02-rh-241.ly"
/tmp/tmpogmb6qtz/2024-07-15T14-14-42-285099-e543f7f.ly:98:14: error: cannot find file: `../rh/gp-02-rh-123.ly'
(search path: `/tmp/tmpogmb6qtz:/home/user/GitHub/Artyfyshall-Bird/code-implementation:/usr/share/lilypond/2.22.1/ly:/usr/share/lilypond/2.22.1/ps:/usr/share/lilypond/2.22.1/scm:/usr/share/lilypond/2.22.1/fonts/otf/:/usr/share/lilypond/2.22.1/fonts/type1/:/usr/share/lilypond/2.22.1/fonts/svg/:')
    \include 
             "../rh/gp-02-rh-123.ly"
/tmp/tmpogmb6qtz/2024-07-15T14-14-42-285099-e543f7f.ly:99:14: error: cannot find file: `../rh/gp-02-rh-110.ly'
(search path: `/tmp/tmpogmb6qtz:/home/user/GitHub/Artyfyshall-Bird/code-implementation:/usr/share/lilypond/2.22.1/ly:/usr/share/lilypond/2.22.1/ps:/usr/share/lilypond/2.22.1/scm:/usr/share/lilypond/2.22.1/fonts/otf/:/usr/share/lilypond/2.22.1/fonts/type1/:/usr/share/lilypond/2.22.1/fonts/svg/:')
    \include 
             "../rh/gp-02-rh-110.ly"
/tmp/tmpogmb6qtz/2024-07-15T14-14-42-285099-e543f7f.ly:100:14: error: cannot find file: `../rh/gp-02-rh-218.ly'
(search path: `/tmp/tmpogmb6qtz:/home/user/GitHub/Artyfyshall-Bird/code-implementation:/usr/share/lilypond/2.22.1/ly:/usr/share/lilypond/2.22.1/ps:/usr/share/lilypond/2.22.1/scm:/usr/share/lilypond/2.22.1/fonts/otf/:/usr/share/lilypond/2.22.1/fonts/type1/:/usr/share/lilypond/2.22.1/fonts/svg/:')
    \include 
             "../rh/gp-02-rh-218.ly"
/tmp/tmpogmb6qtz/2024-07-15T14-14-42-285099-e543f7f.ly:101:14: error: cannot find file: `../rh/gp-02-rh-151.ly'
(search path: `/tmp/tmpogmb6qtz:/home/user/GitHub/Artyfyshall-Bird/code-implementation:/usr/share/lilypond/2.22.1/ly:/usr/share/lilypond/2.22.1/ps:/usr/share/lilypond/2.22.1/scm:/usr/share/lilypond/2.22.1/fonts/otf/:/usr/share/lilypond/2.22.1/fonts/type1/:/usr/share/lilypond/2.22.1/fonts/svg/:')
    \include 
             "../rh/gp-02-rh-151.ly"
/tmp/tmpogmb6qtz/2024-07-15T14-14-42-285099-e543f7f.ly:102:14: error: cannot find file: `../rh/gp-02-rh-47.ly'
(search path: `/tmp/tmpogmb6qtz:/home/user/GitHub/Artyfyshall-Bird/code-implementation:/usr/share/lilypond/2.22.1/ly:/usr/share/lilypond/2.22.1/ps:/usr/share/lilypond/2.22.1/scm:/usr/share/lilypond/2.22.1/fonts/otf/:/usr/share/lilypond/2.22.1/fonts/type1/:/usr/share/lilypond/2.22.1/fonts/svg/:')
    \include 
             "../rh/gp-02-rh-47.ly"
/tmp/tmpogmb6qtz/2024-07-15T14-14-42-285099-e543f7f.ly:105:14: error: cannot find file: `../bassline_option.ly'
(search path: `/tmp/tmpogmb6qtz:/home/user/GitHub/Artyfyshall-Bird/code-implementation:/usr/share/lilypond/2.22.1/ly:/usr/share/lilypond/2.22.1/ps:/usr/share/lilypond/2.22.1/scm:/usr/share/lilypond/2.22.1/fonts/otf/:/usr/share/lilypond/2.22.1/fonts/type1/:/usr/share/lilypond/2.22.1/fonts/svg/:')
    \include 
             "../bassline_option.ly"
/tmp/tmpogmb6qtz/2024-07-15T14-14-42-285099-e543f7f.ly:106:14: error: cannot find file: `../lh/gp-02-lh-40.ly'
(search path: `/tmp/tmpogmb6qtz:/home/user/GitHub/Artyfyshall-Bird/code-implementation:/usr/share/lilypond/2.22.1/ly:/usr/share/lilypond/2.22.1/ps:/usr/share/lilypond/2.22.1/scm:/usr/share/lilypond/2.22.1/fonts/otf/:/usr/share/lilypond/2.22.1/fonts/type1/:/usr/share/lilypond/2.22.1/fonts/svg/:')
    \include 
             "../lh/gp-02-lh-40.ly"
/tmp/tmpogmb6qtz/2024-07-15T14-14-42-285099-e543f7f.ly:107:14: error: cannot find file: `../lh/gp-02-lh-148.ly'
(search path: `/tmp/tmpogmb6qtz:/home/user/GitHub/Artyfyshall-Bird/code-implementation:/usr/share/lilypond/2.22.1/ly:/usr/share/lilypond/2.22.1/ps:/usr/share/lilypond/2.22.1/scm:/usr/share/lilypond/2.22.1/fonts/otf/:/usr/share/lilypond/2.22.1/fonts/type1/:/usr/share/lilypond/2.22.1/fonts/svg/:')
    \include 
             "../lh/gp-02-lh-148.ly"
/tmp/tmpogmb6qtz/2024-07-15T14-14-42-285099-e543f7f.ly:108:14: error: cannot find file: `../lh/gp-02-lh-8.ly'
(search path: `/tmp/tmpogmb6qtz:/home/user/GitHub/Artyfyshall-Bird/code-implementation:/usr/share/lilypond/2.22.1/ly:/usr/share/lilypond/2.22.1/ps:/usr/share/lilypond/2.22.1/scm:/usr/share/lilypond/2.22.1/fonts/otf/:/usr/share/lilypond/2.22.1/fonts/type1/:/usr/share/lilypond/2.22.1/fonts/svg/:')
    \include 
             "../lh/gp-02-lh-8.ly"
/tmp/tmpogmb6qtz/2024-07-15T14-14-42-285099-e543f7f.ly:109:14: error: cannot find file: `../lh/gp-02-lh-83.ly'
(search path: `/tmp/tmpogmb6qtz:/home/user/GitHub/Artyfyshall-Bird/code-implementation:/usr/share/lilypond/2.22.1/ly:/usr/share/lilypond/2.22.1/ps:/usr/share/lilypond/2.22.1/scm:/usr/share/lilypond/2.22.1/fonts/otf/:/usr/share/lilypond/2.22.1/fonts/type1/:/usr/share/lilypond/2.22.1/fonts/svg/:')
    \include 
             "../lh/gp-02-lh-83.ly"
/tmp/tmpogmb6qtz/2024-07-15T14-14-42-285099-e543f7f.ly:110:14: error: cannot find file: `../lh/gp-02-lh-168.ly'
(search path: `/tmp/tmpogmb6qtz:/home/user/GitHub/Artyfyshall-Bird/code-implementation:/usr/share/lilypond/2.22.1/ly:/usr/share/lilypond/2.22.1/ps:/usr/share/lilypond/2.22.1/scm:/usr/share/lilypond/2.22.1/fonts/otf/:/usr/share/lilypond/2.22.1/fonts/type1/:/usr/share/lilypond/2.22.1/fonts/svg/:')
    \include 
             "../lh/gp-02-lh-168.ly"
/tmp/tmpogmb6qtz/2024-07-15T14-14-42-285099-e543f7f.ly:111:14: error: cannot find file: `../lh/gp-02-lh-54.ly'
(search path: `/tmp/tmpogmb6qtz:/home/user/GitHub/Artyfyshall-Bird/code-implementation:/usr/share/lilypond/2.22.1/ly:/usr/share/lilypond/2.22.1/ps:/usr/share/lilypond/2.22.1/scm:/usr/share/lilypond/2.22.1/fonts/otf/:/usr/share/lilypond/2.22.1/fonts/type1/:/usr/share/lilypond/2.22.1/fonts/svg/:')
    \include 
             "../lh/gp-02-lh-54.ly"
/tmp/tmpogmb6qtz/2024-07-15T14-14-42-285099-e543f7f.ly:112:14: error: cannot find file: `../lh/gp-02-lh-63.ly'
(search path: `/tmp/tmpogmb6qtz:/home/user/GitHub/Artyfyshall-Bird/code-implementation:/usr/share/lilypond/2.22.1/ly:/usr/share/lilypond/2.22.1/ps:/usr/share/lilypond/2.22.1/scm:/usr/share/lilypond/2.22.1/fonts/otf/:/usr/share/lilypond/2.22.1/fonts/type1/:/usr/share/lilypond/2.22.1/fonts/svg/:')
    \include 
             "../lh/gp-02-lh-63.ly"
/tmp/tmpogmb6qtz/2024-07-15T14-14-42-285099-e543f7f.ly:113:14: error: cannot find file: `../lh/gp-02-lh-190.ly'
(search path: `/tmp/tmpogmb6qtz:/home/user/GitHub/Artyfyshall-Bird/code-implementation:/usr/share/lilypond/2.22.1/ly:/usr/share/lilypond/2.22.1/ps:/usr/share/lilypond/2.22.1/scm:/usr/share/lilypond/2.22.1/fonts/otf/:/usr/share/lilypond/2.22.1/fonts/type1/:/usr/share/lilypond/2.22.1/fonts/svg/:')
    \include 
             "../lh/gp-02-lh-190.ly"
/tmp/tmpogmb6qtz/2024-07-15T14-14-42-285099-e543f7f.ly:114:14: error: cannot find file: `../lh/gp-02-lh-135.ly'
(search path: `/tmp/tmpogmb6qtz:/home/user/GitHub/Artyfyshall-Bird/code-implementation:/usr/share/lilypond/2.22.1/ly:/usr/share/lilypond/2.22.1/ps:/usr/share/lilypond/2.22.1/scm:/usr/share/lilypond/2.22.1/fonts/otf/:/usr/share/lilypond/2.22.1/fonts/type1/:/usr/share/lilypond/2.22.1/fonts/svg/:')
    \include 
             "../lh/gp-02-lh-135.ly"
/tmp/tmpogmb6qtz/2024-07-15T14-14-42-285099-e543f7f.ly:115:14: error: cannot find file: `../lh/gp-02-lh-139.ly'
(search path: `/tmp/tmpogmb6qtz:/home/user/GitHub/Artyfyshall-Bird/code-implementation:/usr/share/lilypond/2.22.1/ly:/usr/share/lilypond/2.22.1/ps:/usr/share/lilypond/2.22.1/scm:/usr/share/lilypond/2.22.1/fonts/otf/:/usr/share/lilypond/2.22.1/fonts/type1/:/usr/share/lilypond/2.22.1/fonts/svg/:')
    \include 
             "../lh/gp-02-lh-139.ly"
/tmp/tmpogmb6qtz/2024-07-15T14-14-42-285099-e543f7f.ly:116:14: error: cannot find file: `../lh/gp-02-lh-34.ly'
(search path: `/tmp/tmpogmb6qtz:/home/user/GitHub/Artyfyshall-Bird/code-implementation:/usr/share/lilypond/2.22.1/ly:/usr/share/lilypond/2.22.1/ps:/usr/share/lilypond/2.22.1/scm:/usr/share/lilypond/2.22.1/fonts/otf/:/usr/share/lilypond/2.22.1/fonts/type1/:/usr/share/lilypond/2.22.1/fonts/svg/:')
    \include 
             "../lh/gp-02-lh-34.ly"
/tmp/tmpogmb6qtz/2024-07-15T14-14-42-285099-e543f7f.ly:117:14: error: cannot find file: `../lh/gp-02-lh-52.ly'
(search path: `/tmp/tmpogmb6qtz:/home/user/GitHub/Artyfyshall-Bird/code-implementation:/usr/share/lilypond/2.22.1/ly:/usr/share/lilypond/2.22.1/ps:/usr/share/lilypond/2.22.1/scm:/usr/share/lilypond/2.22.1/fonts/otf/:/usr/share/lilypond/2.22.1/fonts/type1/:/usr/share/lilypond/2.22.1/fonts/svg/:')
    \include 
             "../lh/gp-02-lh-52.ly"
/tmp/tmpogmb6qtz/2024-07-15T14-14-42-285099-e543f7f.ly:118:14: error: cannot find file: `../lh/gp-02-lh-191.ly'
(search path: `/tmp/tmpogmb6qtz:/home/user/GitHub/Artyfyshall-Bird/code-implementation:/usr/share/lilypond/2.22.1/ly:/usr/share/lilypond/2.22.1/ps:/usr/share/lilypond/2.22.1/scm:/usr/share/lilypond/2.22.1/fonts/otf/:/usr/share/lilypond/2.22.1/fonts/type1/:/usr/share/lilypond/2.22.1/fonts/svg/:')
    \include 
             "../lh/gp-02-lh-191.ly"
/tmp/tmpogmb6qtz/2024-07-15T14-14-42-285099-e543f7f.ly:119:14: error: cannot find file: `../lh/gp-02-lh-78.ly'
(search path: `/tmp/tmpogmb6qtz:/home/user/GitHub/Artyfyshall-Bird/code-implementation:/usr/share/lilypond/2.22.1/ly:/usr/share/lilypond/2.22.1/ps:/usr/share/lilypond/2.22.1/scm:/usr/share/lilypond/2.22.1/fonts/otf/:/usr/share/lilypond/2.22.1/fonts/type1/:/usr/share/lilypond/2.22.1/fonts/svg/:')
    \include 
             "../lh/gp-02-lh-78.ly"
/tmp/tmpogmb6qtz/2024-07-15T14-14-42-285099-e543f7f.ly:120:14: error: cannot find file: `../lh/gp-02-lh-130.ly'
(search path: `/tmp/tmpogmb6qtz:/home/user/GitHub/Artyfyshall-Bird/code-implementation:/usr/share/lilypond/2.22.1/ly:/usr/share/lilypond/2.22.1/ps:/usr/share/lilypond/2.22.1/scm:/usr/share/lilypond/2.22.1/fonts/otf/:/usr/share/lilypond/2.22.1/fonts/type1/:/usr/share/lilypond/2.22.1/fonts/svg/:')
    \include 
             "../lh/gp-02-lh-130.ly"
/tmp/tmpogmb6qtz/2024-07-15T14-14-42-285099-e543f7f.ly:121:14: error: cannot find file: `../lh/gp-02-lh-233.ly'
(search path: `/tmp/tmpogmb6qtz:/home/user/GitHub/Artyfyshall-Bird/code-implementation:/usr/share/lilypond/2.22.1/ly:/usr/share/lilypond/2.22.1/ps:/usr/share/lilypond/2.22.1/scm:/usr/share/lilypond/2.22.1/fonts/otf/:/usr/share/lilypond/2.22.1/fonts/type1/:/usr/share/lilypond/2.22.1/fonts/svg/:')
    \include 
             "../lh/gp-02-lh-233.ly"
/tmp/tmpogmb6qtz/2024-07-15T14-14-42-285099-e543f7f.ly:122:14: error: cannot find file: `../lh/gp-02-lh-172.ly'
(search path: `/tmp/tmpogmb6qtz:/home/user/GitHub/Artyfyshall-Bird/code-implementation:/usr/share/lilypond/2.22.1/ly:/usr/share/lilypond/2.22.1/ps:/usr/share/lilypond/2.22.1/scm:/usr/share/lilypond/2.22.1/fonts/otf/:/usr/share/lilypond/2.22.1/fonts/type1/:/usr/share/lilypond/2.22.1/fonts/svg/:')
    \include 
             "../lh/gp-02-lh-172.ly"
/tmp/tmpogmb6qtz/2024-07-15T14-14-42-285099-e543f7f.ly:123:14: error: cannot find file: `../lh/gp-02-lh-222.ly'
(search path: `/tmp/tmpogmb6qtz:/home/user/GitHub/Artyfyshall-Bird/code-implementation:/usr/share/lilypond/2.22.1/ly:/usr/share/lilypond/2.22.1/ps:/usr/share/lilypond/2.22.1/scm:/usr/share/lilypond/2.22.1/fonts/otf/:/usr/share/lilypond/2.22.1/fonts/type1/:/usr/share/lilypond/2.22.1/fonts/svg/:')
    \include 
             "../lh/gp-02-lh-222.ly"
/tmp/tmpogmb6qtz/2024-07-15T14-14-42-285099-e543f7f.ly:124:14: error: cannot find file: `../lh/gp-02-lh-241.ly'
(search path: `/tmp/tmpogmb6qtz:/home/user/GitHub/Artyfyshall-Bird/code-implementation:/usr/share/lilypond/2.22.1/ly:/usr/share/lilypond/2.22.1/ps:/usr/share/lilypond/2.22.1/scm:/usr/share/lilypond/2.22.1/fonts/otf/:/usr/share/lilypond/2.22.1/fonts/type1/:/usr/share/lilypond/2.22.1/fonts/svg/:')
    \include 
             "../lh/gp-02-lh-241.ly"
/tmp/tmpogmb6qtz/2024-07-15T14-14-42-285099-e543f7f.ly:125:14: error: cannot find file: `../lh/gp-02-lh-123.ly'
(search path: `/tmp/tmpogmb6qtz:/home/user/GitHub/Artyfyshall-Bird/code-implementation:/usr/share/lilypond/2.22.1/ly:/usr/share/lilypond/2.22.1/ps:/usr/share/lilypond/2.22.1/scm:/usr/share/lilypond/2.22.1/fonts/otf/:/usr/share/lilypond/2.22.1/fonts/type1/:/usr/share/lilypond/2.22.1/fonts/svg/:')
    \include 
             "../lh/gp-02-lh-123.ly"
/tmp/tmpogmb6qtz/2024-07-15T14-14-42-285099-e543f7f.ly:126:14: error: cannot find file: `../lh/gp-02-lh-110.ly'
(search path: `/tmp/tmpogmb6qtz:/home/user/GitHub/Artyfyshall-Bird/code-implementation:/usr/share/lilypond/2.22.1/ly:/usr/share/lilypond/2.22.1/ps:/usr/share/lilypond/2.22.1/scm:/usr/share/lilypond/2.22.1/fonts/otf/:/usr/share/lilypond/2.22.1/fonts/type1/:/usr/share/lilypond/2.22.1/fonts/svg/:')
    \include 
             "../lh/gp-02-lh-110.ly"
/tmp/tmpogmb6qtz/2024-07-15T14-14-42-285099-e543f7f.ly:127:14: error: cannot find file: `../lh/gp-02-lh-218.ly'
(search path: `/tmp/tmpogmb6qtz:/home/user/GitHub/Artyfyshall-Bird/code-implementation:/usr/share/lilypond/2.22.1/ly:/usr/share/lilypond/2.22.1/ps:/usr/share/lilypond/2.22.1/scm:/usr/share/lilypond/2.22.1/fonts/otf/:/usr/share/lilypond/2.22.1/fonts/type1/:/usr/share/lilypond/2.22.1/fonts/svg/:')
    \include 
             "../lh/gp-02-lh-218.ly"
/tmp/tmpogmb6qtz/2024-07-15T14-14-42-285099-e543f7f.ly:128:14: error: cannot find file: `../lh/gp-02-lh-151.ly'
(search path: `/tmp/tmpogmb6qtz:/home/user/GitHub/Artyfyshall-Bird/code-implementation:/usr/share/lilypond/2.22.1/ly:/usr/share/lilypond/2.22.1/ps:/usr/share/lilypond/2.22.1/scm:/usr/share/lilypond/2.22.1/fonts/otf/:/usr/share/lilypond/2.22.1/fonts/type1/:/usr/share/lilypond/2.22.1/fonts/svg/:')
    \include 
             "../lh/gp-02-lh-151.ly"
/tmp/tmpogmb6qtz/2024-07-15T14-14-42-285099-e543f7f.ly:129:14: error: cannot find file: `../lh/gp-02-lh-47.ly'
(search path: `/tmp/tmpogmb6qtz:/home/user/GitHub/Artyfyshall-Bird/code-implementation:/usr/share/lilypond/2.22.1/ly:/usr/share/lilypond/2.22.1/ps:/usr/share/lilypond/2.22.1/scm:/usr/share/lilypond/2.22.1/fonts/otf/:/usr/share/lilypond/2.22.1/fonts/type1/:/usr/share/lilypond/2.22.1/fonts/svg/:')
    \include 
             "../lh/gp-02-lh-47.ly"
/tmp/tmpogmb6qtz/2024-07-15T14-14-42-285099-e543f7f.ly:134:14: error: cannot find file: `../layout_settings.ly'
(search path: `/tmp/tmpogmb6qtz:/home/user/GitHub/Artyfyshall-Bird/code-implementation:/usr/share/lilypond/2.22.1/ly:/usr/share/lilypond/2.22.1/ps:/usr/share/lilypond/2.22.1/scm:/usr/share/lilypond/2.22.1/fonts/otf/:/usr/share/lilypond/2.22.1/fonts/type1/:/usr/share/lilypond/2.22.1/fonts/svg/:')
    \include 
             "../layout_settings.ly"
/tmp/tmpogmb6qtz/2024-07-15T14-14-42-285099-e543f7f.ly:1: warning: no \version statement found, please add

\version "2.22.1"

for future compatibility
Interpreting music...
/tmp/tmpogmb6qtz/2024-07-15T14-14-42-285099-e543f7f.ly:8:5: warning: skipping zero-duration score
    
    <<
/tmp/tmpogmb6qtz/2024-07-15T14-14-42-285099-e543f7f.ly:8:5: warning: to suppress this, consider adding a spacer rest
    
    <<
fatal error: failed files: "/tmp/tmpogmb6qtz/2024-07-15T14-14-42-285099-e543f7f.ly"
