GNU LilyPond 2.22.1
Changing working directory to: `/tmp/tmp1ukj0h7v'
Processing `/tmp/tmp1ukj0h7v/2024-03-28T12-26-11-981258-78be787.ly'
Parsing...
/tmp/tmp1ukj0h7v/2024-03-28T12-26-11-981258-78be787.ly:1:10: error: cannot find file: `../paper_settings.ly'
(search path: `/tmp/tmp1ukj0h7v:/home/user/GitHub/Artyfyshall-Bird/code-implementation:/usr/share/lilypond/2.22.1/ly:/usr/share/lilypond/2.22.1/ps:/usr/share/lilypond/2.22.1/scm:/usr/share/lilypond/2.22.1/fonts/otf/:/usr/share/lilypond/2.22.1/fonts/type1/:/usr/share/lilypond/2.22.1/fonts/svg/:')
\include 
         "../paper_settings.ly" 
/tmp/tmp1ukj0h7v/2024-03-28T12-26-11-981258-78be787.ly:15:14: error: cannot find file: `../voice_option.ly'
(search path: `/tmp/tmp1ukj0h7v:/home/user/GitHub/Artyfyshall-Bird/code-implementation:/usr/share/lilypond/2.22.1/ly:/usr/share/lilypond/2.22.1/ps:/usr/share/lilypond/2.22.1/scm:/usr/share/lilypond/2.22.1/fonts/otf/:/usr/share/lilypond/2.22.1/fonts/type1/:/usr/share/lilypond/2.22.1/fonts/svg/:')
    \include 
             "../voice_option.ly"
/tmp/tmp1ukj0h7v/2024-03-28T12-26-11-981258-78be787.ly:16:14: error: cannot find file: `../vc1/gp-02-vc1-44.ly'
(search path: `/tmp/tmp1ukj0h7v:/home/user/GitHub/Artyfyshall-Bird/code-implementation:/usr/share/lilypond/2.22.1/ly:/usr/share/lilypond/2.22.1/ps:/usr/share/lilypond/2.22.1/scm:/usr/share/lilypond/2.22.1/fonts/otf/:/usr/share/lilypond/2.22.1/fonts/type1/:/usr/share/lilypond/2.22.1/fonts/svg/:')
    \include 
             "../vc1/gp-02-vc1-44.ly"
/tmp/tmp1ukj0h7v/2024-03-28T12-26-11-981258-78be787.ly:17:14: error: cannot find file: `../vc1/gp-02-vc1-148.ly'
(search path: `/tmp/tmp1ukj0h7v:/home/user/GitHub/Artyfyshall-Bird/code-implementation:/usr/share/lilypond/2.22.1/ly:/usr/share/lilypond/2.22.1/ps:/usr/share/lilypond/2.22.1/scm:/usr/share/lilypond/2.22.1/fonts/otf/:/usr/share/lilypond/2.22.1/fonts/type1/:/usr/share/lilypond/2.22.1/fonts/svg/:')
    \include 
             "../vc1/gp-02-vc1-148.ly"
/tmp/tmp1ukj0h7v/2024-03-28T12-26-11-981258-78be787.ly:18:14: error: cannot find file: `../vc1/gp-02-vc1-5.ly'
(search path: `/tmp/tmp1ukj0h7v:/home/user/GitHub/Artyfyshall-Bird/code-implementation:/usr/share/lilypond/2.22.1/ly:/usr/share/lilypond/2.22.1/ps:/usr/share/lilypond/2.22.1/scm:/usr/share/lilypond/2.22.1/fonts/otf/:/usr/share/lilypond/2.22.1/fonts/type1/:/usr/share/lilypond/2.22.1/fonts/svg/:')
    \include 
             "../vc1/gp-02-vc1-5.ly"
/tmp/tmp1ukj0h7v/2024-03-28T12-26-11-981258-78be787.ly:19:14: error: cannot find file: `../vc1/gp-02-vc1-200.ly'
(search path: `/tmp/tmp1ukj0h7v:/home/user/GitHub/Artyfyshall-Bird/code-implementation:/usr/share/lilypond/2.22.1/ly:/usr/share/lilypond/2.22.1/ps:/usr/share/lilypond/2.22.1/scm:/usr/share/lilypond/2.22.1/fonts/otf/:/usr/share/lilypond/2.22.1/fonts/type1/:/usr/share/lilypond/2.22.1/fonts/svg/:')
    \include 
             "../vc1/gp-02-vc1-200.ly"
/tmp/tmp1ukj0h7v/2024-03-28T12-26-11-981258-78be787.ly:20:14: error: cannot find file: `../vc1/gp-02-vc1-38.ly'
(search path: `/tmp/tmp1ukj0h7v:/home/user/GitHub/Artyfyshall-Bird/code-implementation:/usr/share/lilypond/2.22.1/ly:/usr/share/lilypond/2.22.1/ps:/usr/share/lilypond/2.22.1/scm:/usr/share/lilypond/2.22.1/fonts/otf/:/usr/share/lilypond/2.22.1/fonts/type1/:/usr/share/lilypond/2.22.1/fonts/svg/:')
    \include 
             "../vc1/gp-02-vc1-38.ly"
/tmp/tmp1ukj0h7v/2024-03-28T12-26-11-981258-78be787.ly:21:14: error: cannot find file: `../vc1/gp-02-vc1-97.ly'
(search path: `/tmp/tmp1ukj0h7v:/home/user/GitHub/Artyfyshall-Bird/code-implementation:/usr/share/lilypond/2.22.1/ly:/usr/share/lilypond/2.22.1/ps:/usr/share/lilypond/2.22.1/scm:/usr/share/lilypond/2.22.1/fonts/otf/:/usr/share/lilypond/2.22.1/fonts/type1/:/usr/share/lilypond/2.22.1/fonts/svg/:')
    \include 
             "../vc1/gp-02-vc1-97.ly"
/tmp/tmp1ukj0h7v/2024-03-28T12-26-11-981258-78be787.ly:22:14: error: cannot find file: `../vc1/gp-02-vc1-221.ly'
(search path: `/tmp/tmp1ukj0h7v:/home/user/GitHub/Artyfyshall-Bird/code-implementation:/usr/share/lilypond/2.22.1/ly:/usr/share/lilypond/2.22.1/ps:/usr/share/lilypond/2.22.1/scm:/usr/share/lilypond/2.22.1/fonts/otf/:/usr/share/lilypond/2.22.1/fonts/type1/:/usr/share/lilypond/2.22.1/fonts/svg/:')
    \include 
             "../vc1/gp-02-vc1-221.ly"
/tmp/tmp1ukj0h7v/2024-03-28T12-26-11-981258-78be787.ly:23:14: error: cannot find file: `../vc1/gp-02-vc1-190.ly'
(search path: `/tmp/tmp1ukj0h7v:/home/user/GitHub/Artyfyshall-Bird/code-implementation:/usr/share/lilypond/2.22.1/ly:/usr/share/lilypond/2.22.1/ps:/usr/share/lilypond/2.22.1/scm:/usr/share/lilypond/2.22.1/fonts/otf/:/usr/share/lilypond/2.22.1/fonts/type1/:/usr/share/lilypond/2.22.1/fonts/svg/:')
    \include 
             "../vc1/gp-02-vc1-190.ly"
/tmp/tmp1ukj0h7v/2024-03-28T12-26-11-981258-78be787.ly:24:14: error: cannot find file: `../vc1/gp-02-vc1-231.ly'
(search path: `/tmp/tmp1ukj0h7v:/home/user/GitHub/Artyfyshall-Bird/code-implementation:/usr/share/lilypond/2.22.1/ly:/usr/share/lilypond/2.22.1/ps:/usr/share/lilypond/2.22.1/scm:/usr/share/lilypond/2.22.1/fonts/otf/:/usr/share/lilypond/2.22.1/fonts/type1/:/usr/share/lilypond/2.22.1/fonts/svg/:')
    \include 
             "../vc1/gp-02-vc1-231.ly"
/tmp/tmp1ukj0h7v/2024-03-28T12-26-11-981258-78be787.ly:25:14: error: cannot find file: `../vc1/gp-02-vc1-25.ly'
(search path: `/tmp/tmp1ukj0h7v:/home/user/GitHub/Artyfyshall-Bird/code-implementation:/usr/share/lilypond/2.22.1/ly:/usr/share/lilypond/2.22.1/ps:/usr/share/lilypond/2.22.1/scm:/usr/share/lilypond/2.22.1/fonts/otf/:/usr/share/lilypond/2.22.1/fonts/type1/:/usr/share/lilypond/2.22.1/fonts/svg/:')
    \include 
             "../vc1/gp-02-vc1-25.ly"
/tmp/tmp1ukj0h7v/2024-03-28T12-26-11-981258-78be787.ly:26:14: error: cannot find file: `../vc1/gp-02-vc1-34.ly'
(search path: `/tmp/tmp1ukj0h7v:/home/user/GitHub/Artyfyshall-Bird/code-implementation:/usr/share/lilypond/2.22.1/ly:/usr/share/lilypond/2.22.1/ps:/usr/share/lilypond/2.22.1/scm:/usr/share/lilypond/2.22.1/fonts/otf/:/usr/share/lilypond/2.22.1/fonts/type1/:/usr/share/lilypond/2.22.1/fonts/svg/:')
    \include 
             "../vc1/gp-02-vc1-34.ly"
/tmp/tmp1ukj0h7v/2024-03-28T12-26-11-981258-78be787.ly:27:14: error: cannot find file: `../vc1/gp-02-vc1-223.ly'
(search path: `/tmp/tmp1ukj0h7v:/home/user/GitHub/Artyfyshall-Bird/code-implementation:/usr/share/lilypond/2.22.1/ly:/usr/share/lilypond/2.22.1/ps:/usr/share/lilypond/2.22.1/scm:/usr/share/lilypond/2.22.1/fonts/otf/:/usr/share/lilypond/2.22.1/fonts/type1/:/usr/share/lilypond/2.22.1/fonts/svg/:')
    \include 
             "../vc1/gp-02-vc1-223.ly"
/tmp/tmp1ukj0h7v/2024-03-28T12-26-11-981258-78be787.ly:28:14: error: cannot find file: `../vc1/gp-02-vc1-122.ly'
(search path: `/tmp/tmp1ukj0h7v:/home/user/GitHub/Artyfyshall-Bird/code-implementation:/usr/share/lilypond/2.22.1/ly:/usr/share/lilypond/2.22.1/ps:/usr/share/lilypond/2.22.1/scm:/usr/share/lilypond/2.22.1/fonts/otf/:/usr/share/lilypond/2.22.1/fonts/type1/:/usr/share/lilypond/2.22.1/fonts/svg/:')
    \include 
             "../vc1/gp-02-vc1-122.ly"
/tmp/tmp1ukj0h7v/2024-03-28T12-26-11-981258-78be787.ly:29:14: error: cannot find file: `../vc1/gp-02-vc1-140.ly'
(search path: `/tmp/tmp1ukj0h7v:/home/user/GitHub/Artyfyshall-Bird/code-implementation:/usr/share/lilypond/2.22.1/ly:/usr/share/lilypond/2.22.1/ps:/usr/share/lilypond/2.22.1/scm:/usr/share/lilypond/2.22.1/fonts/otf/:/usr/share/lilypond/2.22.1/fonts/type1/:/usr/share/lilypond/2.22.1/fonts/svg/:')
    \include 
             "../vc1/gp-02-vc1-140.ly"
/tmp/tmp1ukj0h7v/2024-03-28T12-26-11-981258-78be787.ly:30:14: error: cannot find file: `../vc1/gp-02-vc1-3.ly'
(search path: `/tmp/tmp1ukj0h7v:/home/user/GitHub/Artyfyshall-Bird/code-implementation:/usr/share/lilypond/2.22.1/ly:/usr/share/lilypond/2.22.1/ps:/usr/share/lilypond/2.22.1/scm:/usr/share/lilypond/2.22.1/fonts/otf/:/usr/share/lilypond/2.22.1/fonts/type1/:/usr/share/lilypond/2.22.1/fonts/svg/:')
    \include 
             "../vc1/gp-02-vc1-3.ly"
/tmp/tmp1ukj0h7v/2024-03-28T12-26-11-981258-78be787.ly:31:14: error: cannot find file: `../vc1/gp-02-vc1-235.ly'
(search path: `/tmp/tmp1ukj0h7v:/home/user/GitHub/Artyfyshall-Bird/code-implementation:/usr/share/lilypond/2.22.1/ly:/usr/share/lilypond/2.22.1/ps:/usr/share/lilypond/2.22.1/scm:/usr/share/lilypond/2.22.1/fonts/otf/:/usr/share/lilypond/2.22.1/fonts/type1/:/usr/share/lilypond/2.22.1/fonts/svg/:')
    \include 
             "../vc1/gp-02-vc1-235.ly"
/tmp/tmp1ukj0h7v/2024-03-28T12-26-11-981258-78be787.ly:32:14: error: cannot find file: `../vc1/gp-02-vc1-198.ly'
(search path: `/tmp/tmp1ukj0h7v:/home/user/GitHub/Artyfyshall-Bird/code-implementation:/usr/share/lilypond/2.22.1/ly:/usr/share/lilypond/2.22.1/ps:/usr/share/lilypond/2.22.1/scm:/usr/share/lilypond/2.22.1/fonts/otf/:/usr/share/lilypond/2.22.1/fonts/type1/:/usr/share/lilypond/2.22.1/fonts/svg/:')
    \include 
             "../vc1/gp-02-vc1-198.ly"
/tmp/tmp1ukj0h7v/2024-03-28T12-26-11-981258-78be787.ly:33:14: error: cannot find file: `../vc1/gp-02-vc1-222.ly'
(search path: `/tmp/tmp1ukj0h7v:/home/user/GitHub/Artyfyshall-Bird/code-implementation:/usr/share/lilypond/2.22.1/ly:/usr/share/lilypond/2.22.1/ps:/usr/share/lilypond/2.22.1/scm:/usr/share/lilypond/2.22.1/fonts/otf/:/usr/share/lilypond/2.22.1/fonts/type1/:/usr/share/lilypond/2.22.1/fonts/svg/:')
    \include 
             "../vc1/gp-02-vc1-222.ly"
/tmp/tmp1ukj0h7v/2024-03-28T12-26-11-981258-78be787.ly:34:14: error: cannot find file: `../vc1/gp-02-vc1-72.ly'
(search path: `/tmp/tmp1ukj0h7v:/home/user/GitHub/Artyfyshall-Bird/code-implementation:/usr/share/lilypond/2.22.1/ly:/usr/share/lilypond/2.22.1/ps:/usr/share/lilypond/2.22.1/scm:/usr/share/lilypond/2.22.1/fonts/otf/:/usr/share/lilypond/2.22.1/fonts/type1/:/usr/share/lilypond/2.22.1/fonts/svg/:')
    \include 
             "../vc1/gp-02-vc1-72.ly"
/tmp/tmp1ukj0h7v/2024-03-28T12-26-11-981258-78be787.ly:35:14: error: cannot find file: `../vc1/gp-02-vc1-211.ly'
(search path: `/tmp/tmp1ukj0h7v:/home/user/GitHub/Artyfyshall-Bird/code-implementation:/usr/share/lilypond/2.22.1/ly:/usr/share/lilypond/2.22.1/ps:/usr/share/lilypond/2.22.1/scm:/usr/share/lilypond/2.22.1/fonts/otf/:/usr/share/lilypond/2.22.1/fonts/type1/:/usr/share/lilypond/2.22.1/fonts/svg/:')
    \include 
             "../vc1/gp-02-vc1-211.ly"
/tmp/tmp1ukj0h7v/2024-03-28T12-26-11-981258-78be787.ly:36:14: error: cannot find file: `../vc1/gp-02-vc1-157.ly'
(search path: `/tmp/tmp1ukj0h7v:/home/user/GitHub/Artyfyshall-Bird/code-implementation:/usr/share/lilypond/2.22.1/ly:/usr/share/lilypond/2.22.1/ps:/usr/share/lilypond/2.22.1/scm:/usr/share/lilypond/2.22.1/fonts/otf/:/usr/share/lilypond/2.22.1/fonts/type1/:/usr/share/lilypond/2.22.1/fonts/svg/:')
    \include 
             "../vc1/gp-02-vc1-157.ly"
/tmp/tmp1ukj0h7v/2024-03-28T12-26-11-981258-78be787.ly:37:14: error: cannot find file: `../vc1/gp-02-vc1-102.ly'
(search path: `/tmp/tmp1ukj0h7v:/home/user/GitHub/Artyfyshall-Bird/code-implementation:/usr/share/lilypond/2.22.1/ly:/usr/share/lilypond/2.22.1/ps:/usr/share/lilypond/2.22.1/scm:/usr/share/lilypond/2.22.1/fonts/otf/:/usr/share/lilypond/2.22.1/fonts/type1/:/usr/share/lilypond/2.22.1/fonts/svg/:')
    \include 
             "../vc1/gp-02-vc1-102.ly"
/tmp/tmp1ukj0h7v/2024-03-28T12-26-11-981258-78be787.ly:38:14: error: cannot find file: `../vc1/gp-02-vc1-248.ly'
(search path: `/tmp/tmp1ukj0h7v:/home/user/GitHub/Artyfyshall-Bird/code-implementation:/usr/share/lilypond/2.22.1/ly:/usr/share/lilypond/2.22.1/ps:/usr/share/lilypond/2.22.1/scm:/usr/share/lilypond/2.22.1/fonts/otf/:/usr/share/lilypond/2.22.1/fonts/type1/:/usr/share/lilypond/2.22.1/fonts/svg/:')
    \include 
             "../vc1/gp-02-vc1-248.ly"
/tmp/tmp1ukj0h7v/2024-03-28T12-26-11-981258-78be787.ly:39:14: error: cannot find file: `../vc1/gp-02-vc1-47.ly'
(search path: `/tmp/tmp1ukj0h7v:/home/user/GitHub/Artyfyshall-Bird/code-implementation:/usr/share/lilypond/2.22.1/ly:/usr/share/lilypond/2.22.1/ps:/usr/share/lilypond/2.22.1/scm:/usr/share/lilypond/2.22.1/fonts/otf/:/usr/share/lilypond/2.22.1/fonts/type1/:/usr/share/lilypond/2.22.1/fonts/svg/:')
    \include 
             "../vc1/gp-02-vc1-47.ly"
/tmp/tmp1ukj0h7v/2024-03-28T12-26-11-981258-78be787.ly:46:14: error: cannot find file: `../voice_option.ly'
(search path: `/tmp/tmp1ukj0h7v:/home/user/GitHub/Artyfyshall-Bird/code-implementation:/usr/share/lilypond/2.22.1/ly:/usr/share/lilypond/2.22.1/ps:/usr/share/lilypond/2.22.1/scm:/usr/share/lilypond/2.22.1/fonts/otf/:/usr/share/lilypond/2.22.1/fonts/type1/:/usr/share/lilypond/2.22.1/fonts/svg/:')
    \include 
             "../voice_option.ly"
/tmp/tmp1ukj0h7v/2024-03-28T12-26-11-981258-78be787.ly:47:14: error: cannot find file: `../vc2/gp-02-vc2-44.ly'
(search path: `/tmp/tmp1ukj0h7v:/home/user/GitHub/Artyfyshall-Bird/code-implementation:/usr/share/lilypond/2.22.1/ly:/usr/share/lilypond/2.22.1/ps:/usr/share/lilypond/2.22.1/scm:/usr/share/lilypond/2.22.1/fonts/otf/:/usr/share/lilypond/2.22.1/fonts/type1/:/usr/share/lilypond/2.22.1/fonts/svg/:')
    \include 
             "../vc2/gp-02-vc2-44.ly"
/tmp/tmp1ukj0h7v/2024-03-28T12-26-11-981258-78be787.ly:48:14: error: cannot find file: `../vc2/gp-02-vc2-148.ly'
(search path: `/tmp/tmp1ukj0h7v:/home/user/GitHub/Artyfyshall-Bird/code-implementation:/usr/share/lilypond/2.22.1/ly:/usr/share/lilypond/2.22.1/ps:/usr/share/lilypond/2.22.1/scm:/usr/share/lilypond/2.22.1/fonts/otf/:/usr/share/lilypond/2.22.1/fonts/type1/:/usr/share/lilypond/2.22.1/fonts/svg/:')
    \include 
             "../vc2/gp-02-vc2-148.ly"
/tmp/tmp1ukj0h7v/2024-03-28T12-26-11-981258-78be787.ly:49:14: error: cannot find file: `../vc2/gp-02-vc2-5.ly'
(search path: `/tmp/tmp1ukj0h7v:/home/user/GitHub/Artyfyshall-Bird/code-implementation:/usr/share/lilypond/2.22.1/ly:/usr/share/lilypond/2.22.1/ps:/usr/share/lilypond/2.22.1/scm:/usr/share/lilypond/2.22.1/fonts/otf/:/usr/share/lilypond/2.22.1/fonts/type1/:/usr/share/lilypond/2.22.1/fonts/svg/:')
    \include 
             "../vc2/gp-02-vc2-5.ly"
/tmp/tmp1ukj0h7v/2024-03-28T12-26-11-981258-78be787.ly:50:14: error: cannot find file: `../vc2/gp-02-vc2-200.ly'
(search path: `/tmp/tmp1ukj0h7v:/home/user/GitHub/Artyfyshall-Bird/code-implementation:/usr/share/lilypond/2.22.1/ly:/usr/share/lilypond/2.22.1/ps:/usr/share/lilypond/2.22.1/scm:/usr/share/lilypond/2.22.1/fonts/otf/:/usr/share/lilypond/2.22.1/fonts/type1/:/usr/share/lilypond/2.22.1/fonts/svg/:')
    \include 
             "../vc2/gp-02-vc2-200.ly"
/tmp/tmp1ukj0h7v/2024-03-28T12-26-11-981258-78be787.ly:51:14: error: cannot find file: `../vc2/gp-02-vc2-38.ly'
(search path: `/tmp/tmp1ukj0h7v:/home/user/GitHub/Artyfyshall-Bird/code-implementation:/usr/share/lilypond/2.22.1/ly:/usr/share/lilypond/2.22.1/ps:/usr/share/lilypond/2.22.1/scm:/usr/share/lilypond/2.22.1/fonts/otf/:/usr/share/lilypond/2.22.1/fonts/type1/:/usr/share/lilypond/2.22.1/fonts/svg/:')
    \include 
             "../vc2/gp-02-vc2-38.ly"
/tmp/tmp1ukj0h7v/2024-03-28T12-26-11-981258-78be787.ly:52:14: error: cannot find file: `../vc2/gp-02-vc2-97.ly'
(search path: `/tmp/tmp1ukj0h7v:/home/user/GitHub/Artyfyshall-Bird/code-implementation:/usr/share/lilypond/2.22.1/ly:/usr/share/lilypond/2.22.1/ps:/usr/share/lilypond/2.22.1/scm:/usr/share/lilypond/2.22.1/fonts/otf/:/usr/share/lilypond/2.22.1/fonts/type1/:/usr/share/lilypond/2.22.1/fonts/svg/:')
    \include 
             "../vc2/gp-02-vc2-97.ly"
/tmp/tmp1ukj0h7v/2024-03-28T12-26-11-981258-78be787.ly:53:14: error: cannot find file: `../vc2/gp-02-vc2-221.ly'
(search path: `/tmp/tmp1ukj0h7v:/home/user/GitHub/Artyfyshall-Bird/code-implementation:/usr/share/lilypond/2.22.1/ly:/usr/share/lilypond/2.22.1/ps:/usr/share/lilypond/2.22.1/scm:/usr/share/lilypond/2.22.1/fonts/otf/:/usr/share/lilypond/2.22.1/fonts/type1/:/usr/share/lilypond/2.22.1/fonts/svg/:')
    \include 
             "../vc2/gp-02-vc2-221.ly"
/tmp/tmp1ukj0h7v/2024-03-28T12-26-11-981258-78be787.ly:54:14: error: cannot find file: `../vc2/gp-02-vc2-190.ly'
(search path: `/tmp/tmp1ukj0h7v:/home/user/GitHub/Artyfyshall-Bird/code-implementation:/usr/share/lilypond/2.22.1/ly:/usr/share/lilypond/2.22.1/ps:/usr/share/lilypond/2.22.1/scm:/usr/share/lilypond/2.22.1/fonts/otf/:/usr/share/lilypond/2.22.1/fonts/type1/:/usr/share/lilypond/2.22.1/fonts/svg/:')
    \include 
             "../vc2/gp-02-vc2-190.ly"
/tmp/tmp1ukj0h7v/2024-03-28T12-26-11-981258-78be787.ly:55:14: error: cannot find file: `../vc2/gp-02-vc2-231.ly'
(search path: `/tmp/tmp1ukj0h7v:/home/user/GitHub/Artyfyshall-Bird/code-implementation:/usr/share/lilypond/2.22.1/ly:/usr/share/lilypond/2.22.1/ps:/usr/share/lilypond/2.22.1/scm:/usr/share/lilypond/2.22.1/fonts/otf/:/usr/share/lilypond/2.22.1/fonts/type1/:/usr/share/lilypond/2.22.1/fonts/svg/:')
    \include 
             "../vc2/gp-02-vc2-231.ly"
/tmp/tmp1ukj0h7v/2024-03-28T12-26-11-981258-78be787.ly:56:14: error: cannot find file: `../vc2/gp-02-vc2-25.ly'
(search path: `/tmp/tmp1ukj0h7v:/home/user/GitHub/Artyfyshall-Bird/code-implementation:/usr/share/lilypond/2.22.1/ly:/usr/share/lilypond/2.22.1/ps:/usr/share/lilypond/2.22.1/scm:/usr/share/lilypond/2.22.1/fonts/otf/:/usr/share/lilypond/2.22.1/fonts/type1/:/usr/share/lilypond/2.22.1/fonts/svg/:')
    \include 
             "../vc2/gp-02-vc2-25.ly"
/tmp/tmp1ukj0h7v/2024-03-28T12-26-11-981258-78be787.ly:57:14: error: cannot find file: `../vc2/gp-02-vc2-34.ly'
(search path: `/tmp/tmp1ukj0h7v:/home/user/GitHub/Artyfyshall-Bird/code-implementation:/usr/share/lilypond/2.22.1/ly:/usr/share/lilypond/2.22.1/ps:/usr/share/lilypond/2.22.1/scm:/usr/share/lilypond/2.22.1/fonts/otf/:/usr/share/lilypond/2.22.1/fonts/type1/:/usr/share/lilypond/2.22.1/fonts/svg/:')
    \include 
             "../vc2/gp-02-vc2-34.ly"
/tmp/tmp1ukj0h7v/2024-03-28T12-26-11-981258-78be787.ly:58:14: error: cannot find file: `../vc2/gp-02-vc2-223.ly'
(search path: `/tmp/tmp1ukj0h7v:/home/user/GitHub/Artyfyshall-Bird/code-implementation:/usr/share/lilypond/2.22.1/ly:/usr/share/lilypond/2.22.1/ps:/usr/share/lilypond/2.22.1/scm:/usr/share/lilypond/2.22.1/fonts/otf/:/usr/share/lilypond/2.22.1/fonts/type1/:/usr/share/lilypond/2.22.1/fonts/svg/:')
    \include 
             "../vc2/gp-02-vc2-223.ly"
/tmp/tmp1ukj0h7v/2024-03-28T12-26-11-981258-78be787.ly:59:14: error: cannot find file: `../vc2/gp-02-vc2-122.ly'
(search path: `/tmp/tmp1ukj0h7v:/home/user/GitHub/Artyfyshall-Bird/code-implementation:/usr/share/lilypond/2.22.1/ly:/usr/share/lilypond/2.22.1/ps:/usr/share/lilypond/2.22.1/scm:/usr/share/lilypond/2.22.1/fonts/otf/:/usr/share/lilypond/2.22.1/fonts/type1/:/usr/share/lilypond/2.22.1/fonts/svg/:')
    \include 
             "../vc2/gp-02-vc2-122.ly"
/tmp/tmp1ukj0h7v/2024-03-28T12-26-11-981258-78be787.ly:60:14: error: cannot find file: `../vc2/gp-02-vc2-140.ly'
(search path: `/tmp/tmp1ukj0h7v:/home/user/GitHub/Artyfyshall-Bird/code-implementation:/usr/share/lilypond/2.22.1/ly:/usr/share/lilypond/2.22.1/ps:/usr/share/lilypond/2.22.1/scm:/usr/share/lilypond/2.22.1/fonts/otf/:/usr/share/lilypond/2.22.1/fonts/type1/:/usr/share/lilypond/2.22.1/fonts/svg/:')
    \include 
             "../vc2/gp-02-vc2-140.ly"
/tmp/tmp1ukj0h7v/2024-03-28T12-26-11-981258-78be787.ly:61:14: error: cannot find file: `../vc2/gp-02-vc2-3.ly'
(search path: `/tmp/tmp1ukj0h7v:/home/user/GitHub/Artyfyshall-Bird/code-implementation:/usr/share/lilypond/2.22.1/ly:/usr/share/lilypond/2.22.1/ps:/usr/share/lilypond/2.22.1/scm:/usr/share/lilypond/2.22.1/fonts/otf/:/usr/share/lilypond/2.22.1/fonts/type1/:/usr/share/lilypond/2.22.1/fonts/svg/:')
    \include 
             "../vc2/gp-02-vc2-3.ly"
/tmp/tmp1ukj0h7v/2024-03-28T12-26-11-981258-78be787.ly:62:14: error: cannot find file: `../vc2/gp-02-vc2-235.ly'
(search path: `/tmp/tmp1ukj0h7v:/home/user/GitHub/Artyfyshall-Bird/code-implementation:/usr/share/lilypond/2.22.1/ly:/usr/share/lilypond/2.22.1/ps:/usr/share/lilypond/2.22.1/scm:/usr/share/lilypond/2.22.1/fonts/otf/:/usr/share/lilypond/2.22.1/fonts/type1/:/usr/share/lilypond/2.22.1/fonts/svg/:')
    \include 
             "../vc2/gp-02-vc2-235.ly"
/tmp/tmp1ukj0h7v/2024-03-28T12-26-11-981258-78be787.ly:63:14: error: cannot find file: `../vc2/gp-02-vc2-198.ly'
(search path: `/tmp/tmp1ukj0h7v:/home/user/GitHub/Artyfyshall-Bird/code-implementation:/usr/share/lilypond/2.22.1/ly:/usr/share/lilypond/2.22.1/ps:/usr/share/lilypond/2.22.1/scm:/usr/share/lilypond/2.22.1/fonts/otf/:/usr/share/lilypond/2.22.1/fonts/type1/:/usr/share/lilypond/2.22.1/fonts/svg/:')
    \include 
             "../vc2/gp-02-vc2-198.ly"
/tmp/tmp1ukj0h7v/2024-03-28T12-26-11-981258-78be787.ly:64:14: error: cannot find file: `../vc2/gp-02-vc2-222.ly'
(search path: `/tmp/tmp1ukj0h7v:/home/user/GitHub/Artyfyshall-Bird/code-implementation:/usr/share/lilypond/2.22.1/ly:/usr/share/lilypond/2.22.1/ps:/usr/share/lilypond/2.22.1/scm:/usr/share/lilypond/2.22.1/fonts/otf/:/usr/share/lilypond/2.22.1/fonts/type1/:/usr/share/lilypond/2.22.1/fonts/svg/:')
    \include 
             "../vc2/gp-02-vc2-222.ly"
/tmp/tmp1ukj0h7v/2024-03-28T12-26-11-981258-78be787.ly:65:14: error: cannot find file: `../vc2/gp-02-vc2-72.ly'
(search path: `/tmp/tmp1ukj0h7v:/home/user/GitHub/Artyfyshall-Bird/code-implementation:/usr/share/lilypond/2.22.1/ly:/usr/share/lilypond/2.22.1/ps:/usr/share/lilypond/2.22.1/scm:/usr/share/lilypond/2.22.1/fonts/otf/:/usr/share/lilypond/2.22.1/fonts/type1/:/usr/share/lilypond/2.22.1/fonts/svg/:')
    \include 
             "../vc2/gp-02-vc2-72.ly"
/tmp/tmp1ukj0h7v/2024-03-28T12-26-11-981258-78be787.ly:66:14: error: cannot find file: `../vc2/gp-02-vc2-211.ly'
(search path: `/tmp/tmp1ukj0h7v:/home/user/GitHub/Artyfyshall-Bird/code-implementation:/usr/share/lilypond/2.22.1/ly:/usr/share/lilypond/2.22.1/ps:/usr/share/lilypond/2.22.1/scm:/usr/share/lilypond/2.22.1/fonts/otf/:/usr/share/lilypond/2.22.1/fonts/type1/:/usr/share/lilypond/2.22.1/fonts/svg/:')
    \include 
             "../vc2/gp-02-vc2-211.ly"
/tmp/tmp1ukj0h7v/2024-03-28T12-26-11-981258-78be787.ly:67:14: error: cannot find file: `../vc2/gp-02-vc2-157.ly'
(search path: `/tmp/tmp1ukj0h7v:/home/user/GitHub/Artyfyshall-Bird/code-implementation:/usr/share/lilypond/2.22.1/ly:/usr/share/lilypond/2.22.1/ps:/usr/share/lilypond/2.22.1/scm:/usr/share/lilypond/2.22.1/fonts/otf/:/usr/share/lilypond/2.22.1/fonts/type1/:/usr/share/lilypond/2.22.1/fonts/svg/:')
    \include 
             "../vc2/gp-02-vc2-157.ly"
/tmp/tmp1ukj0h7v/2024-03-28T12-26-11-981258-78be787.ly:68:14: error: cannot find file: `../vc2/gp-02-vc2-102.ly'
(search path: `/tmp/tmp1ukj0h7v:/home/user/GitHub/Artyfyshall-Bird/code-implementation:/usr/share/lilypond/2.22.1/ly:/usr/share/lilypond/2.22.1/ps:/usr/share/lilypond/2.22.1/scm:/usr/share/lilypond/2.22.1/fonts/otf/:/usr/share/lilypond/2.22.1/fonts/type1/:/usr/share/lilypond/2.22.1/fonts/svg/:')
    \include 
             "../vc2/gp-02-vc2-102.ly"
/tmp/tmp1ukj0h7v/2024-03-28T12-26-11-981258-78be787.ly:69:14: error: cannot find file: `../vc2/gp-02-vc2-248.ly'
(search path: `/tmp/tmp1ukj0h7v:/home/user/GitHub/Artyfyshall-Bird/code-implementation:/usr/share/lilypond/2.22.1/ly:/usr/share/lilypond/2.22.1/ps:/usr/share/lilypond/2.22.1/scm:/usr/share/lilypond/2.22.1/fonts/otf/:/usr/share/lilypond/2.22.1/fonts/type1/:/usr/share/lilypond/2.22.1/fonts/svg/:')
    \include 
             "../vc2/gp-02-vc2-248.ly"
/tmp/tmp1ukj0h7v/2024-03-28T12-26-11-981258-78be787.ly:70:14: error: cannot find file: `../vc2/gp-02-vc2-47.ly'
(search path: `/tmp/tmp1ukj0h7v:/home/user/GitHub/Artyfyshall-Bird/code-implementation:/usr/share/lilypond/2.22.1/ly:/usr/share/lilypond/2.22.1/ps:/usr/share/lilypond/2.22.1/scm:/usr/share/lilypond/2.22.1/fonts/otf/:/usr/share/lilypond/2.22.1/fonts/type1/:/usr/share/lilypond/2.22.1/fonts/svg/:')
    \include 
             "../vc2/gp-02-vc2-47.ly"
/tmp/tmp1ukj0h7v/2024-03-28T12-26-11-981258-78be787.ly:78:14: error: cannot find file: `../voice_option.ly'
(search path: `/tmp/tmp1ukj0h7v:/home/user/GitHub/Artyfyshall-Bird/code-implementation:/usr/share/lilypond/2.22.1/ly:/usr/share/lilypond/2.22.1/ps:/usr/share/lilypond/2.22.1/scm:/usr/share/lilypond/2.22.1/fonts/otf/:/usr/share/lilypond/2.22.1/fonts/type1/:/usr/share/lilypond/2.22.1/fonts/svg/:')
    \include 
             "../voice_option.ly"
/tmp/tmp1ukj0h7v/2024-03-28T12-26-11-981258-78be787.ly:79:14: error: cannot find file: `../rh/gp-02-rh-44.ly'
(search path: `/tmp/tmp1ukj0h7v:/home/user/GitHub/Artyfyshall-Bird/code-implementation:/usr/share/lilypond/2.22.1/ly:/usr/share/lilypond/2.22.1/ps:/usr/share/lilypond/2.22.1/scm:/usr/share/lilypond/2.22.1/fonts/otf/:/usr/share/lilypond/2.22.1/fonts/type1/:/usr/share/lilypond/2.22.1/fonts/svg/:')
    \include 
             "../rh/gp-02-rh-44.ly"
/tmp/tmp1ukj0h7v/2024-03-28T12-26-11-981258-78be787.ly:80:14: error: cannot find file: `../rh/gp-02-rh-148.ly'
(search path: `/tmp/tmp1ukj0h7v:/home/user/GitHub/Artyfyshall-Bird/code-implementation:/usr/share/lilypond/2.22.1/ly:/usr/share/lilypond/2.22.1/ps:/usr/share/lilypond/2.22.1/scm:/usr/share/lilypond/2.22.1/fonts/otf/:/usr/share/lilypond/2.22.1/fonts/type1/:/usr/share/lilypond/2.22.1/fonts/svg/:')
    \include 
             "../rh/gp-02-rh-148.ly"
/tmp/tmp1ukj0h7v/2024-03-28T12-26-11-981258-78be787.ly:81:14: error: cannot find file: `../rh/gp-02-rh-5.ly'
(search path: `/tmp/tmp1ukj0h7v:/home/user/GitHub/Artyfyshall-Bird/code-implementation:/usr/share/lilypond/2.22.1/ly:/usr/share/lilypond/2.22.1/ps:/usr/share/lilypond/2.22.1/scm:/usr/share/lilypond/2.22.1/fonts/otf/:/usr/share/lilypond/2.22.1/fonts/type1/:/usr/share/lilypond/2.22.1/fonts/svg/:')
    \include 
             "../rh/gp-02-rh-5.ly"
/tmp/tmp1ukj0h7v/2024-03-28T12-26-11-981258-78be787.ly:82:14: error: cannot find file: `../rh/gp-02-rh-200.ly'
(search path: `/tmp/tmp1ukj0h7v:/home/user/GitHub/Artyfyshall-Bird/code-implementation:/usr/share/lilypond/2.22.1/ly:/usr/share/lilypond/2.22.1/ps:/usr/share/lilypond/2.22.1/scm:/usr/share/lilypond/2.22.1/fonts/otf/:/usr/share/lilypond/2.22.1/fonts/type1/:/usr/share/lilypond/2.22.1/fonts/svg/:')
    \include 
             "../rh/gp-02-rh-200.ly"
/tmp/tmp1ukj0h7v/2024-03-28T12-26-11-981258-78be787.ly:83:14: error: cannot find file: `../rh/gp-02-rh-38.ly'
(search path: `/tmp/tmp1ukj0h7v:/home/user/GitHub/Artyfyshall-Bird/code-implementation:/usr/share/lilypond/2.22.1/ly:/usr/share/lilypond/2.22.1/ps:/usr/share/lilypond/2.22.1/scm:/usr/share/lilypond/2.22.1/fonts/otf/:/usr/share/lilypond/2.22.1/fonts/type1/:/usr/share/lilypond/2.22.1/fonts/svg/:')
    \include 
             "../rh/gp-02-rh-38.ly"
/tmp/tmp1ukj0h7v/2024-03-28T12-26-11-981258-78be787.ly:84:14: error: cannot find file: `../rh/gp-02-rh-97.ly'
(search path: `/tmp/tmp1ukj0h7v:/home/user/GitHub/Artyfyshall-Bird/code-implementation:/usr/share/lilypond/2.22.1/ly:/usr/share/lilypond/2.22.1/ps:/usr/share/lilypond/2.22.1/scm:/usr/share/lilypond/2.22.1/fonts/otf/:/usr/share/lilypond/2.22.1/fonts/type1/:/usr/share/lilypond/2.22.1/fonts/svg/:')
    \include 
             "../rh/gp-02-rh-97.ly"
/tmp/tmp1ukj0h7v/2024-03-28T12-26-11-981258-78be787.ly:85:14: error: cannot find file: `../rh/gp-02-rh-221.ly'
(search path: `/tmp/tmp1ukj0h7v:/home/user/GitHub/Artyfyshall-Bird/code-implementation:/usr/share/lilypond/2.22.1/ly:/usr/share/lilypond/2.22.1/ps:/usr/share/lilypond/2.22.1/scm:/usr/share/lilypond/2.22.1/fonts/otf/:/usr/share/lilypond/2.22.1/fonts/type1/:/usr/share/lilypond/2.22.1/fonts/svg/:')
    \include 
             "../rh/gp-02-rh-221.ly"
/tmp/tmp1ukj0h7v/2024-03-28T12-26-11-981258-78be787.ly:86:14: error: cannot find file: `../rh/gp-02-rh-190.ly'
(search path: `/tmp/tmp1ukj0h7v:/home/user/GitHub/Artyfyshall-Bird/code-implementation:/usr/share/lilypond/2.22.1/ly:/usr/share/lilypond/2.22.1/ps:/usr/share/lilypond/2.22.1/scm:/usr/share/lilypond/2.22.1/fonts/otf/:/usr/share/lilypond/2.22.1/fonts/type1/:/usr/share/lilypond/2.22.1/fonts/svg/:')
    \include 
             "../rh/gp-02-rh-190.ly"
/tmp/tmp1ukj0h7v/2024-03-28T12-26-11-981258-78be787.ly:87:14: error: cannot find file: `../rh/gp-02-rh-231.ly'
(search path: `/tmp/tmp1ukj0h7v:/home/user/GitHub/Artyfyshall-Bird/code-implementation:/usr/share/lilypond/2.22.1/ly:/usr/share/lilypond/2.22.1/ps:/usr/share/lilypond/2.22.1/scm:/usr/share/lilypond/2.22.1/fonts/otf/:/usr/share/lilypond/2.22.1/fonts/type1/:/usr/share/lilypond/2.22.1/fonts/svg/:')
    \include 
             "../rh/gp-02-rh-231.ly"
/tmp/tmp1ukj0h7v/2024-03-28T12-26-11-981258-78be787.ly:88:14: error: cannot find file: `../rh/gp-02-rh-25.ly'
(search path: `/tmp/tmp1ukj0h7v:/home/user/GitHub/Artyfyshall-Bird/code-implementation:/usr/share/lilypond/2.22.1/ly:/usr/share/lilypond/2.22.1/ps:/usr/share/lilypond/2.22.1/scm:/usr/share/lilypond/2.22.1/fonts/otf/:/usr/share/lilypond/2.22.1/fonts/type1/:/usr/share/lilypond/2.22.1/fonts/svg/:')
    \include 
             "../rh/gp-02-rh-25.ly"
/tmp/tmp1ukj0h7v/2024-03-28T12-26-11-981258-78be787.ly:89:14: error: cannot find file: `../rh/gp-02-rh-34.ly'
(search path: `/tmp/tmp1ukj0h7v:/home/user/GitHub/Artyfyshall-Bird/code-implementation:/usr/share/lilypond/2.22.1/ly:/usr/share/lilypond/2.22.1/ps:/usr/share/lilypond/2.22.1/scm:/usr/share/lilypond/2.22.1/fonts/otf/:/usr/share/lilypond/2.22.1/fonts/type1/:/usr/share/lilypond/2.22.1/fonts/svg/:')
    \include 
             "../rh/gp-02-rh-34.ly"
/tmp/tmp1ukj0h7v/2024-03-28T12-26-11-981258-78be787.ly:90:14: error: cannot find file: `../rh/gp-02-rh-223.ly'
(search path: `/tmp/tmp1ukj0h7v:/home/user/GitHub/Artyfyshall-Bird/code-implementation:/usr/share/lilypond/2.22.1/ly:/usr/share/lilypond/2.22.1/ps:/usr/share/lilypond/2.22.1/scm:/usr/share/lilypond/2.22.1/fonts/otf/:/usr/share/lilypond/2.22.1/fonts/type1/:/usr/share/lilypond/2.22.1/fonts/svg/:')
    \include 
             "../rh/gp-02-rh-223.ly"
/tmp/tmp1ukj0h7v/2024-03-28T12-26-11-981258-78be787.ly:91:14: error: cannot find file: `../rh/gp-02-rh-122.ly'
(search path: `/tmp/tmp1ukj0h7v:/home/user/GitHub/Artyfyshall-Bird/code-implementation:/usr/share/lilypond/2.22.1/ly:/usr/share/lilypond/2.22.1/ps:/usr/share/lilypond/2.22.1/scm:/usr/share/lilypond/2.22.1/fonts/otf/:/usr/share/lilypond/2.22.1/fonts/type1/:/usr/share/lilypond/2.22.1/fonts/svg/:')
    \include 
             "../rh/gp-02-rh-122.ly"
/tmp/tmp1ukj0h7v/2024-03-28T12-26-11-981258-78be787.ly:92:14: error: cannot find file: `../rh/gp-02-rh-140.ly'
(search path: `/tmp/tmp1ukj0h7v:/home/user/GitHub/Artyfyshall-Bird/code-implementation:/usr/share/lilypond/2.22.1/ly:/usr/share/lilypond/2.22.1/ps:/usr/share/lilypond/2.22.1/scm:/usr/share/lilypond/2.22.1/fonts/otf/:/usr/share/lilypond/2.22.1/fonts/type1/:/usr/share/lilypond/2.22.1/fonts/svg/:')
    \include 
             "../rh/gp-02-rh-140.ly"
/tmp/tmp1ukj0h7v/2024-03-28T12-26-11-981258-78be787.ly:93:14: error: cannot find file: `../rh/gp-02-rh-3.ly'
(search path: `/tmp/tmp1ukj0h7v:/home/user/GitHub/Artyfyshall-Bird/code-implementation:/usr/share/lilypond/2.22.1/ly:/usr/share/lilypond/2.22.1/ps:/usr/share/lilypond/2.22.1/scm:/usr/share/lilypond/2.22.1/fonts/otf/:/usr/share/lilypond/2.22.1/fonts/type1/:/usr/share/lilypond/2.22.1/fonts/svg/:')
    \include 
             "../rh/gp-02-rh-3.ly"
/tmp/tmp1ukj0h7v/2024-03-28T12-26-11-981258-78be787.ly:94:14: error: cannot find file: `../rh/gp-02-rh-235.ly'
(search path: `/tmp/tmp1ukj0h7v:/home/user/GitHub/Artyfyshall-Bird/code-implementation:/usr/share/lilypond/2.22.1/ly:/usr/share/lilypond/2.22.1/ps:/usr/share/lilypond/2.22.1/scm:/usr/share/lilypond/2.22.1/fonts/otf/:/usr/share/lilypond/2.22.1/fonts/type1/:/usr/share/lilypond/2.22.1/fonts/svg/:')
    \include 
             "../rh/gp-02-rh-235.ly"
/tmp/tmp1ukj0h7v/2024-03-28T12-26-11-981258-78be787.ly:95:14: error: cannot find file: `../rh/gp-02-rh-198.ly'
(search path: `/tmp/tmp1ukj0h7v:/home/user/GitHub/Artyfyshall-Bird/code-implementation:/usr/share/lilypond/2.22.1/ly:/usr/share/lilypond/2.22.1/ps:/usr/share/lilypond/2.22.1/scm:/usr/share/lilypond/2.22.1/fonts/otf/:/usr/share/lilypond/2.22.1/fonts/type1/:/usr/share/lilypond/2.22.1/fonts/svg/:')
    \include 
             "../rh/gp-02-rh-198.ly"
/tmp/tmp1ukj0h7v/2024-03-28T12-26-11-981258-78be787.ly:96:14: error: cannot find file: `../rh/gp-02-rh-222.ly'
(search path: `/tmp/tmp1ukj0h7v:/home/user/GitHub/Artyfyshall-Bird/code-implementation:/usr/share/lilypond/2.22.1/ly:/usr/share/lilypond/2.22.1/ps:/usr/share/lilypond/2.22.1/scm:/usr/share/lilypond/2.22.1/fonts/otf/:/usr/share/lilypond/2.22.1/fonts/type1/:/usr/share/lilypond/2.22.1/fonts/svg/:')
    \include 
             "../rh/gp-02-rh-222.ly"
/tmp/tmp1ukj0h7v/2024-03-28T12-26-11-981258-78be787.ly:97:14: error: cannot find file: `../rh/gp-02-rh-72.ly'
(search path: `/tmp/tmp1ukj0h7v:/home/user/GitHub/Artyfyshall-Bird/code-implementation:/usr/share/lilypond/2.22.1/ly:/usr/share/lilypond/2.22.1/ps:/usr/share/lilypond/2.22.1/scm:/usr/share/lilypond/2.22.1/fonts/otf/:/usr/share/lilypond/2.22.1/fonts/type1/:/usr/share/lilypond/2.22.1/fonts/svg/:')
    \include 
             "../rh/gp-02-rh-72.ly"
/tmp/tmp1ukj0h7v/2024-03-28T12-26-11-981258-78be787.ly:98:14: error: cannot find file: `../rh/gp-02-rh-211.ly'
(search path: `/tmp/tmp1ukj0h7v:/home/user/GitHub/Artyfyshall-Bird/code-implementation:/usr/share/lilypond/2.22.1/ly:/usr/share/lilypond/2.22.1/ps:/usr/share/lilypond/2.22.1/scm:/usr/share/lilypond/2.22.1/fonts/otf/:/usr/share/lilypond/2.22.1/fonts/type1/:/usr/share/lilypond/2.22.1/fonts/svg/:')
    \include 
             "../rh/gp-02-rh-211.ly"
/tmp/tmp1ukj0h7v/2024-03-28T12-26-11-981258-78be787.ly:99:14: error: cannot find file: `../rh/gp-02-rh-157.ly'
(search path: `/tmp/tmp1ukj0h7v:/home/user/GitHub/Artyfyshall-Bird/code-implementation:/usr/share/lilypond/2.22.1/ly:/usr/share/lilypond/2.22.1/ps:/usr/share/lilypond/2.22.1/scm:/usr/share/lilypond/2.22.1/fonts/otf/:/usr/share/lilypond/2.22.1/fonts/type1/:/usr/share/lilypond/2.22.1/fonts/svg/:')
    \include 
             "../rh/gp-02-rh-157.ly"
/tmp/tmp1ukj0h7v/2024-03-28T12-26-11-981258-78be787.ly:100:14: error: cannot find file: `../rh/gp-02-rh-102.ly'
(search path: `/tmp/tmp1ukj0h7v:/home/user/GitHub/Artyfyshall-Bird/code-implementation:/usr/share/lilypond/2.22.1/ly:/usr/share/lilypond/2.22.1/ps:/usr/share/lilypond/2.22.1/scm:/usr/share/lilypond/2.22.1/fonts/otf/:/usr/share/lilypond/2.22.1/fonts/type1/:/usr/share/lilypond/2.22.1/fonts/svg/:')
    \include 
             "../rh/gp-02-rh-102.ly"
/tmp/tmp1ukj0h7v/2024-03-28T12-26-11-981258-78be787.ly:101:14: error: cannot find file: `../rh/gp-02-rh-248.ly'
(search path: `/tmp/tmp1ukj0h7v:/home/user/GitHub/Artyfyshall-Bird/code-implementation:/usr/share/lilypond/2.22.1/ly:/usr/share/lilypond/2.22.1/ps:/usr/share/lilypond/2.22.1/scm:/usr/share/lilypond/2.22.1/fonts/otf/:/usr/share/lilypond/2.22.1/fonts/type1/:/usr/share/lilypond/2.22.1/fonts/svg/:')
    \include 
             "../rh/gp-02-rh-248.ly"
/tmp/tmp1ukj0h7v/2024-03-28T12-26-11-981258-78be787.ly:102:14: error: cannot find file: `../rh/gp-02-rh-47.ly'
(search path: `/tmp/tmp1ukj0h7v:/home/user/GitHub/Artyfyshall-Bird/code-implementation:/usr/share/lilypond/2.22.1/ly:/usr/share/lilypond/2.22.1/ps:/usr/share/lilypond/2.22.1/scm:/usr/share/lilypond/2.22.1/fonts/otf/:/usr/share/lilypond/2.22.1/fonts/type1/:/usr/share/lilypond/2.22.1/fonts/svg/:')
    \include 
             "../rh/gp-02-rh-47.ly"
/tmp/tmp1ukj0h7v/2024-03-28T12-26-11-981258-78be787.ly:105:14: error: cannot find file: `../bassline_option.ly'
(search path: `/tmp/tmp1ukj0h7v:/home/user/GitHub/Artyfyshall-Bird/code-implementation:/usr/share/lilypond/2.22.1/ly:/usr/share/lilypond/2.22.1/ps:/usr/share/lilypond/2.22.1/scm:/usr/share/lilypond/2.22.1/fonts/otf/:/usr/share/lilypond/2.22.1/fonts/type1/:/usr/share/lilypond/2.22.1/fonts/svg/:')
    \include 
             "../bassline_option.ly"
/tmp/tmp1ukj0h7v/2024-03-28T12-26-11-981258-78be787.ly:106:14: error: cannot find file: `../lh/gp-02-lh-44.ly'
(search path: `/tmp/tmp1ukj0h7v:/home/user/GitHub/Artyfyshall-Bird/code-implementation:/usr/share/lilypond/2.22.1/ly:/usr/share/lilypond/2.22.1/ps:/usr/share/lilypond/2.22.1/scm:/usr/share/lilypond/2.22.1/fonts/otf/:/usr/share/lilypond/2.22.1/fonts/type1/:/usr/share/lilypond/2.22.1/fonts/svg/:')
    \include 
             "../lh/gp-02-lh-44.ly"
/tmp/tmp1ukj0h7v/2024-03-28T12-26-11-981258-78be787.ly:107:14: error: cannot find file: `../lh/gp-02-lh-148.ly'
(search path: `/tmp/tmp1ukj0h7v:/home/user/GitHub/Artyfyshall-Bird/code-implementation:/usr/share/lilypond/2.22.1/ly:/usr/share/lilypond/2.22.1/ps:/usr/share/lilypond/2.22.1/scm:/usr/share/lilypond/2.22.1/fonts/otf/:/usr/share/lilypond/2.22.1/fonts/type1/:/usr/share/lilypond/2.22.1/fonts/svg/:')
    \include 
             "../lh/gp-02-lh-148.ly"
/tmp/tmp1ukj0h7v/2024-03-28T12-26-11-981258-78be787.ly:108:14: error: cannot find file: `../lh/gp-02-lh-5.ly'
(search path: `/tmp/tmp1ukj0h7v:/home/user/GitHub/Artyfyshall-Bird/code-implementation:/usr/share/lilypond/2.22.1/ly:/usr/share/lilypond/2.22.1/ps:/usr/share/lilypond/2.22.1/scm:/usr/share/lilypond/2.22.1/fonts/otf/:/usr/share/lilypond/2.22.1/fonts/type1/:/usr/share/lilypond/2.22.1/fonts/svg/:')
    \include 
             "../lh/gp-02-lh-5.ly"
/tmp/tmp1ukj0h7v/2024-03-28T12-26-11-981258-78be787.ly:109:14: error: cannot find file: `../lh/gp-02-lh-200.ly'
(search path: `/tmp/tmp1ukj0h7v:/home/user/GitHub/Artyfyshall-Bird/code-implementation:/usr/share/lilypond/2.22.1/ly:/usr/share/lilypond/2.22.1/ps:/usr/share/lilypond/2.22.1/scm:/usr/share/lilypond/2.22.1/fonts/otf/:/usr/share/lilypond/2.22.1/fonts/type1/:/usr/share/lilypond/2.22.1/fonts/svg/:')
    \include 
             "../lh/gp-02-lh-200.ly"
/tmp/tmp1ukj0h7v/2024-03-28T12-26-11-981258-78be787.ly:110:14: error: cannot find file: `../lh/gp-02-lh-38.ly'
(search path: `/tmp/tmp1ukj0h7v:/home/user/GitHub/Artyfyshall-Bird/code-implementation:/usr/share/lilypond/2.22.1/ly:/usr/share/lilypond/2.22.1/ps:/usr/share/lilypond/2.22.1/scm:/usr/share/lilypond/2.22.1/fonts/otf/:/usr/share/lilypond/2.22.1/fonts/type1/:/usr/share/lilypond/2.22.1/fonts/svg/:')
    \include 
             "../lh/gp-02-lh-38.ly"
/tmp/tmp1ukj0h7v/2024-03-28T12-26-11-981258-78be787.ly:111:14: error: cannot find file: `../lh/gp-02-lh-97.ly'
(search path: `/tmp/tmp1ukj0h7v:/home/user/GitHub/Artyfyshall-Bird/code-implementation:/usr/share/lilypond/2.22.1/ly:/usr/share/lilypond/2.22.1/ps:/usr/share/lilypond/2.22.1/scm:/usr/share/lilypond/2.22.1/fonts/otf/:/usr/share/lilypond/2.22.1/fonts/type1/:/usr/share/lilypond/2.22.1/fonts/svg/:')
    \include 
             "../lh/gp-02-lh-97.ly"
/tmp/tmp1ukj0h7v/2024-03-28T12-26-11-981258-78be787.ly:112:14: error: cannot find file: `../lh/gp-02-lh-221.ly'
(search path: `/tmp/tmp1ukj0h7v:/home/user/GitHub/Artyfyshall-Bird/code-implementation:/usr/share/lilypond/2.22.1/ly:/usr/share/lilypond/2.22.1/ps:/usr/share/lilypond/2.22.1/scm:/usr/share/lilypond/2.22.1/fonts/otf/:/usr/share/lilypond/2.22.1/fonts/type1/:/usr/share/lilypond/2.22.1/fonts/svg/:')
    \include 
             "../lh/gp-02-lh-221.ly"
/tmp/tmp1ukj0h7v/2024-03-28T12-26-11-981258-78be787.ly:113:14: error: cannot find file: `../lh/gp-02-lh-190.ly'
(search path: `/tmp/tmp1ukj0h7v:/home/user/GitHub/Artyfyshall-Bird/code-implementation:/usr/share/lilypond/2.22.1/ly:/usr/share/lilypond/2.22.1/ps:/usr/share/lilypond/2.22.1/scm:/usr/share/lilypond/2.22.1/fonts/otf/:/usr/share/lilypond/2.22.1/fonts/type1/:/usr/share/lilypond/2.22.1/fonts/svg/:')
    \include 
             "../lh/gp-02-lh-190.ly"
/tmp/tmp1ukj0h7v/2024-03-28T12-26-11-981258-78be787.ly:114:14: error: cannot find file: `../lh/gp-02-lh-231.ly'
(search path: `/tmp/tmp1ukj0h7v:/home/user/GitHub/Artyfyshall-Bird/code-implementation:/usr/share/lilypond/2.22.1/ly:/usr/share/lilypond/2.22.1/ps:/usr/share/lilypond/2.22.1/scm:/usr/share/lilypond/2.22.1/fonts/otf/:/usr/share/lilypond/2.22.1/fonts/type1/:/usr/share/lilypond/2.22.1/fonts/svg/:')
    \include 
             "../lh/gp-02-lh-231.ly"
/tmp/tmp1ukj0h7v/2024-03-28T12-26-11-981258-78be787.ly:115:14: error: cannot find file: `../lh/gp-02-lh-25.ly'
(search path: `/tmp/tmp1ukj0h7v:/home/user/GitHub/Artyfyshall-Bird/code-implementation:/usr/share/lilypond/2.22.1/ly:/usr/share/lilypond/2.22.1/ps:/usr/share/lilypond/2.22.1/scm:/usr/share/lilypond/2.22.1/fonts/otf/:/usr/share/lilypond/2.22.1/fonts/type1/:/usr/share/lilypond/2.22.1/fonts/svg/:')
    \include 
             "../lh/gp-02-lh-25.ly"
/tmp/tmp1ukj0h7v/2024-03-28T12-26-11-981258-78be787.ly:116:14: error: cannot find file: `../lh/gp-02-lh-34.ly'
(search path: `/tmp/tmp1ukj0h7v:/home/user/GitHub/Artyfyshall-Bird/code-implementation:/usr/share/lilypond/2.22.1/ly:/usr/share/lilypond/2.22.1/ps:/usr/share/lilypond/2.22.1/scm:/usr/share/lilypond/2.22.1/fonts/otf/:/usr/share/lilypond/2.22.1/fonts/type1/:/usr/share/lilypond/2.22.1/fonts/svg/:')
    \include 
             "../lh/gp-02-lh-34.ly"
/tmp/tmp1ukj0h7v/2024-03-28T12-26-11-981258-78be787.ly:117:14: error: cannot find file: `../lh/gp-02-lh-223.ly'
(search path: `/tmp/tmp1ukj0h7v:/home/user/GitHub/Artyfyshall-Bird/code-implementation:/usr/share/lilypond/2.22.1/ly:/usr/share/lilypond/2.22.1/ps:/usr/share/lilypond/2.22.1/scm:/usr/share/lilypond/2.22.1/fonts/otf/:/usr/share/lilypond/2.22.1/fonts/type1/:/usr/share/lilypond/2.22.1/fonts/svg/:')
    \include 
             "../lh/gp-02-lh-223.ly"
/tmp/tmp1ukj0h7v/2024-03-28T12-26-11-981258-78be787.ly:118:14: error: cannot find file: `../lh/gp-02-lh-122.ly'
(search path: `/tmp/tmp1ukj0h7v:/home/user/GitHub/Artyfyshall-Bird/code-implementation:/usr/share/lilypond/2.22.1/ly:/usr/share/lilypond/2.22.1/ps:/usr/share/lilypond/2.22.1/scm:/usr/share/lilypond/2.22.1/fonts/otf/:/usr/share/lilypond/2.22.1/fonts/type1/:/usr/share/lilypond/2.22.1/fonts/svg/:')
    \include 
             "../lh/gp-02-lh-122.ly"
/tmp/tmp1ukj0h7v/2024-03-28T12-26-11-981258-78be787.ly:119:14: error: cannot find file: `../lh/gp-02-lh-140.ly'
(search path: `/tmp/tmp1ukj0h7v:/home/user/GitHub/Artyfyshall-Bird/code-implementation:/usr/share/lilypond/2.22.1/ly:/usr/share/lilypond/2.22.1/ps:/usr/share/lilypond/2.22.1/scm:/usr/share/lilypond/2.22.1/fonts/otf/:/usr/share/lilypond/2.22.1/fonts/type1/:/usr/share/lilypond/2.22.1/fonts/svg/:')
    \include 
             "../lh/gp-02-lh-140.ly"
/tmp/tmp1ukj0h7v/2024-03-28T12-26-11-981258-78be787.ly:120:14: error: cannot find file: `../lh/gp-02-lh-3.ly'
(search path: `/tmp/tmp1ukj0h7v:/home/user/GitHub/Artyfyshall-Bird/code-implementation:/usr/share/lilypond/2.22.1/ly:/usr/share/lilypond/2.22.1/ps:/usr/share/lilypond/2.22.1/scm:/usr/share/lilypond/2.22.1/fonts/otf/:/usr/share/lilypond/2.22.1/fonts/type1/:/usr/share/lilypond/2.22.1/fonts/svg/:')
    \include 
             "../lh/gp-02-lh-3.ly"
/tmp/tmp1ukj0h7v/2024-03-28T12-26-11-981258-78be787.ly:121:14: error: cannot find file: `../lh/gp-02-lh-235.ly'
(search path: `/tmp/tmp1ukj0h7v:/home/user/GitHub/Artyfyshall-Bird/code-implementation:/usr/share/lilypond/2.22.1/ly:/usr/share/lilypond/2.22.1/ps:/usr/share/lilypond/2.22.1/scm:/usr/share/lilypond/2.22.1/fonts/otf/:/usr/share/lilypond/2.22.1/fonts/type1/:/usr/share/lilypond/2.22.1/fonts/svg/:')
    \include 
             "../lh/gp-02-lh-235.ly"
/tmp/tmp1ukj0h7v/2024-03-28T12-26-11-981258-78be787.ly:122:14: error: cannot find file: `../lh/gp-02-lh-198.ly'
(search path: `/tmp/tmp1ukj0h7v:/home/user/GitHub/Artyfyshall-Bird/code-implementation:/usr/share/lilypond/2.22.1/ly:/usr/share/lilypond/2.22.1/ps:/usr/share/lilypond/2.22.1/scm:/usr/share/lilypond/2.22.1/fonts/otf/:/usr/share/lilypond/2.22.1/fonts/type1/:/usr/share/lilypond/2.22.1/fonts/svg/:')
    \include 
             "../lh/gp-02-lh-198.ly"
/tmp/tmp1ukj0h7v/2024-03-28T12-26-11-981258-78be787.ly:123:14: error: cannot find file: `../lh/gp-02-lh-222.ly'
(search path: `/tmp/tmp1ukj0h7v:/home/user/GitHub/Artyfyshall-Bird/code-implementation:/usr/share/lilypond/2.22.1/ly:/usr/share/lilypond/2.22.1/ps:/usr/share/lilypond/2.22.1/scm:/usr/share/lilypond/2.22.1/fonts/otf/:/usr/share/lilypond/2.22.1/fonts/type1/:/usr/share/lilypond/2.22.1/fonts/svg/:')
    \include 
             "../lh/gp-02-lh-222.ly"
/tmp/tmp1ukj0h7v/2024-03-28T12-26-11-981258-78be787.ly:124:14: error: cannot find file: `../lh/gp-02-lh-72.ly'
(search path: `/tmp/tmp1ukj0h7v:/home/user/GitHub/Artyfyshall-Bird/code-implementation:/usr/share/lilypond/2.22.1/ly:/usr/share/lilypond/2.22.1/ps:/usr/share/lilypond/2.22.1/scm:/usr/share/lilypond/2.22.1/fonts/otf/:/usr/share/lilypond/2.22.1/fonts/type1/:/usr/share/lilypond/2.22.1/fonts/svg/:')
    \include 
             "../lh/gp-02-lh-72.ly"
/tmp/tmp1ukj0h7v/2024-03-28T12-26-11-981258-78be787.ly:125:14: error: cannot find file: `../lh/gp-02-lh-211.ly'
(search path: `/tmp/tmp1ukj0h7v:/home/user/GitHub/Artyfyshall-Bird/code-implementation:/usr/share/lilypond/2.22.1/ly:/usr/share/lilypond/2.22.1/ps:/usr/share/lilypond/2.22.1/scm:/usr/share/lilypond/2.22.1/fonts/otf/:/usr/share/lilypond/2.22.1/fonts/type1/:/usr/share/lilypond/2.22.1/fonts/svg/:')
    \include 
             "../lh/gp-02-lh-211.ly"
/tmp/tmp1ukj0h7v/2024-03-28T12-26-11-981258-78be787.ly:126:14: error: cannot find file: `../lh/gp-02-lh-157.ly'
(search path: `/tmp/tmp1ukj0h7v:/home/user/GitHub/Artyfyshall-Bird/code-implementation:/usr/share/lilypond/2.22.1/ly:/usr/share/lilypond/2.22.1/ps:/usr/share/lilypond/2.22.1/scm:/usr/share/lilypond/2.22.1/fonts/otf/:/usr/share/lilypond/2.22.1/fonts/type1/:/usr/share/lilypond/2.22.1/fonts/svg/:')
    \include 
             "../lh/gp-02-lh-157.ly"
/tmp/tmp1ukj0h7v/2024-03-28T12-26-11-981258-78be787.ly:127:14: error: cannot find file: `../lh/gp-02-lh-102.ly'
(search path: `/tmp/tmp1ukj0h7v:/home/user/GitHub/Artyfyshall-Bird/code-implementation:/usr/share/lilypond/2.22.1/ly:/usr/share/lilypond/2.22.1/ps:/usr/share/lilypond/2.22.1/scm:/usr/share/lilypond/2.22.1/fonts/otf/:/usr/share/lilypond/2.22.1/fonts/type1/:/usr/share/lilypond/2.22.1/fonts/svg/:')
    \include 
             "../lh/gp-02-lh-102.ly"
/tmp/tmp1ukj0h7v/2024-03-28T12-26-11-981258-78be787.ly:128:14: error: cannot find file: `../lh/gp-02-lh-248.ly'
(search path: `/tmp/tmp1ukj0h7v:/home/user/GitHub/Artyfyshall-Bird/code-implementation:/usr/share/lilypond/2.22.1/ly:/usr/share/lilypond/2.22.1/ps:/usr/share/lilypond/2.22.1/scm:/usr/share/lilypond/2.22.1/fonts/otf/:/usr/share/lilypond/2.22.1/fonts/type1/:/usr/share/lilypond/2.22.1/fonts/svg/:')
    \include 
             "../lh/gp-02-lh-248.ly"
/tmp/tmp1ukj0h7v/2024-03-28T12-26-11-981258-78be787.ly:129:14: error: cannot find file: `../lh/gp-02-lh-47.ly'
(search path: `/tmp/tmp1ukj0h7v:/home/user/GitHub/Artyfyshall-Bird/code-implementation:/usr/share/lilypond/2.22.1/ly:/usr/share/lilypond/2.22.1/ps:/usr/share/lilypond/2.22.1/scm:/usr/share/lilypond/2.22.1/fonts/otf/:/usr/share/lilypond/2.22.1/fonts/type1/:/usr/share/lilypond/2.22.1/fonts/svg/:')
    \include 
             "../lh/gp-02-lh-47.ly"
/tmp/tmp1ukj0h7v/2024-03-28T12-26-11-981258-78be787.ly:134:14: error: cannot find file: `../layout_settings.ly'
(search path: `/tmp/tmp1ukj0h7v:/home/user/GitHub/Artyfyshall-Bird/code-implementation:/usr/share/lilypond/2.22.1/ly:/usr/share/lilypond/2.22.1/ps:/usr/share/lilypond/2.22.1/scm:/usr/share/lilypond/2.22.1/fonts/otf/:/usr/share/lilypond/2.22.1/fonts/type1/:/usr/share/lilypond/2.22.1/fonts/svg/:')
    \include 
             "../layout_settings.ly"
/tmp/tmp1ukj0h7v/2024-03-28T12-26-11-981258-78be787.ly:1: warning: no \version statement found, please add

\version "2.22.1"

for future compatibility
Interpreting music...
/tmp/tmp1ukj0h7v/2024-03-28T12-26-11-981258-78be787.ly:8:5: warning: skipping zero-duration score
    
    <<
/tmp/tmp1ukj0h7v/2024-03-28T12-26-11-981258-78be787.ly:8:5: warning: to suppress this, consider adding a spacer rest
    
    <<
fatal error: failed files: "/tmp/tmp1ukj0h7v/2024-03-28T12-26-11-981258-78be787.ly"
