GNU LilyPond 2.22.1
Changing working directory to: `/tmp/tmp56_e1nfn'
Processing `/tmp/tmp56_e1nfn/2024-03-28T13-18-40-931455-703f013.ly'
Parsing...
/tmp/tmp56_e1nfn/2024-03-28T13-18-40-931455-703f013.ly:1:10: error: cannot find file: `../paper_settings.ly'
(search path: `/tmp/tmp56_e1nfn:/home/user/GitHub/Artyfyshall-Bird/code-implementation:/usr/share/lilypond/2.22.1/ly:/usr/share/lilypond/2.22.1/ps:/usr/share/lilypond/2.22.1/scm:/usr/share/lilypond/2.22.1/fonts/otf/:/usr/share/lilypond/2.22.1/fonts/type1/:/usr/share/lilypond/2.22.1/fonts/svg/:')
\include 
         "../paper_settings.ly" 
/tmp/tmp56_e1nfn/2024-03-28T13-18-40-931455-703f013.ly:15:14: error: cannot find file: `../voice_option.ly'
(search path: `/tmp/tmp56_e1nfn:/home/user/GitHub/Artyfyshall-Bird/code-implementation:/usr/share/lilypond/2.22.1/ly:/usr/share/lilypond/2.22.1/ps:/usr/share/lilypond/2.22.1/scm:/usr/share/lilypond/2.22.1/fonts/otf/:/usr/share/lilypond/2.22.1/fonts/type1/:/usr/share/lilypond/2.22.1/fonts/svg/:')
    \include 
             "../voice_option.ly"
/tmp/tmp56_e1nfn/2024-03-28T13-18-40-931455-703f013.ly:16:14: error: cannot find file: `../vc1/gp-02-vc1-197.ly'
(search path: `/tmp/tmp56_e1nfn:/home/user/GitHub/Artyfyshall-Bird/code-implementation:/usr/share/lilypond/2.22.1/ly:/usr/share/lilypond/2.22.1/ps:/usr/share/lilypond/2.22.1/scm:/usr/share/lilypond/2.22.1/fonts/otf/:/usr/share/lilypond/2.22.1/fonts/type1/:/usr/share/lilypond/2.22.1/fonts/svg/:')
    \include 
             "../vc1/gp-02-vc1-197.ly"
/tmp/tmp56_e1nfn/2024-03-28T13-18-40-931455-703f013.ly:17:14: error: cannot find file: `../vc1/gp-02-vc1-165.ly'
(search path: `/tmp/tmp56_e1nfn:/home/user/GitHub/Artyfyshall-Bird/code-implementation:/usr/share/lilypond/2.22.1/ly:/usr/share/lilypond/2.22.1/ps:/usr/share/lilypond/2.22.1/scm:/usr/share/lilypond/2.22.1/fonts/otf/:/usr/share/lilypond/2.22.1/fonts/type1/:/usr/share/lilypond/2.22.1/fonts/svg/:')
    \include 
             "../vc1/gp-02-vc1-165.ly"
/tmp/tmp56_e1nfn/2024-03-28T13-18-40-931455-703f013.ly:18:14: error: cannot find file: `../vc1/gp-02-vc1-132.ly'
(search path: `/tmp/tmp56_e1nfn:/home/user/GitHub/Artyfyshall-Bird/code-implementation:/usr/share/lilypond/2.22.1/ly:/usr/share/lilypond/2.22.1/ps:/usr/share/lilypond/2.22.1/scm:/usr/share/lilypond/2.22.1/fonts/otf/:/usr/share/lilypond/2.22.1/fonts/type1/:/usr/share/lilypond/2.22.1/fonts/svg/:')
    \include 
             "../vc1/gp-02-vc1-132.ly"
/tmp/tmp56_e1nfn/2024-03-28T13-18-40-931455-703f013.ly:19:14: error: cannot find file: `../vc1/gp-02-vc1-143.ly'
(search path: `/tmp/tmp56_e1nfn:/home/user/GitHub/Artyfyshall-Bird/code-implementation:/usr/share/lilypond/2.22.1/ly:/usr/share/lilypond/2.22.1/ps:/usr/share/lilypond/2.22.1/scm:/usr/share/lilypond/2.22.1/fonts/otf/:/usr/share/lilypond/2.22.1/fonts/type1/:/usr/share/lilypond/2.22.1/fonts/svg/:')
    \include 
             "../vc1/gp-02-vc1-143.ly"
/tmp/tmp56_e1nfn/2024-03-28T13-18-40-931455-703f013.ly:20:14: error: cannot find file: `../vc1/gp-02-vc1-57.ly'
(search path: `/tmp/tmp56_e1nfn:/home/user/GitHub/Artyfyshall-Bird/code-implementation:/usr/share/lilypond/2.22.1/ly:/usr/share/lilypond/2.22.1/ps:/usr/share/lilypond/2.22.1/scm:/usr/share/lilypond/2.22.1/fonts/otf/:/usr/share/lilypond/2.22.1/fonts/type1/:/usr/share/lilypond/2.22.1/fonts/svg/:')
    \include 
             "../vc1/gp-02-vc1-57.ly"
/tmp/tmp56_e1nfn/2024-03-28T13-18-40-931455-703f013.ly:21:14: error: cannot find file: `../vc1/gp-02-vc1-153.ly'
(search path: `/tmp/tmp56_e1nfn:/home/user/GitHub/Artyfyshall-Bird/code-implementation:/usr/share/lilypond/2.22.1/ly:/usr/share/lilypond/2.22.1/ps:/usr/share/lilypond/2.22.1/scm:/usr/share/lilypond/2.22.1/fonts/otf/:/usr/share/lilypond/2.22.1/fonts/type1/:/usr/share/lilypond/2.22.1/fonts/svg/:')
    \include 
             "../vc1/gp-02-vc1-153.ly"
/tmp/tmp56_e1nfn/2024-03-28T13-18-40-931455-703f013.ly:22:14: error: cannot find file: `../vc1/gp-02-vc1-63.ly'
(search path: `/tmp/tmp56_e1nfn:/home/user/GitHub/Artyfyshall-Bird/code-implementation:/usr/share/lilypond/2.22.1/ly:/usr/share/lilypond/2.22.1/ps:/usr/share/lilypond/2.22.1/scm:/usr/share/lilypond/2.22.1/fonts/otf/:/usr/share/lilypond/2.22.1/fonts/type1/:/usr/share/lilypond/2.22.1/fonts/svg/:')
    \include 
             "../vc1/gp-02-vc1-63.ly"
/tmp/tmp56_e1nfn/2024-03-28T13-18-40-931455-703f013.ly:23:14: error: cannot find file: `../vc1/gp-02-vc1-23.ly'
(search path: `/tmp/tmp56_e1nfn:/home/user/GitHub/Artyfyshall-Bird/code-implementation:/usr/share/lilypond/2.22.1/ly:/usr/share/lilypond/2.22.1/ps:/usr/share/lilypond/2.22.1/scm:/usr/share/lilypond/2.22.1/fonts/otf/:/usr/share/lilypond/2.22.1/fonts/type1/:/usr/share/lilypond/2.22.1/fonts/svg/:')
    \include 
             "../vc1/gp-02-vc1-23.ly"
/tmp/tmp56_e1nfn/2024-03-28T13-18-40-931455-703f013.ly:24:14: error: cannot find file: `../vc1/gp-02-vc1-231.ly'
(search path: `/tmp/tmp56_e1nfn:/home/user/GitHub/Artyfyshall-Bird/code-implementation:/usr/share/lilypond/2.22.1/ly:/usr/share/lilypond/2.22.1/ps:/usr/share/lilypond/2.22.1/scm:/usr/share/lilypond/2.22.1/fonts/otf/:/usr/share/lilypond/2.22.1/fonts/type1/:/usr/share/lilypond/2.22.1/fonts/svg/:')
    \include 
             "../vc1/gp-02-vc1-231.ly"
/tmp/tmp56_e1nfn/2024-03-28T13-18-40-931455-703f013.ly:25:14: error: cannot find file: `../vc1/gp-02-vc1-25.ly'
(search path: `/tmp/tmp56_e1nfn:/home/user/GitHub/Artyfyshall-Bird/code-implementation:/usr/share/lilypond/2.22.1/ly:/usr/share/lilypond/2.22.1/ps:/usr/share/lilypond/2.22.1/scm:/usr/share/lilypond/2.22.1/fonts/otf/:/usr/share/lilypond/2.22.1/fonts/type1/:/usr/share/lilypond/2.22.1/fonts/svg/:')
    \include 
             "../vc1/gp-02-vc1-25.ly"
/tmp/tmp56_e1nfn/2024-03-28T13-18-40-931455-703f013.ly:26:14: error: cannot find file: `../vc1/gp-02-vc1-34.ly'
(search path: `/tmp/tmp56_e1nfn:/home/user/GitHub/Artyfyshall-Bird/code-implementation:/usr/share/lilypond/2.22.1/ly:/usr/share/lilypond/2.22.1/ps:/usr/share/lilypond/2.22.1/scm:/usr/share/lilypond/2.22.1/fonts/otf/:/usr/share/lilypond/2.22.1/fonts/type1/:/usr/share/lilypond/2.22.1/fonts/svg/:')
    \include 
             "../vc1/gp-02-vc1-34.ly"
/tmp/tmp56_e1nfn/2024-03-28T13-18-40-931455-703f013.ly:27:14: error: cannot find file: `../vc1/gp-02-vc1-256.ly'
(search path: `/tmp/tmp56_e1nfn:/home/user/GitHub/Artyfyshall-Bird/code-implementation:/usr/share/lilypond/2.22.1/ly:/usr/share/lilypond/2.22.1/ps:/usr/share/lilypond/2.22.1/scm:/usr/share/lilypond/2.22.1/fonts/otf/:/usr/share/lilypond/2.22.1/fonts/type1/:/usr/share/lilypond/2.22.1/fonts/svg/:')
    \include 
             "../vc1/gp-02-vc1-256.ly"
/tmp/tmp56_e1nfn/2024-03-28T13-18-40-931455-703f013.ly:28:14: error: cannot find file: `../vc1/gp-02-vc1-122.ly'
(search path: `/tmp/tmp56_e1nfn:/home/user/GitHub/Artyfyshall-Bird/code-implementation:/usr/share/lilypond/2.22.1/ly:/usr/share/lilypond/2.22.1/ps:/usr/share/lilypond/2.22.1/scm:/usr/share/lilypond/2.22.1/fonts/otf/:/usr/share/lilypond/2.22.1/fonts/type1/:/usr/share/lilypond/2.22.1/fonts/svg/:')
    \include 
             "../vc1/gp-02-vc1-122.ly"
/tmp/tmp56_e1nfn/2024-03-28T13-18-40-931455-703f013.ly:29:14: error: cannot find file: `../vc1/gp-02-vc1-113.ly'
(search path: `/tmp/tmp56_e1nfn:/home/user/GitHub/Artyfyshall-Bird/code-implementation:/usr/share/lilypond/2.22.1/ly:/usr/share/lilypond/2.22.1/ps:/usr/share/lilypond/2.22.1/scm:/usr/share/lilypond/2.22.1/fonts/otf/:/usr/share/lilypond/2.22.1/fonts/type1/:/usr/share/lilypond/2.22.1/fonts/svg/:')
    \include 
             "../vc1/gp-02-vc1-113.ly"
/tmp/tmp56_e1nfn/2024-03-28T13-18-40-931455-703f013.ly:30:14: error: cannot find file: `../vc1/gp-02-vc1-58.ly'
(search path: `/tmp/tmp56_e1nfn:/home/user/GitHub/Artyfyshall-Bird/code-implementation:/usr/share/lilypond/2.22.1/ly:/usr/share/lilypond/2.22.1/ps:/usr/share/lilypond/2.22.1/scm:/usr/share/lilypond/2.22.1/fonts/otf/:/usr/share/lilypond/2.22.1/fonts/type1/:/usr/share/lilypond/2.22.1/fonts/svg/:')
    \include 
             "../vc1/gp-02-vc1-58.ly"
/tmp/tmp56_e1nfn/2024-03-28T13-18-40-931455-703f013.ly:31:14: error: cannot find file: `../vc1/gp-02-vc1-164.ly'
(search path: `/tmp/tmp56_e1nfn:/home/user/GitHub/Artyfyshall-Bird/code-implementation:/usr/share/lilypond/2.22.1/ly:/usr/share/lilypond/2.22.1/ps:/usr/share/lilypond/2.22.1/scm:/usr/share/lilypond/2.22.1/fonts/otf/:/usr/share/lilypond/2.22.1/fonts/type1/:/usr/share/lilypond/2.22.1/fonts/svg/:')
    \include 
             "../vc1/gp-02-vc1-164.ly"
/tmp/tmp56_e1nfn/2024-03-28T13-18-40-931455-703f013.ly:32:14: error: cannot find file: `../vc1/gp-02-vc1-103.ly'
(search path: `/tmp/tmp56_e1nfn:/home/user/GitHub/Artyfyshall-Bird/code-implementation:/usr/share/lilypond/2.22.1/ly:/usr/share/lilypond/2.22.1/ps:/usr/share/lilypond/2.22.1/scm:/usr/share/lilypond/2.22.1/fonts/otf/:/usr/share/lilypond/2.22.1/fonts/type1/:/usr/share/lilypond/2.22.1/fonts/svg/:')
    \include 
             "../vc1/gp-02-vc1-103.ly"
/tmp/tmp56_e1nfn/2024-03-28T13-18-40-931455-703f013.ly:33:14: error: cannot find file: `../vc1/gp-02-vc1-145.ly'
(search path: `/tmp/tmp56_e1nfn:/home/user/GitHub/Artyfyshall-Bird/code-implementation:/usr/share/lilypond/2.22.1/ly:/usr/share/lilypond/2.22.1/ps:/usr/share/lilypond/2.22.1/scm:/usr/share/lilypond/2.22.1/fonts/otf/:/usr/share/lilypond/2.22.1/fonts/type1/:/usr/share/lilypond/2.22.1/fonts/svg/:')
    \include 
             "../vc1/gp-02-vc1-145.ly"
/tmp/tmp56_e1nfn/2024-03-28T13-18-40-931455-703f013.ly:34:14: error: cannot find file: `../vc1/gp-02-vc1-72.ly'
(search path: `/tmp/tmp56_e1nfn:/home/user/GitHub/Artyfyshall-Bird/code-implementation:/usr/share/lilypond/2.22.1/ly:/usr/share/lilypond/2.22.1/ps:/usr/share/lilypond/2.22.1/scm:/usr/share/lilypond/2.22.1/fonts/otf/:/usr/share/lilypond/2.22.1/fonts/type1/:/usr/share/lilypond/2.22.1/fonts/svg/:')
    \include 
             "../vc1/gp-02-vc1-72.ly"
/tmp/tmp56_e1nfn/2024-03-28T13-18-40-931455-703f013.ly:35:14: error: cannot find file: `../vc1/gp-02-vc1-123.ly'
(search path: `/tmp/tmp56_e1nfn:/home/user/GitHub/Artyfyshall-Bird/code-implementation:/usr/share/lilypond/2.22.1/ly:/usr/share/lilypond/2.22.1/ps:/usr/share/lilypond/2.22.1/scm:/usr/share/lilypond/2.22.1/fonts/otf/:/usr/share/lilypond/2.22.1/fonts/type1/:/usr/share/lilypond/2.22.1/fonts/svg/:')
    \include 
             "../vc1/gp-02-vc1-123.ly"
/tmp/tmp56_e1nfn/2024-03-28T13-18-40-931455-703f013.ly:36:14: error: cannot find file: `../vc1/gp-02-vc1-157.ly'
(search path: `/tmp/tmp56_e1nfn:/home/user/GitHub/Artyfyshall-Bird/code-implementation:/usr/share/lilypond/2.22.1/ly:/usr/share/lilypond/2.22.1/ps:/usr/share/lilypond/2.22.1/scm:/usr/share/lilypond/2.22.1/fonts/otf/:/usr/share/lilypond/2.22.1/fonts/type1/:/usr/share/lilypond/2.22.1/fonts/svg/:')
    \include 
             "../vc1/gp-02-vc1-157.ly"
/tmp/tmp56_e1nfn/2024-03-28T13-18-40-931455-703f013.ly:37:14: error: cannot find file: `../vc1/gp-02-vc1-170.ly'
(search path: `/tmp/tmp56_e1nfn:/home/user/GitHub/Artyfyshall-Bird/code-implementation:/usr/share/lilypond/2.22.1/ly:/usr/share/lilypond/2.22.1/ps:/usr/share/lilypond/2.22.1/scm:/usr/share/lilypond/2.22.1/fonts/otf/:/usr/share/lilypond/2.22.1/fonts/type1/:/usr/share/lilypond/2.22.1/fonts/svg/:')
    \include 
             "../vc1/gp-02-vc1-170.ly"
/tmp/tmp56_e1nfn/2024-03-28T13-18-40-931455-703f013.ly:38:14: error: cannot find file: `../vc1/gp-02-vc1-117.ly'
(search path: `/tmp/tmp56_e1nfn:/home/user/GitHub/Artyfyshall-Bird/code-implementation:/usr/share/lilypond/2.22.1/ly:/usr/share/lilypond/2.22.1/ps:/usr/share/lilypond/2.22.1/scm:/usr/share/lilypond/2.22.1/fonts/otf/:/usr/share/lilypond/2.22.1/fonts/type1/:/usr/share/lilypond/2.22.1/fonts/svg/:')
    \include 
             "../vc1/gp-02-vc1-117.ly"
/tmp/tmp56_e1nfn/2024-03-28T13-18-40-931455-703f013.ly:39:14: error: cannot find file: `../vc1/gp-02-vc1-152.ly'
(search path: `/tmp/tmp56_e1nfn:/home/user/GitHub/Artyfyshall-Bird/code-implementation:/usr/share/lilypond/2.22.1/ly:/usr/share/lilypond/2.22.1/ps:/usr/share/lilypond/2.22.1/scm:/usr/share/lilypond/2.22.1/fonts/otf/:/usr/share/lilypond/2.22.1/fonts/type1/:/usr/share/lilypond/2.22.1/fonts/svg/:')
    \include 
             "../vc1/gp-02-vc1-152.ly"
/tmp/tmp56_e1nfn/2024-03-28T13-18-40-931455-703f013.ly:46:14: error: cannot find file: `../voice_option.ly'
(search path: `/tmp/tmp56_e1nfn:/home/user/GitHub/Artyfyshall-Bird/code-implementation:/usr/share/lilypond/2.22.1/ly:/usr/share/lilypond/2.22.1/ps:/usr/share/lilypond/2.22.1/scm:/usr/share/lilypond/2.22.1/fonts/otf/:/usr/share/lilypond/2.22.1/fonts/type1/:/usr/share/lilypond/2.22.1/fonts/svg/:')
    \include 
             "../voice_option.ly"
/tmp/tmp56_e1nfn/2024-03-28T13-18-40-931455-703f013.ly:47:14: error: cannot find file: `../vc2/gp-02-vc2-197.ly'
(search path: `/tmp/tmp56_e1nfn:/home/user/GitHub/Artyfyshall-Bird/code-implementation:/usr/share/lilypond/2.22.1/ly:/usr/share/lilypond/2.22.1/ps:/usr/share/lilypond/2.22.1/scm:/usr/share/lilypond/2.22.1/fonts/otf/:/usr/share/lilypond/2.22.1/fonts/type1/:/usr/share/lilypond/2.22.1/fonts/svg/:')
    \include 
             "../vc2/gp-02-vc2-197.ly"
/tmp/tmp56_e1nfn/2024-03-28T13-18-40-931455-703f013.ly:48:14: error: cannot find file: `../vc2/gp-02-vc2-165.ly'
(search path: `/tmp/tmp56_e1nfn:/home/user/GitHub/Artyfyshall-Bird/code-implementation:/usr/share/lilypond/2.22.1/ly:/usr/share/lilypond/2.22.1/ps:/usr/share/lilypond/2.22.1/scm:/usr/share/lilypond/2.22.1/fonts/otf/:/usr/share/lilypond/2.22.1/fonts/type1/:/usr/share/lilypond/2.22.1/fonts/svg/:')
    \include 
             "../vc2/gp-02-vc2-165.ly"
/tmp/tmp56_e1nfn/2024-03-28T13-18-40-931455-703f013.ly:49:14: error: cannot find file: `../vc2/gp-02-vc2-132.ly'
(search path: `/tmp/tmp56_e1nfn:/home/user/GitHub/Artyfyshall-Bird/code-implementation:/usr/share/lilypond/2.22.1/ly:/usr/share/lilypond/2.22.1/ps:/usr/share/lilypond/2.22.1/scm:/usr/share/lilypond/2.22.1/fonts/otf/:/usr/share/lilypond/2.22.1/fonts/type1/:/usr/share/lilypond/2.22.1/fonts/svg/:')
    \include 
             "../vc2/gp-02-vc2-132.ly"
/tmp/tmp56_e1nfn/2024-03-28T13-18-40-931455-703f013.ly:50:14: error: cannot find file: `../vc2/gp-02-vc2-143.ly'
(search path: `/tmp/tmp56_e1nfn:/home/user/GitHub/Artyfyshall-Bird/code-implementation:/usr/share/lilypond/2.22.1/ly:/usr/share/lilypond/2.22.1/ps:/usr/share/lilypond/2.22.1/scm:/usr/share/lilypond/2.22.1/fonts/otf/:/usr/share/lilypond/2.22.1/fonts/type1/:/usr/share/lilypond/2.22.1/fonts/svg/:')
    \include 
             "../vc2/gp-02-vc2-143.ly"
/tmp/tmp56_e1nfn/2024-03-28T13-18-40-931455-703f013.ly:51:14: error: cannot find file: `../vc2/gp-02-vc2-57.ly'
(search path: `/tmp/tmp56_e1nfn:/home/user/GitHub/Artyfyshall-Bird/code-implementation:/usr/share/lilypond/2.22.1/ly:/usr/share/lilypond/2.22.1/ps:/usr/share/lilypond/2.22.1/scm:/usr/share/lilypond/2.22.1/fonts/otf/:/usr/share/lilypond/2.22.1/fonts/type1/:/usr/share/lilypond/2.22.1/fonts/svg/:')
    \include 
             "../vc2/gp-02-vc2-57.ly"
/tmp/tmp56_e1nfn/2024-03-28T13-18-40-931455-703f013.ly:52:14: error: cannot find file: `../vc2/gp-02-vc2-153.ly'
(search path: `/tmp/tmp56_e1nfn:/home/user/GitHub/Artyfyshall-Bird/code-implementation:/usr/share/lilypond/2.22.1/ly:/usr/share/lilypond/2.22.1/ps:/usr/share/lilypond/2.22.1/scm:/usr/share/lilypond/2.22.1/fonts/otf/:/usr/share/lilypond/2.22.1/fonts/type1/:/usr/share/lilypond/2.22.1/fonts/svg/:')
    \include 
             "../vc2/gp-02-vc2-153.ly"
/tmp/tmp56_e1nfn/2024-03-28T13-18-40-931455-703f013.ly:53:14: error: cannot find file: `../vc2/gp-02-vc2-63.ly'
(search path: `/tmp/tmp56_e1nfn:/home/user/GitHub/Artyfyshall-Bird/code-implementation:/usr/share/lilypond/2.22.1/ly:/usr/share/lilypond/2.22.1/ps:/usr/share/lilypond/2.22.1/scm:/usr/share/lilypond/2.22.1/fonts/otf/:/usr/share/lilypond/2.22.1/fonts/type1/:/usr/share/lilypond/2.22.1/fonts/svg/:')
    \include 
             "../vc2/gp-02-vc2-63.ly"
/tmp/tmp56_e1nfn/2024-03-28T13-18-40-931455-703f013.ly:54:14: error: cannot find file: `../vc2/gp-02-vc2-23.ly'
(search path: `/tmp/tmp56_e1nfn:/home/user/GitHub/Artyfyshall-Bird/code-implementation:/usr/share/lilypond/2.22.1/ly:/usr/share/lilypond/2.22.1/ps:/usr/share/lilypond/2.22.1/scm:/usr/share/lilypond/2.22.1/fonts/otf/:/usr/share/lilypond/2.22.1/fonts/type1/:/usr/share/lilypond/2.22.1/fonts/svg/:')
    \include 
             "../vc2/gp-02-vc2-23.ly"
/tmp/tmp56_e1nfn/2024-03-28T13-18-40-931455-703f013.ly:55:14: error: cannot find file: `../vc2/gp-02-vc2-231.ly'
(search path: `/tmp/tmp56_e1nfn:/home/user/GitHub/Artyfyshall-Bird/code-implementation:/usr/share/lilypond/2.22.1/ly:/usr/share/lilypond/2.22.1/ps:/usr/share/lilypond/2.22.1/scm:/usr/share/lilypond/2.22.1/fonts/otf/:/usr/share/lilypond/2.22.1/fonts/type1/:/usr/share/lilypond/2.22.1/fonts/svg/:')
    \include 
             "../vc2/gp-02-vc2-231.ly"
/tmp/tmp56_e1nfn/2024-03-28T13-18-40-931455-703f013.ly:56:14: error: cannot find file: `../vc2/gp-02-vc2-25.ly'
(search path: `/tmp/tmp56_e1nfn:/home/user/GitHub/Artyfyshall-Bird/code-implementation:/usr/share/lilypond/2.22.1/ly:/usr/share/lilypond/2.22.1/ps:/usr/share/lilypond/2.22.1/scm:/usr/share/lilypond/2.22.1/fonts/otf/:/usr/share/lilypond/2.22.1/fonts/type1/:/usr/share/lilypond/2.22.1/fonts/svg/:')
    \include 
             "../vc2/gp-02-vc2-25.ly"
/tmp/tmp56_e1nfn/2024-03-28T13-18-40-931455-703f013.ly:57:14: error: cannot find file: `../vc2/gp-02-vc2-34.ly'
(search path: `/tmp/tmp56_e1nfn:/home/user/GitHub/Artyfyshall-Bird/code-implementation:/usr/share/lilypond/2.22.1/ly:/usr/share/lilypond/2.22.1/ps:/usr/share/lilypond/2.22.1/scm:/usr/share/lilypond/2.22.1/fonts/otf/:/usr/share/lilypond/2.22.1/fonts/type1/:/usr/share/lilypond/2.22.1/fonts/svg/:')
    \include 
             "../vc2/gp-02-vc2-34.ly"
/tmp/tmp56_e1nfn/2024-03-28T13-18-40-931455-703f013.ly:58:14: error: cannot find file: `../vc2/gp-02-vc2-256.ly'
(search path: `/tmp/tmp56_e1nfn:/home/user/GitHub/Artyfyshall-Bird/code-implementation:/usr/share/lilypond/2.22.1/ly:/usr/share/lilypond/2.22.1/ps:/usr/share/lilypond/2.22.1/scm:/usr/share/lilypond/2.22.1/fonts/otf/:/usr/share/lilypond/2.22.1/fonts/type1/:/usr/share/lilypond/2.22.1/fonts/svg/:')
    \include 
             "../vc2/gp-02-vc2-256.ly"
/tmp/tmp56_e1nfn/2024-03-28T13-18-40-931455-703f013.ly:59:14: error: cannot find file: `../vc2/gp-02-vc2-122.ly'
(search path: `/tmp/tmp56_e1nfn:/home/user/GitHub/Artyfyshall-Bird/code-implementation:/usr/share/lilypond/2.22.1/ly:/usr/share/lilypond/2.22.1/ps:/usr/share/lilypond/2.22.1/scm:/usr/share/lilypond/2.22.1/fonts/otf/:/usr/share/lilypond/2.22.1/fonts/type1/:/usr/share/lilypond/2.22.1/fonts/svg/:')
    \include 
             "../vc2/gp-02-vc2-122.ly"
/tmp/tmp56_e1nfn/2024-03-28T13-18-40-931455-703f013.ly:60:14: error: cannot find file: `../vc2/gp-02-vc2-113.ly'
(search path: `/tmp/tmp56_e1nfn:/home/user/GitHub/Artyfyshall-Bird/code-implementation:/usr/share/lilypond/2.22.1/ly:/usr/share/lilypond/2.22.1/ps:/usr/share/lilypond/2.22.1/scm:/usr/share/lilypond/2.22.1/fonts/otf/:/usr/share/lilypond/2.22.1/fonts/type1/:/usr/share/lilypond/2.22.1/fonts/svg/:')
    \include 
             "../vc2/gp-02-vc2-113.ly"
/tmp/tmp56_e1nfn/2024-03-28T13-18-40-931455-703f013.ly:61:14: error: cannot find file: `../vc2/gp-02-vc2-58.ly'
(search path: `/tmp/tmp56_e1nfn:/home/user/GitHub/Artyfyshall-Bird/code-implementation:/usr/share/lilypond/2.22.1/ly:/usr/share/lilypond/2.22.1/ps:/usr/share/lilypond/2.22.1/scm:/usr/share/lilypond/2.22.1/fonts/otf/:/usr/share/lilypond/2.22.1/fonts/type1/:/usr/share/lilypond/2.22.1/fonts/svg/:')
    \include 
             "../vc2/gp-02-vc2-58.ly"
/tmp/tmp56_e1nfn/2024-03-28T13-18-40-931455-703f013.ly:62:14: error: cannot find file: `../vc2/gp-02-vc2-164.ly'
(search path: `/tmp/tmp56_e1nfn:/home/user/GitHub/Artyfyshall-Bird/code-implementation:/usr/share/lilypond/2.22.1/ly:/usr/share/lilypond/2.22.1/ps:/usr/share/lilypond/2.22.1/scm:/usr/share/lilypond/2.22.1/fonts/otf/:/usr/share/lilypond/2.22.1/fonts/type1/:/usr/share/lilypond/2.22.1/fonts/svg/:')
    \include 
             "../vc2/gp-02-vc2-164.ly"
/tmp/tmp56_e1nfn/2024-03-28T13-18-40-931455-703f013.ly:63:14: error: cannot find file: `../vc2/gp-02-vc2-103.ly'
(search path: `/tmp/tmp56_e1nfn:/home/user/GitHub/Artyfyshall-Bird/code-implementation:/usr/share/lilypond/2.22.1/ly:/usr/share/lilypond/2.22.1/ps:/usr/share/lilypond/2.22.1/scm:/usr/share/lilypond/2.22.1/fonts/otf/:/usr/share/lilypond/2.22.1/fonts/type1/:/usr/share/lilypond/2.22.1/fonts/svg/:')
    \include 
             "../vc2/gp-02-vc2-103.ly"
/tmp/tmp56_e1nfn/2024-03-28T13-18-40-931455-703f013.ly:64:14: error: cannot find file: `../vc2/gp-02-vc2-145.ly'
(search path: `/tmp/tmp56_e1nfn:/home/user/GitHub/Artyfyshall-Bird/code-implementation:/usr/share/lilypond/2.22.1/ly:/usr/share/lilypond/2.22.1/ps:/usr/share/lilypond/2.22.1/scm:/usr/share/lilypond/2.22.1/fonts/otf/:/usr/share/lilypond/2.22.1/fonts/type1/:/usr/share/lilypond/2.22.1/fonts/svg/:')
    \include 
             "../vc2/gp-02-vc2-145.ly"
/tmp/tmp56_e1nfn/2024-03-28T13-18-40-931455-703f013.ly:65:14: error: cannot find file: `../vc2/gp-02-vc2-72.ly'
(search path: `/tmp/tmp56_e1nfn:/home/user/GitHub/Artyfyshall-Bird/code-implementation:/usr/share/lilypond/2.22.1/ly:/usr/share/lilypond/2.22.1/ps:/usr/share/lilypond/2.22.1/scm:/usr/share/lilypond/2.22.1/fonts/otf/:/usr/share/lilypond/2.22.1/fonts/type1/:/usr/share/lilypond/2.22.1/fonts/svg/:')
    \include 
             "../vc2/gp-02-vc2-72.ly"
/tmp/tmp56_e1nfn/2024-03-28T13-18-40-931455-703f013.ly:66:14: error: cannot find file: `../vc2/gp-02-vc2-123.ly'
(search path: `/tmp/tmp56_e1nfn:/home/user/GitHub/Artyfyshall-Bird/code-implementation:/usr/share/lilypond/2.22.1/ly:/usr/share/lilypond/2.22.1/ps:/usr/share/lilypond/2.22.1/scm:/usr/share/lilypond/2.22.1/fonts/otf/:/usr/share/lilypond/2.22.1/fonts/type1/:/usr/share/lilypond/2.22.1/fonts/svg/:')
    \include 
             "../vc2/gp-02-vc2-123.ly"
/tmp/tmp56_e1nfn/2024-03-28T13-18-40-931455-703f013.ly:67:14: error: cannot find file: `../vc2/gp-02-vc2-157.ly'
(search path: `/tmp/tmp56_e1nfn:/home/user/GitHub/Artyfyshall-Bird/code-implementation:/usr/share/lilypond/2.22.1/ly:/usr/share/lilypond/2.22.1/ps:/usr/share/lilypond/2.22.1/scm:/usr/share/lilypond/2.22.1/fonts/otf/:/usr/share/lilypond/2.22.1/fonts/type1/:/usr/share/lilypond/2.22.1/fonts/svg/:')
    \include 
             "../vc2/gp-02-vc2-157.ly"
/tmp/tmp56_e1nfn/2024-03-28T13-18-40-931455-703f013.ly:68:14: error: cannot find file: `../vc2/gp-02-vc2-170.ly'
(search path: `/tmp/tmp56_e1nfn:/home/user/GitHub/Artyfyshall-Bird/code-implementation:/usr/share/lilypond/2.22.1/ly:/usr/share/lilypond/2.22.1/ps:/usr/share/lilypond/2.22.1/scm:/usr/share/lilypond/2.22.1/fonts/otf/:/usr/share/lilypond/2.22.1/fonts/type1/:/usr/share/lilypond/2.22.1/fonts/svg/:')
    \include 
             "../vc2/gp-02-vc2-170.ly"
/tmp/tmp56_e1nfn/2024-03-28T13-18-40-931455-703f013.ly:69:14: error: cannot find file: `../vc2/gp-02-vc2-117.ly'
(search path: `/tmp/tmp56_e1nfn:/home/user/GitHub/Artyfyshall-Bird/code-implementation:/usr/share/lilypond/2.22.1/ly:/usr/share/lilypond/2.22.1/ps:/usr/share/lilypond/2.22.1/scm:/usr/share/lilypond/2.22.1/fonts/otf/:/usr/share/lilypond/2.22.1/fonts/type1/:/usr/share/lilypond/2.22.1/fonts/svg/:')
    \include 
             "../vc2/gp-02-vc2-117.ly"
/tmp/tmp56_e1nfn/2024-03-28T13-18-40-931455-703f013.ly:70:14: error: cannot find file: `../vc2/gp-02-vc2-152.ly'
(search path: `/tmp/tmp56_e1nfn:/home/user/GitHub/Artyfyshall-Bird/code-implementation:/usr/share/lilypond/2.22.1/ly:/usr/share/lilypond/2.22.1/ps:/usr/share/lilypond/2.22.1/scm:/usr/share/lilypond/2.22.1/fonts/otf/:/usr/share/lilypond/2.22.1/fonts/type1/:/usr/share/lilypond/2.22.1/fonts/svg/:')
    \include 
             "../vc2/gp-02-vc2-152.ly"
/tmp/tmp56_e1nfn/2024-03-28T13-18-40-931455-703f013.ly:78:14: error: cannot find file: `../voice_option.ly'
(search path: `/tmp/tmp56_e1nfn:/home/user/GitHub/Artyfyshall-Bird/code-implementation:/usr/share/lilypond/2.22.1/ly:/usr/share/lilypond/2.22.1/ps:/usr/share/lilypond/2.22.1/scm:/usr/share/lilypond/2.22.1/fonts/otf/:/usr/share/lilypond/2.22.1/fonts/type1/:/usr/share/lilypond/2.22.1/fonts/svg/:')
    \include 
             "../voice_option.ly"
/tmp/tmp56_e1nfn/2024-03-28T13-18-40-931455-703f013.ly:79:14: error: cannot find file: `../rh/gp-02-rh-197.ly'
(search path: `/tmp/tmp56_e1nfn:/home/user/GitHub/Artyfyshall-Bird/code-implementation:/usr/share/lilypond/2.22.1/ly:/usr/share/lilypond/2.22.1/ps:/usr/share/lilypond/2.22.1/scm:/usr/share/lilypond/2.22.1/fonts/otf/:/usr/share/lilypond/2.22.1/fonts/type1/:/usr/share/lilypond/2.22.1/fonts/svg/:')
    \include 
             "../rh/gp-02-rh-197.ly"
/tmp/tmp56_e1nfn/2024-03-28T13-18-40-931455-703f013.ly:80:14: error: cannot find file: `../rh/gp-02-rh-165.ly'
(search path: `/tmp/tmp56_e1nfn:/home/user/GitHub/Artyfyshall-Bird/code-implementation:/usr/share/lilypond/2.22.1/ly:/usr/share/lilypond/2.22.1/ps:/usr/share/lilypond/2.22.1/scm:/usr/share/lilypond/2.22.1/fonts/otf/:/usr/share/lilypond/2.22.1/fonts/type1/:/usr/share/lilypond/2.22.1/fonts/svg/:')
    \include 
             "../rh/gp-02-rh-165.ly"
/tmp/tmp56_e1nfn/2024-03-28T13-18-40-931455-703f013.ly:81:14: error: cannot find file: `../rh/gp-02-rh-132.ly'
(search path: `/tmp/tmp56_e1nfn:/home/user/GitHub/Artyfyshall-Bird/code-implementation:/usr/share/lilypond/2.22.1/ly:/usr/share/lilypond/2.22.1/ps:/usr/share/lilypond/2.22.1/scm:/usr/share/lilypond/2.22.1/fonts/otf/:/usr/share/lilypond/2.22.1/fonts/type1/:/usr/share/lilypond/2.22.1/fonts/svg/:')
    \include 
             "../rh/gp-02-rh-132.ly"
/tmp/tmp56_e1nfn/2024-03-28T13-18-40-931455-703f013.ly:82:14: error: cannot find file: `../rh/gp-02-rh-143.ly'
(search path: `/tmp/tmp56_e1nfn:/home/user/GitHub/Artyfyshall-Bird/code-implementation:/usr/share/lilypond/2.22.1/ly:/usr/share/lilypond/2.22.1/ps:/usr/share/lilypond/2.22.1/scm:/usr/share/lilypond/2.22.1/fonts/otf/:/usr/share/lilypond/2.22.1/fonts/type1/:/usr/share/lilypond/2.22.1/fonts/svg/:')
    \include 
             "../rh/gp-02-rh-143.ly"
/tmp/tmp56_e1nfn/2024-03-28T13-18-40-931455-703f013.ly:83:14: error: cannot find file: `../rh/gp-02-rh-57.ly'
(search path: `/tmp/tmp56_e1nfn:/home/user/GitHub/Artyfyshall-Bird/code-implementation:/usr/share/lilypond/2.22.1/ly:/usr/share/lilypond/2.22.1/ps:/usr/share/lilypond/2.22.1/scm:/usr/share/lilypond/2.22.1/fonts/otf/:/usr/share/lilypond/2.22.1/fonts/type1/:/usr/share/lilypond/2.22.1/fonts/svg/:')
    \include 
             "../rh/gp-02-rh-57.ly"
/tmp/tmp56_e1nfn/2024-03-28T13-18-40-931455-703f013.ly:84:14: error: cannot find file: `../rh/gp-02-rh-153.ly'
(search path: `/tmp/tmp56_e1nfn:/home/user/GitHub/Artyfyshall-Bird/code-implementation:/usr/share/lilypond/2.22.1/ly:/usr/share/lilypond/2.22.1/ps:/usr/share/lilypond/2.22.1/scm:/usr/share/lilypond/2.22.1/fonts/otf/:/usr/share/lilypond/2.22.1/fonts/type1/:/usr/share/lilypond/2.22.1/fonts/svg/:')
    \include 
             "../rh/gp-02-rh-153.ly"
/tmp/tmp56_e1nfn/2024-03-28T13-18-40-931455-703f013.ly:85:14: error: cannot find file: `../rh/gp-02-rh-63.ly'
(search path: `/tmp/tmp56_e1nfn:/home/user/GitHub/Artyfyshall-Bird/code-implementation:/usr/share/lilypond/2.22.1/ly:/usr/share/lilypond/2.22.1/ps:/usr/share/lilypond/2.22.1/scm:/usr/share/lilypond/2.22.1/fonts/otf/:/usr/share/lilypond/2.22.1/fonts/type1/:/usr/share/lilypond/2.22.1/fonts/svg/:')
    \include 
             "../rh/gp-02-rh-63.ly"
/tmp/tmp56_e1nfn/2024-03-28T13-18-40-931455-703f013.ly:86:14: error: cannot find file: `../rh/gp-02-rh-23.ly'
(search path: `/tmp/tmp56_e1nfn:/home/user/GitHub/Artyfyshall-Bird/code-implementation:/usr/share/lilypond/2.22.1/ly:/usr/share/lilypond/2.22.1/ps:/usr/share/lilypond/2.22.1/scm:/usr/share/lilypond/2.22.1/fonts/otf/:/usr/share/lilypond/2.22.1/fonts/type1/:/usr/share/lilypond/2.22.1/fonts/svg/:')
    \include 
             "../rh/gp-02-rh-23.ly"
/tmp/tmp56_e1nfn/2024-03-28T13-18-40-931455-703f013.ly:87:14: error: cannot find file: `../rh/gp-02-rh-231.ly'
(search path: `/tmp/tmp56_e1nfn:/home/user/GitHub/Artyfyshall-Bird/code-implementation:/usr/share/lilypond/2.22.1/ly:/usr/share/lilypond/2.22.1/ps:/usr/share/lilypond/2.22.1/scm:/usr/share/lilypond/2.22.1/fonts/otf/:/usr/share/lilypond/2.22.1/fonts/type1/:/usr/share/lilypond/2.22.1/fonts/svg/:')
    \include 
             "../rh/gp-02-rh-231.ly"
/tmp/tmp56_e1nfn/2024-03-28T13-18-40-931455-703f013.ly:88:14: error: cannot find file: `../rh/gp-02-rh-25.ly'
(search path: `/tmp/tmp56_e1nfn:/home/user/GitHub/Artyfyshall-Bird/code-implementation:/usr/share/lilypond/2.22.1/ly:/usr/share/lilypond/2.22.1/ps:/usr/share/lilypond/2.22.1/scm:/usr/share/lilypond/2.22.1/fonts/otf/:/usr/share/lilypond/2.22.1/fonts/type1/:/usr/share/lilypond/2.22.1/fonts/svg/:')
    \include 
             "../rh/gp-02-rh-25.ly"
/tmp/tmp56_e1nfn/2024-03-28T13-18-40-931455-703f013.ly:89:14: error: cannot find file: `../rh/gp-02-rh-34.ly'
(search path: `/tmp/tmp56_e1nfn:/home/user/GitHub/Artyfyshall-Bird/code-implementation:/usr/share/lilypond/2.22.1/ly:/usr/share/lilypond/2.22.1/ps:/usr/share/lilypond/2.22.1/scm:/usr/share/lilypond/2.22.1/fonts/otf/:/usr/share/lilypond/2.22.1/fonts/type1/:/usr/share/lilypond/2.22.1/fonts/svg/:')
    \include 
             "../rh/gp-02-rh-34.ly"
/tmp/tmp56_e1nfn/2024-03-28T13-18-40-931455-703f013.ly:90:14: error: cannot find file: `../rh/gp-02-rh-256.ly'
(search path: `/tmp/tmp56_e1nfn:/home/user/GitHub/Artyfyshall-Bird/code-implementation:/usr/share/lilypond/2.22.1/ly:/usr/share/lilypond/2.22.1/ps:/usr/share/lilypond/2.22.1/scm:/usr/share/lilypond/2.22.1/fonts/otf/:/usr/share/lilypond/2.22.1/fonts/type1/:/usr/share/lilypond/2.22.1/fonts/svg/:')
    \include 
             "../rh/gp-02-rh-256.ly"
/tmp/tmp56_e1nfn/2024-03-28T13-18-40-931455-703f013.ly:91:14: error: cannot find file: `../rh/gp-02-rh-122.ly'
(search path: `/tmp/tmp56_e1nfn:/home/user/GitHub/Artyfyshall-Bird/code-implementation:/usr/share/lilypond/2.22.1/ly:/usr/share/lilypond/2.22.1/ps:/usr/share/lilypond/2.22.1/scm:/usr/share/lilypond/2.22.1/fonts/otf/:/usr/share/lilypond/2.22.1/fonts/type1/:/usr/share/lilypond/2.22.1/fonts/svg/:')
    \include 
             "../rh/gp-02-rh-122.ly"
/tmp/tmp56_e1nfn/2024-03-28T13-18-40-931455-703f013.ly:92:14: error: cannot find file: `../rh/gp-02-rh-113.ly'
(search path: `/tmp/tmp56_e1nfn:/home/user/GitHub/Artyfyshall-Bird/code-implementation:/usr/share/lilypond/2.22.1/ly:/usr/share/lilypond/2.22.1/ps:/usr/share/lilypond/2.22.1/scm:/usr/share/lilypond/2.22.1/fonts/otf/:/usr/share/lilypond/2.22.1/fonts/type1/:/usr/share/lilypond/2.22.1/fonts/svg/:')
    \include 
             "../rh/gp-02-rh-113.ly"
/tmp/tmp56_e1nfn/2024-03-28T13-18-40-931455-703f013.ly:93:14: error: cannot find file: `../rh/gp-02-rh-58.ly'
(search path: `/tmp/tmp56_e1nfn:/home/user/GitHub/Artyfyshall-Bird/code-implementation:/usr/share/lilypond/2.22.1/ly:/usr/share/lilypond/2.22.1/ps:/usr/share/lilypond/2.22.1/scm:/usr/share/lilypond/2.22.1/fonts/otf/:/usr/share/lilypond/2.22.1/fonts/type1/:/usr/share/lilypond/2.22.1/fonts/svg/:')
    \include 
             "../rh/gp-02-rh-58.ly"
/tmp/tmp56_e1nfn/2024-03-28T13-18-40-931455-703f013.ly:94:14: error: cannot find file: `../rh/gp-02-rh-164.ly'
(search path: `/tmp/tmp56_e1nfn:/home/user/GitHub/Artyfyshall-Bird/code-implementation:/usr/share/lilypond/2.22.1/ly:/usr/share/lilypond/2.22.1/ps:/usr/share/lilypond/2.22.1/scm:/usr/share/lilypond/2.22.1/fonts/otf/:/usr/share/lilypond/2.22.1/fonts/type1/:/usr/share/lilypond/2.22.1/fonts/svg/:')
    \include 
             "../rh/gp-02-rh-164.ly"
/tmp/tmp56_e1nfn/2024-03-28T13-18-40-931455-703f013.ly:95:14: error: cannot find file: `../rh/gp-02-rh-103.ly'
(search path: `/tmp/tmp56_e1nfn:/home/user/GitHub/Artyfyshall-Bird/code-implementation:/usr/share/lilypond/2.22.1/ly:/usr/share/lilypond/2.22.1/ps:/usr/share/lilypond/2.22.1/scm:/usr/share/lilypond/2.22.1/fonts/otf/:/usr/share/lilypond/2.22.1/fonts/type1/:/usr/share/lilypond/2.22.1/fonts/svg/:')
    \include 
             "../rh/gp-02-rh-103.ly"
/tmp/tmp56_e1nfn/2024-03-28T13-18-40-931455-703f013.ly:96:14: error: cannot find file: `../rh/gp-02-rh-145.ly'
(search path: `/tmp/tmp56_e1nfn:/home/user/GitHub/Artyfyshall-Bird/code-implementation:/usr/share/lilypond/2.22.1/ly:/usr/share/lilypond/2.22.1/ps:/usr/share/lilypond/2.22.1/scm:/usr/share/lilypond/2.22.1/fonts/otf/:/usr/share/lilypond/2.22.1/fonts/type1/:/usr/share/lilypond/2.22.1/fonts/svg/:')
    \include 
             "../rh/gp-02-rh-145.ly"
/tmp/tmp56_e1nfn/2024-03-28T13-18-40-931455-703f013.ly:97:14: error: cannot find file: `../rh/gp-02-rh-72.ly'
(search path: `/tmp/tmp56_e1nfn:/home/user/GitHub/Artyfyshall-Bird/code-implementation:/usr/share/lilypond/2.22.1/ly:/usr/share/lilypond/2.22.1/ps:/usr/share/lilypond/2.22.1/scm:/usr/share/lilypond/2.22.1/fonts/otf/:/usr/share/lilypond/2.22.1/fonts/type1/:/usr/share/lilypond/2.22.1/fonts/svg/:')
    \include 
             "../rh/gp-02-rh-72.ly"
/tmp/tmp56_e1nfn/2024-03-28T13-18-40-931455-703f013.ly:98:14: error: cannot find file: `../rh/gp-02-rh-123.ly'
(search path: `/tmp/tmp56_e1nfn:/home/user/GitHub/Artyfyshall-Bird/code-implementation:/usr/share/lilypond/2.22.1/ly:/usr/share/lilypond/2.22.1/ps:/usr/share/lilypond/2.22.1/scm:/usr/share/lilypond/2.22.1/fonts/otf/:/usr/share/lilypond/2.22.1/fonts/type1/:/usr/share/lilypond/2.22.1/fonts/svg/:')
    \include 
             "../rh/gp-02-rh-123.ly"
/tmp/tmp56_e1nfn/2024-03-28T13-18-40-931455-703f013.ly:99:14: error: cannot find file: `../rh/gp-02-rh-157.ly'
(search path: `/tmp/tmp56_e1nfn:/home/user/GitHub/Artyfyshall-Bird/code-implementation:/usr/share/lilypond/2.22.1/ly:/usr/share/lilypond/2.22.1/ps:/usr/share/lilypond/2.22.1/scm:/usr/share/lilypond/2.22.1/fonts/otf/:/usr/share/lilypond/2.22.1/fonts/type1/:/usr/share/lilypond/2.22.1/fonts/svg/:')
    \include 
             "../rh/gp-02-rh-157.ly"
/tmp/tmp56_e1nfn/2024-03-28T13-18-40-931455-703f013.ly:100:14: error: cannot find file: `../rh/gp-02-rh-170.ly'
(search path: `/tmp/tmp56_e1nfn:/home/user/GitHub/Artyfyshall-Bird/code-implementation:/usr/share/lilypond/2.22.1/ly:/usr/share/lilypond/2.22.1/ps:/usr/share/lilypond/2.22.1/scm:/usr/share/lilypond/2.22.1/fonts/otf/:/usr/share/lilypond/2.22.1/fonts/type1/:/usr/share/lilypond/2.22.1/fonts/svg/:')
    \include 
             "../rh/gp-02-rh-170.ly"
/tmp/tmp56_e1nfn/2024-03-28T13-18-40-931455-703f013.ly:101:14: error: cannot find file: `../rh/gp-02-rh-117.ly'
(search path: `/tmp/tmp56_e1nfn:/home/user/GitHub/Artyfyshall-Bird/code-implementation:/usr/share/lilypond/2.22.1/ly:/usr/share/lilypond/2.22.1/ps:/usr/share/lilypond/2.22.1/scm:/usr/share/lilypond/2.22.1/fonts/otf/:/usr/share/lilypond/2.22.1/fonts/type1/:/usr/share/lilypond/2.22.1/fonts/svg/:')
    \include 
             "../rh/gp-02-rh-117.ly"
/tmp/tmp56_e1nfn/2024-03-28T13-18-40-931455-703f013.ly:102:14: error: cannot find file: `../rh/gp-02-rh-152.ly'
(search path: `/tmp/tmp56_e1nfn:/home/user/GitHub/Artyfyshall-Bird/code-implementation:/usr/share/lilypond/2.22.1/ly:/usr/share/lilypond/2.22.1/ps:/usr/share/lilypond/2.22.1/scm:/usr/share/lilypond/2.22.1/fonts/otf/:/usr/share/lilypond/2.22.1/fonts/type1/:/usr/share/lilypond/2.22.1/fonts/svg/:')
    \include 
             "../rh/gp-02-rh-152.ly"
/tmp/tmp56_e1nfn/2024-03-28T13-18-40-931455-703f013.ly:105:14: error: cannot find file: `../bassline_option.ly'
(search path: `/tmp/tmp56_e1nfn:/home/user/GitHub/Artyfyshall-Bird/code-implementation:/usr/share/lilypond/2.22.1/ly:/usr/share/lilypond/2.22.1/ps:/usr/share/lilypond/2.22.1/scm:/usr/share/lilypond/2.22.1/fonts/otf/:/usr/share/lilypond/2.22.1/fonts/type1/:/usr/share/lilypond/2.22.1/fonts/svg/:')
    \include 
             "../bassline_option.ly"
/tmp/tmp56_e1nfn/2024-03-28T13-18-40-931455-703f013.ly:106:14: error: cannot find file: `../lh/gp-02-lh-197.ly'
(search path: `/tmp/tmp56_e1nfn:/home/user/GitHub/Artyfyshall-Bird/code-implementation:/usr/share/lilypond/2.22.1/ly:/usr/share/lilypond/2.22.1/ps:/usr/share/lilypond/2.22.1/scm:/usr/share/lilypond/2.22.1/fonts/otf/:/usr/share/lilypond/2.22.1/fonts/type1/:/usr/share/lilypond/2.22.1/fonts/svg/:')
    \include 
             "../lh/gp-02-lh-197.ly"
/tmp/tmp56_e1nfn/2024-03-28T13-18-40-931455-703f013.ly:107:14: error: cannot find file: `../lh/gp-02-lh-165.ly'
(search path: `/tmp/tmp56_e1nfn:/home/user/GitHub/Artyfyshall-Bird/code-implementation:/usr/share/lilypond/2.22.1/ly:/usr/share/lilypond/2.22.1/ps:/usr/share/lilypond/2.22.1/scm:/usr/share/lilypond/2.22.1/fonts/otf/:/usr/share/lilypond/2.22.1/fonts/type1/:/usr/share/lilypond/2.22.1/fonts/svg/:')
    \include 
             "../lh/gp-02-lh-165.ly"
/tmp/tmp56_e1nfn/2024-03-28T13-18-40-931455-703f013.ly:108:14: error: cannot find file: `../lh/gp-02-lh-132.ly'
(search path: `/tmp/tmp56_e1nfn:/home/user/GitHub/Artyfyshall-Bird/code-implementation:/usr/share/lilypond/2.22.1/ly:/usr/share/lilypond/2.22.1/ps:/usr/share/lilypond/2.22.1/scm:/usr/share/lilypond/2.22.1/fonts/otf/:/usr/share/lilypond/2.22.1/fonts/type1/:/usr/share/lilypond/2.22.1/fonts/svg/:')
    \include 
             "../lh/gp-02-lh-132.ly"
/tmp/tmp56_e1nfn/2024-03-28T13-18-40-931455-703f013.ly:109:14: error: cannot find file: `../lh/gp-02-lh-143.ly'
(search path: `/tmp/tmp56_e1nfn:/home/user/GitHub/Artyfyshall-Bird/code-implementation:/usr/share/lilypond/2.22.1/ly:/usr/share/lilypond/2.22.1/ps:/usr/share/lilypond/2.22.1/scm:/usr/share/lilypond/2.22.1/fonts/otf/:/usr/share/lilypond/2.22.1/fonts/type1/:/usr/share/lilypond/2.22.1/fonts/svg/:')
    \include 
             "../lh/gp-02-lh-143.ly"
/tmp/tmp56_e1nfn/2024-03-28T13-18-40-931455-703f013.ly:110:14: error: cannot find file: `../lh/gp-02-lh-57.ly'
(search path: `/tmp/tmp56_e1nfn:/home/user/GitHub/Artyfyshall-Bird/code-implementation:/usr/share/lilypond/2.22.1/ly:/usr/share/lilypond/2.22.1/ps:/usr/share/lilypond/2.22.1/scm:/usr/share/lilypond/2.22.1/fonts/otf/:/usr/share/lilypond/2.22.1/fonts/type1/:/usr/share/lilypond/2.22.1/fonts/svg/:')
    \include 
             "../lh/gp-02-lh-57.ly"
/tmp/tmp56_e1nfn/2024-03-28T13-18-40-931455-703f013.ly:111:14: error: cannot find file: `../lh/gp-02-lh-153.ly'
(search path: `/tmp/tmp56_e1nfn:/home/user/GitHub/Artyfyshall-Bird/code-implementation:/usr/share/lilypond/2.22.1/ly:/usr/share/lilypond/2.22.1/ps:/usr/share/lilypond/2.22.1/scm:/usr/share/lilypond/2.22.1/fonts/otf/:/usr/share/lilypond/2.22.1/fonts/type1/:/usr/share/lilypond/2.22.1/fonts/svg/:')
    \include 
             "../lh/gp-02-lh-153.ly"
/tmp/tmp56_e1nfn/2024-03-28T13-18-40-931455-703f013.ly:112:14: error: cannot find file: `../lh/gp-02-lh-63.ly'
(search path: `/tmp/tmp56_e1nfn:/home/user/GitHub/Artyfyshall-Bird/code-implementation:/usr/share/lilypond/2.22.1/ly:/usr/share/lilypond/2.22.1/ps:/usr/share/lilypond/2.22.1/scm:/usr/share/lilypond/2.22.1/fonts/otf/:/usr/share/lilypond/2.22.1/fonts/type1/:/usr/share/lilypond/2.22.1/fonts/svg/:')
    \include 
             "../lh/gp-02-lh-63.ly"
/tmp/tmp56_e1nfn/2024-03-28T13-18-40-931455-703f013.ly:113:14: error: cannot find file: `../lh/gp-02-lh-23.ly'
(search path: `/tmp/tmp56_e1nfn:/home/user/GitHub/Artyfyshall-Bird/code-implementation:/usr/share/lilypond/2.22.1/ly:/usr/share/lilypond/2.22.1/ps:/usr/share/lilypond/2.22.1/scm:/usr/share/lilypond/2.22.1/fonts/otf/:/usr/share/lilypond/2.22.1/fonts/type1/:/usr/share/lilypond/2.22.1/fonts/svg/:')
    \include 
             "../lh/gp-02-lh-23.ly"
/tmp/tmp56_e1nfn/2024-03-28T13-18-40-931455-703f013.ly:114:14: error: cannot find file: `../lh/gp-02-lh-231.ly'
(search path: `/tmp/tmp56_e1nfn:/home/user/GitHub/Artyfyshall-Bird/code-implementation:/usr/share/lilypond/2.22.1/ly:/usr/share/lilypond/2.22.1/ps:/usr/share/lilypond/2.22.1/scm:/usr/share/lilypond/2.22.1/fonts/otf/:/usr/share/lilypond/2.22.1/fonts/type1/:/usr/share/lilypond/2.22.1/fonts/svg/:')
    \include 
             "../lh/gp-02-lh-231.ly"
/tmp/tmp56_e1nfn/2024-03-28T13-18-40-931455-703f013.ly:115:14: error: cannot find file: `../lh/gp-02-lh-25.ly'
(search path: `/tmp/tmp56_e1nfn:/home/user/GitHub/Artyfyshall-Bird/code-implementation:/usr/share/lilypond/2.22.1/ly:/usr/share/lilypond/2.22.1/ps:/usr/share/lilypond/2.22.1/scm:/usr/share/lilypond/2.22.1/fonts/otf/:/usr/share/lilypond/2.22.1/fonts/type1/:/usr/share/lilypond/2.22.1/fonts/svg/:')
    \include 
             "../lh/gp-02-lh-25.ly"
/tmp/tmp56_e1nfn/2024-03-28T13-18-40-931455-703f013.ly:116:14: error: cannot find file: `../lh/gp-02-lh-34.ly'
(search path: `/tmp/tmp56_e1nfn:/home/user/GitHub/Artyfyshall-Bird/code-implementation:/usr/share/lilypond/2.22.1/ly:/usr/share/lilypond/2.22.1/ps:/usr/share/lilypond/2.22.1/scm:/usr/share/lilypond/2.22.1/fonts/otf/:/usr/share/lilypond/2.22.1/fonts/type1/:/usr/share/lilypond/2.22.1/fonts/svg/:')
    \include 
             "../lh/gp-02-lh-34.ly"
/tmp/tmp56_e1nfn/2024-03-28T13-18-40-931455-703f013.ly:117:14: error: cannot find file: `../lh/gp-02-lh-256.ly'
(search path: `/tmp/tmp56_e1nfn:/home/user/GitHub/Artyfyshall-Bird/code-implementation:/usr/share/lilypond/2.22.1/ly:/usr/share/lilypond/2.22.1/ps:/usr/share/lilypond/2.22.1/scm:/usr/share/lilypond/2.22.1/fonts/otf/:/usr/share/lilypond/2.22.1/fonts/type1/:/usr/share/lilypond/2.22.1/fonts/svg/:')
    \include 
             "../lh/gp-02-lh-256.ly"
/tmp/tmp56_e1nfn/2024-03-28T13-18-40-931455-703f013.ly:118:14: error: cannot find file: `../lh/gp-02-lh-122.ly'
(search path: `/tmp/tmp56_e1nfn:/home/user/GitHub/Artyfyshall-Bird/code-implementation:/usr/share/lilypond/2.22.1/ly:/usr/share/lilypond/2.22.1/ps:/usr/share/lilypond/2.22.1/scm:/usr/share/lilypond/2.22.1/fonts/otf/:/usr/share/lilypond/2.22.1/fonts/type1/:/usr/share/lilypond/2.22.1/fonts/svg/:')
    \include 
             "../lh/gp-02-lh-122.ly"
/tmp/tmp56_e1nfn/2024-03-28T13-18-40-931455-703f013.ly:119:14: error: cannot find file: `../lh/gp-02-lh-113.ly'
(search path: `/tmp/tmp56_e1nfn:/home/user/GitHub/Artyfyshall-Bird/code-implementation:/usr/share/lilypond/2.22.1/ly:/usr/share/lilypond/2.22.1/ps:/usr/share/lilypond/2.22.1/scm:/usr/share/lilypond/2.22.1/fonts/otf/:/usr/share/lilypond/2.22.1/fonts/type1/:/usr/share/lilypond/2.22.1/fonts/svg/:')
    \include 
             "../lh/gp-02-lh-113.ly"
/tmp/tmp56_e1nfn/2024-03-28T13-18-40-931455-703f013.ly:120:14: error: cannot find file: `../lh/gp-02-lh-58.ly'
(search path: `/tmp/tmp56_e1nfn:/home/user/GitHub/Artyfyshall-Bird/code-implementation:/usr/share/lilypond/2.22.1/ly:/usr/share/lilypond/2.22.1/ps:/usr/share/lilypond/2.22.1/scm:/usr/share/lilypond/2.22.1/fonts/otf/:/usr/share/lilypond/2.22.1/fonts/type1/:/usr/share/lilypond/2.22.1/fonts/svg/:')
    \include 
             "../lh/gp-02-lh-58.ly"
/tmp/tmp56_e1nfn/2024-03-28T13-18-40-931455-703f013.ly:121:14: error: cannot find file: `../lh/gp-02-lh-164.ly'
(search path: `/tmp/tmp56_e1nfn:/home/user/GitHub/Artyfyshall-Bird/code-implementation:/usr/share/lilypond/2.22.1/ly:/usr/share/lilypond/2.22.1/ps:/usr/share/lilypond/2.22.1/scm:/usr/share/lilypond/2.22.1/fonts/otf/:/usr/share/lilypond/2.22.1/fonts/type1/:/usr/share/lilypond/2.22.1/fonts/svg/:')
    \include 
             "../lh/gp-02-lh-164.ly"
/tmp/tmp56_e1nfn/2024-03-28T13-18-40-931455-703f013.ly:122:14: error: cannot find file: `../lh/gp-02-lh-103.ly'
(search path: `/tmp/tmp56_e1nfn:/home/user/GitHub/Artyfyshall-Bird/code-implementation:/usr/share/lilypond/2.22.1/ly:/usr/share/lilypond/2.22.1/ps:/usr/share/lilypond/2.22.1/scm:/usr/share/lilypond/2.22.1/fonts/otf/:/usr/share/lilypond/2.22.1/fonts/type1/:/usr/share/lilypond/2.22.1/fonts/svg/:')
    \include 
             "../lh/gp-02-lh-103.ly"
/tmp/tmp56_e1nfn/2024-03-28T13-18-40-931455-703f013.ly:123:14: error: cannot find file: `../lh/gp-02-lh-145.ly'
(search path: `/tmp/tmp56_e1nfn:/home/user/GitHub/Artyfyshall-Bird/code-implementation:/usr/share/lilypond/2.22.1/ly:/usr/share/lilypond/2.22.1/ps:/usr/share/lilypond/2.22.1/scm:/usr/share/lilypond/2.22.1/fonts/otf/:/usr/share/lilypond/2.22.1/fonts/type1/:/usr/share/lilypond/2.22.1/fonts/svg/:')
    \include 
             "../lh/gp-02-lh-145.ly"
/tmp/tmp56_e1nfn/2024-03-28T13-18-40-931455-703f013.ly:124:14: error: cannot find file: `../lh/gp-02-lh-72.ly'
(search path: `/tmp/tmp56_e1nfn:/home/user/GitHub/Artyfyshall-Bird/code-implementation:/usr/share/lilypond/2.22.1/ly:/usr/share/lilypond/2.22.1/ps:/usr/share/lilypond/2.22.1/scm:/usr/share/lilypond/2.22.1/fonts/otf/:/usr/share/lilypond/2.22.1/fonts/type1/:/usr/share/lilypond/2.22.1/fonts/svg/:')
    \include 
             "../lh/gp-02-lh-72.ly"
/tmp/tmp56_e1nfn/2024-03-28T13-18-40-931455-703f013.ly:125:14: error: cannot find file: `../lh/gp-02-lh-123.ly'
(search path: `/tmp/tmp56_e1nfn:/home/user/GitHub/Artyfyshall-Bird/code-implementation:/usr/share/lilypond/2.22.1/ly:/usr/share/lilypond/2.22.1/ps:/usr/share/lilypond/2.22.1/scm:/usr/share/lilypond/2.22.1/fonts/otf/:/usr/share/lilypond/2.22.1/fonts/type1/:/usr/share/lilypond/2.22.1/fonts/svg/:')
    \include 
             "../lh/gp-02-lh-123.ly"
/tmp/tmp56_e1nfn/2024-03-28T13-18-40-931455-703f013.ly:126:14: error: cannot find file: `../lh/gp-02-lh-157.ly'
(search path: `/tmp/tmp56_e1nfn:/home/user/GitHub/Artyfyshall-Bird/code-implementation:/usr/share/lilypond/2.22.1/ly:/usr/share/lilypond/2.22.1/ps:/usr/share/lilypond/2.22.1/scm:/usr/share/lilypond/2.22.1/fonts/otf/:/usr/share/lilypond/2.22.1/fonts/type1/:/usr/share/lilypond/2.22.1/fonts/svg/:')
    \include 
             "../lh/gp-02-lh-157.ly"
/tmp/tmp56_e1nfn/2024-03-28T13-18-40-931455-703f013.ly:127:14: error: cannot find file: `../lh/gp-02-lh-170.ly'
(search path: `/tmp/tmp56_e1nfn:/home/user/GitHub/Artyfyshall-Bird/code-implementation:/usr/share/lilypond/2.22.1/ly:/usr/share/lilypond/2.22.1/ps:/usr/share/lilypond/2.22.1/scm:/usr/share/lilypond/2.22.1/fonts/otf/:/usr/share/lilypond/2.22.1/fonts/type1/:/usr/share/lilypond/2.22.1/fonts/svg/:')
    \include 
             "../lh/gp-02-lh-170.ly"
/tmp/tmp56_e1nfn/2024-03-28T13-18-40-931455-703f013.ly:128:14: error: cannot find file: `../lh/gp-02-lh-117.ly'
(search path: `/tmp/tmp56_e1nfn:/home/user/GitHub/Artyfyshall-Bird/code-implementation:/usr/share/lilypond/2.22.1/ly:/usr/share/lilypond/2.22.1/ps:/usr/share/lilypond/2.22.1/scm:/usr/share/lilypond/2.22.1/fonts/otf/:/usr/share/lilypond/2.22.1/fonts/type1/:/usr/share/lilypond/2.22.1/fonts/svg/:')
    \include 
             "../lh/gp-02-lh-117.ly"
/tmp/tmp56_e1nfn/2024-03-28T13-18-40-931455-703f013.ly:129:14: error: cannot find file: `../lh/gp-02-lh-152.ly'
(search path: `/tmp/tmp56_e1nfn:/home/user/GitHub/Artyfyshall-Bird/code-implementation:/usr/share/lilypond/2.22.1/ly:/usr/share/lilypond/2.22.1/ps:/usr/share/lilypond/2.22.1/scm:/usr/share/lilypond/2.22.1/fonts/otf/:/usr/share/lilypond/2.22.1/fonts/type1/:/usr/share/lilypond/2.22.1/fonts/svg/:')
    \include 
             "../lh/gp-02-lh-152.ly"
/tmp/tmp56_e1nfn/2024-03-28T13-18-40-931455-703f013.ly:134:14: error: cannot find file: `../layout_settings.ly'
(search path: `/tmp/tmp56_e1nfn:/home/user/GitHub/Artyfyshall-Bird/code-implementation:/usr/share/lilypond/2.22.1/ly:/usr/share/lilypond/2.22.1/ps:/usr/share/lilypond/2.22.1/scm:/usr/share/lilypond/2.22.1/fonts/otf/:/usr/share/lilypond/2.22.1/fonts/type1/:/usr/share/lilypond/2.22.1/fonts/svg/:')
    \include 
             "../layout_settings.ly"
/tmp/tmp56_e1nfn/2024-03-28T13-18-40-931455-703f013.ly:1: warning: no \version statement found, please add

\version "2.22.1"

for future compatibility
Interpreting music...
/tmp/tmp56_e1nfn/2024-03-28T13-18-40-931455-703f013.ly:8:5: warning: skipping zero-duration score
    
    <<
/tmp/tmp56_e1nfn/2024-03-28T13-18-40-931455-703f013.ly:8:5: warning: to suppress this, consider adding a spacer rest
    
    <<
fatal error: failed files: "/tmp/tmp56_e1nfn/2024-03-28T13-18-40-931455-703f013.ly"
