GNU LilyPond 2.22.1
Changing working directory to: `/tmp/tmpke935uq0'
Processing `/tmp/tmpke935uq0/2024-03-28T12-32-19-318857-5f24200.ly'
Parsing...
/tmp/tmpke935uq0/2024-03-28T12-32-19-318857-5f24200.ly:1:10: error: cannot find file: `../paper_settings.ly'
(search path: `/tmp/tmpke935uq0:/home/user/GitHub/Artyfyshall-Bird/code-implementation:/usr/share/lilypond/2.22.1/ly:/usr/share/lilypond/2.22.1/ps:/usr/share/lilypond/2.22.1/scm:/usr/share/lilypond/2.22.1/fonts/otf/:/usr/share/lilypond/2.22.1/fonts/type1/:/usr/share/lilypond/2.22.1/fonts/svg/:')
\include 
         "../paper_settings.ly" 
/tmp/tmpke935uq0/2024-03-28T12-32-19-318857-5f24200.ly:15:14: error: cannot find file: `../voice_option.ly'
(search path: `/tmp/tmpke935uq0:/home/user/GitHub/Artyfyshall-Bird/code-implementation:/usr/share/lilypond/2.22.1/ly:/usr/share/lilypond/2.22.1/ps:/usr/share/lilypond/2.22.1/scm:/usr/share/lilypond/2.22.1/fonts/otf/:/usr/share/lilypond/2.22.1/fonts/type1/:/usr/share/lilypond/2.22.1/fonts/svg/:')
    \include 
             "../voice_option.ly"
/tmp/tmpke935uq0/2024-03-28T12-32-19-318857-5f24200.ly:16:14: error: cannot find file: `../vc1/gp-02-vc1-217.ly'
(search path: `/tmp/tmpke935uq0:/home/user/GitHub/Artyfyshall-Bird/code-implementation:/usr/share/lilypond/2.22.1/ly:/usr/share/lilypond/2.22.1/ps:/usr/share/lilypond/2.22.1/scm:/usr/share/lilypond/2.22.1/fonts/otf/:/usr/share/lilypond/2.22.1/fonts/type1/:/usr/share/lilypond/2.22.1/fonts/svg/:')
    \include 
             "../vc1/gp-02-vc1-217.ly"
/tmp/tmpke935uq0/2024-03-28T12-32-19-318857-5f24200.ly:17:14: error: cannot find file: `../vc1/gp-02-vc1-109.ly'
(search path: `/tmp/tmpke935uq0:/home/user/GitHub/Artyfyshall-Bird/code-implementation:/usr/share/lilypond/2.22.1/ly:/usr/share/lilypond/2.22.1/ps:/usr/share/lilypond/2.22.1/scm:/usr/share/lilypond/2.22.1/fonts/otf/:/usr/share/lilypond/2.22.1/fonts/type1/:/usr/share/lilypond/2.22.1/fonts/svg/:')
    \include 
             "../vc1/gp-02-vc1-109.ly"
/tmp/tmpke935uq0/2024-03-28T12-32-19-318857-5f24200.ly:18:14: error: cannot find file: `../vc1/gp-02-vc1-132.ly'
(search path: `/tmp/tmpke935uq0:/home/user/GitHub/Artyfyshall-Bird/code-implementation:/usr/share/lilypond/2.22.1/ly:/usr/share/lilypond/2.22.1/ps:/usr/share/lilypond/2.22.1/scm:/usr/share/lilypond/2.22.1/fonts/otf/:/usr/share/lilypond/2.22.1/fonts/type1/:/usr/share/lilypond/2.22.1/fonts/svg/:')
    \include 
             "../vc1/gp-02-vc1-132.ly"
/tmp/tmpke935uq0/2024-03-28T12-32-19-318857-5f24200.ly:19:14: error: cannot find file: `../vc1/gp-02-vc1-263.ly'
(search path: `/tmp/tmpke935uq0:/home/user/GitHub/Artyfyshall-Bird/code-implementation:/usr/share/lilypond/2.22.1/ly:/usr/share/lilypond/2.22.1/ps:/usr/share/lilypond/2.22.1/scm:/usr/share/lilypond/2.22.1/fonts/otf/:/usr/share/lilypond/2.22.1/fonts/type1/:/usr/share/lilypond/2.22.1/fonts/svg/:')
    \include 
             "../vc1/gp-02-vc1-263.ly"
/tmp/tmpke935uq0/2024-03-28T12-32-19-318857-5f24200.ly:20:14: error: cannot find file: `../vc1/gp-02-vc1-57.ly'
(search path: `/tmp/tmpke935uq0:/home/user/GitHub/Artyfyshall-Bird/code-implementation:/usr/share/lilypond/2.22.1/ly:/usr/share/lilypond/2.22.1/ps:/usr/share/lilypond/2.22.1/scm:/usr/share/lilypond/2.22.1/fonts/otf/:/usr/share/lilypond/2.22.1/fonts/type1/:/usr/share/lilypond/2.22.1/fonts/svg/:')
    \include 
             "../vc1/gp-02-vc1-57.ly"
/tmp/tmpke935uq0/2024-03-28T12-32-19-318857-5f24200.ly:21:14: error: cannot find file: `../vc1/gp-02-vc1-11.ly'
(search path: `/tmp/tmpke935uq0:/home/user/GitHub/Artyfyshall-Bird/code-implementation:/usr/share/lilypond/2.22.1/ly:/usr/share/lilypond/2.22.1/ps:/usr/share/lilypond/2.22.1/scm:/usr/share/lilypond/2.22.1/fonts/otf/:/usr/share/lilypond/2.22.1/fonts/type1/:/usr/share/lilypond/2.22.1/fonts/svg/:')
    \include 
             "../vc1/gp-02-vc1-11.ly"
/tmp/tmpke935uq0/2024-03-28T12-32-19-318857-5f24200.ly:22:14: error: cannot find file: `../vc1/gp-02-vc1-79.ly'
(search path: `/tmp/tmpke935uq0:/home/user/GitHub/Artyfyshall-Bird/code-implementation:/usr/share/lilypond/2.22.1/ly:/usr/share/lilypond/2.22.1/ps:/usr/share/lilypond/2.22.1/scm:/usr/share/lilypond/2.22.1/fonts/otf/:/usr/share/lilypond/2.22.1/fonts/type1/:/usr/share/lilypond/2.22.1/fonts/svg/:')
    \include 
             "../vc1/gp-02-vc1-79.ly"
/tmp/tmpke935uq0/2024-03-28T12-32-19-318857-5f24200.ly:23:14: error: cannot find file: `../vc1/gp-02-vc1-23.ly'
(search path: `/tmp/tmpke935uq0:/home/user/GitHub/Artyfyshall-Bird/code-implementation:/usr/share/lilypond/2.22.1/ly:/usr/share/lilypond/2.22.1/ps:/usr/share/lilypond/2.22.1/scm:/usr/share/lilypond/2.22.1/fonts/otf/:/usr/share/lilypond/2.22.1/fonts/type1/:/usr/share/lilypond/2.22.1/fonts/svg/:')
    \include 
             "../vc1/gp-02-vc1-23.ly"
/tmp/tmpke935uq0/2024-03-28T12-32-19-318857-5f24200.ly:24:14: error: cannot find file: `../vc1/gp-02-vc1-84.ly'
(search path: `/tmp/tmpke935uq0:/home/user/GitHub/Artyfyshall-Bird/code-implementation:/usr/share/lilypond/2.22.1/ly:/usr/share/lilypond/2.22.1/ps:/usr/share/lilypond/2.22.1/scm:/usr/share/lilypond/2.22.1/fonts/otf/:/usr/share/lilypond/2.22.1/fonts/type1/:/usr/share/lilypond/2.22.1/fonts/svg/:')
    \include 
             "../vc1/gp-02-vc1-84.ly"
/tmp/tmpke935uq0/2024-03-28T12-32-19-318857-5f24200.ly:25:14: error: cannot find file: `../vc1/gp-02-vc1-85.ly'
(search path: `/tmp/tmpke935uq0:/home/user/GitHub/Artyfyshall-Bird/code-implementation:/usr/share/lilypond/2.22.1/ly:/usr/share/lilypond/2.22.1/ps:/usr/share/lilypond/2.22.1/scm:/usr/share/lilypond/2.22.1/fonts/otf/:/usr/share/lilypond/2.22.1/fonts/type1/:/usr/share/lilypond/2.22.1/fonts/svg/:')
    \include 
             "../vc1/gp-02-vc1-85.ly"
/tmp/tmpke935uq0/2024-03-28T12-32-19-318857-5f24200.ly:26:14: error: cannot find file: `../vc1/gp-02-vc1-91.ly'
(search path: `/tmp/tmpke935uq0:/home/user/GitHub/Artyfyshall-Bird/code-implementation:/usr/share/lilypond/2.22.1/ly:/usr/share/lilypond/2.22.1/ps:/usr/share/lilypond/2.22.1/scm:/usr/share/lilypond/2.22.1/fonts/otf/:/usr/share/lilypond/2.22.1/fonts/type1/:/usr/share/lilypond/2.22.1/fonts/svg/:')
    \include 
             "../vc1/gp-02-vc1-91.ly"
/tmp/tmpke935uq0/2024-03-28T12-32-19-318857-5f24200.ly:27:14: error: cannot find file: `../vc1/gp-02-vc1-49.ly'
(search path: `/tmp/tmpke935uq0:/home/user/GitHub/Artyfyshall-Bird/code-implementation:/usr/share/lilypond/2.22.1/ly:/usr/share/lilypond/2.22.1/ps:/usr/share/lilypond/2.22.1/scm:/usr/share/lilypond/2.22.1/fonts/otf/:/usr/share/lilypond/2.22.1/fonts/type1/:/usr/share/lilypond/2.22.1/fonts/svg/:')
    \include 
             "../vc1/gp-02-vc1-49.ly"
/tmp/tmpke935uq0/2024-03-28T12-32-19-318857-5f24200.ly:28:14: error: cannot find file: `../vc1/gp-02-vc1-62.ly'
(search path: `/tmp/tmpke935uq0:/home/user/GitHub/Artyfyshall-Bird/code-implementation:/usr/share/lilypond/2.22.1/ly:/usr/share/lilypond/2.22.1/ps:/usr/share/lilypond/2.22.1/scm:/usr/share/lilypond/2.22.1/fonts/otf/:/usr/share/lilypond/2.22.1/fonts/type1/:/usr/share/lilypond/2.22.1/fonts/svg/:')
    \include 
             "../vc1/gp-02-vc1-62.ly"
/tmp/tmpke935uq0/2024-03-28T12-32-19-318857-5f24200.ly:29:14: error: cannot find file: `../vc1/gp-02-vc1-234.ly'
(search path: `/tmp/tmpke935uq0:/home/user/GitHub/Artyfyshall-Bird/code-implementation:/usr/share/lilypond/2.22.1/ly:/usr/share/lilypond/2.22.1/ps:/usr/share/lilypond/2.22.1/scm:/usr/share/lilypond/2.22.1/fonts/otf/:/usr/share/lilypond/2.22.1/fonts/type1/:/usr/share/lilypond/2.22.1/fonts/svg/:')
    \include 
             "../vc1/gp-02-vc1-234.ly"
/tmp/tmpke935uq0/2024-03-28T12-32-19-318857-5f24200.ly:30:14: error: cannot find file: `../vc1/gp-02-vc1-58.ly'
(search path: `/tmp/tmpke935uq0:/home/user/GitHub/Artyfyshall-Bird/code-implementation:/usr/share/lilypond/2.22.1/ly:/usr/share/lilypond/2.22.1/ps:/usr/share/lilypond/2.22.1/scm:/usr/share/lilypond/2.22.1/fonts/otf/:/usr/share/lilypond/2.22.1/fonts/type1/:/usr/share/lilypond/2.22.1/fonts/svg/:')
    \include 
             "../vc1/gp-02-vc1-58.ly"
/tmp/tmpke935uq0/2024-03-28T12-32-19-318857-5f24200.ly:31:14: error: cannot find file: `../vc1/gp-02-vc1-164.ly'
(search path: `/tmp/tmpke935uq0:/home/user/GitHub/Artyfyshall-Bird/code-implementation:/usr/share/lilypond/2.22.1/ly:/usr/share/lilypond/2.22.1/ps:/usr/share/lilypond/2.22.1/scm:/usr/share/lilypond/2.22.1/fonts/otf/:/usr/share/lilypond/2.22.1/fonts/type1/:/usr/share/lilypond/2.22.1/fonts/svg/:')
    \include 
             "../vc1/gp-02-vc1-164.ly"
/tmp/tmpke935uq0/2024-03-28T12-32-19-318857-5f24200.ly:32:14: error: cannot find file: `../vc1/gp-02-vc1-103.ly'
(search path: `/tmp/tmpke935uq0:/home/user/GitHub/Artyfyshall-Bird/code-implementation:/usr/share/lilypond/2.22.1/ly:/usr/share/lilypond/2.22.1/ps:/usr/share/lilypond/2.22.1/scm:/usr/share/lilypond/2.22.1/fonts/otf/:/usr/share/lilypond/2.22.1/fonts/type1/:/usr/share/lilypond/2.22.1/fonts/svg/:')
    \include 
             "../vc1/gp-02-vc1-103.ly"
/tmp/tmpke935uq0/2024-03-28T12-32-19-318857-5f24200.ly:33:14: error: cannot find file: `../vc1/gp-02-vc1-205.ly'
(search path: `/tmp/tmpke935uq0:/home/user/GitHub/Artyfyshall-Bird/code-implementation:/usr/share/lilypond/2.22.1/ly:/usr/share/lilypond/2.22.1/ps:/usr/share/lilypond/2.22.1/scm:/usr/share/lilypond/2.22.1/fonts/otf/:/usr/share/lilypond/2.22.1/fonts/type1/:/usr/share/lilypond/2.22.1/fonts/svg/:')
    \include 
             "../vc1/gp-02-vc1-205.ly"
/tmp/tmpke935uq0/2024-03-28T12-32-19-318857-5f24200.ly:34:14: error: cannot find file: `../vc1/gp-02-vc1-116.ly'
(search path: `/tmp/tmpke935uq0:/home/user/GitHub/Artyfyshall-Bird/code-implementation:/usr/share/lilypond/2.22.1/ly:/usr/share/lilypond/2.22.1/ps:/usr/share/lilypond/2.22.1/scm:/usr/share/lilypond/2.22.1/fonts/otf/:/usr/share/lilypond/2.22.1/fonts/type1/:/usr/share/lilypond/2.22.1/fonts/svg/:')
    \include 
             "../vc1/gp-02-vc1-116.ly"
/tmp/tmpke935uq0/2024-03-28T12-32-19-318857-5f24200.ly:35:14: error: cannot find file: `../vc1/gp-02-vc1-259.ly'
(search path: `/tmp/tmpke935uq0:/home/user/GitHub/Artyfyshall-Bird/code-implementation:/usr/share/lilypond/2.22.1/ly:/usr/share/lilypond/2.22.1/ps:/usr/share/lilypond/2.22.1/scm:/usr/share/lilypond/2.22.1/fonts/otf/:/usr/share/lilypond/2.22.1/fonts/type1/:/usr/share/lilypond/2.22.1/fonts/svg/:')
    \include 
             "../vc1/gp-02-vc1-259.ly"
/tmp/tmpke935uq0/2024-03-28T12-32-19-318857-5f24200.ly:36:14: error: cannot find file: `../vc1/gp-02-vc1-213.ly'
(search path: `/tmp/tmpke935uq0:/home/user/GitHub/Artyfyshall-Bird/code-implementation:/usr/share/lilypond/2.22.1/ly:/usr/share/lilypond/2.22.1/ps:/usr/share/lilypond/2.22.1/scm:/usr/share/lilypond/2.22.1/fonts/otf/:/usr/share/lilypond/2.22.1/fonts/type1/:/usr/share/lilypond/2.22.1/fonts/svg/:')
    \include 
             "../vc1/gp-02-vc1-213.ly"
/tmp/tmpke935uq0/2024-03-28T12-32-19-318857-5f24200.ly:37:14: error: cannot find file: `../vc1/gp-02-vc1-22.ly'
(search path: `/tmp/tmpke935uq0:/home/user/GitHub/Artyfyshall-Bird/code-implementation:/usr/share/lilypond/2.22.1/ly:/usr/share/lilypond/2.22.1/ps:/usr/share/lilypond/2.22.1/scm:/usr/share/lilypond/2.22.1/fonts/otf/:/usr/share/lilypond/2.22.1/fonts/type1/:/usr/share/lilypond/2.22.1/fonts/svg/:')
    \include 
             "../vc1/gp-02-vc1-22.ly"
/tmp/tmpke935uq0/2024-03-28T12-32-19-318857-5f24200.ly:38:14: error: cannot find file: `../vc1/gp-02-vc1-193.ly'
(search path: `/tmp/tmpke935uq0:/home/user/GitHub/Artyfyshall-Bird/code-implementation:/usr/share/lilypond/2.22.1/ly:/usr/share/lilypond/2.22.1/ps:/usr/share/lilypond/2.22.1/scm:/usr/share/lilypond/2.22.1/fonts/otf/:/usr/share/lilypond/2.22.1/fonts/type1/:/usr/share/lilypond/2.22.1/fonts/svg/:')
    \include 
             "../vc1/gp-02-vc1-193.ly"
/tmp/tmpke935uq0/2024-03-28T12-32-19-318857-5f24200.ly:39:14: error: cannot find file: `../vc1/gp-02-vc1-12.ly'
(search path: `/tmp/tmpke935uq0:/home/user/GitHub/Artyfyshall-Bird/code-implementation:/usr/share/lilypond/2.22.1/ly:/usr/share/lilypond/2.22.1/ps:/usr/share/lilypond/2.22.1/scm:/usr/share/lilypond/2.22.1/fonts/otf/:/usr/share/lilypond/2.22.1/fonts/type1/:/usr/share/lilypond/2.22.1/fonts/svg/:')
    \include 
             "../vc1/gp-02-vc1-12.ly"
/tmp/tmpke935uq0/2024-03-28T12-32-19-318857-5f24200.ly:46:14: error: cannot find file: `../voice_option.ly'
(search path: `/tmp/tmpke935uq0:/home/user/GitHub/Artyfyshall-Bird/code-implementation:/usr/share/lilypond/2.22.1/ly:/usr/share/lilypond/2.22.1/ps:/usr/share/lilypond/2.22.1/scm:/usr/share/lilypond/2.22.1/fonts/otf/:/usr/share/lilypond/2.22.1/fonts/type1/:/usr/share/lilypond/2.22.1/fonts/svg/:')
    \include 
             "../voice_option.ly"
/tmp/tmpke935uq0/2024-03-28T12-32-19-318857-5f24200.ly:47:14: error: cannot find file: `../vc2/gp-02-vc2-217.ly'
(search path: `/tmp/tmpke935uq0:/home/user/GitHub/Artyfyshall-Bird/code-implementation:/usr/share/lilypond/2.22.1/ly:/usr/share/lilypond/2.22.1/ps:/usr/share/lilypond/2.22.1/scm:/usr/share/lilypond/2.22.1/fonts/otf/:/usr/share/lilypond/2.22.1/fonts/type1/:/usr/share/lilypond/2.22.1/fonts/svg/:')
    \include 
             "../vc2/gp-02-vc2-217.ly"
/tmp/tmpke935uq0/2024-03-28T12-32-19-318857-5f24200.ly:48:14: error: cannot find file: `../vc2/gp-02-vc2-109.ly'
(search path: `/tmp/tmpke935uq0:/home/user/GitHub/Artyfyshall-Bird/code-implementation:/usr/share/lilypond/2.22.1/ly:/usr/share/lilypond/2.22.1/ps:/usr/share/lilypond/2.22.1/scm:/usr/share/lilypond/2.22.1/fonts/otf/:/usr/share/lilypond/2.22.1/fonts/type1/:/usr/share/lilypond/2.22.1/fonts/svg/:')
    \include 
             "../vc2/gp-02-vc2-109.ly"
/tmp/tmpke935uq0/2024-03-28T12-32-19-318857-5f24200.ly:49:14: error: cannot find file: `../vc2/gp-02-vc2-132.ly'
(search path: `/tmp/tmpke935uq0:/home/user/GitHub/Artyfyshall-Bird/code-implementation:/usr/share/lilypond/2.22.1/ly:/usr/share/lilypond/2.22.1/ps:/usr/share/lilypond/2.22.1/scm:/usr/share/lilypond/2.22.1/fonts/otf/:/usr/share/lilypond/2.22.1/fonts/type1/:/usr/share/lilypond/2.22.1/fonts/svg/:')
    \include 
             "../vc2/gp-02-vc2-132.ly"
/tmp/tmpke935uq0/2024-03-28T12-32-19-318857-5f24200.ly:50:14: error: cannot find file: `../vc2/gp-02-vc2-263.ly'
(search path: `/tmp/tmpke935uq0:/home/user/GitHub/Artyfyshall-Bird/code-implementation:/usr/share/lilypond/2.22.1/ly:/usr/share/lilypond/2.22.1/ps:/usr/share/lilypond/2.22.1/scm:/usr/share/lilypond/2.22.1/fonts/otf/:/usr/share/lilypond/2.22.1/fonts/type1/:/usr/share/lilypond/2.22.1/fonts/svg/:')
    \include 
             "../vc2/gp-02-vc2-263.ly"
/tmp/tmpke935uq0/2024-03-28T12-32-19-318857-5f24200.ly:51:14: error: cannot find file: `../vc2/gp-02-vc2-57.ly'
(search path: `/tmp/tmpke935uq0:/home/user/GitHub/Artyfyshall-Bird/code-implementation:/usr/share/lilypond/2.22.1/ly:/usr/share/lilypond/2.22.1/ps:/usr/share/lilypond/2.22.1/scm:/usr/share/lilypond/2.22.1/fonts/otf/:/usr/share/lilypond/2.22.1/fonts/type1/:/usr/share/lilypond/2.22.1/fonts/svg/:')
    \include 
             "../vc2/gp-02-vc2-57.ly"
/tmp/tmpke935uq0/2024-03-28T12-32-19-318857-5f24200.ly:52:14: error: cannot find file: `../vc2/gp-02-vc2-11.ly'
(search path: `/tmp/tmpke935uq0:/home/user/GitHub/Artyfyshall-Bird/code-implementation:/usr/share/lilypond/2.22.1/ly:/usr/share/lilypond/2.22.1/ps:/usr/share/lilypond/2.22.1/scm:/usr/share/lilypond/2.22.1/fonts/otf/:/usr/share/lilypond/2.22.1/fonts/type1/:/usr/share/lilypond/2.22.1/fonts/svg/:')
    \include 
             "../vc2/gp-02-vc2-11.ly"
/tmp/tmpke935uq0/2024-03-28T12-32-19-318857-5f24200.ly:53:14: error: cannot find file: `../vc2/gp-02-vc2-79.ly'
(search path: `/tmp/tmpke935uq0:/home/user/GitHub/Artyfyshall-Bird/code-implementation:/usr/share/lilypond/2.22.1/ly:/usr/share/lilypond/2.22.1/ps:/usr/share/lilypond/2.22.1/scm:/usr/share/lilypond/2.22.1/fonts/otf/:/usr/share/lilypond/2.22.1/fonts/type1/:/usr/share/lilypond/2.22.1/fonts/svg/:')
    \include 
             "../vc2/gp-02-vc2-79.ly"
/tmp/tmpke935uq0/2024-03-28T12-32-19-318857-5f24200.ly:54:14: error: cannot find file: `../vc2/gp-02-vc2-23.ly'
(search path: `/tmp/tmpke935uq0:/home/user/GitHub/Artyfyshall-Bird/code-implementation:/usr/share/lilypond/2.22.1/ly:/usr/share/lilypond/2.22.1/ps:/usr/share/lilypond/2.22.1/scm:/usr/share/lilypond/2.22.1/fonts/otf/:/usr/share/lilypond/2.22.1/fonts/type1/:/usr/share/lilypond/2.22.1/fonts/svg/:')
    \include 
             "../vc2/gp-02-vc2-23.ly"
/tmp/tmpke935uq0/2024-03-28T12-32-19-318857-5f24200.ly:55:14: error: cannot find file: `../vc2/gp-02-vc2-84.ly'
(search path: `/tmp/tmpke935uq0:/home/user/GitHub/Artyfyshall-Bird/code-implementation:/usr/share/lilypond/2.22.1/ly:/usr/share/lilypond/2.22.1/ps:/usr/share/lilypond/2.22.1/scm:/usr/share/lilypond/2.22.1/fonts/otf/:/usr/share/lilypond/2.22.1/fonts/type1/:/usr/share/lilypond/2.22.1/fonts/svg/:')
    \include 
             "../vc2/gp-02-vc2-84.ly"
/tmp/tmpke935uq0/2024-03-28T12-32-19-318857-5f24200.ly:56:14: error: cannot find file: `../vc2/gp-02-vc2-85.ly'
(search path: `/tmp/tmpke935uq0:/home/user/GitHub/Artyfyshall-Bird/code-implementation:/usr/share/lilypond/2.22.1/ly:/usr/share/lilypond/2.22.1/ps:/usr/share/lilypond/2.22.1/scm:/usr/share/lilypond/2.22.1/fonts/otf/:/usr/share/lilypond/2.22.1/fonts/type1/:/usr/share/lilypond/2.22.1/fonts/svg/:')
    \include 
             "../vc2/gp-02-vc2-85.ly"
/tmp/tmpke935uq0/2024-03-28T12-32-19-318857-5f24200.ly:57:14: error: cannot find file: `../vc2/gp-02-vc2-91.ly'
(search path: `/tmp/tmpke935uq0:/home/user/GitHub/Artyfyshall-Bird/code-implementation:/usr/share/lilypond/2.22.1/ly:/usr/share/lilypond/2.22.1/ps:/usr/share/lilypond/2.22.1/scm:/usr/share/lilypond/2.22.1/fonts/otf/:/usr/share/lilypond/2.22.1/fonts/type1/:/usr/share/lilypond/2.22.1/fonts/svg/:')
    \include 
             "../vc2/gp-02-vc2-91.ly"
/tmp/tmpke935uq0/2024-03-28T12-32-19-318857-5f24200.ly:58:14: error: cannot find file: `../vc2/gp-02-vc2-49.ly'
(search path: `/tmp/tmpke935uq0:/home/user/GitHub/Artyfyshall-Bird/code-implementation:/usr/share/lilypond/2.22.1/ly:/usr/share/lilypond/2.22.1/ps:/usr/share/lilypond/2.22.1/scm:/usr/share/lilypond/2.22.1/fonts/otf/:/usr/share/lilypond/2.22.1/fonts/type1/:/usr/share/lilypond/2.22.1/fonts/svg/:')
    \include 
             "../vc2/gp-02-vc2-49.ly"
/tmp/tmpke935uq0/2024-03-28T12-32-19-318857-5f24200.ly:59:14: error: cannot find file: `../vc2/gp-02-vc2-62.ly'
(search path: `/tmp/tmpke935uq0:/home/user/GitHub/Artyfyshall-Bird/code-implementation:/usr/share/lilypond/2.22.1/ly:/usr/share/lilypond/2.22.1/ps:/usr/share/lilypond/2.22.1/scm:/usr/share/lilypond/2.22.1/fonts/otf/:/usr/share/lilypond/2.22.1/fonts/type1/:/usr/share/lilypond/2.22.1/fonts/svg/:')
    \include 
             "../vc2/gp-02-vc2-62.ly"
/tmp/tmpke935uq0/2024-03-28T12-32-19-318857-5f24200.ly:60:14: error: cannot find file: `../vc2/gp-02-vc2-234.ly'
(search path: `/tmp/tmpke935uq0:/home/user/GitHub/Artyfyshall-Bird/code-implementation:/usr/share/lilypond/2.22.1/ly:/usr/share/lilypond/2.22.1/ps:/usr/share/lilypond/2.22.1/scm:/usr/share/lilypond/2.22.1/fonts/otf/:/usr/share/lilypond/2.22.1/fonts/type1/:/usr/share/lilypond/2.22.1/fonts/svg/:')
    \include 
             "../vc2/gp-02-vc2-234.ly"
/tmp/tmpke935uq0/2024-03-28T12-32-19-318857-5f24200.ly:61:14: error: cannot find file: `../vc2/gp-02-vc2-58.ly'
(search path: `/tmp/tmpke935uq0:/home/user/GitHub/Artyfyshall-Bird/code-implementation:/usr/share/lilypond/2.22.1/ly:/usr/share/lilypond/2.22.1/ps:/usr/share/lilypond/2.22.1/scm:/usr/share/lilypond/2.22.1/fonts/otf/:/usr/share/lilypond/2.22.1/fonts/type1/:/usr/share/lilypond/2.22.1/fonts/svg/:')
    \include 
             "../vc2/gp-02-vc2-58.ly"
/tmp/tmpke935uq0/2024-03-28T12-32-19-318857-5f24200.ly:62:14: error: cannot find file: `../vc2/gp-02-vc2-164.ly'
(search path: `/tmp/tmpke935uq0:/home/user/GitHub/Artyfyshall-Bird/code-implementation:/usr/share/lilypond/2.22.1/ly:/usr/share/lilypond/2.22.1/ps:/usr/share/lilypond/2.22.1/scm:/usr/share/lilypond/2.22.1/fonts/otf/:/usr/share/lilypond/2.22.1/fonts/type1/:/usr/share/lilypond/2.22.1/fonts/svg/:')
    \include 
             "../vc2/gp-02-vc2-164.ly"
/tmp/tmpke935uq0/2024-03-28T12-32-19-318857-5f24200.ly:63:14: error: cannot find file: `../vc2/gp-02-vc2-103.ly'
(search path: `/tmp/tmpke935uq0:/home/user/GitHub/Artyfyshall-Bird/code-implementation:/usr/share/lilypond/2.22.1/ly:/usr/share/lilypond/2.22.1/ps:/usr/share/lilypond/2.22.1/scm:/usr/share/lilypond/2.22.1/fonts/otf/:/usr/share/lilypond/2.22.1/fonts/type1/:/usr/share/lilypond/2.22.1/fonts/svg/:')
    \include 
             "../vc2/gp-02-vc2-103.ly"
/tmp/tmpke935uq0/2024-03-28T12-32-19-318857-5f24200.ly:64:14: error: cannot find file: `../vc2/gp-02-vc2-205.ly'
(search path: `/tmp/tmpke935uq0:/home/user/GitHub/Artyfyshall-Bird/code-implementation:/usr/share/lilypond/2.22.1/ly:/usr/share/lilypond/2.22.1/ps:/usr/share/lilypond/2.22.1/scm:/usr/share/lilypond/2.22.1/fonts/otf/:/usr/share/lilypond/2.22.1/fonts/type1/:/usr/share/lilypond/2.22.1/fonts/svg/:')
    \include 
             "../vc2/gp-02-vc2-205.ly"
/tmp/tmpke935uq0/2024-03-28T12-32-19-318857-5f24200.ly:65:14: error: cannot find file: `../vc2/gp-02-vc2-116.ly'
(search path: `/tmp/tmpke935uq0:/home/user/GitHub/Artyfyshall-Bird/code-implementation:/usr/share/lilypond/2.22.1/ly:/usr/share/lilypond/2.22.1/ps:/usr/share/lilypond/2.22.1/scm:/usr/share/lilypond/2.22.1/fonts/otf/:/usr/share/lilypond/2.22.1/fonts/type1/:/usr/share/lilypond/2.22.1/fonts/svg/:')
    \include 
             "../vc2/gp-02-vc2-116.ly"
/tmp/tmpke935uq0/2024-03-28T12-32-19-318857-5f24200.ly:66:14: error: cannot find file: `../vc2/gp-02-vc2-259.ly'
(search path: `/tmp/tmpke935uq0:/home/user/GitHub/Artyfyshall-Bird/code-implementation:/usr/share/lilypond/2.22.1/ly:/usr/share/lilypond/2.22.1/ps:/usr/share/lilypond/2.22.1/scm:/usr/share/lilypond/2.22.1/fonts/otf/:/usr/share/lilypond/2.22.1/fonts/type1/:/usr/share/lilypond/2.22.1/fonts/svg/:')
    \include 
             "../vc2/gp-02-vc2-259.ly"
/tmp/tmpke935uq0/2024-03-28T12-32-19-318857-5f24200.ly:67:14: error: cannot find file: `../vc2/gp-02-vc2-213.ly'
(search path: `/tmp/tmpke935uq0:/home/user/GitHub/Artyfyshall-Bird/code-implementation:/usr/share/lilypond/2.22.1/ly:/usr/share/lilypond/2.22.1/ps:/usr/share/lilypond/2.22.1/scm:/usr/share/lilypond/2.22.1/fonts/otf/:/usr/share/lilypond/2.22.1/fonts/type1/:/usr/share/lilypond/2.22.1/fonts/svg/:')
    \include 
             "../vc2/gp-02-vc2-213.ly"
/tmp/tmpke935uq0/2024-03-28T12-32-19-318857-5f24200.ly:68:14: error: cannot find file: `../vc2/gp-02-vc2-22.ly'
(search path: `/tmp/tmpke935uq0:/home/user/GitHub/Artyfyshall-Bird/code-implementation:/usr/share/lilypond/2.22.1/ly:/usr/share/lilypond/2.22.1/ps:/usr/share/lilypond/2.22.1/scm:/usr/share/lilypond/2.22.1/fonts/otf/:/usr/share/lilypond/2.22.1/fonts/type1/:/usr/share/lilypond/2.22.1/fonts/svg/:')
    \include 
             "../vc2/gp-02-vc2-22.ly"
/tmp/tmpke935uq0/2024-03-28T12-32-19-318857-5f24200.ly:69:14: error: cannot find file: `../vc2/gp-02-vc2-193.ly'
(search path: `/tmp/tmpke935uq0:/home/user/GitHub/Artyfyshall-Bird/code-implementation:/usr/share/lilypond/2.22.1/ly:/usr/share/lilypond/2.22.1/ps:/usr/share/lilypond/2.22.1/scm:/usr/share/lilypond/2.22.1/fonts/otf/:/usr/share/lilypond/2.22.1/fonts/type1/:/usr/share/lilypond/2.22.1/fonts/svg/:')
    \include 
             "../vc2/gp-02-vc2-193.ly"
/tmp/tmpke935uq0/2024-03-28T12-32-19-318857-5f24200.ly:70:14: error: cannot find file: `../vc2/gp-02-vc2-12.ly'
(search path: `/tmp/tmpke935uq0:/home/user/GitHub/Artyfyshall-Bird/code-implementation:/usr/share/lilypond/2.22.1/ly:/usr/share/lilypond/2.22.1/ps:/usr/share/lilypond/2.22.1/scm:/usr/share/lilypond/2.22.1/fonts/otf/:/usr/share/lilypond/2.22.1/fonts/type1/:/usr/share/lilypond/2.22.1/fonts/svg/:')
    \include 
             "../vc2/gp-02-vc2-12.ly"
/tmp/tmpke935uq0/2024-03-28T12-32-19-318857-5f24200.ly:78:14: error: cannot find file: `../voice_option.ly'
(search path: `/tmp/tmpke935uq0:/home/user/GitHub/Artyfyshall-Bird/code-implementation:/usr/share/lilypond/2.22.1/ly:/usr/share/lilypond/2.22.1/ps:/usr/share/lilypond/2.22.1/scm:/usr/share/lilypond/2.22.1/fonts/otf/:/usr/share/lilypond/2.22.1/fonts/type1/:/usr/share/lilypond/2.22.1/fonts/svg/:')
    \include 
             "../voice_option.ly"
/tmp/tmpke935uq0/2024-03-28T12-32-19-318857-5f24200.ly:79:14: error: cannot find file: `../rh/gp-02-rh-217.ly'
(search path: `/tmp/tmpke935uq0:/home/user/GitHub/Artyfyshall-Bird/code-implementation:/usr/share/lilypond/2.22.1/ly:/usr/share/lilypond/2.22.1/ps:/usr/share/lilypond/2.22.1/scm:/usr/share/lilypond/2.22.1/fonts/otf/:/usr/share/lilypond/2.22.1/fonts/type1/:/usr/share/lilypond/2.22.1/fonts/svg/:')
    \include 
             "../rh/gp-02-rh-217.ly"
/tmp/tmpke935uq0/2024-03-28T12-32-19-318857-5f24200.ly:80:14: error: cannot find file: `../rh/gp-02-rh-109.ly'
(search path: `/tmp/tmpke935uq0:/home/user/GitHub/Artyfyshall-Bird/code-implementation:/usr/share/lilypond/2.22.1/ly:/usr/share/lilypond/2.22.1/ps:/usr/share/lilypond/2.22.1/scm:/usr/share/lilypond/2.22.1/fonts/otf/:/usr/share/lilypond/2.22.1/fonts/type1/:/usr/share/lilypond/2.22.1/fonts/svg/:')
    \include 
             "../rh/gp-02-rh-109.ly"
/tmp/tmpke935uq0/2024-03-28T12-32-19-318857-5f24200.ly:81:14: error: cannot find file: `../rh/gp-02-rh-132.ly'
(search path: `/tmp/tmpke935uq0:/home/user/GitHub/Artyfyshall-Bird/code-implementation:/usr/share/lilypond/2.22.1/ly:/usr/share/lilypond/2.22.1/ps:/usr/share/lilypond/2.22.1/scm:/usr/share/lilypond/2.22.1/fonts/otf/:/usr/share/lilypond/2.22.1/fonts/type1/:/usr/share/lilypond/2.22.1/fonts/svg/:')
    \include 
             "../rh/gp-02-rh-132.ly"
/tmp/tmpke935uq0/2024-03-28T12-32-19-318857-5f24200.ly:82:14: error: cannot find file: `../rh/gp-02-rh-263.ly'
(search path: `/tmp/tmpke935uq0:/home/user/GitHub/Artyfyshall-Bird/code-implementation:/usr/share/lilypond/2.22.1/ly:/usr/share/lilypond/2.22.1/ps:/usr/share/lilypond/2.22.1/scm:/usr/share/lilypond/2.22.1/fonts/otf/:/usr/share/lilypond/2.22.1/fonts/type1/:/usr/share/lilypond/2.22.1/fonts/svg/:')
    \include 
             "../rh/gp-02-rh-263.ly"
/tmp/tmpke935uq0/2024-03-28T12-32-19-318857-5f24200.ly:83:14: error: cannot find file: `../rh/gp-02-rh-57.ly'
(search path: `/tmp/tmpke935uq0:/home/user/GitHub/Artyfyshall-Bird/code-implementation:/usr/share/lilypond/2.22.1/ly:/usr/share/lilypond/2.22.1/ps:/usr/share/lilypond/2.22.1/scm:/usr/share/lilypond/2.22.1/fonts/otf/:/usr/share/lilypond/2.22.1/fonts/type1/:/usr/share/lilypond/2.22.1/fonts/svg/:')
    \include 
             "../rh/gp-02-rh-57.ly"
/tmp/tmpke935uq0/2024-03-28T12-32-19-318857-5f24200.ly:84:14: error: cannot find file: `../rh/gp-02-rh-11.ly'
(search path: `/tmp/tmpke935uq0:/home/user/GitHub/Artyfyshall-Bird/code-implementation:/usr/share/lilypond/2.22.1/ly:/usr/share/lilypond/2.22.1/ps:/usr/share/lilypond/2.22.1/scm:/usr/share/lilypond/2.22.1/fonts/otf/:/usr/share/lilypond/2.22.1/fonts/type1/:/usr/share/lilypond/2.22.1/fonts/svg/:')
    \include 
             "../rh/gp-02-rh-11.ly"
/tmp/tmpke935uq0/2024-03-28T12-32-19-318857-5f24200.ly:85:14: error: cannot find file: `../rh/gp-02-rh-79.ly'
(search path: `/tmp/tmpke935uq0:/home/user/GitHub/Artyfyshall-Bird/code-implementation:/usr/share/lilypond/2.22.1/ly:/usr/share/lilypond/2.22.1/ps:/usr/share/lilypond/2.22.1/scm:/usr/share/lilypond/2.22.1/fonts/otf/:/usr/share/lilypond/2.22.1/fonts/type1/:/usr/share/lilypond/2.22.1/fonts/svg/:')
    \include 
             "../rh/gp-02-rh-79.ly"
/tmp/tmpke935uq0/2024-03-28T12-32-19-318857-5f24200.ly:86:14: error: cannot find file: `../rh/gp-02-rh-23.ly'
(search path: `/tmp/tmpke935uq0:/home/user/GitHub/Artyfyshall-Bird/code-implementation:/usr/share/lilypond/2.22.1/ly:/usr/share/lilypond/2.22.1/ps:/usr/share/lilypond/2.22.1/scm:/usr/share/lilypond/2.22.1/fonts/otf/:/usr/share/lilypond/2.22.1/fonts/type1/:/usr/share/lilypond/2.22.1/fonts/svg/:')
    \include 
             "../rh/gp-02-rh-23.ly"
/tmp/tmpke935uq0/2024-03-28T12-32-19-318857-5f24200.ly:87:14: error: cannot find file: `../rh/gp-02-rh-84.ly'
(search path: `/tmp/tmpke935uq0:/home/user/GitHub/Artyfyshall-Bird/code-implementation:/usr/share/lilypond/2.22.1/ly:/usr/share/lilypond/2.22.1/ps:/usr/share/lilypond/2.22.1/scm:/usr/share/lilypond/2.22.1/fonts/otf/:/usr/share/lilypond/2.22.1/fonts/type1/:/usr/share/lilypond/2.22.1/fonts/svg/:')
    \include 
             "../rh/gp-02-rh-84.ly"
/tmp/tmpke935uq0/2024-03-28T12-32-19-318857-5f24200.ly:88:14: error: cannot find file: `../rh/gp-02-rh-85.ly'
(search path: `/tmp/tmpke935uq0:/home/user/GitHub/Artyfyshall-Bird/code-implementation:/usr/share/lilypond/2.22.1/ly:/usr/share/lilypond/2.22.1/ps:/usr/share/lilypond/2.22.1/scm:/usr/share/lilypond/2.22.1/fonts/otf/:/usr/share/lilypond/2.22.1/fonts/type1/:/usr/share/lilypond/2.22.1/fonts/svg/:')
    \include 
             "../rh/gp-02-rh-85.ly"
/tmp/tmpke935uq0/2024-03-28T12-32-19-318857-5f24200.ly:89:14: error: cannot find file: `../rh/gp-02-rh-91.ly'
(search path: `/tmp/tmpke935uq0:/home/user/GitHub/Artyfyshall-Bird/code-implementation:/usr/share/lilypond/2.22.1/ly:/usr/share/lilypond/2.22.1/ps:/usr/share/lilypond/2.22.1/scm:/usr/share/lilypond/2.22.1/fonts/otf/:/usr/share/lilypond/2.22.1/fonts/type1/:/usr/share/lilypond/2.22.1/fonts/svg/:')
    \include 
             "../rh/gp-02-rh-91.ly"
/tmp/tmpke935uq0/2024-03-28T12-32-19-318857-5f24200.ly:90:14: error: cannot find file: `../rh/gp-02-rh-49.ly'
(search path: `/tmp/tmpke935uq0:/home/user/GitHub/Artyfyshall-Bird/code-implementation:/usr/share/lilypond/2.22.1/ly:/usr/share/lilypond/2.22.1/ps:/usr/share/lilypond/2.22.1/scm:/usr/share/lilypond/2.22.1/fonts/otf/:/usr/share/lilypond/2.22.1/fonts/type1/:/usr/share/lilypond/2.22.1/fonts/svg/:')
    \include 
             "../rh/gp-02-rh-49.ly"
/tmp/tmpke935uq0/2024-03-28T12-32-19-318857-5f24200.ly:91:14: error: cannot find file: `../rh/gp-02-rh-62.ly'
(search path: `/tmp/tmpke935uq0:/home/user/GitHub/Artyfyshall-Bird/code-implementation:/usr/share/lilypond/2.22.1/ly:/usr/share/lilypond/2.22.1/ps:/usr/share/lilypond/2.22.1/scm:/usr/share/lilypond/2.22.1/fonts/otf/:/usr/share/lilypond/2.22.1/fonts/type1/:/usr/share/lilypond/2.22.1/fonts/svg/:')
    \include 
             "../rh/gp-02-rh-62.ly"
/tmp/tmpke935uq0/2024-03-28T12-32-19-318857-5f24200.ly:92:14: error: cannot find file: `../rh/gp-02-rh-234.ly'
(search path: `/tmp/tmpke935uq0:/home/user/GitHub/Artyfyshall-Bird/code-implementation:/usr/share/lilypond/2.22.1/ly:/usr/share/lilypond/2.22.1/ps:/usr/share/lilypond/2.22.1/scm:/usr/share/lilypond/2.22.1/fonts/otf/:/usr/share/lilypond/2.22.1/fonts/type1/:/usr/share/lilypond/2.22.1/fonts/svg/:')
    \include 
             "../rh/gp-02-rh-234.ly"
/tmp/tmpke935uq0/2024-03-28T12-32-19-318857-5f24200.ly:93:14: error: cannot find file: `../rh/gp-02-rh-58.ly'
(search path: `/tmp/tmpke935uq0:/home/user/GitHub/Artyfyshall-Bird/code-implementation:/usr/share/lilypond/2.22.1/ly:/usr/share/lilypond/2.22.1/ps:/usr/share/lilypond/2.22.1/scm:/usr/share/lilypond/2.22.1/fonts/otf/:/usr/share/lilypond/2.22.1/fonts/type1/:/usr/share/lilypond/2.22.1/fonts/svg/:')
    \include 
             "../rh/gp-02-rh-58.ly"
/tmp/tmpke935uq0/2024-03-28T12-32-19-318857-5f24200.ly:94:14: error: cannot find file: `../rh/gp-02-rh-164.ly'
(search path: `/tmp/tmpke935uq0:/home/user/GitHub/Artyfyshall-Bird/code-implementation:/usr/share/lilypond/2.22.1/ly:/usr/share/lilypond/2.22.1/ps:/usr/share/lilypond/2.22.1/scm:/usr/share/lilypond/2.22.1/fonts/otf/:/usr/share/lilypond/2.22.1/fonts/type1/:/usr/share/lilypond/2.22.1/fonts/svg/:')
    \include 
             "../rh/gp-02-rh-164.ly"
/tmp/tmpke935uq0/2024-03-28T12-32-19-318857-5f24200.ly:95:14: error: cannot find file: `../rh/gp-02-rh-103.ly'
(search path: `/tmp/tmpke935uq0:/home/user/GitHub/Artyfyshall-Bird/code-implementation:/usr/share/lilypond/2.22.1/ly:/usr/share/lilypond/2.22.1/ps:/usr/share/lilypond/2.22.1/scm:/usr/share/lilypond/2.22.1/fonts/otf/:/usr/share/lilypond/2.22.1/fonts/type1/:/usr/share/lilypond/2.22.1/fonts/svg/:')
    \include 
             "../rh/gp-02-rh-103.ly"
/tmp/tmpke935uq0/2024-03-28T12-32-19-318857-5f24200.ly:96:14: error: cannot find file: `../rh/gp-02-rh-205.ly'
(search path: `/tmp/tmpke935uq0:/home/user/GitHub/Artyfyshall-Bird/code-implementation:/usr/share/lilypond/2.22.1/ly:/usr/share/lilypond/2.22.1/ps:/usr/share/lilypond/2.22.1/scm:/usr/share/lilypond/2.22.1/fonts/otf/:/usr/share/lilypond/2.22.1/fonts/type1/:/usr/share/lilypond/2.22.1/fonts/svg/:')
    \include 
             "../rh/gp-02-rh-205.ly"
/tmp/tmpke935uq0/2024-03-28T12-32-19-318857-5f24200.ly:97:14: error: cannot find file: `../rh/gp-02-rh-116.ly'
(search path: `/tmp/tmpke935uq0:/home/user/GitHub/Artyfyshall-Bird/code-implementation:/usr/share/lilypond/2.22.1/ly:/usr/share/lilypond/2.22.1/ps:/usr/share/lilypond/2.22.1/scm:/usr/share/lilypond/2.22.1/fonts/otf/:/usr/share/lilypond/2.22.1/fonts/type1/:/usr/share/lilypond/2.22.1/fonts/svg/:')
    \include 
             "../rh/gp-02-rh-116.ly"
/tmp/tmpke935uq0/2024-03-28T12-32-19-318857-5f24200.ly:98:14: error: cannot find file: `../rh/gp-02-rh-259.ly'
(search path: `/tmp/tmpke935uq0:/home/user/GitHub/Artyfyshall-Bird/code-implementation:/usr/share/lilypond/2.22.1/ly:/usr/share/lilypond/2.22.1/ps:/usr/share/lilypond/2.22.1/scm:/usr/share/lilypond/2.22.1/fonts/otf/:/usr/share/lilypond/2.22.1/fonts/type1/:/usr/share/lilypond/2.22.1/fonts/svg/:')
    \include 
             "../rh/gp-02-rh-259.ly"
/tmp/tmpke935uq0/2024-03-28T12-32-19-318857-5f24200.ly:99:14: error: cannot find file: `../rh/gp-02-rh-213.ly'
(search path: `/tmp/tmpke935uq0:/home/user/GitHub/Artyfyshall-Bird/code-implementation:/usr/share/lilypond/2.22.1/ly:/usr/share/lilypond/2.22.1/ps:/usr/share/lilypond/2.22.1/scm:/usr/share/lilypond/2.22.1/fonts/otf/:/usr/share/lilypond/2.22.1/fonts/type1/:/usr/share/lilypond/2.22.1/fonts/svg/:')
    \include 
             "../rh/gp-02-rh-213.ly"
/tmp/tmpke935uq0/2024-03-28T12-32-19-318857-5f24200.ly:100:14: error: cannot find file: `../rh/gp-02-rh-22.ly'
(search path: `/tmp/tmpke935uq0:/home/user/GitHub/Artyfyshall-Bird/code-implementation:/usr/share/lilypond/2.22.1/ly:/usr/share/lilypond/2.22.1/ps:/usr/share/lilypond/2.22.1/scm:/usr/share/lilypond/2.22.1/fonts/otf/:/usr/share/lilypond/2.22.1/fonts/type1/:/usr/share/lilypond/2.22.1/fonts/svg/:')
    \include 
             "../rh/gp-02-rh-22.ly"
/tmp/tmpke935uq0/2024-03-28T12-32-19-318857-5f24200.ly:101:14: error: cannot find file: `../rh/gp-02-rh-193.ly'
(search path: `/tmp/tmpke935uq0:/home/user/GitHub/Artyfyshall-Bird/code-implementation:/usr/share/lilypond/2.22.1/ly:/usr/share/lilypond/2.22.1/ps:/usr/share/lilypond/2.22.1/scm:/usr/share/lilypond/2.22.1/fonts/otf/:/usr/share/lilypond/2.22.1/fonts/type1/:/usr/share/lilypond/2.22.1/fonts/svg/:')
    \include 
             "../rh/gp-02-rh-193.ly"
/tmp/tmpke935uq0/2024-03-28T12-32-19-318857-5f24200.ly:102:14: error: cannot find file: `../rh/gp-02-rh-12.ly'
(search path: `/tmp/tmpke935uq0:/home/user/GitHub/Artyfyshall-Bird/code-implementation:/usr/share/lilypond/2.22.1/ly:/usr/share/lilypond/2.22.1/ps:/usr/share/lilypond/2.22.1/scm:/usr/share/lilypond/2.22.1/fonts/otf/:/usr/share/lilypond/2.22.1/fonts/type1/:/usr/share/lilypond/2.22.1/fonts/svg/:')
    \include 
             "../rh/gp-02-rh-12.ly"
/tmp/tmpke935uq0/2024-03-28T12-32-19-318857-5f24200.ly:105:14: error: cannot find file: `../bassline_option.ly'
(search path: `/tmp/tmpke935uq0:/home/user/GitHub/Artyfyshall-Bird/code-implementation:/usr/share/lilypond/2.22.1/ly:/usr/share/lilypond/2.22.1/ps:/usr/share/lilypond/2.22.1/scm:/usr/share/lilypond/2.22.1/fonts/otf/:/usr/share/lilypond/2.22.1/fonts/type1/:/usr/share/lilypond/2.22.1/fonts/svg/:')
    \include 
             "../bassline_option.ly"
/tmp/tmpke935uq0/2024-03-28T12-32-19-318857-5f24200.ly:106:14: error: cannot find file: `../lh/gp-02-lh-217.ly'
(search path: `/tmp/tmpke935uq0:/home/user/GitHub/Artyfyshall-Bird/code-implementation:/usr/share/lilypond/2.22.1/ly:/usr/share/lilypond/2.22.1/ps:/usr/share/lilypond/2.22.1/scm:/usr/share/lilypond/2.22.1/fonts/otf/:/usr/share/lilypond/2.22.1/fonts/type1/:/usr/share/lilypond/2.22.1/fonts/svg/:')
    \include 
             "../lh/gp-02-lh-217.ly"
/tmp/tmpke935uq0/2024-03-28T12-32-19-318857-5f24200.ly:107:14: error: cannot find file: `../lh/gp-02-lh-109.ly'
(search path: `/tmp/tmpke935uq0:/home/user/GitHub/Artyfyshall-Bird/code-implementation:/usr/share/lilypond/2.22.1/ly:/usr/share/lilypond/2.22.1/ps:/usr/share/lilypond/2.22.1/scm:/usr/share/lilypond/2.22.1/fonts/otf/:/usr/share/lilypond/2.22.1/fonts/type1/:/usr/share/lilypond/2.22.1/fonts/svg/:')
    \include 
             "../lh/gp-02-lh-109.ly"
/tmp/tmpke935uq0/2024-03-28T12-32-19-318857-5f24200.ly:108:14: error: cannot find file: `../lh/gp-02-lh-132.ly'
(search path: `/tmp/tmpke935uq0:/home/user/GitHub/Artyfyshall-Bird/code-implementation:/usr/share/lilypond/2.22.1/ly:/usr/share/lilypond/2.22.1/ps:/usr/share/lilypond/2.22.1/scm:/usr/share/lilypond/2.22.1/fonts/otf/:/usr/share/lilypond/2.22.1/fonts/type1/:/usr/share/lilypond/2.22.1/fonts/svg/:')
    \include 
             "../lh/gp-02-lh-132.ly"
/tmp/tmpke935uq0/2024-03-28T12-32-19-318857-5f24200.ly:109:14: error: cannot find file: `../lh/gp-02-lh-263.ly'
(search path: `/tmp/tmpke935uq0:/home/user/GitHub/Artyfyshall-Bird/code-implementation:/usr/share/lilypond/2.22.1/ly:/usr/share/lilypond/2.22.1/ps:/usr/share/lilypond/2.22.1/scm:/usr/share/lilypond/2.22.1/fonts/otf/:/usr/share/lilypond/2.22.1/fonts/type1/:/usr/share/lilypond/2.22.1/fonts/svg/:')
    \include 
             "../lh/gp-02-lh-263.ly"
/tmp/tmpke935uq0/2024-03-28T12-32-19-318857-5f24200.ly:110:14: error: cannot find file: `../lh/gp-02-lh-57.ly'
(search path: `/tmp/tmpke935uq0:/home/user/GitHub/Artyfyshall-Bird/code-implementation:/usr/share/lilypond/2.22.1/ly:/usr/share/lilypond/2.22.1/ps:/usr/share/lilypond/2.22.1/scm:/usr/share/lilypond/2.22.1/fonts/otf/:/usr/share/lilypond/2.22.1/fonts/type1/:/usr/share/lilypond/2.22.1/fonts/svg/:')
    \include 
             "../lh/gp-02-lh-57.ly"
/tmp/tmpke935uq0/2024-03-28T12-32-19-318857-5f24200.ly:111:14: error: cannot find file: `../lh/gp-02-lh-11.ly'
(search path: `/tmp/tmpke935uq0:/home/user/GitHub/Artyfyshall-Bird/code-implementation:/usr/share/lilypond/2.22.1/ly:/usr/share/lilypond/2.22.1/ps:/usr/share/lilypond/2.22.1/scm:/usr/share/lilypond/2.22.1/fonts/otf/:/usr/share/lilypond/2.22.1/fonts/type1/:/usr/share/lilypond/2.22.1/fonts/svg/:')
    \include 
             "../lh/gp-02-lh-11.ly"
/tmp/tmpke935uq0/2024-03-28T12-32-19-318857-5f24200.ly:112:14: error: cannot find file: `../lh/gp-02-lh-79.ly'
(search path: `/tmp/tmpke935uq0:/home/user/GitHub/Artyfyshall-Bird/code-implementation:/usr/share/lilypond/2.22.1/ly:/usr/share/lilypond/2.22.1/ps:/usr/share/lilypond/2.22.1/scm:/usr/share/lilypond/2.22.1/fonts/otf/:/usr/share/lilypond/2.22.1/fonts/type1/:/usr/share/lilypond/2.22.1/fonts/svg/:')
    \include 
             "../lh/gp-02-lh-79.ly"
/tmp/tmpke935uq0/2024-03-28T12-32-19-318857-5f24200.ly:113:14: error: cannot find file: `../lh/gp-02-lh-23.ly'
(search path: `/tmp/tmpke935uq0:/home/user/GitHub/Artyfyshall-Bird/code-implementation:/usr/share/lilypond/2.22.1/ly:/usr/share/lilypond/2.22.1/ps:/usr/share/lilypond/2.22.1/scm:/usr/share/lilypond/2.22.1/fonts/otf/:/usr/share/lilypond/2.22.1/fonts/type1/:/usr/share/lilypond/2.22.1/fonts/svg/:')
    \include 
             "../lh/gp-02-lh-23.ly"
/tmp/tmpke935uq0/2024-03-28T12-32-19-318857-5f24200.ly:114:14: error: cannot find file: `../lh/gp-02-lh-84.ly'
(search path: `/tmp/tmpke935uq0:/home/user/GitHub/Artyfyshall-Bird/code-implementation:/usr/share/lilypond/2.22.1/ly:/usr/share/lilypond/2.22.1/ps:/usr/share/lilypond/2.22.1/scm:/usr/share/lilypond/2.22.1/fonts/otf/:/usr/share/lilypond/2.22.1/fonts/type1/:/usr/share/lilypond/2.22.1/fonts/svg/:')
    \include 
             "../lh/gp-02-lh-84.ly"
/tmp/tmpke935uq0/2024-03-28T12-32-19-318857-5f24200.ly:115:14: error: cannot find file: `../lh/gp-02-lh-85.ly'
(search path: `/tmp/tmpke935uq0:/home/user/GitHub/Artyfyshall-Bird/code-implementation:/usr/share/lilypond/2.22.1/ly:/usr/share/lilypond/2.22.1/ps:/usr/share/lilypond/2.22.1/scm:/usr/share/lilypond/2.22.1/fonts/otf/:/usr/share/lilypond/2.22.1/fonts/type1/:/usr/share/lilypond/2.22.1/fonts/svg/:')
    \include 
             "../lh/gp-02-lh-85.ly"
/tmp/tmpke935uq0/2024-03-28T12-32-19-318857-5f24200.ly:116:14: error: cannot find file: `../lh/gp-02-lh-91.ly'
(search path: `/tmp/tmpke935uq0:/home/user/GitHub/Artyfyshall-Bird/code-implementation:/usr/share/lilypond/2.22.1/ly:/usr/share/lilypond/2.22.1/ps:/usr/share/lilypond/2.22.1/scm:/usr/share/lilypond/2.22.1/fonts/otf/:/usr/share/lilypond/2.22.1/fonts/type1/:/usr/share/lilypond/2.22.1/fonts/svg/:')
    \include 
             "../lh/gp-02-lh-91.ly"
/tmp/tmpke935uq0/2024-03-28T12-32-19-318857-5f24200.ly:117:14: error: cannot find file: `../lh/gp-02-lh-49.ly'
(search path: `/tmp/tmpke935uq0:/home/user/GitHub/Artyfyshall-Bird/code-implementation:/usr/share/lilypond/2.22.1/ly:/usr/share/lilypond/2.22.1/ps:/usr/share/lilypond/2.22.1/scm:/usr/share/lilypond/2.22.1/fonts/otf/:/usr/share/lilypond/2.22.1/fonts/type1/:/usr/share/lilypond/2.22.1/fonts/svg/:')
    \include 
             "../lh/gp-02-lh-49.ly"
/tmp/tmpke935uq0/2024-03-28T12-32-19-318857-5f24200.ly:118:14: error: cannot find file: `../lh/gp-02-lh-62.ly'
(search path: `/tmp/tmpke935uq0:/home/user/GitHub/Artyfyshall-Bird/code-implementation:/usr/share/lilypond/2.22.1/ly:/usr/share/lilypond/2.22.1/ps:/usr/share/lilypond/2.22.1/scm:/usr/share/lilypond/2.22.1/fonts/otf/:/usr/share/lilypond/2.22.1/fonts/type1/:/usr/share/lilypond/2.22.1/fonts/svg/:')
    \include 
             "../lh/gp-02-lh-62.ly"
/tmp/tmpke935uq0/2024-03-28T12-32-19-318857-5f24200.ly:119:14: error: cannot find file: `../lh/gp-02-lh-234.ly'
(search path: `/tmp/tmpke935uq0:/home/user/GitHub/Artyfyshall-Bird/code-implementation:/usr/share/lilypond/2.22.1/ly:/usr/share/lilypond/2.22.1/ps:/usr/share/lilypond/2.22.1/scm:/usr/share/lilypond/2.22.1/fonts/otf/:/usr/share/lilypond/2.22.1/fonts/type1/:/usr/share/lilypond/2.22.1/fonts/svg/:')
    \include 
             "../lh/gp-02-lh-234.ly"
/tmp/tmpke935uq0/2024-03-28T12-32-19-318857-5f24200.ly:120:14: error: cannot find file: `../lh/gp-02-lh-58.ly'
(search path: `/tmp/tmpke935uq0:/home/user/GitHub/Artyfyshall-Bird/code-implementation:/usr/share/lilypond/2.22.1/ly:/usr/share/lilypond/2.22.1/ps:/usr/share/lilypond/2.22.1/scm:/usr/share/lilypond/2.22.1/fonts/otf/:/usr/share/lilypond/2.22.1/fonts/type1/:/usr/share/lilypond/2.22.1/fonts/svg/:')
    \include 
             "../lh/gp-02-lh-58.ly"
/tmp/tmpke935uq0/2024-03-28T12-32-19-318857-5f24200.ly:121:14: error: cannot find file: `../lh/gp-02-lh-164.ly'
(search path: `/tmp/tmpke935uq0:/home/user/GitHub/Artyfyshall-Bird/code-implementation:/usr/share/lilypond/2.22.1/ly:/usr/share/lilypond/2.22.1/ps:/usr/share/lilypond/2.22.1/scm:/usr/share/lilypond/2.22.1/fonts/otf/:/usr/share/lilypond/2.22.1/fonts/type1/:/usr/share/lilypond/2.22.1/fonts/svg/:')
    \include 
             "../lh/gp-02-lh-164.ly"
/tmp/tmpke935uq0/2024-03-28T12-32-19-318857-5f24200.ly:122:14: error: cannot find file: `../lh/gp-02-lh-103.ly'
(search path: `/tmp/tmpke935uq0:/home/user/GitHub/Artyfyshall-Bird/code-implementation:/usr/share/lilypond/2.22.1/ly:/usr/share/lilypond/2.22.1/ps:/usr/share/lilypond/2.22.1/scm:/usr/share/lilypond/2.22.1/fonts/otf/:/usr/share/lilypond/2.22.1/fonts/type1/:/usr/share/lilypond/2.22.1/fonts/svg/:')
    \include 
             "../lh/gp-02-lh-103.ly"
/tmp/tmpke935uq0/2024-03-28T12-32-19-318857-5f24200.ly:123:14: error: cannot find file: `../lh/gp-02-lh-205.ly'
(search path: `/tmp/tmpke935uq0:/home/user/GitHub/Artyfyshall-Bird/code-implementation:/usr/share/lilypond/2.22.1/ly:/usr/share/lilypond/2.22.1/ps:/usr/share/lilypond/2.22.1/scm:/usr/share/lilypond/2.22.1/fonts/otf/:/usr/share/lilypond/2.22.1/fonts/type1/:/usr/share/lilypond/2.22.1/fonts/svg/:')
    \include 
             "../lh/gp-02-lh-205.ly"
/tmp/tmpke935uq0/2024-03-28T12-32-19-318857-5f24200.ly:124:14: error: cannot find file: `../lh/gp-02-lh-116.ly'
(search path: `/tmp/tmpke935uq0:/home/user/GitHub/Artyfyshall-Bird/code-implementation:/usr/share/lilypond/2.22.1/ly:/usr/share/lilypond/2.22.1/ps:/usr/share/lilypond/2.22.1/scm:/usr/share/lilypond/2.22.1/fonts/otf/:/usr/share/lilypond/2.22.1/fonts/type1/:/usr/share/lilypond/2.22.1/fonts/svg/:')
    \include 
             "../lh/gp-02-lh-116.ly"
/tmp/tmpke935uq0/2024-03-28T12-32-19-318857-5f24200.ly:125:14: error: cannot find file: `../lh/gp-02-lh-259.ly'
(search path: `/tmp/tmpke935uq0:/home/user/GitHub/Artyfyshall-Bird/code-implementation:/usr/share/lilypond/2.22.1/ly:/usr/share/lilypond/2.22.1/ps:/usr/share/lilypond/2.22.1/scm:/usr/share/lilypond/2.22.1/fonts/otf/:/usr/share/lilypond/2.22.1/fonts/type1/:/usr/share/lilypond/2.22.1/fonts/svg/:')
    \include 
             "../lh/gp-02-lh-259.ly"
/tmp/tmpke935uq0/2024-03-28T12-32-19-318857-5f24200.ly:126:14: error: cannot find file: `../lh/gp-02-lh-213.ly'
(search path: `/tmp/tmpke935uq0:/home/user/GitHub/Artyfyshall-Bird/code-implementation:/usr/share/lilypond/2.22.1/ly:/usr/share/lilypond/2.22.1/ps:/usr/share/lilypond/2.22.1/scm:/usr/share/lilypond/2.22.1/fonts/otf/:/usr/share/lilypond/2.22.1/fonts/type1/:/usr/share/lilypond/2.22.1/fonts/svg/:')
    \include 
             "../lh/gp-02-lh-213.ly"
/tmp/tmpke935uq0/2024-03-28T12-32-19-318857-5f24200.ly:127:14: error: cannot find file: `../lh/gp-02-lh-22.ly'
(search path: `/tmp/tmpke935uq0:/home/user/GitHub/Artyfyshall-Bird/code-implementation:/usr/share/lilypond/2.22.1/ly:/usr/share/lilypond/2.22.1/ps:/usr/share/lilypond/2.22.1/scm:/usr/share/lilypond/2.22.1/fonts/otf/:/usr/share/lilypond/2.22.1/fonts/type1/:/usr/share/lilypond/2.22.1/fonts/svg/:')
    \include 
             "../lh/gp-02-lh-22.ly"
/tmp/tmpke935uq0/2024-03-28T12-32-19-318857-5f24200.ly:128:14: error: cannot find file: `../lh/gp-02-lh-193.ly'
(search path: `/tmp/tmpke935uq0:/home/user/GitHub/Artyfyshall-Bird/code-implementation:/usr/share/lilypond/2.22.1/ly:/usr/share/lilypond/2.22.1/ps:/usr/share/lilypond/2.22.1/scm:/usr/share/lilypond/2.22.1/fonts/otf/:/usr/share/lilypond/2.22.1/fonts/type1/:/usr/share/lilypond/2.22.1/fonts/svg/:')
    \include 
             "../lh/gp-02-lh-193.ly"
/tmp/tmpke935uq0/2024-03-28T12-32-19-318857-5f24200.ly:129:14: error: cannot find file: `../lh/gp-02-lh-12.ly'
(search path: `/tmp/tmpke935uq0:/home/user/GitHub/Artyfyshall-Bird/code-implementation:/usr/share/lilypond/2.22.1/ly:/usr/share/lilypond/2.22.1/ps:/usr/share/lilypond/2.22.1/scm:/usr/share/lilypond/2.22.1/fonts/otf/:/usr/share/lilypond/2.22.1/fonts/type1/:/usr/share/lilypond/2.22.1/fonts/svg/:')
    \include 
             "../lh/gp-02-lh-12.ly"
/tmp/tmpke935uq0/2024-03-28T12-32-19-318857-5f24200.ly:134:14: error: cannot find file: `../layout_settings.ly'
(search path: `/tmp/tmpke935uq0:/home/user/GitHub/Artyfyshall-Bird/code-implementation:/usr/share/lilypond/2.22.1/ly:/usr/share/lilypond/2.22.1/ps:/usr/share/lilypond/2.22.1/scm:/usr/share/lilypond/2.22.1/fonts/otf/:/usr/share/lilypond/2.22.1/fonts/type1/:/usr/share/lilypond/2.22.1/fonts/svg/:')
    \include 
             "../layout_settings.ly"
/tmp/tmpke935uq0/2024-03-28T12-32-19-318857-5f24200.ly:1: warning: no \version statement found, please add

\version "2.22.1"

for future compatibility
Interpreting music...
/tmp/tmpke935uq0/2024-03-28T12-32-19-318857-5f24200.ly:8:5: warning: skipping zero-duration score
    
    <<
/tmp/tmpke935uq0/2024-03-28T12-32-19-318857-5f24200.ly:8:5: warning: to suppress this, consider adding a spacer rest
    
    <<
fatal error: failed files: "/tmp/tmpke935uq0/2024-03-28T12-32-19-318857-5f24200.ly"
