GNU LilyPond 2.22.1
Changing working directory to: `/tmp/tmpy924epsl'
Processing `/tmp/tmpy924epsl/2024-03-25T14-23-37-411457-29ad731.ly'
Parsing...
/tmp/tmpy924epsl/2024-03-25T14-23-37-411457-29ad731.ly:1:10: error: cannot find file: `../paper_settings.ly'
(search path: `/tmp/tmpy924epsl:/home/user/Documents/Resounding-Libraries/Un musico meccanico - Prehistory AI/python-code:/usr/share/lilypond/2.22.1/ly:/usr/share/lilypond/2.22.1/ps:/usr/share/lilypond/2.22.1/scm:/usr/share/lilypond/2.22.1/fonts/otf/:/usr/share/lilypond/2.22.1/fonts/type1/:/usr/share/lilypond/2.22.1/fonts/svg/:')
\include 
         "../paper_settings.ly" 
/tmp/tmpy924epsl/2024-03-25T14-23-37-411457-29ad731.ly:15:14: error: cannot find file: `../voice_option.ly'
(search path: `/tmp/tmpy924epsl:/home/user/Documents/Resounding-Libraries/Un musico meccanico - Prehistory AI/python-code:/usr/share/lilypond/2.22.1/ly:/usr/share/lilypond/2.22.1/ps:/usr/share/lilypond/2.22.1/scm:/usr/share/lilypond/2.22.1/fonts/otf/:/usr/share/lilypond/2.22.1/fonts/type1/:/usr/share/lilypond/2.22.1/fonts/svg/:')
    \include 
             "../voice_option.ly"
/tmp/tmpy924epsl/2024-03-25T14-23-37-411457-29ad731.ly:16:14: error: cannot find file: `../vc1/gp-02-vc1-40.ly'
(search path: `/tmp/tmpy924epsl:/home/user/Documents/Resounding-Libraries/Un musico meccanico - Prehistory AI/python-code:/usr/share/lilypond/2.22.1/ly:/usr/share/lilypond/2.22.1/ps:/usr/share/lilypond/2.22.1/scm:/usr/share/lilypond/2.22.1/fonts/otf/:/usr/share/lilypond/2.22.1/fonts/type1/:/usr/share/lilypond/2.22.1/fonts/svg/:')
    \include 
             "../vc1/gp-02-vc1-40.ly"
/tmp/tmpy924epsl/2024-03-25T14-23-37-411457-29ad731.ly:17:14: error: cannot find file: `../vc1/gp-02-vc1-148.ly'
(search path: `/tmp/tmpy924epsl:/home/user/Documents/Resounding-Libraries/Un musico meccanico - Prehistory AI/python-code:/usr/share/lilypond/2.22.1/ly:/usr/share/lilypond/2.22.1/ps:/usr/share/lilypond/2.22.1/scm:/usr/share/lilypond/2.22.1/fonts/otf/:/usr/share/lilypond/2.22.1/fonts/type1/:/usr/share/lilypond/2.22.1/fonts/svg/:')
    \include 
             "../vc1/gp-02-vc1-148.ly"
/tmp/tmpy924epsl/2024-03-25T14-23-37-411457-29ad731.ly:18:14: error: cannot find file: `../vc1/gp-02-vc1-114.ly'
(search path: `/tmp/tmpy924epsl:/home/user/Documents/Resounding-Libraries/Un musico meccanico - Prehistory AI/python-code:/usr/share/lilypond/2.22.1/ly:/usr/share/lilypond/2.22.1/ps:/usr/share/lilypond/2.22.1/scm:/usr/share/lilypond/2.22.1/fonts/otf/:/usr/share/lilypond/2.22.1/fonts/type1/:/usr/share/lilypond/2.22.1/fonts/svg/:')
    \include 
             "../vc1/gp-02-vc1-114.ly"
/tmp/tmpy924epsl/2024-03-25T14-23-37-411457-29ad731.ly:19:14: error: cannot find file: `../vc1/gp-02-vc1-159.ly'
(search path: `/tmp/tmpy924epsl:/home/user/Documents/Resounding-Libraries/Un musico meccanico - Prehistory AI/python-code:/usr/share/lilypond/2.22.1/ly:/usr/share/lilypond/2.22.1/ps:/usr/share/lilypond/2.22.1/scm:/usr/share/lilypond/2.22.1/fonts/otf/:/usr/share/lilypond/2.22.1/fonts/type1/:/usr/share/lilypond/2.22.1/fonts/svg/:')
    \include 
             "../vc1/gp-02-vc1-159.ly"
/tmp/tmpy924epsl/2024-03-25T14-23-37-411457-29ad731.ly:20:14: error: cannot find file: `../vc1/gp-02-vc1-204.ly'
(search path: `/tmp/tmpy924epsl:/home/user/Documents/Resounding-Libraries/Un musico meccanico - Prehistory AI/python-code:/usr/share/lilypond/2.22.1/ly:/usr/share/lilypond/2.22.1/ps:/usr/share/lilypond/2.22.1/scm:/usr/share/lilypond/2.22.1/fonts/otf/:/usr/share/lilypond/2.22.1/fonts/type1/:/usr/share/lilypond/2.22.1/fonts/svg/:')
    \include 
             "../vc1/gp-02-vc1-204.ly"
/tmp/tmpy924epsl/2024-03-25T14-23-37-411457-29ad731.ly:21:14: error: cannot find file: `../vc1/gp-02-vc1-153.ly'
(search path: `/tmp/tmpy924epsl:/home/user/Documents/Resounding-Libraries/Un musico meccanico - Prehistory AI/python-code:/usr/share/lilypond/2.22.1/ly:/usr/share/lilypond/2.22.1/ps:/usr/share/lilypond/2.22.1/scm:/usr/share/lilypond/2.22.1/fonts/otf/:/usr/share/lilypond/2.22.1/fonts/type1/:/usr/share/lilypond/2.22.1/fonts/svg/:')
    \include 
             "../vc1/gp-02-vc1-153.ly"
/tmp/tmpy924epsl/2024-03-25T14-23-37-411457-29ad731.ly:22:14: error: cannot find file: `../vc1/gp-02-vc1-63.ly'
(search path: `/tmp/tmpy924epsl:/home/user/Documents/Resounding-Libraries/Un musico meccanico - Prehistory AI/python-code:/usr/share/lilypond/2.22.1/ly:/usr/share/lilypond/2.22.1/ps:/usr/share/lilypond/2.22.1/scm:/usr/share/lilypond/2.22.1/fonts/otf/:/usr/share/lilypond/2.22.1/fonts/type1/:/usr/share/lilypond/2.22.1/fonts/svg/:')
    \include 
             "../vc1/gp-02-vc1-63.ly"
/tmp/tmpy924epsl/2024-03-25T14-23-37-411457-29ad731.ly:23:14: error: cannot find file: `../vc1/gp-02-vc1-16.ly'
(search path: `/tmp/tmpy924epsl:/home/user/Documents/Resounding-Libraries/Un musico meccanico - Prehistory AI/python-code:/usr/share/lilypond/2.22.1/ly:/usr/share/lilypond/2.22.1/ps:/usr/share/lilypond/2.22.1/scm:/usr/share/lilypond/2.22.1/fonts/otf/:/usr/share/lilypond/2.22.1/fonts/type1/:/usr/share/lilypond/2.22.1/fonts/svg/:')
    \include 
             "../vc1/gp-02-vc1-16.ly"
/tmp/tmpy924epsl/2024-03-25T14-23-37-411457-29ad731.ly:24:14: error: cannot find file: `../vc1/gp-02-vc1-135.ly'
(search path: `/tmp/tmpy924epsl:/home/user/Documents/Resounding-Libraries/Un musico meccanico - Prehistory AI/python-code:/usr/share/lilypond/2.22.1/ly:/usr/share/lilypond/2.22.1/ps:/usr/share/lilypond/2.22.1/scm:/usr/share/lilypond/2.22.1/fonts/otf/:/usr/share/lilypond/2.22.1/fonts/type1/:/usr/share/lilypond/2.22.1/fonts/svg/:')
    \include 
             "../vc1/gp-02-vc1-135.ly"
/tmp/tmpy924epsl/2024-03-25T14-23-37-411457-29ad731.ly:25:14: error: cannot find file: `../vc1/gp-02-vc1-192.ly'
(search path: `/tmp/tmpy924epsl:/home/user/Documents/Resounding-Libraries/Un musico meccanico - Prehistory AI/python-code:/usr/share/lilypond/2.22.1/ly:/usr/share/lilypond/2.22.1/ps:/usr/share/lilypond/2.22.1/scm:/usr/share/lilypond/2.22.1/fonts/otf/:/usr/share/lilypond/2.22.1/fonts/type1/:/usr/share/lilypond/2.22.1/fonts/svg/:')
    \include 
             "../vc1/gp-02-vc1-192.ly"
/tmp/tmpy924epsl/2024-03-25T14-23-37-411457-29ad731.ly:26:14: error: cannot find file: `../vc1/gp-02-vc1-141.ly'
(search path: `/tmp/tmpy924epsl:/home/user/Documents/Resounding-Libraries/Un musico meccanico - Prehistory AI/python-code:/usr/share/lilypond/2.22.1/ly:/usr/share/lilypond/2.22.1/ps:/usr/share/lilypond/2.22.1/scm:/usr/share/lilypond/2.22.1/fonts/otf/:/usr/share/lilypond/2.22.1/fonts/type1/:/usr/share/lilypond/2.22.1/fonts/svg/:')
    \include 
             "../vc1/gp-02-vc1-141.ly"
/tmp/tmpy924epsl/2024-03-25T14-23-37-411457-29ad731.ly:27:14: error: cannot find file: `../vc1/gp-02-vc1-46.ly'
(search path: `/tmp/tmpy924epsl:/home/user/Documents/Resounding-Libraries/Un musico meccanico - Prehistory AI/python-code:/usr/share/lilypond/2.22.1/ly:/usr/share/lilypond/2.22.1/ps:/usr/share/lilypond/2.22.1/scm:/usr/share/lilypond/2.22.1/fonts/otf/:/usr/share/lilypond/2.22.1/fonts/type1/:/usr/share/lilypond/2.22.1/fonts/svg/:')
    \include 
             "../vc1/gp-02-vc1-46.ly"
/tmp/tmpy924epsl/2024-03-25T14-23-37-411457-29ad731.ly:28:14: error: cannot find file: `../vc1/gp-02-vc1-62.ly'
(search path: `/tmp/tmpy924epsl:/home/user/Documents/Resounding-Libraries/Un musico meccanico - Prehistory AI/python-code:/usr/share/lilypond/2.22.1/ly:/usr/share/lilypond/2.22.1/ps:/usr/share/lilypond/2.22.1/scm:/usr/share/lilypond/2.22.1/fonts/otf/:/usr/share/lilypond/2.22.1/fonts/type1/:/usr/share/lilypond/2.22.1/fonts/svg/:')
    \include 
             "../vc1/gp-02-vc1-62.ly"
/tmp/tmpy924epsl/2024-03-25T14-23-37-411457-29ad731.ly:29:14: error: cannot find file: `../vc1/gp-02-vc1-4.ly'
(search path: `/tmp/tmpy924epsl:/home/user/Documents/Resounding-Libraries/Un musico meccanico - Prehistory AI/python-code:/usr/share/lilypond/2.22.1/ly:/usr/share/lilypond/2.22.1/ps:/usr/share/lilypond/2.22.1/scm:/usr/share/lilypond/2.22.1/fonts/otf/:/usr/share/lilypond/2.22.1/fonts/type1/:/usr/share/lilypond/2.22.1/fonts/svg/:')
    \include 
             "../vc1/gp-02-vc1-4.ly"
/tmp/tmpy924epsl/2024-03-25T14-23-37-411457-29ad731.ly:30:14: error: cannot find file: `../vc1/gp-02-vc1-73.ly'
(search path: `/tmp/tmpy924epsl:/home/user/Documents/Resounding-Libraries/Un musico meccanico - Prehistory AI/python-code:/usr/share/lilypond/2.22.1/ly:/usr/share/lilypond/2.22.1/ps:/usr/share/lilypond/2.22.1/scm:/usr/share/lilypond/2.22.1/fonts/otf/:/usr/share/lilypond/2.22.1/fonts/type1/:/usr/share/lilypond/2.22.1/fonts/svg/:')
    \include 
             "../vc1/gp-02-vc1-73.ly"
/tmp/tmpy924epsl/2024-03-25T14-23-37-411457-29ad731.ly:31:14: error: cannot find file: `../vc1/gp-02-vc1-175.ly'
(search path: `/tmp/tmpy924epsl:/home/user/Documents/Resounding-Libraries/Un musico meccanico - Prehistory AI/python-code:/usr/share/lilypond/2.22.1/ly:/usr/share/lilypond/2.22.1/ps:/usr/share/lilypond/2.22.1/scm:/usr/share/lilypond/2.22.1/fonts/otf/:/usr/share/lilypond/2.22.1/fonts/type1/:/usr/share/lilypond/2.22.1/fonts/svg/:')
    \include 
             "../vc1/gp-02-vc1-175.ly"
/tmp/tmpy924epsl/2024-03-25T14-23-37-411457-29ad731.ly:32:14: error: cannot find file: `../vc1/gp-02-vc1-186.ly'
(search path: `/tmp/tmpy924epsl:/home/user/Documents/Resounding-Libraries/Un musico meccanico - Prehistory AI/python-code:/usr/share/lilypond/2.22.1/ly:/usr/share/lilypond/2.22.1/ps:/usr/share/lilypond/2.22.1/scm:/usr/share/lilypond/2.22.1/fonts/otf/:/usr/share/lilypond/2.22.1/fonts/type1/:/usr/share/lilypond/2.22.1/fonts/svg/:')
    \include 
             "../vc1/gp-02-vc1-186.ly"
/tmp/tmpy924epsl/2024-03-25T14-23-37-411457-29ad731.ly:33:14: error: cannot find file: `../vc1/gp-02-vc1-104.ly'
(search path: `/tmp/tmpy924epsl:/home/user/Documents/Resounding-Libraries/Un musico meccanico - Prehistory AI/python-code:/usr/share/lilypond/2.22.1/ly:/usr/share/lilypond/2.22.1/ps:/usr/share/lilypond/2.22.1/scm:/usr/share/lilypond/2.22.1/fonts/otf/:/usr/share/lilypond/2.22.1/fonts/type1/:/usr/share/lilypond/2.22.1/fonts/svg/:')
    \include 
             "../vc1/gp-02-vc1-104.ly"
/tmp/tmpy924epsl/2024-03-25T14-23-37-411457-29ad731.ly:34:14: error: cannot find file: `../vc1/gp-02-vc1-116.ly'
(search path: `/tmp/tmpy924epsl:/home/user/Documents/Resounding-Libraries/Un musico meccanico - Prehistory AI/python-code:/usr/share/lilypond/2.22.1/ly:/usr/share/lilypond/2.22.1/ps:/usr/share/lilypond/2.22.1/scm:/usr/share/lilypond/2.22.1/fonts/otf/:/usr/share/lilypond/2.22.1/fonts/type1/:/usr/share/lilypond/2.22.1/fonts/svg/:')
    \include 
             "../vc1/gp-02-vc1-116.ly"
/tmp/tmpy924epsl/2024-03-25T14-23-37-411457-29ad731.ly:35:14: error: cannot find file: `../vc1/gp-02-vc1-259.ly'
(search path: `/tmp/tmpy924epsl:/home/user/Documents/Resounding-Libraries/Un musico meccanico - Prehistory AI/python-code:/usr/share/lilypond/2.22.1/ly:/usr/share/lilypond/2.22.1/ps:/usr/share/lilypond/2.22.1/scm:/usr/share/lilypond/2.22.1/fonts/otf/:/usr/share/lilypond/2.22.1/fonts/type1/:/usr/share/lilypond/2.22.1/fonts/svg/:')
    \include 
             "../vc1/gp-02-vc1-259.ly"
/tmp/tmpy924epsl/2024-03-25T14-23-37-411457-29ad731.ly:36:14: error: cannot find file: `../vc1/gp-02-vc1-35.ly'
(search path: `/tmp/tmpy924epsl:/home/user/Documents/Resounding-Libraries/Un musico meccanico - Prehistory AI/python-code:/usr/share/lilypond/2.22.1/ly:/usr/share/lilypond/2.22.1/ps:/usr/share/lilypond/2.22.1/scm:/usr/share/lilypond/2.22.1/fonts/otf/:/usr/share/lilypond/2.22.1/fonts/type1/:/usr/share/lilypond/2.22.1/fonts/svg/:')
    \include 
             "../vc1/gp-02-vc1-35.ly"
/tmp/tmpy924epsl/2024-03-25T14-23-37-411457-29ad731.ly:37:14: error: cannot find file: `../vc1/gp-02-vc1-22.ly'
(search path: `/tmp/tmpy924epsl:/home/user/Documents/Resounding-Libraries/Un musico meccanico - Prehistory AI/python-code:/usr/share/lilypond/2.22.1/ly:/usr/share/lilypond/2.22.1/ps:/usr/share/lilypond/2.22.1/scm:/usr/share/lilypond/2.22.1/fonts/otf/:/usr/share/lilypond/2.22.1/fonts/type1/:/usr/share/lilypond/2.22.1/fonts/svg/:')
    \include 
             "../vc1/gp-02-vc1-22.ly"
/tmp/tmpy924epsl/2024-03-25T14-23-37-411457-29ad731.ly:38:14: error: cannot find file: `../vc1/gp-02-vc1-31.ly'
(search path: `/tmp/tmpy924epsl:/home/user/Documents/Resounding-Libraries/Un musico meccanico - Prehistory AI/python-code:/usr/share/lilypond/2.22.1/ly:/usr/share/lilypond/2.22.1/ps:/usr/share/lilypond/2.22.1/scm:/usr/share/lilypond/2.22.1/fonts/otf/:/usr/share/lilypond/2.22.1/fonts/type1/:/usr/share/lilypond/2.22.1/fonts/svg/:')
    \include 
             "../vc1/gp-02-vc1-31.ly"
/tmp/tmpy924epsl/2024-03-25T14-23-37-411457-29ad731.ly:39:14: error: cannot find file: `../vc1/gp-02-vc1-237.ly'
(search path: `/tmp/tmpy924epsl:/home/user/Documents/Resounding-Libraries/Un musico meccanico - Prehistory AI/python-code:/usr/share/lilypond/2.22.1/ly:/usr/share/lilypond/2.22.1/ps:/usr/share/lilypond/2.22.1/scm:/usr/share/lilypond/2.22.1/fonts/otf/:/usr/share/lilypond/2.22.1/fonts/type1/:/usr/share/lilypond/2.22.1/fonts/svg/:')
    \include 
             "../vc1/gp-02-vc1-237.ly"
/tmp/tmpy924epsl/2024-03-25T14-23-37-411457-29ad731.ly:46:14: error: cannot find file: `../voice_option.ly'
(search path: `/tmp/tmpy924epsl:/home/user/Documents/Resounding-Libraries/Un musico meccanico - Prehistory AI/python-code:/usr/share/lilypond/2.22.1/ly:/usr/share/lilypond/2.22.1/ps:/usr/share/lilypond/2.22.1/scm:/usr/share/lilypond/2.22.1/fonts/otf/:/usr/share/lilypond/2.22.1/fonts/type1/:/usr/share/lilypond/2.22.1/fonts/svg/:')
    \include 
             "../voice_option.ly"
/tmp/tmpy924epsl/2024-03-25T14-23-37-411457-29ad731.ly:47:14: error: cannot find file: `../vc2/gp-02-vc2-40.ly'
(search path: `/tmp/tmpy924epsl:/home/user/Documents/Resounding-Libraries/Un musico meccanico - Prehistory AI/python-code:/usr/share/lilypond/2.22.1/ly:/usr/share/lilypond/2.22.1/ps:/usr/share/lilypond/2.22.1/scm:/usr/share/lilypond/2.22.1/fonts/otf/:/usr/share/lilypond/2.22.1/fonts/type1/:/usr/share/lilypond/2.22.1/fonts/svg/:')
    \include 
             "../vc2/gp-02-vc2-40.ly"
/tmp/tmpy924epsl/2024-03-25T14-23-37-411457-29ad731.ly:48:14: error: cannot find file: `../vc2/gp-02-vc2-148.ly'
(search path: `/tmp/tmpy924epsl:/home/user/Documents/Resounding-Libraries/Un musico meccanico - Prehistory AI/python-code:/usr/share/lilypond/2.22.1/ly:/usr/share/lilypond/2.22.1/ps:/usr/share/lilypond/2.22.1/scm:/usr/share/lilypond/2.22.1/fonts/otf/:/usr/share/lilypond/2.22.1/fonts/type1/:/usr/share/lilypond/2.22.1/fonts/svg/:')
    \include 
             "../vc2/gp-02-vc2-148.ly"
/tmp/tmpy924epsl/2024-03-25T14-23-37-411457-29ad731.ly:49:14: error: cannot find file: `../vc2/gp-02-vc2-114.ly'
(search path: `/tmp/tmpy924epsl:/home/user/Documents/Resounding-Libraries/Un musico meccanico - Prehistory AI/python-code:/usr/share/lilypond/2.22.1/ly:/usr/share/lilypond/2.22.1/ps:/usr/share/lilypond/2.22.1/scm:/usr/share/lilypond/2.22.1/fonts/otf/:/usr/share/lilypond/2.22.1/fonts/type1/:/usr/share/lilypond/2.22.1/fonts/svg/:')
    \include 
             "../vc2/gp-02-vc2-114.ly"
/tmp/tmpy924epsl/2024-03-25T14-23-37-411457-29ad731.ly:50:14: error: cannot find file: `../vc2/gp-02-vc2-159.ly'
(search path: `/tmp/tmpy924epsl:/home/user/Documents/Resounding-Libraries/Un musico meccanico - Prehistory AI/python-code:/usr/share/lilypond/2.22.1/ly:/usr/share/lilypond/2.22.1/ps:/usr/share/lilypond/2.22.1/scm:/usr/share/lilypond/2.22.1/fonts/otf/:/usr/share/lilypond/2.22.1/fonts/type1/:/usr/share/lilypond/2.22.1/fonts/svg/:')
    \include 
             "../vc2/gp-02-vc2-159.ly"
/tmp/tmpy924epsl/2024-03-25T14-23-37-411457-29ad731.ly:51:14: error: cannot find file: `../vc2/gp-02-vc2-204.ly'
(search path: `/tmp/tmpy924epsl:/home/user/Documents/Resounding-Libraries/Un musico meccanico - Prehistory AI/python-code:/usr/share/lilypond/2.22.1/ly:/usr/share/lilypond/2.22.1/ps:/usr/share/lilypond/2.22.1/scm:/usr/share/lilypond/2.22.1/fonts/otf/:/usr/share/lilypond/2.22.1/fonts/type1/:/usr/share/lilypond/2.22.1/fonts/svg/:')
    \include 
             "../vc2/gp-02-vc2-204.ly"
/tmp/tmpy924epsl/2024-03-25T14-23-37-411457-29ad731.ly:52:14: error: cannot find file: `../vc2/gp-02-vc2-153.ly'
(search path: `/tmp/tmpy924epsl:/home/user/Documents/Resounding-Libraries/Un musico meccanico - Prehistory AI/python-code:/usr/share/lilypond/2.22.1/ly:/usr/share/lilypond/2.22.1/ps:/usr/share/lilypond/2.22.1/scm:/usr/share/lilypond/2.22.1/fonts/otf/:/usr/share/lilypond/2.22.1/fonts/type1/:/usr/share/lilypond/2.22.1/fonts/svg/:')
    \include 
             "../vc2/gp-02-vc2-153.ly"
/tmp/tmpy924epsl/2024-03-25T14-23-37-411457-29ad731.ly:53:14: error: cannot find file: `../vc2/gp-02-vc2-63.ly'
(search path: `/tmp/tmpy924epsl:/home/user/Documents/Resounding-Libraries/Un musico meccanico - Prehistory AI/python-code:/usr/share/lilypond/2.22.1/ly:/usr/share/lilypond/2.22.1/ps:/usr/share/lilypond/2.22.1/scm:/usr/share/lilypond/2.22.1/fonts/otf/:/usr/share/lilypond/2.22.1/fonts/type1/:/usr/share/lilypond/2.22.1/fonts/svg/:')
    \include 
             "../vc2/gp-02-vc2-63.ly"
/tmp/tmpy924epsl/2024-03-25T14-23-37-411457-29ad731.ly:54:14: error: cannot find file: `../vc2/gp-02-vc2-16.ly'
(search path: `/tmp/tmpy924epsl:/home/user/Documents/Resounding-Libraries/Un musico meccanico - Prehistory AI/python-code:/usr/share/lilypond/2.22.1/ly:/usr/share/lilypond/2.22.1/ps:/usr/share/lilypond/2.22.1/scm:/usr/share/lilypond/2.22.1/fonts/otf/:/usr/share/lilypond/2.22.1/fonts/type1/:/usr/share/lilypond/2.22.1/fonts/svg/:')
    \include 
             "../vc2/gp-02-vc2-16.ly"
/tmp/tmpy924epsl/2024-03-25T14-23-37-411457-29ad731.ly:55:14: error: cannot find file: `../vc2/gp-02-vc2-135.ly'
(search path: `/tmp/tmpy924epsl:/home/user/Documents/Resounding-Libraries/Un musico meccanico - Prehistory AI/python-code:/usr/share/lilypond/2.22.1/ly:/usr/share/lilypond/2.22.1/ps:/usr/share/lilypond/2.22.1/scm:/usr/share/lilypond/2.22.1/fonts/otf/:/usr/share/lilypond/2.22.1/fonts/type1/:/usr/share/lilypond/2.22.1/fonts/svg/:')
    \include 
             "../vc2/gp-02-vc2-135.ly"
/tmp/tmpy924epsl/2024-03-25T14-23-37-411457-29ad731.ly:56:14: error: cannot find file: `../vc2/gp-02-vc2-192.ly'
(search path: `/tmp/tmpy924epsl:/home/user/Documents/Resounding-Libraries/Un musico meccanico - Prehistory AI/python-code:/usr/share/lilypond/2.22.1/ly:/usr/share/lilypond/2.22.1/ps:/usr/share/lilypond/2.22.1/scm:/usr/share/lilypond/2.22.1/fonts/otf/:/usr/share/lilypond/2.22.1/fonts/type1/:/usr/share/lilypond/2.22.1/fonts/svg/:')
    \include 
             "../vc2/gp-02-vc2-192.ly"
/tmp/tmpy924epsl/2024-03-25T14-23-37-411457-29ad731.ly:57:14: error: cannot find file: `../vc2/gp-02-vc2-141.ly'
(search path: `/tmp/tmpy924epsl:/home/user/Documents/Resounding-Libraries/Un musico meccanico - Prehistory AI/python-code:/usr/share/lilypond/2.22.1/ly:/usr/share/lilypond/2.22.1/ps:/usr/share/lilypond/2.22.1/scm:/usr/share/lilypond/2.22.1/fonts/otf/:/usr/share/lilypond/2.22.1/fonts/type1/:/usr/share/lilypond/2.22.1/fonts/svg/:')
    \include 
             "../vc2/gp-02-vc2-141.ly"
/tmp/tmpy924epsl/2024-03-25T14-23-37-411457-29ad731.ly:58:14: error: cannot find file: `../vc2/gp-02-vc2-46.ly'
(search path: `/tmp/tmpy924epsl:/home/user/Documents/Resounding-Libraries/Un musico meccanico - Prehistory AI/python-code:/usr/share/lilypond/2.22.1/ly:/usr/share/lilypond/2.22.1/ps:/usr/share/lilypond/2.22.1/scm:/usr/share/lilypond/2.22.1/fonts/otf/:/usr/share/lilypond/2.22.1/fonts/type1/:/usr/share/lilypond/2.22.1/fonts/svg/:')
    \include 
             "../vc2/gp-02-vc2-46.ly"
/tmp/tmpy924epsl/2024-03-25T14-23-37-411457-29ad731.ly:59:14: error: cannot find file: `../vc2/gp-02-vc2-62.ly'
(search path: `/tmp/tmpy924epsl:/home/user/Documents/Resounding-Libraries/Un musico meccanico - Prehistory AI/python-code:/usr/share/lilypond/2.22.1/ly:/usr/share/lilypond/2.22.1/ps:/usr/share/lilypond/2.22.1/scm:/usr/share/lilypond/2.22.1/fonts/otf/:/usr/share/lilypond/2.22.1/fonts/type1/:/usr/share/lilypond/2.22.1/fonts/svg/:')
    \include 
             "../vc2/gp-02-vc2-62.ly"
/tmp/tmpy924epsl/2024-03-25T14-23-37-411457-29ad731.ly:60:14: error: cannot find file: `../vc2/gp-02-vc2-4.ly'
(search path: `/tmp/tmpy924epsl:/home/user/Documents/Resounding-Libraries/Un musico meccanico - Prehistory AI/python-code:/usr/share/lilypond/2.22.1/ly:/usr/share/lilypond/2.22.1/ps:/usr/share/lilypond/2.22.1/scm:/usr/share/lilypond/2.22.1/fonts/otf/:/usr/share/lilypond/2.22.1/fonts/type1/:/usr/share/lilypond/2.22.1/fonts/svg/:')
    \include 
             "../vc2/gp-02-vc2-4.ly"
/tmp/tmpy924epsl/2024-03-25T14-23-37-411457-29ad731.ly:61:14: error: cannot find file: `../vc2/gp-02-vc2-73.ly'
(search path: `/tmp/tmpy924epsl:/home/user/Documents/Resounding-Libraries/Un musico meccanico - Prehistory AI/python-code:/usr/share/lilypond/2.22.1/ly:/usr/share/lilypond/2.22.1/ps:/usr/share/lilypond/2.22.1/scm:/usr/share/lilypond/2.22.1/fonts/otf/:/usr/share/lilypond/2.22.1/fonts/type1/:/usr/share/lilypond/2.22.1/fonts/svg/:')
    \include 
             "../vc2/gp-02-vc2-73.ly"
/tmp/tmpy924epsl/2024-03-25T14-23-37-411457-29ad731.ly:62:14: error: cannot find file: `../vc2/gp-02-vc2-175.ly'
(search path: `/tmp/tmpy924epsl:/home/user/Documents/Resounding-Libraries/Un musico meccanico - Prehistory AI/python-code:/usr/share/lilypond/2.22.1/ly:/usr/share/lilypond/2.22.1/ps:/usr/share/lilypond/2.22.1/scm:/usr/share/lilypond/2.22.1/fonts/otf/:/usr/share/lilypond/2.22.1/fonts/type1/:/usr/share/lilypond/2.22.1/fonts/svg/:')
    \include 
             "../vc2/gp-02-vc2-175.ly"
/tmp/tmpy924epsl/2024-03-25T14-23-37-411457-29ad731.ly:63:14: error: cannot find file: `../vc2/gp-02-vc2-186.ly'
(search path: `/tmp/tmpy924epsl:/home/user/Documents/Resounding-Libraries/Un musico meccanico - Prehistory AI/python-code:/usr/share/lilypond/2.22.1/ly:/usr/share/lilypond/2.22.1/ps:/usr/share/lilypond/2.22.1/scm:/usr/share/lilypond/2.22.1/fonts/otf/:/usr/share/lilypond/2.22.1/fonts/type1/:/usr/share/lilypond/2.22.1/fonts/svg/:')
    \include 
             "../vc2/gp-02-vc2-186.ly"
/tmp/tmpy924epsl/2024-03-25T14-23-37-411457-29ad731.ly:64:14: error: cannot find file: `../vc2/gp-02-vc2-104.ly'
(search path: `/tmp/tmpy924epsl:/home/user/Documents/Resounding-Libraries/Un musico meccanico - Prehistory AI/python-code:/usr/share/lilypond/2.22.1/ly:/usr/share/lilypond/2.22.1/ps:/usr/share/lilypond/2.22.1/scm:/usr/share/lilypond/2.22.1/fonts/otf/:/usr/share/lilypond/2.22.1/fonts/type1/:/usr/share/lilypond/2.22.1/fonts/svg/:')
    \include 
             "../vc2/gp-02-vc2-104.ly"
/tmp/tmpy924epsl/2024-03-25T14-23-37-411457-29ad731.ly:65:14: error: cannot find file: `../vc2/gp-02-vc2-116.ly'
(search path: `/tmp/tmpy924epsl:/home/user/Documents/Resounding-Libraries/Un musico meccanico - Prehistory AI/python-code:/usr/share/lilypond/2.22.1/ly:/usr/share/lilypond/2.22.1/ps:/usr/share/lilypond/2.22.1/scm:/usr/share/lilypond/2.22.1/fonts/otf/:/usr/share/lilypond/2.22.1/fonts/type1/:/usr/share/lilypond/2.22.1/fonts/svg/:')
    \include 
             "../vc2/gp-02-vc2-116.ly"
/tmp/tmpy924epsl/2024-03-25T14-23-37-411457-29ad731.ly:66:14: error: cannot find file: `../vc2/gp-02-vc2-259.ly'
(search path: `/tmp/tmpy924epsl:/home/user/Documents/Resounding-Libraries/Un musico meccanico - Prehistory AI/python-code:/usr/share/lilypond/2.22.1/ly:/usr/share/lilypond/2.22.1/ps:/usr/share/lilypond/2.22.1/scm:/usr/share/lilypond/2.22.1/fonts/otf/:/usr/share/lilypond/2.22.1/fonts/type1/:/usr/share/lilypond/2.22.1/fonts/svg/:')
    \include 
             "../vc2/gp-02-vc2-259.ly"
/tmp/tmpy924epsl/2024-03-25T14-23-37-411457-29ad731.ly:67:14: error: cannot find file: `../vc2/gp-02-vc2-35.ly'
(search path: `/tmp/tmpy924epsl:/home/user/Documents/Resounding-Libraries/Un musico meccanico - Prehistory AI/python-code:/usr/share/lilypond/2.22.1/ly:/usr/share/lilypond/2.22.1/ps:/usr/share/lilypond/2.22.1/scm:/usr/share/lilypond/2.22.1/fonts/otf/:/usr/share/lilypond/2.22.1/fonts/type1/:/usr/share/lilypond/2.22.1/fonts/svg/:')
    \include 
             "../vc2/gp-02-vc2-35.ly"
/tmp/tmpy924epsl/2024-03-25T14-23-37-411457-29ad731.ly:68:14: error: cannot find file: `../vc2/gp-02-vc2-22.ly'
(search path: `/tmp/tmpy924epsl:/home/user/Documents/Resounding-Libraries/Un musico meccanico - Prehistory AI/python-code:/usr/share/lilypond/2.22.1/ly:/usr/share/lilypond/2.22.1/ps:/usr/share/lilypond/2.22.1/scm:/usr/share/lilypond/2.22.1/fonts/otf/:/usr/share/lilypond/2.22.1/fonts/type1/:/usr/share/lilypond/2.22.1/fonts/svg/:')
    \include 
             "../vc2/gp-02-vc2-22.ly"
/tmp/tmpy924epsl/2024-03-25T14-23-37-411457-29ad731.ly:69:14: error: cannot find file: `../vc2/gp-02-vc2-31.ly'
(search path: `/tmp/tmpy924epsl:/home/user/Documents/Resounding-Libraries/Un musico meccanico - Prehistory AI/python-code:/usr/share/lilypond/2.22.1/ly:/usr/share/lilypond/2.22.1/ps:/usr/share/lilypond/2.22.1/scm:/usr/share/lilypond/2.22.1/fonts/otf/:/usr/share/lilypond/2.22.1/fonts/type1/:/usr/share/lilypond/2.22.1/fonts/svg/:')
    \include 
             "../vc2/gp-02-vc2-31.ly"
/tmp/tmpy924epsl/2024-03-25T14-23-37-411457-29ad731.ly:70:14: error: cannot find file: `../vc2/gp-02-vc2-237.ly'
(search path: `/tmp/tmpy924epsl:/home/user/Documents/Resounding-Libraries/Un musico meccanico - Prehistory AI/python-code:/usr/share/lilypond/2.22.1/ly:/usr/share/lilypond/2.22.1/ps:/usr/share/lilypond/2.22.1/scm:/usr/share/lilypond/2.22.1/fonts/otf/:/usr/share/lilypond/2.22.1/fonts/type1/:/usr/share/lilypond/2.22.1/fonts/svg/:')
    \include 
             "../vc2/gp-02-vc2-237.ly"
/tmp/tmpy924epsl/2024-03-25T14-23-37-411457-29ad731.ly:78:14: error: cannot find file: `../voice_option.ly'
(search path: `/tmp/tmpy924epsl:/home/user/Documents/Resounding-Libraries/Un musico meccanico - Prehistory AI/python-code:/usr/share/lilypond/2.22.1/ly:/usr/share/lilypond/2.22.1/ps:/usr/share/lilypond/2.22.1/scm:/usr/share/lilypond/2.22.1/fonts/otf/:/usr/share/lilypond/2.22.1/fonts/type1/:/usr/share/lilypond/2.22.1/fonts/svg/:')
    \include 
             "../voice_option.ly"
/tmp/tmpy924epsl/2024-03-25T14-23-37-411457-29ad731.ly:79:14: error: cannot find file: `../rh/gp-02-rh-40.ly'
(search path: `/tmp/tmpy924epsl:/home/user/Documents/Resounding-Libraries/Un musico meccanico - Prehistory AI/python-code:/usr/share/lilypond/2.22.1/ly:/usr/share/lilypond/2.22.1/ps:/usr/share/lilypond/2.22.1/scm:/usr/share/lilypond/2.22.1/fonts/otf/:/usr/share/lilypond/2.22.1/fonts/type1/:/usr/share/lilypond/2.22.1/fonts/svg/:')
    \include 
             "../rh/gp-02-rh-40.ly"
/tmp/tmpy924epsl/2024-03-25T14-23-37-411457-29ad731.ly:80:14: error: cannot find file: `../rh/gp-02-rh-148.ly'
(search path: `/tmp/tmpy924epsl:/home/user/Documents/Resounding-Libraries/Un musico meccanico - Prehistory AI/python-code:/usr/share/lilypond/2.22.1/ly:/usr/share/lilypond/2.22.1/ps:/usr/share/lilypond/2.22.1/scm:/usr/share/lilypond/2.22.1/fonts/otf/:/usr/share/lilypond/2.22.1/fonts/type1/:/usr/share/lilypond/2.22.1/fonts/svg/:')
    \include 
             "../rh/gp-02-rh-148.ly"
/tmp/tmpy924epsl/2024-03-25T14-23-37-411457-29ad731.ly:81:14: error: cannot find file: `../rh/gp-02-rh-114.ly'
(search path: `/tmp/tmpy924epsl:/home/user/Documents/Resounding-Libraries/Un musico meccanico - Prehistory AI/python-code:/usr/share/lilypond/2.22.1/ly:/usr/share/lilypond/2.22.1/ps:/usr/share/lilypond/2.22.1/scm:/usr/share/lilypond/2.22.1/fonts/otf/:/usr/share/lilypond/2.22.1/fonts/type1/:/usr/share/lilypond/2.22.1/fonts/svg/:')
    \include 
             "../rh/gp-02-rh-114.ly"
/tmp/tmpy924epsl/2024-03-25T14-23-37-411457-29ad731.ly:82:14: error: cannot find file: `../rh/gp-02-rh-159.ly'
(search path: `/tmp/tmpy924epsl:/home/user/Documents/Resounding-Libraries/Un musico meccanico - Prehistory AI/python-code:/usr/share/lilypond/2.22.1/ly:/usr/share/lilypond/2.22.1/ps:/usr/share/lilypond/2.22.1/scm:/usr/share/lilypond/2.22.1/fonts/otf/:/usr/share/lilypond/2.22.1/fonts/type1/:/usr/share/lilypond/2.22.1/fonts/svg/:')
    \include 
             "../rh/gp-02-rh-159.ly"
/tmp/tmpy924epsl/2024-03-25T14-23-37-411457-29ad731.ly:83:14: error: cannot find file: `../rh/gp-02-rh-204.ly'
(search path: `/tmp/tmpy924epsl:/home/user/Documents/Resounding-Libraries/Un musico meccanico - Prehistory AI/python-code:/usr/share/lilypond/2.22.1/ly:/usr/share/lilypond/2.22.1/ps:/usr/share/lilypond/2.22.1/scm:/usr/share/lilypond/2.22.1/fonts/otf/:/usr/share/lilypond/2.22.1/fonts/type1/:/usr/share/lilypond/2.22.1/fonts/svg/:')
    \include 
             "../rh/gp-02-rh-204.ly"
/tmp/tmpy924epsl/2024-03-25T14-23-37-411457-29ad731.ly:84:14: error: cannot find file: `../rh/gp-02-rh-153.ly'
(search path: `/tmp/tmpy924epsl:/home/user/Documents/Resounding-Libraries/Un musico meccanico - Prehistory AI/python-code:/usr/share/lilypond/2.22.1/ly:/usr/share/lilypond/2.22.1/ps:/usr/share/lilypond/2.22.1/scm:/usr/share/lilypond/2.22.1/fonts/otf/:/usr/share/lilypond/2.22.1/fonts/type1/:/usr/share/lilypond/2.22.1/fonts/svg/:')
    \include 
             "../rh/gp-02-rh-153.ly"
/tmp/tmpy924epsl/2024-03-25T14-23-37-411457-29ad731.ly:85:14: error: cannot find file: `../rh/gp-02-rh-63.ly'
(search path: `/tmp/tmpy924epsl:/home/user/Documents/Resounding-Libraries/Un musico meccanico - Prehistory AI/python-code:/usr/share/lilypond/2.22.1/ly:/usr/share/lilypond/2.22.1/ps:/usr/share/lilypond/2.22.1/scm:/usr/share/lilypond/2.22.1/fonts/otf/:/usr/share/lilypond/2.22.1/fonts/type1/:/usr/share/lilypond/2.22.1/fonts/svg/:')
    \include 
             "../rh/gp-02-rh-63.ly"
/tmp/tmpy924epsl/2024-03-25T14-23-37-411457-29ad731.ly:86:14: error: cannot find file: `../rh/gp-02-rh-16.ly'
(search path: `/tmp/tmpy924epsl:/home/user/Documents/Resounding-Libraries/Un musico meccanico - Prehistory AI/python-code:/usr/share/lilypond/2.22.1/ly:/usr/share/lilypond/2.22.1/ps:/usr/share/lilypond/2.22.1/scm:/usr/share/lilypond/2.22.1/fonts/otf/:/usr/share/lilypond/2.22.1/fonts/type1/:/usr/share/lilypond/2.22.1/fonts/svg/:')
    \include 
             "../rh/gp-02-rh-16.ly"
/tmp/tmpy924epsl/2024-03-25T14-23-37-411457-29ad731.ly:87:14: error: cannot find file: `../rh/gp-02-rh-135.ly'
(search path: `/tmp/tmpy924epsl:/home/user/Documents/Resounding-Libraries/Un musico meccanico - Prehistory AI/python-code:/usr/share/lilypond/2.22.1/ly:/usr/share/lilypond/2.22.1/ps:/usr/share/lilypond/2.22.1/scm:/usr/share/lilypond/2.22.1/fonts/otf/:/usr/share/lilypond/2.22.1/fonts/type1/:/usr/share/lilypond/2.22.1/fonts/svg/:')
    \include 
             "../rh/gp-02-rh-135.ly"
/tmp/tmpy924epsl/2024-03-25T14-23-37-411457-29ad731.ly:88:14: error: cannot find file: `../rh/gp-02-rh-192.ly'
(search path: `/tmp/tmpy924epsl:/home/user/Documents/Resounding-Libraries/Un musico meccanico - Prehistory AI/python-code:/usr/share/lilypond/2.22.1/ly:/usr/share/lilypond/2.22.1/ps:/usr/share/lilypond/2.22.1/scm:/usr/share/lilypond/2.22.1/fonts/otf/:/usr/share/lilypond/2.22.1/fonts/type1/:/usr/share/lilypond/2.22.1/fonts/svg/:')
    \include 
             "../rh/gp-02-rh-192.ly"
/tmp/tmpy924epsl/2024-03-25T14-23-37-411457-29ad731.ly:89:14: error: cannot find file: `../rh/gp-02-rh-141.ly'
(search path: `/tmp/tmpy924epsl:/home/user/Documents/Resounding-Libraries/Un musico meccanico - Prehistory AI/python-code:/usr/share/lilypond/2.22.1/ly:/usr/share/lilypond/2.22.1/ps:/usr/share/lilypond/2.22.1/scm:/usr/share/lilypond/2.22.1/fonts/otf/:/usr/share/lilypond/2.22.1/fonts/type1/:/usr/share/lilypond/2.22.1/fonts/svg/:')
    \include 
             "../rh/gp-02-rh-141.ly"
/tmp/tmpy924epsl/2024-03-25T14-23-37-411457-29ad731.ly:90:14: error: cannot find file: `../rh/gp-02-rh-46.ly'
(search path: `/tmp/tmpy924epsl:/home/user/Documents/Resounding-Libraries/Un musico meccanico - Prehistory AI/python-code:/usr/share/lilypond/2.22.1/ly:/usr/share/lilypond/2.22.1/ps:/usr/share/lilypond/2.22.1/scm:/usr/share/lilypond/2.22.1/fonts/otf/:/usr/share/lilypond/2.22.1/fonts/type1/:/usr/share/lilypond/2.22.1/fonts/svg/:')
    \include 
             "../rh/gp-02-rh-46.ly"
/tmp/tmpy924epsl/2024-03-25T14-23-37-411457-29ad731.ly:91:14: error: cannot find file: `../rh/gp-02-rh-62.ly'
(search path: `/tmp/tmpy924epsl:/home/user/Documents/Resounding-Libraries/Un musico meccanico - Prehistory AI/python-code:/usr/share/lilypond/2.22.1/ly:/usr/share/lilypond/2.22.1/ps:/usr/share/lilypond/2.22.1/scm:/usr/share/lilypond/2.22.1/fonts/otf/:/usr/share/lilypond/2.22.1/fonts/type1/:/usr/share/lilypond/2.22.1/fonts/svg/:')
    \include 
             "../rh/gp-02-rh-62.ly"
/tmp/tmpy924epsl/2024-03-25T14-23-37-411457-29ad731.ly:92:14: error: cannot find file: `../rh/gp-02-rh-4.ly'
(search path: `/tmp/tmpy924epsl:/home/user/Documents/Resounding-Libraries/Un musico meccanico - Prehistory AI/python-code:/usr/share/lilypond/2.22.1/ly:/usr/share/lilypond/2.22.1/ps:/usr/share/lilypond/2.22.1/scm:/usr/share/lilypond/2.22.1/fonts/otf/:/usr/share/lilypond/2.22.1/fonts/type1/:/usr/share/lilypond/2.22.1/fonts/svg/:')
    \include 
             "../rh/gp-02-rh-4.ly"
/tmp/tmpy924epsl/2024-03-25T14-23-37-411457-29ad731.ly:93:14: error: cannot find file: `../rh/gp-02-rh-73.ly'
(search path: `/tmp/tmpy924epsl:/home/user/Documents/Resounding-Libraries/Un musico meccanico - Prehistory AI/python-code:/usr/share/lilypond/2.22.1/ly:/usr/share/lilypond/2.22.1/ps:/usr/share/lilypond/2.22.1/scm:/usr/share/lilypond/2.22.1/fonts/otf/:/usr/share/lilypond/2.22.1/fonts/type1/:/usr/share/lilypond/2.22.1/fonts/svg/:')
    \include 
             "../rh/gp-02-rh-73.ly"
/tmp/tmpy924epsl/2024-03-25T14-23-37-411457-29ad731.ly:94:14: error: cannot find file: `../rh/gp-02-rh-175.ly'
(search path: `/tmp/tmpy924epsl:/home/user/Documents/Resounding-Libraries/Un musico meccanico - Prehistory AI/python-code:/usr/share/lilypond/2.22.1/ly:/usr/share/lilypond/2.22.1/ps:/usr/share/lilypond/2.22.1/scm:/usr/share/lilypond/2.22.1/fonts/otf/:/usr/share/lilypond/2.22.1/fonts/type1/:/usr/share/lilypond/2.22.1/fonts/svg/:')
    \include 
             "../rh/gp-02-rh-175.ly"
/tmp/tmpy924epsl/2024-03-25T14-23-37-411457-29ad731.ly:95:14: error: cannot find file: `../rh/gp-02-rh-186.ly'
(search path: `/tmp/tmpy924epsl:/home/user/Documents/Resounding-Libraries/Un musico meccanico - Prehistory AI/python-code:/usr/share/lilypond/2.22.1/ly:/usr/share/lilypond/2.22.1/ps:/usr/share/lilypond/2.22.1/scm:/usr/share/lilypond/2.22.1/fonts/otf/:/usr/share/lilypond/2.22.1/fonts/type1/:/usr/share/lilypond/2.22.1/fonts/svg/:')
    \include 
             "../rh/gp-02-rh-186.ly"
/tmp/tmpy924epsl/2024-03-25T14-23-37-411457-29ad731.ly:96:14: error: cannot find file: `../rh/gp-02-rh-104.ly'
(search path: `/tmp/tmpy924epsl:/home/user/Documents/Resounding-Libraries/Un musico meccanico - Prehistory AI/python-code:/usr/share/lilypond/2.22.1/ly:/usr/share/lilypond/2.22.1/ps:/usr/share/lilypond/2.22.1/scm:/usr/share/lilypond/2.22.1/fonts/otf/:/usr/share/lilypond/2.22.1/fonts/type1/:/usr/share/lilypond/2.22.1/fonts/svg/:')
    \include 
             "../rh/gp-02-rh-104.ly"
/tmp/tmpy924epsl/2024-03-25T14-23-37-411457-29ad731.ly:97:14: error: cannot find file: `../rh/gp-02-rh-116.ly'
(search path: `/tmp/tmpy924epsl:/home/user/Documents/Resounding-Libraries/Un musico meccanico - Prehistory AI/python-code:/usr/share/lilypond/2.22.1/ly:/usr/share/lilypond/2.22.1/ps:/usr/share/lilypond/2.22.1/scm:/usr/share/lilypond/2.22.1/fonts/otf/:/usr/share/lilypond/2.22.1/fonts/type1/:/usr/share/lilypond/2.22.1/fonts/svg/:')
    \include 
             "../rh/gp-02-rh-116.ly"
/tmp/tmpy924epsl/2024-03-25T14-23-37-411457-29ad731.ly:98:14: error: cannot find file: `../rh/gp-02-rh-259.ly'
(search path: `/tmp/tmpy924epsl:/home/user/Documents/Resounding-Libraries/Un musico meccanico - Prehistory AI/python-code:/usr/share/lilypond/2.22.1/ly:/usr/share/lilypond/2.22.1/ps:/usr/share/lilypond/2.22.1/scm:/usr/share/lilypond/2.22.1/fonts/otf/:/usr/share/lilypond/2.22.1/fonts/type1/:/usr/share/lilypond/2.22.1/fonts/svg/:')
    \include 
             "../rh/gp-02-rh-259.ly"
/tmp/tmpy924epsl/2024-03-25T14-23-37-411457-29ad731.ly:99:14: error: cannot find file: `../rh/gp-02-rh-35.ly'
(search path: `/tmp/tmpy924epsl:/home/user/Documents/Resounding-Libraries/Un musico meccanico - Prehistory AI/python-code:/usr/share/lilypond/2.22.1/ly:/usr/share/lilypond/2.22.1/ps:/usr/share/lilypond/2.22.1/scm:/usr/share/lilypond/2.22.1/fonts/otf/:/usr/share/lilypond/2.22.1/fonts/type1/:/usr/share/lilypond/2.22.1/fonts/svg/:')
    \include 
             "../rh/gp-02-rh-35.ly"
/tmp/tmpy924epsl/2024-03-25T14-23-37-411457-29ad731.ly:100:14: error: cannot find file: `../rh/gp-02-rh-22.ly'
(search path: `/tmp/tmpy924epsl:/home/user/Documents/Resounding-Libraries/Un musico meccanico - Prehistory AI/python-code:/usr/share/lilypond/2.22.1/ly:/usr/share/lilypond/2.22.1/ps:/usr/share/lilypond/2.22.1/scm:/usr/share/lilypond/2.22.1/fonts/otf/:/usr/share/lilypond/2.22.1/fonts/type1/:/usr/share/lilypond/2.22.1/fonts/svg/:')
    \include 
             "../rh/gp-02-rh-22.ly"
/tmp/tmpy924epsl/2024-03-25T14-23-37-411457-29ad731.ly:101:14: error: cannot find file: `../rh/gp-02-rh-31.ly'
(search path: `/tmp/tmpy924epsl:/home/user/Documents/Resounding-Libraries/Un musico meccanico - Prehistory AI/python-code:/usr/share/lilypond/2.22.1/ly:/usr/share/lilypond/2.22.1/ps:/usr/share/lilypond/2.22.1/scm:/usr/share/lilypond/2.22.1/fonts/otf/:/usr/share/lilypond/2.22.1/fonts/type1/:/usr/share/lilypond/2.22.1/fonts/svg/:')
    \include 
             "../rh/gp-02-rh-31.ly"
/tmp/tmpy924epsl/2024-03-25T14-23-37-411457-29ad731.ly:102:14: error: cannot find file: `../rh/gp-02-rh-237.ly'
(search path: `/tmp/tmpy924epsl:/home/user/Documents/Resounding-Libraries/Un musico meccanico - Prehistory AI/python-code:/usr/share/lilypond/2.22.1/ly:/usr/share/lilypond/2.22.1/ps:/usr/share/lilypond/2.22.1/scm:/usr/share/lilypond/2.22.1/fonts/otf/:/usr/share/lilypond/2.22.1/fonts/type1/:/usr/share/lilypond/2.22.1/fonts/svg/:')
    \include 
             "../rh/gp-02-rh-237.ly"
/tmp/tmpy924epsl/2024-03-25T14-23-37-411457-29ad731.ly:105:14: error: cannot find file: `../bassline_option.ly'
(search path: `/tmp/tmpy924epsl:/home/user/Documents/Resounding-Libraries/Un musico meccanico - Prehistory AI/python-code:/usr/share/lilypond/2.22.1/ly:/usr/share/lilypond/2.22.1/ps:/usr/share/lilypond/2.22.1/scm:/usr/share/lilypond/2.22.1/fonts/otf/:/usr/share/lilypond/2.22.1/fonts/type1/:/usr/share/lilypond/2.22.1/fonts/svg/:')
    \include 
             "../bassline_option.ly"
/tmp/tmpy924epsl/2024-03-25T14-23-37-411457-29ad731.ly:106:14: error: cannot find file: `../lh/gp-02-lh-40.ly'
(search path: `/tmp/tmpy924epsl:/home/user/Documents/Resounding-Libraries/Un musico meccanico - Prehistory AI/python-code:/usr/share/lilypond/2.22.1/ly:/usr/share/lilypond/2.22.1/ps:/usr/share/lilypond/2.22.1/scm:/usr/share/lilypond/2.22.1/fonts/otf/:/usr/share/lilypond/2.22.1/fonts/type1/:/usr/share/lilypond/2.22.1/fonts/svg/:')
    \include 
             "../lh/gp-02-lh-40.ly"
/tmp/tmpy924epsl/2024-03-25T14-23-37-411457-29ad731.ly:107:14: error: cannot find file: `../lh/gp-02-lh-148.ly'
(search path: `/tmp/tmpy924epsl:/home/user/Documents/Resounding-Libraries/Un musico meccanico - Prehistory AI/python-code:/usr/share/lilypond/2.22.1/ly:/usr/share/lilypond/2.22.1/ps:/usr/share/lilypond/2.22.1/scm:/usr/share/lilypond/2.22.1/fonts/otf/:/usr/share/lilypond/2.22.1/fonts/type1/:/usr/share/lilypond/2.22.1/fonts/svg/:')
    \include 
             "../lh/gp-02-lh-148.ly"
/tmp/tmpy924epsl/2024-03-25T14-23-37-411457-29ad731.ly:108:14: error: cannot find file: `../lh/gp-02-lh-114.ly'
(search path: `/tmp/tmpy924epsl:/home/user/Documents/Resounding-Libraries/Un musico meccanico - Prehistory AI/python-code:/usr/share/lilypond/2.22.1/ly:/usr/share/lilypond/2.22.1/ps:/usr/share/lilypond/2.22.1/scm:/usr/share/lilypond/2.22.1/fonts/otf/:/usr/share/lilypond/2.22.1/fonts/type1/:/usr/share/lilypond/2.22.1/fonts/svg/:')
    \include 
             "../lh/gp-02-lh-114.ly"
/tmp/tmpy924epsl/2024-03-25T14-23-37-411457-29ad731.ly:109:14: error: cannot find file: `../lh/gp-02-lh-159.ly'
(search path: `/tmp/tmpy924epsl:/home/user/Documents/Resounding-Libraries/Un musico meccanico - Prehistory AI/python-code:/usr/share/lilypond/2.22.1/ly:/usr/share/lilypond/2.22.1/ps:/usr/share/lilypond/2.22.1/scm:/usr/share/lilypond/2.22.1/fonts/otf/:/usr/share/lilypond/2.22.1/fonts/type1/:/usr/share/lilypond/2.22.1/fonts/svg/:')
    \include 
             "../lh/gp-02-lh-159.ly"
/tmp/tmpy924epsl/2024-03-25T14-23-37-411457-29ad731.ly:110:14: error: cannot find file: `../lh/gp-02-lh-204.ly'
(search path: `/tmp/tmpy924epsl:/home/user/Documents/Resounding-Libraries/Un musico meccanico - Prehistory AI/python-code:/usr/share/lilypond/2.22.1/ly:/usr/share/lilypond/2.22.1/ps:/usr/share/lilypond/2.22.1/scm:/usr/share/lilypond/2.22.1/fonts/otf/:/usr/share/lilypond/2.22.1/fonts/type1/:/usr/share/lilypond/2.22.1/fonts/svg/:')
    \include 
             "../lh/gp-02-lh-204.ly"
/tmp/tmpy924epsl/2024-03-25T14-23-37-411457-29ad731.ly:111:14: error: cannot find file: `../lh/gp-02-lh-153.ly'
(search path: `/tmp/tmpy924epsl:/home/user/Documents/Resounding-Libraries/Un musico meccanico - Prehistory AI/python-code:/usr/share/lilypond/2.22.1/ly:/usr/share/lilypond/2.22.1/ps:/usr/share/lilypond/2.22.1/scm:/usr/share/lilypond/2.22.1/fonts/otf/:/usr/share/lilypond/2.22.1/fonts/type1/:/usr/share/lilypond/2.22.1/fonts/svg/:')
    \include 
             "../lh/gp-02-lh-153.ly"
/tmp/tmpy924epsl/2024-03-25T14-23-37-411457-29ad731.ly:112:14: error: cannot find file: `../lh/gp-02-lh-63.ly'
(search path: `/tmp/tmpy924epsl:/home/user/Documents/Resounding-Libraries/Un musico meccanico - Prehistory AI/python-code:/usr/share/lilypond/2.22.1/ly:/usr/share/lilypond/2.22.1/ps:/usr/share/lilypond/2.22.1/scm:/usr/share/lilypond/2.22.1/fonts/otf/:/usr/share/lilypond/2.22.1/fonts/type1/:/usr/share/lilypond/2.22.1/fonts/svg/:')
    \include 
             "../lh/gp-02-lh-63.ly"
/tmp/tmpy924epsl/2024-03-25T14-23-37-411457-29ad731.ly:113:14: error: cannot find file: `../lh/gp-02-lh-16.ly'
(search path: `/tmp/tmpy924epsl:/home/user/Documents/Resounding-Libraries/Un musico meccanico - Prehistory AI/python-code:/usr/share/lilypond/2.22.1/ly:/usr/share/lilypond/2.22.1/ps:/usr/share/lilypond/2.22.1/scm:/usr/share/lilypond/2.22.1/fonts/otf/:/usr/share/lilypond/2.22.1/fonts/type1/:/usr/share/lilypond/2.22.1/fonts/svg/:')
    \include 
             "../lh/gp-02-lh-16.ly"
/tmp/tmpy924epsl/2024-03-25T14-23-37-411457-29ad731.ly:114:14: error: cannot find file: `../lh/gp-02-lh-135.ly'
(search path: `/tmp/tmpy924epsl:/home/user/Documents/Resounding-Libraries/Un musico meccanico - Prehistory AI/python-code:/usr/share/lilypond/2.22.1/ly:/usr/share/lilypond/2.22.1/ps:/usr/share/lilypond/2.22.1/scm:/usr/share/lilypond/2.22.1/fonts/otf/:/usr/share/lilypond/2.22.1/fonts/type1/:/usr/share/lilypond/2.22.1/fonts/svg/:')
    \include 
             "../lh/gp-02-lh-135.ly"
/tmp/tmpy924epsl/2024-03-25T14-23-37-411457-29ad731.ly:115:14: error: cannot find file: `../lh/gp-02-lh-192.ly'
(search path: `/tmp/tmpy924epsl:/home/user/Documents/Resounding-Libraries/Un musico meccanico - Prehistory AI/python-code:/usr/share/lilypond/2.22.1/ly:/usr/share/lilypond/2.22.1/ps:/usr/share/lilypond/2.22.1/scm:/usr/share/lilypond/2.22.1/fonts/otf/:/usr/share/lilypond/2.22.1/fonts/type1/:/usr/share/lilypond/2.22.1/fonts/svg/:')
    \include 
             "../lh/gp-02-lh-192.ly"
/tmp/tmpy924epsl/2024-03-25T14-23-37-411457-29ad731.ly:116:14: error: cannot find file: `../lh/gp-02-lh-141.ly'
(search path: `/tmp/tmpy924epsl:/home/user/Documents/Resounding-Libraries/Un musico meccanico - Prehistory AI/python-code:/usr/share/lilypond/2.22.1/ly:/usr/share/lilypond/2.22.1/ps:/usr/share/lilypond/2.22.1/scm:/usr/share/lilypond/2.22.1/fonts/otf/:/usr/share/lilypond/2.22.1/fonts/type1/:/usr/share/lilypond/2.22.1/fonts/svg/:')
    \include 
             "../lh/gp-02-lh-141.ly"
/tmp/tmpy924epsl/2024-03-25T14-23-37-411457-29ad731.ly:117:14: error: cannot find file: `../lh/gp-02-lh-46.ly'
(search path: `/tmp/tmpy924epsl:/home/user/Documents/Resounding-Libraries/Un musico meccanico - Prehistory AI/python-code:/usr/share/lilypond/2.22.1/ly:/usr/share/lilypond/2.22.1/ps:/usr/share/lilypond/2.22.1/scm:/usr/share/lilypond/2.22.1/fonts/otf/:/usr/share/lilypond/2.22.1/fonts/type1/:/usr/share/lilypond/2.22.1/fonts/svg/:')
    \include 
             "../lh/gp-02-lh-46.ly"
/tmp/tmpy924epsl/2024-03-25T14-23-37-411457-29ad731.ly:118:14: error: cannot find file: `../lh/gp-02-lh-62.ly'
(search path: `/tmp/tmpy924epsl:/home/user/Documents/Resounding-Libraries/Un musico meccanico - Prehistory AI/python-code:/usr/share/lilypond/2.22.1/ly:/usr/share/lilypond/2.22.1/ps:/usr/share/lilypond/2.22.1/scm:/usr/share/lilypond/2.22.1/fonts/otf/:/usr/share/lilypond/2.22.1/fonts/type1/:/usr/share/lilypond/2.22.1/fonts/svg/:')
    \include 
             "../lh/gp-02-lh-62.ly"
/tmp/tmpy924epsl/2024-03-25T14-23-37-411457-29ad731.ly:119:14: error: cannot find file: `../lh/gp-02-lh-4.ly'
(search path: `/tmp/tmpy924epsl:/home/user/Documents/Resounding-Libraries/Un musico meccanico - Prehistory AI/python-code:/usr/share/lilypond/2.22.1/ly:/usr/share/lilypond/2.22.1/ps:/usr/share/lilypond/2.22.1/scm:/usr/share/lilypond/2.22.1/fonts/otf/:/usr/share/lilypond/2.22.1/fonts/type1/:/usr/share/lilypond/2.22.1/fonts/svg/:')
    \include 
             "../lh/gp-02-lh-4.ly"
/tmp/tmpy924epsl/2024-03-25T14-23-37-411457-29ad731.ly:120:14: error: cannot find file: `../lh/gp-02-lh-73.ly'
(search path: `/tmp/tmpy924epsl:/home/user/Documents/Resounding-Libraries/Un musico meccanico - Prehistory AI/python-code:/usr/share/lilypond/2.22.1/ly:/usr/share/lilypond/2.22.1/ps:/usr/share/lilypond/2.22.1/scm:/usr/share/lilypond/2.22.1/fonts/otf/:/usr/share/lilypond/2.22.1/fonts/type1/:/usr/share/lilypond/2.22.1/fonts/svg/:')
    \include 
             "../lh/gp-02-lh-73.ly"
/tmp/tmpy924epsl/2024-03-25T14-23-37-411457-29ad731.ly:121:14: error: cannot find file: `../lh/gp-02-lh-175.ly'
(search path: `/tmp/tmpy924epsl:/home/user/Documents/Resounding-Libraries/Un musico meccanico - Prehistory AI/python-code:/usr/share/lilypond/2.22.1/ly:/usr/share/lilypond/2.22.1/ps:/usr/share/lilypond/2.22.1/scm:/usr/share/lilypond/2.22.1/fonts/otf/:/usr/share/lilypond/2.22.1/fonts/type1/:/usr/share/lilypond/2.22.1/fonts/svg/:')
    \include 
             "../lh/gp-02-lh-175.ly"
/tmp/tmpy924epsl/2024-03-25T14-23-37-411457-29ad731.ly:122:14: error: cannot find file: `../lh/gp-02-lh-186.ly'
(search path: `/tmp/tmpy924epsl:/home/user/Documents/Resounding-Libraries/Un musico meccanico - Prehistory AI/python-code:/usr/share/lilypond/2.22.1/ly:/usr/share/lilypond/2.22.1/ps:/usr/share/lilypond/2.22.1/scm:/usr/share/lilypond/2.22.1/fonts/otf/:/usr/share/lilypond/2.22.1/fonts/type1/:/usr/share/lilypond/2.22.1/fonts/svg/:')
    \include 
             "../lh/gp-02-lh-186.ly"
/tmp/tmpy924epsl/2024-03-25T14-23-37-411457-29ad731.ly:123:14: error: cannot find file: `../lh/gp-02-lh-104.ly'
(search path: `/tmp/tmpy924epsl:/home/user/Documents/Resounding-Libraries/Un musico meccanico - Prehistory AI/python-code:/usr/share/lilypond/2.22.1/ly:/usr/share/lilypond/2.22.1/ps:/usr/share/lilypond/2.22.1/scm:/usr/share/lilypond/2.22.1/fonts/otf/:/usr/share/lilypond/2.22.1/fonts/type1/:/usr/share/lilypond/2.22.1/fonts/svg/:')
    \include 
             "../lh/gp-02-lh-104.ly"
/tmp/tmpy924epsl/2024-03-25T14-23-37-411457-29ad731.ly:124:14: error: cannot find file: `../lh/gp-02-lh-116.ly'
(search path: `/tmp/tmpy924epsl:/home/user/Documents/Resounding-Libraries/Un musico meccanico - Prehistory AI/python-code:/usr/share/lilypond/2.22.1/ly:/usr/share/lilypond/2.22.1/ps:/usr/share/lilypond/2.22.1/scm:/usr/share/lilypond/2.22.1/fonts/otf/:/usr/share/lilypond/2.22.1/fonts/type1/:/usr/share/lilypond/2.22.1/fonts/svg/:')
    \include 
             "../lh/gp-02-lh-116.ly"
/tmp/tmpy924epsl/2024-03-25T14-23-37-411457-29ad731.ly:125:14: error: cannot find file: `../lh/gp-02-lh-259.ly'
(search path: `/tmp/tmpy924epsl:/home/user/Documents/Resounding-Libraries/Un musico meccanico - Prehistory AI/python-code:/usr/share/lilypond/2.22.1/ly:/usr/share/lilypond/2.22.1/ps:/usr/share/lilypond/2.22.1/scm:/usr/share/lilypond/2.22.1/fonts/otf/:/usr/share/lilypond/2.22.1/fonts/type1/:/usr/share/lilypond/2.22.1/fonts/svg/:')
    \include 
             "../lh/gp-02-lh-259.ly"
/tmp/tmpy924epsl/2024-03-25T14-23-37-411457-29ad731.ly:126:14: error: cannot find file: `../lh/gp-02-lh-35.ly'
(search path: `/tmp/tmpy924epsl:/home/user/Documents/Resounding-Libraries/Un musico meccanico - Prehistory AI/python-code:/usr/share/lilypond/2.22.1/ly:/usr/share/lilypond/2.22.1/ps:/usr/share/lilypond/2.22.1/scm:/usr/share/lilypond/2.22.1/fonts/otf/:/usr/share/lilypond/2.22.1/fonts/type1/:/usr/share/lilypond/2.22.1/fonts/svg/:')
    \include 
             "../lh/gp-02-lh-35.ly"
/tmp/tmpy924epsl/2024-03-25T14-23-37-411457-29ad731.ly:127:14: error: cannot find file: `../lh/gp-02-lh-22.ly'
(search path: `/tmp/tmpy924epsl:/home/user/Documents/Resounding-Libraries/Un musico meccanico - Prehistory AI/python-code:/usr/share/lilypond/2.22.1/ly:/usr/share/lilypond/2.22.1/ps:/usr/share/lilypond/2.22.1/scm:/usr/share/lilypond/2.22.1/fonts/otf/:/usr/share/lilypond/2.22.1/fonts/type1/:/usr/share/lilypond/2.22.1/fonts/svg/:')
    \include 
             "../lh/gp-02-lh-22.ly"
/tmp/tmpy924epsl/2024-03-25T14-23-37-411457-29ad731.ly:128:14: error: cannot find file: `../lh/gp-02-lh-31.ly'
(search path: `/tmp/tmpy924epsl:/home/user/Documents/Resounding-Libraries/Un musico meccanico - Prehistory AI/python-code:/usr/share/lilypond/2.22.1/ly:/usr/share/lilypond/2.22.1/ps:/usr/share/lilypond/2.22.1/scm:/usr/share/lilypond/2.22.1/fonts/otf/:/usr/share/lilypond/2.22.1/fonts/type1/:/usr/share/lilypond/2.22.1/fonts/svg/:')
    \include 
             "../lh/gp-02-lh-31.ly"
/tmp/tmpy924epsl/2024-03-25T14-23-37-411457-29ad731.ly:129:14: error: cannot find file: `../lh/gp-02-lh-237.ly'
(search path: `/tmp/tmpy924epsl:/home/user/Documents/Resounding-Libraries/Un musico meccanico - Prehistory AI/python-code:/usr/share/lilypond/2.22.1/ly:/usr/share/lilypond/2.22.1/ps:/usr/share/lilypond/2.22.1/scm:/usr/share/lilypond/2.22.1/fonts/otf/:/usr/share/lilypond/2.22.1/fonts/type1/:/usr/share/lilypond/2.22.1/fonts/svg/:')
    \include 
             "../lh/gp-02-lh-237.ly"
/tmp/tmpy924epsl/2024-03-25T14-23-37-411457-29ad731.ly:134:14: error: cannot find file: `../layout_settings.ly'
(search path: `/tmp/tmpy924epsl:/home/user/Documents/Resounding-Libraries/Un musico meccanico - Prehistory AI/python-code:/usr/share/lilypond/2.22.1/ly:/usr/share/lilypond/2.22.1/ps:/usr/share/lilypond/2.22.1/scm:/usr/share/lilypond/2.22.1/fonts/otf/:/usr/share/lilypond/2.22.1/fonts/type1/:/usr/share/lilypond/2.22.1/fonts/svg/:')
    \include 
             "../layout_settings.ly"
/tmp/tmpy924epsl/2024-03-25T14-23-37-411457-29ad731.ly:1: warning: no \version statement found, please add

\version "2.22.1"

for future compatibility
Interpreting music...
/tmp/tmpy924epsl/2024-03-25T14-23-37-411457-29ad731.ly:8:5: warning: skipping zero-duration score
    
    <<
/tmp/tmpy924epsl/2024-03-25T14-23-37-411457-29ad731.ly:8:5: warning: to suppress this, consider adding a spacer rest
    
    <<
fatal error: failed files: "/tmp/tmpy924epsl/2024-03-25T14-23-37-411457-29ad731.ly"
