GNU LilyPond 2.22.1
Changing working directory to: `/tmp/tmpk5yx3uwg'
Processing `/tmp/tmpk5yx3uwg/2024-03-25T14-44-39-379362-e86d21b.ly'
Parsing...
/tmp/tmpk5yx3uwg/2024-03-25T14-44-39-379362-e86d21b.ly:1:10: error: cannot find file: `../paper_settings.ly'
(search path: `/tmp/tmpk5yx3uwg:/home/user/Documents/Resounding-Libraries/Un musico meccanico - Prehistory AI/python-code:/usr/share/lilypond/2.22.1/ly:/usr/share/lilypond/2.22.1/ps:/usr/share/lilypond/2.22.1/scm:/usr/share/lilypond/2.22.1/fonts/otf/:/usr/share/lilypond/2.22.1/fonts/type1/:/usr/share/lilypond/2.22.1/fonts/svg/:')
\include 
         "../paper_settings.ly" 
/tmp/tmpk5yx3uwg/2024-03-25T14-44-39-379362-e86d21b.ly:15:14: error: cannot find file: `../voice_option.ly'
(search path: `/tmp/tmpk5yx3uwg:/home/user/Documents/Resounding-Libraries/Un musico meccanico - Prehistory AI/python-code:/usr/share/lilypond/2.22.1/ly:/usr/share/lilypond/2.22.1/ps:/usr/share/lilypond/2.22.1/scm:/usr/share/lilypond/2.22.1/fonts/otf/:/usr/share/lilypond/2.22.1/fonts/type1/:/usr/share/lilypond/2.22.1/fonts/svg/:')
    \include 
             "../voice_option.ly"
/tmp/tmpk5yx3uwg/2024-03-25T14-44-39-379362-e86d21b.ly:16:14: error: cannot find file: `../vc1/gp-02-vc1-42.ly'
(search path: `/tmp/tmpk5yx3uwg:/home/user/Documents/Resounding-Libraries/Un musico meccanico - Prehistory AI/python-code:/usr/share/lilypond/2.22.1/ly:/usr/share/lilypond/2.22.1/ps:/usr/share/lilypond/2.22.1/scm:/usr/share/lilypond/2.22.1/fonts/otf/:/usr/share/lilypond/2.22.1/fonts/type1/:/usr/share/lilypond/2.22.1/fonts/svg/:')
    \include 
             "../vc1/gp-02-vc1-42.ly"
/tmp/tmpk5yx3uwg/2024-03-25T14-44-39-379362-e86d21b.ly:17:14: error: cannot find file: `../vc1/gp-02-vc1-10.ly'
(search path: `/tmp/tmpk5yx3uwg:/home/user/Documents/Resounding-Libraries/Un musico meccanico - Prehistory AI/python-code:/usr/share/lilypond/2.22.1/ly:/usr/share/lilypond/2.22.1/ps:/usr/share/lilypond/2.22.1/scm:/usr/share/lilypond/2.22.1/fonts/otf/:/usr/share/lilypond/2.22.1/fonts/type1/:/usr/share/lilypond/2.22.1/fonts/svg/:')
    \include 
             "../vc1/gp-02-vc1-10.ly"
/tmp/tmpk5yx3uwg/2024-03-25T14-44-39-379362-e86d21b.ly:18:14: error: cannot find file: `../vc1/gp-02-vc1-69.ly'
(search path: `/tmp/tmpk5yx3uwg:/home/user/Documents/Resounding-Libraries/Un musico meccanico - Prehistory AI/python-code:/usr/share/lilypond/2.22.1/ly:/usr/share/lilypond/2.22.1/ps:/usr/share/lilypond/2.22.1/scm:/usr/share/lilypond/2.22.1/fonts/otf/:/usr/share/lilypond/2.22.1/fonts/type1/:/usr/share/lilypond/2.22.1/fonts/svg/:')
    \include 
             "../vc1/gp-02-vc1-69.ly"
/tmp/tmpk5yx3uwg/2024-03-25T14-44-39-379362-e86d21b.ly:19:14: error: cannot find file: `../vc1/gp-02-vc1-143.ly'
(search path: `/tmp/tmpk5yx3uwg:/home/user/Documents/Resounding-Libraries/Un musico meccanico - Prehistory AI/python-code:/usr/share/lilypond/2.22.1/ly:/usr/share/lilypond/2.22.1/ps:/usr/share/lilypond/2.22.1/scm:/usr/share/lilypond/2.22.1/fonts/otf/:/usr/share/lilypond/2.22.1/fonts/type1/:/usr/share/lilypond/2.22.1/fonts/svg/:')
    \include 
             "../vc1/gp-02-vc1-143.ly"
/tmp/tmpk5yx3uwg/2024-03-25T14-44-39-379362-e86d21b.ly:20:14: error: cannot find file: `../vc1/gp-02-vc1-204.ly'
(search path: `/tmp/tmpk5yx3uwg:/home/user/Documents/Resounding-Libraries/Un musico meccanico - Prehistory AI/python-code:/usr/share/lilypond/2.22.1/ly:/usr/share/lilypond/2.22.1/ps:/usr/share/lilypond/2.22.1/scm:/usr/share/lilypond/2.22.1/fonts/otf/:/usr/share/lilypond/2.22.1/fonts/type1/:/usr/share/lilypond/2.22.1/fonts/svg/:')
    \include 
             "../vc1/gp-02-vc1-204.ly"
/tmp/tmpk5yx3uwg/2024-03-25T14-44-39-379362-e86d21b.ly:21:14: error: cannot find file: `../vc1/gp-02-vc1-54.ly'
(search path: `/tmp/tmpk5yx3uwg:/home/user/Documents/Resounding-Libraries/Un musico meccanico - Prehistory AI/python-code:/usr/share/lilypond/2.22.1/ly:/usr/share/lilypond/2.22.1/ps:/usr/share/lilypond/2.22.1/scm:/usr/share/lilypond/2.22.1/fonts/otf/:/usr/share/lilypond/2.22.1/fonts/type1/:/usr/share/lilypond/2.22.1/fonts/svg/:')
    \include 
             "../vc1/gp-02-vc1-54.ly"
/tmp/tmpk5yx3uwg/2024-03-25T14-44-39-379362-e86d21b.ly:22:14: error: cannot find file: `../vc1/gp-02-vc1-221.ly'
(search path: `/tmp/tmpk5yx3uwg:/home/user/Documents/Resounding-Libraries/Un musico meccanico - Prehistory AI/python-code:/usr/share/lilypond/2.22.1/ly:/usr/share/lilypond/2.22.1/ps:/usr/share/lilypond/2.22.1/scm:/usr/share/lilypond/2.22.1/fonts/otf/:/usr/share/lilypond/2.22.1/fonts/type1/:/usr/share/lilypond/2.22.1/fonts/svg/:')
    \include 
             "../vc1/gp-02-vc1-221.ly"
/tmp/tmpk5yx3uwg/2024-03-25T14-44-39-379362-e86d21b.ly:23:14: error: cannot find file: `../vc1/gp-02-vc1-92.ly'
(search path: `/tmp/tmpk5yx3uwg:/home/user/Documents/Resounding-Libraries/Un musico meccanico - Prehistory AI/python-code:/usr/share/lilypond/2.22.1/ly:/usr/share/lilypond/2.22.1/ps:/usr/share/lilypond/2.22.1/scm:/usr/share/lilypond/2.22.1/fonts/otf/:/usr/share/lilypond/2.22.1/fonts/type1/:/usr/share/lilypond/2.22.1/fonts/svg/:')
    \include 
             "../vc1/gp-02-vc1-92.ly"
/tmp/tmpk5yx3uwg/2024-03-25T14-44-39-379362-e86d21b.ly:24:14: error: cannot find file: `../vc1/gp-02-vc1-231.ly'
(search path: `/tmp/tmpk5yx3uwg:/home/user/Documents/Resounding-Libraries/Un musico meccanico - Prehistory AI/python-code:/usr/share/lilypond/2.22.1/ly:/usr/share/lilypond/2.22.1/ps:/usr/share/lilypond/2.22.1/scm:/usr/share/lilypond/2.22.1/fonts/otf/:/usr/share/lilypond/2.22.1/fonts/type1/:/usr/share/lilypond/2.22.1/fonts/svg/:')
    \include 
             "../vc1/gp-02-vc1-231.ly"
/tmp/tmpk5yx3uwg/2024-03-25T14-44-39-379362-e86d21b.ly:25:14: error: cannot find file: `../vc1/gp-02-vc1-192.ly'
(search path: `/tmp/tmpk5yx3uwg:/home/user/Documents/Resounding-Libraries/Un musico meccanico - Prehistory AI/python-code:/usr/share/lilypond/2.22.1/ly:/usr/share/lilypond/2.22.1/ps:/usr/share/lilypond/2.22.1/scm:/usr/share/lilypond/2.22.1/fonts/otf/:/usr/share/lilypond/2.22.1/fonts/type1/:/usr/share/lilypond/2.22.1/fonts/svg/:')
    \include 
             "../vc1/gp-02-vc1-192.ly"
/tmp/tmpk5yx3uwg/2024-03-25T14-44-39-379362-e86d21b.ly:26:14: error: cannot find file: `../vc1/gp-02-vc1-9.ly'
(search path: `/tmp/tmpk5yx3uwg:/home/user/Documents/Resounding-Libraries/Un musico meccanico - Prehistory AI/python-code:/usr/share/lilypond/2.22.1/ly:/usr/share/lilypond/2.22.1/ps:/usr/share/lilypond/2.22.1/scm:/usr/share/lilypond/2.22.1/fonts/otf/:/usr/share/lilypond/2.22.1/fonts/type1/:/usr/share/lilypond/2.22.1/fonts/svg/:')
    \include 
             "../vc1/gp-02-vc1-9.ly"
/tmp/tmpk5yx3uwg/2024-03-25T14-44-39-379362-e86d21b.ly:27:14: error: cannot find file: `../vc1/gp-02-vc1-256.ly'
(search path: `/tmp/tmpk5yx3uwg:/home/user/Documents/Resounding-Libraries/Un musico meccanico - Prehistory AI/python-code:/usr/share/lilypond/2.22.1/ly:/usr/share/lilypond/2.22.1/ps:/usr/share/lilypond/2.22.1/scm:/usr/share/lilypond/2.22.1/fonts/otf/:/usr/share/lilypond/2.22.1/fonts/type1/:/usr/share/lilypond/2.22.1/fonts/svg/:')
    \include 
             "../vc1/gp-02-vc1-256.ly"
/tmp/tmpk5yx3uwg/2024-03-25T14-44-39-379362-e86d21b.ly:28:14: error: cannot find file: `../vc1/gp-02-vc1-62.ly'
(search path: `/tmp/tmpk5yx3uwg:/home/user/Documents/Resounding-Libraries/Un musico meccanico - Prehistory AI/python-code:/usr/share/lilypond/2.22.1/ly:/usr/share/lilypond/2.22.1/ps:/usr/share/lilypond/2.22.1/scm:/usr/share/lilypond/2.22.1/fonts/otf/:/usr/share/lilypond/2.22.1/fonts/type1/:/usr/share/lilypond/2.22.1/fonts/svg/:')
    \include 
             "../vc1/gp-02-vc1-62.ly"
/tmp/tmpk5yx3uwg/2024-03-25T14-44-39-379362-e86d21b.ly:29:14: error: cannot find file: `../vc1/gp-02-vc1-234.ly'
(search path: `/tmp/tmpk5yx3uwg:/home/user/Documents/Resounding-Libraries/Un musico meccanico - Prehistory AI/python-code:/usr/share/lilypond/2.22.1/ly:/usr/share/lilypond/2.22.1/ps:/usr/share/lilypond/2.22.1/scm:/usr/share/lilypond/2.22.1/fonts/otf/:/usr/share/lilypond/2.22.1/fonts/type1/:/usr/share/lilypond/2.22.1/fonts/svg/:')
    \include 
             "../vc1/gp-02-vc1-234.ly"
/tmp/tmpk5yx3uwg/2024-03-25T14-44-39-379362-e86d21b.ly:30:14: error: cannot find file: `../vc1/gp-02-vc1-73.ly'
(search path: `/tmp/tmpk5yx3uwg:/home/user/Documents/Resounding-Libraries/Un musico meccanico - Prehistory AI/python-code:/usr/share/lilypond/2.22.1/ly:/usr/share/lilypond/2.22.1/ps:/usr/share/lilypond/2.22.1/scm:/usr/share/lilypond/2.22.1/fonts/otf/:/usr/share/lilypond/2.22.1/fonts/type1/:/usr/share/lilypond/2.22.1/fonts/svg/:')
    \include 
             "../vc1/gp-02-vc1-73.ly"
/tmp/tmpk5yx3uwg/2024-03-25T14-44-39-379362-e86d21b.ly:31:14: error: cannot find file: `../vc1/gp-02-vc1-41.ly'
(search path: `/tmp/tmpk5yx3uwg:/home/user/Documents/Resounding-Libraries/Un musico meccanico - Prehistory AI/python-code:/usr/share/lilypond/2.22.1/ly:/usr/share/lilypond/2.22.1/ps:/usr/share/lilypond/2.22.1/scm:/usr/share/lilypond/2.22.1/fonts/otf/:/usr/share/lilypond/2.22.1/fonts/type1/:/usr/share/lilypond/2.22.1/fonts/svg/:')
    \include 
             "../vc1/gp-02-vc1-41.ly"
/tmp/tmpk5yx3uwg/2024-03-25T14-44-39-379362-e86d21b.ly:32:14: error: cannot find file: `../vc1/gp-02-vc1-103.ly'
(search path: `/tmp/tmpk5yx3uwg:/home/user/Documents/Resounding-Libraries/Un musico meccanico - Prehistory AI/python-code:/usr/share/lilypond/2.22.1/ly:/usr/share/lilypond/2.22.1/ps:/usr/share/lilypond/2.22.1/scm:/usr/share/lilypond/2.22.1/fonts/otf/:/usr/share/lilypond/2.22.1/fonts/type1/:/usr/share/lilypond/2.22.1/fonts/svg/:')
    \include 
             "../vc1/gp-02-vc1-103.ly"
/tmp/tmpk5yx3uwg/2024-03-25T14-44-39-379362-e86d21b.ly:33:14: error: cannot find file: `../vc1/gp-02-vc1-258.ly'
(search path: `/tmp/tmpk5yx3uwg:/home/user/Documents/Resounding-Libraries/Un musico meccanico - Prehistory AI/python-code:/usr/share/lilypond/2.22.1/ly:/usr/share/lilypond/2.22.1/ps:/usr/share/lilypond/2.22.1/scm:/usr/share/lilypond/2.22.1/fonts/otf/:/usr/share/lilypond/2.22.1/fonts/type1/:/usr/share/lilypond/2.22.1/fonts/svg/:')
    \include 
             "../vc1/gp-02-vc1-258.ly"
/tmp/tmpk5yx3uwg/2024-03-25T14-44-39-379362-e86d21b.ly:34:14: error: cannot find file: `../vc1/gp-02-vc1-72.ly'
(search path: `/tmp/tmpk5yx3uwg:/home/user/Documents/Resounding-Libraries/Un musico meccanico - Prehistory AI/python-code:/usr/share/lilypond/2.22.1/ly:/usr/share/lilypond/2.22.1/ps:/usr/share/lilypond/2.22.1/scm:/usr/share/lilypond/2.22.1/fonts/otf/:/usr/share/lilypond/2.22.1/fonts/type1/:/usr/share/lilypond/2.22.1/fonts/svg/:')
    \include 
             "../vc1/gp-02-vc1-72.ly"
/tmp/tmpk5yx3uwg/2024-03-25T14-44-39-379362-e86d21b.ly:35:14: error: cannot find file: `../vc1/gp-02-vc1-123.ly'
(search path: `/tmp/tmpk5yx3uwg:/home/user/Documents/Resounding-Libraries/Un musico meccanico - Prehistory AI/python-code:/usr/share/lilypond/2.22.1/ly:/usr/share/lilypond/2.22.1/ps:/usr/share/lilypond/2.22.1/scm:/usr/share/lilypond/2.22.1/fonts/otf/:/usr/share/lilypond/2.22.1/fonts/type1/:/usr/share/lilypond/2.22.1/fonts/svg/:')
    \include 
             "../vc1/gp-02-vc1-123.ly"
/tmp/tmpk5yx3uwg/2024-03-25T14-44-39-379362-e86d21b.ly:36:14: error: cannot find file: `../vc1/gp-02-vc1-105.ly'
(search path: `/tmp/tmpk5yx3uwg:/home/user/Documents/Resounding-Libraries/Un musico meccanico - Prehistory AI/python-code:/usr/share/lilypond/2.22.1/ly:/usr/share/lilypond/2.22.1/ps:/usr/share/lilypond/2.22.1/scm:/usr/share/lilypond/2.22.1/fonts/otf/:/usr/share/lilypond/2.22.1/fonts/type1/:/usr/share/lilypond/2.22.1/fonts/svg/:')
    \include 
             "../vc1/gp-02-vc1-105.ly"
/tmp/tmpk5yx3uwg/2024-03-25T14-44-39-379362-e86d21b.ly:37:14: error: cannot find file: `../vc1/gp-02-vc1-22.ly'
(search path: `/tmp/tmpk5yx3uwg:/home/user/Documents/Resounding-Libraries/Un musico meccanico - Prehistory AI/python-code:/usr/share/lilypond/2.22.1/ly:/usr/share/lilypond/2.22.1/ps:/usr/share/lilypond/2.22.1/scm:/usr/share/lilypond/2.22.1/fonts/otf/:/usr/share/lilypond/2.22.1/fonts/type1/:/usr/share/lilypond/2.22.1/fonts/svg/:')
    \include 
             "../vc1/gp-02-vc1-22.ly"
/tmp/tmpk5yx3uwg/2024-03-25T14-44-39-379362-e86d21b.ly:38:14: error: cannot find file: `../vc1/gp-02-vc1-193.ly'
(search path: `/tmp/tmpk5yx3uwg:/home/user/Documents/Resounding-Libraries/Un musico meccanico - Prehistory AI/python-code:/usr/share/lilypond/2.22.1/ly:/usr/share/lilypond/2.22.1/ps:/usr/share/lilypond/2.22.1/scm:/usr/share/lilypond/2.22.1/fonts/otf/:/usr/share/lilypond/2.22.1/fonts/type1/:/usr/share/lilypond/2.22.1/fonts/svg/:')
    \include 
             "../vc1/gp-02-vc1-193.ly"
/tmp/tmpk5yx3uwg/2024-03-25T14-44-39-379362-e86d21b.ly:39:14: error: cannot find file: `../vc1/gp-02-vc1-47.ly'
(search path: `/tmp/tmpk5yx3uwg:/home/user/Documents/Resounding-Libraries/Un musico meccanico - Prehistory AI/python-code:/usr/share/lilypond/2.22.1/ly:/usr/share/lilypond/2.22.1/ps:/usr/share/lilypond/2.22.1/scm:/usr/share/lilypond/2.22.1/fonts/otf/:/usr/share/lilypond/2.22.1/fonts/type1/:/usr/share/lilypond/2.22.1/fonts/svg/:')
    \include 
             "../vc1/gp-02-vc1-47.ly"
/tmp/tmpk5yx3uwg/2024-03-25T14-44-39-379362-e86d21b.ly:46:14: error: cannot find file: `../voice_option.ly'
(search path: `/tmp/tmpk5yx3uwg:/home/user/Documents/Resounding-Libraries/Un musico meccanico - Prehistory AI/python-code:/usr/share/lilypond/2.22.1/ly:/usr/share/lilypond/2.22.1/ps:/usr/share/lilypond/2.22.1/scm:/usr/share/lilypond/2.22.1/fonts/otf/:/usr/share/lilypond/2.22.1/fonts/type1/:/usr/share/lilypond/2.22.1/fonts/svg/:')
    \include 
             "../voice_option.ly"
/tmp/tmpk5yx3uwg/2024-03-25T14-44-39-379362-e86d21b.ly:47:14: error: cannot find file: `../vc2/gp-02-vc2-42.ly'
(search path: `/tmp/tmpk5yx3uwg:/home/user/Documents/Resounding-Libraries/Un musico meccanico - Prehistory AI/python-code:/usr/share/lilypond/2.22.1/ly:/usr/share/lilypond/2.22.1/ps:/usr/share/lilypond/2.22.1/scm:/usr/share/lilypond/2.22.1/fonts/otf/:/usr/share/lilypond/2.22.1/fonts/type1/:/usr/share/lilypond/2.22.1/fonts/svg/:')
    \include 
             "../vc2/gp-02-vc2-42.ly"
/tmp/tmpk5yx3uwg/2024-03-25T14-44-39-379362-e86d21b.ly:48:14: error: cannot find file: `../vc2/gp-02-vc2-10.ly'
(search path: `/tmp/tmpk5yx3uwg:/home/user/Documents/Resounding-Libraries/Un musico meccanico - Prehistory AI/python-code:/usr/share/lilypond/2.22.1/ly:/usr/share/lilypond/2.22.1/ps:/usr/share/lilypond/2.22.1/scm:/usr/share/lilypond/2.22.1/fonts/otf/:/usr/share/lilypond/2.22.1/fonts/type1/:/usr/share/lilypond/2.22.1/fonts/svg/:')
    \include 
             "../vc2/gp-02-vc2-10.ly"
/tmp/tmpk5yx3uwg/2024-03-25T14-44-39-379362-e86d21b.ly:49:14: error: cannot find file: `../vc2/gp-02-vc2-69.ly'
(search path: `/tmp/tmpk5yx3uwg:/home/user/Documents/Resounding-Libraries/Un musico meccanico - Prehistory AI/python-code:/usr/share/lilypond/2.22.1/ly:/usr/share/lilypond/2.22.1/ps:/usr/share/lilypond/2.22.1/scm:/usr/share/lilypond/2.22.1/fonts/otf/:/usr/share/lilypond/2.22.1/fonts/type1/:/usr/share/lilypond/2.22.1/fonts/svg/:')
    \include 
             "../vc2/gp-02-vc2-69.ly"
/tmp/tmpk5yx3uwg/2024-03-25T14-44-39-379362-e86d21b.ly:50:14: error: cannot find file: `../vc2/gp-02-vc2-143.ly'
(search path: `/tmp/tmpk5yx3uwg:/home/user/Documents/Resounding-Libraries/Un musico meccanico - Prehistory AI/python-code:/usr/share/lilypond/2.22.1/ly:/usr/share/lilypond/2.22.1/ps:/usr/share/lilypond/2.22.1/scm:/usr/share/lilypond/2.22.1/fonts/otf/:/usr/share/lilypond/2.22.1/fonts/type1/:/usr/share/lilypond/2.22.1/fonts/svg/:')
    \include 
             "../vc2/gp-02-vc2-143.ly"
/tmp/tmpk5yx3uwg/2024-03-25T14-44-39-379362-e86d21b.ly:51:14: error: cannot find file: `../vc2/gp-02-vc2-204.ly'
(search path: `/tmp/tmpk5yx3uwg:/home/user/Documents/Resounding-Libraries/Un musico meccanico - Prehistory AI/python-code:/usr/share/lilypond/2.22.1/ly:/usr/share/lilypond/2.22.1/ps:/usr/share/lilypond/2.22.1/scm:/usr/share/lilypond/2.22.1/fonts/otf/:/usr/share/lilypond/2.22.1/fonts/type1/:/usr/share/lilypond/2.22.1/fonts/svg/:')
    \include 
             "../vc2/gp-02-vc2-204.ly"
/tmp/tmpk5yx3uwg/2024-03-25T14-44-39-379362-e86d21b.ly:52:14: error: cannot find file: `../vc2/gp-02-vc2-54.ly'
(search path: `/tmp/tmpk5yx3uwg:/home/user/Documents/Resounding-Libraries/Un musico meccanico - Prehistory AI/python-code:/usr/share/lilypond/2.22.1/ly:/usr/share/lilypond/2.22.1/ps:/usr/share/lilypond/2.22.1/scm:/usr/share/lilypond/2.22.1/fonts/otf/:/usr/share/lilypond/2.22.1/fonts/type1/:/usr/share/lilypond/2.22.1/fonts/svg/:')
    \include 
             "../vc2/gp-02-vc2-54.ly"
/tmp/tmpk5yx3uwg/2024-03-25T14-44-39-379362-e86d21b.ly:53:14: error: cannot find file: `../vc2/gp-02-vc2-221.ly'
(search path: `/tmp/tmpk5yx3uwg:/home/user/Documents/Resounding-Libraries/Un musico meccanico - Prehistory AI/python-code:/usr/share/lilypond/2.22.1/ly:/usr/share/lilypond/2.22.1/ps:/usr/share/lilypond/2.22.1/scm:/usr/share/lilypond/2.22.1/fonts/otf/:/usr/share/lilypond/2.22.1/fonts/type1/:/usr/share/lilypond/2.22.1/fonts/svg/:')
    \include 
             "../vc2/gp-02-vc2-221.ly"
/tmp/tmpk5yx3uwg/2024-03-25T14-44-39-379362-e86d21b.ly:54:14: error: cannot find file: `../vc2/gp-02-vc2-92.ly'
(search path: `/tmp/tmpk5yx3uwg:/home/user/Documents/Resounding-Libraries/Un musico meccanico - Prehistory AI/python-code:/usr/share/lilypond/2.22.1/ly:/usr/share/lilypond/2.22.1/ps:/usr/share/lilypond/2.22.1/scm:/usr/share/lilypond/2.22.1/fonts/otf/:/usr/share/lilypond/2.22.1/fonts/type1/:/usr/share/lilypond/2.22.1/fonts/svg/:')
    \include 
             "../vc2/gp-02-vc2-92.ly"
/tmp/tmpk5yx3uwg/2024-03-25T14-44-39-379362-e86d21b.ly:55:14: error: cannot find file: `../vc2/gp-02-vc2-231.ly'
(search path: `/tmp/tmpk5yx3uwg:/home/user/Documents/Resounding-Libraries/Un musico meccanico - Prehistory AI/python-code:/usr/share/lilypond/2.22.1/ly:/usr/share/lilypond/2.22.1/ps:/usr/share/lilypond/2.22.1/scm:/usr/share/lilypond/2.22.1/fonts/otf/:/usr/share/lilypond/2.22.1/fonts/type1/:/usr/share/lilypond/2.22.1/fonts/svg/:')
    \include 
             "../vc2/gp-02-vc2-231.ly"
/tmp/tmpk5yx3uwg/2024-03-25T14-44-39-379362-e86d21b.ly:56:14: error: cannot find file: `../vc2/gp-02-vc2-192.ly'
(search path: `/tmp/tmpk5yx3uwg:/home/user/Documents/Resounding-Libraries/Un musico meccanico - Prehistory AI/python-code:/usr/share/lilypond/2.22.1/ly:/usr/share/lilypond/2.22.1/ps:/usr/share/lilypond/2.22.1/scm:/usr/share/lilypond/2.22.1/fonts/otf/:/usr/share/lilypond/2.22.1/fonts/type1/:/usr/share/lilypond/2.22.1/fonts/svg/:')
    \include 
             "../vc2/gp-02-vc2-192.ly"
/tmp/tmpk5yx3uwg/2024-03-25T14-44-39-379362-e86d21b.ly:57:14: error: cannot find file: `../vc2/gp-02-vc2-9.ly'
(search path: `/tmp/tmpk5yx3uwg:/home/user/Documents/Resounding-Libraries/Un musico meccanico - Prehistory AI/python-code:/usr/share/lilypond/2.22.1/ly:/usr/share/lilypond/2.22.1/ps:/usr/share/lilypond/2.22.1/scm:/usr/share/lilypond/2.22.1/fonts/otf/:/usr/share/lilypond/2.22.1/fonts/type1/:/usr/share/lilypond/2.22.1/fonts/svg/:')
    \include 
             "../vc2/gp-02-vc2-9.ly"
/tmp/tmpk5yx3uwg/2024-03-25T14-44-39-379362-e86d21b.ly:58:14: error: cannot find file: `../vc2/gp-02-vc2-256.ly'
(search path: `/tmp/tmpk5yx3uwg:/home/user/Documents/Resounding-Libraries/Un musico meccanico - Prehistory AI/python-code:/usr/share/lilypond/2.22.1/ly:/usr/share/lilypond/2.22.1/ps:/usr/share/lilypond/2.22.1/scm:/usr/share/lilypond/2.22.1/fonts/otf/:/usr/share/lilypond/2.22.1/fonts/type1/:/usr/share/lilypond/2.22.1/fonts/svg/:')
    \include 
             "../vc2/gp-02-vc2-256.ly"
/tmp/tmpk5yx3uwg/2024-03-25T14-44-39-379362-e86d21b.ly:59:14: error: cannot find file: `../vc2/gp-02-vc2-62.ly'
(search path: `/tmp/tmpk5yx3uwg:/home/user/Documents/Resounding-Libraries/Un musico meccanico - Prehistory AI/python-code:/usr/share/lilypond/2.22.1/ly:/usr/share/lilypond/2.22.1/ps:/usr/share/lilypond/2.22.1/scm:/usr/share/lilypond/2.22.1/fonts/otf/:/usr/share/lilypond/2.22.1/fonts/type1/:/usr/share/lilypond/2.22.1/fonts/svg/:')
    \include 
             "../vc2/gp-02-vc2-62.ly"
/tmp/tmpk5yx3uwg/2024-03-25T14-44-39-379362-e86d21b.ly:60:14: error: cannot find file: `../vc2/gp-02-vc2-234.ly'
(search path: `/tmp/tmpk5yx3uwg:/home/user/Documents/Resounding-Libraries/Un musico meccanico - Prehistory AI/python-code:/usr/share/lilypond/2.22.1/ly:/usr/share/lilypond/2.22.1/ps:/usr/share/lilypond/2.22.1/scm:/usr/share/lilypond/2.22.1/fonts/otf/:/usr/share/lilypond/2.22.1/fonts/type1/:/usr/share/lilypond/2.22.1/fonts/svg/:')
    \include 
             "../vc2/gp-02-vc2-234.ly"
/tmp/tmpk5yx3uwg/2024-03-25T14-44-39-379362-e86d21b.ly:61:14: error: cannot find file: `../vc2/gp-02-vc2-73.ly'
(search path: `/tmp/tmpk5yx3uwg:/home/user/Documents/Resounding-Libraries/Un musico meccanico - Prehistory AI/python-code:/usr/share/lilypond/2.22.1/ly:/usr/share/lilypond/2.22.1/ps:/usr/share/lilypond/2.22.1/scm:/usr/share/lilypond/2.22.1/fonts/otf/:/usr/share/lilypond/2.22.1/fonts/type1/:/usr/share/lilypond/2.22.1/fonts/svg/:')
    \include 
             "../vc2/gp-02-vc2-73.ly"
/tmp/tmpk5yx3uwg/2024-03-25T14-44-39-379362-e86d21b.ly:62:14: error: cannot find file: `../vc2/gp-02-vc2-41.ly'
(search path: `/tmp/tmpk5yx3uwg:/home/user/Documents/Resounding-Libraries/Un musico meccanico - Prehistory AI/python-code:/usr/share/lilypond/2.22.1/ly:/usr/share/lilypond/2.22.1/ps:/usr/share/lilypond/2.22.1/scm:/usr/share/lilypond/2.22.1/fonts/otf/:/usr/share/lilypond/2.22.1/fonts/type1/:/usr/share/lilypond/2.22.1/fonts/svg/:')
    \include 
             "../vc2/gp-02-vc2-41.ly"
/tmp/tmpk5yx3uwg/2024-03-25T14-44-39-379362-e86d21b.ly:63:14: error: cannot find file: `../vc2/gp-02-vc2-103.ly'
(search path: `/tmp/tmpk5yx3uwg:/home/user/Documents/Resounding-Libraries/Un musico meccanico - Prehistory AI/python-code:/usr/share/lilypond/2.22.1/ly:/usr/share/lilypond/2.22.1/ps:/usr/share/lilypond/2.22.1/scm:/usr/share/lilypond/2.22.1/fonts/otf/:/usr/share/lilypond/2.22.1/fonts/type1/:/usr/share/lilypond/2.22.1/fonts/svg/:')
    \include 
             "../vc2/gp-02-vc2-103.ly"
/tmp/tmpk5yx3uwg/2024-03-25T14-44-39-379362-e86d21b.ly:64:14: error: cannot find file: `../vc2/gp-02-vc2-258.ly'
(search path: `/tmp/tmpk5yx3uwg:/home/user/Documents/Resounding-Libraries/Un musico meccanico - Prehistory AI/python-code:/usr/share/lilypond/2.22.1/ly:/usr/share/lilypond/2.22.1/ps:/usr/share/lilypond/2.22.1/scm:/usr/share/lilypond/2.22.1/fonts/otf/:/usr/share/lilypond/2.22.1/fonts/type1/:/usr/share/lilypond/2.22.1/fonts/svg/:')
    \include 
             "../vc2/gp-02-vc2-258.ly"
/tmp/tmpk5yx3uwg/2024-03-25T14-44-39-379362-e86d21b.ly:65:14: error: cannot find file: `../vc2/gp-02-vc2-72.ly'
(search path: `/tmp/tmpk5yx3uwg:/home/user/Documents/Resounding-Libraries/Un musico meccanico - Prehistory AI/python-code:/usr/share/lilypond/2.22.1/ly:/usr/share/lilypond/2.22.1/ps:/usr/share/lilypond/2.22.1/scm:/usr/share/lilypond/2.22.1/fonts/otf/:/usr/share/lilypond/2.22.1/fonts/type1/:/usr/share/lilypond/2.22.1/fonts/svg/:')
    \include 
             "../vc2/gp-02-vc2-72.ly"
/tmp/tmpk5yx3uwg/2024-03-25T14-44-39-379362-e86d21b.ly:66:14: error: cannot find file: `../vc2/gp-02-vc2-123.ly'
(search path: `/tmp/tmpk5yx3uwg:/home/user/Documents/Resounding-Libraries/Un musico meccanico - Prehistory AI/python-code:/usr/share/lilypond/2.22.1/ly:/usr/share/lilypond/2.22.1/ps:/usr/share/lilypond/2.22.1/scm:/usr/share/lilypond/2.22.1/fonts/otf/:/usr/share/lilypond/2.22.1/fonts/type1/:/usr/share/lilypond/2.22.1/fonts/svg/:')
    \include 
             "../vc2/gp-02-vc2-123.ly"
/tmp/tmpk5yx3uwg/2024-03-25T14-44-39-379362-e86d21b.ly:67:14: error: cannot find file: `../vc2/gp-02-vc2-105.ly'
(search path: `/tmp/tmpk5yx3uwg:/home/user/Documents/Resounding-Libraries/Un musico meccanico - Prehistory AI/python-code:/usr/share/lilypond/2.22.1/ly:/usr/share/lilypond/2.22.1/ps:/usr/share/lilypond/2.22.1/scm:/usr/share/lilypond/2.22.1/fonts/otf/:/usr/share/lilypond/2.22.1/fonts/type1/:/usr/share/lilypond/2.22.1/fonts/svg/:')
    \include 
             "../vc2/gp-02-vc2-105.ly"
/tmp/tmpk5yx3uwg/2024-03-25T14-44-39-379362-e86d21b.ly:68:14: error: cannot find file: `../vc2/gp-02-vc2-22.ly'
(search path: `/tmp/tmpk5yx3uwg:/home/user/Documents/Resounding-Libraries/Un musico meccanico - Prehistory AI/python-code:/usr/share/lilypond/2.22.1/ly:/usr/share/lilypond/2.22.1/ps:/usr/share/lilypond/2.22.1/scm:/usr/share/lilypond/2.22.1/fonts/otf/:/usr/share/lilypond/2.22.1/fonts/type1/:/usr/share/lilypond/2.22.1/fonts/svg/:')
    \include 
             "../vc2/gp-02-vc2-22.ly"
/tmp/tmpk5yx3uwg/2024-03-25T14-44-39-379362-e86d21b.ly:69:14: error: cannot find file: `../vc2/gp-02-vc2-193.ly'
(search path: `/tmp/tmpk5yx3uwg:/home/user/Documents/Resounding-Libraries/Un musico meccanico - Prehistory AI/python-code:/usr/share/lilypond/2.22.1/ly:/usr/share/lilypond/2.22.1/ps:/usr/share/lilypond/2.22.1/scm:/usr/share/lilypond/2.22.1/fonts/otf/:/usr/share/lilypond/2.22.1/fonts/type1/:/usr/share/lilypond/2.22.1/fonts/svg/:')
    \include 
             "../vc2/gp-02-vc2-193.ly"
/tmp/tmpk5yx3uwg/2024-03-25T14-44-39-379362-e86d21b.ly:70:14: error: cannot find file: `../vc2/gp-02-vc2-47.ly'
(search path: `/tmp/tmpk5yx3uwg:/home/user/Documents/Resounding-Libraries/Un musico meccanico - Prehistory AI/python-code:/usr/share/lilypond/2.22.1/ly:/usr/share/lilypond/2.22.1/ps:/usr/share/lilypond/2.22.1/scm:/usr/share/lilypond/2.22.1/fonts/otf/:/usr/share/lilypond/2.22.1/fonts/type1/:/usr/share/lilypond/2.22.1/fonts/svg/:')
    \include 
             "../vc2/gp-02-vc2-47.ly"
/tmp/tmpk5yx3uwg/2024-03-25T14-44-39-379362-e86d21b.ly:78:14: error: cannot find file: `../voice_option.ly'
(search path: `/tmp/tmpk5yx3uwg:/home/user/Documents/Resounding-Libraries/Un musico meccanico - Prehistory AI/python-code:/usr/share/lilypond/2.22.1/ly:/usr/share/lilypond/2.22.1/ps:/usr/share/lilypond/2.22.1/scm:/usr/share/lilypond/2.22.1/fonts/otf/:/usr/share/lilypond/2.22.1/fonts/type1/:/usr/share/lilypond/2.22.1/fonts/svg/:')
    \include 
             "../voice_option.ly"
/tmp/tmpk5yx3uwg/2024-03-25T14-44-39-379362-e86d21b.ly:79:14: error: cannot find file: `../rh/gp-02-rh-42.ly'
(search path: `/tmp/tmpk5yx3uwg:/home/user/Documents/Resounding-Libraries/Un musico meccanico - Prehistory AI/python-code:/usr/share/lilypond/2.22.1/ly:/usr/share/lilypond/2.22.1/ps:/usr/share/lilypond/2.22.1/scm:/usr/share/lilypond/2.22.1/fonts/otf/:/usr/share/lilypond/2.22.1/fonts/type1/:/usr/share/lilypond/2.22.1/fonts/svg/:')
    \include 
             "../rh/gp-02-rh-42.ly"
/tmp/tmpk5yx3uwg/2024-03-25T14-44-39-379362-e86d21b.ly:80:14: error: cannot find file: `../rh/gp-02-rh-10.ly'
(search path: `/tmp/tmpk5yx3uwg:/home/user/Documents/Resounding-Libraries/Un musico meccanico - Prehistory AI/python-code:/usr/share/lilypond/2.22.1/ly:/usr/share/lilypond/2.22.1/ps:/usr/share/lilypond/2.22.1/scm:/usr/share/lilypond/2.22.1/fonts/otf/:/usr/share/lilypond/2.22.1/fonts/type1/:/usr/share/lilypond/2.22.1/fonts/svg/:')
    \include 
             "../rh/gp-02-rh-10.ly"
/tmp/tmpk5yx3uwg/2024-03-25T14-44-39-379362-e86d21b.ly:81:14: error: cannot find file: `../rh/gp-02-rh-69.ly'
(search path: `/tmp/tmpk5yx3uwg:/home/user/Documents/Resounding-Libraries/Un musico meccanico - Prehistory AI/python-code:/usr/share/lilypond/2.22.1/ly:/usr/share/lilypond/2.22.1/ps:/usr/share/lilypond/2.22.1/scm:/usr/share/lilypond/2.22.1/fonts/otf/:/usr/share/lilypond/2.22.1/fonts/type1/:/usr/share/lilypond/2.22.1/fonts/svg/:')
    \include 
             "../rh/gp-02-rh-69.ly"
/tmp/tmpk5yx3uwg/2024-03-25T14-44-39-379362-e86d21b.ly:82:14: error: cannot find file: `../rh/gp-02-rh-143.ly'
(search path: `/tmp/tmpk5yx3uwg:/home/user/Documents/Resounding-Libraries/Un musico meccanico - Prehistory AI/python-code:/usr/share/lilypond/2.22.1/ly:/usr/share/lilypond/2.22.1/ps:/usr/share/lilypond/2.22.1/scm:/usr/share/lilypond/2.22.1/fonts/otf/:/usr/share/lilypond/2.22.1/fonts/type1/:/usr/share/lilypond/2.22.1/fonts/svg/:')
    \include 
             "../rh/gp-02-rh-143.ly"
/tmp/tmpk5yx3uwg/2024-03-25T14-44-39-379362-e86d21b.ly:83:14: error: cannot find file: `../rh/gp-02-rh-204.ly'
(search path: `/tmp/tmpk5yx3uwg:/home/user/Documents/Resounding-Libraries/Un musico meccanico - Prehistory AI/python-code:/usr/share/lilypond/2.22.1/ly:/usr/share/lilypond/2.22.1/ps:/usr/share/lilypond/2.22.1/scm:/usr/share/lilypond/2.22.1/fonts/otf/:/usr/share/lilypond/2.22.1/fonts/type1/:/usr/share/lilypond/2.22.1/fonts/svg/:')
    \include 
             "../rh/gp-02-rh-204.ly"
/tmp/tmpk5yx3uwg/2024-03-25T14-44-39-379362-e86d21b.ly:84:14: error: cannot find file: `../rh/gp-02-rh-54.ly'
(search path: `/tmp/tmpk5yx3uwg:/home/user/Documents/Resounding-Libraries/Un musico meccanico - Prehistory AI/python-code:/usr/share/lilypond/2.22.1/ly:/usr/share/lilypond/2.22.1/ps:/usr/share/lilypond/2.22.1/scm:/usr/share/lilypond/2.22.1/fonts/otf/:/usr/share/lilypond/2.22.1/fonts/type1/:/usr/share/lilypond/2.22.1/fonts/svg/:')
    \include 
             "../rh/gp-02-rh-54.ly"
/tmp/tmpk5yx3uwg/2024-03-25T14-44-39-379362-e86d21b.ly:85:14: error: cannot find file: `../rh/gp-02-rh-221.ly'
(search path: `/tmp/tmpk5yx3uwg:/home/user/Documents/Resounding-Libraries/Un musico meccanico - Prehistory AI/python-code:/usr/share/lilypond/2.22.1/ly:/usr/share/lilypond/2.22.1/ps:/usr/share/lilypond/2.22.1/scm:/usr/share/lilypond/2.22.1/fonts/otf/:/usr/share/lilypond/2.22.1/fonts/type1/:/usr/share/lilypond/2.22.1/fonts/svg/:')
    \include 
             "../rh/gp-02-rh-221.ly"
/tmp/tmpk5yx3uwg/2024-03-25T14-44-39-379362-e86d21b.ly:86:14: error: cannot find file: `../rh/gp-02-rh-92.ly'
(search path: `/tmp/tmpk5yx3uwg:/home/user/Documents/Resounding-Libraries/Un musico meccanico - Prehistory AI/python-code:/usr/share/lilypond/2.22.1/ly:/usr/share/lilypond/2.22.1/ps:/usr/share/lilypond/2.22.1/scm:/usr/share/lilypond/2.22.1/fonts/otf/:/usr/share/lilypond/2.22.1/fonts/type1/:/usr/share/lilypond/2.22.1/fonts/svg/:')
    \include 
             "../rh/gp-02-rh-92.ly"
/tmp/tmpk5yx3uwg/2024-03-25T14-44-39-379362-e86d21b.ly:87:14: error: cannot find file: `../rh/gp-02-rh-231.ly'
(search path: `/tmp/tmpk5yx3uwg:/home/user/Documents/Resounding-Libraries/Un musico meccanico - Prehistory AI/python-code:/usr/share/lilypond/2.22.1/ly:/usr/share/lilypond/2.22.1/ps:/usr/share/lilypond/2.22.1/scm:/usr/share/lilypond/2.22.1/fonts/otf/:/usr/share/lilypond/2.22.1/fonts/type1/:/usr/share/lilypond/2.22.1/fonts/svg/:')
    \include 
             "../rh/gp-02-rh-231.ly"
/tmp/tmpk5yx3uwg/2024-03-25T14-44-39-379362-e86d21b.ly:88:14: error: cannot find file: `../rh/gp-02-rh-192.ly'
(search path: `/tmp/tmpk5yx3uwg:/home/user/Documents/Resounding-Libraries/Un musico meccanico - Prehistory AI/python-code:/usr/share/lilypond/2.22.1/ly:/usr/share/lilypond/2.22.1/ps:/usr/share/lilypond/2.22.1/scm:/usr/share/lilypond/2.22.1/fonts/otf/:/usr/share/lilypond/2.22.1/fonts/type1/:/usr/share/lilypond/2.22.1/fonts/svg/:')
    \include 
             "../rh/gp-02-rh-192.ly"
/tmp/tmpk5yx3uwg/2024-03-25T14-44-39-379362-e86d21b.ly:89:14: error: cannot find file: `../rh/gp-02-rh-9.ly'
(search path: `/tmp/tmpk5yx3uwg:/home/user/Documents/Resounding-Libraries/Un musico meccanico - Prehistory AI/python-code:/usr/share/lilypond/2.22.1/ly:/usr/share/lilypond/2.22.1/ps:/usr/share/lilypond/2.22.1/scm:/usr/share/lilypond/2.22.1/fonts/otf/:/usr/share/lilypond/2.22.1/fonts/type1/:/usr/share/lilypond/2.22.1/fonts/svg/:')
    \include 
             "../rh/gp-02-rh-9.ly"
/tmp/tmpk5yx3uwg/2024-03-25T14-44-39-379362-e86d21b.ly:90:14: error: cannot find file: `../rh/gp-02-rh-256.ly'
(search path: `/tmp/tmpk5yx3uwg:/home/user/Documents/Resounding-Libraries/Un musico meccanico - Prehistory AI/python-code:/usr/share/lilypond/2.22.1/ly:/usr/share/lilypond/2.22.1/ps:/usr/share/lilypond/2.22.1/scm:/usr/share/lilypond/2.22.1/fonts/otf/:/usr/share/lilypond/2.22.1/fonts/type1/:/usr/share/lilypond/2.22.1/fonts/svg/:')
    \include 
             "../rh/gp-02-rh-256.ly"
/tmp/tmpk5yx3uwg/2024-03-25T14-44-39-379362-e86d21b.ly:91:14: error: cannot find file: `../rh/gp-02-rh-62.ly'
(search path: `/tmp/tmpk5yx3uwg:/home/user/Documents/Resounding-Libraries/Un musico meccanico - Prehistory AI/python-code:/usr/share/lilypond/2.22.1/ly:/usr/share/lilypond/2.22.1/ps:/usr/share/lilypond/2.22.1/scm:/usr/share/lilypond/2.22.1/fonts/otf/:/usr/share/lilypond/2.22.1/fonts/type1/:/usr/share/lilypond/2.22.1/fonts/svg/:')
    \include 
             "../rh/gp-02-rh-62.ly"
/tmp/tmpk5yx3uwg/2024-03-25T14-44-39-379362-e86d21b.ly:92:14: error: cannot find file: `../rh/gp-02-rh-234.ly'
(search path: `/tmp/tmpk5yx3uwg:/home/user/Documents/Resounding-Libraries/Un musico meccanico - Prehistory AI/python-code:/usr/share/lilypond/2.22.1/ly:/usr/share/lilypond/2.22.1/ps:/usr/share/lilypond/2.22.1/scm:/usr/share/lilypond/2.22.1/fonts/otf/:/usr/share/lilypond/2.22.1/fonts/type1/:/usr/share/lilypond/2.22.1/fonts/svg/:')
    \include 
             "../rh/gp-02-rh-234.ly"
/tmp/tmpk5yx3uwg/2024-03-25T14-44-39-379362-e86d21b.ly:93:14: error: cannot find file: `../rh/gp-02-rh-73.ly'
(search path: `/tmp/tmpk5yx3uwg:/home/user/Documents/Resounding-Libraries/Un musico meccanico - Prehistory AI/python-code:/usr/share/lilypond/2.22.1/ly:/usr/share/lilypond/2.22.1/ps:/usr/share/lilypond/2.22.1/scm:/usr/share/lilypond/2.22.1/fonts/otf/:/usr/share/lilypond/2.22.1/fonts/type1/:/usr/share/lilypond/2.22.1/fonts/svg/:')
    \include 
             "../rh/gp-02-rh-73.ly"
/tmp/tmpk5yx3uwg/2024-03-25T14-44-39-379362-e86d21b.ly:94:14: error: cannot find file: `../rh/gp-02-rh-41.ly'
(search path: `/tmp/tmpk5yx3uwg:/home/user/Documents/Resounding-Libraries/Un musico meccanico - Prehistory AI/python-code:/usr/share/lilypond/2.22.1/ly:/usr/share/lilypond/2.22.1/ps:/usr/share/lilypond/2.22.1/scm:/usr/share/lilypond/2.22.1/fonts/otf/:/usr/share/lilypond/2.22.1/fonts/type1/:/usr/share/lilypond/2.22.1/fonts/svg/:')
    \include 
             "../rh/gp-02-rh-41.ly"
/tmp/tmpk5yx3uwg/2024-03-25T14-44-39-379362-e86d21b.ly:95:14: error: cannot find file: `../rh/gp-02-rh-103.ly'
(search path: `/tmp/tmpk5yx3uwg:/home/user/Documents/Resounding-Libraries/Un musico meccanico - Prehistory AI/python-code:/usr/share/lilypond/2.22.1/ly:/usr/share/lilypond/2.22.1/ps:/usr/share/lilypond/2.22.1/scm:/usr/share/lilypond/2.22.1/fonts/otf/:/usr/share/lilypond/2.22.1/fonts/type1/:/usr/share/lilypond/2.22.1/fonts/svg/:')
    \include 
             "../rh/gp-02-rh-103.ly"
/tmp/tmpk5yx3uwg/2024-03-25T14-44-39-379362-e86d21b.ly:96:14: error: cannot find file: `../rh/gp-02-rh-258.ly'
(search path: `/tmp/tmpk5yx3uwg:/home/user/Documents/Resounding-Libraries/Un musico meccanico - Prehistory AI/python-code:/usr/share/lilypond/2.22.1/ly:/usr/share/lilypond/2.22.1/ps:/usr/share/lilypond/2.22.1/scm:/usr/share/lilypond/2.22.1/fonts/otf/:/usr/share/lilypond/2.22.1/fonts/type1/:/usr/share/lilypond/2.22.1/fonts/svg/:')
    \include 
             "../rh/gp-02-rh-258.ly"
/tmp/tmpk5yx3uwg/2024-03-25T14-44-39-379362-e86d21b.ly:97:14: error: cannot find file: `../rh/gp-02-rh-72.ly'
(search path: `/tmp/tmpk5yx3uwg:/home/user/Documents/Resounding-Libraries/Un musico meccanico - Prehistory AI/python-code:/usr/share/lilypond/2.22.1/ly:/usr/share/lilypond/2.22.1/ps:/usr/share/lilypond/2.22.1/scm:/usr/share/lilypond/2.22.1/fonts/otf/:/usr/share/lilypond/2.22.1/fonts/type1/:/usr/share/lilypond/2.22.1/fonts/svg/:')
    \include 
             "../rh/gp-02-rh-72.ly"
/tmp/tmpk5yx3uwg/2024-03-25T14-44-39-379362-e86d21b.ly:98:14: error: cannot find file: `../rh/gp-02-rh-123.ly'
(search path: `/tmp/tmpk5yx3uwg:/home/user/Documents/Resounding-Libraries/Un musico meccanico - Prehistory AI/python-code:/usr/share/lilypond/2.22.1/ly:/usr/share/lilypond/2.22.1/ps:/usr/share/lilypond/2.22.1/scm:/usr/share/lilypond/2.22.1/fonts/otf/:/usr/share/lilypond/2.22.1/fonts/type1/:/usr/share/lilypond/2.22.1/fonts/svg/:')
    \include 
             "../rh/gp-02-rh-123.ly"
/tmp/tmpk5yx3uwg/2024-03-25T14-44-39-379362-e86d21b.ly:99:14: error: cannot find file: `../rh/gp-02-rh-105.ly'
(search path: `/tmp/tmpk5yx3uwg:/home/user/Documents/Resounding-Libraries/Un musico meccanico - Prehistory AI/python-code:/usr/share/lilypond/2.22.1/ly:/usr/share/lilypond/2.22.1/ps:/usr/share/lilypond/2.22.1/scm:/usr/share/lilypond/2.22.1/fonts/otf/:/usr/share/lilypond/2.22.1/fonts/type1/:/usr/share/lilypond/2.22.1/fonts/svg/:')
    \include 
             "../rh/gp-02-rh-105.ly"
/tmp/tmpk5yx3uwg/2024-03-25T14-44-39-379362-e86d21b.ly:100:14: error: cannot find file: `../rh/gp-02-rh-22.ly'
(search path: `/tmp/tmpk5yx3uwg:/home/user/Documents/Resounding-Libraries/Un musico meccanico - Prehistory AI/python-code:/usr/share/lilypond/2.22.1/ly:/usr/share/lilypond/2.22.1/ps:/usr/share/lilypond/2.22.1/scm:/usr/share/lilypond/2.22.1/fonts/otf/:/usr/share/lilypond/2.22.1/fonts/type1/:/usr/share/lilypond/2.22.1/fonts/svg/:')
    \include 
             "../rh/gp-02-rh-22.ly"
/tmp/tmpk5yx3uwg/2024-03-25T14-44-39-379362-e86d21b.ly:101:14: error: cannot find file: `../rh/gp-02-rh-193.ly'
(search path: `/tmp/tmpk5yx3uwg:/home/user/Documents/Resounding-Libraries/Un musico meccanico - Prehistory AI/python-code:/usr/share/lilypond/2.22.1/ly:/usr/share/lilypond/2.22.1/ps:/usr/share/lilypond/2.22.1/scm:/usr/share/lilypond/2.22.1/fonts/otf/:/usr/share/lilypond/2.22.1/fonts/type1/:/usr/share/lilypond/2.22.1/fonts/svg/:')
    \include 
             "../rh/gp-02-rh-193.ly"
/tmp/tmpk5yx3uwg/2024-03-25T14-44-39-379362-e86d21b.ly:102:14: error: cannot find file: `../rh/gp-02-rh-47.ly'
(search path: `/tmp/tmpk5yx3uwg:/home/user/Documents/Resounding-Libraries/Un musico meccanico - Prehistory AI/python-code:/usr/share/lilypond/2.22.1/ly:/usr/share/lilypond/2.22.1/ps:/usr/share/lilypond/2.22.1/scm:/usr/share/lilypond/2.22.1/fonts/otf/:/usr/share/lilypond/2.22.1/fonts/type1/:/usr/share/lilypond/2.22.1/fonts/svg/:')
    \include 
             "../rh/gp-02-rh-47.ly"
/tmp/tmpk5yx3uwg/2024-03-25T14-44-39-379362-e86d21b.ly:105:14: error: cannot find file: `../bassline_option.ly'
(search path: `/tmp/tmpk5yx3uwg:/home/user/Documents/Resounding-Libraries/Un musico meccanico - Prehistory AI/python-code:/usr/share/lilypond/2.22.1/ly:/usr/share/lilypond/2.22.1/ps:/usr/share/lilypond/2.22.1/scm:/usr/share/lilypond/2.22.1/fonts/otf/:/usr/share/lilypond/2.22.1/fonts/type1/:/usr/share/lilypond/2.22.1/fonts/svg/:')
    \include 
             "../bassline_option.ly"
/tmp/tmpk5yx3uwg/2024-03-25T14-44-39-379362-e86d21b.ly:106:14: error: cannot find file: `../lh/gp-02-lh-42.ly'
(search path: `/tmp/tmpk5yx3uwg:/home/user/Documents/Resounding-Libraries/Un musico meccanico - Prehistory AI/python-code:/usr/share/lilypond/2.22.1/ly:/usr/share/lilypond/2.22.1/ps:/usr/share/lilypond/2.22.1/scm:/usr/share/lilypond/2.22.1/fonts/otf/:/usr/share/lilypond/2.22.1/fonts/type1/:/usr/share/lilypond/2.22.1/fonts/svg/:')
    \include 
             "../lh/gp-02-lh-42.ly"
/tmp/tmpk5yx3uwg/2024-03-25T14-44-39-379362-e86d21b.ly:107:14: error: cannot find file: `../lh/gp-02-lh-10.ly'
(search path: `/tmp/tmpk5yx3uwg:/home/user/Documents/Resounding-Libraries/Un musico meccanico - Prehistory AI/python-code:/usr/share/lilypond/2.22.1/ly:/usr/share/lilypond/2.22.1/ps:/usr/share/lilypond/2.22.1/scm:/usr/share/lilypond/2.22.1/fonts/otf/:/usr/share/lilypond/2.22.1/fonts/type1/:/usr/share/lilypond/2.22.1/fonts/svg/:')
    \include 
             "../lh/gp-02-lh-10.ly"
/tmp/tmpk5yx3uwg/2024-03-25T14-44-39-379362-e86d21b.ly:108:14: error: cannot find file: `../lh/gp-02-lh-69.ly'
(search path: `/tmp/tmpk5yx3uwg:/home/user/Documents/Resounding-Libraries/Un musico meccanico - Prehistory AI/python-code:/usr/share/lilypond/2.22.1/ly:/usr/share/lilypond/2.22.1/ps:/usr/share/lilypond/2.22.1/scm:/usr/share/lilypond/2.22.1/fonts/otf/:/usr/share/lilypond/2.22.1/fonts/type1/:/usr/share/lilypond/2.22.1/fonts/svg/:')
    \include 
             "../lh/gp-02-lh-69.ly"
/tmp/tmpk5yx3uwg/2024-03-25T14-44-39-379362-e86d21b.ly:109:14: error: cannot find file: `../lh/gp-02-lh-143.ly'
(search path: `/tmp/tmpk5yx3uwg:/home/user/Documents/Resounding-Libraries/Un musico meccanico - Prehistory AI/python-code:/usr/share/lilypond/2.22.1/ly:/usr/share/lilypond/2.22.1/ps:/usr/share/lilypond/2.22.1/scm:/usr/share/lilypond/2.22.1/fonts/otf/:/usr/share/lilypond/2.22.1/fonts/type1/:/usr/share/lilypond/2.22.1/fonts/svg/:')
    \include 
             "../lh/gp-02-lh-143.ly"
/tmp/tmpk5yx3uwg/2024-03-25T14-44-39-379362-e86d21b.ly:110:14: error: cannot find file: `../lh/gp-02-lh-204.ly'
(search path: `/tmp/tmpk5yx3uwg:/home/user/Documents/Resounding-Libraries/Un musico meccanico - Prehistory AI/python-code:/usr/share/lilypond/2.22.1/ly:/usr/share/lilypond/2.22.1/ps:/usr/share/lilypond/2.22.1/scm:/usr/share/lilypond/2.22.1/fonts/otf/:/usr/share/lilypond/2.22.1/fonts/type1/:/usr/share/lilypond/2.22.1/fonts/svg/:')
    \include 
             "../lh/gp-02-lh-204.ly"
/tmp/tmpk5yx3uwg/2024-03-25T14-44-39-379362-e86d21b.ly:111:14: error: cannot find file: `../lh/gp-02-lh-54.ly'
(search path: `/tmp/tmpk5yx3uwg:/home/user/Documents/Resounding-Libraries/Un musico meccanico - Prehistory AI/python-code:/usr/share/lilypond/2.22.1/ly:/usr/share/lilypond/2.22.1/ps:/usr/share/lilypond/2.22.1/scm:/usr/share/lilypond/2.22.1/fonts/otf/:/usr/share/lilypond/2.22.1/fonts/type1/:/usr/share/lilypond/2.22.1/fonts/svg/:')
    \include 
             "../lh/gp-02-lh-54.ly"
/tmp/tmpk5yx3uwg/2024-03-25T14-44-39-379362-e86d21b.ly:112:14: error: cannot find file: `../lh/gp-02-lh-221.ly'
(search path: `/tmp/tmpk5yx3uwg:/home/user/Documents/Resounding-Libraries/Un musico meccanico - Prehistory AI/python-code:/usr/share/lilypond/2.22.1/ly:/usr/share/lilypond/2.22.1/ps:/usr/share/lilypond/2.22.1/scm:/usr/share/lilypond/2.22.1/fonts/otf/:/usr/share/lilypond/2.22.1/fonts/type1/:/usr/share/lilypond/2.22.1/fonts/svg/:')
    \include 
             "../lh/gp-02-lh-221.ly"
/tmp/tmpk5yx3uwg/2024-03-25T14-44-39-379362-e86d21b.ly:113:14: error: cannot find file: `../lh/gp-02-lh-92.ly'
(search path: `/tmp/tmpk5yx3uwg:/home/user/Documents/Resounding-Libraries/Un musico meccanico - Prehistory AI/python-code:/usr/share/lilypond/2.22.1/ly:/usr/share/lilypond/2.22.1/ps:/usr/share/lilypond/2.22.1/scm:/usr/share/lilypond/2.22.1/fonts/otf/:/usr/share/lilypond/2.22.1/fonts/type1/:/usr/share/lilypond/2.22.1/fonts/svg/:')
    \include 
             "../lh/gp-02-lh-92.ly"
/tmp/tmpk5yx3uwg/2024-03-25T14-44-39-379362-e86d21b.ly:114:14: error: cannot find file: `../lh/gp-02-lh-231.ly'
(search path: `/tmp/tmpk5yx3uwg:/home/user/Documents/Resounding-Libraries/Un musico meccanico - Prehistory AI/python-code:/usr/share/lilypond/2.22.1/ly:/usr/share/lilypond/2.22.1/ps:/usr/share/lilypond/2.22.1/scm:/usr/share/lilypond/2.22.1/fonts/otf/:/usr/share/lilypond/2.22.1/fonts/type1/:/usr/share/lilypond/2.22.1/fonts/svg/:')
    \include 
             "../lh/gp-02-lh-231.ly"
/tmp/tmpk5yx3uwg/2024-03-25T14-44-39-379362-e86d21b.ly:115:14: error: cannot find file: `../lh/gp-02-lh-192.ly'
(search path: `/tmp/tmpk5yx3uwg:/home/user/Documents/Resounding-Libraries/Un musico meccanico - Prehistory AI/python-code:/usr/share/lilypond/2.22.1/ly:/usr/share/lilypond/2.22.1/ps:/usr/share/lilypond/2.22.1/scm:/usr/share/lilypond/2.22.1/fonts/otf/:/usr/share/lilypond/2.22.1/fonts/type1/:/usr/share/lilypond/2.22.1/fonts/svg/:')
    \include 
             "../lh/gp-02-lh-192.ly"
/tmp/tmpk5yx3uwg/2024-03-25T14-44-39-379362-e86d21b.ly:116:14: error: cannot find file: `../lh/gp-02-lh-9.ly'
(search path: `/tmp/tmpk5yx3uwg:/home/user/Documents/Resounding-Libraries/Un musico meccanico - Prehistory AI/python-code:/usr/share/lilypond/2.22.1/ly:/usr/share/lilypond/2.22.1/ps:/usr/share/lilypond/2.22.1/scm:/usr/share/lilypond/2.22.1/fonts/otf/:/usr/share/lilypond/2.22.1/fonts/type1/:/usr/share/lilypond/2.22.1/fonts/svg/:')
    \include 
             "../lh/gp-02-lh-9.ly"
/tmp/tmpk5yx3uwg/2024-03-25T14-44-39-379362-e86d21b.ly:117:14: error: cannot find file: `../lh/gp-02-lh-256.ly'
(search path: `/tmp/tmpk5yx3uwg:/home/user/Documents/Resounding-Libraries/Un musico meccanico - Prehistory AI/python-code:/usr/share/lilypond/2.22.1/ly:/usr/share/lilypond/2.22.1/ps:/usr/share/lilypond/2.22.1/scm:/usr/share/lilypond/2.22.1/fonts/otf/:/usr/share/lilypond/2.22.1/fonts/type1/:/usr/share/lilypond/2.22.1/fonts/svg/:')
    \include 
             "../lh/gp-02-lh-256.ly"
/tmp/tmpk5yx3uwg/2024-03-25T14-44-39-379362-e86d21b.ly:118:14: error: cannot find file: `../lh/gp-02-lh-62.ly'
(search path: `/tmp/tmpk5yx3uwg:/home/user/Documents/Resounding-Libraries/Un musico meccanico - Prehistory AI/python-code:/usr/share/lilypond/2.22.1/ly:/usr/share/lilypond/2.22.1/ps:/usr/share/lilypond/2.22.1/scm:/usr/share/lilypond/2.22.1/fonts/otf/:/usr/share/lilypond/2.22.1/fonts/type1/:/usr/share/lilypond/2.22.1/fonts/svg/:')
    \include 
             "../lh/gp-02-lh-62.ly"
/tmp/tmpk5yx3uwg/2024-03-25T14-44-39-379362-e86d21b.ly:119:14: error: cannot find file: `../lh/gp-02-lh-234.ly'
(search path: `/tmp/tmpk5yx3uwg:/home/user/Documents/Resounding-Libraries/Un musico meccanico - Prehistory AI/python-code:/usr/share/lilypond/2.22.1/ly:/usr/share/lilypond/2.22.1/ps:/usr/share/lilypond/2.22.1/scm:/usr/share/lilypond/2.22.1/fonts/otf/:/usr/share/lilypond/2.22.1/fonts/type1/:/usr/share/lilypond/2.22.1/fonts/svg/:')
    \include 
             "../lh/gp-02-lh-234.ly"
/tmp/tmpk5yx3uwg/2024-03-25T14-44-39-379362-e86d21b.ly:120:14: error: cannot find file: `../lh/gp-02-lh-73.ly'
(search path: `/tmp/tmpk5yx3uwg:/home/user/Documents/Resounding-Libraries/Un musico meccanico - Prehistory AI/python-code:/usr/share/lilypond/2.22.1/ly:/usr/share/lilypond/2.22.1/ps:/usr/share/lilypond/2.22.1/scm:/usr/share/lilypond/2.22.1/fonts/otf/:/usr/share/lilypond/2.22.1/fonts/type1/:/usr/share/lilypond/2.22.1/fonts/svg/:')
    \include 
             "../lh/gp-02-lh-73.ly"
/tmp/tmpk5yx3uwg/2024-03-25T14-44-39-379362-e86d21b.ly:121:14: error: cannot find file: `../lh/gp-02-lh-41.ly'
(search path: `/tmp/tmpk5yx3uwg:/home/user/Documents/Resounding-Libraries/Un musico meccanico - Prehistory AI/python-code:/usr/share/lilypond/2.22.1/ly:/usr/share/lilypond/2.22.1/ps:/usr/share/lilypond/2.22.1/scm:/usr/share/lilypond/2.22.1/fonts/otf/:/usr/share/lilypond/2.22.1/fonts/type1/:/usr/share/lilypond/2.22.1/fonts/svg/:')
    \include 
             "../lh/gp-02-lh-41.ly"
/tmp/tmpk5yx3uwg/2024-03-25T14-44-39-379362-e86d21b.ly:122:14: error: cannot find file: `../lh/gp-02-lh-103.ly'
(search path: `/tmp/tmpk5yx3uwg:/home/user/Documents/Resounding-Libraries/Un musico meccanico - Prehistory AI/python-code:/usr/share/lilypond/2.22.1/ly:/usr/share/lilypond/2.22.1/ps:/usr/share/lilypond/2.22.1/scm:/usr/share/lilypond/2.22.1/fonts/otf/:/usr/share/lilypond/2.22.1/fonts/type1/:/usr/share/lilypond/2.22.1/fonts/svg/:')
    \include 
             "../lh/gp-02-lh-103.ly"
/tmp/tmpk5yx3uwg/2024-03-25T14-44-39-379362-e86d21b.ly:123:14: error: cannot find file: `../lh/gp-02-lh-258.ly'
(search path: `/tmp/tmpk5yx3uwg:/home/user/Documents/Resounding-Libraries/Un musico meccanico - Prehistory AI/python-code:/usr/share/lilypond/2.22.1/ly:/usr/share/lilypond/2.22.1/ps:/usr/share/lilypond/2.22.1/scm:/usr/share/lilypond/2.22.1/fonts/otf/:/usr/share/lilypond/2.22.1/fonts/type1/:/usr/share/lilypond/2.22.1/fonts/svg/:')
    \include 
             "../lh/gp-02-lh-258.ly"
/tmp/tmpk5yx3uwg/2024-03-25T14-44-39-379362-e86d21b.ly:124:14: error: cannot find file: `../lh/gp-02-lh-72.ly'
(search path: `/tmp/tmpk5yx3uwg:/home/user/Documents/Resounding-Libraries/Un musico meccanico - Prehistory AI/python-code:/usr/share/lilypond/2.22.1/ly:/usr/share/lilypond/2.22.1/ps:/usr/share/lilypond/2.22.1/scm:/usr/share/lilypond/2.22.1/fonts/otf/:/usr/share/lilypond/2.22.1/fonts/type1/:/usr/share/lilypond/2.22.1/fonts/svg/:')
    \include 
             "../lh/gp-02-lh-72.ly"
/tmp/tmpk5yx3uwg/2024-03-25T14-44-39-379362-e86d21b.ly:125:14: error: cannot find file: `../lh/gp-02-lh-123.ly'
(search path: `/tmp/tmpk5yx3uwg:/home/user/Documents/Resounding-Libraries/Un musico meccanico - Prehistory AI/python-code:/usr/share/lilypond/2.22.1/ly:/usr/share/lilypond/2.22.1/ps:/usr/share/lilypond/2.22.1/scm:/usr/share/lilypond/2.22.1/fonts/otf/:/usr/share/lilypond/2.22.1/fonts/type1/:/usr/share/lilypond/2.22.1/fonts/svg/:')
    \include 
             "../lh/gp-02-lh-123.ly"
/tmp/tmpk5yx3uwg/2024-03-25T14-44-39-379362-e86d21b.ly:126:14: error: cannot find file: `../lh/gp-02-lh-105.ly'
(search path: `/tmp/tmpk5yx3uwg:/home/user/Documents/Resounding-Libraries/Un musico meccanico - Prehistory AI/python-code:/usr/share/lilypond/2.22.1/ly:/usr/share/lilypond/2.22.1/ps:/usr/share/lilypond/2.22.1/scm:/usr/share/lilypond/2.22.1/fonts/otf/:/usr/share/lilypond/2.22.1/fonts/type1/:/usr/share/lilypond/2.22.1/fonts/svg/:')
    \include 
             "../lh/gp-02-lh-105.ly"
/tmp/tmpk5yx3uwg/2024-03-25T14-44-39-379362-e86d21b.ly:127:14: error: cannot find file: `../lh/gp-02-lh-22.ly'
(search path: `/tmp/tmpk5yx3uwg:/home/user/Documents/Resounding-Libraries/Un musico meccanico - Prehistory AI/python-code:/usr/share/lilypond/2.22.1/ly:/usr/share/lilypond/2.22.1/ps:/usr/share/lilypond/2.22.1/scm:/usr/share/lilypond/2.22.1/fonts/otf/:/usr/share/lilypond/2.22.1/fonts/type1/:/usr/share/lilypond/2.22.1/fonts/svg/:')
    \include 
             "../lh/gp-02-lh-22.ly"
/tmp/tmpk5yx3uwg/2024-03-25T14-44-39-379362-e86d21b.ly:128:14: error: cannot find file: `../lh/gp-02-lh-193.ly'
(search path: `/tmp/tmpk5yx3uwg:/home/user/Documents/Resounding-Libraries/Un musico meccanico - Prehistory AI/python-code:/usr/share/lilypond/2.22.1/ly:/usr/share/lilypond/2.22.1/ps:/usr/share/lilypond/2.22.1/scm:/usr/share/lilypond/2.22.1/fonts/otf/:/usr/share/lilypond/2.22.1/fonts/type1/:/usr/share/lilypond/2.22.1/fonts/svg/:')
    \include 
             "../lh/gp-02-lh-193.ly"
/tmp/tmpk5yx3uwg/2024-03-25T14-44-39-379362-e86d21b.ly:129:14: error: cannot find file: `../lh/gp-02-lh-47.ly'
(search path: `/tmp/tmpk5yx3uwg:/home/user/Documents/Resounding-Libraries/Un musico meccanico - Prehistory AI/python-code:/usr/share/lilypond/2.22.1/ly:/usr/share/lilypond/2.22.1/ps:/usr/share/lilypond/2.22.1/scm:/usr/share/lilypond/2.22.1/fonts/otf/:/usr/share/lilypond/2.22.1/fonts/type1/:/usr/share/lilypond/2.22.1/fonts/svg/:')
    \include 
             "../lh/gp-02-lh-47.ly"
/tmp/tmpk5yx3uwg/2024-03-25T14-44-39-379362-e86d21b.ly:134:14: error: cannot find file: `../layout_settings.ly'
(search path: `/tmp/tmpk5yx3uwg:/home/user/Documents/Resounding-Libraries/Un musico meccanico - Prehistory AI/python-code:/usr/share/lilypond/2.22.1/ly:/usr/share/lilypond/2.22.1/ps:/usr/share/lilypond/2.22.1/scm:/usr/share/lilypond/2.22.1/fonts/otf/:/usr/share/lilypond/2.22.1/fonts/type1/:/usr/share/lilypond/2.22.1/fonts/svg/:')
    \include 
             "../layout_settings.ly"
/tmp/tmpk5yx3uwg/2024-03-25T14-44-39-379362-e86d21b.ly:1: warning: no \version statement found, please add

\version "2.22.1"

for future compatibility
Interpreting music...
/tmp/tmpk5yx3uwg/2024-03-25T14-44-39-379362-e86d21b.ly:8:5: warning: skipping zero-duration score
    
    <<
/tmp/tmpk5yx3uwg/2024-03-25T14-44-39-379362-e86d21b.ly:8:5: warning: to suppress this, consider adding a spacer rest
    
    <<
fatal error: failed files: "/tmp/tmpk5yx3uwg/2024-03-25T14-44-39-379362-e86d21b.ly"
