GNU LilyPond 2.22.1
Changing working directory to: `/tmp/tmp0istw5lv'
Processing `/tmp/tmp0istw5lv/2024-03-19T12-01-07-849096-6aeaced.ly'
Parsing...
/tmp/tmp0istw5lv/2024-03-19T12-01-07-849096-6aeaced.ly:1:10: error: cannot find file: `../paper_settings.ly'
(search path: `/tmp/tmp0istw5lv:/home/user/Documents/Resounding-Libraries/Un musico meccanico - Prehistory AI/python-code:/usr/share/lilypond/2.22.1/ly:/usr/share/lilypond/2.22.1/ps:/usr/share/lilypond/2.22.1/scm:/usr/share/lilypond/2.22.1/fonts/otf/:/usr/share/lilypond/2.22.1/fonts/type1/:/usr/share/lilypond/2.22.1/fonts/svg/:')
\include 
         "../paper_settings.ly" 
/tmp/tmp0istw5lv/2024-03-19T12-01-07-849096-6aeaced.ly:15:14: error: cannot find file: `../voice_option.ly'
(search path: `/tmp/tmp0istw5lv:/home/user/Documents/Resounding-Libraries/Un musico meccanico - Prehistory AI/python-code:/usr/share/lilypond/2.22.1/ly:/usr/share/lilypond/2.22.1/ps:/usr/share/lilypond/2.22.1/scm:/usr/share/lilypond/2.22.1/fonts/otf/:/usr/share/lilypond/2.22.1/fonts/type1/:/usr/share/lilypond/2.22.1/fonts/svg/:')
    \include 
             "../voice_option.ly"
/tmp/tmp0istw5lv/2024-03-19T12-01-07-849096-6aeaced.ly:17:14: error: cannot find file: `../violin1/pm-01-vln1-42.ly'
(search path: `/tmp/tmp0istw5lv:/home/user/Documents/Resounding-Libraries/Un musico meccanico - Prehistory AI/python-code:/usr/share/lilypond/2.22.1/ly:/usr/share/lilypond/2.22.1/ps:/usr/share/lilypond/2.22.1/scm:/usr/share/lilypond/2.22.1/fonts/otf/:/usr/share/lilypond/2.22.1/fonts/type1/:/usr/share/lilypond/2.22.1/fonts/svg/:')
    \include 
             "../violin1/pm-01-vln1-42.ly"
/tmp/tmp0istw5lv/2024-03-19T12-01-07-849096-6aeaced.ly:19:14: error: cannot find file: `../violin1/pm-01-vln1-6.ly'
(search path: `/tmp/tmp0istw5lv:/home/user/Documents/Resounding-Libraries/Un musico meccanico - Prehistory AI/python-code:/usr/share/lilypond/2.22.1/ly:/usr/share/lilypond/2.22.1/ps:/usr/share/lilypond/2.22.1/scm:/usr/share/lilypond/2.22.1/fonts/otf/:/usr/share/lilypond/2.22.1/fonts/type1/:/usr/share/lilypond/2.22.1/fonts/svg/:')
    \include 
             "../violin1/pm-01-vln1-6.ly"
/tmp/tmp0istw5lv/2024-03-19T12-01-07-849096-6aeaced.ly:20:14: error: cannot find file: `../violin1/pm-01-vln1-4.ly'
(search path: `/tmp/tmp0istw5lv:/home/user/Documents/Resounding-Libraries/Un musico meccanico - Prehistory AI/python-code:/usr/share/lilypond/2.22.1/ly:/usr/share/lilypond/2.22.1/ps:/usr/share/lilypond/2.22.1/scm:/usr/share/lilypond/2.22.1/fonts/otf/:/usr/share/lilypond/2.22.1/fonts/type1/:/usr/share/lilypond/2.22.1/fonts/svg/:')
    \include 
             "../violin1/pm-01-vln1-4.ly"
/tmp/tmp0istw5lv/2024-03-19T12-01-07-849096-6aeaced.ly:21:14: error: cannot find file: `../violin1/pm-01-vln1-28.ly'
(search path: `/tmp/tmp0istw5lv:/home/user/Documents/Resounding-Libraries/Un musico meccanico - Prehistory AI/python-code:/usr/share/lilypond/2.22.1/ly:/usr/share/lilypond/2.22.1/ps:/usr/share/lilypond/2.22.1/scm:/usr/share/lilypond/2.22.1/fonts/otf/:/usr/share/lilypond/2.22.1/fonts/type1/:/usr/share/lilypond/2.22.1/fonts/svg/:')
    \include 
             "../violin1/pm-01-vln1-28.ly"
/tmp/tmp0istw5lv/2024-03-19T12-01-07-849096-6aeaced.ly:22:14: error: cannot find file: `../violin1/pm-01-vln1-52.ly'
(search path: `/tmp/tmp0istw5lv:/home/user/Documents/Resounding-Libraries/Un musico meccanico - Prehistory AI/python-code:/usr/share/lilypond/2.22.1/ly:/usr/share/lilypond/2.22.1/ps:/usr/share/lilypond/2.22.1/scm:/usr/share/lilypond/2.22.1/fonts/otf/:/usr/share/lilypond/2.22.1/fonts/type1/:/usr/share/lilypond/2.22.1/fonts/svg/:')
    \include 
             "../violin1/pm-01-vln1-52.ly"
/tmp/tmp0istw5lv/2024-03-19T12-01-07-849096-6aeaced.ly:23:14: error: cannot find file: `../violin1/pm-01-vln1-54.ly'
(search path: `/tmp/tmp0istw5lv:/home/user/Documents/Resounding-Libraries/Un musico meccanico - Prehistory AI/python-code:/usr/share/lilypond/2.22.1/ly:/usr/share/lilypond/2.22.1/ps:/usr/share/lilypond/2.22.1/scm:/usr/share/lilypond/2.22.1/fonts/otf/:/usr/share/lilypond/2.22.1/fonts/type1/:/usr/share/lilypond/2.22.1/fonts/svg/:')
    \include 
             "../violin1/pm-01-vln1-54.ly"
/tmp/tmp0istw5lv/2024-03-19T12-01-07-849096-6aeaced.ly:25:14: error: cannot find file: `../violin1/pm-01-vln1-82.ly'
(search path: `/tmp/tmp0istw5lv:/home/user/Documents/Resounding-Libraries/Un musico meccanico - Prehistory AI/python-code:/usr/share/lilypond/2.22.1/ly:/usr/share/lilypond/2.22.1/ps:/usr/share/lilypond/2.22.1/scm:/usr/share/lilypond/2.22.1/fonts/otf/:/usr/share/lilypond/2.22.1/fonts/type1/:/usr/share/lilypond/2.22.1/fonts/svg/:')
    \include 
             "../violin1/pm-01-vln1-82.ly"
/tmp/tmp0istw5lv/2024-03-19T12-01-07-849096-6aeaced.ly:26:14: error: cannot find file: `../violin1/pm-01-vln1-3.ly'
(search path: `/tmp/tmp0istw5lv:/home/user/Documents/Resounding-Libraries/Un musico meccanico - Prehistory AI/python-code:/usr/share/lilypond/2.22.1/ly:/usr/share/lilypond/2.22.1/ps:/usr/share/lilypond/2.22.1/scm:/usr/share/lilypond/2.22.1/fonts/otf/:/usr/share/lilypond/2.22.1/fonts/type1/:/usr/share/lilypond/2.22.1/fonts/svg/:')
    \include 
             "../violin1/pm-01-vln1-3.ly"
/tmp/tmp0istw5lv/2024-03-19T12-01-07-849096-6aeaced.ly:27:14: error: cannot find file: `../violin1/pm-01-vln1-29.ly'
(search path: `/tmp/tmp0istw5lv:/home/user/Documents/Resounding-Libraries/Un musico meccanico - Prehistory AI/python-code:/usr/share/lilypond/2.22.1/ly:/usr/share/lilypond/2.22.1/ps:/usr/share/lilypond/2.22.1/scm:/usr/share/lilypond/2.22.1/fonts/otf/:/usr/share/lilypond/2.22.1/fonts/type1/:/usr/share/lilypond/2.22.1/fonts/svg/:')
    \include 
             "../violin1/pm-01-vln1-29.ly"
/tmp/tmp0istw5lv/2024-03-19T12-01-07-849096-6aeaced.ly:28:14: error: cannot find file: `../violin1/pm-01-vln1-35.ly'
(search path: `/tmp/tmp0istw5lv:/home/user/Documents/Resounding-Libraries/Un musico meccanico - Prehistory AI/python-code:/usr/share/lilypond/2.22.1/ly:/usr/share/lilypond/2.22.1/ps:/usr/share/lilypond/2.22.1/scm:/usr/share/lilypond/2.22.1/fonts/otf/:/usr/share/lilypond/2.22.1/fonts/type1/:/usr/share/lilypond/2.22.1/fonts/svg/:')
    \include 
             "../violin1/pm-01-vln1-35.ly"
/tmp/tmp0istw5lv/2024-03-19T12-01-07-849096-6aeaced.ly:29:14: error: cannot find file: `../violin1/pm-01-vln1-61.ly'
(search path: `/tmp/tmp0istw5lv:/home/user/Documents/Resounding-Libraries/Un musico meccanico - Prehistory AI/python-code:/usr/share/lilypond/2.22.1/ly:/usr/share/lilypond/2.22.1/ps:/usr/share/lilypond/2.22.1/scm:/usr/share/lilypond/2.22.1/fonts/otf/:/usr/share/lilypond/2.22.1/fonts/type1/:/usr/share/lilypond/2.22.1/fonts/svg/:')
    \include 
             "../violin1/pm-01-vln1-61.ly"
/tmp/tmp0istw5lv/2024-03-19T12-01-07-849096-6aeaced.ly:30:14: error: cannot find file: `../violin1/pm-01-vln1-57.ly'
(search path: `/tmp/tmp0istw5lv:/home/user/Documents/Resounding-Libraries/Un musico meccanico - Prehistory AI/python-code:/usr/share/lilypond/2.22.1/ly:/usr/share/lilypond/2.22.1/ps:/usr/share/lilypond/2.22.1/scm:/usr/share/lilypond/2.22.1/fonts/otf/:/usr/share/lilypond/2.22.1/fonts/type1/:/usr/share/lilypond/2.22.1/fonts/svg/:')
    \include 
             "../violin1/pm-01-vln1-57.ly"
/tmp/tmp0istw5lv/2024-03-19T12-01-07-849096-6aeaced.ly:31:14: error: cannot find file: `../violin1/pm-01-vln1-81.ly'
(search path: `/tmp/tmp0istw5lv:/home/user/Documents/Resounding-Libraries/Un musico meccanico - Prehistory AI/python-code:/usr/share/lilypond/2.22.1/ly:/usr/share/lilypond/2.22.1/ps:/usr/share/lilypond/2.22.1/scm:/usr/share/lilypond/2.22.1/fonts/otf/:/usr/share/lilypond/2.22.1/fonts/type1/:/usr/share/lilypond/2.22.1/fonts/svg/:')
    \include 
             "../violin1/pm-01-vln1-81.ly"
/tmp/tmp0istw5lv/2024-03-19T12-01-07-849096-6aeaced.ly:32:14: error: cannot find file: `../violin1/pm-01-vln1-23.ly'
(search path: `/tmp/tmp0istw5lv:/home/user/Documents/Resounding-Libraries/Un musico meccanico - Prehistory AI/python-code:/usr/share/lilypond/2.22.1/ly:/usr/share/lilypond/2.22.1/ps:/usr/share/lilypond/2.22.1/scm:/usr/share/lilypond/2.22.1/fonts/otf/:/usr/share/lilypond/2.22.1/fonts/type1/:/usr/share/lilypond/2.22.1/fonts/svg/:')
    \include 
             "../violin1/pm-01-vln1-23.ly"
/tmp/tmp0istw5lv/2024-03-19T12-01-07-849096-6aeaced.ly:40:14: error: cannot find file: `../voice_option.ly'
(search path: `/tmp/tmp0istw5lv:/home/user/Documents/Resounding-Libraries/Un musico meccanico - Prehistory AI/python-code:/usr/share/lilypond/2.22.1/ly:/usr/share/lilypond/2.22.1/ps:/usr/share/lilypond/2.22.1/scm:/usr/share/lilypond/2.22.1/fonts/otf/:/usr/share/lilypond/2.22.1/fonts/type1/:/usr/share/lilypond/2.22.1/fonts/svg/:')
    \include 
             "../voice_option.ly"
/tmp/tmp0istw5lv/2024-03-19T12-01-07-849096-6aeaced.ly:41:14: error: cannot find file: `../violin2/pm-01-vln2-42.ly'
(search path: `/tmp/tmp0istw5lv:/home/user/Documents/Resounding-Libraries/Un musico meccanico - Prehistory AI/python-code:/usr/share/lilypond/2.22.1/ly:/usr/share/lilypond/2.22.1/ps:/usr/share/lilypond/2.22.1/scm:/usr/share/lilypond/2.22.1/fonts/otf/:/usr/share/lilypond/2.22.1/fonts/type1/:/usr/share/lilypond/2.22.1/fonts/svg/:')
    \include 
             "../violin2/pm-01-vln2-42.ly"
/tmp/tmp0istw5lv/2024-03-19T12-01-07-849096-6aeaced.ly:42:14: error: cannot find file: `../violin2/pm-01-vln2-6.ly'
(search path: `/tmp/tmp0istw5lv:/home/user/Documents/Resounding-Libraries/Un musico meccanico - Prehistory AI/python-code:/usr/share/lilypond/2.22.1/ly:/usr/share/lilypond/2.22.1/ps:/usr/share/lilypond/2.22.1/scm:/usr/share/lilypond/2.22.1/fonts/otf/:/usr/share/lilypond/2.22.1/fonts/type1/:/usr/share/lilypond/2.22.1/fonts/svg/:')
    \include 
             "../violin2/pm-01-vln2-6.ly"
/tmp/tmp0istw5lv/2024-03-19T12-01-07-849096-6aeaced.ly:43:14: error: cannot find file: `../violin2/pm-01-vln2-4.ly'
(search path: `/tmp/tmp0istw5lv:/home/user/Documents/Resounding-Libraries/Un musico meccanico - Prehistory AI/python-code:/usr/share/lilypond/2.22.1/ly:/usr/share/lilypond/2.22.1/ps:/usr/share/lilypond/2.22.1/scm:/usr/share/lilypond/2.22.1/fonts/otf/:/usr/share/lilypond/2.22.1/fonts/type1/:/usr/share/lilypond/2.22.1/fonts/svg/:')
    \include 
             "../violin2/pm-01-vln2-4.ly"
/tmp/tmp0istw5lv/2024-03-19T12-01-07-849096-6aeaced.ly:44:14: error: cannot find file: `../violin2/pm-01-vln2-28.ly'
(search path: `/tmp/tmp0istw5lv:/home/user/Documents/Resounding-Libraries/Un musico meccanico - Prehistory AI/python-code:/usr/share/lilypond/2.22.1/ly:/usr/share/lilypond/2.22.1/ps:/usr/share/lilypond/2.22.1/scm:/usr/share/lilypond/2.22.1/fonts/otf/:/usr/share/lilypond/2.22.1/fonts/type1/:/usr/share/lilypond/2.22.1/fonts/svg/:')
    \include 
             "../violin2/pm-01-vln2-28.ly"
/tmp/tmp0istw5lv/2024-03-19T12-01-07-849096-6aeaced.ly:45:14: error: cannot find file: `../violin2/pm-01-vln2-52.ly'
(search path: `/tmp/tmp0istw5lv:/home/user/Documents/Resounding-Libraries/Un musico meccanico - Prehistory AI/python-code:/usr/share/lilypond/2.22.1/ly:/usr/share/lilypond/2.22.1/ps:/usr/share/lilypond/2.22.1/scm:/usr/share/lilypond/2.22.1/fonts/otf/:/usr/share/lilypond/2.22.1/fonts/type1/:/usr/share/lilypond/2.22.1/fonts/svg/:')
    \include 
             "../violin2/pm-01-vln2-52.ly"
/tmp/tmp0istw5lv/2024-03-19T12-01-07-849096-6aeaced.ly:46:14: error: cannot find file: `../violin2/pm-01-vln2-54.ly'
(search path: `/tmp/tmp0istw5lv:/home/user/Documents/Resounding-Libraries/Un musico meccanico - Prehistory AI/python-code:/usr/share/lilypond/2.22.1/ly:/usr/share/lilypond/2.22.1/ps:/usr/share/lilypond/2.22.1/scm:/usr/share/lilypond/2.22.1/fonts/otf/:/usr/share/lilypond/2.22.1/fonts/type1/:/usr/share/lilypond/2.22.1/fonts/svg/:')
    \include 
             "../violin2/pm-01-vln2-54.ly"
/tmp/tmp0istw5lv/2024-03-19T12-01-07-849096-6aeaced.ly:47:14: error: cannot find file: `../violin2/pm-01-vln2-82.ly'
(search path: `/tmp/tmp0istw5lv:/home/user/Documents/Resounding-Libraries/Un musico meccanico - Prehistory AI/python-code:/usr/share/lilypond/2.22.1/ly:/usr/share/lilypond/2.22.1/ps:/usr/share/lilypond/2.22.1/scm:/usr/share/lilypond/2.22.1/fonts/otf/:/usr/share/lilypond/2.22.1/fonts/type1/:/usr/share/lilypond/2.22.1/fonts/svg/:')
    \include 
             "../violin2/pm-01-vln2-82.ly"
/tmp/tmp0istw5lv/2024-03-19T12-01-07-849096-6aeaced.ly:48:14: error: cannot find file: `../violin2/pm-01-vln2-3.ly'
(search path: `/tmp/tmp0istw5lv:/home/user/Documents/Resounding-Libraries/Un musico meccanico - Prehistory AI/python-code:/usr/share/lilypond/2.22.1/ly:/usr/share/lilypond/2.22.1/ps:/usr/share/lilypond/2.22.1/scm:/usr/share/lilypond/2.22.1/fonts/otf/:/usr/share/lilypond/2.22.1/fonts/type1/:/usr/share/lilypond/2.22.1/fonts/svg/:')
    \include 
             "../violin2/pm-01-vln2-3.ly"
/tmp/tmp0istw5lv/2024-03-19T12-01-07-849096-6aeaced.ly:49:14: error: cannot find file: `../violin2/pm-01-vln2-29.ly'
(search path: `/tmp/tmp0istw5lv:/home/user/Documents/Resounding-Libraries/Un musico meccanico - Prehistory AI/python-code:/usr/share/lilypond/2.22.1/ly:/usr/share/lilypond/2.22.1/ps:/usr/share/lilypond/2.22.1/scm:/usr/share/lilypond/2.22.1/fonts/otf/:/usr/share/lilypond/2.22.1/fonts/type1/:/usr/share/lilypond/2.22.1/fonts/svg/:')
    \include 
             "../violin2/pm-01-vln2-29.ly"
/tmp/tmp0istw5lv/2024-03-19T12-01-07-849096-6aeaced.ly:50:14: error: cannot find file: `../violin2/pm-01-vln2-35.ly'
(search path: `/tmp/tmp0istw5lv:/home/user/Documents/Resounding-Libraries/Un musico meccanico - Prehistory AI/python-code:/usr/share/lilypond/2.22.1/ly:/usr/share/lilypond/2.22.1/ps:/usr/share/lilypond/2.22.1/scm:/usr/share/lilypond/2.22.1/fonts/otf/:/usr/share/lilypond/2.22.1/fonts/type1/:/usr/share/lilypond/2.22.1/fonts/svg/:')
    \include 
             "../violin2/pm-01-vln2-35.ly"
/tmp/tmp0istw5lv/2024-03-19T12-01-07-849096-6aeaced.ly:51:14: error: cannot find file: `../violin2/pm-01-vln2-61.ly'
(search path: `/tmp/tmp0istw5lv:/home/user/Documents/Resounding-Libraries/Un musico meccanico - Prehistory AI/python-code:/usr/share/lilypond/2.22.1/ly:/usr/share/lilypond/2.22.1/ps:/usr/share/lilypond/2.22.1/scm:/usr/share/lilypond/2.22.1/fonts/otf/:/usr/share/lilypond/2.22.1/fonts/type1/:/usr/share/lilypond/2.22.1/fonts/svg/:')
    \include 
             "../violin2/pm-01-vln2-61.ly"
/tmp/tmp0istw5lv/2024-03-19T12-01-07-849096-6aeaced.ly:52:14: error: cannot find file: `../violin2/pm-01-vln2-57.ly'
(search path: `/tmp/tmp0istw5lv:/home/user/Documents/Resounding-Libraries/Un musico meccanico - Prehistory AI/python-code:/usr/share/lilypond/2.22.1/ly:/usr/share/lilypond/2.22.1/ps:/usr/share/lilypond/2.22.1/scm:/usr/share/lilypond/2.22.1/fonts/otf/:/usr/share/lilypond/2.22.1/fonts/type1/:/usr/share/lilypond/2.22.1/fonts/svg/:')
    \include 
             "../violin2/pm-01-vln2-57.ly"
/tmp/tmp0istw5lv/2024-03-19T12-01-07-849096-6aeaced.ly:53:14: error: cannot find file: `../violin2/pm-01-vln2-81.ly'
(search path: `/tmp/tmp0istw5lv:/home/user/Documents/Resounding-Libraries/Un musico meccanico - Prehistory AI/python-code:/usr/share/lilypond/2.22.1/ly:/usr/share/lilypond/2.22.1/ps:/usr/share/lilypond/2.22.1/scm:/usr/share/lilypond/2.22.1/fonts/otf/:/usr/share/lilypond/2.22.1/fonts/type1/:/usr/share/lilypond/2.22.1/fonts/svg/:')
    \include 
             "../violin2/pm-01-vln2-81.ly"
/tmp/tmp0istw5lv/2024-03-19T12-01-07-849096-6aeaced.ly:54:14: error: cannot find file: `../violin2/pm-01-vln2-23.ly'
(search path: `/tmp/tmp0istw5lv:/home/user/Documents/Resounding-Libraries/Un musico meccanico - Prehistory AI/python-code:/usr/share/lilypond/2.22.1/ly:/usr/share/lilypond/2.22.1/ps:/usr/share/lilypond/2.22.1/scm:/usr/share/lilypond/2.22.1/fonts/otf/:/usr/share/lilypond/2.22.1/fonts/type1/:/usr/share/lilypond/2.22.1/fonts/svg/:')
    \include 
             "../violin2/pm-01-vln2-23.ly"
/tmp/tmp0istw5lv/2024-03-19T12-01-07-849096-6aeaced.ly:62:14: error: cannot find file: `../voice_option.ly'
(search path: `/tmp/tmp0istw5lv:/home/user/Documents/Resounding-Libraries/Un musico meccanico - Prehistory AI/python-code:/usr/share/lilypond/2.22.1/ly:/usr/share/lilypond/2.22.1/ps:/usr/share/lilypond/2.22.1/scm:/usr/share/lilypond/2.22.1/fonts/otf/:/usr/share/lilypond/2.22.1/fonts/type1/:/usr/share/lilypond/2.22.1/fonts/svg/:')
    \include 
             "../voice_option.ly"
/tmp/tmp0istw5lv/2024-03-19T12-01-07-849096-6aeaced.ly:63:17: error: cannot find file: `../violin1/pm-01-vln1-42.ly'
(search path: `/tmp/tmp0istw5lv:/home/user/Documents/Resounding-Libraries/Un musico meccanico - Prehistory AI/python-code:/usr/share/lilypond/2.22.1/ly:/usr/share/lilypond/2.22.1/ps:/usr/share/lilypond/2.22.1/scm:/usr/share/lilypond/2.22.1/fonts/otf/:/usr/share/lilypond/2.22.1/fonts/type1/:/usr/share/lilypond/2.22.1/fonts/svg/:')
    <<{\include 
                "../violin1/pm-01-vln1-42.ly" } \\ { \include "../violin2/pm-01-vln2-42.ly" } >>
/tmp/tmp0istw5lv/2024-03-19T12-01-07-849096-6aeaced.ly:63:63: error: cannot find file: `../violin2/pm-01-vln2-42.ly'
(search path: `/tmp/tmp0istw5lv:/home/user/Documents/Resounding-Libraries/Un musico meccanico - Prehistory AI/python-code:/usr/share/lilypond/2.22.1/ly:/usr/share/lilypond/2.22.1/ps:/usr/share/lilypond/2.22.1/scm:/usr/share/lilypond/2.22.1/fonts/otf/:/usr/share/lilypond/2.22.1/fonts/type1/:/usr/share/lilypond/2.22.1/fonts/svg/:')
    <<{\include "../violin1/pm-01-vln1-42.ly" } \\ { \include 
                                                              "../violin2/pm-01-vln2-42.ly" } >>
/tmp/tmp0istw5lv/2024-03-19T12-01-07-849096-6aeaced.ly:64:17: error: cannot find file: `../violin1/pm-01-vln1-6.ly'
(search path: `/tmp/tmp0istw5lv:/home/user/Documents/Resounding-Libraries/Un musico meccanico - Prehistory AI/python-code:/usr/share/lilypond/2.22.1/ly:/usr/share/lilypond/2.22.1/ps:/usr/share/lilypond/2.22.1/scm:/usr/share/lilypond/2.22.1/fonts/otf/:/usr/share/lilypond/2.22.1/fonts/type1/:/usr/share/lilypond/2.22.1/fonts/svg/:')
    <<{\include 
                "../violin1/pm-01-vln1-6.ly" } \\ { \include "../violin2/pm-01-vln2-6.ly" } >>
/tmp/tmp0istw5lv/2024-03-19T12-01-07-849096-6aeaced.ly:64:62: error: cannot find file: `../violin2/pm-01-vln2-6.ly'
(search path: `/tmp/tmp0istw5lv:/home/user/Documents/Resounding-Libraries/Un musico meccanico - Prehistory AI/python-code:/usr/share/lilypond/2.22.1/ly:/usr/share/lilypond/2.22.1/ps:/usr/share/lilypond/2.22.1/scm:/usr/share/lilypond/2.22.1/fonts/otf/:/usr/share/lilypond/2.22.1/fonts/type1/:/usr/share/lilypond/2.22.1/fonts/svg/:')
    <<{\include "../violin1/pm-01-vln1-6.ly" } \\ { \include 
                                                             "../violin2/pm-01-vln2-6.ly" } >>
/tmp/tmp0istw5lv/2024-03-19T12-01-07-849096-6aeaced.ly:65:17: error: cannot find file: `../violin1/pm-01-vln1-4.ly'
(search path: `/tmp/tmp0istw5lv:/home/user/Documents/Resounding-Libraries/Un musico meccanico - Prehistory AI/python-code:/usr/share/lilypond/2.22.1/ly:/usr/share/lilypond/2.22.1/ps:/usr/share/lilypond/2.22.1/scm:/usr/share/lilypond/2.22.1/fonts/otf/:/usr/share/lilypond/2.22.1/fonts/type1/:/usr/share/lilypond/2.22.1/fonts/svg/:')
    <<{\include 
                "../violin1/pm-01-vln1-4.ly" } \\ { \include "../violin2/pm-01-vln2-4.ly" } >>
/tmp/tmp0istw5lv/2024-03-19T12-01-07-849096-6aeaced.ly:65:62: error: cannot find file: `../violin2/pm-01-vln2-4.ly'
(search path: `/tmp/tmp0istw5lv:/home/user/Documents/Resounding-Libraries/Un musico meccanico - Prehistory AI/python-code:/usr/share/lilypond/2.22.1/ly:/usr/share/lilypond/2.22.1/ps:/usr/share/lilypond/2.22.1/scm:/usr/share/lilypond/2.22.1/fonts/otf/:/usr/share/lilypond/2.22.1/fonts/type1/:/usr/share/lilypond/2.22.1/fonts/svg/:')
    <<{\include "../violin1/pm-01-vln1-4.ly" } \\ { \include 
                                                             "../violin2/pm-01-vln2-4.ly" } >>
/tmp/tmp0istw5lv/2024-03-19T12-01-07-849096-6aeaced.ly:66:17: error: cannot find file: `../violin1/pm-01-vln1-28.ly'
(search path: `/tmp/tmp0istw5lv:/home/user/Documents/Resounding-Libraries/Un musico meccanico - Prehistory AI/python-code:/usr/share/lilypond/2.22.1/ly:/usr/share/lilypond/2.22.1/ps:/usr/share/lilypond/2.22.1/scm:/usr/share/lilypond/2.22.1/fonts/otf/:/usr/share/lilypond/2.22.1/fonts/type1/:/usr/share/lilypond/2.22.1/fonts/svg/:')
    <<{\include 
                "../violin1/pm-01-vln1-28.ly" } \\ { \include "../violin2/pm-01-vln2-28.ly" } >>
/tmp/tmp0istw5lv/2024-03-19T12-01-07-849096-6aeaced.ly:66:63: error: cannot find file: `../violin2/pm-01-vln2-28.ly'
(search path: `/tmp/tmp0istw5lv:/home/user/Documents/Resounding-Libraries/Un musico meccanico - Prehistory AI/python-code:/usr/share/lilypond/2.22.1/ly:/usr/share/lilypond/2.22.1/ps:/usr/share/lilypond/2.22.1/scm:/usr/share/lilypond/2.22.1/fonts/otf/:/usr/share/lilypond/2.22.1/fonts/type1/:/usr/share/lilypond/2.22.1/fonts/svg/:')
    <<{\include "../violin1/pm-01-vln1-28.ly" } \\ { \include 
                                                              "../violin2/pm-01-vln2-28.ly" } >>
/tmp/tmp0istw5lv/2024-03-19T12-01-07-849096-6aeaced.ly:67:17: error: cannot find file: `../violin1/pm-01-vln1-52.ly'
(search path: `/tmp/tmp0istw5lv:/home/user/Documents/Resounding-Libraries/Un musico meccanico - Prehistory AI/python-code:/usr/share/lilypond/2.22.1/ly:/usr/share/lilypond/2.22.1/ps:/usr/share/lilypond/2.22.1/scm:/usr/share/lilypond/2.22.1/fonts/otf/:/usr/share/lilypond/2.22.1/fonts/type1/:/usr/share/lilypond/2.22.1/fonts/svg/:')
    <<{\include 
                "../violin1/pm-01-vln1-52.ly" } \\ { \include "../violin2/pm-01-vln2-52.ly" } >>
/tmp/tmp0istw5lv/2024-03-19T12-01-07-849096-6aeaced.ly:67:63: error: cannot find file: `../violin2/pm-01-vln2-52.ly'
(search path: `/tmp/tmp0istw5lv:/home/user/Documents/Resounding-Libraries/Un musico meccanico - Prehistory AI/python-code:/usr/share/lilypond/2.22.1/ly:/usr/share/lilypond/2.22.1/ps:/usr/share/lilypond/2.22.1/scm:/usr/share/lilypond/2.22.1/fonts/otf/:/usr/share/lilypond/2.22.1/fonts/type1/:/usr/share/lilypond/2.22.1/fonts/svg/:')
    <<{\include "../violin1/pm-01-vln1-52.ly" } \\ { \include 
                                                              "../violin2/pm-01-vln2-52.ly" } >>
/tmp/tmp0istw5lv/2024-03-19T12-01-07-849096-6aeaced.ly:68:17: error: cannot find file: `../violin1/pm-01-vln1-54.ly'
(search path: `/tmp/tmp0istw5lv:/home/user/Documents/Resounding-Libraries/Un musico meccanico - Prehistory AI/python-code:/usr/share/lilypond/2.22.1/ly:/usr/share/lilypond/2.22.1/ps:/usr/share/lilypond/2.22.1/scm:/usr/share/lilypond/2.22.1/fonts/otf/:/usr/share/lilypond/2.22.1/fonts/type1/:/usr/share/lilypond/2.22.1/fonts/svg/:')
    <<{\include 
                "../violin1/pm-01-vln1-54.ly" } \\ { \include "../violin2/pm-01-vln2-54.ly" } >>
/tmp/tmp0istw5lv/2024-03-19T12-01-07-849096-6aeaced.ly:68:63: error: cannot find file: `../violin2/pm-01-vln2-54.ly'
(search path: `/tmp/tmp0istw5lv:/home/user/Documents/Resounding-Libraries/Un musico meccanico - Prehistory AI/python-code:/usr/share/lilypond/2.22.1/ly:/usr/share/lilypond/2.22.1/ps:/usr/share/lilypond/2.22.1/scm:/usr/share/lilypond/2.22.1/fonts/otf/:/usr/share/lilypond/2.22.1/fonts/type1/:/usr/share/lilypond/2.22.1/fonts/svg/:')
    <<{\include "../violin1/pm-01-vln1-54.ly" } \\ { \include 
                                                              "../violin2/pm-01-vln2-54.ly" } >>
/tmp/tmp0istw5lv/2024-03-19T12-01-07-849096-6aeaced.ly:69:17: error: cannot find file: `../violin1/pm-01-vln1-82.ly'
(search path: `/tmp/tmp0istw5lv:/home/user/Documents/Resounding-Libraries/Un musico meccanico - Prehistory AI/python-code:/usr/share/lilypond/2.22.1/ly:/usr/share/lilypond/2.22.1/ps:/usr/share/lilypond/2.22.1/scm:/usr/share/lilypond/2.22.1/fonts/otf/:/usr/share/lilypond/2.22.1/fonts/type1/:/usr/share/lilypond/2.22.1/fonts/svg/:')
    <<{\include 
                "../violin1/pm-01-vln1-82.ly" } \\ { \include "../violin2/pm-01-vln2-82.ly" } >>
/tmp/tmp0istw5lv/2024-03-19T12-01-07-849096-6aeaced.ly:69:63: error: cannot find file: `../violin2/pm-01-vln2-82.ly'
(search path: `/tmp/tmp0istw5lv:/home/user/Documents/Resounding-Libraries/Un musico meccanico - Prehistory AI/python-code:/usr/share/lilypond/2.22.1/ly:/usr/share/lilypond/2.22.1/ps:/usr/share/lilypond/2.22.1/scm:/usr/share/lilypond/2.22.1/fonts/otf/:/usr/share/lilypond/2.22.1/fonts/type1/:/usr/share/lilypond/2.22.1/fonts/svg/:')
    <<{\include "../violin1/pm-01-vln1-82.ly" } \\ { \include 
                                                              "../violin2/pm-01-vln2-82.ly" } >>
/tmp/tmp0istw5lv/2024-03-19T12-01-07-849096-6aeaced.ly:70:17: error: cannot find file: `../violin1/pm-01-vln1-3.ly'
(search path: `/tmp/tmp0istw5lv:/home/user/Documents/Resounding-Libraries/Un musico meccanico - Prehistory AI/python-code:/usr/share/lilypond/2.22.1/ly:/usr/share/lilypond/2.22.1/ps:/usr/share/lilypond/2.22.1/scm:/usr/share/lilypond/2.22.1/fonts/otf/:/usr/share/lilypond/2.22.1/fonts/type1/:/usr/share/lilypond/2.22.1/fonts/svg/:')
    <<{\include 
                "../violin1/pm-01-vln1-3.ly" } \\ { \include "../violin2/pm-01-vln2-3.ly" } >>
/tmp/tmp0istw5lv/2024-03-19T12-01-07-849096-6aeaced.ly:70:62: error: cannot find file: `../violin2/pm-01-vln2-3.ly'
(search path: `/tmp/tmp0istw5lv:/home/user/Documents/Resounding-Libraries/Un musico meccanico - Prehistory AI/python-code:/usr/share/lilypond/2.22.1/ly:/usr/share/lilypond/2.22.1/ps:/usr/share/lilypond/2.22.1/scm:/usr/share/lilypond/2.22.1/fonts/otf/:/usr/share/lilypond/2.22.1/fonts/type1/:/usr/share/lilypond/2.22.1/fonts/svg/:')
    <<{\include "../violin1/pm-01-vln1-3.ly" } \\ { \include 
                                                             "../violin2/pm-01-vln2-3.ly" } >>
/tmp/tmp0istw5lv/2024-03-19T12-01-07-849096-6aeaced.ly:71:17: error: cannot find file: `../violin1/pm-01-vln1-29.ly'
(search path: `/tmp/tmp0istw5lv:/home/user/Documents/Resounding-Libraries/Un musico meccanico - Prehistory AI/python-code:/usr/share/lilypond/2.22.1/ly:/usr/share/lilypond/2.22.1/ps:/usr/share/lilypond/2.22.1/scm:/usr/share/lilypond/2.22.1/fonts/otf/:/usr/share/lilypond/2.22.1/fonts/type1/:/usr/share/lilypond/2.22.1/fonts/svg/:')
    <<{\include 
                "../violin1/pm-01-vln1-29.ly" } \\ { \include "../violin2/pm-01-vln2-29.ly" } >>
/tmp/tmp0istw5lv/2024-03-19T12-01-07-849096-6aeaced.ly:71:63: error: cannot find file: `../violin2/pm-01-vln2-29.ly'
(search path: `/tmp/tmp0istw5lv:/home/user/Documents/Resounding-Libraries/Un musico meccanico - Prehistory AI/python-code:/usr/share/lilypond/2.22.1/ly:/usr/share/lilypond/2.22.1/ps:/usr/share/lilypond/2.22.1/scm:/usr/share/lilypond/2.22.1/fonts/otf/:/usr/share/lilypond/2.22.1/fonts/type1/:/usr/share/lilypond/2.22.1/fonts/svg/:')
    <<{\include "../violin1/pm-01-vln1-29.ly" } \\ { \include 
                                                              "../violin2/pm-01-vln2-29.ly" } >>
/tmp/tmp0istw5lv/2024-03-19T12-01-07-849096-6aeaced.ly:72:17: error: cannot find file: `../violin1/pm-01-vln1-35.ly'
(search path: `/tmp/tmp0istw5lv:/home/user/Documents/Resounding-Libraries/Un musico meccanico - Prehistory AI/python-code:/usr/share/lilypond/2.22.1/ly:/usr/share/lilypond/2.22.1/ps:/usr/share/lilypond/2.22.1/scm:/usr/share/lilypond/2.22.1/fonts/otf/:/usr/share/lilypond/2.22.1/fonts/type1/:/usr/share/lilypond/2.22.1/fonts/svg/:')
    <<{\include 
                "../violin1/pm-01-vln1-35.ly" } \\ { \include "../violin2/pm-01-vln2-35.ly" } >>
/tmp/tmp0istw5lv/2024-03-19T12-01-07-849096-6aeaced.ly:72:63: error: cannot find file: `../violin2/pm-01-vln2-35.ly'
(search path: `/tmp/tmp0istw5lv:/home/user/Documents/Resounding-Libraries/Un musico meccanico - Prehistory AI/python-code:/usr/share/lilypond/2.22.1/ly:/usr/share/lilypond/2.22.1/ps:/usr/share/lilypond/2.22.1/scm:/usr/share/lilypond/2.22.1/fonts/otf/:/usr/share/lilypond/2.22.1/fonts/type1/:/usr/share/lilypond/2.22.1/fonts/svg/:')
    <<{\include "../violin1/pm-01-vln1-35.ly" } \\ { \include 
                                                              "../violin2/pm-01-vln2-35.ly" } >>
/tmp/tmp0istw5lv/2024-03-19T12-01-07-849096-6aeaced.ly:73:17: error: cannot find file: `../violin1/pm-01-vln1-61.ly'
(search path: `/tmp/tmp0istw5lv:/home/user/Documents/Resounding-Libraries/Un musico meccanico - Prehistory AI/python-code:/usr/share/lilypond/2.22.1/ly:/usr/share/lilypond/2.22.1/ps:/usr/share/lilypond/2.22.1/scm:/usr/share/lilypond/2.22.1/fonts/otf/:/usr/share/lilypond/2.22.1/fonts/type1/:/usr/share/lilypond/2.22.1/fonts/svg/:')
    <<{\include 
                "../violin1/pm-01-vln1-61.ly" } \\ { \include "../violin2/pm-01-vln2-61.ly" } >>
/tmp/tmp0istw5lv/2024-03-19T12-01-07-849096-6aeaced.ly:73:63: error: cannot find file: `../violin2/pm-01-vln2-61.ly'
(search path: `/tmp/tmp0istw5lv:/home/user/Documents/Resounding-Libraries/Un musico meccanico - Prehistory AI/python-code:/usr/share/lilypond/2.22.1/ly:/usr/share/lilypond/2.22.1/ps:/usr/share/lilypond/2.22.1/scm:/usr/share/lilypond/2.22.1/fonts/otf/:/usr/share/lilypond/2.22.1/fonts/type1/:/usr/share/lilypond/2.22.1/fonts/svg/:')
    <<{\include "../violin1/pm-01-vln1-61.ly" } \\ { \include 
                                                              "../violin2/pm-01-vln2-61.ly" } >>
/tmp/tmp0istw5lv/2024-03-19T12-01-07-849096-6aeaced.ly:74:17: error: cannot find file: `../violin1/pm-01-vln1-57.ly'
(search path: `/tmp/tmp0istw5lv:/home/user/Documents/Resounding-Libraries/Un musico meccanico - Prehistory AI/python-code:/usr/share/lilypond/2.22.1/ly:/usr/share/lilypond/2.22.1/ps:/usr/share/lilypond/2.22.1/scm:/usr/share/lilypond/2.22.1/fonts/otf/:/usr/share/lilypond/2.22.1/fonts/type1/:/usr/share/lilypond/2.22.1/fonts/svg/:')
    <<{\include 
                "../violin1/pm-01-vln1-57.ly" } \\ { \include "../violin2/pm-01-vln2-57.ly" } >>
/tmp/tmp0istw5lv/2024-03-19T12-01-07-849096-6aeaced.ly:74:63: error: cannot find file: `../violin2/pm-01-vln2-57.ly'
(search path: `/tmp/tmp0istw5lv:/home/user/Documents/Resounding-Libraries/Un musico meccanico - Prehistory AI/python-code:/usr/share/lilypond/2.22.1/ly:/usr/share/lilypond/2.22.1/ps:/usr/share/lilypond/2.22.1/scm:/usr/share/lilypond/2.22.1/fonts/otf/:/usr/share/lilypond/2.22.1/fonts/type1/:/usr/share/lilypond/2.22.1/fonts/svg/:')
    <<{\include "../violin1/pm-01-vln1-57.ly" } \\ { \include 
                                                              "../violin2/pm-01-vln2-57.ly" } >>
/tmp/tmp0istw5lv/2024-03-19T12-01-07-849096-6aeaced.ly:75:17: error: cannot find file: `../violin1/pm-01-vln1-81.ly'
(search path: `/tmp/tmp0istw5lv:/home/user/Documents/Resounding-Libraries/Un musico meccanico - Prehistory AI/python-code:/usr/share/lilypond/2.22.1/ly:/usr/share/lilypond/2.22.1/ps:/usr/share/lilypond/2.22.1/scm:/usr/share/lilypond/2.22.1/fonts/otf/:/usr/share/lilypond/2.22.1/fonts/type1/:/usr/share/lilypond/2.22.1/fonts/svg/:')
    <<{\include 
                "../violin1/pm-01-vln1-81.ly" } \\ { \include "../violin2/pm-01-vln2-81.ly" } >>
/tmp/tmp0istw5lv/2024-03-19T12-01-07-849096-6aeaced.ly:75:63: error: cannot find file: `../violin2/pm-01-vln2-81.ly'
(search path: `/tmp/tmp0istw5lv:/home/user/Documents/Resounding-Libraries/Un musico meccanico - Prehistory AI/python-code:/usr/share/lilypond/2.22.1/ly:/usr/share/lilypond/2.22.1/ps:/usr/share/lilypond/2.22.1/scm:/usr/share/lilypond/2.22.1/fonts/otf/:/usr/share/lilypond/2.22.1/fonts/type1/:/usr/share/lilypond/2.22.1/fonts/svg/:')
    <<{\include "../violin1/pm-01-vln1-81.ly" } \\ { \include 
                                                              "../violin2/pm-01-vln2-81.ly" } >>
/tmp/tmp0istw5lv/2024-03-19T12-01-07-849096-6aeaced.ly:76:17: error: cannot find file: `../violin1/pm-01-vln1-23.ly'
(search path: `/tmp/tmp0istw5lv:/home/user/Documents/Resounding-Libraries/Un musico meccanico - Prehistory AI/python-code:/usr/share/lilypond/2.22.1/ly:/usr/share/lilypond/2.22.1/ps:/usr/share/lilypond/2.22.1/scm:/usr/share/lilypond/2.22.1/fonts/otf/:/usr/share/lilypond/2.22.1/fonts/type1/:/usr/share/lilypond/2.22.1/fonts/svg/:')
    <<{\include 
                "../violin1/pm-01-vln1-23.ly" } \\ { \include "../violin2/pm-01-vln2-23.ly" } >>
/tmp/tmp0istw5lv/2024-03-19T12-01-07-849096-6aeaced.ly:76:63: error: cannot find file: `../violin2/pm-01-vln2-23.ly'
(search path: `/tmp/tmp0istw5lv:/home/user/Documents/Resounding-Libraries/Un musico meccanico - Prehistory AI/python-code:/usr/share/lilypond/2.22.1/ly:/usr/share/lilypond/2.22.1/ps:/usr/share/lilypond/2.22.1/scm:/usr/share/lilypond/2.22.1/fonts/otf/:/usr/share/lilypond/2.22.1/fonts/type1/:/usr/share/lilypond/2.22.1/fonts/svg/:')
    <<{\include "../violin1/pm-01-vln1-23.ly" } \\ { \include 
                                                              "../violin2/pm-01-vln2-23.ly" } >>
/tmp/tmp0istw5lv/2024-03-19T12-01-07-849096-6aeaced.ly:79:14: error: cannot find file: `../bassline_option.ly'
(search path: `/tmp/tmp0istw5lv:/home/user/Documents/Resounding-Libraries/Un musico meccanico - Prehistory AI/python-code:/usr/share/lilypond/2.22.1/ly:/usr/share/lilypond/2.22.1/ps:/usr/share/lilypond/2.22.1/scm:/usr/share/lilypond/2.22.1/fonts/otf/:/usr/share/lilypond/2.22.1/fonts/type1/:/usr/share/lilypond/2.22.1/fonts/svg/:')
    \include 
             "../bassline_option.ly"
/tmp/tmp0istw5lv/2024-03-19T12-01-07-849096-6aeaced.ly:80:14: error: cannot find file: `../lh/pm-01-lh-42.ly'
(search path: `/tmp/tmp0istw5lv:/home/user/Documents/Resounding-Libraries/Un musico meccanico - Prehistory AI/python-code:/usr/share/lilypond/2.22.1/ly:/usr/share/lilypond/2.22.1/ps:/usr/share/lilypond/2.22.1/scm:/usr/share/lilypond/2.22.1/fonts/otf/:/usr/share/lilypond/2.22.1/fonts/type1/:/usr/share/lilypond/2.22.1/fonts/svg/:')
    \include 
             "../lh/pm-01-lh-42.ly"
/tmp/tmp0istw5lv/2024-03-19T12-01-07-849096-6aeaced.ly:81:14: error: cannot find file: `../lh/pm-01-lh-6.ly'
(search path: `/tmp/tmp0istw5lv:/home/user/Documents/Resounding-Libraries/Un musico meccanico - Prehistory AI/python-code:/usr/share/lilypond/2.22.1/ly:/usr/share/lilypond/2.22.1/ps:/usr/share/lilypond/2.22.1/scm:/usr/share/lilypond/2.22.1/fonts/otf/:/usr/share/lilypond/2.22.1/fonts/type1/:/usr/share/lilypond/2.22.1/fonts/svg/:')
    \include 
             "../lh/pm-01-lh-6.ly"
/tmp/tmp0istw5lv/2024-03-19T12-01-07-849096-6aeaced.ly:82:14: error: cannot find file: `../lh/pm-01-lh-4.ly'
(search path: `/tmp/tmp0istw5lv:/home/user/Documents/Resounding-Libraries/Un musico meccanico - Prehistory AI/python-code:/usr/share/lilypond/2.22.1/ly:/usr/share/lilypond/2.22.1/ps:/usr/share/lilypond/2.22.1/scm:/usr/share/lilypond/2.22.1/fonts/otf/:/usr/share/lilypond/2.22.1/fonts/type1/:/usr/share/lilypond/2.22.1/fonts/svg/:')
    \include 
             "../lh/pm-01-lh-4.ly"
/tmp/tmp0istw5lv/2024-03-19T12-01-07-849096-6aeaced.ly:83:14: error: cannot find file: `../lh/pm-01-lh-28.ly'
(search path: `/tmp/tmp0istw5lv:/home/user/Documents/Resounding-Libraries/Un musico meccanico - Prehistory AI/python-code:/usr/share/lilypond/2.22.1/ly:/usr/share/lilypond/2.22.1/ps:/usr/share/lilypond/2.22.1/scm:/usr/share/lilypond/2.22.1/fonts/otf/:/usr/share/lilypond/2.22.1/fonts/type1/:/usr/share/lilypond/2.22.1/fonts/svg/:')
    \include 
             "../lh/pm-01-lh-28.ly"
/tmp/tmp0istw5lv/2024-03-19T12-01-07-849096-6aeaced.ly:84:14: error: cannot find file: `../lh/pm-01-lh-52.ly'
(search path: `/tmp/tmp0istw5lv:/home/user/Documents/Resounding-Libraries/Un musico meccanico - Prehistory AI/python-code:/usr/share/lilypond/2.22.1/ly:/usr/share/lilypond/2.22.1/ps:/usr/share/lilypond/2.22.1/scm:/usr/share/lilypond/2.22.1/fonts/otf/:/usr/share/lilypond/2.22.1/fonts/type1/:/usr/share/lilypond/2.22.1/fonts/svg/:')
    \include 
             "../lh/pm-01-lh-52.ly"
/tmp/tmp0istw5lv/2024-03-19T12-01-07-849096-6aeaced.ly:85:14: error: cannot find file: `../lh/pm-01-lh-54.ly'
(search path: `/tmp/tmp0istw5lv:/home/user/Documents/Resounding-Libraries/Un musico meccanico - Prehistory AI/python-code:/usr/share/lilypond/2.22.1/ly:/usr/share/lilypond/2.22.1/ps:/usr/share/lilypond/2.22.1/scm:/usr/share/lilypond/2.22.1/fonts/otf/:/usr/share/lilypond/2.22.1/fonts/type1/:/usr/share/lilypond/2.22.1/fonts/svg/:')
    \include 
             "../lh/pm-01-lh-54.ly"
/tmp/tmp0istw5lv/2024-03-19T12-01-07-849096-6aeaced.ly:86:14: error: cannot find file: `../lh/pm-01-lh-82.ly'
(search path: `/tmp/tmp0istw5lv:/home/user/Documents/Resounding-Libraries/Un musico meccanico - Prehistory AI/python-code:/usr/share/lilypond/2.22.1/ly:/usr/share/lilypond/2.22.1/ps:/usr/share/lilypond/2.22.1/scm:/usr/share/lilypond/2.22.1/fonts/otf/:/usr/share/lilypond/2.22.1/fonts/type1/:/usr/share/lilypond/2.22.1/fonts/svg/:')
    \include 
             "../lh/pm-01-lh-82.ly"
/tmp/tmp0istw5lv/2024-03-19T12-01-07-849096-6aeaced.ly:87:14: error: cannot find file: `../lh/pm-01-lh-3.ly'
(search path: `/tmp/tmp0istw5lv:/home/user/Documents/Resounding-Libraries/Un musico meccanico - Prehistory AI/python-code:/usr/share/lilypond/2.22.1/ly:/usr/share/lilypond/2.22.1/ps:/usr/share/lilypond/2.22.1/scm:/usr/share/lilypond/2.22.1/fonts/otf/:/usr/share/lilypond/2.22.1/fonts/type1/:/usr/share/lilypond/2.22.1/fonts/svg/:')
    \include 
             "../lh/pm-01-lh-3.ly"
/tmp/tmp0istw5lv/2024-03-19T12-01-07-849096-6aeaced.ly:88:14: error: cannot find file: `../lh/pm-01-lh-29.ly'
(search path: `/tmp/tmp0istw5lv:/home/user/Documents/Resounding-Libraries/Un musico meccanico - Prehistory AI/python-code:/usr/share/lilypond/2.22.1/ly:/usr/share/lilypond/2.22.1/ps:/usr/share/lilypond/2.22.1/scm:/usr/share/lilypond/2.22.1/fonts/otf/:/usr/share/lilypond/2.22.1/fonts/type1/:/usr/share/lilypond/2.22.1/fonts/svg/:')
    \include 
             "../lh/pm-01-lh-29.ly"
/tmp/tmp0istw5lv/2024-03-19T12-01-07-849096-6aeaced.ly:89:14: error: cannot find file: `../lh/pm-01-lh-35.ly'
(search path: `/tmp/tmp0istw5lv:/home/user/Documents/Resounding-Libraries/Un musico meccanico - Prehistory AI/python-code:/usr/share/lilypond/2.22.1/ly:/usr/share/lilypond/2.22.1/ps:/usr/share/lilypond/2.22.1/scm:/usr/share/lilypond/2.22.1/fonts/otf/:/usr/share/lilypond/2.22.1/fonts/type1/:/usr/share/lilypond/2.22.1/fonts/svg/:')
    \include 
             "../lh/pm-01-lh-35.ly"
/tmp/tmp0istw5lv/2024-03-19T12-01-07-849096-6aeaced.ly:90:14: error: cannot find file: `../lh/pm-01-lh-61.ly'
(search path: `/tmp/tmp0istw5lv:/home/user/Documents/Resounding-Libraries/Un musico meccanico - Prehistory AI/python-code:/usr/share/lilypond/2.22.1/ly:/usr/share/lilypond/2.22.1/ps:/usr/share/lilypond/2.22.1/scm:/usr/share/lilypond/2.22.1/fonts/otf/:/usr/share/lilypond/2.22.1/fonts/type1/:/usr/share/lilypond/2.22.1/fonts/svg/:')
    \include 
             "../lh/pm-01-lh-61.ly"
/tmp/tmp0istw5lv/2024-03-19T12-01-07-849096-6aeaced.ly:91:14: error: cannot find file: `../lh/pm-01-lh-57.ly'
(search path: `/tmp/tmp0istw5lv:/home/user/Documents/Resounding-Libraries/Un musico meccanico - Prehistory AI/python-code:/usr/share/lilypond/2.22.1/ly:/usr/share/lilypond/2.22.1/ps:/usr/share/lilypond/2.22.1/scm:/usr/share/lilypond/2.22.1/fonts/otf/:/usr/share/lilypond/2.22.1/fonts/type1/:/usr/share/lilypond/2.22.1/fonts/svg/:')
    \include 
             "../lh/pm-01-lh-57.ly"
/tmp/tmp0istw5lv/2024-03-19T12-01-07-849096-6aeaced.ly:92:14: error: cannot find file: `../lh/pm-01-lh-81.ly'
(search path: `/tmp/tmp0istw5lv:/home/user/Documents/Resounding-Libraries/Un musico meccanico - Prehistory AI/python-code:/usr/share/lilypond/2.22.1/ly:/usr/share/lilypond/2.22.1/ps:/usr/share/lilypond/2.22.1/scm:/usr/share/lilypond/2.22.1/fonts/otf/:/usr/share/lilypond/2.22.1/fonts/type1/:/usr/share/lilypond/2.22.1/fonts/svg/:')
    \include 
             "../lh/pm-01-lh-81.ly"
/tmp/tmp0istw5lv/2024-03-19T12-01-07-849096-6aeaced.ly:93:14: error: cannot find file: `../lh/pm-01-lh-23.ly'
(search path: `/tmp/tmp0istw5lv:/home/user/Documents/Resounding-Libraries/Un musico meccanico - Prehistory AI/python-code:/usr/share/lilypond/2.22.1/ly:/usr/share/lilypond/2.22.1/ps:/usr/share/lilypond/2.22.1/scm:/usr/share/lilypond/2.22.1/fonts/otf/:/usr/share/lilypond/2.22.1/fonts/type1/:/usr/share/lilypond/2.22.1/fonts/svg/:')
    \include 
             "../lh/pm-01-lh-23.ly"
/tmp/tmp0istw5lv/2024-03-19T12-01-07-849096-6aeaced.ly:97:14: error: cannot find file: `../layout_settings.ly'
(search path: `/tmp/tmp0istw5lv:/home/user/Documents/Resounding-Libraries/Un musico meccanico - Prehistory AI/python-code:/usr/share/lilypond/2.22.1/ly:/usr/share/lilypond/2.22.1/ps:/usr/share/lilypond/2.22.1/scm:/usr/share/lilypond/2.22.1/fonts/otf/:/usr/share/lilypond/2.22.1/fonts/type1/:/usr/share/lilypond/2.22.1/fonts/svg/:')
    \include 
             "../layout_settings.ly"
/tmp/tmp0istw5lv/2024-03-19T12-01-07-849096-6aeaced.ly:1: warning: no \version statement found, please add

\version "2.22.1"

for future compatibility
Interpreting music...
/tmp/tmp0istw5lv/2024-03-19T12-01-07-849096-6aeaced.ly:8:5: warning: skipping zero-duration score
    
    <<
/tmp/tmp0istw5lv/2024-03-19T12-01-07-849096-6aeaced.ly:8:5: warning: to suppress this, consider adding a spacer rest
    
    <<
fatal error: failed files: "/tmp/tmp0istw5lv/2024-03-19T12-01-07-849096-6aeaced.ly"
