GNU LilyPond 2.22.1
Changing working directory to: `/tmp/tmpmstvjolt'
Processing `/tmp/tmpmstvjolt/2024-10-14T11-54-47-240918-70780bf.ly'
Parsing...
/tmp/tmpmstvjolt/2024-10-14T11-54-47-240918-70780bf.ly:1:10: error: cannot find file: `../paper_settings.ly'
(search path: `/tmp/tmpmstvjolt:/home/user/GitHub/Artyfyshall-Bird/code-implementation:/usr/share/lilypond/2.22.1/ly:/usr/share/lilypond/2.22.1/ps:/usr/share/lilypond/2.22.1/scm:/usr/share/lilypond/2.22.1/fonts/otf/:/usr/share/lilypond/2.22.1/fonts/type1/:/usr/share/lilypond/2.22.1/fonts/svg/:')
\include 
         "../paper_settings.ly" 
/tmp/tmpmstvjolt/2024-10-14T11-54-47-240918-70780bf.ly:13:14: error: cannot find file: `../voice_option.ly'
(search path: `/tmp/tmpmstvjolt:/home/user/GitHub/Artyfyshall-Bird/code-implementation:/usr/share/lilypond/2.22.1/ly:/usr/share/lilypond/2.22.1/ps:/usr/share/lilypond/2.22.1/scm:/usr/share/lilypond/2.22.1/fonts/otf/:/usr/share/lilypond/2.22.1/fonts/type1/:/usr/share/lilypond/2.22.1/fonts/svg/:')
    \include 
             "../voice_option.ly"
/tmp/tmpmstvjolt/2024-10-14T11-54-47-240918-70780bf.ly:15:14: error: cannot find file: `../rh/gf-02-rh-56.ly'
(search path: `/tmp/tmpmstvjolt:/home/user/GitHub/Artyfyshall-Bird/code-implementation:/usr/share/lilypond/2.22.1/ly:/usr/share/lilypond/2.22.1/ps:/usr/share/lilypond/2.22.1/scm:/usr/share/lilypond/2.22.1/fonts/otf/:/usr/share/lilypond/2.22.1/fonts/type1/:/usr/share/lilypond/2.22.1/fonts/svg/:')
    \include 
             "../rh/gf-02-rh-56.ly"
/tmp/tmpmstvjolt/2024-10-14T11-54-47-240918-70780bf.ly:16:14: error: cannot find file: `../rh/gf-02-rh-45.ly'
(search path: `/tmp/tmpmstvjolt:/home/user/GitHub/Artyfyshall-Bird/code-implementation:/usr/share/lilypond/2.22.1/ly:/usr/share/lilypond/2.22.1/ps:/usr/share/lilypond/2.22.1/scm:/usr/share/lilypond/2.22.1/fonts/otf/:/usr/share/lilypond/2.22.1/fonts/type1/:/usr/share/lilypond/2.22.1/fonts/svg/:')
    \include 
             "../rh/gf-02-rh-45.ly"
/tmp/tmpmstvjolt/2024-10-14T11-54-47-240918-70780bf.ly:17:14: error: cannot find file: `../rh/gf-02-rh-62.ly'
(search path: `/tmp/tmpmstvjolt:/home/user/GitHub/Artyfyshall-Bird/code-implementation:/usr/share/lilypond/2.22.1/ly:/usr/share/lilypond/2.22.1/ps:/usr/share/lilypond/2.22.1/scm:/usr/share/lilypond/2.22.1/fonts/otf/:/usr/share/lilypond/2.22.1/fonts/type1/:/usr/share/lilypond/2.22.1/fonts/svg/:')
    \include 
             "../rh/gf-02-rh-62.ly"
/tmp/tmpmstvjolt/2024-10-14T11-54-47-240918-70780bf.ly:18:14: error: cannot find file: `../rh/gf-02-rh-74.ly'
(search path: `/tmp/tmpmstvjolt:/home/user/GitHub/Artyfyshall-Bird/code-implementation:/usr/share/lilypond/2.22.1/ly:/usr/share/lilypond/2.22.1/ps:/usr/share/lilypond/2.22.1/scm:/usr/share/lilypond/2.22.1/fonts/otf/:/usr/share/lilypond/2.22.1/fonts/type1/:/usr/share/lilypond/2.22.1/fonts/svg/:')
    \include 
             "../rh/gf-02-rh-74.ly"
/tmp/tmpmstvjolt/2024-10-14T11-54-47-240918-70780bf.ly:19:14: error: cannot find file: `../rh/gf-02-rh-29.ly'
(search path: `/tmp/tmpmstvjolt:/home/user/GitHub/Artyfyshall-Bird/code-implementation:/usr/share/lilypond/2.22.1/ly:/usr/share/lilypond/2.22.1/ps:/usr/share/lilypond/2.22.1/scm:/usr/share/lilypond/2.22.1/fonts/otf/:/usr/share/lilypond/2.22.1/fonts/type1/:/usr/share/lilypond/2.22.1/fonts/svg/:')
    \include 
             "../rh/gf-02-rh-29.ly"
/tmp/tmpmstvjolt/2024-10-14T11-54-47-240918-70780bf.ly:20:14: error: cannot find file: `../rh/gf-02-rh-55.ly'
(search path: `/tmp/tmpmstvjolt:/home/user/GitHub/Artyfyshall-Bird/code-implementation:/usr/share/lilypond/2.22.1/ly:/usr/share/lilypond/2.22.1/ps:/usr/share/lilypond/2.22.1/scm:/usr/share/lilypond/2.22.1/fonts/otf/:/usr/share/lilypond/2.22.1/fonts/type1/:/usr/share/lilypond/2.22.1/fonts/svg/:')
    \include 
             "../rh/gf-02-rh-55.ly"
/tmp/tmpmstvjolt/2024-10-14T11-54-47-240918-70780bf.ly:21:14: error: cannot find file: `../rh/gf-02-rh-44.ly'
(search path: `/tmp/tmpmstvjolt:/home/user/GitHub/Artyfyshall-Bird/code-implementation:/usr/share/lilypond/2.22.1/ly:/usr/share/lilypond/2.22.1/ps:/usr/share/lilypond/2.22.1/scm:/usr/share/lilypond/2.22.1/fonts/otf/:/usr/share/lilypond/2.22.1/fonts/type1/:/usr/share/lilypond/2.22.1/fonts/svg/:')
    \include 
             "../rh/gf-02-rh-44.ly"
/tmp/tmpmstvjolt/2024-10-14T11-54-47-240918-70780bf.ly:22:14: error: cannot find file: `../rh/gf-02-rh-70.ly'
(search path: `/tmp/tmpmstvjolt:/home/user/GitHub/Artyfyshall-Bird/code-implementation:/usr/share/lilypond/2.22.1/ly:/usr/share/lilypond/2.22.1/ps:/usr/share/lilypond/2.22.1/scm:/usr/share/lilypond/2.22.1/fonts/otf/:/usr/share/lilypond/2.22.1/fonts/type1/:/usr/share/lilypond/2.22.1/fonts/svg/:')
    \include 
             "../rh/gf-02-rh-70.ly"
/tmp/tmpmstvjolt/2024-10-14T11-54-47-240918-70780bf.ly:25:14: error: cannot find file: `../rh/gf-02-rh-76.ly'
(search path: `/tmp/tmpmstvjolt:/home/user/GitHub/Artyfyshall-Bird/code-implementation:/usr/share/lilypond/2.22.1/ly:/usr/share/lilypond/2.22.1/ps:/usr/share/lilypond/2.22.1/scm:/usr/share/lilypond/2.22.1/fonts/otf/:/usr/share/lilypond/2.22.1/fonts/type1/:/usr/share/lilypond/2.22.1/fonts/svg/:')
    \include 
             "../rh/gf-02-rh-76.ly"
/tmp/tmpmstvjolt/2024-10-14T11-54-47-240918-70780bf.ly:26:14: error: cannot find file: `../rh/gf-02-rh-85.ly'
(search path: `/tmp/tmpmstvjolt:/home/user/GitHub/Artyfyshall-Bird/code-implementation:/usr/share/lilypond/2.22.1/ly:/usr/share/lilypond/2.22.1/ps:/usr/share/lilypond/2.22.1/scm:/usr/share/lilypond/2.22.1/fonts/otf/:/usr/share/lilypond/2.22.1/fonts/type1/:/usr/share/lilypond/2.22.1/fonts/svg/:')
    \include 
             "../rh/gf-02-rh-85.ly"
/tmp/tmpmstvjolt/2024-10-14T11-54-47-240918-70780bf.ly:27:14: error: cannot find file: `../rh/gf-02-rh-32.ly'
(search path: `/tmp/tmpmstvjolt:/home/user/GitHub/Artyfyshall-Bird/code-implementation:/usr/share/lilypond/2.22.1/ly:/usr/share/lilypond/2.22.1/ps:/usr/share/lilypond/2.22.1/scm:/usr/share/lilypond/2.22.1/fonts/otf/:/usr/share/lilypond/2.22.1/fonts/type1/:/usr/share/lilypond/2.22.1/fonts/svg/:')
    \include 
             "../rh/gf-02-rh-32.ly"
/tmp/tmpmstvjolt/2024-10-14T11-54-47-240918-70780bf.ly:28:14: error: cannot find file: `../rh/gf-02-rh-84.ly'
(search path: `/tmp/tmpmstvjolt:/home/user/GitHub/Artyfyshall-Bird/code-implementation:/usr/share/lilypond/2.22.1/ly:/usr/share/lilypond/2.22.1/ps:/usr/share/lilypond/2.22.1/scm:/usr/share/lilypond/2.22.1/fonts/otf/:/usr/share/lilypond/2.22.1/fonts/type1/:/usr/share/lilypond/2.22.1/fonts/svg/:')
    \include 
             "../rh/gf-02-rh-84.ly"
/tmp/tmpmstvjolt/2024-10-14T11-54-47-240918-70780bf.ly:29:14: error: cannot find file: `../rh/gf-02-rh-69.ly'
(search path: `/tmp/tmpmstvjolt:/home/user/GitHub/Artyfyshall-Bird/code-implementation:/usr/share/lilypond/2.22.1/ly:/usr/share/lilypond/2.22.1/ps:/usr/share/lilypond/2.22.1/scm:/usr/share/lilypond/2.22.1/fonts/otf/:/usr/share/lilypond/2.22.1/fonts/type1/:/usr/share/lilypond/2.22.1/fonts/svg/:')
    \include 
             "../rh/gf-02-rh-69.ly"
/tmp/tmpmstvjolt/2024-10-14T11-54-47-240918-70780bf.ly:30:14: error: cannot find file: `../rh/gf-02-rh-60.ly'
(search path: `/tmp/tmpmstvjolt:/home/user/GitHub/Artyfyshall-Bird/code-implementation:/usr/share/lilypond/2.22.1/ly:/usr/share/lilypond/2.22.1/ps:/usr/share/lilypond/2.22.1/scm:/usr/share/lilypond/2.22.1/fonts/otf/:/usr/share/lilypond/2.22.1/fonts/type1/:/usr/share/lilypond/2.22.1/fonts/svg/:')
    \include 
             "../rh/gf-02-rh-60.ly"
/tmp/tmpmstvjolt/2024-10-14T11-54-47-240918-70780bf.ly:31:14: error: cannot find file: `../rh/gf-02-rh-33.ly'
(search path: `/tmp/tmpmstvjolt:/home/user/GitHub/Artyfyshall-Bird/code-implementation:/usr/share/lilypond/2.22.1/ly:/usr/share/lilypond/2.22.1/ps:/usr/share/lilypond/2.22.1/scm:/usr/share/lilypond/2.22.1/fonts/otf/:/usr/share/lilypond/2.22.1/fonts/type1/:/usr/share/lilypond/2.22.1/fonts/svg/:')
    \include 
             "../rh/gf-02-rh-33.ly"
/tmp/tmpmstvjolt/2024-10-14T11-54-47-240918-70780bf.ly:32:14: error: cannot find file: `../rh/gf-02-rh-66.ly'
(search path: `/tmp/tmpmstvjolt:/home/user/GitHub/Artyfyshall-Bird/code-implementation:/usr/share/lilypond/2.22.1/ly:/usr/share/lilypond/2.22.1/ps:/usr/share/lilypond/2.22.1/scm:/usr/share/lilypond/2.22.1/fonts/otf/:/usr/share/lilypond/2.22.1/fonts/type1/:/usr/share/lilypond/2.22.1/fonts/svg/:')
    \include 
             "../rh/gf-02-rh-66.ly"
/tmp/tmpmstvjolt/2024-10-14T11-54-47-240918-70780bf.ly:36:14: error: cannot find file: `../bassline_option.ly'
(search path: `/tmp/tmpmstvjolt:/home/user/GitHub/Artyfyshall-Bird/code-implementation:/usr/share/lilypond/2.22.1/ly:/usr/share/lilypond/2.22.1/ps:/usr/share/lilypond/2.22.1/scm:/usr/share/lilypond/2.22.1/fonts/otf/:/usr/share/lilypond/2.22.1/fonts/type1/:/usr/share/lilypond/2.22.1/fonts/svg/:')
    \include 
             "../bassline_option.ly"
/tmp/tmpmstvjolt/2024-10-14T11-54-47-240918-70780bf.ly:37:14: error: cannot find file: `../lh/gf-02-lh-56.ly'
(search path: `/tmp/tmpmstvjolt:/home/user/GitHub/Artyfyshall-Bird/code-implementation:/usr/share/lilypond/2.22.1/ly:/usr/share/lilypond/2.22.1/ps:/usr/share/lilypond/2.22.1/scm:/usr/share/lilypond/2.22.1/fonts/otf/:/usr/share/lilypond/2.22.1/fonts/type1/:/usr/share/lilypond/2.22.1/fonts/svg/:')
    \include 
             "../lh/gf-02-lh-56.ly"
/tmp/tmpmstvjolt/2024-10-14T11-54-47-240918-70780bf.ly:38:14: error: cannot find file: `../lh/gf-02-lh-45.ly'
(search path: `/tmp/tmpmstvjolt:/home/user/GitHub/Artyfyshall-Bird/code-implementation:/usr/share/lilypond/2.22.1/ly:/usr/share/lilypond/2.22.1/ps:/usr/share/lilypond/2.22.1/scm:/usr/share/lilypond/2.22.1/fonts/otf/:/usr/share/lilypond/2.22.1/fonts/type1/:/usr/share/lilypond/2.22.1/fonts/svg/:')
    \include 
             "../lh/gf-02-lh-45.ly"
/tmp/tmpmstvjolt/2024-10-14T11-54-47-240918-70780bf.ly:39:14: error: cannot find file: `../lh/gf-02-lh-62.ly'
(search path: `/tmp/tmpmstvjolt:/home/user/GitHub/Artyfyshall-Bird/code-implementation:/usr/share/lilypond/2.22.1/ly:/usr/share/lilypond/2.22.1/ps:/usr/share/lilypond/2.22.1/scm:/usr/share/lilypond/2.22.1/fonts/otf/:/usr/share/lilypond/2.22.1/fonts/type1/:/usr/share/lilypond/2.22.1/fonts/svg/:')
    \include 
             "../lh/gf-02-lh-62.ly"
/tmp/tmpmstvjolt/2024-10-14T11-54-47-240918-70780bf.ly:40:14: error: cannot find file: `../lh/gf-02-lh-74.ly'
(search path: `/tmp/tmpmstvjolt:/home/user/GitHub/Artyfyshall-Bird/code-implementation:/usr/share/lilypond/2.22.1/ly:/usr/share/lilypond/2.22.1/ps:/usr/share/lilypond/2.22.1/scm:/usr/share/lilypond/2.22.1/fonts/otf/:/usr/share/lilypond/2.22.1/fonts/type1/:/usr/share/lilypond/2.22.1/fonts/svg/:')
    \include 
             "../lh/gf-02-lh-74.ly"
/tmp/tmpmstvjolt/2024-10-14T11-54-47-240918-70780bf.ly:41:14: error: cannot find file: `../lh/gf-02-lh-29.ly'
(search path: `/tmp/tmpmstvjolt:/home/user/GitHub/Artyfyshall-Bird/code-implementation:/usr/share/lilypond/2.22.1/ly:/usr/share/lilypond/2.22.1/ps:/usr/share/lilypond/2.22.1/scm:/usr/share/lilypond/2.22.1/fonts/otf/:/usr/share/lilypond/2.22.1/fonts/type1/:/usr/share/lilypond/2.22.1/fonts/svg/:')
    \include 
             "../lh/gf-02-lh-29.ly"
/tmp/tmpmstvjolt/2024-10-14T11-54-47-240918-70780bf.ly:42:14: error: cannot find file: `../lh/gf-02-lh-55.ly'
(search path: `/tmp/tmpmstvjolt:/home/user/GitHub/Artyfyshall-Bird/code-implementation:/usr/share/lilypond/2.22.1/ly:/usr/share/lilypond/2.22.1/ps:/usr/share/lilypond/2.22.1/scm:/usr/share/lilypond/2.22.1/fonts/otf/:/usr/share/lilypond/2.22.1/fonts/type1/:/usr/share/lilypond/2.22.1/fonts/svg/:')
    \include 
             "../lh/gf-02-lh-55.ly"
/tmp/tmpmstvjolt/2024-10-14T11-54-47-240918-70780bf.ly:43:14: error: cannot find file: `../lh/gf-02-lh-44.ly'
(search path: `/tmp/tmpmstvjolt:/home/user/GitHub/Artyfyshall-Bird/code-implementation:/usr/share/lilypond/2.22.1/ly:/usr/share/lilypond/2.22.1/ps:/usr/share/lilypond/2.22.1/scm:/usr/share/lilypond/2.22.1/fonts/otf/:/usr/share/lilypond/2.22.1/fonts/type1/:/usr/share/lilypond/2.22.1/fonts/svg/:')
    \include 
             "../lh/gf-02-lh-44.ly"
/tmp/tmpmstvjolt/2024-10-14T11-54-47-240918-70780bf.ly:44:14: error: cannot find file: `../lh/gf-02-lh-70.ly'
(search path: `/tmp/tmpmstvjolt:/home/user/GitHub/Artyfyshall-Bird/code-implementation:/usr/share/lilypond/2.22.1/ly:/usr/share/lilypond/2.22.1/ps:/usr/share/lilypond/2.22.1/scm:/usr/share/lilypond/2.22.1/fonts/otf/:/usr/share/lilypond/2.22.1/fonts/type1/:/usr/share/lilypond/2.22.1/fonts/svg/:')
    \include 
             "../lh/gf-02-lh-70.ly"
/tmp/tmpmstvjolt/2024-10-14T11-54-47-240918-70780bf.ly:45:14: error: cannot find file: `../lh/gf-02-lh-76.ly'
(search path: `/tmp/tmpmstvjolt:/home/user/GitHub/Artyfyshall-Bird/code-implementation:/usr/share/lilypond/2.22.1/ly:/usr/share/lilypond/2.22.1/ps:/usr/share/lilypond/2.22.1/scm:/usr/share/lilypond/2.22.1/fonts/otf/:/usr/share/lilypond/2.22.1/fonts/type1/:/usr/share/lilypond/2.22.1/fonts/svg/:')
    \include 
             "../lh/gf-02-lh-76.ly"
/tmp/tmpmstvjolt/2024-10-14T11-54-47-240918-70780bf.ly:46:14: error: cannot find file: `../lh/gf-02-lh-85.ly'
(search path: `/tmp/tmpmstvjolt:/home/user/GitHub/Artyfyshall-Bird/code-implementation:/usr/share/lilypond/2.22.1/ly:/usr/share/lilypond/2.22.1/ps:/usr/share/lilypond/2.22.1/scm:/usr/share/lilypond/2.22.1/fonts/otf/:/usr/share/lilypond/2.22.1/fonts/type1/:/usr/share/lilypond/2.22.1/fonts/svg/:')
    \include 
             "../lh/gf-02-lh-85.ly"
/tmp/tmpmstvjolt/2024-10-14T11-54-47-240918-70780bf.ly:47:14: error: cannot find file: `../lh/gf-02-lh-32.ly'
(search path: `/tmp/tmpmstvjolt:/home/user/GitHub/Artyfyshall-Bird/code-implementation:/usr/share/lilypond/2.22.1/ly:/usr/share/lilypond/2.22.1/ps:/usr/share/lilypond/2.22.1/scm:/usr/share/lilypond/2.22.1/fonts/otf/:/usr/share/lilypond/2.22.1/fonts/type1/:/usr/share/lilypond/2.22.1/fonts/svg/:')
    \include 
             "../lh/gf-02-lh-32.ly"
/tmp/tmpmstvjolt/2024-10-14T11-54-47-240918-70780bf.ly:48:14: error: cannot find file: `../lh/gf-02-lh-84.ly'
(search path: `/tmp/tmpmstvjolt:/home/user/GitHub/Artyfyshall-Bird/code-implementation:/usr/share/lilypond/2.22.1/ly:/usr/share/lilypond/2.22.1/ps:/usr/share/lilypond/2.22.1/scm:/usr/share/lilypond/2.22.1/fonts/otf/:/usr/share/lilypond/2.22.1/fonts/type1/:/usr/share/lilypond/2.22.1/fonts/svg/:')
    \include 
             "../lh/gf-02-lh-84.ly"
/tmp/tmpmstvjolt/2024-10-14T11-54-47-240918-70780bf.ly:49:14: error: cannot find file: `../lh/gf-02-lh-69.ly'
(search path: `/tmp/tmpmstvjolt:/home/user/GitHub/Artyfyshall-Bird/code-implementation:/usr/share/lilypond/2.22.1/ly:/usr/share/lilypond/2.22.1/ps:/usr/share/lilypond/2.22.1/scm:/usr/share/lilypond/2.22.1/fonts/otf/:/usr/share/lilypond/2.22.1/fonts/type1/:/usr/share/lilypond/2.22.1/fonts/svg/:')
    \include 
             "../lh/gf-02-lh-69.ly"
/tmp/tmpmstvjolt/2024-10-14T11-54-47-240918-70780bf.ly:50:14: error: cannot find file: `../lh/gf-02-lh-60.ly'
(search path: `/tmp/tmpmstvjolt:/home/user/GitHub/Artyfyshall-Bird/code-implementation:/usr/share/lilypond/2.22.1/ly:/usr/share/lilypond/2.22.1/ps:/usr/share/lilypond/2.22.1/scm:/usr/share/lilypond/2.22.1/fonts/otf/:/usr/share/lilypond/2.22.1/fonts/type1/:/usr/share/lilypond/2.22.1/fonts/svg/:')
    \include 
             "../lh/gf-02-lh-60.ly"
/tmp/tmpmstvjolt/2024-10-14T11-54-47-240918-70780bf.ly:51:14: error: cannot find file: `../lh/gf-02-lh-33.ly'
(search path: `/tmp/tmpmstvjolt:/home/user/GitHub/Artyfyshall-Bird/code-implementation:/usr/share/lilypond/2.22.1/ly:/usr/share/lilypond/2.22.1/ps:/usr/share/lilypond/2.22.1/scm:/usr/share/lilypond/2.22.1/fonts/otf/:/usr/share/lilypond/2.22.1/fonts/type1/:/usr/share/lilypond/2.22.1/fonts/svg/:')
    \include 
             "../lh/gf-02-lh-33.ly"
/tmp/tmpmstvjolt/2024-10-14T11-54-47-240918-70780bf.ly:52:14: error: cannot find file: `../lh/gf-02-lh-66.ly'
(search path: `/tmp/tmpmstvjolt:/home/user/GitHub/Artyfyshall-Bird/code-implementation:/usr/share/lilypond/2.22.1/ly:/usr/share/lilypond/2.22.1/ps:/usr/share/lilypond/2.22.1/scm:/usr/share/lilypond/2.22.1/fonts/otf/:/usr/share/lilypond/2.22.1/fonts/type1/:/usr/share/lilypond/2.22.1/fonts/svg/:')
    \include 
             "../lh/gf-02-lh-66.ly"
/tmp/tmpmstvjolt/2024-10-14T11-54-47-240918-70780bf.ly:56:14: error: cannot find file: `../layout_settings.ly'
(search path: `/tmp/tmpmstvjolt:/home/user/GitHub/Artyfyshall-Bird/code-implementation:/usr/share/lilypond/2.22.1/ly:/usr/share/lilypond/2.22.1/ps:/usr/share/lilypond/2.22.1/scm:/usr/share/lilypond/2.22.1/fonts/otf/:/usr/share/lilypond/2.22.1/fonts/type1/:/usr/share/lilypond/2.22.1/fonts/svg/:')
    \include 
             "../layout_settings.ly"
/tmp/tmpmstvjolt/2024-10-14T11-54-47-240918-70780bf.ly:1: warning: no \version statement found, please add

\version "2.22.1"

for future compatibility
Interpreting music...
/tmp/tmpmstvjolt/2024-10-14T11-54-47-240918-70780bf.ly:8:5: warning: skipping zero-duration score
    
    <<
/tmp/tmpmstvjolt/2024-10-14T11-54-47-240918-70780bf.ly:8:5: warning: to suppress this, consider adding a spacer rest
    
    <<
fatal error: failed files: "/tmp/tmpmstvjolt/2024-10-14T11-54-47-240918-70780bf.ly"
