GNU LilyPond 2.22.1
Changing working directory to: `/tmp/tmpos1b60h1'
Processing `/tmp/tmpos1b60h1/2024-10-14T11-52-31-637055-3a8260f.ly'
Parsing...
/tmp/tmpos1b60h1/2024-10-14T11-52-31-637055-3a8260f.ly:1:10: error: cannot find file: `../paper_settings.ly'
(search path: `/tmp/tmpos1b60h1:/home/user/GitHub/Artyfyshall-Bird/code-implementation:/usr/share/lilypond/2.22.1/ly:/usr/share/lilypond/2.22.1/ps:/usr/share/lilypond/2.22.1/scm:/usr/share/lilypond/2.22.1/fonts/otf/:/usr/share/lilypond/2.22.1/fonts/type1/:/usr/share/lilypond/2.22.1/fonts/svg/:')
\include 
         "../paper_settings.ly" 
/tmp/tmpos1b60h1/2024-10-14T11-52-31-637055-3a8260f.ly:13:14: error: cannot find file: `../voice_option.ly'
(search path: `/tmp/tmpos1b60h1:/home/user/GitHub/Artyfyshall-Bird/code-implementation:/usr/share/lilypond/2.22.1/ly:/usr/share/lilypond/2.22.1/ps:/usr/share/lilypond/2.22.1/scm:/usr/share/lilypond/2.22.1/fonts/otf/:/usr/share/lilypond/2.22.1/fonts/type1/:/usr/share/lilypond/2.22.1/fonts/svg/:')
    \include 
             "../voice_option.ly"
/tmp/tmpos1b60h1/2024-10-14T11-52-31-637055-3a8260f.ly:15:14: error: cannot find file: `../rh/gf-02-rh-72.ly'
(search path: `/tmp/tmpos1b60h1:/home/user/GitHub/Artyfyshall-Bird/code-implementation:/usr/share/lilypond/2.22.1/ly:/usr/share/lilypond/2.22.1/ps:/usr/share/lilypond/2.22.1/scm:/usr/share/lilypond/2.22.1/fonts/otf/:/usr/share/lilypond/2.22.1/fonts/type1/:/usr/share/lilypond/2.22.1/fonts/svg/:')
    \include 
             "../rh/gf-02-rh-72.ly"
/tmp/tmpos1b60h1/2024-10-14T11-52-31-637055-3a8260f.ly:16:14: error: cannot find file: `../rh/gf-02-rh-82.ly'
(search path: `/tmp/tmpos1b60h1:/home/user/GitHub/Artyfyshall-Bird/code-implementation:/usr/share/lilypond/2.22.1/ly:/usr/share/lilypond/2.22.1/ps:/usr/share/lilypond/2.22.1/scm:/usr/share/lilypond/2.22.1/fonts/otf/:/usr/share/lilypond/2.22.1/fonts/type1/:/usr/share/lilypond/2.22.1/fonts/svg/:')
    \include 
             "../rh/gf-02-rh-82.ly"
/tmp/tmpos1b60h1/2024-10-14T11-52-31-637055-3a8260f.ly:17:14: error: cannot find file: `../rh/gf-02-rh-59.ly'
(search path: `/tmp/tmpos1b60h1:/home/user/GitHub/Artyfyshall-Bird/code-implementation:/usr/share/lilypond/2.22.1/ly:/usr/share/lilypond/2.22.1/ps:/usr/share/lilypond/2.22.1/scm:/usr/share/lilypond/2.22.1/fonts/otf/:/usr/share/lilypond/2.22.1/fonts/type1/:/usr/share/lilypond/2.22.1/fonts/svg/:')
    \include 
             "../rh/gf-02-rh-59.ly"
/tmp/tmpos1b60h1/2024-10-14T11-52-31-637055-3a8260f.ly:18:14: error: cannot find file: `../rh/gf-02-rh-25.ly'
(search path: `/tmp/tmpos1b60h1:/home/user/GitHub/Artyfyshall-Bird/code-implementation:/usr/share/lilypond/2.22.1/ly:/usr/share/lilypond/2.22.1/ps:/usr/share/lilypond/2.22.1/scm:/usr/share/lilypond/2.22.1/fonts/otf/:/usr/share/lilypond/2.22.1/fonts/type1/:/usr/share/lilypond/2.22.1/fonts/svg/:')
    \include 
             "../rh/gf-02-rh-25.ly"
/tmp/tmpos1b60h1/2024-10-14T11-52-31-637055-3a8260f.ly:19:14: error: cannot find file: `../rh/gf-02-rh-14.ly'
(search path: `/tmp/tmpos1b60h1:/home/user/GitHub/Artyfyshall-Bird/code-implementation:/usr/share/lilypond/2.22.1/ly:/usr/share/lilypond/2.22.1/ps:/usr/share/lilypond/2.22.1/scm:/usr/share/lilypond/2.22.1/fonts/otf/:/usr/share/lilypond/2.22.1/fonts/type1/:/usr/share/lilypond/2.22.1/fonts/svg/:')
    \include 
             "../rh/gf-02-rh-14.ly"
/tmp/tmpos1b60h1/2024-10-14T11-52-31-637055-3a8260f.ly:20:14: error: cannot find file: `../rh/gf-02-rh-43.ly'
(search path: `/tmp/tmpos1b60h1:/home/user/GitHub/Artyfyshall-Bird/code-implementation:/usr/share/lilypond/2.22.1/ly:/usr/share/lilypond/2.22.1/ps:/usr/share/lilypond/2.22.1/scm:/usr/share/lilypond/2.22.1/fonts/otf/:/usr/share/lilypond/2.22.1/fonts/type1/:/usr/share/lilypond/2.22.1/fonts/svg/:')
    \include 
             "../rh/gf-02-rh-43.ly"
/tmp/tmpos1b60h1/2024-10-14T11-52-31-637055-3a8260f.ly:21:14: error: cannot find file: `../rh/gf-02-rh-15.ly'
(search path: `/tmp/tmpos1b60h1:/home/user/GitHub/Artyfyshall-Bird/code-implementation:/usr/share/lilypond/2.22.1/ly:/usr/share/lilypond/2.22.1/ps:/usr/share/lilypond/2.22.1/scm:/usr/share/lilypond/2.22.1/fonts/otf/:/usr/share/lilypond/2.22.1/fonts/type1/:/usr/share/lilypond/2.22.1/fonts/svg/:')
    \include 
             "../rh/gf-02-rh-15.ly"
/tmp/tmpos1b60h1/2024-10-14T11-52-31-637055-3a8260f.ly:22:14: error: cannot find file: `../rh/gf-02-rh-94.ly'
(search path: `/tmp/tmpos1b60h1:/home/user/GitHub/Artyfyshall-Bird/code-implementation:/usr/share/lilypond/2.22.1/ly:/usr/share/lilypond/2.22.1/ps:/usr/share/lilypond/2.22.1/scm:/usr/share/lilypond/2.22.1/fonts/otf/:/usr/share/lilypond/2.22.1/fonts/type1/:/usr/share/lilypond/2.22.1/fonts/svg/:')
    \include 
             "../rh/gf-02-rh-94.ly"
/tmp/tmpos1b60h1/2024-10-14T11-52-31-637055-3a8260f.ly:25:14: error: cannot find file: `../rh/gf-02-rh-36.ly'
(search path: `/tmp/tmpos1b60h1:/home/user/GitHub/Artyfyshall-Bird/code-implementation:/usr/share/lilypond/2.22.1/ly:/usr/share/lilypond/2.22.1/ps:/usr/share/lilypond/2.22.1/scm:/usr/share/lilypond/2.22.1/fonts/otf/:/usr/share/lilypond/2.22.1/fonts/type1/:/usr/share/lilypond/2.22.1/fonts/svg/:')
    \include 
             "../rh/gf-02-rh-36.ly"
/tmp/tmpos1b60h1/2024-10-14T11-52-31-637055-3a8260f.ly:26:14: error: cannot find file: `../rh/gf-02-rh-5.ly'
(search path: `/tmp/tmpos1b60h1:/home/user/GitHub/Artyfyshall-Bird/code-implementation:/usr/share/lilypond/2.22.1/ly:/usr/share/lilypond/2.22.1/ps:/usr/share/lilypond/2.22.1/scm:/usr/share/lilypond/2.22.1/fonts/otf/:/usr/share/lilypond/2.22.1/fonts/type1/:/usr/share/lilypond/2.22.1/fonts/svg/:')
    \include 
             "../rh/gf-02-rh-5.ly"
/tmp/tmpos1b60h1/2024-10-14T11-52-31-637055-3a8260f.ly:27:14: error: cannot find file: `../rh/gf-02-rh-93.ly'
(search path: `/tmp/tmpos1b60h1:/home/user/GitHub/Artyfyshall-Bird/code-implementation:/usr/share/lilypond/2.22.1/ly:/usr/share/lilypond/2.22.1/ps:/usr/share/lilypond/2.22.1/scm:/usr/share/lilypond/2.22.1/fonts/otf/:/usr/share/lilypond/2.22.1/fonts/type1/:/usr/share/lilypond/2.22.1/fonts/svg/:')
    \include 
             "../rh/gf-02-rh-93.ly"
/tmp/tmpos1b60h1/2024-10-14T11-52-31-637055-3a8260f.ly:28:14: error: cannot find file: `../rh/gf-02-rh-77.ly'
(search path: `/tmp/tmpos1b60h1:/home/user/GitHub/Artyfyshall-Bird/code-implementation:/usr/share/lilypond/2.22.1/ly:/usr/share/lilypond/2.22.1/ps:/usr/share/lilypond/2.22.1/scm:/usr/share/lilypond/2.22.1/fonts/otf/:/usr/share/lilypond/2.22.1/fonts/type1/:/usr/share/lilypond/2.22.1/fonts/svg/:')
    \include 
             "../rh/gf-02-rh-77.ly"
/tmp/tmpos1b60h1/2024-10-14T11-52-31-637055-3a8260f.ly:29:14: error: cannot find file: `../rh/gf-02-rh-8.ly'
(search path: `/tmp/tmpos1b60h1:/home/user/GitHub/Artyfyshall-Bird/code-implementation:/usr/share/lilypond/2.22.1/ly:/usr/share/lilypond/2.22.1/ps:/usr/share/lilypond/2.22.1/scm:/usr/share/lilypond/2.22.1/fonts/otf/:/usr/share/lilypond/2.22.1/fonts/type1/:/usr/share/lilypond/2.22.1/fonts/svg/:')
    \include 
             "../rh/gf-02-rh-8.ly"
/tmp/tmpos1b60h1/2024-10-14T11-52-31-637055-3a8260f.ly:30:14: error: cannot find file: `../rh/gf-02-rh-87.ly'
(search path: `/tmp/tmpos1b60h1:/home/user/GitHub/Artyfyshall-Bird/code-implementation:/usr/share/lilypond/2.22.1/ly:/usr/share/lilypond/2.22.1/ps:/usr/share/lilypond/2.22.1/scm:/usr/share/lilypond/2.22.1/fonts/otf/:/usr/share/lilypond/2.22.1/fonts/type1/:/usr/share/lilypond/2.22.1/fonts/svg/:')
    \include 
             "../rh/gf-02-rh-87.ly"
/tmp/tmpos1b60h1/2024-10-14T11-52-31-637055-3a8260f.ly:31:14: error: cannot find file: `../rh/gf-02-rh-33.ly'
(search path: `/tmp/tmpos1b60h1:/home/user/GitHub/Artyfyshall-Bird/code-implementation:/usr/share/lilypond/2.22.1/ly:/usr/share/lilypond/2.22.1/ps:/usr/share/lilypond/2.22.1/scm:/usr/share/lilypond/2.22.1/fonts/otf/:/usr/share/lilypond/2.22.1/fonts/type1/:/usr/share/lilypond/2.22.1/fonts/svg/:')
    \include 
             "../rh/gf-02-rh-33.ly"
/tmp/tmpos1b60h1/2024-10-14T11-52-31-637055-3a8260f.ly:32:14: error: cannot find file: `../rh/gf-02-rh-66.ly'
(search path: `/tmp/tmpos1b60h1:/home/user/GitHub/Artyfyshall-Bird/code-implementation:/usr/share/lilypond/2.22.1/ly:/usr/share/lilypond/2.22.1/ps:/usr/share/lilypond/2.22.1/scm:/usr/share/lilypond/2.22.1/fonts/otf/:/usr/share/lilypond/2.22.1/fonts/type1/:/usr/share/lilypond/2.22.1/fonts/svg/:')
    \include 
             "../rh/gf-02-rh-66.ly"
/tmp/tmpos1b60h1/2024-10-14T11-52-31-637055-3a8260f.ly:36:14: error: cannot find file: `../bassline_option.ly'
(search path: `/tmp/tmpos1b60h1:/home/user/GitHub/Artyfyshall-Bird/code-implementation:/usr/share/lilypond/2.22.1/ly:/usr/share/lilypond/2.22.1/ps:/usr/share/lilypond/2.22.1/scm:/usr/share/lilypond/2.22.1/fonts/otf/:/usr/share/lilypond/2.22.1/fonts/type1/:/usr/share/lilypond/2.22.1/fonts/svg/:')
    \include 
             "../bassline_option.ly"
/tmp/tmpos1b60h1/2024-10-14T11-52-31-637055-3a8260f.ly:37:14: error: cannot find file: `../lh/gf-02-lh-72.ly'
(search path: `/tmp/tmpos1b60h1:/home/user/GitHub/Artyfyshall-Bird/code-implementation:/usr/share/lilypond/2.22.1/ly:/usr/share/lilypond/2.22.1/ps:/usr/share/lilypond/2.22.1/scm:/usr/share/lilypond/2.22.1/fonts/otf/:/usr/share/lilypond/2.22.1/fonts/type1/:/usr/share/lilypond/2.22.1/fonts/svg/:')
    \include 
             "../lh/gf-02-lh-72.ly"
/tmp/tmpos1b60h1/2024-10-14T11-52-31-637055-3a8260f.ly:38:14: error: cannot find file: `../lh/gf-02-lh-82.ly'
(search path: `/tmp/tmpos1b60h1:/home/user/GitHub/Artyfyshall-Bird/code-implementation:/usr/share/lilypond/2.22.1/ly:/usr/share/lilypond/2.22.1/ps:/usr/share/lilypond/2.22.1/scm:/usr/share/lilypond/2.22.1/fonts/otf/:/usr/share/lilypond/2.22.1/fonts/type1/:/usr/share/lilypond/2.22.1/fonts/svg/:')
    \include 
             "../lh/gf-02-lh-82.ly"
/tmp/tmpos1b60h1/2024-10-14T11-52-31-637055-3a8260f.ly:39:14: error: cannot find file: `../lh/gf-02-lh-59.ly'
(search path: `/tmp/tmpos1b60h1:/home/user/GitHub/Artyfyshall-Bird/code-implementation:/usr/share/lilypond/2.22.1/ly:/usr/share/lilypond/2.22.1/ps:/usr/share/lilypond/2.22.1/scm:/usr/share/lilypond/2.22.1/fonts/otf/:/usr/share/lilypond/2.22.1/fonts/type1/:/usr/share/lilypond/2.22.1/fonts/svg/:')
    \include 
             "../lh/gf-02-lh-59.ly"
/tmp/tmpos1b60h1/2024-10-14T11-52-31-637055-3a8260f.ly:40:14: error: cannot find file: `../lh/gf-02-lh-25.ly'
(search path: `/tmp/tmpos1b60h1:/home/user/GitHub/Artyfyshall-Bird/code-implementation:/usr/share/lilypond/2.22.1/ly:/usr/share/lilypond/2.22.1/ps:/usr/share/lilypond/2.22.1/scm:/usr/share/lilypond/2.22.1/fonts/otf/:/usr/share/lilypond/2.22.1/fonts/type1/:/usr/share/lilypond/2.22.1/fonts/svg/:')
    \include 
             "../lh/gf-02-lh-25.ly"
/tmp/tmpos1b60h1/2024-10-14T11-52-31-637055-3a8260f.ly:41:14: error: cannot find file: `../lh/gf-02-lh-14.ly'
(search path: `/tmp/tmpos1b60h1:/home/user/GitHub/Artyfyshall-Bird/code-implementation:/usr/share/lilypond/2.22.1/ly:/usr/share/lilypond/2.22.1/ps:/usr/share/lilypond/2.22.1/scm:/usr/share/lilypond/2.22.1/fonts/otf/:/usr/share/lilypond/2.22.1/fonts/type1/:/usr/share/lilypond/2.22.1/fonts/svg/:')
    \include 
             "../lh/gf-02-lh-14.ly"
/tmp/tmpos1b60h1/2024-10-14T11-52-31-637055-3a8260f.ly:42:14: error: cannot find file: `../lh/gf-02-lh-43.ly'
(search path: `/tmp/tmpos1b60h1:/home/user/GitHub/Artyfyshall-Bird/code-implementation:/usr/share/lilypond/2.22.1/ly:/usr/share/lilypond/2.22.1/ps:/usr/share/lilypond/2.22.1/scm:/usr/share/lilypond/2.22.1/fonts/otf/:/usr/share/lilypond/2.22.1/fonts/type1/:/usr/share/lilypond/2.22.1/fonts/svg/:')
    \include 
             "../lh/gf-02-lh-43.ly"
/tmp/tmpos1b60h1/2024-10-14T11-52-31-637055-3a8260f.ly:43:14: error: cannot find file: `../lh/gf-02-lh-15.ly'
(search path: `/tmp/tmpos1b60h1:/home/user/GitHub/Artyfyshall-Bird/code-implementation:/usr/share/lilypond/2.22.1/ly:/usr/share/lilypond/2.22.1/ps:/usr/share/lilypond/2.22.1/scm:/usr/share/lilypond/2.22.1/fonts/otf/:/usr/share/lilypond/2.22.1/fonts/type1/:/usr/share/lilypond/2.22.1/fonts/svg/:')
    \include 
             "../lh/gf-02-lh-15.ly"
/tmp/tmpos1b60h1/2024-10-14T11-52-31-637055-3a8260f.ly:44:14: error: cannot find file: `../lh/gf-02-lh-94.ly'
(search path: `/tmp/tmpos1b60h1:/home/user/GitHub/Artyfyshall-Bird/code-implementation:/usr/share/lilypond/2.22.1/ly:/usr/share/lilypond/2.22.1/ps:/usr/share/lilypond/2.22.1/scm:/usr/share/lilypond/2.22.1/fonts/otf/:/usr/share/lilypond/2.22.1/fonts/type1/:/usr/share/lilypond/2.22.1/fonts/svg/:')
    \include 
             "../lh/gf-02-lh-94.ly"
/tmp/tmpos1b60h1/2024-10-14T11-52-31-637055-3a8260f.ly:45:14: error: cannot find file: `../lh/gf-02-lh-36.ly'
(search path: `/tmp/tmpos1b60h1:/home/user/GitHub/Artyfyshall-Bird/code-implementation:/usr/share/lilypond/2.22.1/ly:/usr/share/lilypond/2.22.1/ps:/usr/share/lilypond/2.22.1/scm:/usr/share/lilypond/2.22.1/fonts/otf/:/usr/share/lilypond/2.22.1/fonts/type1/:/usr/share/lilypond/2.22.1/fonts/svg/:')
    \include 
             "../lh/gf-02-lh-36.ly"
/tmp/tmpos1b60h1/2024-10-14T11-52-31-637055-3a8260f.ly:46:14: error: cannot find file: `../lh/gf-02-lh-5.ly'
(search path: `/tmp/tmpos1b60h1:/home/user/GitHub/Artyfyshall-Bird/code-implementation:/usr/share/lilypond/2.22.1/ly:/usr/share/lilypond/2.22.1/ps:/usr/share/lilypond/2.22.1/scm:/usr/share/lilypond/2.22.1/fonts/otf/:/usr/share/lilypond/2.22.1/fonts/type1/:/usr/share/lilypond/2.22.1/fonts/svg/:')
    \include 
             "../lh/gf-02-lh-5.ly"
/tmp/tmpos1b60h1/2024-10-14T11-52-31-637055-3a8260f.ly:47:14: error: cannot find file: `../lh/gf-02-lh-93.ly'
(search path: `/tmp/tmpos1b60h1:/home/user/GitHub/Artyfyshall-Bird/code-implementation:/usr/share/lilypond/2.22.1/ly:/usr/share/lilypond/2.22.1/ps:/usr/share/lilypond/2.22.1/scm:/usr/share/lilypond/2.22.1/fonts/otf/:/usr/share/lilypond/2.22.1/fonts/type1/:/usr/share/lilypond/2.22.1/fonts/svg/:')
    \include 
             "../lh/gf-02-lh-93.ly"
/tmp/tmpos1b60h1/2024-10-14T11-52-31-637055-3a8260f.ly:48:14: error: cannot find file: `../lh/gf-02-lh-77.ly'
(search path: `/tmp/tmpos1b60h1:/home/user/GitHub/Artyfyshall-Bird/code-implementation:/usr/share/lilypond/2.22.1/ly:/usr/share/lilypond/2.22.1/ps:/usr/share/lilypond/2.22.1/scm:/usr/share/lilypond/2.22.1/fonts/otf/:/usr/share/lilypond/2.22.1/fonts/type1/:/usr/share/lilypond/2.22.1/fonts/svg/:')
    \include 
             "../lh/gf-02-lh-77.ly"
/tmp/tmpos1b60h1/2024-10-14T11-52-31-637055-3a8260f.ly:49:14: error: cannot find file: `../lh/gf-02-lh-8.ly'
(search path: `/tmp/tmpos1b60h1:/home/user/GitHub/Artyfyshall-Bird/code-implementation:/usr/share/lilypond/2.22.1/ly:/usr/share/lilypond/2.22.1/ps:/usr/share/lilypond/2.22.1/scm:/usr/share/lilypond/2.22.1/fonts/otf/:/usr/share/lilypond/2.22.1/fonts/type1/:/usr/share/lilypond/2.22.1/fonts/svg/:')
    \include 
             "../lh/gf-02-lh-8.ly"
/tmp/tmpos1b60h1/2024-10-14T11-52-31-637055-3a8260f.ly:50:14: error: cannot find file: `../lh/gf-02-lh-87.ly'
(search path: `/tmp/tmpos1b60h1:/home/user/GitHub/Artyfyshall-Bird/code-implementation:/usr/share/lilypond/2.22.1/ly:/usr/share/lilypond/2.22.1/ps:/usr/share/lilypond/2.22.1/scm:/usr/share/lilypond/2.22.1/fonts/otf/:/usr/share/lilypond/2.22.1/fonts/type1/:/usr/share/lilypond/2.22.1/fonts/svg/:')
    \include 
             "../lh/gf-02-lh-87.ly"
/tmp/tmpos1b60h1/2024-10-14T11-52-31-637055-3a8260f.ly:51:14: error: cannot find file: `../lh/gf-02-lh-33.ly'
(search path: `/tmp/tmpos1b60h1:/home/user/GitHub/Artyfyshall-Bird/code-implementation:/usr/share/lilypond/2.22.1/ly:/usr/share/lilypond/2.22.1/ps:/usr/share/lilypond/2.22.1/scm:/usr/share/lilypond/2.22.1/fonts/otf/:/usr/share/lilypond/2.22.1/fonts/type1/:/usr/share/lilypond/2.22.1/fonts/svg/:')
    \include 
             "../lh/gf-02-lh-33.ly"
/tmp/tmpos1b60h1/2024-10-14T11-52-31-637055-3a8260f.ly:52:14: error: cannot find file: `../lh/gf-02-lh-66.ly'
(search path: `/tmp/tmpos1b60h1:/home/user/GitHub/Artyfyshall-Bird/code-implementation:/usr/share/lilypond/2.22.1/ly:/usr/share/lilypond/2.22.1/ps:/usr/share/lilypond/2.22.1/scm:/usr/share/lilypond/2.22.1/fonts/otf/:/usr/share/lilypond/2.22.1/fonts/type1/:/usr/share/lilypond/2.22.1/fonts/svg/:')
    \include 
             "../lh/gf-02-lh-66.ly"
/tmp/tmpos1b60h1/2024-10-14T11-52-31-637055-3a8260f.ly:56:14: error: cannot find file: `../layout_settings.ly'
(search path: `/tmp/tmpos1b60h1:/home/user/GitHub/Artyfyshall-Bird/code-implementation:/usr/share/lilypond/2.22.1/ly:/usr/share/lilypond/2.22.1/ps:/usr/share/lilypond/2.22.1/scm:/usr/share/lilypond/2.22.1/fonts/otf/:/usr/share/lilypond/2.22.1/fonts/type1/:/usr/share/lilypond/2.22.1/fonts/svg/:')
    \include 
             "../layout_settings.ly"
/tmp/tmpos1b60h1/2024-10-14T11-52-31-637055-3a8260f.ly:1: warning: no \version statement found, please add

\version "2.22.1"

for future compatibility
Interpreting music...
/tmp/tmpos1b60h1/2024-10-14T11-52-31-637055-3a8260f.ly:8:5: warning: skipping zero-duration score
    
    <<
/tmp/tmpos1b60h1/2024-10-14T11-52-31-637055-3a8260f.ly:8:5: warning: to suppress this, consider adding a spacer rest
    
    <<
fatal error: failed files: "/tmp/tmpos1b60h1/2024-10-14T11-52-31-637055-3a8260f.ly"
