GNU LilyPond 2.22.1
Changing working directory to: `/tmp/tmp3n2naymk'
Processing `/tmp/tmp3n2naymk/2024-10-14T11-54-41-057449-42ad61e.ly'
Parsing...
/tmp/tmp3n2naymk/2024-10-14T11-54-41-057449-42ad61e.ly:1:10: error: cannot find file: `../paper_settings.ly'
(search path: `/tmp/tmp3n2naymk:/home/user/GitHub/Artyfyshall-Bird/code-implementation:/usr/share/lilypond/2.22.1/ly:/usr/share/lilypond/2.22.1/ps:/usr/share/lilypond/2.22.1/scm:/usr/share/lilypond/2.22.1/fonts/otf/:/usr/share/lilypond/2.22.1/fonts/type1/:/usr/share/lilypond/2.22.1/fonts/svg/:')
\include 
         "../paper_settings.ly" 
/tmp/tmp3n2naymk/2024-10-14T11-54-41-057449-42ad61e.ly:13:14: error: cannot find file: `../voice_option.ly'
(search path: `/tmp/tmp3n2naymk:/home/user/GitHub/Artyfyshall-Bird/code-implementation:/usr/share/lilypond/2.22.1/ly:/usr/share/lilypond/2.22.1/ps:/usr/share/lilypond/2.22.1/scm:/usr/share/lilypond/2.22.1/fonts/otf/:/usr/share/lilypond/2.22.1/fonts/type1/:/usr/share/lilypond/2.22.1/fonts/svg/:')
    \include 
             "../voice_option.ly"
/tmp/tmp3n2naymk/2024-10-14T11-54-41-057449-42ad61e.ly:15:14: error: cannot find file: `../rh/gf-02-rh-83.ly'
(search path: `/tmp/tmp3n2naymk:/home/user/GitHub/Artyfyshall-Bird/code-implementation:/usr/share/lilypond/2.22.1/ly:/usr/share/lilypond/2.22.1/ps:/usr/share/lilypond/2.22.1/scm:/usr/share/lilypond/2.22.1/fonts/otf/:/usr/share/lilypond/2.22.1/fonts/type1/:/usr/share/lilypond/2.22.1/fonts/svg/:')
    \include 
             "../rh/gf-02-rh-83.ly"
/tmp/tmp3n2naymk/2024-10-14T11-54-41-057449-42ad61e.ly:16:14: error: cannot find file: `../rh/gf-02-rh-6.ly'
(search path: `/tmp/tmp3n2naymk:/home/user/GitHub/Artyfyshall-Bird/code-implementation:/usr/share/lilypond/2.22.1/ly:/usr/share/lilypond/2.22.1/ps:/usr/share/lilypond/2.22.1/scm:/usr/share/lilypond/2.22.1/fonts/otf/:/usr/share/lilypond/2.22.1/fonts/type1/:/usr/share/lilypond/2.22.1/fonts/svg/:')
    \include 
             "../rh/gf-02-rh-6.ly"
/tmp/tmp3n2naymk/2024-10-14T11-54-41-057449-42ad61e.ly:17:14: error: cannot find file: `../rh/gf-02-rh-28.ly'
(search path: `/tmp/tmp3n2naymk:/home/user/GitHub/Artyfyshall-Bird/code-implementation:/usr/share/lilypond/2.22.1/ly:/usr/share/lilypond/2.22.1/ps:/usr/share/lilypond/2.22.1/scm:/usr/share/lilypond/2.22.1/fonts/otf/:/usr/share/lilypond/2.22.1/fonts/type1/:/usr/share/lilypond/2.22.1/fonts/svg/:')
    \include 
             "../rh/gf-02-rh-28.ly"
/tmp/tmp3n2naymk/2024-10-14T11-54-41-057449-42ad61e.ly:18:14: error: cannot find file: `../rh/gf-02-rh-74.ly'
(search path: `/tmp/tmp3n2naymk:/home/user/GitHub/Artyfyshall-Bird/code-implementation:/usr/share/lilypond/2.22.1/ly:/usr/share/lilypond/2.22.1/ps:/usr/share/lilypond/2.22.1/scm:/usr/share/lilypond/2.22.1/fonts/otf/:/usr/share/lilypond/2.22.1/fonts/type1/:/usr/share/lilypond/2.22.1/fonts/svg/:')
    \include 
             "../rh/gf-02-rh-74.ly"
/tmp/tmp3n2naymk/2024-10-14T11-54-41-057449-42ad61e.ly:19:14: error: cannot find file: `../rh/gf-02-rh-29.ly'
(search path: `/tmp/tmp3n2naymk:/home/user/GitHub/Artyfyshall-Bird/code-implementation:/usr/share/lilypond/2.22.1/ly:/usr/share/lilypond/2.22.1/ps:/usr/share/lilypond/2.22.1/scm:/usr/share/lilypond/2.22.1/fonts/otf/:/usr/share/lilypond/2.22.1/fonts/type1/:/usr/share/lilypond/2.22.1/fonts/svg/:')
    \include 
             "../rh/gf-02-rh-29.ly"
/tmp/tmp3n2naymk/2024-10-14T11-54-41-057449-42ad61e.ly:20:14: error: cannot find file: `../rh/gf-02-rh-55.ly'
(search path: `/tmp/tmp3n2naymk:/home/user/GitHub/Artyfyshall-Bird/code-implementation:/usr/share/lilypond/2.22.1/ly:/usr/share/lilypond/2.22.1/ps:/usr/share/lilypond/2.22.1/scm:/usr/share/lilypond/2.22.1/fonts/otf/:/usr/share/lilypond/2.22.1/fonts/type1/:/usr/share/lilypond/2.22.1/fonts/svg/:')
    \include 
             "../rh/gf-02-rh-55.ly"
/tmp/tmp3n2naymk/2024-10-14T11-54-41-057449-42ad61e.ly:21:14: error: cannot find file: `../rh/gf-02-rh-89.ly'
(search path: `/tmp/tmp3n2naymk:/home/user/GitHub/Artyfyshall-Bird/code-implementation:/usr/share/lilypond/2.22.1/ly:/usr/share/lilypond/2.22.1/ps:/usr/share/lilypond/2.22.1/scm:/usr/share/lilypond/2.22.1/fonts/otf/:/usr/share/lilypond/2.22.1/fonts/type1/:/usr/share/lilypond/2.22.1/fonts/svg/:')
    \include 
             "../rh/gf-02-rh-89.ly"
/tmp/tmp3n2naymk/2024-10-14T11-54-41-057449-42ad61e.ly:22:14: error: cannot find file: `../rh/gf-02-rh-80.ly'
(search path: `/tmp/tmp3n2naymk:/home/user/GitHub/Artyfyshall-Bird/code-implementation:/usr/share/lilypond/2.22.1/ly:/usr/share/lilypond/2.22.1/ps:/usr/share/lilypond/2.22.1/scm:/usr/share/lilypond/2.22.1/fonts/otf/:/usr/share/lilypond/2.22.1/fonts/type1/:/usr/share/lilypond/2.22.1/fonts/svg/:')
    \include 
             "../rh/gf-02-rh-80.ly"
/tmp/tmp3n2naymk/2024-10-14T11-54-41-057449-42ad61e.ly:25:14: error: cannot find file: `../rh/gf-02-rh-76.ly'
(search path: `/tmp/tmp3n2naymk:/home/user/GitHub/Artyfyshall-Bird/code-implementation:/usr/share/lilypond/2.22.1/ly:/usr/share/lilypond/2.22.1/ps:/usr/share/lilypond/2.22.1/scm:/usr/share/lilypond/2.22.1/fonts/otf/:/usr/share/lilypond/2.22.1/fonts/type1/:/usr/share/lilypond/2.22.1/fonts/svg/:')
    \include 
             "../rh/gf-02-rh-76.ly"
/tmp/tmp3n2naymk/2024-10-14T11-54-41-057449-42ad61e.ly:26:14: error: cannot find file: `../rh/gf-02-rh-20.ly'
(search path: `/tmp/tmp3n2naymk:/home/user/GitHub/Artyfyshall-Bird/code-implementation:/usr/share/lilypond/2.22.1/ly:/usr/share/lilypond/2.22.1/ps:/usr/share/lilypond/2.22.1/scm:/usr/share/lilypond/2.22.1/fonts/otf/:/usr/share/lilypond/2.22.1/fonts/type1/:/usr/share/lilypond/2.22.1/fonts/svg/:')
    \include 
             "../rh/gf-02-rh-20.ly"
/tmp/tmp3n2naymk/2024-10-14T11-54-41-057449-42ad61e.ly:27:14: error: cannot find file: `../rh/gf-02-rh-46.ly'
(search path: `/tmp/tmp3n2naymk:/home/user/GitHub/Artyfyshall-Bird/code-implementation:/usr/share/lilypond/2.22.1/ly:/usr/share/lilypond/2.22.1/ps:/usr/share/lilypond/2.22.1/scm:/usr/share/lilypond/2.22.1/fonts/otf/:/usr/share/lilypond/2.22.1/fonts/type1/:/usr/share/lilypond/2.22.1/fonts/svg/:')
    \include 
             "../rh/gf-02-rh-46.ly"
/tmp/tmp3n2naymk/2024-10-14T11-54-41-057449-42ad61e.ly:28:14: error: cannot find file: `../rh/gf-02-rh-77.ly'
(search path: `/tmp/tmp3n2naymk:/home/user/GitHub/Artyfyshall-Bird/code-implementation:/usr/share/lilypond/2.22.1/ly:/usr/share/lilypond/2.22.1/ps:/usr/share/lilypond/2.22.1/scm:/usr/share/lilypond/2.22.1/fonts/otf/:/usr/share/lilypond/2.22.1/fonts/type1/:/usr/share/lilypond/2.22.1/fonts/svg/:')
    \include 
             "../rh/gf-02-rh-77.ly"
/tmp/tmp3n2naymk/2024-10-14T11-54-41-057449-42ad61e.ly:29:14: error: cannot find file: `../rh/gf-02-rh-57.ly'
(search path: `/tmp/tmp3n2naymk:/home/user/GitHub/Artyfyshall-Bird/code-implementation:/usr/share/lilypond/2.22.1/ly:/usr/share/lilypond/2.22.1/ps:/usr/share/lilypond/2.22.1/scm:/usr/share/lilypond/2.22.1/fonts/otf/:/usr/share/lilypond/2.22.1/fonts/type1/:/usr/share/lilypond/2.22.1/fonts/svg/:')
    \include 
             "../rh/gf-02-rh-57.ly"
/tmp/tmp3n2naymk/2024-10-14T11-54-41-057449-42ad61e.ly:30:14: error: cannot find file: `../rh/gf-02-rh-58.ly'
(search path: `/tmp/tmp3n2naymk:/home/user/GitHub/Artyfyshall-Bird/code-implementation:/usr/share/lilypond/2.22.1/ly:/usr/share/lilypond/2.22.1/ps:/usr/share/lilypond/2.22.1/scm:/usr/share/lilypond/2.22.1/fonts/otf/:/usr/share/lilypond/2.22.1/fonts/type1/:/usr/share/lilypond/2.22.1/fonts/svg/:')
    \include 
             "../rh/gf-02-rh-58.ly"
/tmp/tmp3n2naymk/2024-10-14T11-54-41-057449-42ad61e.ly:31:14: error: cannot find file: `../rh/gf-02-rh-33.ly'
(search path: `/tmp/tmp3n2naymk:/home/user/GitHub/Artyfyshall-Bird/code-implementation:/usr/share/lilypond/2.22.1/ly:/usr/share/lilypond/2.22.1/ps:/usr/share/lilypond/2.22.1/scm:/usr/share/lilypond/2.22.1/fonts/otf/:/usr/share/lilypond/2.22.1/fonts/type1/:/usr/share/lilypond/2.22.1/fonts/svg/:')
    \include 
             "../rh/gf-02-rh-33.ly"
/tmp/tmp3n2naymk/2024-10-14T11-54-41-057449-42ad61e.ly:32:14: error: cannot find file: `../rh/gf-02-rh-21.ly'
(search path: `/tmp/tmp3n2naymk:/home/user/GitHub/Artyfyshall-Bird/code-implementation:/usr/share/lilypond/2.22.1/ly:/usr/share/lilypond/2.22.1/ps:/usr/share/lilypond/2.22.1/scm:/usr/share/lilypond/2.22.1/fonts/otf/:/usr/share/lilypond/2.22.1/fonts/type1/:/usr/share/lilypond/2.22.1/fonts/svg/:')
    \include 
             "../rh/gf-02-rh-21.ly"
/tmp/tmp3n2naymk/2024-10-14T11-54-41-057449-42ad61e.ly:36:14: error: cannot find file: `../bassline_option.ly'
(search path: `/tmp/tmp3n2naymk:/home/user/GitHub/Artyfyshall-Bird/code-implementation:/usr/share/lilypond/2.22.1/ly:/usr/share/lilypond/2.22.1/ps:/usr/share/lilypond/2.22.1/scm:/usr/share/lilypond/2.22.1/fonts/otf/:/usr/share/lilypond/2.22.1/fonts/type1/:/usr/share/lilypond/2.22.1/fonts/svg/:')
    \include 
             "../bassline_option.ly"
/tmp/tmp3n2naymk/2024-10-14T11-54-41-057449-42ad61e.ly:37:14: error: cannot find file: `../lh/gf-02-lh-83.ly'
(search path: `/tmp/tmp3n2naymk:/home/user/GitHub/Artyfyshall-Bird/code-implementation:/usr/share/lilypond/2.22.1/ly:/usr/share/lilypond/2.22.1/ps:/usr/share/lilypond/2.22.1/scm:/usr/share/lilypond/2.22.1/fonts/otf/:/usr/share/lilypond/2.22.1/fonts/type1/:/usr/share/lilypond/2.22.1/fonts/svg/:')
    \include 
             "../lh/gf-02-lh-83.ly"
/tmp/tmp3n2naymk/2024-10-14T11-54-41-057449-42ad61e.ly:38:14: error: cannot find file: `../lh/gf-02-lh-6.ly'
(search path: `/tmp/tmp3n2naymk:/home/user/GitHub/Artyfyshall-Bird/code-implementation:/usr/share/lilypond/2.22.1/ly:/usr/share/lilypond/2.22.1/ps:/usr/share/lilypond/2.22.1/scm:/usr/share/lilypond/2.22.1/fonts/otf/:/usr/share/lilypond/2.22.1/fonts/type1/:/usr/share/lilypond/2.22.1/fonts/svg/:')
    \include 
             "../lh/gf-02-lh-6.ly"
/tmp/tmp3n2naymk/2024-10-14T11-54-41-057449-42ad61e.ly:39:14: error: cannot find file: `../lh/gf-02-lh-28.ly'
(search path: `/tmp/tmp3n2naymk:/home/user/GitHub/Artyfyshall-Bird/code-implementation:/usr/share/lilypond/2.22.1/ly:/usr/share/lilypond/2.22.1/ps:/usr/share/lilypond/2.22.1/scm:/usr/share/lilypond/2.22.1/fonts/otf/:/usr/share/lilypond/2.22.1/fonts/type1/:/usr/share/lilypond/2.22.1/fonts/svg/:')
    \include 
             "../lh/gf-02-lh-28.ly"
/tmp/tmp3n2naymk/2024-10-14T11-54-41-057449-42ad61e.ly:40:14: error: cannot find file: `../lh/gf-02-lh-74.ly'
(search path: `/tmp/tmp3n2naymk:/home/user/GitHub/Artyfyshall-Bird/code-implementation:/usr/share/lilypond/2.22.1/ly:/usr/share/lilypond/2.22.1/ps:/usr/share/lilypond/2.22.1/scm:/usr/share/lilypond/2.22.1/fonts/otf/:/usr/share/lilypond/2.22.1/fonts/type1/:/usr/share/lilypond/2.22.1/fonts/svg/:')
    \include 
             "../lh/gf-02-lh-74.ly"
/tmp/tmp3n2naymk/2024-10-14T11-54-41-057449-42ad61e.ly:41:14: error: cannot find file: `../lh/gf-02-lh-29.ly'
(search path: `/tmp/tmp3n2naymk:/home/user/GitHub/Artyfyshall-Bird/code-implementation:/usr/share/lilypond/2.22.1/ly:/usr/share/lilypond/2.22.1/ps:/usr/share/lilypond/2.22.1/scm:/usr/share/lilypond/2.22.1/fonts/otf/:/usr/share/lilypond/2.22.1/fonts/type1/:/usr/share/lilypond/2.22.1/fonts/svg/:')
    \include 
             "../lh/gf-02-lh-29.ly"
/tmp/tmp3n2naymk/2024-10-14T11-54-41-057449-42ad61e.ly:42:14: error: cannot find file: `../lh/gf-02-lh-55.ly'
(search path: `/tmp/tmp3n2naymk:/home/user/GitHub/Artyfyshall-Bird/code-implementation:/usr/share/lilypond/2.22.1/ly:/usr/share/lilypond/2.22.1/ps:/usr/share/lilypond/2.22.1/scm:/usr/share/lilypond/2.22.1/fonts/otf/:/usr/share/lilypond/2.22.1/fonts/type1/:/usr/share/lilypond/2.22.1/fonts/svg/:')
    \include 
             "../lh/gf-02-lh-55.ly"
/tmp/tmp3n2naymk/2024-10-14T11-54-41-057449-42ad61e.ly:43:14: error: cannot find file: `../lh/gf-02-lh-89.ly'
(search path: `/tmp/tmp3n2naymk:/home/user/GitHub/Artyfyshall-Bird/code-implementation:/usr/share/lilypond/2.22.1/ly:/usr/share/lilypond/2.22.1/ps:/usr/share/lilypond/2.22.1/scm:/usr/share/lilypond/2.22.1/fonts/otf/:/usr/share/lilypond/2.22.1/fonts/type1/:/usr/share/lilypond/2.22.1/fonts/svg/:')
    \include 
             "../lh/gf-02-lh-89.ly"
/tmp/tmp3n2naymk/2024-10-14T11-54-41-057449-42ad61e.ly:44:14: error: cannot find file: `../lh/gf-02-lh-80.ly'
(search path: `/tmp/tmp3n2naymk:/home/user/GitHub/Artyfyshall-Bird/code-implementation:/usr/share/lilypond/2.22.1/ly:/usr/share/lilypond/2.22.1/ps:/usr/share/lilypond/2.22.1/scm:/usr/share/lilypond/2.22.1/fonts/otf/:/usr/share/lilypond/2.22.1/fonts/type1/:/usr/share/lilypond/2.22.1/fonts/svg/:')
    \include 
             "../lh/gf-02-lh-80.ly"
/tmp/tmp3n2naymk/2024-10-14T11-54-41-057449-42ad61e.ly:45:14: error: cannot find file: `../lh/gf-02-lh-76.ly'
(search path: `/tmp/tmp3n2naymk:/home/user/GitHub/Artyfyshall-Bird/code-implementation:/usr/share/lilypond/2.22.1/ly:/usr/share/lilypond/2.22.1/ps:/usr/share/lilypond/2.22.1/scm:/usr/share/lilypond/2.22.1/fonts/otf/:/usr/share/lilypond/2.22.1/fonts/type1/:/usr/share/lilypond/2.22.1/fonts/svg/:')
    \include 
             "../lh/gf-02-lh-76.ly"
/tmp/tmp3n2naymk/2024-10-14T11-54-41-057449-42ad61e.ly:46:14: error: cannot find file: `../lh/gf-02-lh-20.ly'
(search path: `/tmp/tmp3n2naymk:/home/user/GitHub/Artyfyshall-Bird/code-implementation:/usr/share/lilypond/2.22.1/ly:/usr/share/lilypond/2.22.1/ps:/usr/share/lilypond/2.22.1/scm:/usr/share/lilypond/2.22.1/fonts/otf/:/usr/share/lilypond/2.22.1/fonts/type1/:/usr/share/lilypond/2.22.1/fonts/svg/:')
    \include 
             "../lh/gf-02-lh-20.ly"
/tmp/tmp3n2naymk/2024-10-14T11-54-41-057449-42ad61e.ly:47:14: error: cannot find file: `../lh/gf-02-lh-46.ly'
(search path: `/tmp/tmp3n2naymk:/home/user/GitHub/Artyfyshall-Bird/code-implementation:/usr/share/lilypond/2.22.1/ly:/usr/share/lilypond/2.22.1/ps:/usr/share/lilypond/2.22.1/scm:/usr/share/lilypond/2.22.1/fonts/otf/:/usr/share/lilypond/2.22.1/fonts/type1/:/usr/share/lilypond/2.22.1/fonts/svg/:')
    \include 
             "../lh/gf-02-lh-46.ly"
/tmp/tmp3n2naymk/2024-10-14T11-54-41-057449-42ad61e.ly:48:14: error: cannot find file: `../lh/gf-02-lh-77.ly'
(search path: `/tmp/tmp3n2naymk:/home/user/GitHub/Artyfyshall-Bird/code-implementation:/usr/share/lilypond/2.22.1/ly:/usr/share/lilypond/2.22.1/ps:/usr/share/lilypond/2.22.1/scm:/usr/share/lilypond/2.22.1/fonts/otf/:/usr/share/lilypond/2.22.1/fonts/type1/:/usr/share/lilypond/2.22.1/fonts/svg/:')
    \include 
             "../lh/gf-02-lh-77.ly"
/tmp/tmp3n2naymk/2024-10-14T11-54-41-057449-42ad61e.ly:49:14: error: cannot find file: `../lh/gf-02-lh-57.ly'
(search path: `/tmp/tmp3n2naymk:/home/user/GitHub/Artyfyshall-Bird/code-implementation:/usr/share/lilypond/2.22.1/ly:/usr/share/lilypond/2.22.1/ps:/usr/share/lilypond/2.22.1/scm:/usr/share/lilypond/2.22.1/fonts/otf/:/usr/share/lilypond/2.22.1/fonts/type1/:/usr/share/lilypond/2.22.1/fonts/svg/:')
    \include 
             "../lh/gf-02-lh-57.ly"
/tmp/tmp3n2naymk/2024-10-14T11-54-41-057449-42ad61e.ly:50:14: error: cannot find file: `../lh/gf-02-lh-58.ly'
(search path: `/tmp/tmp3n2naymk:/home/user/GitHub/Artyfyshall-Bird/code-implementation:/usr/share/lilypond/2.22.1/ly:/usr/share/lilypond/2.22.1/ps:/usr/share/lilypond/2.22.1/scm:/usr/share/lilypond/2.22.1/fonts/otf/:/usr/share/lilypond/2.22.1/fonts/type1/:/usr/share/lilypond/2.22.1/fonts/svg/:')
    \include 
             "../lh/gf-02-lh-58.ly"
/tmp/tmp3n2naymk/2024-10-14T11-54-41-057449-42ad61e.ly:51:14: error: cannot find file: `../lh/gf-02-lh-33.ly'
(search path: `/tmp/tmp3n2naymk:/home/user/GitHub/Artyfyshall-Bird/code-implementation:/usr/share/lilypond/2.22.1/ly:/usr/share/lilypond/2.22.1/ps:/usr/share/lilypond/2.22.1/scm:/usr/share/lilypond/2.22.1/fonts/otf/:/usr/share/lilypond/2.22.1/fonts/type1/:/usr/share/lilypond/2.22.1/fonts/svg/:')
    \include 
             "../lh/gf-02-lh-33.ly"
/tmp/tmp3n2naymk/2024-10-14T11-54-41-057449-42ad61e.ly:52:14: error: cannot find file: `../lh/gf-02-lh-21.ly'
(search path: `/tmp/tmp3n2naymk:/home/user/GitHub/Artyfyshall-Bird/code-implementation:/usr/share/lilypond/2.22.1/ly:/usr/share/lilypond/2.22.1/ps:/usr/share/lilypond/2.22.1/scm:/usr/share/lilypond/2.22.1/fonts/otf/:/usr/share/lilypond/2.22.1/fonts/type1/:/usr/share/lilypond/2.22.1/fonts/svg/:')
    \include 
             "../lh/gf-02-lh-21.ly"
/tmp/tmp3n2naymk/2024-10-14T11-54-41-057449-42ad61e.ly:56:14: error: cannot find file: `../layout_settings.ly'
(search path: `/tmp/tmp3n2naymk:/home/user/GitHub/Artyfyshall-Bird/code-implementation:/usr/share/lilypond/2.22.1/ly:/usr/share/lilypond/2.22.1/ps:/usr/share/lilypond/2.22.1/scm:/usr/share/lilypond/2.22.1/fonts/otf/:/usr/share/lilypond/2.22.1/fonts/type1/:/usr/share/lilypond/2.22.1/fonts/svg/:')
    \include 
             "../layout_settings.ly"
/tmp/tmp3n2naymk/2024-10-14T11-54-41-057449-42ad61e.ly:1: warning: no \version statement found, please add

\version "2.22.1"

for future compatibility
Interpreting music...
/tmp/tmp3n2naymk/2024-10-14T11-54-41-057449-42ad61e.ly:8:5: warning: skipping zero-duration score
    
    <<
/tmp/tmp3n2naymk/2024-10-14T11-54-41-057449-42ad61e.ly:8:5: warning: to suppress this, consider adding a spacer rest
    
    <<
fatal error: failed files: "/tmp/tmp3n2naymk/2024-10-14T11-54-41-057449-42ad61e.ly"
