GNU LilyPond 2.22.1
Changing working directory to: `/tmp/tmpgn008hfi'
Processing `/tmp/tmpgn008hfi/2024-03-28T11-32-04-921253-f00016e.ly'
Parsing...
/tmp/tmpgn008hfi/2024-03-28T11-32-04-921253-f00016e.ly:1:10: error: cannot find file: `../paper_settings.ly'
(search path: `/tmp/tmpgn008hfi:/home/user/GitHub/Artyfyshall-Bird/code-implementation:/usr/share/lilypond/2.22.1/ly:/usr/share/lilypond/2.22.1/ps:/usr/share/lilypond/2.22.1/scm:/usr/share/lilypond/2.22.1/fonts/otf/:/usr/share/lilypond/2.22.1/fonts/type1/:/usr/share/lilypond/2.22.1/fonts/svg/:')
\include 
         "../paper_settings.ly" 
/tmp/tmpgn008hfi/2024-03-28T11-32-04-921253-f00016e.ly:15:14: error: cannot find file: `../voice_option.ly'
(search path: `/tmp/tmpgn008hfi:/home/user/GitHub/Artyfyshall-Bird/code-implementation:/usr/share/lilypond/2.22.1/ly:/usr/share/lilypond/2.22.1/ps:/usr/share/lilypond/2.22.1/scm:/usr/share/lilypond/2.22.1/fonts/otf/:/usr/share/lilypond/2.22.1/fonts/type1/:/usr/share/lilypond/2.22.1/fonts/svg/:')
    \include 
             "../voice_option.ly"
/tmp/tmpgn008hfi/2024-03-28T11-32-04-921253-f00016e.ly:16:14: error: cannot find file: `../uv/lm-01-uv-1-4.ly'
(search path: `/tmp/tmpgn008hfi:/home/user/GitHub/Artyfyshall-Bird/code-implementation:/usr/share/lilypond/2.22.1/ly:/usr/share/lilypond/2.22.1/ps:/usr/share/lilypond/2.22.1/scm:/usr/share/lilypond/2.22.1/fonts/otf/:/usr/share/lilypond/2.22.1/fonts/type1/:/usr/share/lilypond/2.22.1/fonts/svg/:')
    \include 
             "../uv/lm-01-uv-1-4.ly"
/tmp/tmpgn008hfi/2024-03-28T11-32-04-921253-f00016e.ly:17:14: error: cannot find file: `../uv/lm-01-uv-2-7.ly'
(search path: `/tmp/tmpgn008hfi:/home/user/GitHub/Artyfyshall-Bird/code-implementation:/usr/share/lilypond/2.22.1/ly:/usr/share/lilypond/2.22.1/ps:/usr/share/lilypond/2.22.1/scm:/usr/share/lilypond/2.22.1/fonts/otf/:/usr/share/lilypond/2.22.1/fonts/type1/:/usr/share/lilypond/2.22.1/fonts/svg/:')
    \include 
             "../uv/lm-01-uv-2-7.ly"
/tmp/tmpgn008hfi/2024-03-28T11-32-04-921253-f00016e.ly:18:14: error: cannot find file: `../uv/lm-01-uv-3-3.ly'
(search path: `/tmp/tmpgn008hfi:/home/user/GitHub/Artyfyshall-Bird/code-implementation:/usr/share/lilypond/2.22.1/ly:/usr/share/lilypond/2.22.1/ps:/usr/share/lilypond/2.22.1/scm:/usr/share/lilypond/2.22.1/fonts/otf/:/usr/share/lilypond/2.22.1/fonts/type1/:/usr/share/lilypond/2.22.1/fonts/svg/:')
    \include 
             "../uv/lm-01-uv-3-3.ly"
/tmp/tmpgn008hfi/2024-03-28T11-32-04-921253-f00016e.ly:19:14: error: cannot find file: `../uv/lm-01-uv-4-8.ly'
(search path: `/tmp/tmpgn008hfi:/home/user/GitHub/Artyfyshall-Bird/code-implementation:/usr/share/lilypond/2.22.1/ly:/usr/share/lilypond/2.22.1/ps:/usr/share/lilypond/2.22.1/scm:/usr/share/lilypond/2.22.1/fonts/otf/:/usr/share/lilypond/2.22.1/fonts/type1/:/usr/share/lilypond/2.22.1/fonts/svg/:')
    \include 
             "../uv/lm-01-uv-4-8.ly"
/tmp/tmpgn008hfi/2024-03-28T11-32-04-921253-f00016e.ly:20:14: error: cannot find file: `../uv/lm-01-uv-5-4.ly'
(search path: `/tmp/tmpgn008hfi:/home/user/GitHub/Artyfyshall-Bird/code-implementation:/usr/share/lilypond/2.22.1/ly:/usr/share/lilypond/2.22.1/ps:/usr/share/lilypond/2.22.1/scm:/usr/share/lilypond/2.22.1/fonts/otf/:/usr/share/lilypond/2.22.1/fonts/type1/:/usr/share/lilypond/2.22.1/fonts/svg/:')
    \include 
             "../uv/lm-01-uv-5-4.ly"
/tmp/tmpgn008hfi/2024-03-28T11-32-04-921253-f00016e.ly:21:14: error: cannot find file: `../uv/lm-01-uv-6-8.ly'
(search path: `/tmp/tmpgn008hfi:/home/user/GitHub/Artyfyshall-Bird/code-implementation:/usr/share/lilypond/2.22.1/ly:/usr/share/lilypond/2.22.1/ps:/usr/share/lilypond/2.22.1/scm:/usr/share/lilypond/2.22.1/fonts/otf/:/usr/share/lilypond/2.22.1/fonts/type1/:/usr/share/lilypond/2.22.1/fonts/svg/:')
    \include 
             "../uv/lm-01-uv-6-8.ly"
/tmp/tmpgn008hfi/2024-03-28T11-32-04-921253-f00016e.ly:22:14: error: cannot find file: `../uv/lm-01-uv-7-1.ly'
(search path: `/tmp/tmpgn008hfi:/home/user/GitHub/Artyfyshall-Bird/code-implementation:/usr/share/lilypond/2.22.1/ly:/usr/share/lilypond/2.22.1/ps:/usr/share/lilypond/2.22.1/scm:/usr/share/lilypond/2.22.1/fonts/otf/:/usr/share/lilypond/2.22.1/fonts/type1/:/usr/share/lilypond/2.22.1/fonts/svg/:')
    \include 
             "../uv/lm-01-uv-7-1.ly"
/tmp/tmpgn008hfi/2024-03-28T11-32-04-921253-f00016e.ly:23:14: error: cannot find file: `../uv/lm-01-uv-8-8.ly'
(search path: `/tmp/tmpgn008hfi:/home/user/GitHub/Artyfyshall-Bird/code-implementation:/usr/share/lilypond/2.22.1/ly:/usr/share/lilypond/2.22.1/ps:/usr/share/lilypond/2.22.1/scm:/usr/share/lilypond/2.22.1/fonts/otf/:/usr/share/lilypond/2.22.1/fonts/type1/:/usr/share/lilypond/2.22.1/fonts/svg/:')
    \include 
             "../uv/lm-01-uv-8-8.ly"
/tmp/tmpgn008hfi/2024-03-28T11-32-04-921253-f00016e.ly:30:14: error: cannot find file: `../bassline_option.ly'
(search path: `/tmp/tmpgn008hfi:/home/user/GitHub/Artyfyshall-Bird/code-implementation:/usr/share/lilypond/2.22.1/ly:/usr/share/lilypond/2.22.1/ps:/usr/share/lilypond/2.22.1/scm:/usr/share/lilypond/2.22.1/fonts/otf/:/usr/share/lilypond/2.22.1/fonts/type1/:/usr/share/lilypond/2.22.1/fonts/svg/:')
    \include 
             "../bassline_option.ly"
/tmp/tmpgn008hfi/2024-03-28T11-32-04-921253-f00016e.ly:31:14: error: cannot find file: `../lv/lm-01-lv-1-4.ly'
(search path: `/tmp/tmpgn008hfi:/home/user/GitHub/Artyfyshall-Bird/code-implementation:/usr/share/lilypond/2.22.1/ly:/usr/share/lilypond/2.22.1/ps:/usr/share/lilypond/2.22.1/scm:/usr/share/lilypond/2.22.1/fonts/otf/:/usr/share/lilypond/2.22.1/fonts/type1/:/usr/share/lilypond/2.22.1/fonts/svg/:')
    \include 
             "../lv/lm-01-lv-1-4.ly"
/tmp/tmpgn008hfi/2024-03-28T11-32-04-921253-f00016e.ly:32:14: error: cannot find file: `../lv/lm-01-lv-2-7.ly'
(search path: `/tmp/tmpgn008hfi:/home/user/GitHub/Artyfyshall-Bird/code-implementation:/usr/share/lilypond/2.22.1/ly:/usr/share/lilypond/2.22.1/ps:/usr/share/lilypond/2.22.1/scm:/usr/share/lilypond/2.22.1/fonts/otf/:/usr/share/lilypond/2.22.1/fonts/type1/:/usr/share/lilypond/2.22.1/fonts/svg/:')
    \include 
             "../lv/lm-01-lv-2-7.ly"
/tmp/tmpgn008hfi/2024-03-28T11-32-04-921253-f00016e.ly:33:14: error: cannot find file: `../lv/lm-01-lv-3-3.ly'
(search path: `/tmp/tmpgn008hfi:/home/user/GitHub/Artyfyshall-Bird/code-implementation:/usr/share/lilypond/2.22.1/ly:/usr/share/lilypond/2.22.1/ps:/usr/share/lilypond/2.22.1/scm:/usr/share/lilypond/2.22.1/fonts/otf/:/usr/share/lilypond/2.22.1/fonts/type1/:/usr/share/lilypond/2.22.1/fonts/svg/:')
    \include 
             "../lv/lm-01-lv-3-3.ly"
/tmp/tmpgn008hfi/2024-03-28T11-32-04-921253-f00016e.ly:34:14: error: cannot find file: `../lv/lm-01-lv-4-8.ly'
(search path: `/tmp/tmpgn008hfi:/home/user/GitHub/Artyfyshall-Bird/code-implementation:/usr/share/lilypond/2.22.1/ly:/usr/share/lilypond/2.22.1/ps:/usr/share/lilypond/2.22.1/scm:/usr/share/lilypond/2.22.1/fonts/otf/:/usr/share/lilypond/2.22.1/fonts/type1/:/usr/share/lilypond/2.22.1/fonts/svg/:')
    \include 
             "../lv/lm-01-lv-4-8.ly"
/tmp/tmpgn008hfi/2024-03-28T11-32-04-921253-f00016e.ly:35:14: error: cannot find file: `../lv/lm-01-lv-5-4.ly'
(search path: `/tmp/tmpgn008hfi:/home/user/GitHub/Artyfyshall-Bird/code-implementation:/usr/share/lilypond/2.22.1/ly:/usr/share/lilypond/2.22.1/ps:/usr/share/lilypond/2.22.1/scm:/usr/share/lilypond/2.22.1/fonts/otf/:/usr/share/lilypond/2.22.1/fonts/type1/:/usr/share/lilypond/2.22.1/fonts/svg/:')
    \include 
             "../lv/lm-01-lv-5-4.ly"
/tmp/tmpgn008hfi/2024-03-28T11-32-04-921253-f00016e.ly:36:14: error: cannot find file: `../lv/lm-01-lv-6-8.ly'
(search path: `/tmp/tmpgn008hfi:/home/user/GitHub/Artyfyshall-Bird/code-implementation:/usr/share/lilypond/2.22.1/ly:/usr/share/lilypond/2.22.1/ps:/usr/share/lilypond/2.22.1/scm:/usr/share/lilypond/2.22.1/fonts/otf/:/usr/share/lilypond/2.22.1/fonts/type1/:/usr/share/lilypond/2.22.1/fonts/svg/:')
    \include 
             "../lv/lm-01-lv-6-8.ly"
/tmp/tmpgn008hfi/2024-03-28T11-32-04-921253-f00016e.ly:37:14: error: cannot find file: `../lv/lm-01-lv-7-1.ly'
(search path: `/tmp/tmpgn008hfi:/home/user/GitHub/Artyfyshall-Bird/code-implementation:/usr/share/lilypond/2.22.1/ly:/usr/share/lilypond/2.22.1/ps:/usr/share/lilypond/2.22.1/scm:/usr/share/lilypond/2.22.1/fonts/otf/:/usr/share/lilypond/2.22.1/fonts/type1/:/usr/share/lilypond/2.22.1/fonts/svg/:')
    \include 
             "../lv/lm-01-lv-7-1.ly"
/tmp/tmpgn008hfi/2024-03-28T11-32-04-921253-f00016e.ly:38:14: error: cannot find file: `../lv/lm-01-lv-8-8.ly'
(search path: `/tmp/tmpgn008hfi:/home/user/GitHub/Artyfyshall-Bird/code-implementation:/usr/share/lilypond/2.22.1/ly:/usr/share/lilypond/2.22.1/ps:/usr/share/lilypond/2.22.1/scm:/usr/share/lilypond/2.22.1/fonts/otf/:/usr/share/lilypond/2.22.1/fonts/type1/:/usr/share/lilypond/2.22.1/fonts/svg/:')
    \include 
             "../lv/lm-01-lv-8-8.ly"
/tmp/tmpgn008hfi/2024-03-28T11-32-04-921253-f00016e.ly:43:14: error: cannot find file: `../layout_settings.ly'
(search path: `/tmp/tmpgn008hfi:/home/user/GitHub/Artyfyshall-Bird/code-implementation:/usr/share/lilypond/2.22.1/ly:/usr/share/lilypond/2.22.1/ps:/usr/share/lilypond/2.22.1/scm:/usr/share/lilypond/2.22.1/fonts/otf/:/usr/share/lilypond/2.22.1/fonts/type1/:/usr/share/lilypond/2.22.1/fonts/svg/:')
    \include 
             "../layout_settings.ly"
/tmp/tmpgn008hfi/2024-03-28T11-32-04-921253-f00016e.ly:1: warning: no \version statement found, please add

\version "2.22.1"

for future compatibility
Interpreting music...
/tmp/tmpgn008hfi/2024-03-28T11-32-04-921253-f00016e.ly:8:5: warning: skipping zero-duration score
    
    <<
/tmp/tmpgn008hfi/2024-03-28T11-32-04-921253-f00016e.ly:8:5: warning: to suppress this, consider adding a spacer rest
    
    <<
fatal error: failed files: "/tmp/tmpgn008hfi/2024-03-28T11-32-04-921253-f00016e.ly"
