GNU LilyPond 2.22.1
Changing working directory to: `/tmp/tmpmflj7ki6'
Processing `/tmp/tmpmflj7ki6/2024-03-26T16-58-39-444039-11bbc80.ly'
Parsing...
/tmp/tmpmflj7ki6/2024-03-26T16-58-39-444039-11bbc80.ly:1:10: error: cannot find file: `../paper_settings.ly'
(search path: `/tmp/tmpmflj7ki6:/home/user/GitHub/Artyfyshall-Bird/code-implementation:/usr/share/lilypond/2.22.1/ly:/usr/share/lilypond/2.22.1/ps:/usr/share/lilypond/2.22.1/scm:/usr/share/lilypond/2.22.1/fonts/otf/:/usr/share/lilypond/2.22.1/fonts/type1/:/usr/share/lilypond/2.22.1/fonts/svg/:')
\include 
         "../paper_settings.ly" 
/tmp/tmpmflj7ki6/2024-03-26T16-58-39-444039-11bbc80.ly:15:14: error: cannot find file: `../voice_option.ly'
(search path: `/tmp/tmpmflj7ki6:/home/user/GitHub/Artyfyshall-Bird/code-implementation:/usr/share/lilypond/2.22.1/ly:/usr/share/lilypond/2.22.1/ps:/usr/share/lilypond/2.22.1/scm:/usr/share/lilypond/2.22.1/fonts/otf/:/usr/share/lilypond/2.22.1/fonts/type1/:/usr/share/lilypond/2.22.1/fonts/svg/:')
    \include 
             "../voice_option.ly"
/tmp/tmpmflj7ki6/2024-03-26T16-58-39-444039-11bbc80.ly:16:14: error: cannot find file: `../uv/lm-uv-1-3.ly'
(search path: `/tmp/tmpmflj7ki6:/home/user/GitHub/Artyfyshall-Bird/code-implementation:/usr/share/lilypond/2.22.1/ly:/usr/share/lilypond/2.22.1/ps:/usr/share/lilypond/2.22.1/scm:/usr/share/lilypond/2.22.1/fonts/otf/:/usr/share/lilypond/2.22.1/fonts/type1/:/usr/share/lilypond/2.22.1/fonts/svg/:')
    \include 
             "../uv/lm-uv-1-3.ly"
/tmp/tmpmflj7ki6/2024-03-26T16-58-39-444039-11bbc80.ly:17:14: error: cannot find file: `../uv/lm-uv-2-5.ly'
(search path: `/tmp/tmpmflj7ki6:/home/user/GitHub/Artyfyshall-Bird/code-implementation:/usr/share/lilypond/2.22.1/ly:/usr/share/lilypond/2.22.1/ps:/usr/share/lilypond/2.22.1/scm:/usr/share/lilypond/2.22.1/fonts/otf/:/usr/share/lilypond/2.22.1/fonts/type1/:/usr/share/lilypond/2.22.1/fonts/svg/:')
    \include 
             "../uv/lm-uv-2-5.ly"
/tmp/tmpmflj7ki6/2024-03-26T16-58-39-444039-11bbc80.ly:18:14: error: cannot find file: `../uv/lm-uv-3-1.ly'
(search path: `/tmp/tmpmflj7ki6:/home/user/GitHub/Artyfyshall-Bird/code-implementation:/usr/share/lilypond/2.22.1/ly:/usr/share/lilypond/2.22.1/ps:/usr/share/lilypond/2.22.1/scm:/usr/share/lilypond/2.22.1/fonts/otf/:/usr/share/lilypond/2.22.1/fonts/type1/:/usr/share/lilypond/2.22.1/fonts/svg/:')
    \include 
             "../uv/lm-uv-3-1.ly"
/tmp/tmpmflj7ki6/2024-03-26T16-58-39-444039-11bbc80.ly:19:14: error: cannot find file: `../uv/lm-uv-4-6.ly'
(search path: `/tmp/tmpmflj7ki6:/home/user/GitHub/Artyfyshall-Bird/code-implementation:/usr/share/lilypond/2.22.1/ly:/usr/share/lilypond/2.22.1/ps:/usr/share/lilypond/2.22.1/scm:/usr/share/lilypond/2.22.1/fonts/otf/:/usr/share/lilypond/2.22.1/fonts/type1/:/usr/share/lilypond/2.22.1/fonts/svg/:')
    \include 
             "../uv/lm-uv-4-6.ly"
/tmp/tmpmflj7ki6/2024-03-26T16-58-39-444039-11bbc80.ly:20:14: error: cannot find file: `../uv/lm-uv-5-8.ly'
(search path: `/tmp/tmpmflj7ki6:/home/user/GitHub/Artyfyshall-Bird/code-implementation:/usr/share/lilypond/2.22.1/ly:/usr/share/lilypond/2.22.1/ps:/usr/share/lilypond/2.22.1/scm:/usr/share/lilypond/2.22.1/fonts/otf/:/usr/share/lilypond/2.22.1/fonts/type1/:/usr/share/lilypond/2.22.1/fonts/svg/:')
    \include 
             "../uv/lm-uv-5-8.ly"
/tmp/tmpmflj7ki6/2024-03-26T16-58-39-444039-11bbc80.ly:21:14: error: cannot find file: `../uv/lm-uv-6-6.ly'
(search path: `/tmp/tmpmflj7ki6:/home/user/GitHub/Artyfyshall-Bird/code-implementation:/usr/share/lilypond/2.22.1/ly:/usr/share/lilypond/2.22.1/ps:/usr/share/lilypond/2.22.1/scm:/usr/share/lilypond/2.22.1/fonts/otf/:/usr/share/lilypond/2.22.1/fonts/type1/:/usr/share/lilypond/2.22.1/fonts/svg/:')
    \include 
             "../uv/lm-uv-6-6.ly"
/tmp/tmpmflj7ki6/2024-03-26T16-58-39-444039-11bbc80.ly:22:14: error: cannot find file: `../uv/lm-uv-7-3.ly'
(search path: `/tmp/tmpmflj7ki6:/home/user/GitHub/Artyfyshall-Bird/code-implementation:/usr/share/lilypond/2.22.1/ly:/usr/share/lilypond/2.22.1/ps:/usr/share/lilypond/2.22.1/scm:/usr/share/lilypond/2.22.1/fonts/otf/:/usr/share/lilypond/2.22.1/fonts/type1/:/usr/share/lilypond/2.22.1/fonts/svg/:')
    \include 
             "../uv/lm-uv-7-3.ly"
/tmp/tmpmflj7ki6/2024-03-26T16-58-39-444039-11bbc80.ly:23:14: error: cannot find file: `../uv/lm-uv-8-3.ly'
(search path: `/tmp/tmpmflj7ki6:/home/user/GitHub/Artyfyshall-Bird/code-implementation:/usr/share/lilypond/2.22.1/ly:/usr/share/lilypond/2.22.1/ps:/usr/share/lilypond/2.22.1/scm:/usr/share/lilypond/2.22.1/fonts/otf/:/usr/share/lilypond/2.22.1/fonts/type1/:/usr/share/lilypond/2.22.1/fonts/svg/:')
    \include 
             "../uv/lm-uv-8-3.ly"
/tmp/tmpmflj7ki6/2024-03-26T16-58-39-444039-11bbc80.ly:24:14: error: cannot find file: `../uv/lm-uv-9-2.ly'
(search path: `/tmp/tmpmflj7ki6:/home/user/GitHub/Artyfyshall-Bird/code-implementation:/usr/share/lilypond/2.22.1/ly:/usr/share/lilypond/2.22.1/ps:/usr/share/lilypond/2.22.1/scm:/usr/share/lilypond/2.22.1/fonts/otf/:/usr/share/lilypond/2.22.1/fonts/type1/:/usr/share/lilypond/2.22.1/fonts/svg/:')
    \include 
             "../uv/lm-uv-9-2.ly"
/tmp/tmpmflj7ki6/2024-03-26T16-58-39-444039-11bbc80.ly:25:14: error: cannot find file: `../uv/lm-uv-10-5.ly'
(search path: `/tmp/tmpmflj7ki6:/home/user/GitHub/Artyfyshall-Bird/code-implementation:/usr/share/lilypond/2.22.1/ly:/usr/share/lilypond/2.22.1/ps:/usr/share/lilypond/2.22.1/scm:/usr/share/lilypond/2.22.1/fonts/otf/:/usr/share/lilypond/2.22.1/fonts/type1/:/usr/share/lilypond/2.22.1/fonts/svg/:')
    \include 
             "../uv/lm-uv-10-5.ly"
/tmp/tmpmflj7ki6/2024-03-26T16-58-39-444039-11bbc80.ly:26:14: error: cannot find file: `../uv/lm-uv-11-5.ly'
(search path: `/tmp/tmpmflj7ki6:/home/user/GitHub/Artyfyshall-Bird/code-implementation:/usr/share/lilypond/2.22.1/ly:/usr/share/lilypond/2.22.1/ps:/usr/share/lilypond/2.22.1/scm:/usr/share/lilypond/2.22.1/fonts/otf/:/usr/share/lilypond/2.22.1/fonts/type1/:/usr/share/lilypond/2.22.1/fonts/svg/:')
    \include 
             "../uv/lm-uv-11-5.ly"
/tmp/tmpmflj7ki6/2024-03-26T16-58-39-444039-11bbc80.ly:27:14: error: cannot find file: `../uv/lm-uv-12-3.ly'
(search path: `/tmp/tmpmflj7ki6:/home/user/GitHub/Artyfyshall-Bird/code-implementation:/usr/share/lilypond/2.22.1/ly:/usr/share/lilypond/2.22.1/ps:/usr/share/lilypond/2.22.1/scm:/usr/share/lilypond/2.22.1/fonts/otf/:/usr/share/lilypond/2.22.1/fonts/type1/:/usr/share/lilypond/2.22.1/fonts/svg/:')
    \include 
             "../uv/lm-uv-12-3.ly"
/tmp/tmpmflj7ki6/2024-03-26T16-58-39-444039-11bbc80.ly:28:14: error: cannot find file: `../uv/lm-uv-13-1.ly'
(search path: `/tmp/tmpmflj7ki6:/home/user/GitHub/Artyfyshall-Bird/code-implementation:/usr/share/lilypond/2.22.1/ly:/usr/share/lilypond/2.22.1/ps:/usr/share/lilypond/2.22.1/scm:/usr/share/lilypond/2.22.1/fonts/otf/:/usr/share/lilypond/2.22.1/fonts/type1/:/usr/share/lilypond/2.22.1/fonts/svg/:')
    \include 
             "../uv/lm-uv-13-1.ly"
/tmp/tmpmflj7ki6/2024-03-26T16-58-39-444039-11bbc80.ly:29:14: error: cannot find file: `../uv/lm-uv-14-8.ly'
(search path: `/tmp/tmpmflj7ki6:/home/user/GitHub/Artyfyshall-Bird/code-implementation:/usr/share/lilypond/2.22.1/ly:/usr/share/lilypond/2.22.1/ps:/usr/share/lilypond/2.22.1/scm:/usr/share/lilypond/2.22.1/fonts/otf/:/usr/share/lilypond/2.22.1/fonts/type1/:/usr/share/lilypond/2.22.1/fonts/svg/:')
    \include 
             "../uv/lm-uv-14-8.ly"
/tmp/tmpmflj7ki6/2024-03-26T16-58-39-444039-11bbc80.ly:30:14: error: cannot find file: `../uv/lm-uv-15-3.ly'
(search path: `/tmp/tmpmflj7ki6:/home/user/GitHub/Artyfyshall-Bird/code-implementation:/usr/share/lilypond/2.22.1/ly:/usr/share/lilypond/2.22.1/ps:/usr/share/lilypond/2.22.1/scm:/usr/share/lilypond/2.22.1/fonts/otf/:/usr/share/lilypond/2.22.1/fonts/type1/:/usr/share/lilypond/2.22.1/fonts/svg/:')
    \include 
             "../uv/lm-uv-15-3.ly"
/tmp/tmpmflj7ki6/2024-03-26T16-58-39-444039-11bbc80.ly:31:14: error: cannot find file: `../uv/lm-uv-16-4.ly'
(search path: `/tmp/tmpmflj7ki6:/home/user/GitHub/Artyfyshall-Bird/code-implementation:/usr/share/lilypond/2.22.1/ly:/usr/share/lilypond/2.22.1/ps:/usr/share/lilypond/2.22.1/scm:/usr/share/lilypond/2.22.1/fonts/otf/:/usr/share/lilypond/2.22.1/fonts/type1/:/usr/share/lilypond/2.22.1/fonts/svg/:')
    \include 
             "../uv/lm-uv-16-4.ly"
/tmp/tmpmflj7ki6/2024-03-26T16-58-39-444039-11bbc80.ly:39:14: error: cannot find file: `../bassline_option.ly'
(search path: `/tmp/tmpmflj7ki6:/home/user/GitHub/Artyfyshall-Bird/code-implementation:/usr/share/lilypond/2.22.1/ly:/usr/share/lilypond/2.22.1/ps:/usr/share/lilypond/2.22.1/scm:/usr/share/lilypond/2.22.1/fonts/otf/:/usr/share/lilypond/2.22.1/fonts/type1/:/usr/share/lilypond/2.22.1/fonts/svg/:')
    \include 
             "../bassline_option.ly"
/tmp/tmpmflj7ki6/2024-03-26T16-58-39-444039-11bbc80.ly:40:14: error: cannot find file: `../lv/lm-lv-1-3.ly'
(search path: `/tmp/tmpmflj7ki6:/home/user/GitHub/Artyfyshall-Bird/code-implementation:/usr/share/lilypond/2.22.1/ly:/usr/share/lilypond/2.22.1/ps:/usr/share/lilypond/2.22.1/scm:/usr/share/lilypond/2.22.1/fonts/otf/:/usr/share/lilypond/2.22.1/fonts/type1/:/usr/share/lilypond/2.22.1/fonts/svg/:')
    \include 
             "../lv/lm-lv-1-3.ly"
/tmp/tmpmflj7ki6/2024-03-26T16-58-39-444039-11bbc80.ly:41:14: error: cannot find file: `../lv/lm-lv-2-5.ly'
(search path: `/tmp/tmpmflj7ki6:/home/user/GitHub/Artyfyshall-Bird/code-implementation:/usr/share/lilypond/2.22.1/ly:/usr/share/lilypond/2.22.1/ps:/usr/share/lilypond/2.22.1/scm:/usr/share/lilypond/2.22.1/fonts/otf/:/usr/share/lilypond/2.22.1/fonts/type1/:/usr/share/lilypond/2.22.1/fonts/svg/:')
    \include 
             "../lv/lm-lv-2-5.ly"
/tmp/tmpmflj7ki6/2024-03-26T16-58-39-444039-11bbc80.ly:42:14: error: cannot find file: `../lv/lm-lv-3-1.ly'
(search path: `/tmp/tmpmflj7ki6:/home/user/GitHub/Artyfyshall-Bird/code-implementation:/usr/share/lilypond/2.22.1/ly:/usr/share/lilypond/2.22.1/ps:/usr/share/lilypond/2.22.1/scm:/usr/share/lilypond/2.22.1/fonts/otf/:/usr/share/lilypond/2.22.1/fonts/type1/:/usr/share/lilypond/2.22.1/fonts/svg/:')
    \include 
             "../lv/lm-lv-3-1.ly"
/tmp/tmpmflj7ki6/2024-03-26T16-58-39-444039-11bbc80.ly:43:14: error: cannot find file: `../lv/lm-lv-4-6.ly'
(search path: `/tmp/tmpmflj7ki6:/home/user/GitHub/Artyfyshall-Bird/code-implementation:/usr/share/lilypond/2.22.1/ly:/usr/share/lilypond/2.22.1/ps:/usr/share/lilypond/2.22.1/scm:/usr/share/lilypond/2.22.1/fonts/otf/:/usr/share/lilypond/2.22.1/fonts/type1/:/usr/share/lilypond/2.22.1/fonts/svg/:')
    \include 
             "../lv/lm-lv-4-6.ly"
/tmp/tmpmflj7ki6/2024-03-26T16-58-39-444039-11bbc80.ly:44:14: error: cannot find file: `../lv/lm-lv-5-8.ly'
(search path: `/tmp/tmpmflj7ki6:/home/user/GitHub/Artyfyshall-Bird/code-implementation:/usr/share/lilypond/2.22.1/ly:/usr/share/lilypond/2.22.1/ps:/usr/share/lilypond/2.22.1/scm:/usr/share/lilypond/2.22.1/fonts/otf/:/usr/share/lilypond/2.22.1/fonts/type1/:/usr/share/lilypond/2.22.1/fonts/svg/:')
    \include 
             "../lv/lm-lv-5-8.ly"
/tmp/tmpmflj7ki6/2024-03-26T16-58-39-444039-11bbc80.ly:45:14: error: cannot find file: `../lv/lm-lv-6-6.ly'
(search path: `/tmp/tmpmflj7ki6:/home/user/GitHub/Artyfyshall-Bird/code-implementation:/usr/share/lilypond/2.22.1/ly:/usr/share/lilypond/2.22.1/ps:/usr/share/lilypond/2.22.1/scm:/usr/share/lilypond/2.22.1/fonts/otf/:/usr/share/lilypond/2.22.1/fonts/type1/:/usr/share/lilypond/2.22.1/fonts/svg/:')
    \include 
             "../lv/lm-lv-6-6.ly"
/tmp/tmpmflj7ki6/2024-03-26T16-58-39-444039-11bbc80.ly:46:14: error: cannot find file: `../lv/lm-lv-7-3.ly'
(search path: `/tmp/tmpmflj7ki6:/home/user/GitHub/Artyfyshall-Bird/code-implementation:/usr/share/lilypond/2.22.1/ly:/usr/share/lilypond/2.22.1/ps:/usr/share/lilypond/2.22.1/scm:/usr/share/lilypond/2.22.1/fonts/otf/:/usr/share/lilypond/2.22.1/fonts/type1/:/usr/share/lilypond/2.22.1/fonts/svg/:')
    \include 
             "../lv/lm-lv-7-3.ly"
/tmp/tmpmflj7ki6/2024-03-26T16-58-39-444039-11bbc80.ly:47:14: error: cannot find file: `../lv/lm-lv-8-3.ly'
(search path: `/tmp/tmpmflj7ki6:/home/user/GitHub/Artyfyshall-Bird/code-implementation:/usr/share/lilypond/2.22.1/ly:/usr/share/lilypond/2.22.1/ps:/usr/share/lilypond/2.22.1/scm:/usr/share/lilypond/2.22.1/fonts/otf/:/usr/share/lilypond/2.22.1/fonts/type1/:/usr/share/lilypond/2.22.1/fonts/svg/:')
    \include 
             "../lv/lm-lv-8-3.ly"
/tmp/tmpmflj7ki6/2024-03-26T16-58-39-444039-11bbc80.ly:48:14: error: cannot find file: `../lv/lm-lv-9-2.ly'
(search path: `/tmp/tmpmflj7ki6:/home/user/GitHub/Artyfyshall-Bird/code-implementation:/usr/share/lilypond/2.22.1/ly:/usr/share/lilypond/2.22.1/ps:/usr/share/lilypond/2.22.1/scm:/usr/share/lilypond/2.22.1/fonts/otf/:/usr/share/lilypond/2.22.1/fonts/type1/:/usr/share/lilypond/2.22.1/fonts/svg/:')
    \include 
             "../lv/lm-lv-9-2.ly"
/tmp/tmpmflj7ki6/2024-03-26T16-58-39-444039-11bbc80.ly:49:14: error: cannot find file: `../lv/lm-lv-10-5.ly'
(search path: `/tmp/tmpmflj7ki6:/home/user/GitHub/Artyfyshall-Bird/code-implementation:/usr/share/lilypond/2.22.1/ly:/usr/share/lilypond/2.22.1/ps:/usr/share/lilypond/2.22.1/scm:/usr/share/lilypond/2.22.1/fonts/otf/:/usr/share/lilypond/2.22.1/fonts/type1/:/usr/share/lilypond/2.22.1/fonts/svg/:')
    \include 
             "../lv/lm-lv-10-5.ly"
/tmp/tmpmflj7ki6/2024-03-26T16-58-39-444039-11bbc80.ly:50:14: error: cannot find file: `../lv/lm-lv-11-5.ly'
(search path: `/tmp/tmpmflj7ki6:/home/user/GitHub/Artyfyshall-Bird/code-implementation:/usr/share/lilypond/2.22.1/ly:/usr/share/lilypond/2.22.1/ps:/usr/share/lilypond/2.22.1/scm:/usr/share/lilypond/2.22.1/fonts/otf/:/usr/share/lilypond/2.22.1/fonts/type1/:/usr/share/lilypond/2.22.1/fonts/svg/:')
    \include 
             "../lv/lm-lv-11-5.ly"
/tmp/tmpmflj7ki6/2024-03-26T16-58-39-444039-11bbc80.ly:51:14: error: cannot find file: `../lv/lm-lv-12-3.ly'
(search path: `/tmp/tmpmflj7ki6:/home/user/GitHub/Artyfyshall-Bird/code-implementation:/usr/share/lilypond/2.22.1/ly:/usr/share/lilypond/2.22.1/ps:/usr/share/lilypond/2.22.1/scm:/usr/share/lilypond/2.22.1/fonts/otf/:/usr/share/lilypond/2.22.1/fonts/type1/:/usr/share/lilypond/2.22.1/fonts/svg/:')
    \include 
             "../lv/lm-lv-12-3.ly"
/tmp/tmpmflj7ki6/2024-03-26T16-58-39-444039-11bbc80.ly:52:14: error: cannot find file: `../lv/lm-lv-13-1.ly'
(search path: `/tmp/tmpmflj7ki6:/home/user/GitHub/Artyfyshall-Bird/code-implementation:/usr/share/lilypond/2.22.1/ly:/usr/share/lilypond/2.22.1/ps:/usr/share/lilypond/2.22.1/scm:/usr/share/lilypond/2.22.1/fonts/otf/:/usr/share/lilypond/2.22.1/fonts/type1/:/usr/share/lilypond/2.22.1/fonts/svg/:')
    \include 
             "../lv/lm-lv-13-1.ly"
/tmp/tmpmflj7ki6/2024-03-26T16-58-39-444039-11bbc80.ly:53:14: error: cannot find file: `../lv/lm-lv-14-8.ly'
(search path: `/tmp/tmpmflj7ki6:/home/user/GitHub/Artyfyshall-Bird/code-implementation:/usr/share/lilypond/2.22.1/ly:/usr/share/lilypond/2.22.1/ps:/usr/share/lilypond/2.22.1/scm:/usr/share/lilypond/2.22.1/fonts/otf/:/usr/share/lilypond/2.22.1/fonts/type1/:/usr/share/lilypond/2.22.1/fonts/svg/:')
    \include 
             "../lv/lm-lv-14-8.ly"
/tmp/tmpmflj7ki6/2024-03-26T16-58-39-444039-11bbc80.ly:54:14: error: cannot find file: `../lv/lm-lv-15-3.ly'
(search path: `/tmp/tmpmflj7ki6:/home/user/GitHub/Artyfyshall-Bird/code-implementation:/usr/share/lilypond/2.22.1/ly:/usr/share/lilypond/2.22.1/ps:/usr/share/lilypond/2.22.1/scm:/usr/share/lilypond/2.22.1/fonts/otf/:/usr/share/lilypond/2.22.1/fonts/type1/:/usr/share/lilypond/2.22.1/fonts/svg/:')
    \include 
             "../lv/lm-lv-15-3.ly"
/tmp/tmpmflj7ki6/2024-03-26T16-58-39-444039-11bbc80.ly:55:14: error: cannot find file: `../lv/lm-lv-16-4.ly'
(search path: `/tmp/tmpmflj7ki6:/home/user/GitHub/Artyfyshall-Bird/code-implementation:/usr/share/lilypond/2.22.1/ly:/usr/share/lilypond/2.22.1/ps:/usr/share/lilypond/2.22.1/scm:/usr/share/lilypond/2.22.1/fonts/otf/:/usr/share/lilypond/2.22.1/fonts/type1/:/usr/share/lilypond/2.22.1/fonts/svg/:')
    \include 
             "../lv/lm-lv-16-4.ly"
/tmp/tmpmflj7ki6/2024-03-26T16-58-39-444039-11bbc80.ly:61:14: error: cannot find file: `../layout_settings.ly'
(search path: `/tmp/tmpmflj7ki6:/home/user/GitHub/Artyfyshall-Bird/code-implementation:/usr/share/lilypond/2.22.1/ly:/usr/share/lilypond/2.22.1/ps:/usr/share/lilypond/2.22.1/scm:/usr/share/lilypond/2.22.1/fonts/otf/:/usr/share/lilypond/2.22.1/fonts/type1/:/usr/share/lilypond/2.22.1/fonts/svg/:')
    \include 
             "../layout_settings.ly"
/tmp/tmpmflj7ki6/2024-03-26T16-58-39-444039-11bbc80.ly:1: warning: no \version statement found, please add

\version "2.22.1"

for future compatibility
Interpreting music...
/tmp/tmpmflj7ki6/2024-03-26T16-58-39-444039-11bbc80.ly:8:5: warning: skipping zero-duration score
    
    <<
/tmp/tmpmflj7ki6/2024-03-26T16-58-39-444039-11bbc80.ly:8:5: warning: to suppress this, consider adding a spacer rest
    
    <<
fatal error: failed files: "/tmp/tmpmflj7ki6/2024-03-26T16-58-39-444039-11bbc80.ly"
