GNU LilyPond 2.22.1
Changing working directory to: `/tmp/tmpc9druwi8'
Processing `/tmp/tmpc9druwi8/2024-03-26T17-06-59-460242-3fb715f.ly'
Parsing...
/tmp/tmpc9druwi8/2024-03-26T17-06-59-460242-3fb715f.ly:1:10: error: cannot find file: `../paper_settings.ly'
(search path: `/tmp/tmpc9druwi8:/home/user/GitHub/Artyfyshall-Bird/code-implementation:/usr/share/lilypond/2.22.1/ly:/usr/share/lilypond/2.22.1/ps:/usr/share/lilypond/2.22.1/scm:/usr/share/lilypond/2.22.1/fonts/otf/:/usr/share/lilypond/2.22.1/fonts/type1/:/usr/share/lilypond/2.22.1/fonts/svg/:')
\include 
         "../paper_settings.ly" 
/tmp/tmpc9druwi8/2024-03-26T17-06-59-460242-3fb715f.ly:15:14: error: cannot find file: `../voice_option.ly'
(search path: `/tmp/tmpc9druwi8:/home/user/GitHub/Artyfyshall-Bird/code-implementation:/usr/share/lilypond/2.22.1/ly:/usr/share/lilypond/2.22.1/ps:/usr/share/lilypond/2.22.1/scm:/usr/share/lilypond/2.22.1/fonts/otf/:/usr/share/lilypond/2.22.1/fonts/type1/:/usr/share/lilypond/2.22.1/fonts/svg/:')
    \include 
             "../voice_option.ly"
/tmp/tmpc9druwi8/2024-03-26T17-06-59-460242-3fb715f.ly:16:14: error: cannot find file: `../uv/lm-uv-1-6.ly'
(search path: `/tmp/tmpc9druwi8:/home/user/GitHub/Artyfyshall-Bird/code-implementation:/usr/share/lilypond/2.22.1/ly:/usr/share/lilypond/2.22.1/ps:/usr/share/lilypond/2.22.1/scm:/usr/share/lilypond/2.22.1/fonts/otf/:/usr/share/lilypond/2.22.1/fonts/type1/:/usr/share/lilypond/2.22.1/fonts/svg/:')
    \include 
             "../uv/lm-uv-1-6.ly"
/tmp/tmpc9druwi8/2024-03-26T17-06-59-460242-3fb715f.ly:17:14: error: cannot find file: `../uv/lm-uv-2-1.ly'
(search path: `/tmp/tmpc9druwi8:/home/user/GitHub/Artyfyshall-Bird/code-implementation:/usr/share/lilypond/2.22.1/ly:/usr/share/lilypond/2.22.1/ps:/usr/share/lilypond/2.22.1/scm:/usr/share/lilypond/2.22.1/fonts/otf/:/usr/share/lilypond/2.22.1/fonts/type1/:/usr/share/lilypond/2.22.1/fonts/svg/:')
    \include 
             "../uv/lm-uv-2-1.ly"
/tmp/tmpc9druwi8/2024-03-26T17-06-59-460242-3fb715f.ly:18:14: error: cannot find file: `../uv/lm-uv-3-1.ly'
(search path: `/tmp/tmpc9druwi8:/home/user/GitHub/Artyfyshall-Bird/code-implementation:/usr/share/lilypond/2.22.1/ly:/usr/share/lilypond/2.22.1/ps:/usr/share/lilypond/2.22.1/scm:/usr/share/lilypond/2.22.1/fonts/otf/:/usr/share/lilypond/2.22.1/fonts/type1/:/usr/share/lilypond/2.22.1/fonts/svg/:')
    \include 
             "../uv/lm-uv-3-1.ly"
/tmp/tmpc9druwi8/2024-03-26T17-06-59-460242-3fb715f.ly:19:14: error: cannot find file: `../uv/lm-uv-4-1.ly'
(search path: `/tmp/tmpc9druwi8:/home/user/GitHub/Artyfyshall-Bird/code-implementation:/usr/share/lilypond/2.22.1/ly:/usr/share/lilypond/2.22.1/ps:/usr/share/lilypond/2.22.1/scm:/usr/share/lilypond/2.22.1/fonts/otf/:/usr/share/lilypond/2.22.1/fonts/type1/:/usr/share/lilypond/2.22.1/fonts/svg/:')
    \include 
             "../uv/lm-uv-4-1.ly"
/tmp/tmpc9druwi8/2024-03-26T17-06-59-460242-3fb715f.ly:20:14: error: cannot find file: `../uv/lm-uv-5-7.ly'
(search path: `/tmp/tmpc9druwi8:/home/user/GitHub/Artyfyshall-Bird/code-implementation:/usr/share/lilypond/2.22.1/ly:/usr/share/lilypond/2.22.1/ps:/usr/share/lilypond/2.22.1/scm:/usr/share/lilypond/2.22.1/fonts/otf/:/usr/share/lilypond/2.22.1/fonts/type1/:/usr/share/lilypond/2.22.1/fonts/svg/:')
    \include 
             "../uv/lm-uv-5-7.ly"
/tmp/tmpc9druwi8/2024-03-26T17-06-59-460242-3fb715f.ly:21:14: error: cannot find file: `../uv/lm-uv-6-1.ly'
(search path: `/tmp/tmpc9druwi8:/home/user/GitHub/Artyfyshall-Bird/code-implementation:/usr/share/lilypond/2.22.1/ly:/usr/share/lilypond/2.22.1/ps:/usr/share/lilypond/2.22.1/scm:/usr/share/lilypond/2.22.1/fonts/otf/:/usr/share/lilypond/2.22.1/fonts/type1/:/usr/share/lilypond/2.22.1/fonts/svg/:')
    \include 
             "../uv/lm-uv-6-1.ly"
/tmp/tmpc9druwi8/2024-03-26T17-06-59-460242-3fb715f.ly:22:14: error: cannot find file: `../uv/lm-uv-7-8.ly'
(search path: `/tmp/tmpc9druwi8:/home/user/GitHub/Artyfyshall-Bird/code-implementation:/usr/share/lilypond/2.22.1/ly:/usr/share/lilypond/2.22.1/ps:/usr/share/lilypond/2.22.1/scm:/usr/share/lilypond/2.22.1/fonts/otf/:/usr/share/lilypond/2.22.1/fonts/type1/:/usr/share/lilypond/2.22.1/fonts/svg/:')
    \include 
             "../uv/lm-uv-7-8.ly"
/tmp/tmpc9druwi8/2024-03-26T17-06-59-460242-3fb715f.ly:23:14: error: cannot find file: `../uv/lm-uv-8-2.ly'
(search path: `/tmp/tmpc9druwi8:/home/user/GitHub/Artyfyshall-Bird/code-implementation:/usr/share/lilypond/2.22.1/ly:/usr/share/lilypond/2.22.1/ps:/usr/share/lilypond/2.22.1/scm:/usr/share/lilypond/2.22.1/fonts/otf/:/usr/share/lilypond/2.22.1/fonts/type1/:/usr/share/lilypond/2.22.1/fonts/svg/:')
    \include 
             "../uv/lm-uv-8-2.ly"
/tmp/tmpc9druwi8/2024-03-26T17-06-59-460242-3fb715f.ly:24:14: error: cannot find file: `../uv/lm-uv-9-6.ly'
(search path: `/tmp/tmpc9druwi8:/home/user/GitHub/Artyfyshall-Bird/code-implementation:/usr/share/lilypond/2.22.1/ly:/usr/share/lilypond/2.22.1/ps:/usr/share/lilypond/2.22.1/scm:/usr/share/lilypond/2.22.1/fonts/otf/:/usr/share/lilypond/2.22.1/fonts/type1/:/usr/share/lilypond/2.22.1/fonts/svg/:')
    \include 
             "../uv/lm-uv-9-6.ly"
/tmp/tmpc9druwi8/2024-03-26T17-06-59-460242-3fb715f.ly:25:14: error: cannot find file: `../uv/lm-uv-10-1.ly'
(search path: `/tmp/tmpc9druwi8:/home/user/GitHub/Artyfyshall-Bird/code-implementation:/usr/share/lilypond/2.22.1/ly:/usr/share/lilypond/2.22.1/ps:/usr/share/lilypond/2.22.1/scm:/usr/share/lilypond/2.22.1/fonts/otf/:/usr/share/lilypond/2.22.1/fonts/type1/:/usr/share/lilypond/2.22.1/fonts/svg/:')
    \include 
             "../uv/lm-uv-10-1.ly"
/tmp/tmpc9druwi8/2024-03-26T17-06-59-460242-3fb715f.ly:26:14: error: cannot find file: `../uv/lm-uv-11-1.ly'
(search path: `/tmp/tmpc9druwi8:/home/user/GitHub/Artyfyshall-Bird/code-implementation:/usr/share/lilypond/2.22.1/ly:/usr/share/lilypond/2.22.1/ps:/usr/share/lilypond/2.22.1/scm:/usr/share/lilypond/2.22.1/fonts/otf/:/usr/share/lilypond/2.22.1/fonts/type1/:/usr/share/lilypond/2.22.1/fonts/svg/:')
    \include 
             "../uv/lm-uv-11-1.ly"
/tmp/tmpc9druwi8/2024-03-26T17-06-59-460242-3fb715f.ly:27:14: error: cannot find file: `../uv/lm-uv-12-3.ly'
(search path: `/tmp/tmpc9druwi8:/home/user/GitHub/Artyfyshall-Bird/code-implementation:/usr/share/lilypond/2.22.1/ly:/usr/share/lilypond/2.22.1/ps:/usr/share/lilypond/2.22.1/scm:/usr/share/lilypond/2.22.1/fonts/otf/:/usr/share/lilypond/2.22.1/fonts/type1/:/usr/share/lilypond/2.22.1/fonts/svg/:')
    \include 
             "../uv/lm-uv-12-3.ly"
/tmp/tmpc9druwi8/2024-03-26T17-06-59-460242-3fb715f.ly:28:14: error: cannot find file: `../uv/lm-uv-13-2.ly'
(search path: `/tmp/tmpc9druwi8:/home/user/GitHub/Artyfyshall-Bird/code-implementation:/usr/share/lilypond/2.22.1/ly:/usr/share/lilypond/2.22.1/ps:/usr/share/lilypond/2.22.1/scm:/usr/share/lilypond/2.22.1/fonts/otf/:/usr/share/lilypond/2.22.1/fonts/type1/:/usr/share/lilypond/2.22.1/fonts/svg/:')
    \include 
             "../uv/lm-uv-13-2.ly"
/tmp/tmpc9druwi8/2024-03-26T17-06-59-460242-3fb715f.ly:29:14: error: cannot find file: `../uv/lm-uv-14-5.ly'
(search path: `/tmp/tmpc9druwi8:/home/user/GitHub/Artyfyshall-Bird/code-implementation:/usr/share/lilypond/2.22.1/ly:/usr/share/lilypond/2.22.1/ps:/usr/share/lilypond/2.22.1/scm:/usr/share/lilypond/2.22.1/fonts/otf/:/usr/share/lilypond/2.22.1/fonts/type1/:/usr/share/lilypond/2.22.1/fonts/svg/:')
    \include 
             "../uv/lm-uv-14-5.ly"
/tmp/tmpc9druwi8/2024-03-26T17-06-59-460242-3fb715f.ly:30:14: error: cannot find file: `../uv/lm-uv-15-3.ly'
(search path: `/tmp/tmpc9druwi8:/home/user/GitHub/Artyfyshall-Bird/code-implementation:/usr/share/lilypond/2.22.1/ly:/usr/share/lilypond/2.22.1/ps:/usr/share/lilypond/2.22.1/scm:/usr/share/lilypond/2.22.1/fonts/otf/:/usr/share/lilypond/2.22.1/fonts/type1/:/usr/share/lilypond/2.22.1/fonts/svg/:')
    \include 
             "../uv/lm-uv-15-3.ly"
/tmp/tmpc9druwi8/2024-03-26T17-06-59-460242-3fb715f.ly:31:14: error: cannot find file: `../uv/lm-uv-16-7.ly'
(search path: `/tmp/tmpc9druwi8:/home/user/GitHub/Artyfyshall-Bird/code-implementation:/usr/share/lilypond/2.22.1/ly:/usr/share/lilypond/2.22.1/ps:/usr/share/lilypond/2.22.1/scm:/usr/share/lilypond/2.22.1/fonts/otf/:/usr/share/lilypond/2.22.1/fonts/type1/:/usr/share/lilypond/2.22.1/fonts/svg/:')
    \include 
             "../uv/lm-uv-16-7.ly"
/tmp/tmpc9druwi8/2024-03-26T17-06-59-460242-3fb715f.ly:39:14: error: cannot find file: `../bassline_option.ly'
(search path: `/tmp/tmpc9druwi8:/home/user/GitHub/Artyfyshall-Bird/code-implementation:/usr/share/lilypond/2.22.1/ly:/usr/share/lilypond/2.22.1/ps:/usr/share/lilypond/2.22.1/scm:/usr/share/lilypond/2.22.1/fonts/otf/:/usr/share/lilypond/2.22.1/fonts/type1/:/usr/share/lilypond/2.22.1/fonts/svg/:')
    \include 
             "../bassline_option.ly"
/tmp/tmpc9druwi8/2024-03-26T17-06-59-460242-3fb715f.ly:40:14: error: cannot find file: `../lv/lm-lv-1-6.ly'
(search path: `/tmp/tmpc9druwi8:/home/user/GitHub/Artyfyshall-Bird/code-implementation:/usr/share/lilypond/2.22.1/ly:/usr/share/lilypond/2.22.1/ps:/usr/share/lilypond/2.22.1/scm:/usr/share/lilypond/2.22.1/fonts/otf/:/usr/share/lilypond/2.22.1/fonts/type1/:/usr/share/lilypond/2.22.1/fonts/svg/:')
    \include 
             "../lv/lm-lv-1-6.ly"
/tmp/tmpc9druwi8/2024-03-26T17-06-59-460242-3fb715f.ly:41:14: error: cannot find file: `../lv/lm-lv-2-1.ly'
(search path: `/tmp/tmpc9druwi8:/home/user/GitHub/Artyfyshall-Bird/code-implementation:/usr/share/lilypond/2.22.1/ly:/usr/share/lilypond/2.22.1/ps:/usr/share/lilypond/2.22.1/scm:/usr/share/lilypond/2.22.1/fonts/otf/:/usr/share/lilypond/2.22.1/fonts/type1/:/usr/share/lilypond/2.22.1/fonts/svg/:')
    \include 
             "../lv/lm-lv-2-1.ly"
/tmp/tmpc9druwi8/2024-03-26T17-06-59-460242-3fb715f.ly:42:14: error: cannot find file: `../lv/lm-lv-3-1.ly'
(search path: `/tmp/tmpc9druwi8:/home/user/GitHub/Artyfyshall-Bird/code-implementation:/usr/share/lilypond/2.22.1/ly:/usr/share/lilypond/2.22.1/ps:/usr/share/lilypond/2.22.1/scm:/usr/share/lilypond/2.22.1/fonts/otf/:/usr/share/lilypond/2.22.1/fonts/type1/:/usr/share/lilypond/2.22.1/fonts/svg/:')
    \include 
             "../lv/lm-lv-3-1.ly"
/tmp/tmpc9druwi8/2024-03-26T17-06-59-460242-3fb715f.ly:43:14: error: cannot find file: `../lv/lm-lv-4-1.ly'
(search path: `/tmp/tmpc9druwi8:/home/user/GitHub/Artyfyshall-Bird/code-implementation:/usr/share/lilypond/2.22.1/ly:/usr/share/lilypond/2.22.1/ps:/usr/share/lilypond/2.22.1/scm:/usr/share/lilypond/2.22.1/fonts/otf/:/usr/share/lilypond/2.22.1/fonts/type1/:/usr/share/lilypond/2.22.1/fonts/svg/:')
    \include 
             "../lv/lm-lv-4-1.ly"
/tmp/tmpc9druwi8/2024-03-26T17-06-59-460242-3fb715f.ly:44:14: error: cannot find file: `../lv/lm-lv-5-7.ly'
(search path: `/tmp/tmpc9druwi8:/home/user/GitHub/Artyfyshall-Bird/code-implementation:/usr/share/lilypond/2.22.1/ly:/usr/share/lilypond/2.22.1/ps:/usr/share/lilypond/2.22.1/scm:/usr/share/lilypond/2.22.1/fonts/otf/:/usr/share/lilypond/2.22.1/fonts/type1/:/usr/share/lilypond/2.22.1/fonts/svg/:')
    \include 
             "../lv/lm-lv-5-7.ly"
/tmp/tmpc9druwi8/2024-03-26T17-06-59-460242-3fb715f.ly:45:14: error: cannot find file: `../lv/lm-lv-6-1.ly'
(search path: `/tmp/tmpc9druwi8:/home/user/GitHub/Artyfyshall-Bird/code-implementation:/usr/share/lilypond/2.22.1/ly:/usr/share/lilypond/2.22.1/ps:/usr/share/lilypond/2.22.1/scm:/usr/share/lilypond/2.22.1/fonts/otf/:/usr/share/lilypond/2.22.1/fonts/type1/:/usr/share/lilypond/2.22.1/fonts/svg/:')
    \include 
             "../lv/lm-lv-6-1.ly"
/tmp/tmpc9druwi8/2024-03-26T17-06-59-460242-3fb715f.ly:46:14: error: cannot find file: `../lv/lm-lv-7-8.ly'
(search path: `/tmp/tmpc9druwi8:/home/user/GitHub/Artyfyshall-Bird/code-implementation:/usr/share/lilypond/2.22.1/ly:/usr/share/lilypond/2.22.1/ps:/usr/share/lilypond/2.22.1/scm:/usr/share/lilypond/2.22.1/fonts/otf/:/usr/share/lilypond/2.22.1/fonts/type1/:/usr/share/lilypond/2.22.1/fonts/svg/:')
    \include 
             "../lv/lm-lv-7-8.ly"
/tmp/tmpc9druwi8/2024-03-26T17-06-59-460242-3fb715f.ly:47:14: error: cannot find file: `../lv/lm-lv-8-2.ly'
(search path: `/tmp/tmpc9druwi8:/home/user/GitHub/Artyfyshall-Bird/code-implementation:/usr/share/lilypond/2.22.1/ly:/usr/share/lilypond/2.22.1/ps:/usr/share/lilypond/2.22.1/scm:/usr/share/lilypond/2.22.1/fonts/otf/:/usr/share/lilypond/2.22.1/fonts/type1/:/usr/share/lilypond/2.22.1/fonts/svg/:')
    \include 
             "../lv/lm-lv-8-2.ly"
/tmp/tmpc9druwi8/2024-03-26T17-06-59-460242-3fb715f.ly:48:14: error: cannot find file: `../lv/lm-lv-9-6.ly'
(search path: `/tmp/tmpc9druwi8:/home/user/GitHub/Artyfyshall-Bird/code-implementation:/usr/share/lilypond/2.22.1/ly:/usr/share/lilypond/2.22.1/ps:/usr/share/lilypond/2.22.1/scm:/usr/share/lilypond/2.22.1/fonts/otf/:/usr/share/lilypond/2.22.1/fonts/type1/:/usr/share/lilypond/2.22.1/fonts/svg/:')
    \include 
             "../lv/lm-lv-9-6.ly"
/tmp/tmpc9druwi8/2024-03-26T17-06-59-460242-3fb715f.ly:49:14: error: cannot find file: `../lv/lm-lv-10-1.ly'
(search path: `/tmp/tmpc9druwi8:/home/user/GitHub/Artyfyshall-Bird/code-implementation:/usr/share/lilypond/2.22.1/ly:/usr/share/lilypond/2.22.1/ps:/usr/share/lilypond/2.22.1/scm:/usr/share/lilypond/2.22.1/fonts/otf/:/usr/share/lilypond/2.22.1/fonts/type1/:/usr/share/lilypond/2.22.1/fonts/svg/:')
    \include 
             "../lv/lm-lv-10-1.ly"
/tmp/tmpc9druwi8/2024-03-26T17-06-59-460242-3fb715f.ly:50:14: error: cannot find file: `../lv/lm-lv-11-1.ly'
(search path: `/tmp/tmpc9druwi8:/home/user/GitHub/Artyfyshall-Bird/code-implementation:/usr/share/lilypond/2.22.1/ly:/usr/share/lilypond/2.22.1/ps:/usr/share/lilypond/2.22.1/scm:/usr/share/lilypond/2.22.1/fonts/otf/:/usr/share/lilypond/2.22.1/fonts/type1/:/usr/share/lilypond/2.22.1/fonts/svg/:')
    \include 
             "../lv/lm-lv-11-1.ly"
/tmp/tmpc9druwi8/2024-03-26T17-06-59-460242-3fb715f.ly:51:14: error: cannot find file: `../lv/lm-lv-12-3.ly'
(search path: `/tmp/tmpc9druwi8:/home/user/GitHub/Artyfyshall-Bird/code-implementation:/usr/share/lilypond/2.22.1/ly:/usr/share/lilypond/2.22.1/ps:/usr/share/lilypond/2.22.1/scm:/usr/share/lilypond/2.22.1/fonts/otf/:/usr/share/lilypond/2.22.1/fonts/type1/:/usr/share/lilypond/2.22.1/fonts/svg/:')
    \include 
             "../lv/lm-lv-12-3.ly"
/tmp/tmpc9druwi8/2024-03-26T17-06-59-460242-3fb715f.ly:52:14: error: cannot find file: `../lv/lm-lv-13-2.ly'
(search path: `/tmp/tmpc9druwi8:/home/user/GitHub/Artyfyshall-Bird/code-implementation:/usr/share/lilypond/2.22.1/ly:/usr/share/lilypond/2.22.1/ps:/usr/share/lilypond/2.22.1/scm:/usr/share/lilypond/2.22.1/fonts/otf/:/usr/share/lilypond/2.22.1/fonts/type1/:/usr/share/lilypond/2.22.1/fonts/svg/:')
    \include 
             "../lv/lm-lv-13-2.ly"
/tmp/tmpc9druwi8/2024-03-26T17-06-59-460242-3fb715f.ly:53:14: error: cannot find file: `../lv/lm-lv-14-5.ly'
(search path: `/tmp/tmpc9druwi8:/home/user/GitHub/Artyfyshall-Bird/code-implementation:/usr/share/lilypond/2.22.1/ly:/usr/share/lilypond/2.22.1/ps:/usr/share/lilypond/2.22.1/scm:/usr/share/lilypond/2.22.1/fonts/otf/:/usr/share/lilypond/2.22.1/fonts/type1/:/usr/share/lilypond/2.22.1/fonts/svg/:')
    \include 
             "../lv/lm-lv-14-5.ly"
/tmp/tmpc9druwi8/2024-03-26T17-06-59-460242-3fb715f.ly:54:14: error: cannot find file: `../lv/lm-lv-15-3.ly'
(search path: `/tmp/tmpc9druwi8:/home/user/GitHub/Artyfyshall-Bird/code-implementation:/usr/share/lilypond/2.22.1/ly:/usr/share/lilypond/2.22.1/ps:/usr/share/lilypond/2.22.1/scm:/usr/share/lilypond/2.22.1/fonts/otf/:/usr/share/lilypond/2.22.1/fonts/type1/:/usr/share/lilypond/2.22.1/fonts/svg/:')
    \include 
             "../lv/lm-lv-15-3.ly"
/tmp/tmpc9druwi8/2024-03-26T17-06-59-460242-3fb715f.ly:55:14: error: cannot find file: `../lv/lm-lv-16-7.ly'
(search path: `/tmp/tmpc9druwi8:/home/user/GitHub/Artyfyshall-Bird/code-implementation:/usr/share/lilypond/2.22.1/ly:/usr/share/lilypond/2.22.1/ps:/usr/share/lilypond/2.22.1/scm:/usr/share/lilypond/2.22.1/fonts/otf/:/usr/share/lilypond/2.22.1/fonts/type1/:/usr/share/lilypond/2.22.1/fonts/svg/:')
    \include 
             "../lv/lm-lv-16-7.ly"
/tmp/tmpc9druwi8/2024-03-26T17-06-59-460242-3fb715f.ly:61:14: error: cannot find file: `../layout_settings.ly'
(search path: `/tmp/tmpc9druwi8:/home/user/GitHub/Artyfyshall-Bird/code-implementation:/usr/share/lilypond/2.22.1/ly:/usr/share/lilypond/2.22.1/ps:/usr/share/lilypond/2.22.1/scm:/usr/share/lilypond/2.22.1/fonts/otf/:/usr/share/lilypond/2.22.1/fonts/type1/:/usr/share/lilypond/2.22.1/fonts/svg/:')
    \include 
             "../layout_settings.ly"
/tmp/tmpc9druwi8/2024-03-26T17-06-59-460242-3fb715f.ly:1: warning: no \version statement found, please add

\version "2.22.1"

for future compatibility
Interpreting music...
/tmp/tmpc9druwi8/2024-03-26T17-06-59-460242-3fb715f.ly:8:5: warning: skipping zero-duration score
    
    <<
/tmp/tmpc9druwi8/2024-03-26T17-06-59-460242-3fb715f.ly:8:5: warning: to suppress this, consider adding a spacer rest
    
    <<
fatal error: failed files: "/tmp/tmpc9druwi8/2024-03-26T17-06-59-460242-3fb715f.ly"
