GNU LilyPond 2.22.1
Changing working directory to: `/tmp/tmppnfhordt'
Processing `/tmp/tmppnfhordt/2024-04-29T16-39-20-753864-2b0b7e0.ly'
Parsing...
/tmp/tmppnfhordt/2024-04-29T16-39-20-753864-2b0b7e0.ly:1:10: error: cannot find file: `../paper_settings.ly'
(search path: `/tmp/tmppnfhordt:/home/user/GitHub/Artyfyshall-Bird/code-implementation:/usr/share/lilypond/2.22.1/ly:/usr/share/lilypond/2.22.1/ps:/usr/share/lilypond/2.22.1/scm:/usr/share/lilypond/2.22.1/fonts/otf/:/usr/share/lilypond/2.22.1/fonts/type1/:/usr/share/lilypond/2.22.1/fonts/svg/:')
\include 
         "../paper_settings.ly" 
/tmp/tmppnfhordt/2024-04-29T16-39-20-753864-2b0b7e0.ly:13:14: error: cannot find file: `../voice_option.ly'
(search path: `/tmp/tmppnfhordt:/home/user/GitHub/Artyfyshall-Bird/code-implementation:/usr/share/lilypond/2.22.1/ly:/usr/share/lilypond/2.22.1/ps:/usr/share/lilypond/2.22.1/scm:/usr/share/lilypond/2.22.1/fonts/otf/:/usr/share/lilypond/2.22.1/fonts/type1/:/usr/share/lilypond/2.22.1/fonts/svg/:')
    \include 
             "../voice_option.ly"
/tmp/tmppnfhordt/2024-04-29T16-39-20-753864-2b0b7e0.ly:15:14: error: cannot find file: `../rh/kk-01-rh-A5.ly'
(search path: `/tmp/tmppnfhordt:/home/user/GitHub/Artyfyshall-Bird/code-implementation:/usr/share/lilypond/2.22.1/ly:/usr/share/lilypond/2.22.1/ps:/usr/share/lilypond/2.22.1/scm:/usr/share/lilypond/2.22.1/fonts/otf/:/usr/share/lilypond/2.22.1/fonts/type1/:/usr/share/lilypond/2.22.1/fonts/svg/:')
    \include 
             "../rh/kk-01-rh-A5.ly"
/tmp/tmppnfhordt/2024-04-29T16-39-20-753864-2b0b7e0.ly:16:14: error: cannot find file: `../rh/kk-01-rh-B7.ly'
(search path: `/tmp/tmppnfhordt:/home/user/GitHub/Artyfyshall-Bird/code-implementation:/usr/share/lilypond/2.22.1/ly:/usr/share/lilypond/2.22.1/ps:/usr/share/lilypond/2.22.1/scm:/usr/share/lilypond/2.22.1/fonts/otf/:/usr/share/lilypond/2.22.1/fonts/type1/:/usr/share/lilypond/2.22.1/fonts/svg/:')
    \include 
             "../rh/kk-01-rh-B7.ly"
/tmp/tmppnfhordt/2024-04-29T16-39-20-753864-2b0b7e0.ly:17:14: error: cannot find file: `../rh/kk-01-rh-C7.ly'
(search path: `/tmp/tmppnfhordt:/home/user/GitHub/Artyfyshall-Bird/code-implementation:/usr/share/lilypond/2.22.1/ly:/usr/share/lilypond/2.22.1/ps:/usr/share/lilypond/2.22.1/scm:/usr/share/lilypond/2.22.1/fonts/otf/:/usr/share/lilypond/2.22.1/fonts/type1/:/usr/share/lilypond/2.22.1/fonts/svg/:')
    \include 
             "../rh/kk-01-rh-C7.ly"
/tmp/tmppnfhordt/2024-04-29T16-39-20-753864-2b0b7e0.ly:18:14: error: cannot find file: `../rh/kk-01-rh-D9.ly'
(search path: `/tmp/tmppnfhordt:/home/user/GitHub/Artyfyshall-Bird/code-implementation:/usr/share/lilypond/2.22.1/ly:/usr/share/lilypond/2.22.1/ps:/usr/share/lilypond/2.22.1/scm:/usr/share/lilypond/2.22.1/fonts/otf/:/usr/share/lilypond/2.22.1/fonts/type1/:/usr/share/lilypond/2.22.1/fonts/svg/:')
    \include 
             "../rh/kk-01-rh-D9.ly"
/tmp/tmppnfhordt/2024-04-29T16-39-20-753864-2b0b7e0.ly:19:14: error: cannot find file: `../rh/kk-01-rh-E12.ly'
(search path: `/tmp/tmppnfhordt:/home/user/GitHub/Artyfyshall-Bird/code-implementation:/usr/share/lilypond/2.22.1/ly:/usr/share/lilypond/2.22.1/ps:/usr/share/lilypond/2.22.1/scm:/usr/share/lilypond/2.22.1/fonts/otf/:/usr/share/lilypond/2.22.1/fonts/type1/:/usr/share/lilypond/2.22.1/fonts/svg/:')
    \include 
             "../rh/kk-01-rh-E12.ly"
/tmp/tmppnfhordt/2024-04-29T16-39-20-753864-2b0b7e0.ly:20:14: error: cannot find file: `../rh/kk-01-rh-F4.ly'
(search path: `/tmp/tmppnfhordt:/home/user/GitHub/Artyfyshall-Bird/code-implementation:/usr/share/lilypond/2.22.1/ly:/usr/share/lilypond/2.22.1/ps:/usr/share/lilypond/2.22.1/scm:/usr/share/lilypond/2.22.1/fonts/otf/:/usr/share/lilypond/2.22.1/fonts/type1/:/usr/share/lilypond/2.22.1/fonts/svg/:')
    \include 
             "../rh/kk-01-rh-F4.ly"
/tmp/tmppnfhordt/2024-04-29T16-39-20-753864-2b0b7e0.ly:21:14: error: cannot find file: `../rh/kk-01-rh-G10.ly'
(search path: `/tmp/tmppnfhordt:/home/user/GitHub/Artyfyshall-Bird/code-implementation:/usr/share/lilypond/2.22.1/ly:/usr/share/lilypond/2.22.1/ps:/usr/share/lilypond/2.22.1/scm:/usr/share/lilypond/2.22.1/fonts/otf/:/usr/share/lilypond/2.22.1/fonts/type1/:/usr/share/lilypond/2.22.1/fonts/svg/:')
    \include 
             "../rh/kk-01-rh-G10.ly"
/tmp/tmppnfhordt/2024-04-29T16-39-20-753864-2b0b7e0.ly:22:14: error: cannot find file: `../rh/kk-01-rh-H9.ly'
(search path: `/tmp/tmppnfhordt:/home/user/GitHub/Artyfyshall-Bird/code-implementation:/usr/share/lilypond/2.22.1/ly:/usr/share/lilypond/2.22.1/ps:/usr/share/lilypond/2.22.1/scm:/usr/share/lilypond/2.22.1/fonts/otf/:/usr/share/lilypond/2.22.1/fonts/type1/:/usr/share/lilypond/2.22.1/fonts/svg/:')
    \include 
             "../rh/kk-01-rh-H9.ly"
/tmp/tmppnfhordt/2024-04-29T16-39-20-753864-2b0b7e0.ly:24:14: error: cannot find file: `../rh/kk-01-rh-J10.ly'
(search path: `/tmp/tmppnfhordt:/home/user/GitHub/Artyfyshall-Bird/code-implementation:/usr/share/lilypond/2.22.1/ly:/usr/share/lilypond/2.22.1/ps:/usr/share/lilypond/2.22.1/scm:/usr/share/lilypond/2.22.1/fonts/otf/:/usr/share/lilypond/2.22.1/fonts/type1/:/usr/share/lilypond/2.22.1/fonts/svg/:')
    \include 
             "../rh/kk-01-rh-J10.ly"
/tmp/tmppnfhordt/2024-04-29T16-39-20-753864-2b0b7e0.ly:25:14: error: cannot find file: `../rh/kk-01-rh-K8.ly'
(search path: `/tmp/tmppnfhordt:/home/user/GitHub/Artyfyshall-Bird/code-implementation:/usr/share/lilypond/2.22.1/ly:/usr/share/lilypond/2.22.1/ps:/usr/share/lilypond/2.22.1/scm:/usr/share/lilypond/2.22.1/fonts/otf/:/usr/share/lilypond/2.22.1/fonts/type1/:/usr/share/lilypond/2.22.1/fonts/svg/:')
    \include 
             "../rh/kk-01-rh-K8.ly"
/tmp/tmppnfhordt/2024-04-29T16-39-20-753864-2b0b7e0.ly:26:14: error: cannot find file: `../rh/kk-01-rh-L4.ly'
(search path: `/tmp/tmppnfhordt:/home/user/GitHub/Artyfyshall-Bird/code-implementation:/usr/share/lilypond/2.22.1/ly:/usr/share/lilypond/2.22.1/ps:/usr/share/lilypond/2.22.1/scm:/usr/share/lilypond/2.22.1/fonts/otf/:/usr/share/lilypond/2.22.1/fonts/type1/:/usr/share/lilypond/2.22.1/fonts/svg/:')
    \include 
             "../rh/kk-01-rh-L4.ly"
/tmp/tmppnfhordt/2024-04-29T16-39-20-753864-2b0b7e0.ly:27:14: error: cannot find file: `../rh/kk-01-rh-M7.ly'
(search path: `/tmp/tmppnfhordt:/home/user/GitHub/Artyfyshall-Bird/code-implementation:/usr/share/lilypond/2.22.1/ly:/usr/share/lilypond/2.22.1/ps:/usr/share/lilypond/2.22.1/scm:/usr/share/lilypond/2.22.1/fonts/otf/:/usr/share/lilypond/2.22.1/fonts/type1/:/usr/share/lilypond/2.22.1/fonts/svg/:')
    \include 
             "../rh/kk-01-rh-M7.ly"
/tmp/tmppnfhordt/2024-04-29T16-39-20-753864-2b0b7e0.ly:28:14: error: cannot find file: `../rh/kk-01-rh-N3.ly'
(search path: `/tmp/tmppnfhordt:/home/user/GitHub/Artyfyshall-Bird/code-implementation:/usr/share/lilypond/2.22.1/ly:/usr/share/lilypond/2.22.1/ps:/usr/share/lilypond/2.22.1/scm:/usr/share/lilypond/2.22.1/fonts/otf/:/usr/share/lilypond/2.22.1/fonts/type1/:/usr/share/lilypond/2.22.1/fonts/svg/:')
    \include 
             "../rh/kk-01-rh-N3.ly"
/tmp/tmppnfhordt/2024-04-29T16-39-20-753864-2b0b7e0.ly:29:14: error: cannot find file: `../rh/kk-01-rh-O2.ly'
(search path: `/tmp/tmppnfhordt:/home/user/GitHub/Artyfyshall-Bird/code-implementation:/usr/share/lilypond/2.22.1/ly:/usr/share/lilypond/2.22.1/ps:/usr/share/lilypond/2.22.1/scm:/usr/share/lilypond/2.22.1/fonts/otf/:/usr/share/lilypond/2.22.1/fonts/type1/:/usr/share/lilypond/2.22.1/fonts/svg/:')
    \include 
             "../rh/kk-01-rh-O2.ly"
/tmp/tmppnfhordt/2024-04-29T16-39-20-753864-2b0b7e0.ly:30:14: error: cannot find file: `../rh/kk-01-rh-P3.ly'
(search path: `/tmp/tmppnfhordt:/home/user/GitHub/Artyfyshall-Bird/code-implementation:/usr/share/lilypond/2.22.1/ly:/usr/share/lilypond/2.22.1/ps:/usr/share/lilypond/2.22.1/scm:/usr/share/lilypond/2.22.1/fonts/otf/:/usr/share/lilypond/2.22.1/fonts/type1/:/usr/share/lilypond/2.22.1/fonts/svg/:')
    \include 
             "../rh/kk-01-rh-P3.ly"
/tmp/tmppnfhordt/2024-04-29T16-39-20-753864-2b0b7e0.ly:31:14: error: cannot find file: `../rh/kk-01-rh-Q4.ly'
(search path: `/tmp/tmppnfhordt:/home/user/GitHub/Artyfyshall-Bird/code-implementation:/usr/share/lilypond/2.22.1/ly:/usr/share/lilypond/2.22.1/ps:/usr/share/lilypond/2.22.1/scm:/usr/share/lilypond/2.22.1/fonts/otf/:/usr/share/lilypond/2.22.1/fonts/type1/:/usr/share/lilypond/2.22.1/fonts/svg/:')
    \include 
             "../rh/kk-01-rh-Q4.ly"
/tmp/tmppnfhordt/2024-04-29T16-39-20-753864-2b0b7e0.ly:32:14: error: cannot find file: `../rh/kk-01-rh-R11.ly'
(search path: `/tmp/tmppnfhordt:/home/user/GitHub/Artyfyshall-Bird/code-implementation:/usr/share/lilypond/2.22.1/ly:/usr/share/lilypond/2.22.1/ps:/usr/share/lilypond/2.22.1/scm:/usr/share/lilypond/2.22.1/fonts/otf/:/usr/share/lilypond/2.22.1/fonts/type1/:/usr/share/lilypond/2.22.1/fonts/svg/:')
    \include 
             "../rh/kk-01-rh-R11.ly"
/tmp/tmppnfhordt/2024-04-29T16-39-20-753864-2b0b7e0.ly:33:14: error: cannot find file: `../rh/kk-01-rh-S7.ly'
(search path: `/tmp/tmppnfhordt:/home/user/GitHub/Artyfyshall-Bird/code-implementation:/usr/share/lilypond/2.22.1/ly:/usr/share/lilypond/2.22.1/ps:/usr/share/lilypond/2.22.1/scm:/usr/share/lilypond/2.22.1/fonts/otf/:/usr/share/lilypond/2.22.1/fonts/type1/:/usr/share/lilypond/2.22.1/fonts/svg/:')
    \include 
             "../rh/kk-01-rh-S7.ly"
/tmp/tmppnfhordt/2024-04-29T16-39-20-753864-2b0b7e0.ly:34:14: error: cannot find file: `../rh/kk-01-rh-T5.ly'
(search path: `/tmp/tmppnfhordt:/home/user/GitHub/Artyfyshall-Bird/code-implementation:/usr/share/lilypond/2.22.1/ly:/usr/share/lilypond/2.22.1/ps:/usr/share/lilypond/2.22.1/scm:/usr/share/lilypond/2.22.1/fonts/otf/:/usr/share/lilypond/2.22.1/fonts/type1/:/usr/share/lilypond/2.22.1/fonts/svg/:')
    \include 
             "../rh/kk-01-rh-T5.ly"
/tmp/tmppnfhordt/2024-04-29T16-39-20-753864-2b0b7e0.ly:35:14: error: cannot find file: `../rh/kk-01-rh-U9.ly'
(search path: `/tmp/tmppnfhordt:/home/user/GitHub/Artyfyshall-Bird/code-implementation:/usr/share/lilypond/2.22.1/ly:/usr/share/lilypond/2.22.1/ps:/usr/share/lilypond/2.22.1/scm:/usr/share/lilypond/2.22.1/fonts/otf/:/usr/share/lilypond/2.22.1/fonts/type1/:/usr/share/lilypond/2.22.1/fonts/svg/:')
    \include 
             "../rh/kk-01-rh-U9.ly"
/tmp/tmppnfhordt/2024-04-29T16-39-20-753864-2b0b7e0.ly:36:14: error: cannot find file: `../rh/kk-01-rh-V8.ly'
(search path: `/tmp/tmppnfhordt:/home/user/GitHub/Artyfyshall-Bird/code-implementation:/usr/share/lilypond/2.22.1/ly:/usr/share/lilypond/2.22.1/ps:/usr/share/lilypond/2.22.1/scm:/usr/share/lilypond/2.22.1/fonts/otf/:/usr/share/lilypond/2.22.1/fonts/type1/:/usr/share/lilypond/2.22.1/fonts/svg/:')
    \include 
             "../rh/kk-01-rh-V8.ly"
/tmp/tmppnfhordt/2024-04-29T16-39-20-753864-2b0b7e0.ly:40:14: error: cannot find file: `../bassline_option.ly'
(search path: `/tmp/tmppnfhordt:/home/user/GitHub/Artyfyshall-Bird/code-implementation:/usr/share/lilypond/2.22.1/ly:/usr/share/lilypond/2.22.1/ps:/usr/share/lilypond/2.22.1/scm:/usr/share/lilypond/2.22.1/fonts/otf/:/usr/share/lilypond/2.22.1/fonts/type1/:/usr/share/lilypond/2.22.1/fonts/svg/:')
    \include 
             "../bassline_option.ly"
/tmp/tmppnfhordt/2024-04-29T16-39-20-753864-2b0b7e0.ly:41:14: error: cannot find file: `../lh/kk-01-lh-A5.ly'
(search path: `/tmp/tmppnfhordt:/home/user/GitHub/Artyfyshall-Bird/code-implementation:/usr/share/lilypond/2.22.1/ly:/usr/share/lilypond/2.22.1/ps:/usr/share/lilypond/2.22.1/scm:/usr/share/lilypond/2.22.1/fonts/otf/:/usr/share/lilypond/2.22.1/fonts/type1/:/usr/share/lilypond/2.22.1/fonts/svg/:')
    \include 
             "../lh/kk-01-lh-A5.ly"
/tmp/tmppnfhordt/2024-04-29T16-39-20-753864-2b0b7e0.ly:42:14: error: cannot find file: `../lh/kk-01-lh-B7.ly'
(search path: `/tmp/tmppnfhordt:/home/user/GitHub/Artyfyshall-Bird/code-implementation:/usr/share/lilypond/2.22.1/ly:/usr/share/lilypond/2.22.1/ps:/usr/share/lilypond/2.22.1/scm:/usr/share/lilypond/2.22.1/fonts/otf/:/usr/share/lilypond/2.22.1/fonts/type1/:/usr/share/lilypond/2.22.1/fonts/svg/:')
    \include 
             "../lh/kk-01-lh-B7.ly"
/tmp/tmppnfhordt/2024-04-29T16-39-20-753864-2b0b7e0.ly:43:14: error: cannot find file: `../lh/kk-01-lh-C7.ly'
(search path: `/tmp/tmppnfhordt:/home/user/GitHub/Artyfyshall-Bird/code-implementation:/usr/share/lilypond/2.22.1/ly:/usr/share/lilypond/2.22.1/ps:/usr/share/lilypond/2.22.1/scm:/usr/share/lilypond/2.22.1/fonts/otf/:/usr/share/lilypond/2.22.1/fonts/type1/:/usr/share/lilypond/2.22.1/fonts/svg/:')
    \include 
             "../lh/kk-01-lh-C7.ly"
/tmp/tmppnfhordt/2024-04-29T16-39-20-753864-2b0b7e0.ly:44:14: error: cannot find file: `../lh/kk-01-lh-D9.ly'
(search path: `/tmp/tmppnfhordt:/home/user/GitHub/Artyfyshall-Bird/code-implementation:/usr/share/lilypond/2.22.1/ly:/usr/share/lilypond/2.22.1/ps:/usr/share/lilypond/2.22.1/scm:/usr/share/lilypond/2.22.1/fonts/otf/:/usr/share/lilypond/2.22.1/fonts/type1/:/usr/share/lilypond/2.22.1/fonts/svg/:')
    \include 
             "../lh/kk-01-lh-D9.ly"
/tmp/tmppnfhordt/2024-04-29T16-39-20-753864-2b0b7e0.ly:45:14: error: cannot find file: `../lh/kk-01-lh-E12.ly'
(search path: `/tmp/tmppnfhordt:/home/user/GitHub/Artyfyshall-Bird/code-implementation:/usr/share/lilypond/2.22.1/ly:/usr/share/lilypond/2.22.1/ps:/usr/share/lilypond/2.22.1/scm:/usr/share/lilypond/2.22.1/fonts/otf/:/usr/share/lilypond/2.22.1/fonts/type1/:/usr/share/lilypond/2.22.1/fonts/svg/:')
    \include 
             "../lh/kk-01-lh-E12.ly"
/tmp/tmppnfhordt/2024-04-29T16-39-20-753864-2b0b7e0.ly:46:14: error: cannot find file: `../lh/kk-01-lh-F4.ly'
(search path: `/tmp/tmppnfhordt:/home/user/GitHub/Artyfyshall-Bird/code-implementation:/usr/share/lilypond/2.22.1/ly:/usr/share/lilypond/2.22.1/ps:/usr/share/lilypond/2.22.1/scm:/usr/share/lilypond/2.22.1/fonts/otf/:/usr/share/lilypond/2.22.1/fonts/type1/:/usr/share/lilypond/2.22.1/fonts/svg/:')
    \include 
             "../lh/kk-01-lh-F4.ly"
/tmp/tmppnfhordt/2024-04-29T16-39-20-753864-2b0b7e0.ly:47:14: error: cannot find file: `../lh/kk-01-lh-G10.ly'
(search path: `/tmp/tmppnfhordt:/home/user/GitHub/Artyfyshall-Bird/code-implementation:/usr/share/lilypond/2.22.1/ly:/usr/share/lilypond/2.22.1/ps:/usr/share/lilypond/2.22.1/scm:/usr/share/lilypond/2.22.1/fonts/otf/:/usr/share/lilypond/2.22.1/fonts/type1/:/usr/share/lilypond/2.22.1/fonts/svg/:')
    \include 
             "../lh/kk-01-lh-G10.ly"
/tmp/tmppnfhordt/2024-04-29T16-39-20-753864-2b0b7e0.ly:48:14: error: cannot find file: `../lh/kk-01-lh-H9.ly'
(search path: `/tmp/tmppnfhordt:/home/user/GitHub/Artyfyshall-Bird/code-implementation:/usr/share/lilypond/2.22.1/ly:/usr/share/lilypond/2.22.1/ps:/usr/share/lilypond/2.22.1/scm:/usr/share/lilypond/2.22.1/fonts/otf/:/usr/share/lilypond/2.22.1/fonts/type1/:/usr/share/lilypond/2.22.1/fonts/svg/:')
    \include 
             "../lh/kk-01-lh-H9.ly"
/tmp/tmppnfhordt/2024-04-29T16-39-20-753864-2b0b7e0.ly:49:14: error: cannot find file: `../lh/kk-01-lh-J10.ly'
(search path: `/tmp/tmppnfhordt:/home/user/GitHub/Artyfyshall-Bird/code-implementation:/usr/share/lilypond/2.22.1/ly:/usr/share/lilypond/2.22.1/ps:/usr/share/lilypond/2.22.1/scm:/usr/share/lilypond/2.22.1/fonts/otf/:/usr/share/lilypond/2.22.1/fonts/type1/:/usr/share/lilypond/2.22.1/fonts/svg/:')
    \include 
             "../lh/kk-01-lh-J10.ly"
/tmp/tmppnfhordt/2024-04-29T16-39-20-753864-2b0b7e0.ly:50:14: error: cannot find file: `../lh/kk-01-lh-K8.ly'
(search path: `/tmp/tmppnfhordt:/home/user/GitHub/Artyfyshall-Bird/code-implementation:/usr/share/lilypond/2.22.1/ly:/usr/share/lilypond/2.22.1/ps:/usr/share/lilypond/2.22.1/scm:/usr/share/lilypond/2.22.1/fonts/otf/:/usr/share/lilypond/2.22.1/fonts/type1/:/usr/share/lilypond/2.22.1/fonts/svg/:')
    \include 
             "../lh/kk-01-lh-K8.ly"
/tmp/tmppnfhordt/2024-04-29T16-39-20-753864-2b0b7e0.ly:51:14: error: cannot find file: `../lh/kk-01-lh-L4.ly'
(search path: `/tmp/tmppnfhordt:/home/user/GitHub/Artyfyshall-Bird/code-implementation:/usr/share/lilypond/2.22.1/ly:/usr/share/lilypond/2.22.1/ps:/usr/share/lilypond/2.22.1/scm:/usr/share/lilypond/2.22.1/fonts/otf/:/usr/share/lilypond/2.22.1/fonts/type1/:/usr/share/lilypond/2.22.1/fonts/svg/:')
    \include 
             "../lh/kk-01-lh-L4.ly"
/tmp/tmppnfhordt/2024-04-29T16-39-20-753864-2b0b7e0.ly:52:14: error: cannot find file: `../lh/kk-01-lh-M7.ly'
(search path: `/tmp/tmppnfhordt:/home/user/GitHub/Artyfyshall-Bird/code-implementation:/usr/share/lilypond/2.22.1/ly:/usr/share/lilypond/2.22.1/ps:/usr/share/lilypond/2.22.1/scm:/usr/share/lilypond/2.22.1/fonts/otf/:/usr/share/lilypond/2.22.1/fonts/type1/:/usr/share/lilypond/2.22.1/fonts/svg/:')
    \include 
             "../lh/kk-01-lh-M7.ly"
/tmp/tmppnfhordt/2024-04-29T16-39-20-753864-2b0b7e0.ly:53:14: error: cannot find file: `../lh/kk-01-lh-N3.ly'
(search path: `/tmp/tmppnfhordt:/home/user/GitHub/Artyfyshall-Bird/code-implementation:/usr/share/lilypond/2.22.1/ly:/usr/share/lilypond/2.22.1/ps:/usr/share/lilypond/2.22.1/scm:/usr/share/lilypond/2.22.1/fonts/otf/:/usr/share/lilypond/2.22.1/fonts/type1/:/usr/share/lilypond/2.22.1/fonts/svg/:')
    \include 
             "../lh/kk-01-lh-N3.ly"
/tmp/tmppnfhordt/2024-04-29T16-39-20-753864-2b0b7e0.ly:54:14: error: cannot find file: `../lh/kk-01-lh-O2.ly'
(search path: `/tmp/tmppnfhordt:/home/user/GitHub/Artyfyshall-Bird/code-implementation:/usr/share/lilypond/2.22.1/ly:/usr/share/lilypond/2.22.1/ps:/usr/share/lilypond/2.22.1/scm:/usr/share/lilypond/2.22.1/fonts/otf/:/usr/share/lilypond/2.22.1/fonts/type1/:/usr/share/lilypond/2.22.1/fonts/svg/:')
    \include 
             "../lh/kk-01-lh-O2.ly"
/tmp/tmppnfhordt/2024-04-29T16-39-20-753864-2b0b7e0.ly:55:14: error: cannot find file: `../lh/kk-01-lh-P3.ly'
(search path: `/tmp/tmppnfhordt:/home/user/GitHub/Artyfyshall-Bird/code-implementation:/usr/share/lilypond/2.22.1/ly:/usr/share/lilypond/2.22.1/ps:/usr/share/lilypond/2.22.1/scm:/usr/share/lilypond/2.22.1/fonts/otf/:/usr/share/lilypond/2.22.1/fonts/type1/:/usr/share/lilypond/2.22.1/fonts/svg/:')
    \include 
             "../lh/kk-01-lh-P3.ly"
/tmp/tmppnfhordt/2024-04-29T16-39-20-753864-2b0b7e0.ly:56:14: error: cannot find file: `../lh/kk-01-lh-Q4.ly'
(search path: `/tmp/tmppnfhordt:/home/user/GitHub/Artyfyshall-Bird/code-implementation:/usr/share/lilypond/2.22.1/ly:/usr/share/lilypond/2.22.1/ps:/usr/share/lilypond/2.22.1/scm:/usr/share/lilypond/2.22.1/fonts/otf/:/usr/share/lilypond/2.22.1/fonts/type1/:/usr/share/lilypond/2.22.1/fonts/svg/:')
    \include 
             "../lh/kk-01-lh-Q4.ly"
/tmp/tmppnfhordt/2024-04-29T16-39-20-753864-2b0b7e0.ly:57:14: error: cannot find file: `../lh/kk-01-lh-R11.ly'
(search path: `/tmp/tmppnfhordt:/home/user/GitHub/Artyfyshall-Bird/code-implementation:/usr/share/lilypond/2.22.1/ly:/usr/share/lilypond/2.22.1/ps:/usr/share/lilypond/2.22.1/scm:/usr/share/lilypond/2.22.1/fonts/otf/:/usr/share/lilypond/2.22.1/fonts/type1/:/usr/share/lilypond/2.22.1/fonts/svg/:')
    \include 
             "../lh/kk-01-lh-R11.ly"
/tmp/tmppnfhordt/2024-04-29T16-39-20-753864-2b0b7e0.ly:58:14: error: cannot find file: `../lh/kk-01-lh-S7.ly'
(search path: `/tmp/tmppnfhordt:/home/user/GitHub/Artyfyshall-Bird/code-implementation:/usr/share/lilypond/2.22.1/ly:/usr/share/lilypond/2.22.1/ps:/usr/share/lilypond/2.22.1/scm:/usr/share/lilypond/2.22.1/fonts/otf/:/usr/share/lilypond/2.22.1/fonts/type1/:/usr/share/lilypond/2.22.1/fonts/svg/:')
    \include 
             "../lh/kk-01-lh-S7.ly"
/tmp/tmppnfhordt/2024-04-29T16-39-20-753864-2b0b7e0.ly:59:14: error: cannot find file: `../lh/kk-01-lh-T5.ly'
(search path: `/tmp/tmppnfhordt:/home/user/GitHub/Artyfyshall-Bird/code-implementation:/usr/share/lilypond/2.22.1/ly:/usr/share/lilypond/2.22.1/ps:/usr/share/lilypond/2.22.1/scm:/usr/share/lilypond/2.22.1/fonts/otf/:/usr/share/lilypond/2.22.1/fonts/type1/:/usr/share/lilypond/2.22.1/fonts/svg/:')
    \include 
             "../lh/kk-01-lh-T5.ly"
/tmp/tmppnfhordt/2024-04-29T16-39-20-753864-2b0b7e0.ly:60:14: error: cannot find file: `../lh/kk-01-lh-U9.ly'
(search path: `/tmp/tmppnfhordt:/home/user/GitHub/Artyfyshall-Bird/code-implementation:/usr/share/lilypond/2.22.1/ly:/usr/share/lilypond/2.22.1/ps:/usr/share/lilypond/2.22.1/scm:/usr/share/lilypond/2.22.1/fonts/otf/:/usr/share/lilypond/2.22.1/fonts/type1/:/usr/share/lilypond/2.22.1/fonts/svg/:')
    \include 
             "../lh/kk-01-lh-U9.ly"
/tmp/tmppnfhordt/2024-04-29T16-39-20-753864-2b0b7e0.ly:61:14: error: cannot find file: `../lh/kk-01-lh-V8.ly'
(search path: `/tmp/tmppnfhordt:/home/user/GitHub/Artyfyshall-Bird/code-implementation:/usr/share/lilypond/2.22.1/ly:/usr/share/lilypond/2.22.1/ps:/usr/share/lilypond/2.22.1/scm:/usr/share/lilypond/2.22.1/fonts/otf/:/usr/share/lilypond/2.22.1/fonts/type1/:/usr/share/lilypond/2.22.1/fonts/svg/:')
    \include 
             "../lh/kk-01-lh-V8.ly"
/tmp/tmppnfhordt/2024-04-29T16-39-20-753864-2b0b7e0.ly:65:14: error: cannot find file: `../layout_settings.ly'
(search path: `/tmp/tmppnfhordt:/home/user/GitHub/Artyfyshall-Bird/code-implementation:/usr/share/lilypond/2.22.1/ly:/usr/share/lilypond/2.22.1/ps:/usr/share/lilypond/2.22.1/scm:/usr/share/lilypond/2.22.1/fonts/otf/:/usr/share/lilypond/2.22.1/fonts/type1/:/usr/share/lilypond/2.22.1/fonts/svg/:')
    \include 
             "../layout_settings.ly"
/tmp/tmppnfhordt/2024-04-29T16-39-20-753864-2b0b7e0.ly:1: warning: no \version statement found, please add

\version "2.22.1"

for future compatibility
Interpreting music...
/tmp/tmppnfhordt/2024-04-29T16-39-20-753864-2b0b7e0.ly:8:5: warning: skipping zero-duration score
    
    <<
/tmp/tmppnfhordt/2024-04-29T16-39-20-753864-2b0b7e0.ly:8:5: warning: to suppress this, consider adding a spacer rest
    
    <<
fatal error: failed files: "/tmp/tmppnfhordt/2024-04-29T16-39-20-753864-2b0b7e0.ly"
