GNU LilyPond 2.22.1
Changing working directory to: `/tmp/tmpyh3wzie7'
Processing `/tmp/tmpyh3wzie7/2024-06-17T21-02-20-548250-df21c95.ly'
Parsing...
/tmp/tmpyh3wzie7/2024-06-17T21-02-20-548250-df21c95.ly:1:10: error: cannot find file: `../paper_settings.ly'
(search path: `/tmp/tmpyh3wzie7:/home/user/GitHub/Artyfyshall-Bird/code-implementation:/usr/share/lilypond/2.22.1/ly:/usr/share/lilypond/2.22.1/ps:/usr/share/lilypond/2.22.1/scm:/usr/share/lilypond/2.22.1/fonts/otf/:/usr/share/lilypond/2.22.1/fonts/type1/:/usr/share/lilypond/2.22.1/fonts/svg/:')
\include 
         "../paper_settings.ly" 
/tmp/tmpyh3wzie7/2024-06-17T21-02-20-548250-df21c95.ly:13:14: error: cannot find file: `../voice_option.ly'
(search path: `/tmp/tmpyh3wzie7:/home/user/GitHub/Artyfyshall-Bird/code-implementation:/usr/share/lilypond/2.22.1/ly:/usr/share/lilypond/2.22.1/ps:/usr/share/lilypond/2.22.1/scm:/usr/share/lilypond/2.22.1/fonts/otf/:/usr/share/lilypond/2.22.1/fonts/type1/:/usr/share/lilypond/2.22.1/fonts/svg/:')
    \include 
             "../voice_option.ly"
/tmp/tmpyh3wzie7/2024-06-17T21-02-20-548250-df21c95.ly:15:14: error: cannot find file: `../rh/kk-01-rh-A8.ly'
(search path: `/tmp/tmpyh3wzie7:/home/user/GitHub/Artyfyshall-Bird/code-implementation:/usr/share/lilypond/2.22.1/ly:/usr/share/lilypond/2.22.1/ps:/usr/share/lilypond/2.22.1/scm:/usr/share/lilypond/2.22.1/fonts/otf/:/usr/share/lilypond/2.22.1/fonts/type1/:/usr/share/lilypond/2.22.1/fonts/svg/:')
    \include 
             "../rh/kk-01-rh-A8.ly"
/tmp/tmpyh3wzie7/2024-06-17T21-02-20-548250-df21c95.ly:16:14: error: cannot find file: `../rh/kk-01-rh-B5.ly'
(search path: `/tmp/tmpyh3wzie7:/home/user/GitHub/Artyfyshall-Bird/code-implementation:/usr/share/lilypond/2.22.1/ly:/usr/share/lilypond/2.22.1/ps:/usr/share/lilypond/2.22.1/scm:/usr/share/lilypond/2.22.1/fonts/otf/:/usr/share/lilypond/2.22.1/fonts/type1/:/usr/share/lilypond/2.22.1/fonts/svg/:')
    \include 
             "../rh/kk-01-rh-B5.ly"
/tmp/tmpyh3wzie7/2024-06-17T21-02-20-548250-df21c95.ly:17:14: error: cannot find file: `../rh/kk-01-rh-C12.ly'
(search path: `/tmp/tmpyh3wzie7:/home/user/GitHub/Artyfyshall-Bird/code-implementation:/usr/share/lilypond/2.22.1/ly:/usr/share/lilypond/2.22.1/ps:/usr/share/lilypond/2.22.1/scm:/usr/share/lilypond/2.22.1/fonts/otf/:/usr/share/lilypond/2.22.1/fonts/type1/:/usr/share/lilypond/2.22.1/fonts/svg/:')
    \include 
             "../rh/kk-01-rh-C12.ly"
/tmp/tmpyh3wzie7/2024-06-17T21-02-20-548250-df21c95.ly:18:14: error: cannot find file: `../rh/kk-01-rh-D4.ly'
(search path: `/tmp/tmpyh3wzie7:/home/user/GitHub/Artyfyshall-Bird/code-implementation:/usr/share/lilypond/2.22.1/ly:/usr/share/lilypond/2.22.1/ps:/usr/share/lilypond/2.22.1/scm:/usr/share/lilypond/2.22.1/fonts/otf/:/usr/share/lilypond/2.22.1/fonts/type1/:/usr/share/lilypond/2.22.1/fonts/svg/:')
    \include 
             "../rh/kk-01-rh-D4.ly"
/tmp/tmpyh3wzie7/2024-06-17T21-02-20-548250-df21c95.ly:19:14: error: cannot find file: `../rh/kk-01-rh-E5.ly'
(search path: `/tmp/tmpyh3wzie7:/home/user/GitHub/Artyfyshall-Bird/code-implementation:/usr/share/lilypond/2.22.1/ly:/usr/share/lilypond/2.22.1/ps:/usr/share/lilypond/2.22.1/scm:/usr/share/lilypond/2.22.1/fonts/otf/:/usr/share/lilypond/2.22.1/fonts/type1/:/usr/share/lilypond/2.22.1/fonts/svg/:')
    \include 
             "../rh/kk-01-rh-E5.ly"
/tmp/tmpyh3wzie7/2024-06-17T21-02-20-548250-df21c95.ly:20:14: error: cannot find file: `../rh/kk-01-rh-F10.ly'
(search path: `/tmp/tmpyh3wzie7:/home/user/GitHub/Artyfyshall-Bird/code-implementation:/usr/share/lilypond/2.22.1/ly:/usr/share/lilypond/2.22.1/ps:/usr/share/lilypond/2.22.1/scm:/usr/share/lilypond/2.22.1/fonts/otf/:/usr/share/lilypond/2.22.1/fonts/type1/:/usr/share/lilypond/2.22.1/fonts/svg/:')
    \include 
             "../rh/kk-01-rh-F10.ly"
/tmp/tmpyh3wzie7/2024-06-17T21-02-20-548250-df21c95.ly:21:14: error: cannot find file: `../rh/kk-01-rh-G8.ly'
(search path: `/tmp/tmpyh3wzie7:/home/user/GitHub/Artyfyshall-Bird/code-implementation:/usr/share/lilypond/2.22.1/ly:/usr/share/lilypond/2.22.1/ps:/usr/share/lilypond/2.22.1/scm:/usr/share/lilypond/2.22.1/fonts/otf/:/usr/share/lilypond/2.22.1/fonts/type1/:/usr/share/lilypond/2.22.1/fonts/svg/:')
    \include 
             "../rh/kk-01-rh-G8.ly"
/tmp/tmpyh3wzie7/2024-06-17T21-02-20-548250-df21c95.ly:22:14: error: cannot find file: `../rh/kk-01-rh-H9.ly'
(search path: `/tmp/tmpyh3wzie7:/home/user/GitHub/Artyfyshall-Bird/code-implementation:/usr/share/lilypond/2.22.1/ly:/usr/share/lilypond/2.22.1/ps:/usr/share/lilypond/2.22.1/scm:/usr/share/lilypond/2.22.1/fonts/otf/:/usr/share/lilypond/2.22.1/fonts/type1/:/usr/share/lilypond/2.22.1/fonts/svg/:')
    \include 
             "../rh/kk-01-rh-H9.ly"
/tmp/tmpyh3wzie7/2024-06-17T21-02-20-548250-df21c95.ly:24:14: error: cannot find file: `../rh/kk-01-rh-J6.ly'
(search path: `/tmp/tmpyh3wzie7:/home/user/GitHub/Artyfyshall-Bird/code-implementation:/usr/share/lilypond/2.22.1/ly:/usr/share/lilypond/2.22.1/ps:/usr/share/lilypond/2.22.1/scm:/usr/share/lilypond/2.22.1/fonts/otf/:/usr/share/lilypond/2.22.1/fonts/type1/:/usr/share/lilypond/2.22.1/fonts/svg/:')
    \include 
             "../rh/kk-01-rh-J6.ly"
/tmp/tmpyh3wzie7/2024-06-17T21-02-20-548250-df21c95.ly:25:14: error: cannot find file: `../rh/kk-01-rh-K5.ly'
(search path: `/tmp/tmpyh3wzie7:/home/user/GitHub/Artyfyshall-Bird/code-implementation:/usr/share/lilypond/2.22.1/ly:/usr/share/lilypond/2.22.1/ps:/usr/share/lilypond/2.22.1/scm:/usr/share/lilypond/2.22.1/fonts/otf/:/usr/share/lilypond/2.22.1/fonts/type1/:/usr/share/lilypond/2.22.1/fonts/svg/:')
    \include 
             "../rh/kk-01-rh-K5.ly"
/tmp/tmpyh3wzie7/2024-06-17T21-02-20-548250-df21c95.ly:26:14: error: cannot find file: `../rh/kk-01-rh-L3.ly'
(search path: `/tmp/tmpyh3wzie7:/home/user/GitHub/Artyfyshall-Bird/code-implementation:/usr/share/lilypond/2.22.1/ly:/usr/share/lilypond/2.22.1/ps:/usr/share/lilypond/2.22.1/scm:/usr/share/lilypond/2.22.1/fonts/otf/:/usr/share/lilypond/2.22.1/fonts/type1/:/usr/share/lilypond/2.22.1/fonts/svg/:')
    \include 
             "../rh/kk-01-rh-L3.ly"
/tmp/tmpyh3wzie7/2024-06-17T21-02-20-548250-df21c95.ly:27:14: error: cannot find file: `../rh/kk-01-rh-M5.ly'
(search path: `/tmp/tmpyh3wzie7:/home/user/GitHub/Artyfyshall-Bird/code-implementation:/usr/share/lilypond/2.22.1/ly:/usr/share/lilypond/2.22.1/ps:/usr/share/lilypond/2.22.1/scm:/usr/share/lilypond/2.22.1/fonts/otf/:/usr/share/lilypond/2.22.1/fonts/type1/:/usr/share/lilypond/2.22.1/fonts/svg/:')
    \include 
             "../rh/kk-01-rh-M5.ly"
/tmp/tmpyh3wzie7/2024-06-17T21-02-20-548250-df21c95.ly:28:14: error: cannot find file: `../rh/kk-01-rh-N8.ly'
(search path: `/tmp/tmpyh3wzie7:/home/user/GitHub/Artyfyshall-Bird/code-implementation:/usr/share/lilypond/2.22.1/ly:/usr/share/lilypond/2.22.1/ps:/usr/share/lilypond/2.22.1/scm:/usr/share/lilypond/2.22.1/fonts/otf/:/usr/share/lilypond/2.22.1/fonts/type1/:/usr/share/lilypond/2.22.1/fonts/svg/:')
    \include 
             "../rh/kk-01-rh-N8.ly"
/tmp/tmpyh3wzie7/2024-06-17T21-02-20-548250-df21c95.ly:29:14: error: cannot find file: `../rh/kk-01-rh-O8.ly'
(search path: `/tmp/tmpyh3wzie7:/home/user/GitHub/Artyfyshall-Bird/code-implementation:/usr/share/lilypond/2.22.1/ly:/usr/share/lilypond/2.22.1/ps:/usr/share/lilypond/2.22.1/scm:/usr/share/lilypond/2.22.1/fonts/otf/:/usr/share/lilypond/2.22.1/fonts/type1/:/usr/share/lilypond/2.22.1/fonts/svg/:')
    \include 
             "../rh/kk-01-rh-O8.ly"
/tmp/tmpyh3wzie7/2024-06-17T21-02-20-548250-df21c95.ly:30:14: error: cannot find file: `../rh/kk-01-rh-P10.ly'
(search path: `/tmp/tmpyh3wzie7:/home/user/GitHub/Artyfyshall-Bird/code-implementation:/usr/share/lilypond/2.22.1/ly:/usr/share/lilypond/2.22.1/ps:/usr/share/lilypond/2.22.1/scm:/usr/share/lilypond/2.22.1/fonts/otf/:/usr/share/lilypond/2.22.1/fonts/type1/:/usr/share/lilypond/2.22.1/fonts/svg/:')
    \include 
             "../rh/kk-01-rh-P10.ly"
/tmp/tmpyh3wzie7/2024-06-17T21-02-20-548250-df21c95.ly:31:14: error: cannot find file: `../rh/kk-01-rh-Q7.ly'
(search path: `/tmp/tmpyh3wzie7:/home/user/GitHub/Artyfyshall-Bird/code-implementation:/usr/share/lilypond/2.22.1/ly:/usr/share/lilypond/2.22.1/ps:/usr/share/lilypond/2.22.1/scm:/usr/share/lilypond/2.22.1/fonts/otf/:/usr/share/lilypond/2.22.1/fonts/type1/:/usr/share/lilypond/2.22.1/fonts/svg/:')
    \include 
             "../rh/kk-01-rh-Q7.ly"
/tmp/tmpyh3wzie7/2024-06-17T21-02-20-548250-df21c95.ly:32:14: error: cannot find file: `../rh/kk-01-rh-R4.ly'
(search path: `/tmp/tmpyh3wzie7:/home/user/GitHub/Artyfyshall-Bird/code-implementation:/usr/share/lilypond/2.22.1/ly:/usr/share/lilypond/2.22.1/ps:/usr/share/lilypond/2.22.1/scm:/usr/share/lilypond/2.22.1/fonts/otf/:/usr/share/lilypond/2.22.1/fonts/type1/:/usr/share/lilypond/2.22.1/fonts/svg/:')
    \include 
             "../rh/kk-01-rh-R4.ly"
/tmp/tmpyh3wzie7/2024-06-17T21-02-20-548250-df21c95.ly:33:14: error: cannot find file: `../rh/kk-01-rh-S7.ly'
(search path: `/tmp/tmpyh3wzie7:/home/user/GitHub/Artyfyshall-Bird/code-implementation:/usr/share/lilypond/2.22.1/ly:/usr/share/lilypond/2.22.1/ps:/usr/share/lilypond/2.22.1/scm:/usr/share/lilypond/2.22.1/fonts/otf/:/usr/share/lilypond/2.22.1/fonts/type1/:/usr/share/lilypond/2.22.1/fonts/svg/:')
    \include 
             "../rh/kk-01-rh-S7.ly"
/tmp/tmpyh3wzie7/2024-06-17T21-02-20-548250-df21c95.ly:34:14: error: cannot find file: `../rh/kk-01-rh-T5.ly'
(search path: `/tmp/tmpyh3wzie7:/home/user/GitHub/Artyfyshall-Bird/code-implementation:/usr/share/lilypond/2.22.1/ly:/usr/share/lilypond/2.22.1/ps:/usr/share/lilypond/2.22.1/scm:/usr/share/lilypond/2.22.1/fonts/otf/:/usr/share/lilypond/2.22.1/fonts/type1/:/usr/share/lilypond/2.22.1/fonts/svg/:')
    \include 
             "../rh/kk-01-rh-T5.ly"
/tmp/tmpyh3wzie7/2024-06-17T21-02-20-548250-df21c95.ly:35:14: error: cannot find file: `../rh/kk-01-rh-U2.ly'
(search path: `/tmp/tmpyh3wzie7:/home/user/GitHub/Artyfyshall-Bird/code-implementation:/usr/share/lilypond/2.22.1/ly:/usr/share/lilypond/2.22.1/ps:/usr/share/lilypond/2.22.1/scm:/usr/share/lilypond/2.22.1/fonts/otf/:/usr/share/lilypond/2.22.1/fonts/type1/:/usr/share/lilypond/2.22.1/fonts/svg/:')
    \include 
             "../rh/kk-01-rh-U2.ly"
/tmp/tmpyh3wzie7/2024-06-17T21-02-20-548250-df21c95.ly:36:14: error: cannot find file: `../rh/kk-01-rh-V10.ly'
(search path: `/tmp/tmpyh3wzie7:/home/user/GitHub/Artyfyshall-Bird/code-implementation:/usr/share/lilypond/2.22.1/ly:/usr/share/lilypond/2.22.1/ps:/usr/share/lilypond/2.22.1/scm:/usr/share/lilypond/2.22.1/fonts/otf/:/usr/share/lilypond/2.22.1/fonts/type1/:/usr/share/lilypond/2.22.1/fonts/svg/:')
    \include 
             "../rh/kk-01-rh-V10.ly"
/tmp/tmpyh3wzie7/2024-06-17T21-02-20-548250-df21c95.ly:40:14: error: cannot find file: `../bassline_option.ly'
(search path: `/tmp/tmpyh3wzie7:/home/user/GitHub/Artyfyshall-Bird/code-implementation:/usr/share/lilypond/2.22.1/ly:/usr/share/lilypond/2.22.1/ps:/usr/share/lilypond/2.22.1/scm:/usr/share/lilypond/2.22.1/fonts/otf/:/usr/share/lilypond/2.22.1/fonts/type1/:/usr/share/lilypond/2.22.1/fonts/svg/:')
    \include 
             "../bassline_option.ly"
/tmp/tmpyh3wzie7/2024-06-17T21-02-20-548250-df21c95.ly:41:14: error: cannot find file: `../lh/kk-01-lh-A8.ly'
(search path: `/tmp/tmpyh3wzie7:/home/user/GitHub/Artyfyshall-Bird/code-implementation:/usr/share/lilypond/2.22.1/ly:/usr/share/lilypond/2.22.1/ps:/usr/share/lilypond/2.22.1/scm:/usr/share/lilypond/2.22.1/fonts/otf/:/usr/share/lilypond/2.22.1/fonts/type1/:/usr/share/lilypond/2.22.1/fonts/svg/:')
    \include 
             "../lh/kk-01-lh-A8.ly"
/tmp/tmpyh3wzie7/2024-06-17T21-02-20-548250-df21c95.ly:42:14: error: cannot find file: `../lh/kk-01-lh-B5.ly'
(search path: `/tmp/tmpyh3wzie7:/home/user/GitHub/Artyfyshall-Bird/code-implementation:/usr/share/lilypond/2.22.1/ly:/usr/share/lilypond/2.22.1/ps:/usr/share/lilypond/2.22.1/scm:/usr/share/lilypond/2.22.1/fonts/otf/:/usr/share/lilypond/2.22.1/fonts/type1/:/usr/share/lilypond/2.22.1/fonts/svg/:')
    \include 
             "../lh/kk-01-lh-B5.ly"
/tmp/tmpyh3wzie7/2024-06-17T21-02-20-548250-df21c95.ly:43:14: error: cannot find file: `../lh/kk-01-lh-C12.ly'
(search path: `/tmp/tmpyh3wzie7:/home/user/GitHub/Artyfyshall-Bird/code-implementation:/usr/share/lilypond/2.22.1/ly:/usr/share/lilypond/2.22.1/ps:/usr/share/lilypond/2.22.1/scm:/usr/share/lilypond/2.22.1/fonts/otf/:/usr/share/lilypond/2.22.1/fonts/type1/:/usr/share/lilypond/2.22.1/fonts/svg/:')
    \include 
             "../lh/kk-01-lh-C12.ly"
/tmp/tmpyh3wzie7/2024-06-17T21-02-20-548250-df21c95.ly:44:14: error: cannot find file: `../lh/kk-01-lh-D4.ly'
(search path: `/tmp/tmpyh3wzie7:/home/user/GitHub/Artyfyshall-Bird/code-implementation:/usr/share/lilypond/2.22.1/ly:/usr/share/lilypond/2.22.1/ps:/usr/share/lilypond/2.22.1/scm:/usr/share/lilypond/2.22.1/fonts/otf/:/usr/share/lilypond/2.22.1/fonts/type1/:/usr/share/lilypond/2.22.1/fonts/svg/:')
    \include 
             "../lh/kk-01-lh-D4.ly"
/tmp/tmpyh3wzie7/2024-06-17T21-02-20-548250-df21c95.ly:45:14: error: cannot find file: `../lh/kk-01-lh-E5.ly'
(search path: `/tmp/tmpyh3wzie7:/home/user/GitHub/Artyfyshall-Bird/code-implementation:/usr/share/lilypond/2.22.1/ly:/usr/share/lilypond/2.22.1/ps:/usr/share/lilypond/2.22.1/scm:/usr/share/lilypond/2.22.1/fonts/otf/:/usr/share/lilypond/2.22.1/fonts/type1/:/usr/share/lilypond/2.22.1/fonts/svg/:')
    \include 
             "../lh/kk-01-lh-E5.ly"
/tmp/tmpyh3wzie7/2024-06-17T21-02-20-548250-df21c95.ly:46:14: error: cannot find file: `../lh/kk-01-lh-F10.ly'
(search path: `/tmp/tmpyh3wzie7:/home/user/GitHub/Artyfyshall-Bird/code-implementation:/usr/share/lilypond/2.22.1/ly:/usr/share/lilypond/2.22.1/ps:/usr/share/lilypond/2.22.1/scm:/usr/share/lilypond/2.22.1/fonts/otf/:/usr/share/lilypond/2.22.1/fonts/type1/:/usr/share/lilypond/2.22.1/fonts/svg/:')
    \include 
             "../lh/kk-01-lh-F10.ly"
/tmp/tmpyh3wzie7/2024-06-17T21-02-20-548250-df21c95.ly:47:14: error: cannot find file: `../lh/kk-01-lh-G8.ly'
(search path: `/tmp/tmpyh3wzie7:/home/user/GitHub/Artyfyshall-Bird/code-implementation:/usr/share/lilypond/2.22.1/ly:/usr/share/lilypond/2.22.1/ps:/usr/share/lilypond/2.22.1/scm:/usr/share/lilypond/2.22.1/fonts/otf/:/usr/share/lilypond/2.22.1/fonts/type1/:/usr/share/lilypond/2.22.1/fonts/svg/:')
    \include 
             "../lh/kk-01-lh-G8.ly"
/tmp/tmpyh3wzie7/2024-06-17T21-02-20-548250-df21c95.ly:48:14: error: cannot find file: `../lh/kk-01-lh-H9.ly'
(search path: `/tmp/tmpyh3wzie7:/home/user/GitHub/Artyfyshall-Bird/code-implementation:/usr/share/lilypond/2.22.1/ly:/usr/share/lilypond/2.22.1/ps:/usr/share/lilypond/2.22.1/scm:/usr/share/lilypond/2.22.1/fonts/otf/:/usr/share/lilypond/2.22.1/fonts/type1/:/usr/share/lilypond/2.22.1/fonts/svg/:')
    \include 
             "../lh/kk-01-lh-H9.ly"
/tmp/tmpyh3wzie7/2024-06-17T21-02-20-548250-df21c95.ly:49:14: error: cannot find file: `../lh/kk-01-lh-J6.ly'
(search path: `/tmp/tmpyh3wzie7:/home/user/GitHub/Artyfyshall-Bird/code-implementation:/usr/share/lilypond/2.22.1/ly:/usr/share/lilypond/2.22.1/ps:/usr/share/lilypond/2.22.1/scm:/usr/share/lilypond/2.22.1/fonts/otf/:/usr/share/lilypond/2.22.1/fonts/type1/:/usr/share/lilypond/2.22.1/fonts/svg/:')
    \include 
             "../lh/kk-01-lh-J6.ly"
/tmp/tmpyh3wzie7/2024-06-17T21-02-20-548250-df21c95.ly:50:14: error: cannot find file: `../lh/kk-01-lh-K5.ly'
(search path: `/tmp/tmpyh3wzie7:/home/user/GitHub/Artyfyshall-Bird/code-implementation:/usr/share/lilypond/2.22.1/ly:/usr/share/lilypond/2.22.1/ps:/usr/share/lilypond/2.22.1/scm:/usr/share/lilypond/2.22.1/fonts/otf/:/usr/share/lilypond/2.22.1/fonts/type1/:/usr/share/lilypond/2.22.1/fonts/svg/:')
    \include 
             "../lh/kk-01-lh-K5.ly"
/tmp/tmpyh3wzie7/2024-06-17T21-02-20-548250-df21c95.ly:51:14: error: cannot find file: `../lh/kk-01-lh-L3.ly'
(search path: `/tmp/tmpyh3wzie7:/home/user/GitHub/Artyfyshall-Bird/code-implementation:/usr/share/lilypond/2.22.1/ly:/usr/share/lilypond/2.22.1/ps:/usr/share/lilypond/2.22.1/scm:/usr/share/lilypond/2.22.1/fonts/otf/:/usr/share/lilypond/2.22.1/fonts/type1/:/usr/share/lilypond/2.22.1/fonts/svg/:')
    \include 
             "../lh/kk-01-lh-L3.ly"
/tmp/tmpyh3wzie7/2024-06-17T21-02-20-548250-df21c95.ly:52:14: error: cannot find file: `../lh/kk-01-lh-M5.ly'
(search path: `/tmp/tmpyh3wzie7:/home/user/GitHub/Artyfyshall-Bird/code-implementation:/usr/share/lilypond/2.22.1/ly:/usr/share/lilypond/2.22.1/ps:/usr/share/lilypond/2.22.1/scm:/usr/share/lilypond/2.22.1/fonts/otf/:/usr/share/lilypond/2.22.1/fonts/type1/:/usr/share/lilypond/2.22.1/fonts/svg/:')
    \include 
             "../lh/kk-01-lh-M5.ly"
/tmp/tmpyh3wzie7/2024-06-17T21-02-20-548250-df21c95.ly:53:14: error: cannot find file: `../lh/kk-01-lh-N8.ly'
(search path: `/tmp/tmpyh3wzie7:/home/user/GitHub/Artyfyshall-Bird/code-implementation:/usr/share/lilypond/2.22.1/ly:/usr/share/lilypond/2.22.1/ps:/usr/share/lilypond/2.22.1/scm:/usr/share/lilypond/2.22.1/fonts/otf/:/usr/share/lilypond/2.22.1/fonts/type1/:/usr/share/lilypond/2.22.1/fonts/svg/:')
    \include 
             "../lh/kk-01-lh-N8.ly"
/tmp/tmpyh3wzie7/2024-06-17T21-02-20-548250-df21c95.ly:54:14: error: cannot find file: `../lh/kk-01-lh-O8.ly'
(search path: `/tmp/tmpyh3wzie7:/home/user/GitHub/Artyfyshall-Bird/code-implementation:/usr/share/lilypond/2.22.1/ly:/usr/share/lilypond/2.22.1/ps:/usr/share/lilypond/2.22.1/scm:/usr/share/lilypond/2.22.1/fonts/otf/:/usr/share/lilypond/2.22.1/fonts/type1/:/usr/share/lilypond/2.22.1/fonts/svg/:')
    \include 
             "../lh/kk-01-lh-O8.ly"
/tmp/tmpyh3wzie7/2024-06-17T21-02-20-548250-df21c95.ly:55:14: error: cannot find file: `../lh/kk-01-lh-P10.ly'
(search path: `/tmp/tmpyh3wzie7:/home/user/GitHub/Artyfyshall-Bird/code-implementation:/usr/share/lilypond/2.22.1/ly:/usr/share/lilypond/2.22.1/ps:/usr/share/lilypond/2.22.1/scm:/usr/share/lilypond/2.22.1/fonts/otf/:/usr/share/lilypond/2.22.1/fonts/type1/:/usr/share/lilypond/2.22.1/fonts/svg/:')
    \include 
             "../lh/kk-01-lh-P10.ly"
/tmp/tmpyh3wzie7/2024-06-17T21-02-20-548250-df21c95.ly:56:14: error: cannot find file: `../lh/kk-01-lh-Q7.ly'
(search path: `/tmp/tmpyh3wzie7:/home/user/GitHub/Artyfyshall-Bird/code-implementation:/usr/share/lilypond/2.22.1/ly:/usr/share/lilypond/2.22.1/ps:/usr/share/lilypond/2.22.1/scm:/usr/share/lilypond/2.22.1/fonts/otf/:/usr/share/lilypond/2.22.1/fonts/type1/:/usr/share/lilypond/2.22.1/fonts/svg/:')
    \include 
             "../lh/kk-01-lh-Q7.ly"
/tmp/tmpyh3wzie7/2024-06-17T21-02-20-548250-df21c95.ly:57:14: error: cannot find file: `../lh/kk-01-lh-R4.ly'
(search path: `/tmp/tmpyh3wzie7:/home/user/GitHub/Artyfyshall-Bird/code-implementation:/usr/share/lilypond/2.22.1/ly:/usr/share/lilypond/2.22.1/ps:/usr/share/lilypond/2.22.1/scm:/usr/share/lilypond/2.22.1/fonts/otf/:/usr/share/lilypond/2.22.1/fonts/type1/:/usr/share/lilypond/2.22.1/fonts/svg/:')
    \include 
             "../lh/kk-01-lh-R4.ly"
/tmp/tmpyh3wzie7/2024-06-17T21-02-20-548250-df21c95.ly:58:14: error: cannot find file: `../lh/kk-01-lh-S7.ly'
(search path: `/tmp/tmpyh3wzie7:/home/user/GitHub/Artyfyshall-Bird/code-implementation:/usr/share/lilypond/2.22.1/ly:/usr/share/lilypond/2.22.1/ps:/usr/share/lilypond/2.22.1/scm:/usr/share/lilypond/2.22.1/fonts/otf/:/usr/share/lilypond/2.22.1/fonts/type1/:/usr/share/lilypond/2.22.1/fonts/svg/:')
    \include 
             "../lh/kk-01-lh-S7.ly"
/tmp/tmpyh3wzie7/2024-06-17T21-02-20-548250-df21c95.ly:59:14: error: cannot find file: `../lh/kk-01-lh-T5.ly'
(search path: `/tmp/tmpyh3wzie7:/home/user/GitHub/Artyfyshall-Bird/code-implementation:/usr/share/lilypond/2.22.1/ly:/usr/share/lilypond/2.22.1/ps:/usr/share/lilypond/2.22.1/scm:/usr/share/lilypond/2.22.1/fonts/otf/:/usr/share/lilypond/2.22.1/fonts/type1/:/usr/share/lilypond/2.22.1/fonts/svg/:')
    \include 
             "../lh/kk-01-lh-T5.ly"
/tmp/tmpyh3wzie7/2024-06-17T21-02-20-548250-df21c95.ly:60:14: error: cannot find file: `../lh/kk-01-lh-U2.ly'
(search path: `/tmp/tmpyh3wzie7:/home/user/GitHub/Artyfyshall-Bird/code-implementation:/usr/share/lilypond/2.22.1/ly:/usr/share/lilypond/2.22.1/ps:/usr/share/lilypond/2.22.1/scm:/usr/share/lilypond/2.22.1/fonts/otf/:/usr/share/lilypond/2.22.1/fonts/type1/:/usr/share/lilypond/2.22.1/fonts/svg/:')
    \include 
             "../lh/kk-01-lh-U2.ly"
/tmp/tmpyh3wzie7/2024-06-17T21-02-20-548250-df21c95.ly:61:14: error: cannot find file: `../lh/kk-01-lh-V10.ly'
(search path: `/tmp/tmpyh3wzie7:/home/user/GitHub/Artyfyshall-Bird/code-implementation:/usr/share/lilypond/2.22.1/ly:/usr/share/lilypond/2.22.1/ps:/usr/share/lilypond/2.22.1/scm:/usr/share/lilypond/2.22.1/fonts/otf/:/usr/share/lilypond/2.22.1/fonts/type1/:/usr/share/lilypond/2.22.1/fonts/svg/:')
    \include 
             "../lh/kk-01-lh-V10.ly"
/tmp/tmpyh3wzie7/2024-06-17T21-02-20-548250-df21c95.ly:65:14: error: cannot find file: `../layout_settings.ly'
(search path: `/tmp/tmpyh3wzie7:/home/user/GitHub/Artyfyshall-Bird/code-implementation:/usr/share/lilypond/2.22.1/ly:/usr/share/lilypond/2.22.1/ps:/usr/share/lilypond/2.22.1/scm:/usr/share/lilypond/2.22.1/fonts/otf/:/usr/share/lilypond/2.22.1/fonts/type1/:/usr/share/lilypond/2.22.1/fonts/svg/:')
    \include 
             "../layout_settings.ly"
/tmp/tmpyh3wzie7/2024-06-17T21-02-20-548250-df21c95.ly:1: warning: no \version statement found, please add

\version "2.22.1"

for future compatibility
Interpreting music...
/tmp/tmpyh3wzie7/2024-06-17T21-02-20-548250-df21c95.ly:8:5: warning: skipping zero-duration score
    
    <<
/tmp/tmpyh3wzie7/2024-06-17T21-02-20-548250-df21c95.ly:8:5: warning: to suppress this, consider adding a spacer rest
    
    <<
fatal error: failed files: "/tmp/tmpyh3wzie7/2024-06-17T21-02-20-548250-df21c95.ly"
