GNU LilyPond 2.22.1
Changing working directory to: `/tmp/tmpcdjnqlvb'
Processing `/tmp/tmpcdjnqlvb/2024-08-21T11-50-02-675380-b69a737.ly'
Parsing...
/tmp/tmpcdjnqlvb/2024-08-21T11-50-02-675380-b69a737.ly:1:10: error: cannot find file: `../paper_settings.ly'
(search path: `/tmp/tmpcdjnqlvb:/home/user/GitHub/Artyfyshall-Bird/code-implementation:/usr/share/lilypond/2.22.1/ly:/usr/share/lilypond/2.22.1/ps:/usr/share/lilypond/2.22.1/scm:/usr/share/lilypond/2.22.1/fonts/otf/:/usr/share/lilypond/2.22.1/fonts/type1/:/usr/share/lilypond/2.22.1/fonts/svg/:')
\include 
         "../paper_settings.ly" 
/tmp/tmpcdjnqlvb/2024-08-21T11-50-02-675380-b69a737.ly:15:14: error: cannot find file: `../voice_option.ly'
(search path: `/tmp/tmpcdjnqlvb:/home/user/GitHub/Artyfyshall-Bird/code-implementation:/usr/share/lilypond/2.22.1/ly:/usr/share/lilypond/2.22.1/ps:/usr/share/lilypond/2.22.1/scm:/usr/share/lilypond/2.22.1/fonts/otf/:/usr/share/lilypond/2.22.1/fonts/type1/:/usr/share/lilypond/2.22.1/fonts/svg/:')
    \include 
             "../voice_option.ly"
/tmp/tmpcdjnqlvb/2024-08-21T11-50-02-675380-b69a737.ly:18:14: error: cannot find file: `../violin1/pm-02-vln1-43.ly'
(search path: `/tmp/tmpcdjnqlvb:/home/user/GitHub/Artyfyshall-Bird/code-implementation:/usr/share/lilypond/2.22.1/ly:/usr/share/lilypond/2.22.1/ps:/usr/share/lilypond/2.22.1/scm:/usr/share/lilypond/2.22.1/fonts/otf/:/usr/share/lilypond/2.22.1/fonts/type1/:/usr/share/lilypond/2.22.1/fonts/svg/:')
    \include 
             "../violin1/pm-02-vln1-43.ly"
/tmp/tmpcdjnqlvb/2024-08-21T11-50-02-675380-b69a737.ly:19:14: error: cannot find file: `../violin1/pm-02-vln1-77.ly'
(search path: `/tmp/tmpcdjnqlvb:/home/user/GitHub/Artyfyshall-Bird/code-implementation:/usr/share/lilypond/2.22.1/ly:/usr/share/lilypond/2.22.1/ps:/usr/share/lilypond/2.22.1/scm:/usr/share/lilypond/2.22.1/fonts/otf/:/usr/share/lilypond/2.22.1/fonts/type1/:/usr/share/lilypond/2.22.1/fonts/svg/:')
    \include 
             "../violin1/pm-02-vln1-77.ly"
/tmp/tmpcdjnqlvb/2024-08-21T11-50-02-675380-b69a737.ly:20:14: error: cannot find file: `../violin1/pm-02-vln1-86.ly'
(search path: `/tmp/tmpcdjnqlvb:/home/user/GitHub/Artyfyshall-Bird/code-implementation:/usr/share/lilypond/2.22.1/ly:/usr/share/lilypond/2.22.1/ps:/usr/share/lilypond/2.22.1/scm:/usr/share/lilypond/2.22.1/fonts/otf/:/usr/share/lilypond/2.22.1/fonts/type1/:/usr/share/lilypond/2.22.1/fonts/svg/:')
    \include 
             "../violin1/pm-02-vln1-86.ly"
/tmp/tmpcdjnqlvb/2024-08-21T11-50-02-675380-b69a737.ly:21:14: error: cannot find file: `../violin1/pm-02-vln1-31.ly'
(search path: `/tmp/tmpcdjnqlvb:/home/user/GitHub/Artyfyshall-Bird/code-implementation:/usr/share/lilypond/2.22.1/ly:/usr/share/lilypond/2.22.1/ps:/usr/share/lilypond/2.22.1/scm:/usr/share/lilypond/2.22.1/fonts/otf/:/usr/share/lilypond/2.22.1/fonts/type1/:/usr/share/lilypond/2.22.1/fonts/svg/:')
    \include 
             "../violin1/pm-02-vln1-31.ly"
/tmp/tmpcdjnqlvb/2024-08-21T11-50-02-675380-b69a737.ly:22:14: error: cannot find file: `../violin1/pm-02-vln1-11.ly'
(search path: `/tmp/tmpcdjnqlvb:/home/user/GitHub/Artyfyshall-Bird/code-implementation:/usr/share/lilypond/2.22.1/ly:/usr/share/lilypond/2.22.1/ps:/usr/share/lilypond/2.22.1/scm:/usr/share/lilypond/2.22.1/fonts/otf/:/usr/share/lilypond/2.22.1/fonts/type1/:/usr/share/lilypond/2.22.1/fonts/svg/:')
    \include 
             "../violin1/pm-02-vln1-11.ly"
/tmp/tmpcdjnqlvb/2024-08-21T11-50-02-675380-b69a737.ly:23:14: error: cannot find file: `../violin1/pm-02-vln1-69.ly'
(search path: `/tmp/tmpcdjnqlvb:/home/user/GitHub/Artyfyshall-Bird/code-implementation:/usr/share/lilypond/2.22.1/ly:/usr/share/lilypond/2.22.1/ps:/usr/share/lilypond/2.22.1/scm:/usr/share/lilypond/2.22.1/fonts/otf/:/usr/share/lilypond/2.22.1/fonts/type1/:/usr/share/lilypond/2.22.1/fonts/svg/:')
    \include 
             "../violin1/pm-02-vln1-69.ly"
/tmp/tmpcdjnqlvb/2024-08-21T11-50-02-675380-b69a737.ly:24:14: error: cannot find file: `../violin1/pm-02-vln1-71.ly'
(search path: `/tmp/tmpcdjnqlvb:/home/user/GitHub/Artyfyshall-Bird/code-implementation:/usr/share/lilypond/2.22.1/ly:/usr/share/lilypond/2.22.1/ps:/usr/share/lilypond/2.22.1/scm:/usr/share/lilypond/2.22.1/fonts/otf/:/usr/share/lilypond/2.22.1/fonts/type1/:/usr/share/lilypond/2.22.1/fonts/svg/:')
    \include 
             "../violin1/pm-02-vln1-71.ly"
/tmp/tmpcdjnqlvb/2024-08-21T11-50-02-675380-b69a737.ly:25:14: error: cannot find file: `../violin1/pm-02-vln1-90.ly'
(search path: `/tmp/tmpcdjnqlvb:/home/user/GitHub/Artyfyshall-Bird/code-implementation:/usr/share/lilypond/2.22.1/ly:/usr/share/lilypond/2.22.1/ps:/usr/share/lilypond/2.22.1/scm:/usr/share/lilypond/2.22.1/fonts/otf/:/usr/share/lilypond/2.22.1/fonts/type1/:/usr/share/lilypond/2.22.1/fonts/svg/:')
    \include 
             "../violin1/pm-02-vln1-90.ly"
/tmp/tmpcdjnqlvb/2024-08-21T11-50-02-675380-b69a737.ly:29:14: error: cannot find file: `../violin1/pm-02-vln1-95.ly'
(search path: `/tmp/tmpcdjnqlvb:/home/user/GitHub/Artyfyshall-Bird/code-implementation:/usr/share/lilypond/2.22.1/ly:/usr/share/lilypond/2.22.1/ps:/usr/share/lilypond/2.22.1/scm:/usr/share/lilypond/2.22.1/fonts/otf/:/usr/share/lilypond/2.22.1/fonts/type1/:/usr/share/lilypond/2.22.1/fonts/svg/:')
    \include 
             "../violin1/pm-02-vln1-95.ly"
/tmp/tmpcdjnqlvb/2024-08-21T11-50-02-675380-b69a737.ly:30:14: error: cannot find file: `../violin1/pm-02-vln1-12.ly'
(search path: `/tmp/tmpcdjnqlvb:/home/user/GitHub/Artyfyshall-Bird/code-implementation:/usr/share/lilypond/2.22.1/ly:/usr/share/lilypond/2.22.1/ps:/usr/share/lilypond/2.22.1/scm:/usr/share/lilypond/2.22.1/fonts/otf/:/usr/share/lilypond/2.22.1/fonts/type1/:/usr/share/lilypond/2.22.1/fonts/svg/:')
    \include 
             "../violin1/pm-02-vln1-12.ly"
/tmp/tmpcdjnqlvb/2024-08-21T11-50-02-675380-b69a737.ly:31:14: error: cannot find file: `../violin1/pm-02-vln1-21.ly'
(search path: `/tmp/tmpcdjnqlvb:/home/user/GitHub/Artyfyshall-Bird/code-implementation:/usr/share/lilypond/2.22.1/ly:/usr/share/lilypond/2.22.1/ps:/usr/share/lilypond/2.22.1/scm:/usr/share/lilypond/2.22.1/fonts/otf/:/usr/share/lilypond/2.22.1/fonts/type1/:/usr/share/lilypond/2.22.1/fonts/svg/:')
    \include 
             "../violin1/pm-02-vln1-21.ly"
/tmp/tmpcdjnqlvb/2024-08-21T11-50-02-675380-b69a737.ly:32:14: error: cannot find file: `../violin1/pm-02-vln1-14.ly'
(search path: `/tmp/tmpcdjnqlvb:/home/user/GitHub/Artyfyshall-Bird/code-implementation:/usr/share/lilypond/2.22.1/ly:/usr/share/lilypond/2.22.1/ps:/usr/share/lilypond/2.22.1/scm:/usr/share/lilypond/2.22.1/fonts/otf/:/usr/share/lilypond/2.22.1/fonts/type1/:/usr/share/lilypond/2.22.1/fonts/svg/:')
    \include 
             "../violin1/pm-02-vln1-14.ly"
/tmp/tmpcdjnqlvb/2024-08-21T11-50-02-675380-b69a737.ly:33:14: error: cannot find file: `../violin1/pm-02-vln1-25.ly'
(search path: `/tmp/tmpcdjnqlvb:/home/user/GitHub/Artyfyshall-Bird/code-implementation:/usr/share/lilypond/2.22.1/ly:/usr/share/lilypond/2.22.1/ps:/usr/share/lilypond/2.22.1/scm:/usr/share/lilypond/2.22.1/fonts/otf/:/usr/share/lilypond/2.22.1/fonts/type1/:/usr/share/lilypond/2.22.1/fonts/svg/:')
    \include 
             "../violin1/pm-02-vln1-25.ly"
/tmp/tmpcdjnqlvb/2024-08-21T11-50-02-675380-b69a737.ly:34:14: error: cannot find file: `../violin1/pm-02-vln1-6.ly'
(search path: `/tmp/tmpcdjnqlvb:/home/user/GitHub/Artyfyshall-Bird/code-implementation:/usr/share/lilypond/2.22.1/ly:/usr/share/lilypond/2.22.1/ps:/usr/share/lilypond/2.22.1/scm:/usr/share/lilypond/2.22.1/fonts/otf/:/usr/share/lilypond/2.22.1/fonts/type1/:/usr/share/lilypond/2.22.1/fonts/svg/:')
    \include 
             "../violin1/pm-02-vln1-6.ly"
/tmp/tmpcdjnqlvb/2024-08-21T11-50-02-675380-b69a737.ly:35:14: error: cannot find file: `../violin1/pm-02-vln1-72.ly'
(search path: `/tmp/tmpcdjnqlvb:/home/user/GitHub/Artyfyshall-Bird/code-implementation:/usr/share/lilypond/2.22.1/ly:/usr/share/lilypond/2.22.1/ps:/usr/share/lilypond/2.22.1/scm:/usr/share/lilypond/2.22.1/fonts/otf/:/usr/share/lilypond/2.22.1/fonts/type1/:/usr/share/lilypond/2.22.1/fonts/svg/:')
    \include 
             "../violin1/pm-02-vln1-72.ly"
/tmp/tmpcdjnqlvb/2024-08-21T11-50-02-675380-b69a737.ly:36:14: error: cannot find file: `../violin1/pm-02-vln1-96.ly'
(search path: `/tmp/tmpcdjnqlvb:/home/user/GitHub/Artyfyshall-Bird/code-implementation:/usr/share/lilypond/2.22.1/ly:/usr/share/lilypond/2.22.1/ps:/usr/share/lilypond/2.22.1/scm:/usr/share/lilypond/2.22.1/fonts/otf/:/usr/share/lilypond/2.22.1/fonts/type1/:/usr/share/lilypond/2.22.1/fonts/svg/:')
    \include 
             "../violin1/pm-02-vln1-96.ly"
/tmp/tmpcdjnqlvb/2024-08-21T11-50-02-675380-b69a737.ly:44:14: error: cannot find file: `../voice_option.ly'
(search path: `/tmp/tmpcdjnqlvb:/home/user/GitHub/Artyfyshall-Bird/code-implementation:/usr/share/lilypond/2.22.1/ly:/usr/share/lilypond/2.22.1/ps:/usr/share/lilypond/2.22.1/scm:/usr/share/lilypond/2.22.1/fonts/otf/:/usr/share/lilypond/2.22.1/fonts/type1/:/usr/share/lilypond/2.22.1/fonts/svg/:')
    \include 
             "../voice_option.ly"
/tmp/tmpcdjnqlvb/2024-08-21T11-50-02-675380-b69a737.ly:45:14: error: cannot find file: `../rh/pm-02-rh-43.ly'
(search path: `/tmp/tmpcdjnqlvb:/home/user/GitHub/Artyfyshall-Bird/code-implementation:/usr/share/lilypond/2.22.1/ly:/usr/share/lilypond/2.22.1/ps:/usr/share/lilypond/2.22.1/scm:/usr/share/lilypond/2.22.1/fonts/otf/:/usr/share/lilypond/2.22.1/fonts/type1/:/usr/share/lilypond/2.22.1/fonts/svg/:')
    \include 
             "../rh/pm-02-rh-43.ly"
/tmp/tmpcdjnqlvb/2024-08-21T11-50-02-675380-b69a737.ly:46:14: error: cannot find file: `../rh/pm-02-rh-77.ly'
(search path: `/tmp/tmpcdjnqlvb:/home/user/GitHub/Artyfyshall-Bird/code-implementation:/usr/share/lilypond/2.22.1/ly:/usr/share/lilypond/2.22.1/ps:/usr/share/lilypond/2.22.1/scm:/usr/share/lilypond/2.22.1/fonts/otf/:/usr/share/lilypond/2.22.1/fonts/type1/:/usr/share/lilypond/2.22.1/fonts/svg/:')
    \include 
             "../rh/pm-02-rh-77.ly"
/tmp/tmpcdjnqlvb/2024-08-21T11-50-02-675380-b69a737.ly:47:14: error: cannot find file: `../rh/pm-02-rh-86.ly'
(search path: `/tmp/tmpcdjnqlvb:/home/user/GitHub/Artyfyshall-Bird/code-implementation:/usr/share/lilypond/2.22.1/ly:/usr/share/lilypond/2.22.1/ps:/usr/share/lilypond/2.22.1/scm:/usr/share/lilypond/2.22.1/fonts/otf/:/usr/share/lilypond/2.22.1/fonts/type1/:/usr/share/lilypond/2.22.1/fonts/svg/:')
    \include 
             "../rh/pm-02-rh-86.ly"
/tmp/tmpcdjnqlvb/2024-08-21T11-50-02-675380-b69a737.ly:48:14: error: cannot find file: `../rh/pm-02-rh-31.ly'
(search path: `/tmp/tmpcdjnqlvb:/home/user/GitHub/Artyfyshall-Bird/code-implementation:/usr/share/lilypond/2.22.1/ly:/usr/share/lilypond/2.22.1/ps:/usr/share/lilypond/2.22.1/scm:/usr/share/lilypond/2.22.1/fonts/otf/:/usr/share/lilypond/2.22.1/fonts/type1/:/usr/share/lilypond/2.22.1/fonts/svg/:')
    \include 
             "../rh/pm-02-rh-31.ly"
/tmp/tmpcdjnqlvb/2024-08-21T11-50-02-675380-b69a737.ly:49:14: error: cannot find file: `../rh/pm-02-rh-11.ly'
(search path: `/tmp/tmpcdjnqlvb:/home/user/GitHub/Artyfyshall-Bird/code-implementation:/usr/share/lilypond/2.22.1/ly:/usr/share/lilypond/2.22.1/ps:/usr/share/lilypond/2.22.1/scm:/usr/share/lilypond/2.22.1/fonts/otf/:/usr/share/lilypond/2.22.1/fonts/type1/:/usr/share/lilypond/2.22.1/fonts/svg/:')
    \include 
             "../rh/pm-02-rh-11.ly"
/tmp/tmpcdjnqlvb/2024-08-21T11-50-02-675380-b69a737.ly:50:14: error: cannot find file: `../rh/pm-02-rh-69.ly'
(search path: `/tmp/tmpcdjnqlvb:/home/user/GitHub/Artyfyshall-Bird/code-implementation:/usr/share/lilypond/2.22.1/ly:/usr/share/lilypond/2.22.1/ps:/usr/share/lilypond/2.22.1/scm:/usr/share/lilypond/2.22.1/fonts/otf/:/usr/share/lilypond/2.22.1/fonts/type1/:/usr/share/lilypond/2.22.1/fonts/svg/:')
    \include 
             "../rh/pm-02-rh-69.ly"
/tmp/tmpcdjnqlvb/2024-08-21T11-50-02-675380-b69a737.ly:51:14: error: cannot find file: `../rh/pm-02-rh-71.ly'
(search path: `/tmp/tmpcdjnqlvb:/home/user/GitHub/Artyfyshall-Bird/code-implementation:/usr/share/lilypond/2.22.1/ly:/usr/share/lilypond/2.22.1/ps:/usr/share/lilypond/2.22.1/scm:/usr/share/lilypond/2.22.1/fonts/otf/:/usr/share/lilypond/2.22.1/fonts/type1/:/usr/share/lilypond/2.22.1/fonts/svg/:')
    \include 
             "../rh/pm-02-rh-71.ly"
/tmp/tmpcdjnqlvb/2024-08-21T11-50-02-675380-b69a737.ly:52:14: error: cannot find file: `../rh/pm-02-rh-90.ly'
(search path: `/tmp/tmpcdjnqlvb:/home/user/GitHub/Artyfyshall-Bird/code-implementation:/usr/share/lilypond/2.22.1/ly:/usr/share/lilypond/2.22.1/ps:/usr/share/lilypond/2.22.1/scm:/usr/share/lilypond/2.22.1/fonts/otf/:/usr/share/lilypond/2.22.1/fonts/type1/:/usr/share/lilypond/2.22.1/fonts/svg/:')
    \include 
             "../rh/pm-02-rh-90.ly"
/tmp/tmpcdjnqlvb/2024-08-21T11-50-02-675380-b69a737.ly:53:14: error: cannot find file: `../rh/pm-02-rh-95.ly'
(search path: `/tmp/tmpcdjnqlvb:/home/user/GitHub/Artyfyshall-Bird/code-implementation:/usr/share/lilypond/2.22.1/ly:/usr/share/lilypond/2.22.1/ps:/usr/share/lilypond/2.22.1/scm:/usr/share/lilypond/2.22.1/fonts/otf/:/usr/share/lilypond/2.22.1/fonts/type1/:/usr/share/lilypond/2.22.1/fonts/svg/:')
    \include 
             "../rh/pm-02-rh-95.ly"
/tmp/tmpcdjnqlvb/2024-08-21T11-50-02-675380-b69a737.ly:54:14: error: cannot find file: `../rh/pm-02-rh-12.ly'
(search path: `/tmp/tmpcdjnqlvb:/home/user/GitHub/Artyfyshall-Bird/code-implementation:/usr/share/lilypond/2.22.1/ly:/usr/share/lilypond/2.22.1/ps:/usr/share/lilypond/2.22.1/scm:/usr/share/lilypond/2.22.1/fonts/otf/:/usr/share/lilypond/2.22.1/fonts/type1/:/usr/share/lilypond/2.22.1/fonts/svg/:')
    \include 
             "../rh/pm-02-rh-12.ly"
/tmp/tmpcdjnqlvb/2024-08-21T11-50-02-675380-b69a737.ly:55:14: error: cannot find file: `../rh/pm-02-rh-21.ly'
(search path: `/tmp/tmpcdjnqlvb:/home/user/GitHub/Artyfyshall-Bird/code-implementation:/usr/share/lilypond/2.22.1/ly:/usr/share/lilypond/2.22.1/ps:/usr/share/lilypond/2.22.1/scm:/usr/share/lilypond/2.22.1/fonts/otf/:/usr/share/lilypond/2.22.1/fonts/type1/:/usr/share/lilypond/2.22.1/fonts/svg/:')
    \include 
             "../rh/pm-02-rh-21.ly"
/tmp/tmpcdjnqlvb/2024-08-21T11-50-02-675380-b69a737.ly:56:14: error: cannot find file: `../rh/pm-02-rh-14.ly'
(search path: `/tmp/tmpcdjnqlvb:/home/user/GitHub/Artyfyshall-Bird/code-implementation:/usr/share/lilypond/2.22.1/ly:/usr/share/lilypond/2.22.1/ps:/usr/share/lilypond/2.22.1/scm:/usr/share/lilypond/2.22.1/fonts/otf/:/usr/share/lilypond/2.22.1/fonts/type1/:/usr/share/lilypond/2.22.1/fonts/svg/:')
    \include 
             "../rh/pm-02-rh-14.ly"
/tmp/tmpcdjnqlvb/2024-08-21T11-50-02-675380-b69a737.ly:57:14: error: cannot find file: `../rh/pm-02-rh-25.ly'
(search path: `/tmp/tmpcdjnqlvb:/home/user/GitHub/Artyfyshall-Bird/code-implementation:/usr/share/lilypond/2.22.1/ly:/usr/share/lilypond/2.22.1/ps:/usr/share/lilypond/2.22.1/scm:/usr/share/lilypond/2.22.1/fonts/otf/:/usr/share/lilypond/2.22.1/fonts/type1/:/usr/share/lilypond/2.22.1/fonts/svg/:')
    \include 
             "../rh/pm-02-rh-25.ly"
/tmp/tmpcdjnqlvb/2024-08-21T11-50-02-675380-b69a737.ly:58:14: error: cannot find file: `../rh/pm-02-rh-6.ly'
(search path: `/tmp/tmpcdjnqlvb:/home/user/GitHub/Artyfyshall-Bird/code-implementation:/usr/share/lilypond/2.22.1/ly:/usr/share/lilypond/2.22.1/ps:/usr/share/lilypond/2.22.1/scm:/usr/share/lilypond/2.22.1/fonts/otf/:/usr/share/lilypond/2.22.1/fonts/type1/:/usr/share/lilypond/2.22.1/fonts/svg/:')
    \include 
             "../rh/pm-02-rh-6.ly"
/tmp/tmpcdjnqlvb/2024-08-21T11-50-02-675380-b69a737.ly:59:14: error: cannot find file: `../rh/pm-02-rh-72.ly'
(search path: `/tmp/tmpcdjnqlvb:/home/user/GitHub/Artyfyshall-Bird/code-implementation:/usr/share/lilypond/2.22.1/ly:/usr/share/lilypond/2.22.1/ps:/usr/share/lilypond/2.22.1/scm:/usr/share/lilypond/2.22.1/fonts/otf/:/usr/share/lilypond/2.22.1/fonts/type1/:/usr/share/lilypond/2.22.1/fonts/svg/:')
    \include 
             "../rh/pm-02-rh-72.ly"
/tmp/tmpcdjnqlvb/2024-08-21T11-50-02-675380-b69a737.ly:60:14: error: cannot find file: `../rh/pm-02-rh-96.ly'
(search path: `/tmp/tmpcdjnqlvb:/home/user/GitHub/Artyfyshall-Bird/code-implementation:/usr/share/lilypond/2.22.1/ly:/usr/share/lilypond/2.22.1/ps:/usr/share/lilypond/2.22.1/scm:/usr/share/lilypond/2.22.1/fonts/otf/:/usr/share/lilypond/2.22.1/fonts/type1/:/usr/share/lilypond/2.22.1/fonts/svg/:')
    \include 
             "../rh/pm-02-rh-96.ly"
/tmp/tmpcdjnqlvb/2024-08-21T11-50-02-675380-b69a737.ly:63:14: error: cannot find file: `../bassline_option.ly'
(search path: `/tmp/tmpcdjnqlvb:/home/user/GitHub/Artyfyshall-Bird/code-implementation:/usr/share/lilypond/2.22.1/ly:/usr/share/lilypond/2.22.1/ps:/usr/share/lilypond/2.22.1/scm:/usr/share/lilypond/2.22.1/fonts/otf/:/usr/share/lilypond/2.22.1/fonts/type1/:/usr/share/lilypond/2.22.1/fonts/svg/:')
    \include 
             "../bassline_option.ly"
/tmp/tmpcdjnqlvb/2024-08-21T11-50-02-675380-b69a737.ly:64:14: error: cannot find file: `../lh/pm-02-lh-43.ly'
(search path: `/tmp/tmpcdjnqlvb:/home/user/GitHub/Artyfyshall-Bird/code-implementation:/usr/share/lilypond/2.22.1/ly:/usr/share/lilypond/2.22.1/ps:/usr/share/lilypond/2.22.1/scm:/usr/share/lilypond/2.22.1/fonts/otf/:/usr/share/lilypond/2.22.1/fonts/type1/:/usr/share/lilypond/2.22.1/fonts/svg/:')
    \include 
             "../lh/pm-02-lh-43.ly"
/tmp/tmpcdjnqlvb/2024-08-21T11-50-02-675380-b69a737.ly:65:14: error: cannot find file: `../lh/pm-02-lh-77.ly'
(search path: `/tmp/tmpcdjnqlvb:/home/user/GitHub/Artyfyshall-Bird/code-implementation:/usr/share/lilypond/2.22.1/ly:/usr/share/lilypond/2.22.1/ps:/usr/share/lilypond/2.22.1/scm:/usr/share/lilypond/2.22.1/fonts/otf/:/usr/share/lilypond/2.22.1/fonts/type1/:/usr/share/lilypond/2.22.1/fonts/svg/:')
    \include 
             "../lh/pm-02-lh-77.ly"
/tmp/tmpcdjnqlvb/2024-08-21T11-50-02-675380-b69a737.ly:66:14: error: cannot find file: `../lh/pm-02-lh-86.ly'
(search path: `/tmp/tmpcdjnqlvb:/home/user/GitHub/Artyfyshall-Bird/code-implementation:/usr/share/lilypond/2.22.1/ly:/usr/share/lilypond/2.22.1/ps:/usr/share/lilypond/2.22.1/scm:/usr/share/lilypond/2.22.1/fonts/otf/:/usr/share/lilypond/2.22.1/fonts/type1/:/usr/share/lilypond/2.22.1/fonts/svg/:')
    \include 
             "../lh/pm-02-lh-86.ly"
/tmp/tmpcdjnqlvb/2024-08-21T11-50-02-675380-b69a737.ly:67:14: error: cannot find file: `../lh/pm-02-lh-31.ly'
(search path: `/tmp/tmpcdjnqlvb:/home/user/GitHub/Artyfyshall-Bird/code-implementation:/usr/share/lilypond/2.22.1/ly:/usr/share/lilypond/2.22.1/ps:/usr/share/lilypond/2.22.1/scm:/usr/share/lilypond/2.22.1/fonts/otf/:/usr/share/lilypond/2.22.1/fonts/type1/:/usr/share/lilypond/2.22.1/fonts/svg/:')
    \include 
             "../lh/pm-02-lh-31.ly"
/tmp/tmpcdjnqlvb/2024-08-21T11-50-02-675380-b69a737.ly:68:14: error: cannot find file: `../lh/pm-02-lh-11.ly'
(search path: `/tmp/tmpcdjnqlvb:/home/user/GitHub/Artyfyshall-Bird/code-implementation:/usr/share/lilypond/2.22.1/ly:/usr/share/lilypond/2.22.1/ps:/usr/share/lilypond/2.22.1/scm:/usr/share/lilypond/2.22.1/fonts/otf/:/usr/share/lilypond/2.22.1/fonts/type1/:/usr/share/lilypond/2.22.1/fonts/svg/:')
    \include 
             "../lh/pm-02-lh-11.ly"
/tmp/tmpcdjnqlvb/2024-08-21T11-50-02-675380-b69a737.ly:69:14: error: cannot find file: `../lh/pm-02-lh-69.ly'
(search path: `/tmp/tmpcdjnqlvb:/home/user/GitHub/Artyfyshall-Bird/code-implementation:/usr/share/lilypond/2.22.1/ly:/usr/share/lilypond/2.22.1/ps:/usr/share/lilypond/2.22.1/scm:/usr/share/lilypond/2.22.1/fonts/otf/:/usr/share/lilypond/2.22.1/fonts/type1/:/usr/share/lilypond/2.22.1/fonts/svg/:')
    \include 
             "../lh/pm-02-lh-69.ly"
/tmp/tmpcdjnqlvb/2024-08-21T11-50-02-675380-b69a737.ly:70:14: error: cannot find file: `../lh/pm-02-lh-71.ly'
(search path: `/tmp/tmpcdjnqlvb:/home/user/GitHub/Artyfyshall-Bird/code-implementation:/usr/share/lilypond/2.22.1/ly:/usr/share/lilypond/2.22.1/ps:/usr/share/lilypond/2.22.1/scm:/usr/share/lilypond/2.22.1/fonts/otf/:/usr/share/lilypond/2.22.1/fonts/type1/:/usr/share/lilypond/2.22.1/fonts/svg/:')
    \include 
             "../lh/pm-02-lh-71.ly"
/tmp/tmpcdjnqlvb/2024-08-21T11-50-02-675380-b69a737.ly:71:14: error: cannot find file: `../lh/pm-02-lh-90.ly'
(search path: `/tmp/tmpcdjnqlvb:/home/user/GitHub/Artyfyshall-Bird/code-implementation:/usr/share/lilypond/2.22.1/ly:/usr/share/lilypond/2.22.1/ps:/usr/share/lilypond/2.22.1/scm:/usr/share/lilypond/2.22.1/fonts/otf/:/usr/share/lilypond/2.22.1/fonts/type1/:/usr/share/lilypond/2.22.1/fonts/svg/:')
    \include 
             "../lh/pm-02-lh-90.ly"
/tmp/tmpcdjnqlvb/2024-08-21T11-50-02-675380-b69a737.ly:72:14: error: cannot find file: `../lh/pm-02-lh-95.ly'
(search path: `/tmp/tmpcdjnqlvb:/home/user/GitHub/Artyfyshall-Bird/code-implementation:/usr/share/lilypond/2.22.1/ly:/usr/share/lilypond/2.22.1/ps:/usr/share/lilypond/2.22.1/scm:/usr/share/lilypond/2.22.1/fonts/otf/:/usr/share/lilypond/2.22.1/fonts/type1/:/usr/share/lilypond/2.22.1/fonts/svg/:')
    \include 
             "../lh/pm-02-lh-95.ly"
/tmp/tmpcdjnqlvb/2024-08-21T11-50-02-675380-b69a737.ly:73:14: error: cannot find file: `../lh/pm-02-lh-12.ly'
(search path: `/tmp/tmpcdjnqlvb:/home/user/GitHub/Artyfyshall-Bird/code-implementation:/usr/share/lilypond/2.22.1/ly:/usr/share/lilypond/2.22.1/ps:/usr/share/lilypond/2.22.1/scm:/usr/share/lilypond/2.22.1/fonts/otf/:/usr/share/lilypond/2.22.1/fonts/type1/:/usr/share/lilypond/2.22.1/fonts/svg/:')
    \include 
             "../lh/pm-02-lh-12.ly"
/tmp/tmpcdjnqlvb/2024-08-21T11-50-02-675380-b69a737.ly:74:14: error: cannot find file: `../lh/pm-02-lh-21.ly'
(search path: `/tmp/tmpcdjnqlvb:/home/user/GitHub/Artyfyshall-Bird/code-implementation:/usr/share/lilypond/2.22.1/ly:/usr/share/lilypond/2.22.1/ps:/usr/share/lilypond/2.22.1/scm:/usr/share/lilypond/2.22.1/fonts/otf/:/usr/share/lilypond/2.22.1/fonts/type1/:/usr/share/lilypond/2.22.1/fonts/svg/:')
    \include 
             "../lh/pm-02-lh-21.ly"
/tmp/tmpcdjnqlvb/2024-08-21T11-50-02-675380-b69a737.ly:75:14: error: cannot find file: `../lh/pm-02-lh-14.ly'
(search path: `/tmp/tmpcdjnqlvb:/home/user/GitHub/Artyfyshall-Bird/code-implementation:/usr/share/lilypond/2.22.1/ly:/usr/share/lilypond/2.22.1/ps:/usr/share/lilypond/2.22.1/scm:/usr/share/lilypond/2.22.1/fonts/otf/:/usr/share/lilypond/2.22.1/fonts/type1/:/usr/share/lilypond/2.22.1/fonts/svg/:')
    \include 
             "../lh/pm-02-lh-14.ly"
/tmp/tmpcdjnqlvb/2024-08-21T11-50-02-675380-b69a737.ly:76:14: error: cannot find file: `../lh/pm-02-lh-25.ly'
(search path: `/tmp/tmpcdjnqlvb:/home/user/GitHub/Artyfyshall-Bird/code-implementation:/usr/share/lilypond/2.22.1/ly:/usr/share/lilypond/2.22.1/ps:/usr/share/lilypond/2.22.1/scm:/usr/share/lilypond/2.22.1/fonts/otf/:/usr/share/lilypond/2.22.1/fonts/type1/:/usr/share/lilypond/2.22.1/fonts/svg/:')
    \include 
             "../lh/pm-02-lh-25.ly"
/tmp/tmpcdjnqlvb/2024-08-21T11-50-02-675380-b69a737.ly:77:14: error: cannot find file: `../lh/pm-02-lh-6.ly'
(search path: `/tmp/tmpcdjnqlvb:/home/user/GitHub/Artyfyshall-Bird/code-implementation:/usr/share/lilypond/2.22.1/ly:/usr/share/lilypond/2.22.1/ps:/usr/share/lilypond/2.22.1/scm:/usr/share/lilypond/2.22.1/fonts/otf/:/usr/share/lilypond/2.22.1/fonts/type1/:/usr/share/lilypond/2.22.1/fonts/svg/:')
    \include 
             "../lh/pm-02-lh-6.ly"
/tmp/tmpcdjnqlvb/2024-08-21T11-50-02-675380-b69a737.ly:78:14: error: cannot find file: `../lh/pm-02-lh-72.ly'
(search path: `/tmp/tmpcdjnqlvb:/home/user/GitHub/Artyfyshall-Bird/code-implementation:/usr/share/lilypond/2.22.1/ly:/usr/share/lilypond/2.22.1/ps:/usr/share/lilypond/2.22.1/scm:/usr/share/lilypond/2.22.1/fonts/otf/:/usr/share/lilypond/2.22.1/fonts/type1/:/usr/share/lilypond/2.22.1/fonts/svg/:')
    \include 
             "../lh/pm-02-lh-72.ly"
/tmp/tmpcdjnqlvb/2024-08-21T11-50-02-675380-b69a737.ly:79:14: error: cannot find file: `../lh/pm-02-lh-96.ly'
(search path: `/tmp/tmpcdjnqlvb:/home/user/GitHub/Artyfyshall-Bird/code-implementation:/usr/share/lilypond/2.22.1/ly:/usr/share/lilypond/2.22.1/ps:/usr/share/lilypond/2.22.1/scm:/usr/share/lilypond/2.22.1/fonts/otf/:/usr/share/lilypond/2.22.1/fonts/type1/:/usr/share/lilypond/2.22.1/fonts/svg/:')
    \include 
             "../lh/pm-02-lh-96.ly"
/tmp/tmpcdjnqlvb/2024-08-21T11-50-02-675380-b69a737.ly:83:14: error: cannot find file: `../layout_settings.ly'
(search path: `/tmp/tmpcdjnqlvb:/home/user/GitHub/Artyfyshall-Bird/code-implementation:/usr/share/lilypond/2.22.1/ly:/usr/share/lilypond/2.22.1/ps:/usr/share/lilypond/2.22.1/scm:/usr/share/lilypond/2.22.1/fonts/otf/:/usr/share/lilypond/2.22.1/fonts/type1/:/usr/share/lilypond/2.22.1/fonts/svg/:')
    \include 
             "../layout_settings.ly"
/tmp/tmpcdjnqlvb/2024-08-21T11-50-02-675380-b69a737.ly:85:1: error: syntax error, unexpected '}'

}
/tmp/tmpcdjnqlvb/2024-08-21T11-50-02-675380-b69a737.ly:1: warning: no \version statement found, please add

\version "2.22.1"

for future compatibility
fatal error: failed files: "/tmp/tmpcdjnqlvb/2024-08-21T11-50-02-675380-b69a737.ly"
