GNU LilyPond 2.22.1
Changing working directory to: `/tmp/tmpl_qwxjga'
Processing `/tmp/tmpl_qwxjga/2024-08-21T11-47-57-014529-e8415e4.ly'
Parsing...
/tmp/tmpl_qwxjga/2024-08-21T11-47-57-014529-e8415e4.ly:1:10: error: cannot find file: `../paper_settings.ly'
(search path: `/tmp/tmpl_qwxjga:/home/user/GitHub/Artyfyshall-Bird/code-implementation:/usr/share/lilypond/2.22.1/ly:/usr/share/lilypond/2.22.1/ps:/usr/share/lilypond/2.22.1/scm:/usr/share/lilypond/2.22.1/fonts/otf/:/usr/share/lilypond/2.22.1/fonts/type1/:/usr/share/lilypond/2.22.1/fonts/svg/:')
\include 
         "../paper_settings.ly" 
/tmp/tmpl_qwxjga/2024-08-21T11-47-57-014529-e8415e4.ly:15:14: error: cannot find file: `../voice_option.ly'
(search path: `/tmp/tmpl_qwxjga:/home/user/GitHub/Artyfyshall-Bird/code-implementation:/usr/share/lilypond/2.22.1/ly:/usr/share/lilypond/2.22.1/ps:/usr/share/lilypond/2.22.1/scm:/usr/share/lilypond/2.22.1/fonts/otf/:/usr/share/lilypond/2.22.1/fonts/type1/:/usr/share/lilypond/2.22.1/fonts/svg/:')
    \include 
             "../voice_option.ly"
/tmp/tmpl_qwxjga/2024-08-21T11-47-57-014529-e8415e4.ly:18:14: error: cannot find file: `../violin1/pm-02-vln1-13.ly'
(search path: `/tmp/tmpl_qwxjga:/home/user/GitHub/Artyfyshall-Bird/code-implementation:/usr/share/lilypond/2.22.1/ly:/usr/share/lilypond/2.22.1/ps:/usr/share/lilypond/2.22.1/scm:/usr/share/lilypond/2.22.1/fonts/otf/:/usr/share/lilypond/2.22.1/fonts/type1/:/usr/share/lilypond/2.22.1/fonts/svg/:')
    \include 
             "../violin1/pm-02-vln1-13.ly"
/tmp/tmpl_qwxjga/2024-08-21T11-47-57-014529-e8415e4.ly:19:14: error: cannot find file: `../violin1/pm-02-vln1-7.ly'
(search path: `/tmp/tmpl_qwxjga:/home/user/GitHub/Artyfyshall-Bird/code-implementation:/usr/share/lilypond/2.22.1/ly:/usr/share/lilypond/2.22.1/ps:/usr/share/lilypond/2.22.1/scm:/usr/share/lilypond/2.22.1/fonts/otf/:/usr/share/lilypond/2.22.1/fonts/type1/:/usr/share/lilypond/2.22.1/fonts/svg/:')
    \include 
             "../violin1/pm-02-vln1-7.ly"
/tmp/tmpl_qwxjga/2024-08-21T11-47-57-014529-e8415e4.ly:20:14: error: cannot find file: `../violin1/pm-02-vln1-64.ly'
(search path: `/tmp/tmpl_qwxjga:/home/user/GitHub/Artyfyshall-Bird/code-implementation:/usr/share/lilypond/2.22.1/ly:/usr/share/lilypond/2.22.1/ps:/usr/share/lilypond/2.22.1/scm:/usr/share/lilypond/2.22.1/fonts/otf/:/usr/share/lilypond/2.22.1/fonts/type1/:/usr/share/lilypond/2.22.1/fonts/svg/:')
    \include 
             "../violin1/pm-02-vln1-64.ly"
/tmp/tmpl_qwxjga/2024-08-21T11-47-57-014529-e8415e4.ly:21:14: error: cannot find file: `../violin1/pm-02-vln1-53.ly'
(search path: `/tmp/tmpl_qwxjga:/home/user/GitHub/Artyfyshall-Bird/code-implementation:/usr/share/lilypond/2.22.1/ly:/usr/share/lilypond/2.22.1/ps:/usr/share/lilypond/2.22.1/scm:/usr/share/lilypond/2.22.1/fonts/otf/:/usr/share/lilypond/2.22.1/fonts/type1/:/usr/share/lilypond/2.22.1/fonts/svg/:')
    \include 
             "../violin1/pm-02-vln1-53.ly"
/tmp/tmpl_qwxjga/2024-08-21T11-47-57-014529-e8415e4.ly:22:14: error: cannot find file: `../violin1/pm-02-vln1-41.ly'
(search path: `/tmp/tmpl_qwxjga:/home/user/GitHub/Artyfyshall-Bird/code-implementation:/usr/share/lilypond/2.22.1/ly:/usr/share/lilypond/2.22.1/ps:/usr/share/lilypond/2.22.1/scm:/usr/share/lilypond/2.22.1/fonts/otf/:/usr/share/lilypond/2.22.1/fonts/type1/:/usr/share/lilypond/2.22.1/fonts/svg/:')
    \include 
             "../violin1/pm-02-vln1-41.ly"
/tmp/tmpl_qwxjga/2024-08-21T11-47-57-014529-e8415e4.ly:23:14: error: cannot find file: `../violin1/pm-02-vln1-3.ly'
(search path: `/tmp/tmpl_qwxjga:/home/user/GitHub/Artyfyshall-Bird/code-implementation:/usr/share/lilypond/2.22.1/ly:/usr/share/lilypond/2.22.1/ps:/usr/share/lilypond/2.22.1/scm:/usr/share/lilypond/2.22.1/fonts/otf/:/usr/share/lilypond/2.22.1/fonts/type1/:/usr/share/lilypond/2.22.1/fonts/svg/:')
    \include 
             "../violin1/pm-02-vln1-3.ly"
/tmp/tmpl_qwxjga/2024-08-21T11-47-57-014529-e8415e4.ly:24:14: error: cannot find file: `../violin1/pm-02-vln1-71.ly'
(search path: `/tmp/tmpl_qwxjga:/home/user/GitHub/Artyfyshall-Bird/code-implementation:/usr/share/lilypond/2.22.1/ly:/usr/share/lilypond/2.22.1/ps:/usr/share/lilypond/2.22.1/scm:/usr/share/lilypond/2.22.1/fonts/otf/:/usr/share/lilypond/2.22.1/fonts/type1/:/usr/share/lilypond/2.22.1/fonts/svg/:')
    \include 
             "../violin1/pm-02-vln1-71.ly"
/tmp/tmpl_qwxjga/2024-08-21T11-47-57-014529-e8415e4.ly:25:14: error: cannot find file: `../violin1/pm-02-vln1-48.ly'
(search path: `/tmp/tmpl_qwxjga:/home/user/GitHub/Artyfyshall-Bird/code-implementation:/usr/share/lilypond/2.22.1/ly:/usr/share/lilypond/2.22.1/ps:/usr/share/lilypond/2.22.1/scm:/usr/share/lilypond/2.22.1/fonts/otf/:/usr/share/lilypond/2.22.1/fonts/type1/:/usr/share/lilypond/2.22.1/fonts/svg/:')
    \include 
             "../violin1/pm-02-vln1-48.ly"
/tmp/tmpl_qwxjga/2024-08-21T11-47-57-014529-e8415e4.ly:29:14: error: cannot find file: `../violin1/pm-02-vln1-4.ly'
(search path: `/tmp/tmpl_qwxjga:/home/user/GitHub/Artyfyshall-Bird/code-implementation:/usr/share/lilypond/2.22.1/ly:/usr/share/lilypond/2.22.1/ps:/usr/share/lilypond/2.22.1/scm:/usr/share/lilypond/2.22.1/fonts/otf/:/usr/share/lilypond/2.22.1/fonts/type1/:/usr/share/lilypond/2.22.1/fonts/svg/:')
    \include 
             "../violin1/pm-02-vln1-4.ly"
/tmp/tmpl_qwxjga/2024-08-21T11-47-57-014529-e8415e4.ly:30:14: error: cannot find file: `../violin1/pm-02-vln1-76.ly'
(search path: `/tmp/tmpl_qwxjga:/home/user/GitHub/Artyfyshall-Bird/code-implementation:/usr/share/lilypond/2.22.1/ly:/usr/share/lilypond/2.22.1/ps:/usr/share/lilypond/2.22.1/scm:/usr/share/lilypond/2.22.1/fonts/otf/:/usr/share/lilypond/2.22.1/fonts/type1/:/usr/share/lilypond/2.22.1/fonts/svg/:')
    \include 
             "../violin1/pm-02-vln1-76.ly"
/tmp/tmpl_qwxjga/2024-08-21T11-47-57-014529-e8415e4.ly:31:14: error: cannot find file: `../violin1/pm-02-vln1-21.ly'
(search path: `/tmp/tmpl_qwxjga:/home/user/GitHub/Artyfyshall-Bird/code-implementation:/usr/share/lilypond/2.22.1/ly:/usr/share/lilypond/2.22.1/ps:/usr/share/lilypond/2.22.1/scm:/usr/share/lilypond/2.22.1/fonts/otf/:/usr/share/lilypond/2.22.1/fonts/type1/:/usr/share/lilypond/2.22.1/fonts/svg/:')
    \include 
             "../violin1/pm-02-vln1-21.ly"
/tmp/tmpl_qwxjga/2024-08-21T11-47-57-014529-e8415e4.ly:32:14: error: cannot find file: `../violin1/pm-02-vln1-9.ly'
(search path: `/tmp/tmpl_qwxjga:/home/user/GitHub/Artyfyshall-Bird/code-implementation:/usr/share/lilypond/2.22.1/ly:/usr/share/lilypond/2.22.1/ps:/usr/share/lilypond/2.22.1/scm:/usr/share/lilypond/2.22.1/fonts/otf/:/usr/share/lilypond/2.22.1/fonts/type1/:/usr/share/lilypond/2.22.1/fonts/svg/:')
    \include 
             "../violin1/pm-02-vln1-9.ly"
/tmp/tmpl_qwxjga/2024-08-21T11-47-57-014529-e8415e4.ly:33:14: error: cannot find file: `../violin1/pm-02-vln1-1.ly'
(search path: `/tmp/tmpl_qwxjga:/home/user/GitHub/Artyfyshall-Bird/code-implementation:/usr/share/lilypond/2.22.1/ly:/usr/share/lilypond/2.22.1/ps:/usr/share/lilypond/2.22.1/scm:/usr/share/lilypond/2.22.1/fonts/otf/:/usr/share/lilypond/2.22.1/fonts/type1/:/usr/share/lilypond/2.22.1/fonts/svg/:')
    \include 
             "../violin1/pm-02-vln1-1.ly"
/tmp/tmpl_qwxjga/2024-08-21T11-47-57-014529-e8415e4.ly:34:14: error: cannot find file: `../violin1/pm-02-vln1-51.ly'
(search path: `/tmp/tmpl_qwxjga:/home/user/GitHub/Artyfyshall-Bird/code-implementation:/usr/share/lilypond/2.22.1/ly:/usr/share/lilypond/2.22.1/ps:/usr/share/lilypond/2.22.1/scm:/usr/share/lilypond/2.22.1/fonts/otf/:/usr/share/lilypond/2.22.1/fonts/type1/:/usr/share/lilypond/2.22.1/fonts/svg/:')
    \include 
             "../violin1/pm-02-vln1-51.ly"
/tmp/tmpl_qwxjga/2024-08-21T11-47-57-014529-e8415e4.ly:35:14: error: cannot find file: `../violin1/pm-02-vln1-66.ly'
(search path: `/tmp/tmpl_qwxjga:/home/user/GitHub/Artyfyshall-Bird/code-implementation:/usr/share/lilypond/2.22.1/ly:/usr/share/lilypond/2.22.1/ps:/usr/share/lilypond/2.22.1/scm:/usr/share/lilypond/2.22.1/fonts/otf/:/usr/share/lilypond/2.22.1/fonts/type1/:/usr/share/lilypond/2.22.1/fonts/svg/:')
    \include 
             "../violin1/pm-02-vln1-66.ly"
/tmp/tmpl_qwxjga/2024-08-21T11-47-57-014529-e8415e4.ly:36:14: error: cannot find file: `../violin1/pm-02-vln1-24.ly'
(search path: `/tmp/tmpl_qwxjga:/home/user/GitHub/Artyfyshall-Bird/code-implementation:/usr/share/lilypond/2.22.1/ly:/usr/share/lilypond/2.22.1/ps:/usr/share/lilypond/2.22.1/scm:/usr/share/lilypond/2.22.1/fonts/otf/:/usr/share/lilypond/2.22.1/fonts/type1/:/usr/share/lilypond/2.22.1/fonts/svg/:')
    \include 
             "../violin1/pm-02-vln1-24.ly"
/tmp/tmpl_qwxjga/2024-08-21T11-47-57-014529-e8415e4.ly:44:14: error: cannot find file: `../voice_option.ly'
(search path: `/tmp/tmpl_qwxjga:/home/user/GitHub/Artyfyshall-Bird/code-implementation:/usr/share/lilypond/2.22.1/ly:/usr/share/lilypond/2.22.1/ps:/usr/share/lilypond/2.22.1/scm:/usr/share/lilypond/2.22.1/fonts/otf/:/usr/share/lilypond/2.22.1/fonts/type1/:/usr/share/lilypond/2.22.1/fonts/svg/:')
    \include 
             "../voice_option.ly"
/tmp/tmpl_qwxjga/2024-08-21T11-47-57-014529-e8415e4.ly:45:14: error: cannot find file: `../rh/pm-02-rh-13.ly'
(search path: `/tmp/tmpl_qwxjga:/home/user/GitHub/Artyfyshall-Bird/code-implementation:/usr/share/lilypond/2.22.1/ly:/usr/share/lilypond/2.22.1/ps:/usr/share/lilypond/2.22.1/scm:/usr/share/lilypond/2.22.1/fonts/otf/:/usr/share/lilypond/2.22.1/fonts/type1/:/usr/share/lilypond/2.22.1/fonts/svg/:')
    \include 
             "../rh/pm-02-rh-13.ly"
/tmp/tmpl_qwxjga/2024-08-21T11-47-57-014529-e8415e4.ly:46:14: error: cannot find file: `../rh/pm-02-rh-7.ly'
(search path: `/tmp/tmpl_qwxjga:/home/user/GitHub/Artyfyshall-Bird/code-implementation:/usr/share/lilypond/2.22.1/ly:/usr/share/lilypond/2.22.1/ps:/usr/share/lilypond/2.22.1/scm:/usr/share/lilypond/2.22.1/fonts/otf/:/usr/share/lilypond/2.22.1/fonts/type1/:/usr/share/lilypond/2.22.1/fonts/svg/:')
    \include 
             "../rh/pm-02-rh-7.ly"
/tmp/tmpl_qwxjga/2024-08-21T11-47-57-014529-e8415e4.ly:47:14: error: cannot find file: `../rh/pm-02-rh-64.ly'
(search path: `/tmp/tmpl_qwxjga:/home/user/GitHub/Artyfyshall-Bird/code-implementation:/usr/share/lilypond/2.22.1/ly:/usr/share/lilypond/2.22.1/ps:/usr/share/lilypond/2.22.1/scm:/usr/share/lilypond/2.22.1/fonts/otf/:/usr/share/lilypond/2.22.1/fonts/type1/:/usr/share/lilypond/2.22.1/fonts/svg/:')
    \include 
             "../rh/pm-02-rh-64.ly"
/tmp/tmpl_qwxjga/2024-08-21T11-47-57-014529-e8415e4.ly:48:14: error: cannot find file: `../rh/pm-02-rh-53.ly'
(search path: `/tmp/tmpl_qwxjga:/home/user/GitHub/Artyfyshall-Bird/code-implementation:/usr/share/lilypond/2.22.1/ly:/usr/share/lilypond/2.22.1/ps:/usr/share/lilypond/2.22.1/scm:/usr/share/lilypond/2.22.1/fonts/otf/:/usr/share/lilypond/2.22.1/fonts/type1/:/usr/share/lilypond/2.22.1/fonts/svg/:')
    \include 
             "../rh/pm-02-rh-53.ly"
/tmp/tmpl_qwxjga/2024-08-21T11-47-57-014529-e8415e4.ly:49:14: error: cannot find file: `../rh/pm-02-rh-41.ly'
(search path: `/tmp/tmpl_qwxjga:/home/user/GitHub/Artyfyshall-Bird/code-implementation:/usr/share/lilypond/2.22.1/ly:/usr/share/lilypond/2.22.1/ps:/usr/share/lilypond/2.22.1/scm:/usr/share/lilypond/2.22.1/fonts/otf/:/usr/share/lilypond/2.22.1/fonts/type1/:/usr/share/lilypond/2.22.1/fonts/svg/:')
    \include 
             "../rh/pm-02-rh-41.ly"
/tmp/tmpl_qwxjga/2024-08-21T11-47-57-014529-e8415e4.ly:50:14: error: cannot find file: `../rh/pm-02-rh-3.ly'
(search path: `/tmp/tmpl_qwxjga:/home/user/GitHub/Artyfyshall-Bird/code-implementation:/usr/share/lilypond/2.22.1/ly:/usr/share/lilypond/2.22.1/ps:/usr/share/lilypond/2.22.1/scm:/usr/share/lilypond/2.22.1/fonts/otf/:/usr/share/lilypond/2.22.1/fonts/type1/:/usr/share/lilypond/2.22.1/fonts/svg/:')
    \include 
             "../rh/pm-02-rh-3.ly"
/tmp/tmpl_qwxjga/2024-08-21T11-47-57-014529-e8415e4.ly:51:14: error: cannot find file: `../rh/pm-02-rh-71.ly'
(search path: `/tmp/tmpl_qwxjga:/home/user/GitHub/Artyfyshall-Bird/code-implementation:/usr/share/lilypond/2.22.1/ly:/usr/share/lilypond/2.22.1/ps:/usr/share/lilypond/2.22.1/scm:/usr/share/lilypond/2.22.1/fonts/otf/:/usr/share/lilypond/2.22.1/fonts/type1/:/usr/share/lilypond/2.22.1/fonts/svg/:')
    \include 
             "../rh/pm-02-rh-71.ly"
/tmp/tmpl_qwxjga/2024-08-21T11-47-57-014529-e8415e4.ly:52:14: error: cannot find file: `../rh/pm-02-rh-48.ly'
(search path: `/tmp/tmpl_qwxjga:/home/user/GitHub/Artyfyshall-Bird/code-implementation:/usr/share/lilypond/2.22.1/ly:/usr/share/lilypond/2.22.1/ps:/usr/share/lilypond/2.22.1/scm:/usr/share/lilypond/2.22.1/fonts/otf/:/usr/share/lilypond/2.22.1/fonts/type1/:/usr/share/lilypond/2.22.1/fonts/svg/:')
    \include 
             "../rh/pm-02-rh-48.ly"
/tmp/tmpl_qwxjga/2024-08-21T11-47-57-014529-e8415e4.ly:53:14: error: cannot find file: `../rh/pm-02-rh-4.ly'
(search path: `/tmp/tmpl_qwxjga:/home/user/GitHub/Artyfyshall-Bird/code-implementation:/usr/share/lilypond/2.22.1/ly:/usr/share/lilypond/2.22.1/ps:/usr/share/lilypond/2.22.1/scm:/usr/share/lilypond/2.22.1/fonts/otf/:/usr/share/lilypond/2.22.1/fonts/type1/:/usr/share/lilypond/2.22.1/fonts/svg/:')
    \include 
             "../rh/pm-02-rh-4.ly"
/tmp/tmpl_qwxjga/2024-08-21T11-47-57-014529-e8415e4.ly:54:14: error: cannot find file: `../rh/pm-02-rh-76.ly'
(search path: `/tmp/tmpl_qwxjga:/home/user/GitHub/Artyfyshall-Bird/code-implementation:/usr/share/lilypond/2.22.1/ly:/usr/share/lilypond/2.22.1/ps:/usr/share/lilypond/2.22.1/scm:/usr/share/lilypond/2.22.1/fonts/otf/:/usr/share/lilypond/2.22.1/fonts/type1/:/usr/share/lilypond/2.22.1/fonts/svg/:')
    \include 
             "../rh/pm-02-rh-76.ly"
/tmp/tmpl_qwxjga/2024-08-21T11-47-57-014529-e8415e4.ly:55:14: error: cannot find file: `../rh/pm-02-rh-21.ly'
(search path: `/tmp/tmpl_qwxjga:/home/user/GitHub/Artyfyshall-Bird/code-implementation:/usr/share/lilypond/2.22.1/ly:/usr/share/lilypond/2.22.1/ps:/usr/share/lilypond/2.22.1/scm:/usr/share/lilypond/2.22.1/fonts/otf/:/usr/share/lilypond/2.22.1/fonts/type1/:/usr/share/lilypond/2.22.1/fonts/svg/:')
    \include 
             "../rh/pm-02-rh-21.ly"
/tmp/tmpl_qwxjga/2024-08-21T11-47-57-014529-e8415e4.ly:56:14: error: cannot find file: `../rh/pm-02-rh-9.ly'
(search path: `/tmp/tmpl_qwxjga:/home/user/GitHub/Artyfyshall-Bird/code-implementation:/usr/share/lilypond/2.22.1/ly:/usr/share/lilypond/2.22.1/ps:/usr/share/lilypond/2.22.1/scm:/usr/share/lilypond/2.22.1/fonts/otf/:/usr/share/lilypond/2.22.1/fonts/type1/:/usr/share/lilypond/2.22.1/fonts/svg/:')
    \include 
             "../rh/pm-02-rh-9.ly"
/tmp/tmpl_qwxjga/2024-08-21T11-47-57-014529-e8415e4.ly:57:14: error: cannot find file: `../rh/pm-02-rh-1.ly'
(search path: `/tmp/tmpl_qwxjga:/home/user/GitHub/Artyfyshall-Bird/code-implementation:/usr/share/lilypond/2.22.1/ly:/usr/share/lilypond/2.22.1/ps:/usr/share/lilypond/2.22.1/scm:/usr/share/lilypond/2.22.1/fonts/otf/:/usr/share/lilypond/2.22.1/fonts/type1/:/usr/share/lilypond/2.22.1/fonts/svg/:')
    \include 
             "../rh/pm-02-rh-1.ly"
/tmp/tmpl_qwxjga/2024-08-21T11-47-57-014529-e8415e4.ly:58:14: error: cannot find file: `../rh/pm-02-rh-51.ly'
(search path: `/tmp/tmpl_qwxjga:/home/user/GitHub/Artyfyshall-Bird/code-implementation:/usr/share/lilypond/2.22.1/ly:/usr/share/lilypond/2.22.1/ps:/usr/share/lilypond/2.22.1/scm:/usr/share/lilypond/2.22.1/fonts/otf/:/usr/share/lilypond/2.22.1/fonts/type1/:/usr/share/lilypond/2.22.1/fonts/svg/:')
    \include 
             "../rh/pm-02-rh-51.ly"
/tmp/tmpl_qwxjga/2024-08-21T11-47-57-014529-e8415e4.ly:59:14: error: cannot find file: `../rh/pm-02-rh-66.ly'
(search path: `/tmp/tmpl_qwxjga:/home/user/GitHub/Artyfyshall-Bird/code-implementation:/usr/share/lilypond/2.22.1/ly:/usr/share/lilypond/2.22.1/ps:/usr/share/lilypond/2.22.1/scm:/usr/share/lilypond/2.22.1/fonts/otf/:/usr/share/lilypond/2.22.1/fonts/type1/:/usr/share/lilypond/2.22.1/fonts/svg/:')
    \include 
             "../rh/pm-02-rh-66.ly"
/tmp/tmpl_qwxjga/2024-08-21T11-47-57-014529-e8415e4.ly:60:14: error: cannot find file: `../rh/pm-02-rh-24.ly'
(search path: `/tmp/tmpl_qwxjga:/home/user/GitHub/Artyfyshall-Bird/code-implementation:/usr/share/lilypond/2.22.1/ly:/usr/share/lilypond/2.22.1/ps:/usr/share/lilypond/2.22.1/scm:/usr/share/lilypond/2.22.1/fonts/otf/:/usr/share/lilypond/2.22.1/fonts/type1/:/usr/share/lilypond/2.22.1/fonts/svg/:')
    \include 
             "../rh/pm-02-rh-24.ly"
/tmp/tmpl_qwxjga/2024-08-21T11-47-57-014529-e8415e4.ly:63:14: error: cannot find file: `../bassline_option.ly'
(search path: `/tmp/tmpl_qwxjga:/home/user/GitHub/Artyfyshall-Bird/code-implementation:/usr/share/lilypond/2.22.1/ly:/usr/share/lilypond/2.22.1/ps:/usr/share/lilypond/2.22.1/scm:/usr/share/lilypond/2.22.1/fonts/otf/:/usr/share/lilypond/2.22.1/fonts/type1/:/usr/share/lilypond/2.22.1/fonts/svg/:')
    \include 
             "../bassline_option.ly"
/tmp/tmpl_qwxjga/2024-08-21T11-47-57-014529-e8415e4.ly:64:14: error: cannot find file: `../lh/pm-02-lh-13.ly'
(search path: `/tmp/tmpl_qwxjga:/home/user/GitHub/Artyfyshall-Bird/code-implementation:/usr/share/lilypond/2.22.1/ly:/usr/share/lilypond/2.22.1/ps:/usr/share/lilypond/2.22.1/scm:/usr/share/lilypond/2.22.1/fonts/otf/:/usr/share/lilypond/2.22.1/fonts/type1/:/usr/share/lilypond/2.22.1/fonts/svg/:')
    \include 
             "../lh/pm-02-lh-13.ly"
/tmp/tmpl_qwxjga/2024-08-21T11-47-57-014529-e8415e4.ly:65:14: error: cannot find file: `../lh/pm-02-lh-7.ly'
(search path: `/tmp/tmpl_qwxjga:/home/user/GitHub/Artyfyshall-Bird/code-implementation:/usr/share/lilypond/2.22.1/ly:/usr/share/lilypond/2.22.1/ps:/usr/share/lilypond/2.22.1/scm:/usr/share/lilypond/2.22.1/fonts/otf/:/usr/share/lilypond/2.22.1/fonts/type1/:/usr/share/lilypond/2.22.1/fonts/svg/:')
    \include 
             "../lh/pm-02-lh-7.ly"
/tmp/tmpl_qwxjga/2024-08-21T11-47-57-014529-e8415e4.ly:66:14: error: cannot find file: `../lh/pm-02-lh-64.ly'
(search path: `/tmp/tmpl_qwxjga:/home/user/GitHub/Artyfyshall-Bird/code-implementation:/usr/share/lilypond/2.22.1/ly:/usr/share/lilypond/2.22.1/ps:/usr/share/lilypond/2.22.1/scm:/usr/share/lilypond/2.22.1/fonts/otf/:/usr/share/lilypond/2.22.1/fonts/type1/:/usr/share/lilypond/2.22.1/fonts/svg/:')
    \include 
             "../lh/pm-02-lh-64.ly"
/tmp/tmpl_qwxjga/2024-08-21T11-47-57-014529-e8415e4.ly:67:14: error: cannot find file: `../lh/pm-02-lh-53.ly'
(search path: `/tmp/tmpl_qwxjga:/home/user/GitHub/Artyfyshall-Bird/code-implementation:/usr/share/lilypond/2.22.1/ly:/usr/share/lilypond/2.22.1/ps:/usr/share/lilypond/2.22.1/scm:/usr/share/lilypond/2.22.1/fonts/otf/:/usr/share/lilypond/2.22.1/fonts/type1/:/usr/share/lilypond/2.22.1/fonts/svg/:')
    \include 
             "../lh/pm-02-lh-53.ly"
/tmp/tmpl_qwxjga/2024-08-21T11-47-57-014529-e8415e4.ly:68:14: error: cannot find file: `../lh/pm-02-lh-41.ly'
(search path: `/tmp/tmpl_qwxjga:/home/user/GitHub/Artyfyshall-Bird/code-implementation:/usr/share/lilypond/2.22.1/ly:/usr/share/lilypond/2.22.1/ps:/usr/share/lilypond/2.22.1/scm:/usr/share/lilypond/2.22.1/fonts/otf/:/usr/share/lilypond/2.22.1/fonts/type1/:/usr/share/lilypond/2.22.1/fonts/svg/:')
    \include 
             "../lh/pm-02-lh-41.ly"
/tmp/tmpl_qwxjga/2024-08-21T11-47-57-014529-e8415e4.ly:69:14: error: cannot find file: `../lh/pm-02-lh-3.ly'
(search path: `/tmp/tmpl_qwxjga:/home/user/GitHub/Artyfyshall-Bird/code-implementation:/usr/share/lilypond/2.22.1/ly:/usr/share/lilypond/2.22.1/ps:/usr/share/lilypond/2.22.1/scm:/usr/share/lilypond/2.22.1/fonts/otf/:/usr/share/lilypond/2.22.1/fonts/type1/:/usr/share/lilypond/2.22.1/fonts/svg/:')
    \include 
             "../lh/pm-02-lh-3.ly"
/tmp/tmpl_qwxjga/2024-08-21T11-47-57-014529-e8415e4.ly:70:14: error: cannot find file: `../lh/pm-02-lh-71.ly'
(search path: `/tmp/tmpl_qwxjga:/home/user/GitHub/Artyfyshall-Bird/code-implementation:/usr/share/lilypond/2.22.1/ly:/usr/share/lilypond/2.22.1/ps:/usr/share/lilypond/2.22.1/scm:/usr/share/lilypond/2.22.1/fonts/otf/:/usr/share/lilypond/2.22.1/fonts/type1/:/usr/share/lilypond/2.22.1/fonts/svg/:')
    \include 
             "../lh/pm-02-lh-71.ly"
/tmp/tmpl_qwxjga/2024-08-21T11-47-57-014529-e8415e4.ly:71:14: error: cannot find file: `../lh/pm-02-lh-48.ly'
(search path: `/tmp/tmpl_qwxjga:/home/user/GitHub/Artyfyshall-Bird/code-implementation:/usr/share/lilypond/2.22.1/ly:/usr/share/lilypond/2.22.1/ps:/usr/share/lilypond/2.22.1/scm:/usr/share/lilypond/2.22.1/fonts/otf/:/usr/share/lilypond/2.22.1/fonts/type1/:/usr/share/lilypond/2.22.1/fonts/svg/:')
    \include 
             "../lh/pm-02-lh-48.ly"
/tmp/tmpl_qwxjga/2024-08-21T11-47-57-014529-e8415e4.ly:72:14: error: cannot find file: `../lh/pm-02-lh-4.ly'
(search path: `/tmp/tmpl_qwxjga:/home/user/GitHub/Artyfyshall-Bird/code-implementation:/usr/share/lilypond/2.22.1/ly:/usr/share/lilypond/2.22.1/ps:/usr/share/lilypond/2.22.1/scm:/usr/share/lilypond/2.22.1/fonts/otf/:/usr/share/lilypond/2.22.1/fonts/type1/:/usr/share/lilypond/2.22.1/fonts/svg/:')
    \include 
             "../lh/pm-02-lh-4.ly"
/tmp/tmpl_qwxjga/2024-08-21T11-47-57-014529-e8415e4.ly:73:14: error: cannot find file: `../lh/pm-02-lh-76.ly'
(search path: `/tmp/tmpl_qwxjga:/home/user/GitHub/Artyfyshall-Bird/code-implementation:/usr/share/lilypond/2.22.1/ly:/usr/share/lilypond/2.22.1/ps:/usr/share/lilypond/2.22.1/scm:/usr/share/lilypond/2.22.1/fonts/otf/:/usr/share/lilypond/2.22.1/fonts/type1/:/usr/share/lilypond/2.22.1/fonts/svg/:')
    \include 
             "../lh/pm-02-lh-76.ly"
/tmp/tmpl_qwxjga/2024-08-21T11-47-57-014529-e8415e4.ly:74:14: error: cannot find file: `../lh/pm-02-lh-21.ly'
(search path: `/tmp/tmpl_qwxjga:/home/user/GitHub/Artyfyshall-Bird/code-implementation:/usr/share/lilypond/2.22.1/ly:/usr/share/lilypond/2.22.1/ps:/usr/share/lilypond/2.22.1/scm:/usr/share/lilypond/2.22.1/fonts/otf/:/usr/share/lilypond/2.22.1/fonts/type1/:/usr/share/lilypond/2.22.1/fonts/svg/:')
    \include 
             "../lh/pm-02-lh-21.ly"
/tmp/tmpl_qwxjga/2024-08-21T11-47-57-014529-e8415e4.ly:75:14: error: cannot find file: `../lh/pm-02-lh-9.ly'
(search path: `/tmp/tmpl_qwxjga:/home/user/GitHub/Artyfyshall-Bird/code-implementation:/usr/share/lilypond/2.22.1/ly:/usr/share/lilypond/2.22.1/ps:/usr/share/lilypond/2.22.1/scm:/usr/share/lilypond/2.22.1/fonts/otf/:/usr/share/lilypond/2.22.1/fonts/type1/:/usr/share/lilypond/2.22.1/fonts/svg/:')
    \include 
             "../lh/pm-02-lh-9.ly"
/tmp/tmpl_qwxjga/2024-08-21T11-47-57-014529-e8415e4.ly:76:14: error: cannot find file: `../lh/pm-02-lh-1.ly'
(search path: `/tmp/tmpl_qwxjga:/home/user/GitHub/Artyfyshall-Bird/code-implementation:/usr/share/lilypond/2.22.1/ly:/usr/share/lilypond/2.22.1/ps:/usr/share/lilypond/2.22.1/scm:/usr/share/lilypond/2.22.1/fonts/otf/:/usr/share/lilypond/2.22.1/fonts/type1/:/usr/share/lilypond/2.22.1/fonts/svg/:')
    \include 
             "../lh/pm-02-lh-1.ly"
/tmp/tmpl_qwxjga/2024-08-21T11-47-57-014529-e8415e4.ly:77:14: error: cannot find file: `../lh/pm-02-lh-51.ly'
(search path: `/tmp/tmpl_qwxjga:/home/user/GitHub/Artyfyshall-Bird/code-implementation:/usr/share/lilypond/2.22.1/ly:/usr/share/lilypond/2.22.1/ps:/usr/share/lilypond/2.22.1/scm:/usr/share/lilypond/2.22.1/fonts/otf/:/usr/share/lilypond/2.22.1/fonts/type1/:/usr/share/lilypond/2.22.1/fonts/svg/:')
    \include 
             "../lh/pm-02-lh-51.ly"
/tmp/tmpl_qwxjga/2024-08-21T11-47-57-014529-e8415e4.ly:78:14: error: cannot find file: `../lh/pm-02-lh-66.ly'
(search path: `/tmp/tmpl_qwxjga:/home/user/GitHub/Artyfyshall-Bird/code-implementation:/usr/share/lilypond/2.22.1/ly:/usr/share/lilypond/2.22.1/ps:/usr/share/lilypond/2.22.1/scm:/usr/share/lilypond/2.22.1/fonts/otf/:/usr/share/lilypond/2.22.1/fonts/type1/:/usr/share/lilypond/2.22.1/fonts/svg/:')
    \include 
             "../lh/pm-02-lh-66.ly"
/tmp/tmpl_qwxjga/2024-08-21T11-47-57-014529-e8415e4.ly:79:14: error: cannot find file: `../lh/pm-02-lh-24.ly'
(search path: `/tmp/tmpl_qwxjga:/home/user/GitHub/Artyfyshall-Bird/code-implementation:/usr/share/lilypond/2.22.1/ly:/usr/share/lilypond/2.22.1/ps:/usr/share/lilypond/2.22.1/scm:/usr/share/lilypond/2.22.1/fonts/otf/:/usr/share/lilypond/2.22.1/fonts/type1/:/usr/share/lilypond/2.22.1/fonts/svg/:')
    \include 
             "../lh/pm-02-lh-24.ly"
/tmp/tmpl_qwxjga/2024-08-21T11-47-57-014529-e8415e4.ly:83:14: error: cannot find file: `../layout_settings.ly'
(search path: `/tmp/tmpl_qwxjga:/home/user/GitHub/Artyfyshall-Bird/code-implementation:/usr/share/lilypond/2.22.1/ly:/usr/share/lilypond/2.22.1/ps:/usr/share/lilypond/2.22.1/scm:/usr/share/lilypond/2.22.1/fonts/otf/:/usr/share/lilypond/2.22.1/fonts/type1/:/usr/share/lilypond/2.22.1/fonts/svg/:')
    \include 
             "../layout_settings.ly"
/tmp/tmpl_qwxjga/2024-08-21T11-47-57-014529-e8415e4.ly:85:1: error: syntax error, unexpected '}'

}
/tmp/tmpl_qwxjga/2024-08-21T11-47-57-014529-e8415e4.ly:1: warning: no \version statement found, please add

\version "2.22.1"

for future compatibility
fatal error: failed files: "/tmp/tmpl_qwxjga/2024-08-21T11-47-57-014529-e8415e4.ly"
