GNU LilyPond 2.22.1
Changing working directory to: `/tmp/tmpbstz0ome'
Processing `/tmp/tmpbstz0ome/2024-10-14T11-31-56-137115-e508a9c.ly'
Parsing...
/tmp/tmpbstz0ome/2024-10-14T11-31-56-137115-e508a9c.ly:1:10: error: cannot find file: `../paper_settings.ly'
(search path: `/tmp/tmpbstz0ome:/home/user/GitHub/Artyfyshall-Bird/code-implementation:/usr/share/lilypond/2.22.1/ly:/usr/share/lilypond/2.22.1/ps:/usr/share/lilypond/2.22.1/scm:/usr/share/lilypond/2.22.1/fonts/otf/:/usr/share/lilypond/2.22.1/fonts/type1/:/usr/share/lilypond/2.22.1/fonts/svg/:')
\include 
         "../paper_settings.ly" 
/tmp/tmpbstz0ome/2024-10-14T11-31-56-137115-e508a9c.ly:13:14: error: cannot find file: `../voice_option.ly'
(search path: `/tmp/tmpbstz0ome:/home/user/GitHub/Artyfyshall-Bird/code-implementation:/usr/share/lilypond/2.22.1/ly:/usr/share/lilypond/2.22.1/ps:/usr/share/lilypond/2.22.1/scm:/usr/share/lilypond/2.22.1/fonts/otf/:/usr/share/lilypond/2.22.1/fonts/type1/:/usr/share/lilypond/2.22.1/fonts/svg/:')
    \include 
             "../voice_option.ly"
/tmp/tmpbstz0ome/2024-10-14T11-31-56-137115-e508a9c.ly:15:14: error: cannot find file: `../rh/gf-01-rh-104.ly'
(search path: `/tmp/tmpbstz0ome:/home/user/GitHub/Artyfyshall-Bird/code-implementation:/usr/share/lilypond/2.22.1/ly:/usr/share/lilypond/2.22.1/ps:/usr/share/lilypond/2.22.1/scm:/usr/share/lilypond/2.22.1/fonts/otf/:/usr/share/lilypond/2.22.1/fonts/type1/:/usr/share/lilypond/2.22.1/fonts/svg/:')
    \include 
             "../rh/gf-01-rh-104.ly"
/tmp/tmpbstz0ome/2024-10-14T11-31-56-137115-e508a9c.ly:16:14: error: cannot find file: `../rh/gf-01-rh-130.ly'
(search path: `/tmp/tmpbstz0ome:/home/user/GitHub/Artyfyshall-Bird/code-implementation:/usr/share/lilypond/2.22.1/ly:/usr/share/lilypond/2.22.1/ps:/usr/share/lilypond/2.22.1/scm:/usr/share/lilypond/2.22.1/fonts/otf/:/usr/share/lilypond/2.22.1/fonts/type1/:/usr/share/lilypond/2.22.1/fonts/svg/:')
    \include 
             "../rh/gf-01-rh-130.ly"
/tmp/tmpbstz0ome/2024-10-14T11-31-56-137115-e508a9c.ly:17:14: error: cannot find file: `../rh/gf-01-rh-27.ly'
(search path: `/tmp/tmpbstz0ome:/home/user/GitHub/Artyfyshall-Bird/code-implementation:/usr/share/lilypond/2.22.1/ly:/usr/share/lilypond/2.22.1/ps:/usr/share/lilypond/2.22.1/scm:/usr/share/lilypond/2.22.1/fonts/otf/:/usr/share/lilypond/2.22.1/fonts/type1/:/usr/share/lilypond/2.22.1/fonts/svg/:')
    \include 
             "../rh/gf-01-rh-27.ly"
/tmp/tmpbstz0ome/2024-10-14T11-31-56-137115-e508a9c.ly:18:14: error: cannot find file: `../rh/gf-01-rh-63.ly'
(search path: `/tmp/tmpbstz0ome:/home/user/GitHub/Artyfyshall-Bird/code-implementation:/usr/share/lilypond/2.22.1/ly:/usr/share/lilypond/2.22.1/ps:/usr/share/lilypond/2.22.1/scm:/usr/share/lilypond/2.22.1/fonts/otf/:/usr/share/lilypond/2.22.1/fonts/type1/:/usr/share/lilypond/2.22.1/fonts/svg/:')
    \include 
             "../rh/gf-01-rh-63.ly"
/tmp/tmpbstz0ome/2024-10-14T11-31-56-137115-e508a9c.ly:19:14: error: cannot find file: `../rh/gf-01-rh-140.ly'
(search path: `/tmp/tmpbstz0ome:/home/user/GitHub/Artyfyshall-Bird/code-implementation:/usr/share/lilypond/2.22.1/ly:/usr/share/lilypond/2.22.1/ps:/usr/share/lilypond/2.22.1/scm:/usr/share/lilypond/2.22.1/fonts/otf/:/usr/share/lilypond/2.22.1/fonts/type1/:/usr/share/lilypond/2.22.1/fonts/svg/:')
    \include 
             "../rh/gf-01-rh-140.ly"
/tmp/tmpbstz0ome/2024-10-14T11-31-56-137115-e508a9c.ly:20:14: error: cannot find file: `../rh/gf-01-rh-68.ly'
(search path: `/tmp/tmpbstz0ome:/home/user/GitHub/Artyfyshall-Bird/code-implementation:/usr/share/lilypond/2.22.1/ly:/usr/share/lilypond/2.22.1/ps:/usr/share/lilypond/2.22.1/scm:/usr/share/lilypond/2.22.1/fonts/otf/:/usr/share/lilypond/2.22.1/fonts/type1/:/usr/share/lilypond/2.22.1/fonts/svg/:')
    \include 
             "../rh/gf-01-rh-68.ly"
/tmp/tmpbstz0ome/2024-10-14T11-31-56-137115-e508a9c.ly:21:14: error: cannot find file: `../rh/gf-01-rh-62.ly'
(search path: `/tmp/tmpbstz0ome:/home/user/GitHub/Artyfyshall-Bird/code-implementation:/usr/share/lilypond/2.22.1/ly:/usr/share/lilypond/2.22.1/ps:/usr/share/lilypond/2.22.1/scm:/usr/share/lilypond/2.22.1/fonts/otf/:/usr/share/lilypond/2.22.1/fonts/type1/:/usr/share/lilypond/2.22.1/fonts/svg/:')
    \include 
             "../rh/gf-01-rh-62.ly"
/tmp/tmpbstz0ome/2024-10-14T11-31-56-137115-e508a9c.ly:22:14: error: cannot find file: `../rh/gf-01-rh-81.ly'
(search path: `/tmp/tmpbstz0ome:/home/user/GitHub/Artyfyshall-Bird/code-implementation:/usr/share/lilypond/2.22.1/ly:/usr/share/lilypond/2.22.1/ps:/usr/share/lilypond/2.22.1/scm:/usr/share/lilypond/2.22.1/fonts/otf/:/usr/share/lilypond/2.22.1/fonts/type1/:/usr/share/lilypond/2.22.1/fonts/svg/:')
    \include 
             "../rh/gf-01-rh-81.ly"
/tmp/tmpbstz0ome/2024-10-14T11-31-56-137115-e508a9c.ly:25:14: error: cannot find file: `../rh/gf-01-rh-70.ly'
(search path: `/tmp/tmpbstz0ome:/home/user/GitHub/Artyfyshall-Bird/code-implementation:/usr/share/lilypond/2.22.1/ly:/usr/share/lilypond/2.22.1/ps:/usr/share/lilypond/2.22.1/scm:/usr/share/lilypond/2.22.1/fonts/otf/:/usr/share/lilypond/2.22.1/fonts/type1/:/usr/share/lilypond/2.22.1/fonts/svg/:')
    \include 
             "../rh/gf-01-rh-70.ly"
/tmp/tmpbstz0ome/2024-10-14T11-31-56-137115-e508a9c.ly:26:14: error: cannot find file: `../rh/gf-01-rh-20.ly'
(search path: `/tmp/tmpbstz0ome:/home/user/GitHub/Artyfyshall-Bird/code-implementation:/usr/share/lilypond/2.22.1/ly:/usr/share/lilypond/2.22.1/ps:/usr/share/lilypond/2.22.1/scm:/usr/share/lilypond/2.22.1/fonts/otf/:/usr/share/lilypond/2.22.1/fonts/type1/:/usr/share/lilypond/2.22.1/fonts/svg/:')
    \include 
             "../rh/gf-01-rh-20.ly"
/tmp/tmpbstz0ome/2024-10-14T11-31-56-137115-e508a9c.ly:27:14: error: cannot find file: `../rh/gf-01-rh-64.ly'
(search path: `/tmp/tmpbstz0ome:/home/user/GitHub/Artyfyshall-Bird/code-implementation:/usr/share/lilypond/2.22.1/ly:/usr/share/lilypond/2.22.1/ps:/usr/share/lilypond/2.22.1/scm:/usr/share/lilypond/2.22.1/fonts/otf/:/usr/share/lilypond/2.22.1/fonts/type1/:/usr/share/lilypond/2.22.1/fonts/svg/:')
    \include 
             "../rh/gf-01-rh-64.ly"
/tmp/tmpbstz0ome/2024-10-14T11-31-56-137115-e508a9c.ly:28:14: error: cannot find file: `../rh/gf-01-rh-175.ly'
(search path: `/tmp/tmpbstz0ome:/home/user/GitHub/Artyfyshall-Bird/code-implementation:/usr/share/lilypond/2.22.1/ly:/usr/share/lilypond/2.22.1/ps:/usr/share/lilypond/2.22.1/scm:/usr/share/lilypond/2.22.1/fonts/otf/:/usr/share/lilypond/2.22.1/fonts/type1/:/usr/share/lilypond/2.22.1/fonts/svg/:')
    \include 
             "../rh/gf-01-rh-175.ly"
/tmp/tmpbstz0ome/2024-10-14T11-31-56-137115-e508a9c.ly:29:14: error: cannot find file: `../rh/gf-01-rh-76.ly'
(search path: `/tmp/tmpbstz0ome:/home/user/GitHub/Artyfyshall-Bird/code-implementation:/usr/share/lilypond/2.22.1/ly:/usr/share/lilypond/2.22.1/ps:/usr/share/lilypond/2.22.1/scm:/usr/share/lilypond/2.22.1/fonts/otf/:/usr/share/lilypond/2.22.1/fonts/type1/:/usr/share/lilypond/2.22.1/fonts/svg/:')
    \include 
             "../rh/gf-01-rh-76.ly"
/tmp/tmpbstz0ome/2024-10-14T11-31-56-137115-e508a9c.ly:30:14: error: cannot find file: `../rh/gf-01-rh-58.ly'
(search path: `/tmp/tmpbstz0ome:/home/user/GitHub/Artyfyshall-Bird/code-implementation:/usr/share/lilypond/2.22.1/ly:/usr/share/lilypond/2.22.1/ps:/usr/share/lilypond/2.22.1/scm:/usr/share/lilypond/2.22.1/fonts/otf/:/usr/share/lilypond/2.22.1/fonts/type1/:/usr/share/lilypond/2.22.1/fonts/svg/:')
    \include 
             "../rh/gf-01-rh-58.ly"
/tmp/tmpbstz0ome/2024-10-14T11-31-56-137115-e508a9c.ly:31:14: error: cannot find file: `../rh/gf-01-rh-44.ly'
(search path: `/tmp/tmpbstz0ome:/home/user/GitHub/Artyfyshall-Bird/code-implementation:/usr/share/lilypond/2.22.1/ly:/usr/share/lilypond/2.22.1/ps:/usr/share/lilypond/2.22.1/scm:/usr/share/lilypond/2.22.1/fonts/otf/:/usr/share/lilypond/2.22.1/fonts/type1/:/usr/share/lilypond/2.22.1/fonts/svg/:')
    \include 
             "../rh/gf-01-rh-44.ly"
/tmp/tmpbstz0ome/2024-10-14T11-31-56-137115-e508a9c.ly:32:14: error: cannot find file: `../rh/gf-01-rh-111.ly'
(search path: `/tmp/tmpbstz0ome:/home/user/GitHub/Artyfyshall-Bird/code-implementation:/usr/share/lilypond/2.22.1/ly:/usr/share/lilypond/2.22.1/ps:/usr/share/lilypond/2.22.1/scm:/usr/share/lilypond/2.22.1/fonts/otf/:/usr/share/lilypond/2.22.1/fonts/type1/:/usr/share/lilypond/2.22.1/fonts/svg/:')
    \include 
             "../rh/gf-01-rh-111.ly"
/tmp/tmpbstz0ome/2024-10-14T11-31-56-137115-e508a9c.ly:36:14: error: cannot find file: `../bassline_option.ly'
(search path: `/tmp/tmpbstz0ome:/home/user/GitHub/Artyfyshall-Bird/code-implementation:/usr/share/lilypond/2.22.1/ly:/usr/share/lilypond/2.22.1/ps:/usr/share/lilypond/2.22.1/scm:/usr/share/lilypond/2.22.1/fonts/otf/:/usr/share/lilypond/2.22.1/fonts/type1/:/usr/share/lilypond/2.22.1/fonts/svg/:')
    \include 
             "../bassline_option.ly"
/tmp/tmpbstz0ome/2024-10-14T11-31-56-137115-e508a9c.ly:37:14: error: cannot find file: `../lh/gf-01-lh-104.ly'
(search path: `/tmp/tmpbstz0ome:/home/user/GitHub/Artyfyshall-Bird/code-implementation:/usr/share/lilypond/2.22.1/ly:/usr/share/lilypond/2.22.1/ps:/usr/share/lilypond/2.22.1/scm:/usr/share/lilypond/2.22.1/fonts/otf/:/usr/share/lilypond/2.22.1/fonts/type1/:/usr/share/lilypond/2.22.1/fonts/svg/:')
    \include 
             "../lh/gf-01-lh-104.ly"
/tmp/tmpbstz0ome/2024-10-14T11-31-56-137115-e508a9c.ly:38:14: error: cannot find file: `../lh/gf-01-lh-130.ly'
(search path: `/tmp/tmpbstz0ome:/home/user/GitHub/Artyfyshall-Bird/code-implementation:/usr/share/lilypond/2.22.1/ly:/usr/share/lilypond/2.22.1/ps:/usr/share/lilypond/2.22.1/scm:/usr/share/lilypond/2.22.1/fonts/otf/:/usr/share/lilypond/2.22.1/fonts/type1/:/usr/share/lilypond/2.22.1/fonts/svg/:')
    \include 
             "../lh/gf-01-lh-130.ly"
/tmp/tmpbstz0ome/2024-10-14T11-31-56-137115-e508a9c.ly:39:14: error: cannot find file: `../lh/gf-01-lh-27.ly'
(search path: `/tmp/tmpbstz0ome:/home/user/GitHub/Artyfyshall-Bird/code-implementation:/usr/share/lilypond/2.22.1/ly:/usr/share/lilypond/2.22.1/ps:/usr/share/lilypond/2.22.1/scm:/usr/share/lilypond/2.22.1/fonts/otf/:/usr/share/lilypond/2.22.1/fonts/type1/:/usr/share/lilypond/2.22.1/fonts/svg/:')
    \include 
             "../lh/gf-01-lh-27.ly"
/tmp/tmpbstz0ome/2024-10-14T11-31-56-137115-e508a9c.ly:40:14: error: cannot find file: `../lh/gf-01-lh-63.ly'
(search path: `/tmp/tmpbstz0ome:/home/user/GitHub/Artyfyshall-Bird/code-implementation:/usr/share/lilypond/2.22.1/ly:/usr/share/lilypond/2.22.1/ps:/usr/share/lilypond/2.22.1/scm:/usr/share/lilypond/2.22.1/fonts/otf/:/usr/share/lilypond/2.22.1/fonts/type1/:/usr/share/lilypond/2.22.1/fonts/svg/:')
    \include 
             "../lh/gf-01-lh-63.ly"
/tmp/tmpbstz0ome/2024-10-14T11-31-56-137115-e508a9c.ly:41:14: error: cannot find file: `../lh/gf-01-lh-140.ly'
(search path: `/tmp/tmpbstz0ome:/home/user/GitHub/Artyfyshall-Bird/code-implementation:/usr/share/lilypond/2.22.1/ly:/usr/share/lilypond/2.22.1/ps:/usr/share/lilypond/2.22.1/scm:/usr/share/lilypond/2.22.1/fonts/otf/:/usr/share/lilypond/2.22.1/fonts/type1/:/usr/share/lilypond/2.22.1/fonts/svg/:')
    \include 
             "../lh/gf-01-lh-140.ly"
/tmp/tmpbstz0ome/2024-10-14T11-31-56-137115-e508a9c.ly:42:14: error: cannot find file: `../lh/gf-01-lh-68.ly'
(search path: `/tmp/tmpbstz0ome:/home/user/GitHub/Artyfyshall-Bird/code-implementation:/usr/share/lilypond/2.22.1/ly:/usr/share/lilypond/2.22.1/ps:/usr/share/lilypond/2.22.1/scm:/usr/share/lilypond/2.22.1/fonts/otf/:/usr/share/lilypond/2.22.1/fonts/type1/:/usr/share/lilypond/2.22.1/fonts/svg/:')
    \include 
             "../lh/gf-01-lh-68.ly"
/tmp/tmpbstz0ome/2024-10-14T11-31-56-137115-e508a9c.ly:43:14: error: cannot find file: `../lh/gf-01-lh-62.ly'
(search path: `/tmp/tmpbstz0ome:/home/user/GitHub/Artyfyshall-Bird/code-implementation:/usr/share/lilypond/2.22.1/ly:/usr/share/lilypond/2.22.1/ps:/usr/share/lilypond/2.22.1/scm:/usr/share/lilypond/2.22.1/fonts/otf/:/usr/share/lilypond/2.22.1/fonts/type1/:/usr/share/lilypond/2.22.1/fonts/svg/:')
    \include 
             "../lh/gf-01-lh-62.ly"
/tmp/tmpbstz0ome/2024-10-14T11-31-56-137115-e508a9c.ly:44:14: error: cannot find file: `../lh/gf-01-lh-81.ly'
(search path: `/tmp/tmpbstz0ome:/home/user/GitHub/Artyfyshall-Bird/code-implementation:/usr/share/lilypond/2.22.1/ly:/usr/share/lilypond/2.22.1/ps:/usr/share/lilypond/2.22.1/scm:/usr/share/lilypond/2.22.1/fonts/otf/:/usr/share/lilypond/2.22.1/fonts/type1/:/usr/share/lilypond/2.22.1/fonts/svg/:')
    \include 
             "../lh/gf-01-lh-81.ly"
/tmp/tmpbstz0ome/2024-10-14T11-31-56-137115-e508a9c.ly:45:14: error: cannot find file: `../lh/gf-01-lh-70.ly'
(search path: `/tmp/tmpbstz0ome:/home/user/GitHub/Artyfyshall-Bird/code-implementation:/usr/share/lilypond/2.22.1/ly:/usr/share/lilypond/2.22.1/ps:/usr/share/lilypond/2.22.1/scm:/usr/share/lilypond/2.22.1/fonts/otf/:/usr/share/lilypond/2.22.1/fonts/type1/:/usr/share/lilypond/2.22.1/fonts/svg/:')
    \include 
             "../lh/gf-01-lh-70.ly"
/tmp/tmpbstz0ome/2024-10-14T11-31-56-137115-e508a9c.ly:46:14: error: cannot find file: `../lh/gf-01-lh-20.ly'
(search path: `/tmp/tmpbstz0ome:/home/user/GitHub/Artyfyshall-Bird/code-implementation:/usr/share/lilypond/2.22.1/ly:/usr/share/lilypond/2.22.1/ps:/usr/share/lilypond/2.22.1/scm:/usr/share/lilypond/2.22.1/fonts/otf/:/usr/share/lilypond/2.22.1/fonts/type1/:/usr/share/lilypond/2.22.1/fonts/svg/:')
    \include 
             "../lh/gf-01-lh-20.ly"
/tmp/tmpbstz0ome/2024-10-14T11-31-56-137115-e508a9c.ly:47:14: error: cannot find file: `../lh/gf-01-lh-64.ly'
(search path: `/tmp/tmpbstz0ome:/home/user/GitHub/Artyfyshall-Bird/code-implementation:/usr/share/lilypond/2.22.1/ly:/usr/share/lilypond/2.22.1/ps:/usr/share/lilypond/2.22.1/scm:/usr/share/lilypond/2.22.1/fonts/otf/:/usr/share/lilypond/2.22.1/fonts/type1/:/usr/share/lilypond/2.22.1/fonts/svg/:')
    \include 
             "../lh/gf-01-lh-64.ly"
/tmp/tmpbstz0ome/2024-10-14T11-31-56-137115-e508a9c.ly:48:14: error: cannot find file: `../lh/gf-01-lh-175.ly'
(search path: `/tmp/tmpbstz0ome:/home/user/GitHub/Artyfyshall-Bird/code-implementation:/usr/share/lilypond/2.22.1/ly:/usr/share/lilypond/2.22.1/ps:/usr/share/lilypond/2.22.1/scm:/usr/share/lilypond/2.22.1/fonts/otf/:/usr/share/lilypond/2.22.1/fonts/type1/:/usr/share/lilypond/2.22.1/fonts/svg/:')
    \include 
             "../lh/gf-01-lh-175.ly"
/tmp/tmpbstz0ome/2024-10-14T11-31-56-137115-e508a9c.ly:49:14: error: cannot find file: `../lh/gf-01-lh-76.ly'
(search path: `/tmp/tmpbstz0ome:/home/user/GitHub/Artyfyshall-Bird/code-implementation:/usr/share/lilypond/2.22.1/ly:/usr/share/lilypond/2.22.1/ps:/usr/share/lilypond/2.22.1/scm:/usr/share/lilypond/2.22.1/fonts/otf/:/usr/share/lilypond/2.22.1/fonts/type1/:/usr/share/lilypond/2.22.1/fonts/svg/:')
    \include 
             "../lh/gf-01-lh-76.ly"
/tmp/tmpbstz0ome/2024-10-14T11-31-56-137115-e508a9c.ly:50:14: error: cannot find file: `../lh/gf-01-lh-58.ly'
(search path: `/tmp/tmpbstz0ome:/home/user/GitHub/Artyfyshall-Bird/code-implementation:/usr/share/lilypond/2.22.1/ly:/usr/share/lilypond/2.22.1/ps:/usr/share/lilypond/2.22.1/scm:/usr/share/lilypond/2.22.1/fonts/otf/:/usr/share/lilypond/2.22.1/fonts/type1/:/usr/share/lilypond/2.22.1/fonts/svg/:')
    \include 
             "../lh/gf-01-lh-58.ly"
/tmp/tmpbstz0ome/2024-10-14T11-31-56-137115-e508a9c.ly:51:14: error: cannot find file: `../lh/gf-01-lh-44.ly'
(search path: `/tmp/tmpbstz0ome:/home/user/GitHub/Artyfyshall-Bird/code-implementation:/usr/share/lilypond/2.22.1/ly:/usr/share/lilypond/2.22.1/ps:/usr/share/lilypond/2.22.1/scm:/usr/share/lilypond/2.22.1/fonts/otf/:/usr/share/lilypond/2.22.1/fonts/type1/:/usr/share/lilypond/2.22.1/fonts/svg/:')
    \include 
             "../lh/gf-01-lh-44.ly"
/tmp/tmpbstz0ome/2024-10-14T11-31-56-137115-e508a9c.ly:52:14: error: cannot find file: `../lh/gf-01-lh-111.ly'
(search path: `/tmp/tmpbstz0ome:/home/user/GitHub/Artyfyshall-Bird/code-implementation:/usr/share/lilypond/2.22.1/ly:/usr/share/lilypond/2.22.1/ps:/usr/share/lilypond/2.22.1/scm:/usr/share/lilypond/2.22.1/fonts/otf/:/usr/share/lilypond/2.22.1/fonts/type1/:/usr/share/lilypond/2.22.1/fonts/svg/:')
    \include 
             "../lh/gf-01-lh-111.ly"
/tmp/tmpbstz0ome/2024-10-14T11-31-56-137115-e508a9c.ly:56:14: error: cannot find file: `../layout_settings.ly'
(search path: `/tmp/tmpbstz0ome:/home/user/GitHub/Artyfyshall-Bird/code-implementation:/usr/share/lilypond/2.22.1/ly:/usr/share/lilypond/2.22.1/ps:/usr/share/lilypond/2.22.1/scm:/usr/share/lilypond/2.22.1/fonts/otf/:/usr/share/lilypond/2.22.1/fonts/type1/:/usr/share/lilypond/2.22.1/fonts/svg/:')
    \include 
             "../layout_settings.ly"
/tmp/tmpbstz0ome/2024-10-14T11-31-56-137115-e508a9c.ly:1: warning: no \version statement found, please add

\version "2.22.1"

for future compatibility
Interpreting music...
/tmp/tmpbstz0ome/2024-10-14T11-31-56-137115-e508a9c.ly:8:5: warning: skipping zero-duration score
    
    <<
/tmp/tmpbstz0ome/2024-10-14T11-31-56-137115-e508a9c.ly:8:5: warning: to suppress this, consider adding a spacer rest
    
    <<
fatal error: failed files: "/tmp/tmpbstz0ome/2024-10-14T11-31-56-137115-e508a9c.ly"
