GNU LilyPond 2.22.1
Changing working directory to: `/tmp/tmp431tsxf6'
Processing `/tmp/tmp431tsxf6/2024-10-14T11-31-58-038477-544ad81.ly'
Parsing...
/tmp/tmp431tsxf6/2024-10-14T11-31-58-038477-544ad81.ly:1:10: error: cannot find file: `../paper_settings.ly'
(search path: `/tmp/tmp431tsxf6:/home/user/GitHub/Artyfyshall-Bird/code-implementation:/usr/share/lilypond/2.22.1/ly:/usr/share/lilypond/2.22.1/ps:/usr/share/lilypond/2.22.1/scm:/usr/share/lilypond/2.22.1/fonts/otf/:/usr/share/lilypond/2.22.1/fonts/type1/:/usr/share/lilypond/2.22.1/fonts/svg/:')
\include 
         "../paper_settings.ly" 
/tmp/tmp431tsxf6/2024-10-14T11-31-58-038477-544ad81.ly:13:14: error: cannot find file: `../voice_option.ly'
(search path: `/tmp/tmp431tsxf6:/home/user/GitHub/Artyfyshall-Bird/code-implementation:/usr/share/lilypond/2.22.1/ly:/usr/share/lilypond/2.22.1/ps:/usr/share/lilypond/2.22.1/scm:/usr/share/lilypond/2.22.1/fonts/otf/:/usr/share/lilypond/2.22.1/fonts/type1/:/usr/share/lilypond/2.22.1/fonts/svg/:')
    \include 
             "../voice_option.ly"
/tmp/tmp431tsxf6/2024-10-14T11-31-58-038477-544ad81.ly:15:14: error: cannot find file: `../rh/gf-01-rh-32.ly'
(search path: `/tmp/tmp431tsxf6:/home/user/GitHub/Artyfyshall-Bird/code-implementation:/usr/share/lilypond/2.22.1/ly:/usr/share/lilypond/2.22.1/ps:/usr/share/lilypond/2.22.1/scm:/usr/share/lilypond/2.22.1/fonts/otf/:/usr/share/lilypond/2.22.1/fonts/type1/:/usr/share/lilypond/2.22.1/fonts/svg/:')
    \include 
             "../rh/gf-01-rh-32.ly"
/tmp/tmp431tsxf6/2024-10-14T11-31-58-038477-544ad81.ly:16:14: error: cannot find file: `../rh/gf-01-rh-95.ly'
(search path: `/tmp/tmp431tsxf6:/home/user/GitHub/Artyfyshall-Bird/code-implementation:/usr/share/lilypond/2.22.1/ly:/usr/share/lilypond/2.22.1/ps:/usr/share/lilypond/2.22.1/scm:/usr/share/lilypond/2.22.1/fonts/otf/:/usr/share/lilypond/2.22.1/fonts/type1/:/usr/share/lilypond/2.22.1/fonts/svg/:')
    \include 
             "../rh/gf-01-rh-95.ly"
/tmp/tmp431tsxf6/2024-10-14T11-31-58-038477-544ad81.ly:17:14: error: cannot find file: `../rh/gf-01-rh-113.ly'
(search path: `/tmp/tmp431tsxf6:/home/user/GitHub/Artyfyshall-Bird/code-implementation:/usr/share/lilypond/2.22.1/ly:/usr/share/lilypond/2.22.1/ps:/usr/share/lilypond/2.22.1/scm:/usr/share/lilypond/2.22.1/fonts/otf/:/usr/share/lilypond/2.22.1/fonts/type1/:/usr/share/lilypond/2.22.1/fonts/svg/:')
    \include 
             "../rh/gf-01-rh-113.ly"
/tmp/tmp431tsxf6/2024-10-14T11-31-58-038477-544ad81.ly:18:14: error: cannot find file: `../rh/gf-01-rh-85.ly'
(search path: `/tmp/tmp431tsxf6:/home/user/GitHub/Artyfyshall-Bird/code-implementation:/usr/share/lilypond/2.22.1/ly:/usr/share/lilypond/2.22.1/ps:/usr/share/lilypond/2.22.1/scm:/usr/share/lilypond/2.22.1/fonts/otf/:/usr/share/lilypond/2.22.1/fonts/type1/:/usr/share/lilypond/2.22.1/fonts/svg/:')
    \include 
             "../rh/gf-01-rh-85.ly"
/tmp/tmp431tsxf6/2024-10-14T11-31-58-038477-544ad81.ly:19:14: error: cannot find file: `../rh/gf-01-rh-99.ly'
(search path: `/tmp/tmp431tsxf6:/home/user/GitHub/Artyfyshall-Bird/code-implementation:/usr/share/lilypond/2.22.1/ly:/usr/share/lilypond/2.22.1/ps:/usr/share/lilypond/2.22.1/scm:/usr/share/lilypond/2.22.1/fonts/otf/:/usr/share/lilypond/2.22.1/fonts/type1/:/usr/share/lilypond/2.22.1/fonts/svg/:')
    \include 
             "../rh/gf-01-rh-99.ly"
/tmp/tmp431tsxf6/2024-10-14T11-31-58-038477-544ad81.ly:20:14: error: cannot find file: `../rh/gf-01-rh-97.ly'
(search path: `/tmp/tmp431tsxf6:/home/user/GitHub/Artyfyshall-Bird/code-implementation:/usr/share/lilypond/2.22.1/ly:/usr/share/lilypond/2.22.1/ps:/usr/share/lilypond/2.22.1/scm:/usr/share/lilypond/2.22.1/fonts/otf/:/usr/share/lilypond/2.22.1/fonts/type1/:/usr/share/lilypond/2.22.1/fonts/svg/:')
    \include 
             "../rh/gf-01-rh-97.ly"
/tmp/tmp431tsxf6/2024-10-14T11-31-58-038477-544ad81.ly:21:14: error: cannot find file: `../rh/gf-01-rh-62.ly'
(search path: `/tmp/tmp431tsxf6:/home/user/GitHub/Artyfyshall-Bird/code-implementation:/usr/share/lilypond/2.22.1/ly:/usr/share/lilypond/2.22.1/ps:/usr/share/lilypond/2.22.1/scm:/usr/share/lilypond/2.22.1/fonts/otf/:/usr/share/lilypond/2.22.1/fonts/type1/:/usr/share/lilypond/2.22.1/fonts/svg/:')
    \include 
             "../rh/gf-01-rh-62.ly"
/tmp/tmp431tsxf6/2024-10-14T11-31-58-038477-544ad81.ly:22:14: error: cannot find file: `../rh/gf-01-rh-33.ly'
(search path: `/tmp/tmp431tsxf6:/home/user/GitHub/Artyfyshall-Bird/code-implementation:/usr/share/lilypond/2.22.1/ly:/usr/share/lilypond/2.22.1/ps:/usr/share/lilypond/2.22.1/scm:/usr/share/lilypond/2.22.1/fonts/otf/:/usr/share/lilypond/2.22.1/fonts/type1/:/usr/share/lilypond/2.22.1/fonts/svg/:')
    \include 
             "../rh/gf-01-rh-33.ly"
/tmp/tmp431tsxf6/2024-10-14T11-31-58-038477-544ad81.ly:25:14: error: cannot find file: `../rh/gf-01-rh-35.ly'
(search path: `/tmp/tmp431tsxf6:/home/user/GitHub/Artyfyshall-Bird/code-implementation:/usr/share/lilypond/2.22.1/ly:/usr/share/lilypond/2.22.1/ps:/usr/share/lilypond/2.22.1/scm:/usr/share/lilypond/2.22.1/fonts/otf/:/usr/share/lilypond/2.22.1/fonts/type1/:/usr/share/lilypond/2.22.1/fonts/svg/:')
    \include 
             "../rh/gf-01-rh-35.ly"
/tmp/tmp431tsxf6/2024-10-14T11-31-58-038477-544ad81.ly:26:14: error: cannot find file: `../rh/gf-01-rh-143.ly'
(search path: `/tmp/tmp431tsxf6:/home/user/GitHub/Artyfyshall-Bird/code-implementation:/usr/share/lilypond/2.22.1/ly:/usr/share/lilypond/2.22.1/ps:/usr/share/lilypond/2.22.1/scm:/usr/share/lilypond/2.22.1/fonts/otf/:/usr/share/lilypond/2.22.1/fonts/type1/:/usr/share/lilypond/2.22.1/fonts/svg/:')
    \include 
             "../rh/gf-01-rh-143.ly"
/tmp/tmp431tsxf6/2024-10-14T11-31-58-038477-544ad81.ly:27:14: error: cannot find file: `../rh/gf-01-rh-108.ly'
(search path: `/tmp/tmp431tsxf6:/home/user/GitHub/Artyfyshall-Bird/code-implementation:/usr/share/lilypond/2.22.1/ly:/usr/share/lilypond/2.22.1/ps:/usr/share/lilypond/2.22.1/scm:/usr/share/lilypond/2.22.1/fonts/otf/:/usr/share/lilypond/2.22.1/fonts/type1/:/usr/share/lilypond/2.22.1/fonts/svg/:')
    \include 
             "../rh/gf-01-rh-108.ly"
/tmp/tmp431tsxf6/2024-10-14T11-31-58-038477-544ad81.ly:28:14: error: cannot find file: `../rh/gf-01-rh-34.ly'
(search path: `/tmp/tmp431tsxf6:/home/user/GitHub/Artyfyshall-Bird/code-implementation:/usr/share/lilypond/2.22.1/ly:/usr/share/lilypond/2.22.1/ps:/usr/share/lilypond/2.22.1/scm:/usr/share/lilypond/2.22.1/fonts/otf/:/usr/share/lilypond/2.22.1/fonts/type1/:/usr/share/lilypond/2.22.1/fonts/svg/:')
    \include 
             "../rh/gf-01-rh-34.ly"
/tmp/tmp431tsxf6/2024-10-14T11-31-58-038477-544ad81.ly:29:14: error: cannot find file: `../rh/gf-01-rh-112.ly'
(search path: `/tmp/tmp431tsxf6:/home/user/GitHub/Artyfyshall-Bird/code-implementation:/usr/share/lilypond/2.22.1/ly:/usr/share/lilypond/2.22.1/ps:/usr/share/lilypond/2.22.1/scm:/usr/share/lilypond/2.22.1/fonts/otf/:/usr/share/lilypond/2.22.1/fonts/type1/:/usr/share/lilypond/2.22.1/fonts/svg/:')
    \include 
             "../rh/gf-01-rh-112.ly"
/tmp/tmp431tsxf6/2024-10-14T11-31-58-038477-544ad81.ly:30:14: error: cannot find file: `../rh/gf-01-rh-59.ly'
(search path: `/tmp/tmp431tsxf6:/home/user/GitHub/Artyfyshall-Bird/code-implementation:/usr/share/lilypond/2.22.1/ly:/usr/share/lilypond/2.22.1/ps:/usr/share/lilypond/2.22.1/scm:/usr/share/lilypond/2.22.1/fonts/otf/:/usr/share/lilypond/2.22.1/fonts/type1/:/usr/share/lilypond/2.22.1/fonts/svg/:')
    \include 
             "../rh/gf-01-rh-59.ly"
/tmp/tmp431tsxf6/2024-10-14T11-31-58-038477-544ad81.ly:31:14: error: cannot find file: `../rh/gf-01-rh-109.ly'
(search path: `/tmp/tmp431tsxf6:/home/user/GitHub/Artyfyshall-Bird/code-implementation:/usr/share/lilypond/2.22.1/ly:/usr/share/lilypond/2.22.1/ps:/usr/share/lilypond/2.22.1/scm:/usr/share/lilypond/2.22.1/fonts/otf/:/usr/share/lilypond/2.22.1/fonts/type1/:/usr/share/lilypond/2.22.1/fonts/svg/:')
    \include 
             "../rh/gf-01-rh-109.ly"
/tmp/tmp431tsxf6/2024-10-14T11-31-58-038477-544ad81.ly:32:14: error: cannot find file: `../rh/gf-01-rh-170.ly'
(search path: `/tmp/tmp431tsxf6:/home/user/GitHub/Artyfyshall-Bird/code-implementation:/usr/share/lilypond/2.22.1/ly:/usr/share/lilypond/2.22.1/ps:/usr/share/lilypond/2.22.1/scm:/usr/share/lilypond/2.22.1/fonts/otf/:/usr/share/lilypond/2.22.1/fonts/type1/:/usr/share/lilypond/2.22.1/fonts/svg/:')
    \include 
             "../rh/gf-01-rh-170.ly"
/tmp/tmp431tsxf6/2024-10-14T11-31-58-038477-544ad81.ly:36:14: error: cannot find file: `../bassline_option.ly'
(search path: `/tmp/tmp431tsxf6:/home/user/GitHub/Artyfyshall-Bird/code-implementation:/usr/share/lilypond/2.22.1/ly:/usr/share/lilypond/2.22.1/ps:/usr/share/lilypond/2.22.1/scm:/usr/share/lilypond/2.22.1/fonts/otf/:/usr/share/lilypond/2.22.1/fonts/type1/:/usr/share/lilypond/2.22.1/fonts/svg/:')
    \include 
             "../bassline_option.ly"
/tmp/tmp431tsxf6/2024-10-14T11-31-58-038477-544ad81.ly:37:14: error: cannot find file: `../lh/gf-01-lh-32.ly'
(search path: `/tmp/tmp431tsxf6:/home/user/GitHub/Artyfyshall-Bird/code-implementation:/usr/share/lilypond/2.22.1/ly:/usr/share/lilypond/2.22.1/ps:/usr/share/lilypond/2.22.1/scm:/usr/share/lilypond/2.22.1/fonts/otf/:/usr/share/lilypond/2.22.1/fonts/type1/:/usr/share/lilypond/2.22.1/fonts/svg/:')
    \include 
             "../lh/gf-01-lh-32.ly"
/tmp/tmp431tsxf6/2024-10-14T11-31-58-038477-544ad81.ly:38:14: error: cannot find file: `../lh/gf-01-lh-95.ly'
(search path: `/tmp/tmp431tsxf6:/home/user/GitHub/Artyfyshall-Bird/code-implementation:/usr/share/lilypond/2.22.1/ly:/usr/share/lilypond/2.22.1/ps:/usr/share/lilypond/2.22.1/scm:/usr/share/lilypond/2.22.1/fonts/otf/:/usr/share/lilypond/2.22.1/fonts/type1/:/usr/share/lilypond/2.22.1/fonts/svg/:')
    \include 
             "../lh/gf-01-lh-95.ly"
/tmp/tmp431tsxf6/2024-10-14T11-31-58-038477-544ad81.ly:39:14: error: cannot find file: `../lh/gf-01-lh-113.ly'
(search path: `/tmp/tmp431tsxf6:/home/user/GitHub/Artyfyshall-Bird/code-implementation:/usr/share/lilypond/2.22.1/ly:/usr/share/lilypond/2.22.1/ps:/usr/share/lilypond/2.22.1/scm:/usr/share/lilypond/2.22.1/fonts/otf/:/usr/share/lilypond/2.22.1/fonts/type1/:/usr/share/lilypond/2.22.1/fonts/svg/:')
    \include 
             "../lh/gf-01-lh-113.ly"
/tmp/tmp431tsxf6/2024-10-14T11-31-58-038477-544ad81.ly:40:14: error: cannot find file: `../lh/gf-01-lh-85.ly'
(search path: `/tmp/tmp431tsxf6:/home/user/GitHub/Artyfyshall-Bird/code-implementation:/usr/share/lilypond/2.22.1/ly:/usr/share/lilypond/2.22.1/ps:/usr/share/lilypond/2.22.1/scm:/usr/share/lilypond/2.22.1/fonts/otf/:/usr/share/lilypond/2.22.1/fonts/type1/:/usr/share/lilypond/2.22.1/fonts/svg/:')
    \include 
             "../lh/gf-01-lh-85.ly"
/tmp/tmp431tsxf6/2024-10-14T11-31-58-038477-544ad81.ly:41:14: error: cannot find file: `../lh/gf-01-lh-99.ly'
(search path: `/tmp/tmp431tsxf6:/home/user/GitHub/Artyfyshall-Bird/code-implementation:/usr/share/lilypond/2.22.1/ly:/usr/share/lilypond/2.22.1/ps:/usr/share/lilypond/2.22.1/scm:/usr/share/lilypond/2.22.1/fonts/otf/:/usr/share/lilypond/2.22.1/fonts/type1/:/usr/share/lilypond/2.22.1/fonts/svg/:')
    \include 
             "../lh/gf-01-lh-99.ly"
/tmp/tmp431tsxf6/2024-10-14T11-31-58-038477-544ad81.ly:42:14: error: cannot find file: `../lh/gf-01-lh-97.ly'
(search path: `/tmp/tmp431tsxf6:/home/user/GitHub/Artyfyshall-Bird/code-implementation:/usr/share/lilypond/2.22.1/ly:/usr/share/lilypond/2.22.1/ps:/usr/share/lilypond/2.22.1/scm:/usr/share/lilypond/2.22.1/fonts/otf/:/usr/share/lilypond/2.22.1/fonts/type1/:/usr/share/lilypond/2.22.1/fonts/svg/:')
    \include 
             "../lh/gf-01-lh-97.ly"
/tmp/tmp431tsxf6/2024-10-14T11-31-58-038477-544ad81.ly:43:14: error: cannot find file: `../lh/gf-01-lh-62.ly'
(search path: `/tmp/tmp431tsxf6:/home/user/GitHub/Artyfyshall-Bird/code-implementation:/usr/share/lilypond/2.22.1/ly:/usr/share/lilypond/2.22.1/ps:/usr/share/lilypond/2.22.1/scm:/usr/share/lilypond/2.22.1/fonts/otf/:/usr/share/lilypond/2.22.1/fonts/type1/:/usr/share/lilypond/2.22.1/fonts/svg/:')
    \include 
             "../lh/gf-01-lh-62.ly"
/tmp/tmp431tsxf6/2024-10-14T11-31-58-038477-544ad81.ly:44:14: error: cannot find file: `../lh/gf-01-lh-33.ly'
(search path: `/tmp/tmp431tsxf6:/home/user/GitHub/Artyfyshall-Bird/code-implementation:/usr/share/lilypond/2.22.1/ly:/usr/share/lilypond/2.22.1/ps:/usr/share/lilypond/2.22.1/scm:/usr/share/lilypond/2.22.1/fonts/otf/:/usr/share/lilypond/2.22.1/fonts/type1/:/usr/share/lilypond/2.22.1/fonts/svg/:')
    \include 
             "../lh/gf-01-lh-33.ly"
/tmp/tmp431tsxf6/2024-10-14T11-31-58-038477-544ad81.ly:45:14: error: cannot find file: `../lh/gf-01-lh-35.ly'
(search path: `/tmp/tmp431tsxf6:/home/user/GitHub/Artyfyshall-Bird/code-implementation:/usr/share/lilypond/2.22.1/ly:/usr/share/lilypond/2.22.1/ps:/usr/share/lilypond/2.22.1/scm:/usr/share/lilypond/2.22.1/fonts/otf/:/usr/share/lilypond/2.22.1/fonts/type1/:/usr/share/lilypond/2.22.1/fonts/svg/:')
    \include 
             "../lh/gf-01-lh-35.ly"
/tmp/tmp431tsxf6/2024-10-14T11-31-58-038477-544ad81.ly:46:14: error: cannot find file: `../lh/gf-01-lh-143.ly'
(search path: `/tmp/tmp431tsxf6:/home/user/GitHub/Artyfyshall-Bird/code-implementation:/usr/share/lilypond/2.22.1/ly:/usr/share/lilypond/2.22.1/ps:/usr/share/lilypond/2.22.1/scm:/usr/share/lilypond/2.22.1/fonts/otf/:/usr/share/lilypond/2.22.1/fonts/type1/:/usr/share/lilypond/2.22.1/fonts/svg/:')
    \include 
             "../lh/gf-01-lh-143.ly"
/tmp/tmp431tsxf6/2024-10-14T11-31-58-038477-544ad81.ly:47:14: error: cannot find file: `../lh/gf-01-lh-108.ly'
(search path: `/tmp/tmp431tsxf6:/home/user/GitHub/Artyfyshall-Bird/code-implementation:/usr/share/lilypond/2.22.1/ly:/usr/share/lilypond/2.22.1/ps:/usr/share/lilypond/2.22.1/scm:/usr/share/lilypond/2.22.1/fonts/otf/:/usr/share/lilypond/2.22.1/fonts/type1/:/usr/share/lilypond/2.22.1/fonts/svg/:')
    \include 
             "../lh/gf-01-lh-108.ly"
/tmp/tmp431tsxf6/2024-10-14T11-31-58-038477-544ad81.ly:48:14: error: cannot find file: `../lh/gf-01-lh-34.ly'
(search path: `/tmp/tmp431tsxf6:/home/user/GitHub/Artyfyshall-Bird/code-implementation:/usr/share/lilypond/2.22.1/ly:/usr/share/lilypond/2.22.1/ps:/usr/share/lilypond/2.22.1/scm:/usr/share/lilypond/2.22.1/fonts/otf/:/usr/share/lilypond/2.22.1/fonts/type1/:/usr/share/lilypond/2.22.1/fonts/svg/:')
    \include 
             "../lh/gf-01-lh-34.ly"
/tmp/tmp431tsxf6/2024-10-14T11-31-58-038477-544ad81.ly:49:14: error: cannot find file: `../lh/gf-01-lh-112.ly'
(search path: `/tmp/tmp431tsxf6:/home/user/GitHub/Artyfyshall-Bird/code-implementation:/usr/share/lilypond/2.22.1/ly:/usr/share/lilypond/2.22.1/ps:/usr/share/lilypond/2.22.1/scm:/usr/share/lilypond/2.22.1/fonts/otf/:/usr/share/lilypond/2.22.1/fonts/type1/:/usr/share/lilypond/2.22.1/fonts/svg/:')
    \include 
             "../lh/gf-01-lh-112.ly"
/tmp/tmp431tsxf6/2024-10-14T11-31-58-038477-544ad81.ly:50:14: error: cannot find file: `../lh/gf-01-lh-59.ly'
(search path: `/tmp/tmp431tsxf6:/home/user/GitHub/Artyfyshall-Bird/code-implementation:/usr/share/lilypond/2.22.1/ly:/usr/share/lilypond/2.22.1/ps:/usr/share/lilypond/2.22.1/scm:/usr/share/lilypond/2.22.1/fonts/otf/:/usr/share/lilypond/2.22.1/fonts/type1/:/usr/share/lilypond/2.22.1/fonts/svg/:')
    \include 
             "../lh/gf-01-lh-59.ly"
/tmp/tmp431tsxf6/2024-10-14T11-31-58-038477-544ad81.ly:51:14: error: cannot find file: `../lh/gf-01-lh-109.ly'
(search path: `/tmp/tmp431tsxf6:/home/user/GitHub/Artyfyshall-Bird/code-implementation:/usr/share/lilypond/2.22.1/ly:/usr/share/lilypond/2.22.1/ps:/usr/share/lilypond/2.22.1/scm:/usr/share/lilypond/2.22.1/fonts/otf/:/usr/share/lilypond/2.22.1/fonts/type1/:/usr/share/lilypond/2.22.1/fonts/svg/:')
    \include 
             "../lh/gf-01-lh-109.ly"
/tmp/tmp431tsxf6/2024-10-14T11-31-58-038477-544ad81.ly:52:14: error: cannot find file: `../lh/gf-01-lh-170.ly'
(search path: `/tmp/tmp431tsxf6:/home/user/GitHub/Artyfyshall-Bird/code-implementation:/usr/share/lilypond/2.22.1/ly:/usr/share/lilypond/2.22.1/ps:/usr/share/lilypond/2.22.1/scm:/usr/share/lilypond/2.22.1/fonts/otf/:/usr/share/lilypond/2.22.1/fonts/type1/:/usr/share/lilypond/2.22.1/fonts/svg/:')
    \include 
             "../lh/gf-01-lh-170.ly"
/tmp/tmp431tsxf6/2024-10-14T11-31-58-038477-544ad81.ly:56:14: error: cannot find file: `../layout_settings.ly'
(search path: `/tmp/tmp431tsxf6:/home/user/GitHub/Artyfyshall-Bird/code-implementation:/usr/share/lilypond/2.22.1/ly:/usr/share/lilypond/2.22.1/ps:/usr/share/lilypond/2.22.1/scm:/usr/share/lilypond/2.22.1/fonts/otf/:/usr/share/lilypond/2.22.1/fonts/type1/:/usr/share/lilypond/2.22.1/fonts/svg/:')
    \include 
             "../layout_settings.ly"
/tmp/tmp431tsxf6/2024-10-14T11-31-58-038477-544ad81.ly:1: warning: no \version statement found, please add

\version "2.22.1"

for future compatibility
Interpreting music...
/tmp/tmp431tsxf6/2024-10-14T11-31-58-038477-544ad81.ly:8:5: warning: skipping zero-duration score
    
    <<
/tmp/tmp431tsxf6/2024-10-14T11-31-58-038477-544ad81.ly:8:5: warning: to suppress this, consider adding a spacer rest
    
    <<
fatal error: failed files: "/tmp/tmp431tsxf6/2024-10-14T11-31-58-038477-544ad81.ly"
