GNU LilyPond 2.22.1
Changing working directory to: `/tmp/tmp9uiupjnu'
Processing `/tmp/tmp9uiupjnu/2024-10-14T11-31-49-178570-6e8dbba.ly'
Parsing...
/tmp/tmp9uiupjnu/2024-10-14T11-31-49-178570-6e8dbba.ly:1:10: error: cannot find file: `../paper_settings.ly'
(search path: `/tmp/tmp9uiupjnu:/home/user/GitHub/Artyfyshall-Bird/code-implementation:/usr/share/lilypond/2.22.1/ly:/usr/share/lilypond/2.22.1/ps:/usr/share/lilypond/2.22.1/scm:/usr/share/lilypond/2.22.1/fonts/otf/:/usr/share/lilypond/2.22.1/fonts/type1/:/usr/share/lilypond/2.22.1/fonts/svg/:')
\include 
         "../paper_settings.ly" 
/tmp/tmp9uiupjnu/2024-10-14T11-31-49-178570-6e8dbba.ly:13:14: error: cannot find file: `../voice_option.ly'
(search path: `/tmp/tmp9uiupjnu:/home/user/GitHub/Artyfyshall-Bird/code-implementation:/usr/share/lilypond/2.22.1/ly:/usr/share/lilypond/2.22.1/ps:/usr/share/lilypond/2.22.1/scm:/usr/share/lilypond/2.22.1/fonts/otf/:/usr/share/lilypond/2.22.1/fonts/type1/:/usr/share/lilypond/2.22.1/fonts/svg/:')
    \include 
             "../voice_option.ly"
/tmp/tmp9uiupjnu/2024-10-14T11-31-49-178570-6e8dbba.ly:15:14: error: cannot find file: `../rh/gf-01-rh-54.ly'
(search path: `/tmp/tmp9uiupjnu:/home/user/GitHub/Artyfyshall-Bird/code-implementation:/usr/share/lilypond/2.22.1/ly:/usr/share/lilypond/2.22.1/ps:/usr/share/lilypond/2.22.1/scm:/usr/share/lilypond/2.22.1/fonts/otf/:/usr/share/lilypond/2.22.1/fonts/type1/:/usr/share/lilypond/2.22.1/fonts/svg/:')
    \include 
             "../rh/gf-01-rh-54.ly"
/tmp/tmp9uiupjnu/2024-10-14T11-31-49-178570-6e8dbba.ly:16:14: error: cannot find file: `../rh/gf-01-rh-95.ly'
(search path: `/tmp/tmp9uiupjnu:/home/user/GitHub/Artyfyshall-Bird/code-implementation:/usr/share/lilypond/2.22.1/ly:/usr/share/lilypond/2.22.1/ps:/usr/share/lilypond/2.22.1/scm:/usr/share/lilypond/2.22.1/fonts/otf/:/usr/share/lilypond/2.22.1/fonts/type1/:/usr/share/lilypond/2.22.1/fonts/svg/:')
    \include 
             "../rh/gf-01-rh-95.ly"
/tmp/tmp9uiupjnu/2024-10-14T11-31-49-178570-6e8dbba.ly:17:14: error: cannot find file: `../rh/gf-01-rh-158.ly'
(search path: `/tmp/tmp9uiupjnu:/home/user/GitHub/Artyfyshall-Bird/code-implementation:/usr/share/lilypond/2.22.1/ly:/usr/share/lilypond/2.22.1/ps:/usr/share/lilypond/2.22.1/scm:/usr/share/lilypond/2.22.1/fonts/otf/:/usr/share/lilypond/2.22.1/fonts/type1/:/usr/share/lilypond/2.22.1/fonts/svg/:')
    \include 
             "../rh/gf-01-rh-158.ly"
/tmp/tmp9uiupjnu/2024-10-14T11-31-49-178570-6e8dbba.ly:18:14: error: cannot find file: `../rh/gf-01-rh-63.ly'
(search path: `/tmp/tmp9uiupjnu:/home/user/GitHub/Artyfyshall-Bird/code-implementation:/usr/share/lilypond/2.22.1/ly:/usr/share/lilypond/2.22.1/ps:/usr/share/lilypond/2.22.1/scm:/usr/share/lilypond/2.22.1/fonts/otf/:/usr/share/lilypond/2.22.1/fonts/type1/:/usr/share/lilypond/2.22.1/fonts/svg/:')
    \include 
             "../rh/gf-01-rh-63.ly"
/tmp/tmp9uiupjnu/2024-10-14T11-31-49-178570-6e8dbba.ly:19:14: error: cannot find file: `../rh/gf-01-rh-153.ly'
(search path: `/tmp/tmp9uiupjnu:/home/user/GitHub/Artyfyshall-Bird/code-implementation:/usr/share/lilypond/2.22.1/ly:/usr/share/lilypond/2.22.1/ps:/usr/share/lilypond/2.22.1/scm:/usr/share/lilypond/2.22.1/fonts/otf/:/usr/share/lilypond/2.22.1/fonts/type1/:/usr/share/lilypond/2.22.1/fonts/svg/:')
    \include 
             "../rh/gf-01-rh-153.ly"
/tmp/tmp9uiupjnu/2024-10-14T11-31-49-178570-6e8dbba.ly:20:14: error: cannot find file: `../rh/gf-01-rh-2.ly'
(search path: `/tmp/tmp9uiupjnu:/home/user/GitHub/Artyfyshall-Bird/code-implementation:/usr/share/lilypond/2.22.1/ly:/usr/share/lilypond/2.22.1/ps:/usr/share/lilypond/2.22.1/scm:/usr/share/lilypond/2.22.1/fonts/otf/:/usr/share/lilypond/2.22.1/fonts/type1/:/usr/share/lilypond/2.22.1/fonts/svg/:')
    \include 
             "../rh/gf-01-rh-2.ly"
/tmp/tmp9uiupjnu/2024-10-14T11-31-49-178570-6e8dbba.ly:21:14: error: cannot find file: `../rh/gf-01-rh-159.ly'
(search path: `/tmp/tmp9uiupjnu:/home/user/GitHub/Artyfyshall-Bird/code-implementation:/usr/share/lilypond/2.22.1/ly:/usr/share/lilypond/2.22.1/ps:/usr/share/lilypond/2.22.1/scm:/usr/share/lilypond/2.22.1/fonts/otf/:/usr/share/lilypond/2.22.1/fonts/type1/:/usr/share/lilypond/2.22.1/fonts/svg/:')
    \include 
             "../rh/gf-01-rh-159.ly"
/tmp/tmp9uiupjnu/2024-10-14T11-31-49-178570-6e8dbba.ly:22:14: error: cannot find file: `../rh/gf-01-rh-24.ly'
(search path: `/tmp/tmp9uiupjnu:/home/user/GitHub/Artyfyshall-Bird/code-implementation:/usr/share/lilypond/2.22.1/ly:/usr/share/lilypond/2.22.1/ps:/usr/share/lilypond/2.22.1/scm:/usr/share/lilypond/2.22.1/fonts/otf/:/usr/share/lilypond/2.22.1/fonts/type1/:/usr/share/lilypond/2.22.1/fonts/svg/:')
    \include 
             "../rh/gf-01-rh-24.ly"
/tmp/tmp9uiupjnu/2024-10-14T11-31-49-178570-6e8dbba.ly:25:14: error: cannot find file: `../rh/gf-01-rh-70.ly'
(search path: `/tmp/tmp9uiupjnu:/home/user/GitHub/Artyfyshall-Bird/code-implementation:/usr/share/lilypond/2.22.1/ly:/usr/share/lilypond/2.22.1/ps:/usr/share/lilypond/2.22.1/scm:/usr/share/lilypond/2.22.1/fonts/otf/:/usr/share/lilypond/2.22.1/fonts/type1/:/usr/share/lilypond/2.22.1/fonts/svg/:')
    \include 
             "../rh/gf-01-rh-70.ly"
/tmp/tmp9uiupjnu/2024-10-14T11-31-49-178570-6e8dbba.ly:26:14: error: cannot find file: `../rh/gf-01-rh-20.ly'
(search path: `/tmp/tmp9uiupjnu:/home/user/GitHub/Artyfyshall-Bird/code-implementation:/usr/share/lilypond/2.22.1/ly:/usr/share/lilypond/2.22.1/ps:/usr/share/lilypond/2.22.1/scm:/usr/share/lilypond/2.22.1/fonts/otf/:/usr/share/lilypond/2.22.1/fonts/type1/:/usr/share/lilypond/2.22.1/fonts/svg/:')
    \include 
             "../rh/gf-01-rh-20.ly"
/tmp/tmp9uiupjnu/2024-10-14T11-31-49-178570-6e8dbba.ly:27:14: error: cannot find file: `../rh/gf-01-rh-15.ly'
(search path: `/tmp/tmp9uiupjnu:/home/user/GitHub/Artyfyshall-Bird/code-implementation:/usr/share/lilypond/2.22.1/ly:/usr/share/lilypond/2.22.1/ps:/usr/share/lilypond/2.22.1/scm:/usr/share/lilypond/2.22.1/fonts/otf/:/usr/share/lilypond/2.22.1/fonts/type1/:/usr/share/lilypond/2.22.1/fonts/svg/:')
    \include 
             "../rh/gf-01-rh-15.ly"
/tmp/tmp9uiupjnu/2024-10-14T11-31-49-178570-6e8dbba.ly:28:14: error: cannot find file: `../rh/gf-01-rh-29.ly'
(search path: `/tmp/tmp9uiupjnu:/home/user/GitHub/Artyfyshall-Bird/code-implementation:/usr/share/lilypond/2.22.1/ly:/usr/share/lilypond/2.22.1/ps:/usr/share/lilypond/2.22.1/scm:/usr/share/lilypond/2.22.1/fonts/otf/:/usr/share/lilypond/2.22.1/fonts/type1/:/usr/share/lilypond/2.22.1/fonts/svg/:')
    \include 
             "../rh/gf-01-rh-29.ly"
/tmp/tmp9uiupjnu/2024-10-14T11-31-49-178570-6e8dbba.ly:29:14: error: cannot find file: `../rh/gf-01-rh-112.ly'
(search path: `/tmp/tmp9uiupjnu:/home/user/GitHub/Artyfyshall-Bird/code-implementation:/usr/share/lilypond/2.22.1/ly:/usr/share/lilypond/2.22.1/ps:/usr/share/lilypond/2.22.1/scm:/usr/share/lilypond/2.22.1/fonts/otf/:/usr/share/lilypond/2.22.1/fonts/type1/:/usr/share/lilypond/2.22.1/fonts/svg/:')
    \include 
             "../rh/gf-01-rh-112.ly"
/tmp/tmp9uiupjnu/2024-10-14T11-31-49-178570-6e8dbba.ly:30:14: error: cannot find file: `../rh/gf-01-rh-49.ly'
(search path: `/tmp/tmp9uiupjnu:/home/user/GitHub/Artyfyshall-Bird/code-implementation:/usr/share/lilypond/2.22.1/ly:/usr/share/lilypond/2.22.1/ps:/usr/share/lilypond/2.22.1/scm:/usr/share/lilypond/2.22.1/fonts/otf/:/usr/share/lilypond/2.22.1/fonts/type1/:/usr/share/lilypond/2.22.1/fonts/svg/:')
    \include 
             "../rh/gf-01-rh-49.ly"
/tmp/tmp9uiupjnu/2024-10-14T11-31-49-178570-6e8dbba.ly:31:14: error: cannot find file: `../rh/gf-01-rh-145.ly'
(search path: `/tmp/tmp9uiupjnu:/home/user/GitHub/Artyfyshall-Bird/code-implementation:/usr/share/lilypond/2.22.1/ly:/usr/share/lilypond/2.22.1/ps:/usr/share/lilypond/2.22.1/scm:/usr/share/lilypond/2.22.1/fonts/otf/:/usr/share/lilypond/2.22.1/fonts/type1/:/usr/share/lilypond/2.22.1/fonts/svg/:')
    \include 
             "../rh/gf-01-rh-145.ly"
/tmp/tmp9uiupjnu/2024-10-14T11-31-49-178570-6e8dbba.ly:32:14: error: cannot find file: `../rh/gf-01-rh-151.ly'
(search path: `/tmp/tmp9uiupjnu:/home/user/GitHub/Artyfyshall-Bird/code-implementation:/usr/share/lilypond/2.22.1/ly:/usr/share/lilypond/2.22.1/ps:/usr/share/lilypond/2.22.1/scm:/usr/share/lilypond/2.22.1/fonts/otf/:/usr/share/lilypond/2.22.1/fonts/type1/:/usr/share/lilypond/2.22.1/fonts/svg/:')
    \include 
             "../rh/gf-01-rh-151.ly"
/tmp/tmp9uiupjnu/2024-10-14T11-31-49-178570-6e8dbba.ly:36:14: error: cannot find file: `../bassline_option.ly'
(search path: `/tmp/tmp9uiupjnu:/home/user/GitHub/Artyfyshall-Bird/code-implementation:/usr/share/lilypond/2.22.1/ly:/usr/share/lilypond/2.22.1/ps:/usr/share/lilypond/2.22.1/scm:/usr/share/lilypond/2.22.1/fonts/otf/:/usr/share/lilypond/2.22.1/fonts/type1/:/usr/share/lilypond/2.22.1/fonts/svg/:')
    \include 
             "../bassline_option.ly"
/tmp/tmp9uiupjnu/2024-10-14T11-31-49-178570-6e8dbba.ly:37:14: error: cannot find file: `../lh/gf-01-lh-54.ly'
(search path: `/tmp/tmp9uiupjnu:/home/user/GitHub/Artyfyshall-Bird/code-implementation:/usr/share/lilypond/2.22.1/ly:/usr/share/lilypond/2.22.1/ps:/usr/share/lilypond/2.22.1/scm:/usr/share/lilypond/2.22.1/fonts/otf/:/usr/share/lilypond/2.22.1/fonts/type1/:/usr/share/lilypond/2.22.1/fonts/svg/:')
    \include 
             "../lh/gf-01-lh-54.ly"
/tmp/tmp9uiupjnu/2024-10-14T11-31-49-178570-6e8dbba.ly:38:14: error: cannot find file: `../lh/gf-01-lh-95.ly'
(search path: `/tmp/tmp9uiupjnu:/home/user/GitHub/Artyfyshall-Bird/code-implementation:/usr/share/lilypond/2.22.1/ly:/usr/share/lilypond/2.22.1/ps:/usr/share/lilypond/2.22.1/scm:/usr/share/lilypond/2.22.1/fonts/otf/:/usr/share/lilypond/2.22.1/fonts/type1/:/usr/share/lilypond/2.22.1/fonts/svg/:')
    \include 
             "../lh/gf-01-lh-95.ly"
/tmp/tmp9uiupjnu/2024-10-14T11-31-49-178570-6e8dbba.ly:39:14: error: cannot find file: `../lh/gf-01-lh-158.ly'
(search path: `/tmp/tmp9uiupjnu:/home/user/GitHub/Artyfyshall-Bird/code-implementation:/usr/share/lilypond/2.22.1/ly:/usr/share/lilypond/2.22.1/ps:/usr/share/lilypond/2.22.1/scm:/usr/share/lilypond/2.22.1/fonts/otf/:/usr/share/lilypond/2.22.1/fonts/type1/:/usr/share/lilypond/2.22.1/fonts/svg/:')
    \include 
             "../lh/gf-01-lh-158.ly"
/tmp/tmp9uiupjnu/2024-10-14T11-31-49-178570-6e8dbba.ly:40:14: error: cannot find file: `../lh/gf-01-lh-63.ly'
(search path: `/tmp/tmp9uiupjnu:/home/user/GitHub/Artyfyshall-Bird/code-implementation:/usr/share/lilypond/2.22.1/ly:/usr/share/lilypond/2.22.1/ps:/usr/share/lilypond/2.22.1/scm:/usr/share/lilypond/2.22.1/fonts/otf/:/usr/share/lilypond/2.22.1/fonts/type1/:/usr/share/lilypond/2.22.1/fonts/svg/:')
    \include 
             "../lh/gf-01-lh-63.ly"
/tmp/tmp9uiupjnu/2024-10-14T11-31-49-178570-6e8dbba.ly:41:14: error: cannot find file: `../lh/gf-01-lh-153.ly'
(search path: `/tmp/tmp9uiupjnu:/home/user/GitHub/Artyfyshall-Bird/code-implementation:/usr/share/lilypond/2.22.1/ly:/usr/share/lilypond/2.22.1/ps:/usr/share/lilypond/2.22.1/scm:/usr/share/lilypond/2.22.1/fonts/otf/:/usr/share/lilypond/2.22.1/fonts/type1/:/usr/share/lilypond/2.22.1/fonts/svg/:')
    \include 
             "../lh/gf-01-lh-153.ly"
/tmp/tmp9uiupjnu/2024-10-14T11-31-49-178570-6e8dbba.ly:42:14: error: cannot find file: `../lh/gf-01-lh-2.ly'
(search path: `/tmp/tmp9uiupjnu:/home/user/GitHub/Artyfyshall-Bird/code-implementation:/usr/share/lilypond/2.22.1/ly:/usr/share/lilypond/2.22.1/ps:/usr/share/lilypond/2.22.1/scm:/usr/share/lilypond/2.22.1/fonts/otf/:/usr/share/lilypond/2.22.1/fonts/type1/:/usr/share/lilypond/2.22.1/fonts/svg/:')
    \include 
             "../lh/gf-01-lh-2.ly"
/tmp/tmp9uiupjnu/2024-10-14T11-31-49-178570-6e8dbba.ly:43:14: error: cannot find file: `../lh/gf-01-lh-159.ly'
(search path: `/tmp/tmp9uiupjnu:/home/user/GitHub/Artyfyshall-Bird/code-implementation:/usr/share/lilypond/2.22.1/ly:/usr/share/lilypond/2.22.1/ps:/usr/share/lilypond/2.22.1/scm:/usr/share/lilypond/2.22.1/fonts/otf/:/usr/share/lilypond/2.22.1/fonts/type1/:/usr/share/lilypond/2.22.1/fonts/svg/:')
    \include 
             "../lh/gf-01-lh-159.ly"
/tmp/tmp9uiupjnu/2024-10-14T11-31-49-178570-6e8dbba.ly:44:14: error: cannot find file: `../lh/gf-01-lh-24.ly'
(search path: `/tmp/tmp9uiupjnu:/home/user/GitHub/Artyfyshall-Bird/code-implementation:/usr/share/lilypond/2.22.1/ly:/usr/share/lilypond/2.22.1/ps:/usr/share/lilypond/2.22.1/scm:/usr/share/lilypond/2.22.1/fonts/otf/:/usr/share/lilypond/2.22.1/fonts/type1/:/usr/share/lilypond/2.22.1/fonts/svg/:')
    \include 
             "../lh/gf-01-lh-24.ly"
/tmp/tmp9uiupjnu/2024-10-14T11-31-49-178570-6e8dbba.ly:45:14: error: cannot find file: `../lh/gf-01-lh-70.ly'
(search path: `/tmp/tmp9uiupjnu:/home/user/GitHub/Artyfyshall-Bird/code-implementation:/usr/share/lilypond/2.22.1/ly:/usr/share/lilypond/2.22.1/ps:/usr/share/lilypond/2.22.1/scm:/usr/share/lilypond/2.22.1/fonts/otf/:/usr/share/lilypond/2.22.1/fonts/type1/:/usr/share/lilypond/2.22.1/fonts/svg/:')
    \include 
             "../lh/gf-01-lh-70.ly"
/tmp/tmp9uiupjnu/2024-10-14T11-31-49-178570-6e8dbba.ly:46:14: error: cannot find file: `../lh/gf-01-lh-20.ly'
(search path: `/tmp/tmp9uiupjnu:/home/user/GitHub/Artyfyshall-Bird/code-implementation:/usr/share/lilypond/2.22.1/ly:/usr/share/lilypond/2.22.1/ps:/usr/share/lilypond/2.22.1/scm:/usr/share/lilypond/2.22.1/fonts/otf/:/usr/share/lilypond/2.22.1/fonts/type1/:/usr/share/lilypond/2.22.1/fonts/svg/:')
    \include 
             "../lh/gf-01-lh-20.ly"
/tmp/tmp9uiupjnu/2024-10-14T11-31-49-178570-6e8dbba.ly:47:14: error: cannot find file: `../lh/gf-01-lh-15.ly'
(search path: `/tmp/tmp9uiupjnu:/home/user/GitHub/Artyfyshall-Bird/code-implementation:/usr/share/lilypond/2.22.1/ly:/usr/share/lilypond/2.22.1/ps:/usr/share/lilypond/2.22.1/scm:/usr/share/lilypond/2.22.1/fonts/otf/:/usr/share/lilypond/2.22.1/fonts/type1/:/usr/share/lilypond/2.22.1/fonts/svg/:')
    \include 
             "../lh/gf-01-lh-15.ly"
/tmp/tmp9uiupjnu/2024-10-14T11-31-49-178570-6e8dbba.ly:48:14: error: cannot find file: `../lh/gf-01-lh-29.ly'
(search path: `/tmp/tmp9uiupjnu:/home/user/GitHub/Artyfyshall-Bird/code-implementation:/usr/share/lilypond/2.22.1/ly:/usr/share/lilypond/2.22.1/ps:/usr/share/lilypond/2.22.1/scm:/usr/share/lilypond/2.22.1/fonts/otf/:/usr/share/lilypond/2.22.1/fonts/type1/:/usr/share/lilypond/2.22.1/fonts/svg/:')
    \include 
             "../lh/gf-01-lh-29.ly"
/tmp/tmp9uiupjnu/2024-10-14T11-31-49-178570-6e8dbba.ly:49:14: error: cannot find file: `../lh/gf-01-lh-112.ly'
(search path: `/tmp/tmp9uiupjnu:/home/user/GitHub/Artyfyshall-Bird/code-implementation:/usr/share/lilypond/2.22.1/ly:/usr/share/lilypond/2.22.1/ps:/usr/share/lilypond/2.22.1/scm:/usr/share/lilypond/2.22.1/fonts/otf/:/usr/share/lilypond/2.22.1/fonts/type1/:/usr/share/lilypond/2.22.1/fonts/svg/:')
    \include 
             "../lh/gf-01-lh-112.ly"
/tmp/tmp9uiupjnu/2024-10-14T11-31-49-178570-6e8dbba.ly:50:14: error: cannot find file: `../lh/gf-01-lh-49.ly'
(search path: `/tmp/tmp9uiupjnu:/home/user/GitHub/Artyfyshall-Bird/code-implementation:/usr/share/lilypond/2.22.1/ly:/usr/share/lilypond/2.22.1/ps:/usr/share/lilypond/2.22.1/scm:/usr/share/lilypond/2.22.1/fonts/otf/:/usr/share/lilypond/2.22.1/fonts/type1/:/usr/share/lilypond/2.22.1/fonts/svg/:')
    \include 
             "../lh/gf-01-lh-49.ly"
/tmp/tmp9uiupjnu/2024-10-14T11-31-49-178570-6e8dbba.ly:51:14: error: cannot find file: `../lh/gf-01-lh-145.ly'
(search path: `/tmp/tmp9uiupjnu:/home/user/GitHub/Artyfyshall-Bird/code-implementation:/usr/share/lilypond/2.22.1/ly:/usr/share/lilypond/2.22.1/ps:/usr/share/lilypond/2.22.1/scm:/usr/share/lilypond/2.22.1/fonts/otf/:/usr/share/lilypond/2.22.1/fonts/type1/:/usr/share/lilypond/2.22.1/fonts/svg/:')
    \include 
             "../lh/gf-01-lh-145.ly"
/tmp/tmp9uiupjnu/2024-10-14T11-31-49-178570-6e8dbba.ly:52:14: error: cannot find file: `../lh/gf-01-lh-151.ly'
(search path: `/tmp/tmp9uiupjnu:/home/user/GitHub/Artyfyshall-Bird/code-implementation:/usr/share/lilypond/2.22.1/ly:/usr/share/lilypond/2.22.1/ps:/usr/share/lilypond/2.22.1/scm:/usr/share/lilypond/2.22.1/fonts/otf/:/usr/share/lilypond/2.22.1/fonts/type1/:/usr/share/lilypond/2.22.1/fonts/svg/:')
    \include 
             "../lh/gf-01-lh-151.ly"
/tmp/tmp9uiupjnu/2024-10-14T11-31-49-178570-6e8dbba.ly:56:14: error: cannot find file: `../layout_settings.ly'
(search path: `/tmp/tmp9uiupjnu:/home/user/GitHub/Artyfyshall-Bird/code-implementation:/usr/share/lilypond/2.22.1/ly:/usr/share/lilypond/2.22.1/ps:/usr/share/lilypond/2.22.1/scm:/usr/share/lilypond/2.22.1/fonts/otf/:/usr/share/lilypond/2.22.1/fonts/type1/:/usr/share/lilypond/2.22.1/fonts/svg/:')
    \include 
             "../layout_settings.ly"
/tmp/tmp9uiupjnu/2024-10-14T11-31-49-178570-6e8dbba.ly:1: warning: no \version statement found, please add

\version "2.22.1"

for future compatibility
Interpreting music...
/tmp/tmp9uiupjnu/2024-10-14T11-31-49-178570-6e8dbba.ly:8:5: warning: skipping zero-duration score
    
    <<
/tmp/tmp9uiupjnu/2024-10-14T11-31-49-178570-6e8dbba.ly:8:5: warning: to suppress this, consider adding a spacer rest
    
    <<
fatal error: failed files: "/tmp/tmp9uiupjnu/2024-10-14T11-31-49-178570-6e8dbba.ly"
