GNU LilyPond 2.22.1
Changing working directory to: `/tmp/tmp1tow9g4u'
Processing `/tmp/tmp1tow9g4u/2024-09-27T17-32-46-566159-14a97a1.ly'
Parsing...
/tmp/tmp1tow9g4u/2024-09-27T17-32-46-566159-14a97a1.ly:1:10: error: cannot find file: `../paper_settings.ly'
(search path: `/tmp/tmp1tow9g4u:/home/user/GitHub/Artyfyshall-Bird/code-implementation:/usr/share/lilypond/2.22.1/ly:/usr/share/lilypond/2.22.1/ps:/usr/share/lilypond/2.22.1/scm:/usr/share/lilypond/2.22.1/fonts/otf/:/usr/share/lilypond/2.22.1/fonts/type1/:/usr/share/lilypond/2.22.1/fonts/svg/:')
\include 
         "../paper_settings.ly" 
/tmp/tmp1tow9g4u/2024-09-27T17-32-46-566159-14a97a1.ly:13:14: error: cannot find file: `../voice_option.ly'
(search path: `/tmp/tmp1tow9g4u:/home/user/GitHub/Artyfyshall-Bird/code-implementation:/usr/share/lilypond/2.22.1/ly:/usr/share/lilypond/2.22.1/ps:/usr/share/lilypond/2.22.1/scm:/usr/share/lilypond/2.22.1/fonts/otf/:/usr/share/lilypond/2.22.1/fonts/type1/:/usr/share/lilypond/2.22.1/fonts/svg/:')
    \include 
             "../voice_option.ly"
/tmp/tmp1tow9g4u/2024-09-27T17-32-46-566159-14a97a1.ly:15:14: error: cannot find file: `../rh/gf-01-rh-3.ly'
(search path: `/tmp/tmp1tow9g4u:/home/user/GitHub/Artyfyshall-Bird/code-implementation:/usr/share/lilypond/2.22.1/ly:/usr/share/lilypond/2.22.1/ps:/usr/share/lilypond/2.22.1/scm:/usr/share/lilypond/2.22.1/fonts/otf/:/usr/share/lilypond/2.22.1/fonts/type1/:/usr/share/lilypond/2.22.1/fonts/svg/:')
    \include 
             "../rh/gf-01-rh-3.ly"
/tmp/tmp1tow9g4u/2024-09-27T17-32-46-566159-14a97a1.ly:16:14: error: cannot find file: `../rh/gf-01-rh-142.ly'
(search path: `/tmp/tmp1tow9g4u:/home/user/GitHub/Artyfyshall-Bird/code-implementation:/usr/share/lilypond/2.22.1/ly:/usr/share/lilypond/2.22.1/ps:/usr/share/lilypond/2.22.1/scm:/usr/share/lilypond/2.22.1/fonts/otf/:/usr/share/lilypond/2.22.1/fonts/type1/:/usr/share/lilypond/2.22.1/fonts/svg/:')
    \include 
             "../rh/gf-01-rh-142.ly"
/tmp/tmp1tow9g4u/2024-09-27T17-32-46-566159-14a97a1.ly:17:14: error: cannot find file: `../rh/gf-01-rh-128.ly'
(search path: `/tmp/tmp1tow9g4u:/home/user/GitHub/Artyfyshall-Bird/code-implementation:/usr/share/lilypond/2.22.1/ly:/usr/share/lilypond/2.22.1/ps:/usr/share/lilypond/2.22.1/scm:/usr/share/lilypond/2.22.1/fonts/otf/:/usr/share/lilypond/2.22.1/fonts/type1/:/usr/share/lilypond/2.22.1/fonts/svg/:')
    \include 
             "../rh/gf-01-rh-128.ly"
/tmp/tmp1tow9g4u/2024-09-27T17-32-46-566159-14a97a1.ly:18:14: error: cannot find file: `../rh/gf-01-rh-45.ly'
(search path: `/tmp/tmp1tow9g4u:/home/user/GitHub/Artyfyshall-Bird/code-implementation:/usr/share/lilypond/2.22.1/ly:/usr/share/lilypond/2.22.1/ps:/usr/share/lilypond/2.22.1/scm:/usr/share/lilypond/2.22.1/fonts/otf/:/usr/share/lilypond/2.22.1/fonts/type1/:/usr/share/lilypond/2.22.1/fonts/svg/:')
    \include 
             "../rh/gf-01-rh-45.ly"
/tmp/tmp1tow9g4u/2024-09-27T17-32-46-566159-14a97a1.ly:19:14: error: cannot find file: `../rh/gf-01-rh-80.ly'
(search path: `/tmp/tmp1tow9g4u:/home/user/GitHub/Artyfyshall-Bird/code-implementation:/usr/share/lilypond/2.22.1/ly:/usr/share/lilypond/2.22.1/ps:/usr/share/lilypond/2.22.1/scm:/usr/share/lilypond/2.22.1/fonts/otf/:/usr/share/lilypond/2.22.1/fonts/type1/:/usr/share/lilypond/2.22.1/fonts/svg/:')
    \include 
             "../rh/gf-01-rh-80.ly"
/tmp/tmp1tow9g4u/2024-09-27T17-32-46-566159-14a97a1.ly:20:14: error: cannot find file: `../rh/gf-01-rh-46.ly'
(search path: `/tmp/tmp1tow9g4u:/home/user/GitHub/Artyfyshall-Bird/code-implementation:/usr/share/lilypond/2.22.1/ly:/usr/share/lilypond/2.22.1/ps:/usr/share/lilypond/2.22.1/scm:/usr/share/lilypond/2.22.1/fonts/otf/:/usr/share/lilypond/2.22.1/fonts/type1/:/usr/share/lilypond/2.22.1/fonts/svg/:')
    \include 
             "../rh/gf-01-rh-46.ly"
/tmp/tmp1tow9g4u/2024-09-27T17-32-46-566159-14a97a1.ly:21:14: error: cannot find file: `../rh/gf-01-rh-36.ly'
(search path: `/tmp/tmp1tow9g4u:/home/user/GitHub/Artyfyshall-Bird/code-implementation:/usr/share/lilypond/2.22.1/ly:/usr/share/lilypond/2.22.1/ps:/usr/share/lilypond/2.22.1/scm:/usr/share/lilypond/2.22.1/fonts/otf/:/usr/share/lilypond/2.22.1/fonts/type1/:/usr/share/lilypond/2.22.1/fonts/svg/:')
    \include 
             "../rh/gf-01-rh-36.ly"
/tmp/tmp1tow9g4u/2024-09-27T17-32-46-566159-14a97a1.ly:22:14: error: cannot find file: `../rh/gf-01-rh-5.ly'
(search path: `/tmp/tmp1tow9g4u:/home/user/GitHub/Artyfyshall-Bird/code-implementation:/usr/share/lilypond/2.22.1/ly:/usr/share/lilypond/2.22.1/ps:/usr/share/lilypond/2.22.1/scm:/usr/share/lilypond/2.22.1/fonts/otf/:/usr/share/lilypond/2.22.1/fonts/type1/:/usr/share/lilypond/2.22.1/fonts/svg/:')
    \include 
             "../rh/gf-01-rh-5.ly"
/tmp/tmp1tow9g4u/2024-09-27T17-32-46-566159-14a97a1.ly:24:14: error: cannot find file: `../rh/gf-01-rh-25.ly'
(search path: `/tmp/tmp1tow9g4u:/home/user/GitHub/Artyfyshall-Bird/code-implementation:/usr/share/lilypond/2.22.1/ly:/usr/share/lilypond/2.22.1/ps:/usr/share/lilypond/2.22.1/scm:/usr/share/lilypond/2.22.1/fonts/otf/:/usr/share/lilypond/2.22.1/fonts/type1/:/usr/share/lilypond/2.22.1/fonts/svg/:')
    \include 
             "../rh/gf-01-rh-25.ly"
/tmp/tmp1tow9g4u/2024-09-27T17-32-46-566159-14a97a1.ly:25:14: error: cannot find file: `../rh/gf-01-rh-121.ly'
(search path: `/tmp/tmp1tow9g4u:/home/user/GitHub/Artyfyshall-Bird/code-implementation:/usr/share/lilypond/2.22.1/ly:/usr/share/lilypond/2.22.1/ps:/usr/share/lilypond/2.22.1/scm:/usr/share/lilypond/2.22.1/fonts/otf/:/usr/share/lilypond/2.22.1/fonts/type1/:/usr/share/lilypond/2.22.1/fonts/svg/:')
    \include 
             "../rh/gf-01-rh-121.ly"
/tmp/tmp1tow9g4u/2024-09-27T17-32-46-566159-14a97a1.ly:26:14: error: cannot find file: `../rh/gf-01-rh-64.ly'
(search path: `/tmp/tmp1tow9g4u:/home/user/GitHub/Artyfyshall-Bird/code-implementation:/usr/share/lilypond/2.22.1/ly:/usr/share/lilypond/2.22.1/ps:/usr/share/lilypond/2.22.1/scm:/usr/share/lilypond/2.22.1/fonts/otf/:/usr/share/lilypond/2.22.1/fonts/type1/:/usr/share/lilypond/2.22.1/fonts/svg/:')
    \include 
             "../rh/gf-01-rh-64.ly"
/tmp/tmp1tow9g4u/2024-09-27T17-32-46-566159-14a97a1.ly:27:14: error: cannot find file: `../rh/gf-01-rh-125.ly'
(search path: `/tmp/tmp1tow9g4u:/home/user/GitHub/Artyfyshall-Bird/code-implementation:/usr/share/lilypond/2.22.1/ly:/usr/share/lilypond/2.22.1/ps:/usr/share/lilypond/2.22.1/scm:/usr/share/lilypond/2.22.1/fonts/otf/:/usr/share/lilypond/2.22.1/fonts/type1/:/usr/share/lilypond/2.22.1/fonts/svg/:')
    \include 
             "../rh/gf-01-rh-125.ly"
/tmp/tmp1tow9g4u/2024-09-27T17-32-46-566159-14a97a1.ly:28:14: error: cannot find file: `../rh/gf-01-rh-112.ly'
(search path: `/tmp/tmp1tow9g4u:/home/user/GitHub/Artyfyshall-Bird/code-implementation:/usr/share/lilypond/2.22.1/ly:/usr/share/lilypond/2.22.1/ps:/usr/share/lilypond/2.22.1/scm:/usr/share/lilypond/2.22.1/fonts/otf/:/usr/share/lilypond/2.22.1/fonts/type1/:/usr/share/lilypond/2.22.1/fonts/svg/:')
    \include 
             "../rh/gf-01-rh-112.ly"
/tmp/tmp1tow9g4u/2024-09-27T17-32-46-566159-14a97a1.ly:29:14: error: cannot find file: `../rh/gf-01-rh-168.ly'
(search path: `/tmp/tmp1tow9g4u:/home/user/GitHub/Artyfyshall-Bird/code-implementation:/usr/share/lilypond/2.22.1/ly:/usr/share/lilypond/2.22.1/ps:/usr/share/lilypond/2.22.1/scm:/usr/share/lilypond/2.22.1/fonts/otf/:/usr/share/lilypond/2.22.1/fonts/type1/:/usr/share/lilypond/2.22.1/fonts/svg/:')
    \include 
             "../rh/gf-01-rh-168.ly"
/tmp/tmp1tow9g4u/2024-09-27T17-32-46-566159-14a97a1.ly:30:14: error: cannot find file: `../rh/gf-01-rh-173.ly'
(search path: `/tmp/tmp1tow9g4u:/home/user/GitHub/Artyfyshall-Bird/code-implementation:/usr/share/lilypond/2.22.1/ly:/usr/share/lilypond/2.22.1/ps:/usr/share/lilypond/2.22.1/scm:/usr/share/lilypond/2.22.1/fonts/otf/:/usr/share/lilypond/2.22.1/fonts/type1/:/usr/share/lilypond/2.22.1/fonts/svg/:')
    \include 
             "../rh/gf-01-rh-173.ly"
/tmp/tmp1tow9g4u/2024-09-27T17-32-46-566159-14a97a1.ly:31:14: error: cannot find file: `../rh/gf-01-rh-83.ly'
(search path: `/tmp/tmp1tow9g4u:/home/user/GitHub/Artyfyshall-Bird/code-implementation:/usr/share/lilypond/2.22.1/ly:/usr/share/lilypond/2.22.1/ps:/usr/share/lilypond/2.22.1/scm:/usr/share/lilypond/2.22.1/fonts/otf/:/usr/share/lilypond/2.22.1/fonts/type1/:/usr/share/lilypond/2.22.1/fonts/svg/:')
    \include 
             "../rh/gf-01-rh-83.ly"
/tmp/tmp1tow9g4u/2024-09-27T17-32-46-566159-14a97a1.ly:35:14: error: cannot find file: `../bassline_option.ly'
(search path: `/tmp/tmp1tow9g4u:/home/user/GitHub/Artyfyshall-Bird/code-implementation:/usr/share/lilypond/2.22.1/ly:/usr/share/lilypond/2.22.1/ps:/usr/share/lilypond/2.22.1/scm:/usr/share/lilypond/2.22.1/fonts/otf/:/usr/share/lilypond/2.22.1/fonts/type1/:/usr/share/lilypond/2.22.1/fonts/svg/:')
    \include 
             "../bassline_option.ly"
/tmp/tmp1tow9g4u/2024-09-27T17-32-46-566159-14a97a1.ly:36:14: error: cannot find file: `../lh/gf-01-lh-3.ly'
(search path: `/tmp/tmp1tow9g4u:/home/user/GitHub/Artyfyshall-Bird/code-implementation:/usr/share/lilypond/2.22.1/ly:/usr/share/lilypond/2.22.1/ps:/usr/share/lilypond/2.22.1/scm:/usr/share/lilypond/2.22.1/fonts/otf/:/usr/share/lilypond/2.22.1/fonts/type1/:/usr/share/lilypond/2.22.1/fonts/svg/:')
    \include 
             "../lh/gf-01-lh-3.ly"
/tmp/tmp1tow9g4u/2024-09-27T17-32-46-566159-14a97a1.ly:37:14: error: cannot find file: `../lh/gf-01-lh-142.ly'
(search path: `/tmp/tmp1tow9g4u:/home/user/GitHub/Artyfyshall-Bird/code-implementation:/usr/share/lilypond/2.22.1/ly:/usr/share/lilypond/2.22.1/ps:/usr/share/lilypond/2.22.1/scm:/usr/share/lilypond/2.22.1/fonts/otf/:/usr/share/lilypond/2.22.1/fonts/type1/:/usr/share/lilypond/2.22.1/fonts/svg/:')
    \include 
             "../lh/gf-01-lh-142.ly"
/tmp/tmp1tow9g4u/2024-09-27T17-32-46-566159-14a97a1.ly:38:14: error: cannot find file: `../lh/gf-01-lh-128.ly'
(search path: `/tmp/tmp1tow9g4u:/home/user/GitHub/Artyfyshall-Bird/code-implementation:/usr/share/lilypond/2.22.1/ly:/usr/share/lilypond/2.22.1/ps:/usr/share/lilypond/2.22.1/scm:/usr/share/lilypond/2.22.1/fonts/otf/:/usr/share/lilypond/2.22.1/fonts/type1/:/usr/share/lilypond/2.22.1/fonts/svg/:')
    \include 
             "../lh/gf-01-lh-128.ly"
/tmp/tmp1tow9g4u/2024-09-27T17-32-46-566159-14a97a1.ly:39:14: error: cannot find file: `../lh/gf-01-lh-45.ly'
(search path: `/tmp/tmp1tow9g4u:/home/user/GitHub/Artyfyshall-Bird/code-implementation:/usr/share/lilypond/2.22.1/ly:/usr/share/lilypond/2.22.1/ps:/usr/share/lilypond/2.22.1/scm:/usr/share/lilypond/2.22.1/fonts/otf/:/usr/share/lilypond/2.22.1/fonts/type1/:/usr/share/lilypond/2.22.1/fonts/svg/:')
    \include 
             "../lh/gf-01-lh-45.ly"
/tmp/tmp1tow9g4u/2024-09-27T17-32-46-566159-14a97a1.ly:40:14: error: cannot find file: `../lh/gf-01-lh-80.ly'
(search path: `/tmp/tmp1tow9g4u:/home/user/GitHub/Artyfyshall-Bird/code-implementation:/usr/share/lilypond/2.22.1/ly:/usr/share/lilypond/2.22.1/ps:/usr/share/lilypond/2.22.1/scm:/usr/share/lilypond/2.22.1/fonts/otf/:/usr/share/lilypond/2.22.1/fonts/type1/:/usr/share/lilypond/2.22.1/fonts/svg/:')
    \include 
             "../lh/gf-01-lh-80.ly"
/tmp/tmp1tow9g4u/2024-09-27T17-32-46-566159-14a97a1.ly:41:14: error: cannot find file: `../lh/gf-01-lh-46.ly'
(search path: `/tmp/tmp1tow9g4u:/home/user/GitHub/Artyfyshall-Bird/code-implementation:/usr/share/lilypond/2.22.1/ly:/usr/share/lilypond/2.22.1/ps:/usr/share/lilypond/2.22.1/scm:/usr/share/lilypond/2.22.1/fonts/otf/:/usr/share/lilypond/2.22.1/fonts/type1/:/usr/share/lilypond/2.22.1/fonts/svg/:')
    \include 
             "../lh/gf-01-lh-46.ly"
/tmp/tmp1tow9g4u/2024-09-27T17-32-46-566159-14a97a1.ly:42:14: error: cannot find file: `../lh/gf-01-lh-36.ly'
(search path: `/tmp/tmp1tow9g4u:/home/user/GitHub/Artyfyshall-Bird/code-implementation:/usr/share/lilypond/2.22.1/ly:/usr/share/lilypond/2.22.1/ps:/usr/share/lilypond/2.22.1/scm:/usr/share/lilypond/2.22.1/fonts/otf/:/usr/share/lilypond/2.22.1/fonts/type1/:/usr/share/lilypond/2.22.1/fonts/svg/:')
    \include 
             "../lh/gf-01-lh-36.ly"
/tmp/tmp1tow9g4u/2024-09-27T17-32-46-566159-14a97a1.ly:43:14: error: cannot find file: `../lh/gf-01-lh-5.ly'
(search path: `/tmp/tmp1tow9g4u:/home/user/GitHub/Artyfyshall-Bird/code-implementation:/usr/share/lilypond/2.22.1/ly:/usr/share/lilypond/2.22.1/ps:/usr/share/lilypond/2.22.1/scm:/usr/share/lilypond/2.22.1/fonts/otf/:/usr/share/lilypond/2.22.1/fonts/type1/:/usr/share/lilypond/2.22.1/fonts/svg/:')
    \include 
             "../lh/gf-01-lh-5.ly"
/tmp/tmp1tow9g4u/2024-09-27T17-32-46-566159-14a97a1.ly:44:14: error: cannot find file: `../lh/gf-01-lh-25.ly'
(search path: `/tmp/tmp1tow9g4u:/home/user/GitHub/Artyfyshall-Bird/code-implementation:/usr/share/lilypond/2.22.1/ly:/usr/share/lilypond/2.22.1/ps:/usr/share/lilypond/2.22.1/scm:/usr/share/lilypond/2.22.1/fonts/otf/:/usr/share/lilypond/2.22.1/fonts/type1/:/usr/share/lilypond/2.22.1/fonts/svg/:')
    \include 
             "../lh/gf-01-lh-25.ly"
/tmp/tmp1tow9g4u/2024-09-27T17-32-46-566159-14a97a1.ly:45:14: error: cannot find file: `../lh/gf-01-lh-121.ly'
(search path: `/tmp/tmp1tow9g4u:/home/user/GitHub/Artyfyshall-Bird/code-implementation:/usr/share/lilypond/2.22.1/ly:/usr/share/lilypond/2.22.1/ps:/usr/share/lilypond/2.22.1/scm:/usr/share/lilypond/2.22.1/fonts/otf/:/usr/share/lilypond/2.22.1/fonts/type1/:/usr/share/lilypond/2.22.1/fonts/svg/:')
    \include 
             "../lh/gf-01-lh-121.ly"
/tmp/tmp1tow9g4u/2024-09-27T17-32-46-566159-14a97a1.ly:46:14: error: cannot find file: `../lh/gf-01-lh-64.ly'
(search path: `/tmp/tmp1tow9g4u:/home/user/GitHub/Artyfyshall-Bird/code-implementation:/usr/share/lilypond/2.22.1/ly:/usr/share/lilypond/2.22.1/ps:/usr/share/lilypond/2.22.1/scm:/usr/share/lilypond/2.22.1/fonts/otf/:/usr/share/lilypond/2.22.1/fonts/type1/:/usr/share/lilypond/2.22.1/fonts/svg/:')
    \include 
             "../lh/gf-01-lh-64.ly"
/tmp/tmp1tow9g4u/2024-09-27T17-32-46-566159-14a97a1.ly:47:14: error: cannot find file: `../lh/gf-01-lh-125.ly'
(search path: `/tmp/tmp1tow9g4u:/home/user/GitHub/Artyfyshall-Bird/code-implementation:/usr/share/lilypond/2.22.1/ly:/usr/share/lilypond/2.22.1/ps:/usr/share/lilypond/2.22.1/scm:/usr/share/lilypond/2.22.1/fonts/otf/:/usr/share/lilypond/2.22.1/fonts/type1/:/usr/share/lilypond/2.22.1/fonts/svg/:')
    \include 
             "../lh/gf-01-lh-125.ly"
/tmp/tmp1tow9g4u/2024-09-27T17-32-46-566159-14a97a1.ly:48:14: error: cannot find file: `../lh/gf-01-lh-112.ly'
(search path: `/tmp/tmp1tow9g4u:/home/user/GitHub/Artyfyshall-Bird/code-implementation:/usr/share/lilypond/2.22.1/ly:/usr/share/lilypond/2.22.1/ps:/usr/share/lilypond/2.22.1/scm:/usr/share/lilypond/2.22.1/fonts/otf/:/usr/share/lilypond/2.22.1/fonts/type1/:/usr/share/lilypond/2.22.1/fonts/svg/:')
    \include 
             "../lh/gf-01-lh-112.ly"
/tmp/tmp1tow9g4u/2024-09-27T17-32-46-566159-14a97a1.ly:49:14: error: cannot find file: `../lh/gf-01-lh-168.ly'
(search path: `/tmp/tmp1tow9g4u:/home/user/GitHub/Artyfyshall-Bird/code-implementation:/usr/share/lilypond/2.22.1/ly:/usr/share/lilypond/2.22.1/ps:/usr/share/lilypond/2.22.1/scm:/usr/share/lilypond/2.22.1/fonts/otf/:/usr/share/lilypond/2.22.1/fonts/type1/:/usr/share/lilypond/2.22.1/fonts/svg/:')
    \include 
             "../lh/gf-01-lh-168.ly"
/tmp/tmp1tow9g4u/2024-09-27T17-32-46-566159-14a97a1.ly:50:14: error: cannot find file: `../lh/gf-01-lh-173.ly'
(search path: `/tmp/tmp1tow9g4u:/home/user/GitHub/Artyfyshall-Bird/code-implementation:/usr/share/lilypond/2.22.1/ly:/usr/share/lilypond/2.22.1/ps:/usr/share/lilypond/2.22.1/scm:/usr/share/lilypond/2.22.1/fonts/otf/:/usr/share/lilypond/2.22.1/fonts/type1/:/usr/share/lilypond/2.22.1/fonts/svg/:')
    \include 
             "../lh/gf-01-lh-173.ly"
/tmp/tmp1tow9g4u/2024-09-27T17-32-46-566159-14a97a1.ly:51:14: error: cannot find file: `../lh/gf-01-lh-83.ly'
(search path: `/tmp/tmp1tow9g4u:/home/user/GitHub/Artyfyshall-Bird/code-implementation:/usr/share/lilypond/2.22.1/ly:/usr/share/lilypond/2.22.1/ps:/usr/share/lilypond/2.22.1/scm:/usr/share/lilypond/2.22.1/fonts/otf/:/usr/share/lilypond/2.22.1/fonts/type1/:/usr/share/lilypond/2.22.1/fonts/svg/:')
    \include 
             "../lh/gf-01-lh-83.ly"
/tmp/tmp1tow9g4u/2024-09-27T17-32-46-566159-14a97a1.ly:55:14: error: cannot find file: `../layout_settings.ly'
(search path: `/tmp/tmp1tow9g4u:/home/user/GitHub/Artyfyshall-Bird/code-implementation:/usr/share/lilypond/2.22.1/ly:/usr/share/lilypond/2.22.1/ps:/usr/share/lilypond/2.22.1/scm:/usr/share/lilypond/2.22.1/fonts/otf/:/usr/share/lilypond/2.22.1/fonts/type1/:/usr/share/lilypond/2.22.1/fonts/svg/:')
    \include 
             "../layout_settings.ly"
/tmp/tmp1tow9g4u/2024-09-27T17-32-46-566159-14a97a1.ly:1: warning: no \version statement found, please add

\version "2.22.1"

for future compatibility
Interpreting music...
/tmp/tmp1tow9g4u/2024-09-27T17-32-46-566159-14a97a1.ly:8:5: warning: skipping zero-duration score
    
    <<
/tmp/tmp1tow9g4u/2024-09-27T17-32-46-566159-14a97a1.ly:8:5: warning: to suppress this, consider adding a spacer rest
    
    <<
fatal error: failed files: "/tmp/tmp1tow9g4u/2024-09-27T17-32-46-566159-14a97a1.ly"
