GNU LilyPond 2.22.1
Changing working directory to: `/tmp/tmph6a1s35b'
Processing `/tmp/tmph6a1s35b/2024-10-14T11-51-39-720823-53cb7ac.ly'
Parsing...
/tmp/tmph6a1s35b/2024-10-14T11-51-39-720823-53cb7ac.ly:1:10: error: cannot find file: `../paper_settings.ly'
(search path: `/tmp/tmph6a1s35b:/home/user/GitHub/Artyfyshall-Bird/code-implementation:/usr/share/lilypond/2.22.1/ly:/usr/share/lilypond/2.22.1/ps:/usr/share/lilypond/2.22.1/scm:/usr/share/lilypond/2.22.1/fonts/otf/:/usr/share/lilypond/2.22.1/fonts/type1/:/usr/share/lilypond/2.22.1/fonts/svg/:')
\include 
         "../paper_settings.ly" 
/tmp/tmph6a1s35b/2024-10-14T11-51-39-720823-53cb7ac.ly:13:14: error: cannot find file: `../voice_option.ly'
(search path: `/tmp/tmph6a1s35b:/home/user/GitHub/Artyfyshall-Bird/code-implementation:/usr/share/lilypond/2.22.1/ly:/usr/share/lilypond/2.22.1/ps:/usr/share/lilypond/2.22.1/scm:/usr/share/lilypond/2.22.1/fonts/otf/:/usr/share/lilypond/2.22.1/fonts/type1/:/usr/share/lilypond/2.22.1/fonts/svg/:')
    \include 
             "../voice_option.ly"
/tmp/tmph6a1s35b/2024-10-14T11-51-39-720823-53cb7ac.ly:15:14: error: cannot find file: `../rh/gf-02-rh-72.ly'
(search path: `/tmp/tmph6a1s35b:/home/user/GitHub/Artyfyshall-Bird/code-implementation:/usr/share/lilypond/2.22.1/ly:/usr/share/lilypond/2.22.1/ps:/usr/share/lilypond/2.22.1/scm:/usr/share/lilypond/2.22.1/fonts/otf/:/usr/share/lilypond/2.22.1/fonts/type1/:/usr/share/lilypond/2.22.1/fonts/svg/:')
    \include 
             "../rh/gf-02-rh-72.ly"
/tmp/tmph6a1s35b/2024-10-14T11-51-39-720823-53cb7ac.ly:16:14: error: cannot find file: `../rh/gf-02-rh-82.ly'
(search path: `/tmp/tmph6a1s35b:/home/user/GitHub/Artyfyshall-Bird/code-implementation:/usr/share/lilypond/2.22.1/ly:/usr/share/lilypond/2.22.1/ps:/usr/share/lilypond/2.22.1/scm:/usr/share/lilypond/2.22.1/fonts/otf/:/usr/share/lilypond/2.22.1/fonts/type1/:/usr/share/lilypond/2.22.1/fonts/svg/:')
    \include 
             "../rh/gf-02-rh-82.ly"
/tmp/tmph6a1s35b/2024-10-14T11-51-39-720823-53cb7ac.ly:17:14: error: cannot find file: `../rh/gf-02-rh-59.ly'
(search path: `/tmp/tmph6a1s35b:/home/user/GitHub/Artyfyshall-Bird/code-implementation:/usr/share/lilypond/2.22.1/ly:/usr/share/lilypond/2.22.1/ps:/usr/share/lilypond/2.22.1/scm:/usr/share/lilypond/2.22.1/fonts/otf/:/usr/share/lilypond/2.22.1/fonts/type1/:/usr/share/lilypond/2.22.1/fonts/svg/:')
    \include 
             "../rh/gf-02-rh-59.ly"
/tmp/tmph6a1s35b/2024-10-14T11-51-39-720823-53cb7ac.ly:18:14: error: cannot find file: `../rh/gf-02-rh-68.ly'
(search path: `/tmp/tmph6a1s35b:/home/user/GitHub/Artyfyshall-Bird/code-implementation:/usr/share/lilypond/2.22.1/ly:/usr/share/lilypond/2.22.1/ps:/usr/share/lilypond/2.22.1/scm:/usr/share/lilypond/2.22.1/fonts/otf/:/usr/share/lilypond/2.22.1/fonts/type1/:/usr/share/lilypond/2.22.1/fonts/svg/:')
    \include 
             "../rh/gf-02-rh-68.ly"
/tmp/tmph6a1s35b/2024-10-14T11-51-39-720823-53cb7ac.ly:19:14: error: cannot find file: `../rh/gf-02-rh-4.ly'
(search path: `/tmp/tmph6a1s35b:/home/user/GitHub/Artyfyshall-Bird/code-implementation:/usr/share/lilypond/2.22.1/ly:/usr/share/lilypond/2.22.1/ps:/usr/share/lilypond/2.22.1/scm:/usr/share/lilypond/2.22.1/fonts/otf/:/usr/share/lilypond/2.22.1/fonts/type1/:/usr/share/lilypond/2.22.1/fonts/svg/:')
    \include 
             "../rh/gf-02-rh-4.ly"
/tmp/tmph6a1s35b/2024-10-14T11-51-39-720823-53cb7ac.ly:20:14: error: cannot find file: `../rh/gf-02-rh-43.ly'
(search path: `/tmp/tmph6a1s35b:/home/user/GitHub/Artyfyshall-Bird/code-implementation:/usr/share/lilypond/2.22.1/ly:/usr/share/lilypond/2.22.1/ps:/usr/share/lilypond/2.22.1/scm:/usr/share/lilypond/2.22.1/fonts/otf/:/usr/share/lilypond/2.22.1/fonts/type1/:/usr/share/lilypond/2.22.1/fonts/svg/:')
    \include 
             "../rh/gf-02-rh-43.ly"
/tmp/tmph6a1s35b/2024-10-14T11-51-39-720823-53cb7ac.ly:21:14: error: cannot find file: `../rh/gf-02-rh-89.ly'
(search path: `/tmp/tmph6a1s35b:/home/user/GitHub/Artyfyshall-Bird/code-implementation:/usr/share/lilypond/2.22.1/ly:/usr/share/lilypond/2.22.1/ps:/usr/share/lilypond/2.22.1/scm:/usr/share/lilypond/2.22.1/fonts/otf/:/usr/share/lilypond/2.22.1/fonts/type1/:/usr/share/lilypond/2.22.1/fonts/svg/:')
    \include 
             "../rh/gf-02-rh-89.ly"
/tmp/tmph6a1s35b/2024-10-14T11-51-39-720823-53cb7ac.ly:22:14: error: cannot find file: `../rh/gf-02-rh-94.ly'
(search path: `/tmp/tmph6a1s35b:/home/user/GitHub/Artyfyshall-Bird/code-implementation:/usr/share/lilypond/2.22.1/ly:/usr/share/lilypond/2.22.1/ps:/usr/share/lilypond/2.22.1/scm:/usr/share/lilypond/2.22.1/fonts/otf/:/usr/share/lilypond/2.22.1/fonts/type1/:/usr/share/lilypond/2.22.1/fonts/svg/:')
    \include 
             "../rh/gf-02-rh-94.ly"
/tmp/tmph6a1s35b/2024-10-14T11-51-39-720823-53cb7ac.ly:25:14: error: cannot find file: `../rh/gf-02-rh-22.ly'
(search path: `/tmp/tmph6a1s35b:/home/user/GitHub/Artyfyshall-Bird/code-implementation:/usr/share/lilypond/2.22.1/ly:/usr/share/lilypond/2.22.1/ps:/usr/share/lilypond/2.22.1/scm:/usr/share/lilypond/2.22.1/fonts/otf/:/usr/share/lilypond/2.22.1/fonts/type1/:/usr/share/lilypond/2.22.1/fonts/svg/:')
    \include 
             "../rh/gf-02-rh-22.ly"
/tmp/tmph6a1s35b/2024-10-14T11-51-39-720823-53cb7ac.ly:26:14: error: cannot find file: `../rh/gf-02-rh-5.ly'
(search path: `/tmp/tmph6a1s35b:/home/user/GitHub/Artyfyshall-Bird/code-implementation:/usr/share/lilypond/2.22.1/ly:/usr/share/lilypond/2.22.1/ps:/usr/share/lilypond/2.22.1/scm:/usr/share/lilypond/2.22.1/fonts/otf/:/usr/share/lilypond/2.22.1/fonts/type1/:/usr/share/lilypond/2.22.1/fonts/svg/:')
    \include 
             "../rh/gf-02-rh-5.ly"
/tmp/tmph6a1s35b/2024-10-14T11-51-39-720823-53cb7ac.ly:27:14: error: cannot find file: `../rh/gf-02-rh-49.ly'
(search path: `/tmp/tmph6a1s35b:/home/user/GitHub/Artyfyshall-Bird/code-implementation:/usr/share/lilypond/2.22.1/ly:/usr/share/lilypond/2.22.1/ps:/usr/share/lilypond/2.22.1/scm:/usr/share/lilypond/2.22.1/fonts/otf/:/usr/share/lilypond/2.22.1/fonts/type1/:/usr/share/lilypond/2.22.1/fonts/svg/:')
    \include 
             "../rh/gf-02-rh-49.ly"
/tmp/tmph6a1s35b/2024-10-14T11-51-39-720823-53cb7ac.ly:28:14: error: cannot find file: `../rh/gf-02-rh-79.ly'
(search path: `/tmp/tmph6a1s35b:/home/user/GitHub/Artyfyshall-Bird/code-implementation:/usr/share/lilypond/2.22.1/ly:/usr/share/lilypond/2.22.1/ps:/usr/share/lilypond/2.22.1/scm:/usr/share/lilypond/2.22.1/fonts/otf/:/usr/share/lilypond/2.22.1/fonts/type1/:/usr/share/lilypond/2.22.1/fonts/svg/:')
    \include 
             "../rh/gf-02-rh-79.ly"
/tmp/tmph6a1s35b/2024-10-14T11-51-39-720823-53cb7ac.ly:29:14: error: cannot find file: `../rh/gf-02-rh-8.ly'
(search path: `/tmp/tmph6a1s35b:/home/user/GitHub/Artyfyshall-Bird/code-implementation:/usr/share/lilypond/2.22.1/ly:/usr/share/lilypond/2.22.1/ps:/usr/share/lilypond/2.22.1/scm:/usr/share/lilypond/2.22.1/fonts/otf/:/usr/share/lilypond/2.22.1/fonts/type1/:/usr/share/lilypond/2.22.1/fonts/svg/:')
    \include 
             "../rh/gf-02-rh-8.ly"
/tmp/tmph6a1s35b/2024-10-14T11-51-39-720823-53cb7ac.ly:30:14: error: cannot find file: `../rh/gf-02-rh-95.ly'
(search path: `/tmp/tmph6a1s35b:/home/user/GitHub/Artyfyshall-Bird/code-implementation:/usr/share/lilypond/2.22.1/ly:/usr/share/lilypond/2.22.1/ps:/usr/share/lilypond/2.22.1/scm:/usr/share/lilypond/2.22.1/fonts/otf/:/usr/share/lilypond/2.22.1/fonts/type1/:/usr/share/lilypond/2.22.1/fonts/svg/:')
    \include 
             "../rh/gf-02-rh-95.ly"
/tmp/tmph6a1s35b/2024-10-14T11-51-39-720823-53cb7ac.ly:31:14: error: cannot find file: `../rh/gf-02-rh-90.ly'
(search path: `/tmp/tmph6a1s35b:/home/user/GitHub/Artyfyshall-Bird/code-implementation:/usr/share/lilypond/2.22.1/ly:/usr/share/lilypond/2.22.1/ps:/usr/share/lilypond/2.22.1/scm:/usr/share/lilypond/2.22.1/fonts/otf/:/usr/share/lilypond/2.22.1/fonts/type1/:/usr/share/lilypond/2.22.1/fonts/svg/:')
    \include 
             "../rh/gf-02-rh-90.ly"
/tmp/tmph6a1s35b/2024-10-14T11-51-39-720823-53cb7ac.ly:32:14: error: cannot find file: `../rh/gf-02-rh-91.ly'
(search path: `/tmp/tmph6a1s35b:/home/user/GitHub/Artyfyshall-Bird/code-implementation:/usr/share/lilypond/2.22.1/ly:/usr/share/lilypond/2.22.1/ps:/usr/share/lilypond/2.22.1/scm:/usr/share/lilypond/2.22.1/fonts/otf/:/usr/share/lilypond/2.22.1/fonts/type1/:/usr/share/lilypond/2.22.1/fonts/svg/:')
    \include 
             "../rh/gf-02-rh-91.ly"
/tmp/tmph6a1s35b/2024-10-14T11-51-39-720823-53cb7ac.ly:36:14: error: cannot find file: `../bassline_option.ly'
(search path: `/tmp/tmph6a1s35b:/home/user/GitHub/Artyfyshall-Bird/code-implementation:/usr/share/lilypond/2.22.1/ly:/usr/share/lilypond/2.22.1/ps:/usr/share/lilypond/2.22.1/scm:/usr/share/lilypond/2.22.1/fonts/otf/:/usr/share/lilypond/2.22.1/fonts/type1/:/usr/share/lilypond/2.22.1/fonts/svg/:')
    \include 
             "../bassline_option.ly"
/tmp/tmph6a1s35b/2024-10-14T11-51-39-720823-53cb7ac.ly:37:14: error: cannot find file: `../lh/gf-02-lh-72.ly'
(search path: `/tmp/tmph6a1s35b:/home/user/GitHub/Artyfyshall-Bird/code-implementation:/usr/share/lilypond/2.22.1/ly:/usr/share/lilypond/2.22.1/ps:/usr/share/lilypond/2.22.1/scm:/usr/share/lilypond/2.22.1/fonts/otf/:/usr/share/lilypond/2.22.1/fonts/type1/:/usr/share/lilypond/2.22.1/fonts/svg/:')
    \include 
             "../lh/gf-02-lh-72.ly"
/tmp/tmph6a1s35b/2024-10-14T11-51-39-720823-53cb7ac.ly:38:14: error: cannot find file: `../lh/gf-02-lh-82.ly'
(search path: `/tmp/tmph6a1s35b:/home/user/GitHub/Artyfyshall-Bird/code-implementation:/usr/share/lilypond/2.22.1/ly:/usr/share/lilypond/2.22.1/ps:/usr/share/lilypond/2.22.1/scm:/usr/share/lilypond/2.22.1/fonts/otf/:/usr/share/lilypond/2.22.1/fonts/type1/:/usr/share/lilypond/2.22.1/fonts/svg/:')
    \include 
             "../lh/gf-02-lh-82.ly"
/tmp/tmph6a1s35b/2024-10-14T11-51-39-720823-53cb7ac.ly:39:14: error: cannot find file: `../lh/gf-02-lh-59.ly'
(search path: `/tmp/tmph6a1s35b:/home/user/GitHub/Artyfyshall-Bird/code-implementation:/usr/share/lilypond/2.22.1/ly:/usr/share/lilypond/2.22.1/ps:/usr/share/lilypond/2.22.1/scm:/usr/share/lilypond/2.22.1/fonts/otf/:/usr/share/lilypond/2.22.1/fonts/type1/:/usr/share/lilypond/2.22.1/fonts/svg/:')
    \include 
             "../lh/gf-02-lh-59.ly"
/tmp/tmph6a1s35b/2024-10-14T11-51-39-720823-53cb7ac.ly:40:14: error: cannot find file: `../lh/gf-02-lh-68.ly'
(search path: `/tmp/tmph6a1s35b:/home/user/GitHub/Artyfyshall-Bird/code-implementation:/usr/share/lilypond/2.22.1/ly:/usr/share/lilypond/2.22.1/ps:/usr/share/lilypond/2.22.1/scm:/usr/share/lilypond/2.22.1/fonts/otf/:/usr/share/lilypond/2.22.1/fonts/type1/:/usr/share/lilypond/2.22.1/fonts/svg/:')
    \include 
             "../lh/gf-02-lh-68.ly"
/tmp/tmph6a1s35b/2024-10-14T11-51-39-720823-53cb7ac.ly:41:14: error: cannot find file: `../lh/gf-02-lh-4.ly'
(search path: `/tmp/tmph6a1s35b:/home/user/GitHub/Artyfyshall-Bird/code-implementation:/usr/share/lilypond/2.22.1/ly:/usr/share/lilypond/2.22.1/ps:/usr/share/lilypond/2.22.1/scm:/usr/share/lilypond/2.22.1/fonts/otf/:/usr/share/lilypond/2.22.1/fonts/type1/:/usr/share/lilypond/2.22.1/fonts/svg/:')
    \include 
             "../lh/gf-02-lh-4.ly"
/tmp/tmph6a1s35b/2024-10-14T11-51-39-720823-53cb7ac.ly:42:14: error: cannot find file: `../lh/gf-02-lh-43.ly'
(search path: `/tmp/tmph6a1s35b:/home/user/GitHub/Artyfyshall-Bird/code-implementation:/usr/share/lilypond/2.22.1/ly:/usr/share/lilypond/2.22.1/ps:/usr/share/lilypond/2.22.1/scm:/usr/share/lilypond/2.22.1/fonts/otf/:/usr/share/lilypond/2.22.1/fonts/type1/:/usr/share/lilypond/2.22.1/fonts/svg/:')
    \include 
             "../lh/gf-02-lh-43.ly"
/tmp/tmph6a1s35b/2024-10-14T11-51-39-720823-53cb7ac.ly:43:14: error: cannot find file: `../lh/gf-02-lh-89.ly'
(search path: `/tmp/tmph6a1s35b:/home/user/GitHub/Artyfyshall-Bird/code-implementation:/usr/share/lilypond/2.22.1/ly:/usr/share/lilypond/2.22.1/ps:/usr/share/lilypond/2.22.1/scm:/usr/share/lilypond/2.22.1/fonts/otf/:/usr/share/lilypond/2.22.1/fonts/type1/:/usr/share/lilypond/2.22.1/fonts/svg/:')
    \include 
             "../lh/gf-02-lh-89.ly"
/tmp/tmph6a1s35b/2024-10-14T11-51-39-720823-53cb7ac.ly:44:14: error: cannot find file: `../lh/gf-02-lh-94.ly'
(search path: `/tmp/tmph6a1s35b:/home/user/GitHub/Artyfyshall-Bird/code-implementation:/usr/share/lilypond/2.22.1/ly:/usr/share/lilypond/2.22.1/ps:/usr/share/lilypond/2.22.1/scm:/usr/share/lilypond/2.22.1/fonts/otf/:/usr/share/lilypond/2.22.1/fonts/type1/:/usr/share/lilypond/2.22.1/fonts/svg/:')
    \include 
             "../lh/gf-02-lh-94.ly"
/tmp/tmph6a1s35b/2024-10-14T11-51-39-720823-53cb7ac.ly:45:14: error: cannot find file: `../lh/gf-02-lh-22.ly'
(search path: `/tmp/tmph6a1s35b:/home/user/GitHub/Artyfyshall-Bird/code-implementation:/usr/share/lilypond/2.22.1/ly:/usr/share/lilypond/2.22.1/ps:/usr/share/lilypond/2.22.1/scm:/usr/share/lilypond/2.22.1/fonts/otf/:/usr/share/lilypond/2.22.1/fonts/type1/:/usr/share/lilypond/2.22.1/fonts/svg/:')
    \include 
             "../lh/gf-02-lh-22.ly"
/tmp/tmph6a1s35b/2024-10-14T11-51-39-720823-53cb7ac.ly:46:14: error: cannot find file: `../lh/gf-02-lh-5.ly'
(search path: `/tmp/tmph6a1s35b:/home/user/GitHub/Artyfyshall-Bird/code-implementation:/usr/share/lilypond/2.22.1/ly:/usr/share/lilypond/2.22.1/ps:/usr/share/lilypond/2.22.1/scm:/usr/share/lilypond/2.22.1/fonts/otf/:/usr/share/lilypond/2.22.1/fonts/type1/:/usr/share/lilypond/2.22.1/fonts/svg/:')
    \include 
             "../lh/gf-02-lh-5.ly"
/tmp/tmph6a1s35b/2024-10-14T11-51-39-720823-53cb7ac.ly:47:14: error: cannot find file: `../lh/gf-02-lh-49.ly'
(search path: `/tmp/tmph6a1s35b:/home/user/GitHub/Artyfyshall-Bird/code-implementation:/usr/share/lilypond/2.22.1/ly:/usr/share/lilypond/2.22.1/ps:/usr/share/lilypond/2.22.1/scm:/usr/share/lilypond/2.22.1/fonts/otf/:/usr/share/lilypond/2.22.1/fonts/type1/:/usr/share/lilypond/2.22.1/fonts/svg/:')
    \include 
             "../lh/gf-02-lh-49.ly"
/tmp/tmph6a1s35b/2024-10-14T11-51-39-720823-53cb7ac.ly:48:14: error: cannot find file: `../lh/gf-02-lh-79.ly'
(search path: `/tmp/tmph6a1s35b:/home/user/GitHub/Artyfyshall-Bird/code-implementation:/usr/share/lilypond/2.22.1/ly:/usr/share/lilypond/2.22.1/ps:/usr/share/lilypond/2.22.1/scm:/usr/share/lilypond/2.22.1/fonts/otf/:/usr/share/lilypond/2.22.1/fonts/type1/:/usr/share/lilypond/2.22.1/fonts/svg/:')
    \include 
             "../lh/gf-02-lh-79.ly"
/tmp/tmph6a1s35b/2024-10-14T11-51-39-720823-53cb7ac.ly:49:14: error: cannot find file: `../lh/gf-02-lh-8.ly'
(search path: `/tmp/tmph6a1s35b:/home/user/GitHub/Artyfyshall-Bird/code-implementation:/usr/share/lilypond/2.22.1/ly:/usr/share/lilypond/2.22.1/ps:/usr/share/lilypond/2.22.1/scm:/usr/share/lilypond/2.22.1/fonts/otf/:/usr/share/lilypond/2.22.1/fonts/type1/:/usr/share/lilypond/2.22.1/fonts/svg/:')
    \include 
             "../lh/gf-02-lh-8.ly"
/tmp/tmph6a1s35b/2024-10-14T11-51-39-720823-53cb7ac.ly:50:14: error: cannot find file: `../lh/gf-02-lh-95.ly'
(search path: `/tmp/tmph6a1s35b:/home/user/GitHub/Artyfyshall-Bird/code-implementation:/usr/share/lilypond/2.22.1/ly:/usr/share/lilypond/2.22.1/ps:/usr/share/lilypond/2.22.1/scm:/usr/share/lilypond/2.22.1/fonts/otf/:/usr/share/lilypond/2.22.1/fonts/type1/:/usr/share/lilypond/2.22.1/fonts/svg/:')
    \include 
             "../lh/gf-02-lh-95.ly"
/tmp/tmph6a1s35b/2024-10-14T11-51-39-720823-53cb7ac.ly:51:14: error: cannot find file: `../lh/gf-02-lh-90.ly'
(search path: `/tmp/tmph6a1s35b:/home/user/GitHub/Artyfyshall-Bird/code-implementation:/usr/share/lilypond/2.22.1/ly:/usr/share/lilypond/2.22.1/ps:/usr/share/lilypond/2.22.1/scm:/usr/share/lilypond/2.22.1/fonts/otf/:/usr/share/lilypond/2.22.1/fonts/type1/:/usr/share/lilypond/2.22.1/fonts/svg/:')
    \include 
             "../lh/gf-02-lh-90.ly"
/tmp/tmph6a1s35b/2024-10-14T11-51-39-720823-53cb7ac.ly:52:14: error: cannot find file: `../lh/gf-02-lh-91.ly'
(search path: `/tmp/tmph6a1s35b:/home/user/GitHub/Artyfyshall-Bird/code-implementation:/usr/share/lilypond/2.22.1/ly:/usr/share/lilypond/2.22.1/ps:/usr/share/lilypond/2.22.1/scm:/usr/share/lilypond/2.22.1/fonts/otf/:/usr/share/lilypond/2.22.1/fonts/type1/:/usr/share/lilypond/2.22.1/fonts/svg/:')
    \include 
             "../lh/gf-02-lh-91.ly"
/tmp/tmph6a1s35b/2024-10-14T11-51-39-720823-53cb7ac.ly:56:14: error: cannot find file: `../layout_settings.ly'
(search path: `/tmp/tmph6a1s35b:/home/user/GitHub/Artyfyshall-Bird/code-implementation:/usr/share/lilypond/2.22.1/ly:/usr/share/lilypond/2.22.1/ps:/usr/share/lilypond/2.22.1/scm:/usr/share/lilypond/2.22.1/fonts/otf/:/usr/share/lilypond/2.22.1/fonts/type1/:/usr/share/lilypond/2.22.1/fonts/svg/:')
    \include 
             "../layout_settings.ly"
/tmp/tmph6a1s35b/2024-10-14T11-51-39-720823-53cb7ac.ly:1: warning: no \version statement found, please add

\version "2.22.1"

for future compatibility
Interpreting music...
/tmp/tmph6a1s35b/2024-10-14T11-51-39-720823-53cb7ac.ly:8:5: warning: skipping zero-duration score
    
    <<
/tmp/tmph6a1s35b/2024-10-14T11-51-39-720823-53cb7ac.ly:8:5: warning: to suppress this, consider adding a spacer rest
    
    <<
fatal error: failed files: "/tmp/tmph6a1s35b/2024-10-14T11-51-39-720823-53cb7ac.ly"
