GNU LilyPond 2.22.1
Changing working directory to: `/tmp/tmpoc4letcl'
Processing `/tmp/tmpoc4letcl/2024-10-14T11-27-33-436620-4c5f13e.ly'
Parsing...
/tmp/tmpoc4letcl/2024-10-14T11-27-33-436620-4c5f13e.ly:1:10: error: cannot find file: `../paper_settings.ly'
(search path: `/tmp/tmpoc4letcl:/home/user/GitHub/Artyfyshall-Bird/code-implementation:/usr/share/lilypond/2.22.1/ly:/usr/share/lilypond/2.22.1/ps:/usr/share/lilypond/2.22.1/scm:/usr/share/lilypond/2.22.1/fonts/otf/:/usr/share/lilypond/2.22.1/fonts/type1/:/usr/share/lilypond/2.22.1/fonts/svg/:')
\include 
         "../paper_settings.ly" 
/tmp/tmpoc4letcl/2024-10-14T11-27-33-436620-4c5f13e.ly:13:14: error: cannot find file: `../voice_option.ly'
(search path: `/tmp/tmpoc4letcl:/home/user/GitHub/Artyfyshall-Bird/code-implementation:/usr/share/lilypond/2.22.1/ly:/usr/share/lilypond/2.22.1/ps:/usr/share/lilypond/2.22.1/scm:/usr/share/lilypond/2.22.1/fonts/otf/:/usr/share/lilypond/2.22.1/fonts/type1/:/usr/share/lilypond/2.22.1/fonts/svg/:')
    \include 
             "../voice_option.ly"
/tmp/tmpoc4letcl/2024-10-14T11-27-33-436620-4c5f13e.ly:15:14: error: cannot find file: `../rh/gf-01-rh-3.ly'
(search path: `/tmp/tmpoc4letcl:/home/user/GitHub/Artyfyshall-Bird/code-implementation:/usr/share/lilypond/2.22.1/ly:/usr/share/lilypond/2.22.1/ps:/usr/share/lilypond/2.22.1/scm:/usr/share/lilypond/2.22.1/fonts/otf/:/usr/share/lilypond/2.22.1/fonts/type1/:/usr/share/lilypond/2.22.1/fonts/svg/:')
    \include 
             "../rh/gf-01-rh-3.ly"
/tmp/tmpoc4letcl/2024-10-14T11-27-33-436620-4c5f13e.ly:16:14: error: cannot find file: `../rh/gf-01-rh-74.ly'
(search path: `/tmp/tmpoc4letcl:/home/user/GitHub/Artyfyshall-Bird/code-implementation:/usr/share/lilypond/2.22.1/ly:/usr/share/lilypond/2.22.1/ps:/usr/share/lilypond/2.22.1/scm:/usr/share/lilypond/2.22.1/fonts/otf/:/usr/share/lilypond/2.22.1/fonts/type1/:/usr/share/lilypond/2.22.1/fonts/svg/:')
    \include 
             "../rh/gf-01-rh-74.ly"
/tmp/tmpoc4letcl/2024-10-14T11-27-33-436620-4c5f13e.ly:17:14: error: cannot find file: `../rh/gf-01-rh-128.ly'
(search path: `/tmp/tmpoc4letcl:/home/user/GitHub/Artyfyshall-Bird/code-implementation:/usr/share/lilypond/2.22.1/ly:/usr/share/lilypond/2.22.1/ps:/usr/share/lilypond/2.22.1/scm:/usr/share/lilypond/2.22.1/fonts/otf/:/usr/share/lilypond/2.22.1/fonts/type1/:/usr/share/lilypond/2.22.1/fonts/svg/:')
    \include 
             "../rh/gf-01-rh-128.ly"
/tmp/tmpoc4letcl/2024-10-14T11-27-33-436620-4c5f13e.ly:18:14: error: cannot find file: `../rh/gf-01-rh-53.ly'
(search path: `/tmp/tmpoc4letcl:/home/user/GitHub/Artyfyshall-Bird/code-implementation:/usr/share/lilypond/2.22.1/ly:/usr/share/lilypond/2.22.1/ps:/usr/share/lilypond/2.22.1/scm:/usr/share/lilypond/2.22.1/fonts/otf/:/usr/share/lilypond/2.22.1/fonts/type1/:/usr/share/lilypond/2.22.1/fonts/svg/:')
    \include 
             "../rh/gf-01-rh-53.ly"
/tmp/tmpoc4letcl/2024-10-14T11-27-33-436620-4c5f13e.ly:19:14: error: cannot find file: `../rh/gf-01-rh-28.ly'
(search path: `/tmp/tmpoc4letcl:/home/user/GitHub/Artyfyshall-Bird/code-implementation:/usr/share/lilypond/2.22.1/ly:/usr/share/lilypond/2.22.1/ps:/usr/share/lilypond/2.22.1/scm:/usr/share/lilypond/2.22.1/fonts/otf/:/usr/share/lilypond/2.22.1/fonts/type1/:/usr/share/lilypond/2.22.1/fonts/svg/:')
    \include 
             "../rh/gf-01-rh-28.ly"
/tmp/tmpoc4letcl/2024-10-14T11-27-33-436620-4c5f13e.ly:20:14: error: cannot find file: `../rh/gf-01-rh-68.ly'
(search path: `/tmp/tmpoc4letcl:/home/user/GitHub/Artyfyshall-Bird/code-implementation:/usr/share/lilypond/2.22.1/ly:/usr/share/lilypond/2.22.1/ps:/usr/share/lilypond/2.22.1/scm:/usr/share/lilypond/2.22.1/fonts/otf/:/usr/share/lilypond/2.22.1/fonts/type1/:/usr/share/lilypond/2.22.1/fonts/svg/:')
    \include 
             "../rh/gf-01-rh-68.ly"
/tmp/tmpoc4letcl/2024-10-14T11-27-33-436620-4c5f13e.ly:21:14: error: cannot find file: `../rh/gf-01-rh-21.ly'
(search path: `/tmp/tmpoc4letcl:/home/user/GitHub/Artyfyshall-Bird/code-implementation:/usr/share/lilypond/2.22.1/ly:/usr/share/lilypond/2.22.1/ps:/usr/share/lilypond/2.22.1/scm:/usr/share/lilypond/2.22.1/fonts/otf/:/usr/share/lilypond/2.22.1/fonts/type1/:/usr/share/lilypond/2.22.1/fonts/svg/:')
    \include 
             "../rh/gf-01-rh-21.ly"
/tmp/tmpoc4letcl/2024-10-14T11-27-33-436620-4c5f13e.ly:22:14: error: cannot find file: `../rh/gf-01-rh-94.ly'
(search path: `/tmp/tmpoc4letcl:/home/user/GitHub/Artyfyshall-Bird/code-implementation:/usr/share/lilypond/2.22.1/ly:/usr/share/lilypond/2.22.1/ps:/usr/share/lilypond/2.22.1/scm:/usr/share/lilypond/2.22.1/fonts/otf/:/usr/share/lilypond/2.22.1/fonts/type1/:/usr/share/lilypond/2.22.1/fonts/svg/:')
    \include 
             "../rh/gf-01-rh-94.ly"
/tmp/tmpoc4letcl/2024-10-14T11-27-33-436620-4c5f13e.ly:24:14: error: cannot find file: `../rh/gf-01-rh-102.ly'
(search path: `/tmp/tmpoc4letcl:/home/user/GitHub/Artyfyshall-Bird/code-implementation:/usr/share/lilypond/2.22.1/ly:/usr/share/lilypond/2.22.1/ps:/usr/share/lilypond/2.22.1/scm:/usr/share/lilypond/2.22.1/fonts/otf/:/usr/share/lilypond/2.22.1/fonts/type1/:/usr/share/lilypond/2.22.1/fonts/svg/:')
    \include 
             "../rh/gf-01-rh-102.ly"
/tmp/tmpoc4letcl/2024-10-14T11-27-33-436620-4c5f13e.ly:25:14: error: cannot find file: `../rh/gf-01-rh-139.ly'
(search path: `/tmp/tmpoc4letcl:/home/user/GitHub/Artyfyshall-Bird/code-implementation:/usr/share/lilypond/2.22.1/ly:/usr/share/lilypond/2.22.1/ps:/usr/share/lilypond/2.22.1/scm:/usr/share/lilypond/2.22.1/fonts/otf/:/usr/share/lilypond/2.22.1/fonts/type1/:/usr/share/lilypond/2.22.1/fonts/svg/:')
    \include 
             "../rh/gf-01-rh-139.ly"
/tmp/tmpoc4letcl/2024-10-14T11-27-33-436620-4c5f13e.ly:26:14: error: cannot find file: `../rh/gf-01-rh-57.ly'
(search path: `/tmp/tmpoc4letcl:/home/user/GitHub/Artyfyshall-Bird/code-implementation:/usr/share/lilypond/2.22.1/ly:/usr/share/lilypond/2.22.1/ps:/usr/share/lilypond/2.22.1/scm:/usr/share/lilypond/2.22.1/fonts/otf/:/usr/share/lilypond/2.22.1/fonts/type1/:/usr/share/lilypond/2.22.1/fonts/svg/:')
    \include 
             "../rh/gf-01-rh-57.ly"
/tmp/tmpoc4letcl/2024-10-14T11-27-33-436620-4c5f13e.ly:27:14: error: cannot find file: `../rh/gf-01-rh-132.ly'
(search path: `/tmp/tmpoc4letcl:/home/user/GitHub/Artyfyshall-Bird/code-implementation:/usr/share/lilypond/2.22.1/ly:/usr/share/lilypond/2.22.1/ps:/usr/share/lilypond/2.22.1/scm:/usr/share/lilypond/2.22.1/fonts/otf/:/usr/share/lilypond/2.22.1/fonts/type1/:/usr/share/lilypond/2.22.1/fonts/svg/:')
    \include 
             "../rh/gf-01-rh-132.ly"
/tmp/tmpoc4letcl/2024-10-14T11-27-33-436620-4c5f13e.ly:28:14: error: cannot find file: `../rh/gf-01-rh-43.ly'
(search path: `/tmp/tmpoc4letcl:/home/user/GitHub/Artyfyshall-Bird/code-implementation:/usr/share/lilypond/2.22.1/ly:/usr/share/lilypond/2.22.1/ps:/usr/share/lilypond/2.22.1/scm:/usr/share/lilypond/2.22.1/fonts/otf/:/usr/share/lilypond/2.22.1/fonts/type1/:/usr/share/lilypond/2.22.1/fonts/svg/:')
    \include 
             "../rh/gf-01-rh-43.ly"
/tmp/tmpoc4letcl/2024-10-14T11-27-33-436620-4c5f13e.ly:29:14: error: cannot find file: `../rh/gf-01-rh-59.ly'
(search path: `/tmp/tmpoc4letcl:/home/user/GitHub/Artyfyshall-Bird/code-implementation:/usr/share/lilypond/2.22.1/ly:/usr/share/lilypond/2.22.1/ps:/usr/share/lilypond/2.22.1/scm:/usr/share/lilypond/2.22.1/fonts/otf/:/usr/share/lilypond/2.22.1/fonts/type1/:/usr/share/lilypond/2.22.1/fonts/svg/:')
    \include 
             "../rh/gf-01-rh-59.ly"
/tmp/tmpoc4letcl/2024-10-14T11-27-33-436620-4c5f13e.ly:30:14: error: cannot find file: `../rh/gf-01-rh-149.ly'
(search path: `/tmp/tmpoc4letcl:/home/user/GitHub/Artyfyshall-Bird/code-implementation:/usr/share/lilypond/2.22.1/ly:/usr/share/lilypond/2.22.1/ps:/usr/share/lilypond/2.22.1/scm:/usr/share/lilypond/2.22.1/fonts/otf/:/usr/share/lilypond/2.22.1/fonts/type1/:/usr/share/lilypond/2.22.1/fonts/svg/:')
    \include 
             "../rh/gf-01-rh-149.ly"
/tmp/tmpoc4letcl/2024-10-14T11-27-33-436620-4c5f13e.ly:31:14: error: cannot find file: `../rh/gf-01-rh-111.ly'
(search path: `/tmp/tmpoc4letcl:/home/user/GitHub/Artyfyshall-Bird/code-implementation:/usr/share/lilypond/2.22.1/ly:/usr/share/lilypond/2.22.1/ps:/usr/share/lilypond/2.22.1/scm:/usr/share/lilypond/2.22.1/fonts/otf/:/usr/share/lilypond/2.22.1/fonts/type1/:/usr/share/lilypond/2.22.1/fonts/svg/:')
    \include 
             "../rh/gf-01-rh-111.ly"
/tmp/tmpoc4letcl/2024-10-14T11-27-33-436620-4c5f13e.ly:35:14: error: cannot find file: `../bassline_option.ly'
(search path: `/tmp/tmpoc4letcl:/home/user/GitHub/Artyfyshall-Bird/code-implementation:/usr/share/lilypond/2.22.1/ly:/usr/share/lilypond/2.22.1/ps:/usr/share/lilypond/2.22.1/scm:/usr/share/lilypond/2.22.1/fonts/otf/:/usr/share/lilypond/2.22.1/fonts/type1/:/usr/share/lilypond/2.22.1/fonts/svg/:')
    \include 
             "../bassline_option.ly"
/tmp/tmpoc4letcl/2024-10-14T11-27-33-436620-4c5f13e.ly:36:14: error: cannot find file: `../lh/gf-01-lh-3.ly'
(search path: `/tmp/tmpoc4letcl:/home/user/GitHub/Artyfyshall-Bird/code-implementation:/usr/share/lilypond/2.22.1/ly:/usr/share/lilypond/2.22.1/ps:/usr/share/lilypond/2.22.1/scm:/usr/share/lilypond/2.22.1/fonts/otf/:/usr/share/lilypond/2.22.1/fonts/type1/:/usr/share/lilypond/2.22.1/fonts/svg/:')
    \include 
             "../lh/gf-01-lh-3.ly"
/tmp/tmpoc4letcl/2024-10-14T11-27-33-436620-4c5f13e.ly:37:14: error: cannot find file: `../lh/gf-01-lh-74.ly'
(search path: `/tmp/tmpoc4letcl:/home/user/GitHub/Artyfyshall-Bird/code-implementation:/usr/share/lilypond/2.22.1/ly:/usr/share/lilypond/2.22.1/ps:/usr/share/lilypond/2.22.1/scm:/usr/share/lilypond/2.22.1/fonts/otf/:/usr/share/lilypond/2.22.1/fonts/type1/:/usr/share/lilypond/2.22.1/fonts/svg/:')
    \include 
             "../lh/gf-01-lh-74.ly"
/tmp/tmpoc4letcl/2024-10-14T11-27-33-436620-4c5f13e.ly:38:14: error: cannot find file: `../lh/gf-01-lh-128.ly'
(search path: `/tmp/tmpoc4letcl:/home/user/GitHub/Artyfyshall-Bird/code-implementation:/usr/share/lilypond/2.22.1/ly:/usr/share/lilypond/2.22.1/ps:/usr/share/lilypond/2.22.1/scm:/usr/share/lilypond/2.22.1/fonts/otf/:/usr/share/lilypond/2.22.1/fonts/type1/:/usr/share/lilypond/2.22.1/fonts/svg/:')
    \include 
             "../lh/gf-01-lh-128.ly"
/tmp/tmpoc4letcl/2024-10-14T11-27-33-436620-4c5f13e.ly:39:14: error: cannot find file: `../lh/gf-01-lh-53.ly'
(search path: `/tmp/tmpoc4letcl:/home/user/GitHub/Artyfyshall-Bird/code-implementation:/usr/share/lilypond/2.22.1/ly:/usr/share/lilypond/2.22.1/ps:/usr/share/lilypond/2.22.1/scm:/usr/share/lilypond/2.22.1/fonts/otf/:/usr/share/lilypond/2.22.1/fonts/type1/:/usr/share/lilypond/2.22.1/fonts/svg/:')
    \include 
             "../lh/gf-01-lh-53.ly"
/tmp/tmpoc4letcl/2024-10-14T11-27-33-436620-4c5f13e.ly:40:14: error: cannot find file: `../lh/gf-01-lh-28.ly'
(search path: `/tmp/tmpoc4letcl:/home/user/GitHub/Artyfyshall-Bird/code-implementation:/usr/share/lilypond/2.22.1/ly:/usr/share/lilypond/2.22.1/ps:/usr/share/lilypond/2.22.1/scm:/usr/share/lilypond/2.22.1/fonts/otf/:/usr/share/lilypond/2.22.1/fonts/type1/:/usr/share/lilypond/2.22.1/fonts/svg/:')
    \include 
             "../lh/gf-01-lh-28.ly"
/tmp/tmpoc4letcl/2024-10-14T11-27-33-436620-4c5f13e.ly:41:14: error: cannot find file: `../lh/gf-01-lh-68.ly'
(search path: `/tmp/tmpoc4letcl:/home/user/GitHub/Artyfyshall-Bird/code-implementation:/usr/share/lilypond/2.22.1/ly:/usr/share/lilypond/2.22.1/ps:/usr/share/lilypond/2.22.1/scm:/usr/share/lilypond/2.22.1/fonts/otf/:/usr/share/lilypond/2.22.1/fonts/type1/:/usr/share/lilypond/2.22.1/fonts/svg/:')
    \include 
             "../lh/gf-01-lh-68.ly"
/tmp/tmpoc4letcl/2024-10-14T11-27-33-436620-4c5f13e.ly:42:14: error: cannot find file: `../lh/gf-01-lh-21.ly'
(search path: `/tmp/tmpoc4letcl:/home/user/GitHub/Artyfyshall-Bird/code-implementation:/usr/share/lilypond/2.22.1/ly:/usr/share/lilypond/2.22.1/ps:/usr/share/lilypond/2.22.1/scm:/usr/share/lilypond/2.22.1/fonts/otf/:/usr/share/lilypond/2.22.1/fonts/type1/:/usr/share/lilypond/2.22.1/fonts/svg/:')
    \include 
             "../lh/gf-01-lh-21.ly"
/tmp/tmpoc4letcl/2024-10-14T11-27-33-436620-4c5f13e.ly:43:14: error: cannot find file: `../lh/gf-01-lh-94.ly'
(search path: `/tmp/tmpoc4letcl:/home/user/GitHub/Artyfyshall-Bird/code-implementation:/usr/share/lilypond/2.22.1/ly:/usr/share/lilypond/2.22.1/ps:/usr/share/lilypond/2.22.1/scm:/usr/share/lilypond/2.22.1/fonts/otf/:/usr/share/lilypond/2.22.1/fonts/type1/:/usr/share/lilypond/2.22.1/fonts/svg/:')
    \include 
             "../lh/gf-01-lh-94.ly"
/tmp/tmpoc4letcl/2024-10-14T11-27-33-436620-4c5f13e.ly:44:14: error: cannot find file: `../lh/gf-01-lh-102.ly'
(search path: `/tmp/tmpoc4letcl:/home/user/GitHub/Artyfyshall-Bird/code-implementation:/usr/share/lilypond/2.22.1/ly:/usr/share/lilypond/2.22.1/ps:/usr/share/lilypond/2.22.1/scm:/usr/share/lilypond/2.22.1/fonts/otf/:/usr/share/lilypond/2.22.1/fonts/type1/:/usr/share/lilypond/2.22.1/fonts/svg/:')
    \include 
             "../lh/gf-01-lh-102.ly"
/tmp/tmpoc4letcl/2024-10-14T11-27-33-436620-4c5f13e.ly:45:14: error: cannot find file: `../lh/gf-01-lh-139.ly'
(search path: `/tmp/tmpoc4letcl:/home/user/GitHub/Artyfyshall-Bird/code-implementation:/usr/share/lilypond/2.22.1/ly:/usr/share/lilypond/2.22.1/ps:/usr/share/lilypond/2.22.1/scm:/usr/share/lilypond/2.22.1/fonts/otf/:/usr/share/lilypond/2.22.1/fonts/type1/:/usr/share/lilypond/2.22.1/fonts/svg/:')
    \include 
             "../lh/gf-01-lh-139.ly"
/tmp/tmpoc4letcl/2024-10-14T11-27-33-436620-4c5f13e.ly:46:14: error: cannot find file: `../lh/gf-01-lh-57.ly'
(search path: `/tmp/tmpoc4letcl:/home/user/GitHub/Artyfyshall-Bird/code-implementation:/usr/share/lilypond/2.22.1/ly:/usr/share/lilypond/2.22.1/ps:/usr/share/lilypond/2.22.1/scm:/usr/share/lilypond/2.22.1/fonts/otf/:/usr/share/lilypond/2.22.1/fonts/type1/:/usr/share/lilypond/2.22.1/fonts/svg/:')
    \include 
             "../lh/gf-01-lh-57.ly"
/tmp/tmpoc4letcl/2024-10-14T11-27-33-436620-4c5f13e.ly:47:14: error: cannot find file: `../lh/gf-01-lh-132.ly'
(search path: `/tmp/tmpoc4letcl:/home/user/GitHub/Artyfyshall-Bird/code-implementation:/usr/share/lilypond/2.22.1/ly:/usr/share/lilypond/2.22.1/ps:/usr/share/lilypond/2.22.1/scm:/usr/share/lilypond/2.22.1/fonts/otf/:/usr/share/lilypond/2.22.1/fonts/type1/:/usr/share/lilypond/2.22.1/fonts/svg/:')
    \include 
             "../lh/gf-01-lh-132.ly"
/tmp/tmpoc4letcl/2024-10-14T11-27-33-436620-4c5f13e.ly:48:14: error: cannot find file: `../lh/gf-01-lh-43.ly'
(search path: `/tmp/tmpoc4letcl:/home/user/GitHub/Artyfyshall-Bird/code-implementation:/usr/share/lilypond/2.22.1/ly:/usr/share/lilypond/2.22.1/ps:/usr/share/lilypond/2.22.1/scm:/usr/share/lilypond/2.22.1/fonts/otf/:/usr/share/lilypond/2.22.1/fonts/type1/:/usr/share/lilypond/2.22.1/fonts/svg/:')
    \include 
             "../lh/gf-01-lh-43.ly"
/tmp/tmpoc4letcl/2024-10-14T11-27-33-436620-4c5f13e.ly:49:14: error: cannot find file: `../lh/gf-01-lh-59.ly'
(search path: `/tmp/tmpoc4letcl:/home/user/GitHub/Artyfyshall-Bird/code-implementation:/usr/share/lilypond/2.22.1/ly:/usr/share/lilypond/2.22.1/ps:/usr/share/lilypond/2.22.1/scm:/usr/share/lilypond/2.22.1/fonts/otf/:/usr/share/lilypond/2.22.1/fonts/type1/:/usr/share/lilypond/2.22.1/fonts/svg/:')
    \include 
             "../lh/gf-01-lh-59.ly"
/tmp/tmpoc4letcl/2024-10-14T11-27-33-436620-4c5f13e.ly:50:14: error: cannot find file: `../lh/gf-01-lh-149.ly'
(search path: `/tmp/tmpoc4letcl:/home/user/GitHub/Artyfyshall-Bird/code-implementation:/usr/share/lilypond/2.22.1/ly:/usr/share/lilypond/2.22.1/ps:/usr/share/lilypond/2.22.1/scm:/usr/share/lilypond/2.22.1/fonts/otf/:/usr/share/lilypond/2.22.1/fonts/type1/:/usr/share/lilypond/2.22.1/fonts/svg/:')
    \include 
             "../lh/gf-01-lh-149.ly"
/tmp/tmpoc4letcl/2024-10-14T11-27-33-436620-4c5f13e.ly:51:14: error: cannot find file: `../lh/gf-01-lh-111.ly'
(search path: `/tmp/tmpoc4letcl:/home/user/GitHub/Artyfyshall-Bird/code-implementation:/usr/share/lilypond/2.22.1/ly:/usr/share/lilypond/2.22.1/ps:/usr/share/lilypond/2.22.1/scm:/usr/share/lilypond/2.22.1/fonts/otf/:/usr/share/lilypond/2.22.1/fonts/type1/:/usr/share/lilypond/2.22.1/fonts/svg/:')
    \include 
             "../lh/gf-01-lh-111.ly"
/tmp/tmpoc4letcl/2024-10-14T11-27-33-436620-4c5f13e.ly:55:14: error: cannot find file: `../layout_settings.ly'
(search path: `/tmp/tmpoc4letcl:/home/user/GitHub/Artyfyshall-Bird/code-implementation:/usr/share/lilypond/2.22.1/ly:/usr/share/lilypond/2.22.1/ps:/usr/share/lilypond/2.22.1/scm:/usr/share/lilypond/2.22.1/fonts/otf/:/usr/share/lilypond/2.22.1/fonts/type1/:/usr/share/lilypond/2.22.1/fonts/svg/:')
    \include 
             "../layout_settings.ly"
/tmp/tmpoc4letcl/2024-10-14T11-27-33-436620-4c5f13e.ly:1: warning: no \version statement found, please add

\version "2.22.1"

for future compatibility
Interpreting music...
/tmp/tmpoc4letcl/2024-10-14T11-27-33-436620-4c5f13e.ly:8:5: warning: skipping zero-duration score
    
    <<
/tmp/tmpoc4letcl/2024-10-14T11-27-33-436620-4c5f13e.ly:8:5: warning: to suppress this, consider adding a spacer rest
    
    <<
fatal error: failed files: "/tmp/tmpoc4letcl/2024-10-14T11-27-33-436620-4c5f13e.ly"
