GNU LilyPond 2.22.1
Changing working directory to: `/tmp/tmppip4glxa'
Processing `/tmp/tmppip4glxa/2024-08-21T11-52-22-420373-276d70d.ly'
Parsing...
/tmp/tmppip4glxa/2024-08-21T11-52-22-420373-276d70d.ly:1:10: error: cannot find file: `../paper_settings.ly'
(search path: `/tmp/tmppip4glxa:/home/user/GitHub/Artyfyshall-Bird/code-implementation:/usr/share/lilypond/2.22.1/ly:/usr/share/lilypond/2.22.1/ps:/usr/share/lilypond/2.22.1/scm:/usr/share/lilypond/2.22.1/fonts/otf/:/usr/share/lilypond/2.22.1/fonts/type1/:/usr/share/lilypond/2.22.1/fonts/svg/:')
\include 
         "../paper_settings.ly" 
/tmp/tmppip4glxa/2024-08-21T11-52-22-420373-276d70d.ly:15:14: error: cannot find file: `../voice_option.ly'
(search path: `/tmp/tmppip4glxa:/home/user/GitHub/Artyfyshall-Bird/code-implementation:/usr/share/lilypond/2.22.1/ly:/usr/share/lilypond/2.22.1/ps:/usr/share/lilypond/2.22.1/scm:/usr/share/lilypond/2.22.1/fonts/otf/:/usr/share/lilypond/2.22.1/fonts/type1/:/usr/share/lilypond/2.22.1/fonts/svg/:')
    \include 
             "../voice_option.ly"
/tmp/tmppip4glxa/2024-08-21T11-52-22-420373-276d70d.ly:18:14: error: cannot find file: `../violin1/pm-02-vln1-13.ly'
(search path: `/tmp/tmppip4glxa:/home/user/GitHub/Artyfyshall-Bird/code-implementation:/usr/share/lilypond/2.22.1/ly:/usr/share/lilypond/2.22.1/ps:/usr/share/lilypond/2.22.1/scm:/usr/share/lilypond/2.22.1/fonts/otf/:/usr/share/lilypond/2.22.1/fonts/type1/:/usr/share/lilypond/2.22.1/fonts/svg/:')
    \include 
             "../violin1/pm-02-vln1-13.ly"
/tmp/tmppip4glxa/2024-08-21T11-52-22-420373-276d70d.ly:19:14: error: cannot find file: `../violin1/pm-02-vln1-47.ly'
(search path: `/tmp/tmppip4glxa:/home/user/GitHub/Artyfyshall-Bird/code-implementation:/usr/share/lilypond/2.22.1/ly:/usr/share/lilypond/2.22.1/ps:/usr/share/lilypond/2.22.1/scm:/usr/share/lilypond/2.22.1/fonts/otf/:/usr/share/lilypond/2.22.1/fonts/type1/:/usr/share/lilypond/2.22.1/fonts/svg/:')
    \include 
             "../violin1/pm-02-vln1-47.ly"
/tmp/tmppip4glxa/2024-08-21T11-52-22-420373-276d70d.ly:20:14: error: cannot find file: `../violin1/pm-02-vln1-2.ly'
(search path: `/tmp/tmppip4glxa:/home/user/GitHub/Artyfyshall-Bird/code-implementation:/usr/share/lilypond/2.22.1/ly:/usr/share/lilypond/2.22.1/ps:/usr/share/lilypond/2.22.1/scm:/usr/share/lilypond/2.22.1/fonts/otf/:/usr/share/lilypond/2.22.1/fonts/type1/:/usr/share/lilypond/2.22.1/fonts/svg/:')
    \include 
             "../violin1/pm-02-vln1-2.ly"
/tmp/tmppip4glxa/2024-08-21T11-52-22-420373-276d70d.ly:21:14: error: cannot find file: `../violin1/pm-02-vln1-20.ly'
(search path: `/tmp/tmppip4glxa:/home/user/GitHub/Artyfyshall-Bird/code-implementation:/usr/share/lilypond/2.22.1/ly:/usr/share/lilypond/2.22.1/ps:/usr/share/lilypond/2.22.1/scm:/usr/share/lilypond/2.22.1/fonts/otf/:/usr/share/lilypond/2.22.1/fonts/type1/:/usr/share/lilypond/2.22.1/fonts/svg/:')
    \include 
             "../violin1/pm-02-vln1-20.ly"
/tmp/tmppip4glxa/2024-08-21T11-52-22-420373-276d70d.ly:22:14: error: cannot find file: `../violin1/pm-02-vln1-22.ly'
(search path: `/tmp/tmppip4glxa:/home/user/GitHub/Artyfyshall-Bird/code-implementation:/usr/share/lilypond/2.22.1/ly:/usr/share/lilypond/2.22.1/ps:/usr/share/lilypond/2.22.1/scm:/usr/share/lilypond/2.22.1/fonts/otf/:/usr/share/lilypond/2.22.1/fonts/type1/:/usr/share/lilypond/2.22.1/fonts/svg/:')
    \include 
             "../violin1/pm-02-vln1-22.ly"
/tmp/tmppip4glxa/2024-08-21T11-52-22-420373-276d70d.ly:23:14: error: cannot find file: `../violin1/pm-02-vln1-69.ly'
(search path: `/tmp/tmppip4glxa:/home/user/GitHub/Artyfyshall-Bird/code-implementation:/usr/share/lilypond/2.22.1/ly:/usr/share/lilypond/2.22.1/ps:/usr/share/lilypond/2.22.1/scm:/usr/share/lilypond/2.22.1/fonts/otf/:/usr/share/lilypond/2.22.1/fonts/type1/:/usr/share/lilypond/2.22.1/fonts/svg/:')
    \include 
             "../violin1/pm-02-vln1-69.ly"
/tmp/tmppip4glxa/2024-08-21T11-52-22-420373-276d70d.ly:24:14: error: cannot find file: `../violin1/pm-02-vln1-67.ly'
(search path: `/tmp/tmppip4glxa:/home/user/GitHub/Artyfyshall-Bird/code-implementation:/usr/share/lilypond/2.22.1/ly:/usr/share/lilypond/2.22.1/ps:/usr/share/lilypond/2.22.1/scm:/usr/share/lilypond/2.22.1/fonts/otf/:/usr/share/lilypond/2.22.1/fonts/type1/:/usr/share/lilypond/2.22.1/fonts/svg/:')
    \include 
             "../violin1/pm-02-vln1-67.ly"
/tmp/tmppip4glxa/2024-08-21T11-52-22-420373-276d70d.ly:25:14: error: cannot find file: `../violin1/pm-02-vln1-48.ly'
(search path: `/tmp/tmppip4glxa:/home/user/GitHub/Artyfyshall-Bird/code-implementation:/usr/share/lilypond/2.22.1/ly:/usr/share/lilypond/2.22.1/ps:/usr/share/lilypond/2.22.1/scm:/usr/share/lilypond/2.22.1/fonts/otf/:/usr/share/lilypond/2.22.1/fonts/type1/:/usr/share/lilypond/2.22.1/fonts/svg/:')
    \include 
             "../violin1/pm-02-vln1-48.ly"
/tmp/tmppip4glxa/2024-08-21T11-52-22-420373-276d70d.ly:29:14: error: cannot find file: `../violin1/pm-02-vln1-38.ly'
(search path: `/tmp/tmppip4glxa:/home/user/GitHub/Artyfyshall-Bird/code-implementation:/usr/share/lilypond/2.22.1/ly:/usr/share/lilypond/2.22.1/ps:/usr/share/lilypond/2.22.1/scm:/usr/share/lilypond/2.22.1/fonts/otf/:/usr/share/lilypond/2.22.1/fonts/type1/:/usr/share/lilypond/2.22.1/fonts/svg/:')
    \include 
             "../violin1/pm-02-vln1-38.ly"
/tmp/tmppip4glxa/2024-08-21T11-52-22-420373-276d70d.ly:30:14: error: cannot find file: `../violin1/pm-02-vln1-78.ly'
(search path: `/tmp/tmppip4glxa:/home/user/GitHub/Artyfyshall-Bird/code-implementation:/usr/share/lilypond/2.22.1/ly:/usr/share/lilypond/2.22.1/ps:/usr/share/lilypond/2.22.1/scm:/usr/share/lilypond/2.22.1/fonts/otf/:/usr/share/lilypond/2.22.1/fonts/type1/:/usr/share/lilypond/2.22.1/fonts/svg/:')
    \include 
             "../violin1/pm-02-vln1-78.ly"
/tmp/tmppip4glxa/2024-08-21T11-52-22-420373-276d70d.ly:31:14: error: cannot find file: `../violin1/pm-02-vln1-21.ly'
(search path: `/tmp/tmppip4glxa:/home/user/GitHub/Artyfyshall-Bird/code-implementation:/usr/share/lilypond/2.22.1/ly:/usr/share/lilypond/2.22.1/ps:/usr/share/lilypond/2.22.1/scm:/usr/share/lilypond/2.22.1/fonts/otf/:/usr/share/lilypond/2.22.1/fonts/type1/:/usr/share/lilypond/2.22.1/fonts/svg/:')
    \include 
             "../violin1/pm-02-vln1-21.ly"
/tmp/tmppip4glxa/2024-08-21T11-52-22-420373-276d70d.ly:32:14: error: cannot find file: `../violin1/pm-02-vln1-39.ly'
(search path: `/tmp/tmppip4glxa:/home/user/GitHub/Artyfyshall-Bird/code-implementation:/usr/share/lilypond/2.22.1/ly:/usr/share/lilypond/2.22.1/ps:/usr/share/lilypond/2.22.1/scm:/usr/share/lilypond/2.22.1/fonts/otf/:/usr/share/lilypond/2.22.1/fonts/type1/:/usr/share/lilypond/2.22.1/fonts/svg/:')
    \include 
             "../violin1/pm-02-vln1-39.ly"
/tmp/tmppip4glxa/2024-08-21T11-52-22-420373-276d70d.ly:33:14: error: cannot find file: `../violin1/pm-02-vln1-45.ly'
(search path: `/tmp/tmppip4glxa:/home/user/GitHub/Artyfyshall-Bird/code-implementation:/usr/share/lilypond/2.22.1/ly:/usr/share/lilypond/2.22.1/ps:/usr/share/lilypond/2.22.1/scm:/usr/share/lilypond/2.22.1/fonts/otf/:/usr/share/lilypond/2.22.1/fonts/type1/:/usr/share/lilypond/2.22.1/fonts/svg/:')
    \include 
             "../violin1/pm-02-vln1-45.ly"
/tmp/tmppip4glxa/2024-08-21T11-52-22-420373-276d70d.ly:34:14: error: cannot find file: `../violin1/pm-02-vln1-6.ly'
(search path: `/tmp/tmppip4glxa:/home/user/GitHub/Artyfyshall-Bird/code-implementation:/usr/share/lilypond/2.22.1/ly:/usr/share/lilypond/2.22.1/ps:/usr/share/lilypond/2.22.1/scm:/usr/share/lilypond/2.22.1/fonts/otf/:/usr/share/lilypond/2.22.1/fonts/type1/:/usr/share/lilypond/2.22.1/fonts/svg/:')
    \include 
             "../violin1/pm-02-vln1-6.ly"
/tmp/tmppip4glxa/2024-08-21T11-52-22-420373-276d70d.ly:35:14: error: cannot find file: `../violin1/pm-02-vln1-26.ly'
(search path: `/tmp/tmppip4glxa:/home/user/GitHub/Artyfyshall-Bird/code-implementation:/usr/share/lilypond/2.22.1/ly:/usr/share/lilypond/2.22.1/ps:/usr/share/lilypond/2.22.1/scm:/usr/share/lilypond/2.22.1/fonts/otf/:/usr/share/lilypond/2.22.1/fonts/type1/:/usr/share/lilypond/2.22.1/fonts/svg/:')
    \include 
             "../violin1/pm-02-vln1-26.ly"
/tmp/tmppip4glxa/2024-08-21T11-52-22-420373-276d70d.ly:36:14: error: cannot find file: `../violin1/pm-02-vln1-24.ly'
(search path: `/tmp/tmppip4glxa:/home/user/GitHub/Artyfyshall-Bird/code-implementation:/usr/share/lilypond/2.22.1/ly:/usr/share/lilypond/2.22.1/ps:/usr/share/lilypond/2.22.1/scm:/usr/share/lilypond/2.22.1/fonts/otf/:/usr/share/lilypond/2.22.1/fonts/type1/:/usr/share/lilypond/2.22.1/fonts/svg/:')
    \include 
             "../violin1/pm-02-vln1-24.ly"
/tmp/tmppip4glxa/2024-08-21T11-52-22-420373-276d70d.ly:45:14: error: cannot find file: `../voice_option.ly'
(search path: `/tmp/tmppip4glxa:/home/user/GitHub/Artyfyshall-Bird/code-implementation:/usr/share/lilypond/2.22.1/ly:/usr/share/lilypond/2.22.1/ps:/usr/share/lilypond/2.22.1/scm:/usr/share/lilypond/2.22.1/fonts/otf/:/usr/share/lilypond/2.22.1/fonts/type1/:/usr/share/lilypond/2.22.1/fonts/svg/:')
    \include 
             "../voice_option.ly"
/tmp/tmppip4glxa/2024-08-21T11-52-22-420373-276d70d.ly:46:14: error: cannot find file: `../rh/pm-02-rh-13.ly'
(search path: `/tmp/tmppip4glxa:/home/user/GitHub/Artyfyshall-Bird/code-implementation:/usr/share/lilypond/2.22.1/ly:/usr/share/lilypond/2.22.1/ps:/usr/share/lilypond/2.22.1/scm:/usr/share/lilypond/2.22.1/fonts/otf/:/usr/share/lilypond/2.22.1/fonts/type1/:/usr/share/lilypond/2.22.1/fonts/svg/:')
    \include 
             "../rh/pm-02-rh-13.ly"
/tmp/tmppip4glxa/2024-08-21T11-52-22-420373-276d70d.ly:47:14: error: cannot find file: `../rh/pm-02-rh-47.ly'
(search path: `/tmp/tmppip4glxa:/home/user/GitHub/Artyfyshall-Bird/code-implementation:/usr/share/lilypond/2.22.1/ly:/usr/share/lilypond/2.22.1/ps:/usr/share/lilypond/2.22.1/scm:/usr/share/lilypond/2.22.1/fonts/otf/:/usr/share/lilypond/2.22.1/fonts/type1/:/usr/share/lilypond/2.22.1/fonts/svg/:')
    \include 
             "../rh/pm-02-rh-47.ly"
/tmp/tmppip4glxa/2024-08-21T11-52-22-420373-276d70d.ly:48:14: error: cannot find file: `../rh/pm-02-rh-2.ly'
(search path: `/tmp/tmppip4glxa:/home/user/GitHub/Artyfyshall-Bird/code-implementation:/usr/share/lilypond/2.22.1/ly:/usr/share/lilypond/2.22.1/ps:/usr/share/lilypond/2.22.1/scm:/usr/share/lilypond/2.22.1/fonts/otf/:/usr/share/lilypond/2.22.1/fonts/type1/:/usr/share/lilypond/2.22.1/fonts/svg/:')
    \include 
             "../rh/pm-02-rh-2.ly"
/tmp/tmppip4glxa/2024-08-21T11-52-22-420373-276d70d.ly:49:14: error: cannot find file: `../rh/pm-02-rh-20.ly'
(search path: `/tmp/tmppip4glxa:/home/user/GitHub/Artyfyshall-Bird/code-implementation:/usr/share/lilypond/2.22.1/ly:/usr/share/lilypond/2.22.1/ps:/usr/share/lilypond/2.22.1/scm:/usr/share/lilypond/2.22.1/fonts/otf/:/usr/share/lilypond/2.22.1/fonts/type1/:/usr/share/lilypond/2.22.1/fonts/svg/:')
    \include 
             "../rh/pm-02-rh-20.ly"
/tmp/tmppip4glxa/2024-08-21T11-52-22-420373-276d70d.ly:50:14: error: cannot find file: `../rh/pm-02-rh-22.ly'
(search path: `/tmp/tmppip4glxa:/home/user/GitHub/Artyfyshall-Bird/code-implementation:/usr/share/lilypond/2.22.1/ly:/usr/share/lilypond/2.22.1/ps:/usr/share/lilypond/2.22.1/scm:/usr/share/lilypond/2.22.1/fonts/otf/:/usr/share/lilypond/2.22.1/fonts/type1/:/usr/share/lilypond/2.22.1/fonts/svg/:')
    \include 
             "../rh/pm-02-rh-22.ly"
/tmp/tmppip4glxa/2024-08-21T11-52-22-420373-276d70d.ly:51:14: error: cannot find file: `../rh/pm-02-rh-69.ly'
(search path: `/tmp/tmppip4glxa:/home/user/GitHub/Artyfyshall-Bird/code-implementation:/usr/share/lilypond/2.22.1/ly:/usr/share/lilypond/2.22.1/ps:/usr/share/lilypond/2.22.1/scm:/usr/share/lilypond/2.22.1/fonts/otf/:/usr/share/lilypond/2.22.1/fonts/type1/:/usr/share/lilypond/2.22.1/fonts/svg/:')
    \include 
             "../rh/pm-02-rh-69.ly"
/tmp/tmppip4glxa/2024-08-21T11-52-22-420373-276d70d.ly:52:14: error: cannot find file: `../rh/pm-02-rh-67.ly'
(search path: `/tmp/tmppip4glxa:/home/user/GitHub/Artyfyshall-Bird/code-implementation:/usr/share/lilypond/2.22.1/ly:/usr/share/lilypond/2.22.1/ps:/usr/share/lilypond/2.22.1/scm:/usr/share/lilypond/2.22.1/fonts/otf/:/usr/share/lilypond/2.22.1/fonts/type1/:/usr/share/lilypond/2.22.1/fonts/svg/:')
    \include 
             "../rh/pm-02-rh-67.ly"
/tmp/tmppip4glxa/2024-08-21T11-52-22-420373-276d70d.ly:53:14: error: cannot find file: `../rh/pm-02-rh-48.ly'
(search path: `/tmp/tmppip4glxa:/home/user/GitHub/Artyfyshall-Bird/code-implementation:/usr/share/lilypond/2.22.1/ly:/usr/share/lilypond/2.22.1/ps:/usr/share/lilypond/2.22.1/scm:/usr/share/lilypond/2.22.1/fonts/otf/:/usr/share/lilypond/2.22.1/fonts/type1/:/usr/share/lilypond/2.22.1/fonts/svg/:')
    \include 
             "../rh/pm-02-rh-48.ly"
/tmp/tmppip4glxa/2024-08-21T11-52-22-420373-276d70d.ly:54:14: error: cannot find file: `../rh/pm-02-rh-38.ly'
(search path: `/tmp/tmppip4glxa:/home/user/GitHub/Artyfyshall-Bird/code-implementation:/usr/share/lilypond/2.22.1/ly:/usr/share/lilypond/2.22.1/ps:/usr/share/lilypond/2.22.1/scm:/usr/share/lilypond/2.22.1/fonts/otf/:/usr/share/lilypond/2.22.1/fonts/type1/:/usr/share/lilypond/2.22.1/fonts/svg/:')
    \include 
             "../rh/pm-02-rh-38.ly"
/tmp/tmppip4glxa/2024-08-21T11-52-22-420373-276d70d.ly:55:14: error: cannot find file: `../rh/pm-02-rh-78.ly'
(search path: `/tmp/tmppip4glxa:/home/user/GitHub/Artyfyshall-Bird/code-implementation:/usr/share/lilypond/2.22.1/ly:/usr/share/lilypond/2.22.1/ps:/usr/share/lilypond/2.22.1/scm:/usr/share/lilypond/2.22.1/fonts/otf/:/usr/share/lilypond/2.22.1/fonts/type1/:/usr/share/lilypond/2.22.1/fonts/svg/:')
    \include 
             "../rh/pm-02-rh-78.ly"
/tmp/tmppip4glxa/2024-08-21T11-52-22-420373-276d70d.ly:56:14: error: cannot find file: `../rh/pm-02-rh-21.ly'
(search path: `/tmp/tmppip4glxa:/home/user/GitHub/Artyfyshall-Bird/code-implementation:/usr/share/lilypond/2.22.1/ly:/usr/share/lilypond/2.22.1/ps:/usr/share/lilypond/2.22.1/scm:/usr/share/lilypond/2.22.1/fonts/otf/:/usr/share/lilypond/2.22.1/fonts/type1/:/usr/share/lilypond/2.22.1/fonts/svg/:')
    \include 
             "../rh/pm-02-rh-21.ly"
/tmp/tmppip4glxa/2024-08-21T11-52-22-420373-276d70d.ly:57:14: error: cannot find file: `../rh/pm-02-rh-39.ly'
(search path: `/tmp/tmppip4glxa:/home/user/GitHub/Artyfyshall-Bird/code-implementation:/usr/share/lilypond/2.22.1/ly:/usr/share/lilypond/2.22.1/ps:/usr/share/lilypond/2.22.1/scm:/usr/share/lilypond/2.22.1/fonts/otf/:/usr/share/lilypond/2.22.1/fonts/type1/:/usr/share/lilypond/2.22.1/fonts/svg/:')
    \include 
             "../rh/pm-02-rh-39.ly"
/tmp/tmppip4glxa/2024-08-21T11-52-22-420373-276d70d.ly:58:14: error: cannot find file: `../rh/pm-02-rh-45.ly'
(search path: `/tmp/tmppip4glxa:/home/user/GitHub/Artyfyshall-Bird/code-implementation:/usr/share/lilypond/2.22.1/ly:/usr/share/lilypond/2.22.1/ps:/usr/share/lilypond/2.22.1/scm:/usr/share/lilypond/2.22.1/fonts/otf/:/usr/share/lilypond/2.22.1/fonts/type1/:/usr/share/lilypond/2.22.1/fonts/svg/:')
    \include 
             "../rh/pm-02-rh-45.ly"
/tmp/tmppip4glxa/2024-08-21T11-52-22-420373-276d70d.ly:59:14: error: cannot find file: `../rh/pm-02-rh-6.ly'
(search path: `/tmp/tmppip4glxa:/home/user/GitHub/Artyfyshall-Bird/code-implementation:/usr/share/lilypond/2.22.1/ly:/usr/share/lilypond/2.22.1/ps:/usr/share/lilypond/2.22.1/scm:/usr/share/lilypond/2.22.1/fonts/otf/:/usr/share/lilypond/2.22.1/fonts/type1/:/usr/share/lilypond/2.22.1/fonts/svg/:')
    \include 
             "../rh/pm-02-rh-6.ly"
/tmp/tmppip4glxa/2024-08-21T11-52-22-420373-276d70d.ly:60:14: error: cannot find file: `../rh/pm-02-rh-26.ly'
(search path: `/tmp/tmppip4glxa:/home/user/GitHub/Artyfyshall-Bird/code-implementation:/usr/share/lilypond/2.22.1/ly:/usr/share/lilypond/2.22.1/ps:/usr/share/lilypond/2.22.1/scm:/usr/share/lilypond/2.22.1/fonts/otf/:/usr/share/lilypond/2.22.1/fonts/type1/:/usr/share/lilypond/2.22.1/fonts/svg/:')
    \include 
             "../rh/pm-02-rh-26.ly"
/tmp/tmppip4glxa/2024-08-21T11-52-22-420373-276d70d.ly:61:14: error: cannot find file: `../rh/pm-02-rh-24.ly'
(search path: `/tmp/tmppip4glxa:/home/user/GitHub/Artyfyshall-Bird/code-implementation:/usr/share/lilypond/2.22.1/ly:/usr/share/lilypond/2.22.1/ps:/usr/share/lilypond/2.22.1/scm:/usr/share/lilypond/2.22.1/fonts/otf/:/usr/share/lilypond/2.22.1/fonts/type1/:/usr/share/lilypond/2.22.1/fonts/svg/:')
    \include 
             "../rh/pm-02-rh-24.ly"
/tmp/tmppip4glxa/2024-08-21T11-52-22-420373-276d70d.ly:64:14: error: cannot find file: `../bassline_option.ly'
(search path: `/tmp/tmppip4glxa:/home/user/GitHub/Artyfyshall-Bird/code-implementation:/usr/share/lilypond/2.22.1/ly:/usr/share/lilypond/2.22.1/ps:/usr/share/lilypond/2.22.1/scm:/usr/share/lilypond/2.22.1/fonts/otf/:/usr/share/lilypond/2.22.1/fonts/type1/:/usr/share/lilypond/2.22.1/fonts/svg/:')
    \include 
             "../bassline_option.ly"
/tmp/tmppip4glxa/2024-08-21T11-52-22-420373-276d70d.ly:65:14: error: cannot find file: `../lh/pm-02-lh-13.ly'
(search path: `/tmp/tmppip4glxa:/home/user/GitHub/Artyfyshall-Bird/code-implementation:/usr/share/lilypond/2.22.1/ly:/usr/share/lilypond/2.22.1/ps:/usr/share/lilypond/2.22.1/scm:/usr/share/lilypond/2.22.1/fonts/otf/:/usr/share/lilypond/2.22.1/fonts/type1/:/usr/share/lilypond/2.22.1/fonts/svg/:')
    \include 
             "../lh/pm-02-lh-13.ly"
/tmp/tmppip4glxa/2024-08-21T11-52-22-420373-276d70d.ly:66:14: error: cannot find file: `../lh/pm-02-lh-47.ly'
(search path: `/tmp/tmppip4glxa:/home/user/GitHub/Artyfyshall-Bird/code-implementation:/usr/share/lilypond/2.22.1/ly:/usr/share/lilypond/2.22.1/ps:/usr/share/lilypond/2.22.1/scm:/usr/share/lilypond/2.22.1/fonts/otf/:/usr/share/lilypond/2.22.1/fonts/type1/:/usr/share/lilypond/2.22.1/fonts/svg/:')
    \include 
             "../lh/pm-02-lh-47.ly"
/tmp/tmppip4glxa/2024-08-21T11-52-22-420373-276d70d.ly:67:14: error: cannot find file: `../lh/pm-02-lh-2.ly'
(search path: `/tmp/tmppip4glxa:/home/user/GitHub/Artyfyshall-Bird/code-implementation:/usr/share/lilypond/2.22.1/ly:/usr/share/lilypond/2.22.1/ps:/usr/share/lilypond/2.22.1/scm:/usr/share/lilypond/2.22.1/fonts/otf/:/usr/share/lilypond/2.22.1/fonts/type1/:/usr/share/lilypond/2.22.1/fonts/svg/:')
    \include 
             "../lh/pm-02-lh-2.ly"
/tmp/tmppip4glxa/2024-08-21T11-52-22-420373-276d70d.ly:68:14: error: cannot find file: `../lh/pm-02-lh-20.ly'
(search path: `/tmp/tmppip4glxa:/home/user/GitHub/Artyfyshall-Bird/code-implementation:/usr/share/lilypond/2.22.1/ly:/usr/share/lilypond/2.22.1/ps:/usr/share/lilypond/2.22.1/scm:/usr/share/lilypond/2.22.1/fonts/otf/:/usr/share/lilypond/2.22.1/fonts/type1/:/usr/share/lilypond/2.22.1/fonts/svg/:')
    \include 
             "../lh/pm-02-lh-20.ly"
/tmp/tmppip4glxa/2024-08-21T11-52-22-420373-276d70d.ly:69:14: error: cannot find file: `../lh/pm-02-lh-22.ly'
(search path: `/tmp/tmppip4glxa:/home/user/GitHub/Artyfyshall-Bird/code-implementation:/usr/share/lilypond/2.22.1/ly:/usr/share/lilypond/2.22.1/ps:/usr/share/lilypond/2.22.1/scm:/usr/share/lilypond/2.22.1/fonts/otf/:/usr/share/lilypond/2.22.1/fonts/type1/:/usr/share/lilypond/2.22.1/fonts/svg/:')
    \include 
             "../lh/pm-02-lh-22.ly"
/tmp/tmppip4glxa/2024-08-21T11-52-22-420373-276d70d.ly:70:14: error: cannot find file: `../lh/pm-02-lh-69.ly'
(search path: `/tmp/tmppip4glxa:/home/user/GitHub/Artyfyshall-Bird/code-implementation:/usr/share/lilypond/2.22.1/ly:/usr/share/lilypond/2.22.1/ps:/usr/share/lilypond/2.22.1/scm:/usr/share/lilypond/2.22.1/fonts/otf/:/usr/share/lilypond/2.22.1/fonts/type1/:/usr/share/lilypond/2.22.1/fonts/svg/:')
    \include 
             "../lh/pm-02-lh-69.ly"
/tmp/tmppip4glxa/2024-08-21T11-52-22-420373-276d70d.ly:71:14: error: cannot find file: `../lh/pm-02-lh-67.ly'
(search path: `/tmp/tmppip4glxa:/home/user/GitHub/Artyfyshall-Bird/code-implementation:/usr/share/lilypond/2.22.1/ly:/usr/share/lilypond/2.22.1/ps:/usr/share/lilypond/2.22.1/scm:/usr/share/lilypond/2.22.1/fonts/otf/:/usr/share/lilypond/2.22.1/fonts/type1/:/usr/share/lilypond/2.22.1/fonts/svg/:')
    \include 
             "../lh/pm-02-lh-67.ly"
/tmp/tmppip4glxa/2024-08-21T11-52-22-420373-276d70d.ly:72:14: error: cannot find file: `../lh/pm-02-lh-48.ly'
(search path: `/tmp/tmppip4glxa:/home/user/GitHub/Artyfyshall-Bird/code-implementation:/usr/share/lilypond/2.22.1/ly:/usr/share/lilypond/2.22.1/ps:/usr/share/lilypond/2.22.1/scm:/usr/share/lilypond/2.22.1/fonts/otf/:/usr/share/lilypond/2.22.1/fonts/type1/:/usr/share/lilypond/2.22.1/fonts/svg/:')
    \include 
             "../lh/pm-02-lh-48.ly"
/tmp/tmppip4glxa/2024-08-21T11-52-22-420373-276d70d.ly:73:14: error: cannot find file: `../lh/pm-02-lh-38.ly'
(search path: `/tmp/tmppip4glxa:/home/user/GitHub/Artyfyshall-Bird/code-implementation:/usr/share/lilypond/2.22.1/ly:/usr/share/lilypond/2.22.1/ps:/usr/share/lilypond/2.22.1/scm:/usr/share/lilypond/2.22.1/fonts/otf/:/usr/share/lilypond/2.22.1/fonts/type1/:/usr/share/lilypond/2.22.1/fonts/svg/:')
    \include 
             "../lh/pm-02-lh-38.ly"
/tmp/tmppip4glxa/2024-08-21T11-52-22-420373-276d70d.ly:74:14: error: cannot find file: `../lh/pm-02-lh-78.ly'
(search path: `/tmp/tmppip4glxa:/home/user/GitHub/Artyfyshall-Bird/code-implementation:/usr/share/lilypond/2.22.1/ly:/usr/share/lilypond/2.22.1/ps:/usr/share/lilypond/2.22.1/scm:/usr/share/lilypond/2.22.1/fonts/otf/:/usr/share/lilypond/2.22.1/fonts/type1/:/usr/share/lilypond/2.22.1/fonts/svg/:')
    \include 
             "../lh/pm-02-lh-78.ly"
/tmp/tmppip4glxa/2024-08-21T11-52-22-420373-276d70d.ly:75:14: error: cannot find file: `../lh/pm-02-lh-21.ly'
(search path: `/tmp/tmppip4glxa:/home/user/GitHub/Artyfyshall-Bird/code-implementation:/usr/share/lilypond/2.22.1/ly:/usr/share/lilypond/2.22.1/ps:/usr/share/lilypond/2.22.1/scm:/usr/share/lilypond/2.22.1/fonts/otf/:/usr/share/lilypond/2.22.1/fonts/type1/:/usr/share/lilypond/2.22.1/fonts/svg/:')
    \include 
             "../lh/pm-02-lh-21.ly"
/tmp/tmppip4glxa/2024-08-21T11-52-22-420373-276d70d.ly:76:14: error: cannot find file: `../lh/pm-02-lh-39.ly'
(search path: `/tmp/tmppip4glxa:/home/user/GitHub/Artyfyshall-Bird/code-implementation:/usr/share/lilypond/2.22.1/ly:/usr/share/lilypond/2.22.1/ps:/usr/share/lilypond/2.22.1/scm:/usr/share/lilypond/2.22.1/fonts/otf/:/usr/share/lilypond/2.22.1/fonts/type1/:/usr/share/lilypond/2.22.1/fonts/svg/:')
    \include 
             "../lh/pm-02-lh-39.ly"
/tmp/tmppip4glxa/2024-08-21T11-52-22-420373-276d70d.ly:77:14: error: cannot find file: `../lh/pm-02-lh-45.ly'
(search path: `/tmp/tmppip4glxa:/home/user/GitHub/Artyfyshall-Bird/code-implementation:/usr/share/lilypond/2.22.1/ly:/usr/share/lilypond/2.22.1/ps:/usr/share/lilypond/2.22.1/scm:/usr/share/lilypond/2.22.1/fonts/otf/:/usr/share/lilypond/2.22.1/fonts/type1/:/usr/share/lilypond/2.22.1/fonts/svg/:')
    \include 
             "../lh/pm-02-lh-45.ly"
/tmp/tmppip4glxa/2024-08-21T11-52-22-420373-276d70d.ly:78:14: error: cannot find file: `../lh/pm-02-lh-6.ly'
(search path: `/tmp/tmppip4glxa:/home/user/GitHub/Artyfyshall-Bird/code-implementation:/usr/share/lilypond/2.22.1/ly:/usr/share/lilypond/2.22.1/ps:/usr/share/lilypond/2.22.1/scm:/usr/share/lilypond/2.22.1/fonts/otf/:/usr/share/lilypond/2.22.1/fonts/type1/:/usr/share/lilypond/2.22.1/fonts/svg/:')
    \include 
             "../lh/pm-02-lh-6.ly"
/tmp/tmppip4glxa/2024-08-21T11-52-22-420373-276d70d.ly:79:14: error: cannot find file: `../lh/pm-02-lh-26.ly'
(search path: `/tmp/tmppip4glxa:/home/user/GitHub/Artyfyshall-Bird/code-implementation:/usr/share/lilypond/2.22.1/ly:/usr/share/lilypond/2.22.1/ps:/usr/share/lilypond/2.22.1/scm:/usr/share/lilypond/2.22.1/fonts/otf/:/usr/share/lilypond/2.22.1/fonts/type1/:/usr/share/lilypond/2.22.1/fonts/svg/:')
    \include 
             "../lh/pm-02-lh-26.ly"
/tmp/tmppip4glxa/2024-08-21T11-52-22-420373-276d70d.ly:80:14: error: cannot find file: `../lh/pm-02-lh-24.ly'
(search path: `/tmp/tmppip4glxa:/home/user/GitHub/Artyfyshall-Bird/code-implementation:/usr/share/lilypond/2.22.1/ly:/usr/share/lilypond/2.22.1/ps:/usr/share/lilypond/2.22.1/scm:/usr/share/lilypond/2.22.1/fonts/otf/:/usr/share/lilypond/2.22.1/fonts/type1/:/usr/share/lilypond/2.22.1/fonts/svg/:')
    \include 
             "../lh/pm-02-lh-24.ly"
/tmp/tmppip4glxa/2024-08-21T11-52-22-420373-276d70d.ly:84:14: error: cannot find file: `../layout_settings.ly'
(search path: `/tmp/tmppip4glxa:/home/user/GitHub/Artyfyshall-Bird/code-implementation:/usr/share/lilypond/2.22.1/ly:/usr/share/lilypond/2.22.1/ps:/usr/share/lilypond/2.22.1/scm:/usr/share/lilypond/2.22.1/fonts/otf/:/usr/share/lilypond/2.22.1/fonts/type1/:/usr/share/lilypond/2.22.1/fonts/svg/:')
    \include 
             "../layout_settings.ly"
/tmp/tmppip4glxa/2024-08-21T11-52-22-420373-276d70d.ly:1: warning: no \version statement found, please add

\version "2.22.1"

for future compatibility
Interpreting music...
/tmp/tmppip4glxa/2024-08-21T11-52-22-420373-276d70d.ly:8:5: warning: skipping zero-duration score
    
    <<
/tmp/tmppip4glxa/2024-08-21T11-52-22-420373-276d70d.ly:8:5: warning: to suppress this, consider adding a spacer rest
    
    <<
fatal error: failed files: "/tmp/tmppip4glxa/2024-08-21T11-52-22-420373-276d70d.ly"
