GNU LilyPond 2.22.1
Changing working directory to: `/tmp/tmp0lherosk'
Processing `/tmp/tmp0lherosk/2024-04-29T16-39-15-547981-b1150f8.ly'
Parsing...
/tmp/tmp0lherosk/2024-04-29T16-39-15-547981-b1150f8.ly:1:10: error: cannot find file: `../paper_settings.ly'
(search path: `/tmp/tmp0lherosk:/home/user/GitHub/Artyfyshall-Bird/code-implementation:/usr/share/lilypond/2.22.1/ly:/usr/share/lilypond/2.22.1/ps:/usr/share/lilypond/2.22.1/scm:/usr/share/lilypond/2.22.1/fonts/otf/:/usr/share/lilypond/2.22.1/fonts/type1/:/usr/share/lilypond/2.22.1/fonts/svg/:')
\include 
         "../paper_settings.ly" 
/tmp/tmp0lherosk/2024-04-29T16-39-15-547981-b1150f8.ly:13:14: error: cannot find file: `../voice_option.ly'
(search path: `/tmp/tmp0lherosk:/home/user/GitHub/Artyfyshall-Bird/code-implementation:/usr/share/lilypond/2.22.1/ly:/usr/share/lilypond/2.22.1/ps:/usr/share/lilypond/2.22.1/scm:/usr/share/lilypond/2.22.1/fonts/otf/:/usr/share/lilypond/2.22.1/fonts/type1/:/usr/share/lilypond/2.22.1/fonts/svg/:')
    \include 
             "../voice_option.ly"
/tmp/tmp0lherosk/2024-04-29T16-39-15-547981-b1150f8.ly:15:14: error: cannot find file: `../rh/kk-01-rh-A2.ly'
(search path: `/tmp/tmp0lherosk:/home/user/GitHub/Artyfyshall-Bird/code-implementation:/usr/share/lilypond/2.22.1/ly:/usr/share/lilypond/2.22.1/ps:/usr/share/lilypond/2.22.1/scm:/usr/share/lilypond/2.22.1/fonts/otf/:/usr/share/lilypond/2.22.1/fonts/type1/:/usr/share/lilypond/2.22.1/fonts/svg/:')
    \include 
             "../rh/kk-01-rh-A2.ly"
/tmp/tmp0lherosk/2024-04-29T16-39-15-547981-b1150f8.ly:16:14: error: cannot find file: `../rh/kk-01-rh-B3.ly'
(search path: `/tmp/tmp0lherosk:/home/user/GitHub/Artyfyshall-Bird/code-implementation:/usr/share/lilypond/2.22.1/ly:/usr/share/lilypond/2.22.1/ps:/usr/share/lilypond/2.22.1/scm:/usr/share/lilypond/2.22.1/fonts/otf/:/usr/share/lilypond/2.22.1/fonts/type1/:/usr/share/lilypond/2.22.1/fonts/svg/:')
    \include 
             "../rh/kk-01-rh-B3.ly"
/tmp/tmp0lherosk/2024-04-29T16-39-15-547981-b1150f8.ly:17:14: error: cannot find file: `../rh/kk-01-rh-C10.ly'
(search path: `/tmp/tmp0lherosk:/home/user/GitHub/Artyfyshall-Bird/code-implementation:/usr/share/lilypond/2.22.1/ly:/usr/share/lilypond/2.22.1/ps:/usr/share/lilypond/2.22.1/scm:/usr/share/lilypond/2.22.1/fonts/otf/:/usr/share/lilypond/2.22.1/fonts/type1/:/usr/share/lilypond/2.22.1/fonts/svg/:')
    \include 
             "../rh/kk-01-rh-C10.ly"
/tmp/tmp0lherosk/2024-04-29T16-39-15-547981-b1150f8.ly:18:14: error: cannot find file: `../rh/kk-01-rh-D9.ly'
(search path: `/tmp/tmp0lherosk:/home/user/GitHub/Artyfyshall-Bird/code-implementation:/usr/share/lilypond/2.22.1/ly:/usr/share/lilypond/2.22.1/ps:/usr/share/lilypond/2.22.1/scm:/usr/share/lilypond/2.22.1/fonts/otf/:/usr/share/lilypond/2.22.1/fonts/type1/:/usr/share/lilypond/2.22.1/fonts/svg/:')
    \include 
             "../rh/kk-01-rh-D9.ly"
/tmp/tmp0lherosk/2024-04-29T16-39-15-547981-b1150f8.ly:19:14: error: cannot find file: `../rh/kk-01-rh-E5.ly'
(search path: `/tmp/tmp0lherosk:/home/user/GitHub/Artyfyshall-Bird/code-implementation:/usr/share/lilypond/2.22.1/ly:/usr/share/lilypond/2.22.1/ps:/usr/share/lilypond/2.22.1/scm:/usr/share/lilypond/2.22.1/fonts/otf/:/usr/share/lilypond/2.22.1/fonts/type1/:/usr/share/lilypond/2.22.1/fonts/svg/:')
    \include 
             "../rh/kk-01-rh-E5.ly"
/tmp/tmp0lherosk/2024-04-29T16-39-15-547981-b1150f8.ly:20:14: error: cannot find file: `../rh/kk-01-rh-F3.ly'
(search path: `/tmp/tmp0lherosk:/home/user/GitHub/Artyfyshall-Bird/code-implementation:/usr/share/lilypond/2.22.1/ly:/usr/share/lilypond/2.22.1/ps:/usr/share/lilypond/2.22.1/scm:/usr/share/lilypond/2.22.1/fonts/otf/:/usr/share/lilypond/2.22.1/fonts/type1/:/usr/share/lilypond/2.22.1/fonts/svg/:')
    \include 
             "../rh/kk-01-rh-F3.ly"
/tmp/tmp0lherosk/2024-04-29T16-39-15-547981-b1150f8.ly:21:14: error: cannot find file: `../rh/kk-01-rh-G8.ly'
(search path: `/tmp/tmp0lherosk:/home/user/GitHub/Artyfyshall-Bird/code-implementation:/usr/share/lilypond/2.22.1/ly:/usr/share/lilypond/2.22.1/ps:/usr/share/lilypond/2.22.1/scm:/usr/share/lilypond/2.22.1/fonts/otf/:/usr/share/lilypond/2.22.1/fonts/type1/:/usr/share/lilypond/2.22.1/fonts/svg/:')
    \include 
             "../rh/kk-01-rh-G8.ly"
/tmp/tmp0lherosk/2024-04-29T16-39-15-547981-b1150f8.ly:22:14: error: cannot find file: `../rh/kk-01-rh-H12.ly'
(search path: `/tmp/tmp0lherosk:/home/user/GitHub/Artyfyshall-Bird/code-implementation:/usr/share/lilypond/2.22.1/ly:/usr/share/lilypond/2.22.1/ps:/usr/share/lilypond/2.22.1/scm:/usr/share/lilypond/2.22.1/fonts/otf/:/usr/share/lilypond/2.22.1/fonts/type1/:/usr/share/lilypond/2.22.1/fonts/svg/:')
    \include 
             "../rh/kk-01-rh-H12.ly"
/tmp/tmp0lherosk/2024-04-29T16-39-15-547981-b1150f8.ly:24:14: error: cannot find file: `../rh/kk-01-rh-J9.ly'
(search path: `/tmp/tmp0lherosk:/home/user/GitHub/Artyfyshall-Bird/code-implementation:/usr/share/lilypond/2.22.1/ly:/usr/share/lilypond/2.22.1/ps:/usr/share/lilypond/2.22.1/scm:/usr/share/lilypond/2.22.1/fonts/otf/:/usr/share/lilypond/2.22.1/fonts/type1/:/usr/share/lilypond/2.22.1/fonts/svg/:')
    \include 
             "../rh/kk-01-rh-J9.ly"
/tmp/tmp0lherosk/2024-04-29T16-39-15-547981-b1150f8.ly:25:14: error: cannot find file: `../rh/kk-01-rh-K10.ly'
(search path: `/tmp/tmp0lherosk:/home/user/GitHub/Artyfyshall-Bird/code-implementation:/usr/share/lilypond/2.22.1/ly:/usr/share/lilypond/2.22.1/ps:/usr/share/lilypond/2.22.1/scm:/usr/share/lilypond/2.22.1/fonts/otf/:/usr/share/lilypond/2.22.1/fonts/type1/:/usr/share/lilypond/2.22.1/fonts/svg/:')
    \include 
             "../rh/kk-01-rh-K10.ly"
/tmp/tmp0lherosk/2024-04-29T16-39-15-547981-b1150f8.ly:26:14: error: cannot find file: `../rh/kk-01-rh-L6.ly'
(search path: `/tmp/tmp0lherosk:/home/user/GitHub/Artyfyshall-Bird/code-implementation:/usr/share/lilypond/2.22.1/ly:/usr/share/lilypond/2.22.1/ps:/usr/share/lilypond/2.22.1/scm:/usr/share/lilypond/2.22.1/fonts/otf/:/usr/share/lilypond/2.22.1/fonts/type1/:/usr/share/lilypond/2.22.1/fonts/svg/:')
    \include 
             "../rh/kk-01-rh-L6.ly"
/tmp/tmp0lherosk/2024-04-29T16-39-15-547981-b1150f8.ly:27:14: error: cannot find file: `../rh/kk-01-rh-M10.ly'
(search path: `/tmp/tmp0lherosk:/home/user/GitHub/Artyfyshall-Bird/code-implementation:/usr/share/lilypond/2.22.1/ly:/usr/share/lilypond/2.22.1/ps:/usr/share/lilypond/2.22.1/scm:/usr/share/lilypond/2.22.1/fonts/otf/:/usr/share/lilypond/2.22.1/fonts/type1/:/usr/share/lilypond/2.22.1/fonts/svg/:')
    \include 
             "../rh/kk-01-rh-M10.ly"
/tmp/tmp0lherosk/2024-04-29T16-39-15-547981-b1150f8.ly:28:14: error: cannot find file: `../rh/kk-01-rh-N6.ly'
(search path: `/tmp/tmp0lherosk:/home/user/GitHub/Artyfyshall-Bird/code-implementation:/usr/share/lilypond/2.22.1/ly:/usr/share/lilypond/2.22.1/ps:/usr/share/lilypond/2.22.1/scm:/usr/share/lilypond/2.22.1/fonts/otf/:/usr/share/lilypond/2.22.1/fonts/type1/:/usr/share/lilypond/2.22.1/fonts/svg/:')
    \include 
             "../rh/kk-01-rh-N6.ly"
/tmp/tmp0lherosk/2024-04-29T16-39-15-547981-b1150f8.ly:29:14: error: cannot find file: `../rh/kk-01-rh-O7.ly'
(search path: `/tmp/tmp0lherosk:/home/user/GitHub/Artyfyshall-Bird/code-implementation:/usr/share/lilypond/2.22.1/ly:/usr/share/lilypond/2.22.1/ps:/usr/share/lilypond/2.22.1/scm:/usr/share/lilypond/2.22.1/fonts/otf/:/usr/share/lilypond/2.22.1/fonts/type1/:/usr/share/lilypond/2.22.1/fonts/svg/:')
    \include 
             "../rh/kk-01-rh-O7.ly"
/tmp/tmp0lherosk/2024-04-29T16-39-15-547981-b1150f8.ly:30:14: error: cannot find file: `../rh/kk-01-rh-P4.ly'
(search path: `/tmp/tmp0lherosk:/home/user/GitHub/Artyfyshall-Bird/code-implementation:/usr/share/lilypond/2.22.1/ly:/usr/share/lilypond/2.22.1/ps:/usr/share/lilypond/2.22.1/scm:/usr/share/lilypond/2.22.1/fonts/otf/:/usr/share/lilypond/2.22.1/fonts/type1/:/usr/share/lilypond/2.22.1/fonts/svg/:')
    \include 
             "../rh/kk-01-rh-P4.ly"
/tmp/tmp0lherosk/2024-04-29T16-39-15-547981-b1150f8.ly:31:14: error: cannot find file: `../rh/kk-01-rh-Q5.ly'
(search path: `/tmp/tmp0lherosk:/home/user/GitHub/Artyfyshall-Bird/code-implementation:/usr/share/lilypond/2.22.1/ly:/usr/share/lilypond/2.22.1/ps:/usr/share/lilypond/2.22.1/scm:/usr/share/lilypond/2.22.1/fonts/otf/:/usr/share/lilypond/2.22.1/fonts/type1/:/usr/share/lilypond/2.22.1/fonts/svg/:')
    \include 
             "../rh/kk-01-rh-Q5.ly"
/tmp/tmp0lherosk/2024-04-29T16-39-15-547981-b1150f8.ly:32:14: error: cannot find file: `../rh/kk-01-rh-R9.ly'
(search path: `/tmp/tmp0lherosk:/home/user/GitHub/Artyfyshall-Bird/code-implementation:/usr/share/lilypond/2.22.1/ly:/usr/share/lilypond/2.22.1/ps:/usr/share/lilypond/2.22.1/scm:/usr/share/lilypond/2.22.1/fonts/otf/:/usr/share/lilypond/2.22.1/fonts/type1/:/usr/share/lilypond/2.22.1/fonts/svg/:')
    \include 
             "../rh/kk-01-rh-R9.ly"
/tmp/tmp0lherosk/2024-04-29T16-39-15-547981-b1150f8.ly:33:14: error: cannot find file: `../rh/kk-01-rh-S6.ly'
(search path: `/tmp/tmp0lherosk:/home/user/GitHub/Artyfyshall-Bird/code-implementation:/usr/share/lilypond/2.22.1/ly:/usr/share/lilypond/2.22.1/ps:/usr/share/lilypond/2.22.1/scm:/usr/share/lilypond/2.22.1/fonts/otf/:/usr/share/lilypond/2.22.1/fonts/type1/:/usr/share/lilypond/2.22.1/fonts/svg/:')
    \include 
             "../rh/kk-01-rh-S6.ly"
/tmp/tmp0lherosk/2024-04-29T16-39-15-547981-b1150f8.ly:34:14: error: cannot find file: `../rh/kk-01-rh-T7.ly'
(search path: `/tmp/tmp0lherosk:/home/user/GitHub/Artyfyshall-Bird/code-implementation:/usr/share/lilypond/2.22.1/ly:/usr/share/lilypond/2.22.1/ps:/usr/share/lilypond/2.22.1/scm:/usr/share/lilypond/2.22.1/fonts/otf/:/usr/share/lilypond/2.22.1/fonts/type1/:/usr/share/lilypond/2.22.1/fonts/svg/:')
    \include 
             "../rh/kk-01-rh-T7.ly"
/tmp/tmp0lherosk/2024-04-29T16-39-15-547981-b1150f8.ly:35:14: error: cannot find file: `../rh/kk-01-rh-U6.ly'
(search path: `/tmp/tmp0lherosk:/home/user/GitHub/Artyfyshall-Bird/code-implementation:/usr/share/lilypond/2.22.1/ly:/usr/share/lilypond/2.22.1/ps:/usr/share/lilypond/2.22.1/scm:/usr/share/lilypond/2.22.1/fonts/otf/:/usr/share/lilypond/2.22.1/fonts/type1/:/usr/share/lilypond/2.22.1/fonts/svg/:')
    \include 
             "../rh/kk-01-rh-U6.ly"
/tmp/tmp0lherosk/2024-04-29T16-39-15-547981-b1150f8.ly:36:14: error: cannot find file: `../rh/kk-01-rh-V6.ly'
(search path: `/tmp/tmp0lherosk:/home/user/GitHub/Artyfyshall-Bird/code-implementation:/usr/share/lilypond/2.22.1/ly:/usr/share/lilypond/2.22.1/ps:/usr/share/lilypond/2.22.1/scm:/usr/share/lilypond/2.22.1/fonts/otf/:/usr/share/lilypond/2.22.1/fonts/type1/:/usr/share/lilypond/2.22.1/fonts/svg/:')
    \include 
             "../rh/kk-01-rh-V6.ly"
/tmp/tmp0lherosk/2024-04-29T16-39-15-547981-b1150f8.ly:40:14: error: cannot find file: `../bassline_option.ly'
(search path: `/tmp/tmp0lherosk:/home/user/GitHub/Artyfyshall-Bird/code-implementation:/usr/share/lilypond/2.22.1/ly:/usr/share/lilypond/2.22.1/ps:/usr/share/lilypond/2.22.1/scm:/usr/share/lilypond/2.22.1/fonts/otf/:/usr/share/lilypond/2.22.1/fonts/type1/:/usr/share/lilypond/2.22.1/fonts/svg/:')
    \include 
             "../bassline_option.ly"
/tmp/tmp0lherosk/2024-04-29T16-39-15-547981-b1150f8.ly:41:14: error: cannot find file: `../lh/kk-01-lh-A2.ly'
(search path: `/tmp/tmp0lherosk:/home/user/GitHub/Artyfyshall-Bird/code-implementation:/usr/share/lilypond/2.22.1/ly:/usr/share/lilypond/2.22.1/ps:/usr/share/lilypond/2.22.1/scm:/usr/share/lilypond/2.22.1/fonts/otf/:/usr/share/lilypond/2.22.1/fonts/type1/:/usr/share/lilypond/2.22.1/fonts/svg/:')
    \include 
             "../lh/kk-01-lh-A2.ly"
/tmp/tmp0lherosk/2024-04-29T16-39-15-547981-b1150f8.ly:42:14: error: cannot find file: `../lh/kk-01-lh-B3.ly'
(search path: `/tmp/tmp0lherosk:/home/user/GitHub/Artyfyshall-Bird/code-implementation:/usr/share/lilypond/2.22.1/ly:/usr/share/lilypond/2.22.1/ps:/usr/share/lilypond/2.22.1/scm:/usr/share/lilypond/2.22.1/fonts/otf/:/usr/share/lilypond/2.22.1/fonts/type1/:/usr/share/lilypond/2.22.1/fonts/svg/:')
    \include 
             "../lh/kk-01-lh-B3.ly"
/tmp/tmp0lherosk/2024-04-29T16-39-15-547981-b1150f8.ly:43:14: error: cannot find file: `../lh/kk-01-lh-C10.ly'
(search path: `/tmp/tmp0lherosk:/home/user/GitHub/Artyfyshall-Bird/code-implementation:/usr/share/lilypond/2.22.1/ly:/usr/share/lilypond/2.22.1/ps:/usr/share/lilypond/2.22.1/scm:/usr/share/lilypond/2.22.1/fonts/otf/:/usr/share/lilypond/2.22.1/fonts/type1/:/usr/share/lilypond/2.22.1/fonts/svg/:')
    \include 
             "../lh/kk-01-lh-C10.ly"
/tmp/tmp0lherosk/2024-04-29T16-39-15-547981-b1150f8.ly:44:14: error: cannot find file: `../lh/kk-01-lh-D9.ly'
(search path: `/tmp/tmp0lherosk:/home/user/GitHub/Artyfyshall-Bird/code-implementation:/usr/share/lilypond/2.22.1/ly:/usr/share/lilypond/2.22.1/ps:/usr/share/lilypond/2.22.1/scm:/usr/share/lilypond/2.22.1/fonts/otf/:/usr/share/lilypond/2.22.1/fonts/type1/:/usr/share/lilypond/2.22.1/fonts/svg/:')
    \include 
             "../lh/kk-01-lh-D9.ly"
/tmp/tmp0lherosk/2024-04-29T16-39-15-547981-b1150f8.ly:45:14: error: cannot find file: `../lh/kk-01-lh-E5.ly'
(search path: `/tmp/tmp0lherosk:/home/user/GitHub/Artyfyshall-Bird/code-implementation:/usr/share/lilypond/2.22.1/ly:/usr/share/lilypond/2.22.1/ps:/usr/share/lilypond/2.22.1/scm:/usr/share/lilypond/2.22.1/fonts/otf/:/usr/share/lilypond/2.22.1/fonts/type1/:/usr/share/lilypond/2.22.1/fonts/svg/:')
    \include 
             "../lh/kk-01-lh-E5.ly"
/tmp/tmp0lherosk/2024-04-29T16-39-15-547981-b1150f8.ly:46:14: error: cannot find file: `../lh/kk-01-lh-F3.ly'
(search path: `/tmp/tmp0lherosk:/home/user/GitHub/Artyfyshall-Bird/code-implementation:/usr/share/lilypond/2.22.1/ly:/usr/share/lilypond/2.22.1/ps:/usr/share/lilypond/2.22.1/scm:/usr/share/lilypond/2.22.1/fonts/otf/:/usr/share/lilypond/2.22.1/fonts/type1/:/usr/share/lilypond/2.22.1/fonts/svg/:')
    \include 
             "../lh/kk-01-lh-F3.ly"
/tmp/tmp0lherosk/2024-04-29T16-39-15-547981-b1150f8.ly:47:14: error: cannot find file: `../lh/kk-01-lh-G8.ly'
(search path: `/tmp/tmp0lherosk:/home/user/GitHub/Artyfyshall-Bird/code-implementation:/usr/share/lilypond/2.22.1/ly:/usr/share/lilypond/2.22.1/ps:/usr/share/lilypond/2.22.1/scm:/usr/share/lilypond/2.22.1/fonts/otf/:/usr/share/lilypond/2.22.1/fonts/type1/:/usr/share/lilypond/2.22.1/fonts/svg/:')
    \include 
             "../lh/kk-01-lh-G8.ly"
/tmp/tmp0lherosk/2024-04-29T16-39-15-547981-b1150f8.ly:48:14: error: cannot find file: `../lh/kk-01-lh-H12.ly'
(search path: `/tmp/tmp0lherosk:/home/user/GitHub/Artyfyshall-Bird/code-implementation:/usr/share/lilypond/2.22.1/ly:/usr/share/lilypond/2.22.1/ps:/usr/share/lilypond/2.22.1/scm:/usr/share/lilypond/2.22.1/fonts/otf/:/usr/share/lilypond/2.22.1/fonts/type1/:/usr/share/lilypond/2.22.1/fonts/svg/:')
    \include 
             "../lh/kk-01-lh-H12.ly"
/tmp/tmp0lherosk/2024-04-29T16-39-15-547981-b1150f8.ly:49:14: error: cannot find file: `../lh/kk-01-lh-J9.ly'
(search path: `/tmp/tmp0lherosk:/home/user/GitHub/Artyfyshall-Bird/code-implementation:/usr/share/lilypond/2.22.1/ly:/usr/share/lilypond/2.22.1/ps:/usr/share/lilypond/2.22.1/scm:/usr/share/lilypond/2.22.1/fonts/otf/:/usr/share/lilypond/2.22.1/fonts/type1/:/usr/share/lilypond/2.22.1/fonts/svg/:')
    \include 
             "../lh/kk-01-lh-J9.ly"
/tmp/tmp0lherosk/2024-04-29T16-39-15-547981-b1150f8.ly:50:14: error: cannot find file: `../lh/kk-01-lh-K10.ly'
(search path: `/tmp/tmp0lherosk:/home/user/GitHub/Artyfyshall-Bird/code-implementation:/usr/share/lilypond/2.22.1/ly:/usr/share/lilypond/2.22.1/ps:/usr/share/lilypond/2.22.1/scm:/usr/share/lilypond/2.22.1/fonts/otf/:/usr/share/lilypond/2.22.1/fonts/type1/:/usr/share/lilypond/2.22.1/fonts/svg/:')
    \include 
             "../lh/kk-01-lh-K10.ly"
/tmp/tmp0lherosk/2024-04-29T16-39-15-547981-b1150f8.ly:51:14: error: cannot find file: `../lh/kk-01-lh-L6.ly'
(search path: `/tmp/tmp0lherosk:/home/user/GitHub/Artyfyshall-Bird/code-implementation:/usr/share/lilypond/2.22.1/ly:/usr/share/lilypond/2.22.1/ps:/usr/share/lilypond/2.22.1/scm:/usr/share/lilypond/2.22.1/fonts/otf/:/usr/share/lilypond/2.22.1/fonts/type1/:/usr/share/lilypond/2.22.1/fonts/svg/:')
    \include 
             "../lh/kk-01-lh-L6.ly"
/tmp/tmp0lherosk/2024-04-29T16-39-15-547981-b1150f8.ly:52:14: error: cannot find file: `../lh/kk-01-lh-M10.ly'
(search path: `/tmp/tmp0lherosk:/home/user/GitHub/Artyfyshall-Bird/code-implementation:/usr/share/lilypond/2.22.1/ly:/usr/share/lilypond/2.22.1/ps:/usr/share/lilypond/2.22.1/scm:/usr/share/lilypond/2.22.1/fonts/otf/:/usr/share/lilypond/2.22.1/fonts/type1/:/usr/share/lilypond/2.22.1/fonts/svg/:')
    \include 
             "../lh/kk-01-lh-M10.ly"
/tmp/tmp0lherosk/2024-04-29T16-39-15-547981-b1150f8.ly:53:14: error: cannot find file: `../lh/kk-01-lh-N6.ly'
(search path: `/tmp/tmp0lherosk:/home/user/GitHub/Artyfyshall-Bird/code-implementation:/usr/share/lilypond/2.22.1/ly:/usr/share/lilypond/2.22.1/ps:/usr/share/lilypond/2.22.1/scm:/usr/share/lilypond/2.22.1/fonts/otf/:/usr/share/lilypond/2.22.1/fonts/type1/:/usr/share/lilypond/2.22.1/fonts/svg/:')
    \include 
             "../lh/kk-01-lh-N6.ly"
/tmp/tmp0lherosk/2024-04-29T16-39-15-547981-b1150f8.ly:54:14: error: cannot find file: `../lh/kk-01-lh-O7.ly'
(search path: `/tmp/tmp0lherosk:/home/user/GitHub/Artyfyshall-Bird/code-implementation:/usr/share/lilypond/2.22.1/ly:/usr/share/lilypond/2.22.1/ps:/usr/share/lilypond/2.22.1/scm:/usr/share/lilypond/2.22.1/fonts/otf/:/usr/share/lilypond/2.22.1/fonts/type1/:/usr/share/lilypond/2.22.1/fonts/svg/:')
    \include 
             "../lh/kk-01-lh-O7.ly"
/tmp/tmp0lherosk/2024-04-29T16-39-15-547981-b1150f8.ly:55:14: error: cannot find file: `../lh/kk-01-lh-P4.ly'
(search path: `/tmp/tmp0lherosk:/home/user/GitHub/Artyfyshall-Bird/code-implementation:/usr/share/lilypond/2.22.1/ly:/usr/share/lilypond/2.22.1/ps:/usr/share/lilypond/2.22.1/scm:/usr/share/lilypond/2.22.1/fonts/otf/:/usr/share/lilypond/2.22.1/fonts/type1/:/usr/share/lilypond/2.22.1/fonts/svg/:')
    \include 
             "../lh/kk-01-lh-P4.ly"
/tmp/tmp0lherosk/2024-04-29T16-39-15-547981-b1150f8.ly:56:14: error: cannot find file: `../lh/kk-01-lh-Q5.ly'
(search path: `/tmp/tmp0lherosk:/home/user/GitHub/Artyfyshall-Bird/code-implementation:/usr/share/lilypond/2.22.1/ly:/usr/share/lilypond/2.22.1/ps:/usr/share/lilypond/2.22.1/scm:/usr/share/lilypond/2.22.1/fonts/otf/:/usr/share/lilypond/2.22.1/fonts/type1/:/usr/share/lilypond/2.22.1/fonts/svg/:')
    \include 
             "../lh/kk-01-lh-Q5.ly"
/tmp/tmp0lherosk/2024-04-29T16-39-15-547981-b1150f8.ly:57:14: error: cannot find file: `../lh/kk-01-lh-R9.ly'
(search path: `/tmp/tmp0lherosk:/home/user/GitHub/Artyfyshall-Bird/code-implementation:/usr/share/lilypond/2.22.1/ly:/usr/share/lilypond/2.22.1/ps:/usr/share/lilypond/2.22.1/scm:/usr/share/lilypond/2.22.1/fonts/otf/:/usr/share/lilypond/2.22.1/fonts/type1/:/usr/share/lilypond/2.22.1/fonts/svg/:')
    \include 
             "../lh/kk-01-lh-R9.ly"
/tmp/tmp0lherosk/2024-04-29T16-39-15-547981-b1150f8.ly:58:14: error: cannot find file: `../lh/kk-01-lh-S6.ly'
(search path: `/tmp/tmp0lherosk:/home/user/GitHub/Artyfyshall-Bird/code-implementation:/usr/share/lilypond/2.22.1/ly:/usr/share/lilypond/2.22.1/ps:/usr/share/lilypond/2.22.1/scm:/usr/share/lilypond/2.22.1/fonts/otf/:/usr/share/lilypond/2.22.1/fonts/type1/:/usr/share/lilypond/2.22.1/fonts/svg/:')
    \include 
             "../lh/kk-01-lh-S6.ly"
/tmp/tmp0lherosk/2024-04-29T16-39-15-547981-b1150f8.ly:59:14: error: cannot find file: `../lh/kk-01-lh-T7.ly'
(search path: `/tmp/tmp0lherosk:/home/user/GitHub/Artyfyshall-Bird/code-implementation:/usr/share/lilypond/2.22.1/ly:/usr/share/lilypond/2.22.1/ps:/usr/share/lilypond/2.22.1/scm:/usr/share/lilypond/2.22.1/fonts/otf/:/usr/share/lilypond/2.22.1/fonts/type1/:/usr/share/lilypond/2.22.1/fonts/svg/:')
    \include 
             "../lh/kk-01-lh-T7.ly"
/tmp/tmp0lherosk/2024-04-29T16-39-15-547981-b1150f8.ly:60:14: error: cannot find file: `../lh/kk-01-lh-U6.ly'
(search path: `/tmp/tmp0lherosk:/home/user/GitHub/Artyfyshall-Bird/code-implementation:/usr/share/lilypond/2.22.1/ly:/usr/share/lilypond/2.22.1/ps:/usr/share/lilypond/2.22.1/scm:/usr/share/lilypond/2.22.1/fonts/otf/:/usr/share/lilypond/2.22.1/fonts/type1/:/usr/share/lilypond/2.22.1/fonts/svg/:')
    \include 
             "../lh/kk-01-lh-U6.ly"
/tmp/tmp0lherosk/2024-04-29T16-39-15-547981-b1150f8.ly:61:14: error: cannot find file: `../lh/kk-01-lh-V6.ly'
(search path: `/tmp/tmp0lherosk:/home/user/GitHub/Artyfyshall-Bird/code-implementation:/usr/share/lilypond/2.22.1/ly:/usr/share/lilypond/2.22.1/ps:/usr/share/lilypond/2.22.1/scm:/usr/share/lilypond/2.22.1/fonts/otf/:/usr/share/lilypond/2.22.1/fonts/type1/:/usr/share/lilypond/2.22.1/fonts/svg/:')
    \include 
             "../lh/kk-01-lh-V6.ly"
/tmp/tmp0lherosk/2024-04-29T16-39-15-547981-b1150f8.ly:65:14: error: cannot find file: `../layout_settings.ly'
(search path: `/tmp/tmp0lherosk:/home/user/GitHub/Artyfyshall-Bird/code-implementation:/usr/share/lilypond/2.22.1/ly:/usr/share/lilypond/2.22.1/ps:/usr/share/lilypond/2.22.1/scm:/usr/share/lilypond/2.22.1/fonts/otf/:/usr/share/lilypond/2.22.1/fonts/type1/:/usr/share/lilypond/2.22.1/fonts/svg/:')
    \include 
             "../layout_settings.ly"
/tmp/tmp0lherosk/2024-04-29T16-39-15-547981-b1150f8.ly:1: warning: no \version statement found, please add

\version "2.22.1"

for future compatibility
Interpreting music...
/tmp/tmp0lherosk/2024-04-29T16-39-15-547981-b1150f8.ly:8:5: warning: skipping zero-duration score
    
    <<
/tmp/tmp0lherosk/2024-04-29T16-39-15-547981-b1150f8.ly:8:5: warning: to suppress this, consider adding a spacer rest
    
    <<
fatal error: failed files: "/tmp/tmp0lherosk/2024-04-29T16-39-15-547981-b1150f8.ly"
