GNU LilyPond 2.22.1
Changing working directory to: `/tmp/tmpjas3l6tz'
Processing `/tmp/tmpjas3l6tz/2024-04-29T16-39-24-393817-438ef93.ly'
Parsing...
/tmp/tmpjas3l6tz/2024-04-29T16-39-24-393817-438ef93.ly:1:10: error: cannot find file: `../paper_settings.ly'
(search path: `/tmp/tmpjas3l6tz:/home/user/GitHub/Artyfyshall-Bird/code-implementation:/usr/share/lilypond/2.22.1/ly:/usr/share/lilypond/2.22.1/ps:/usr/share/lilypond/2.22.1/scm:/usr/share/lilypond/2.22.1/fonts/otf/:/usr/share/lilypond/2.22.1/fonts/type1/:/usr/share/lilypond/2.22.1/fonts/svg/:')
\include 
         "../paper_settings.ly" 
/tmp/tmpjas3l6tz/2024-04-29T16-39-24-393817-438ef93.ly:13:14: error: cannot find file: `../voice_option.ly'
(search path: `/tmp/tmpjas3l6tz:/home/user/GitHub/Artyfyshall-Bird/code-implementation:/usr/share/lilypond/2.22.1/ly:/usr/share/lilypond/2.22.1/ps:/usr/share/lilypond/2.22.1/scm:/usr/share/lilypond/2.22.1/fonts/otf/:/usr/share/lilypond/2.22.1/fonts/type1/:/usr/share/lilypond/2.22.1/fonts/svg/:')
    \include 
             "../voice_option.ly"
/tmp/tmpjas3l6tz/2024-04-29T16-39-24-393817-438ef93.ly:15:14: error: cannot find file: `../rh/kk-01-rh-A4.ly'
(search path: `/tmp/tmpjas3l6tz:/home/user/GitHub/Artyfyshall-Bird/code-implementation:/usr/share/lilypond/2.22.1/ly:/usr/share/lilypond/2.22.1/ps:/usr/share/lilypond/2.22.1/scm:/usr/share/lilypond/2.22.1/fonts/otf/:/usr/share/lilypond/2.22.1/fonts/type1/:/usr/share/lilypond/2.22.1/fonts/svg/:')
    \include 
             "../rh/kk-01-rh-A4.ly"
/tmp/tmpjas3l6tz/2024-04-29T16-39-24-393817-438ef93.ly:16:14: error: cannot find file: `../rh/kk-01-rh-B8.ly'
(search path: `/tmp/tmpjas3l6tz:/home/user/GitHub/Artyfyshall-Bird/code-implementation:/usr/share/lilypond/2.22.1/ly:/usr/share/lilypond/2.22.1/ps:/usr/share/lilypond/2.22.1/scm:/usr/share/lilypond/2.22.1/fonts/otf/:/usr/share/lilypond/2.22.1/fonts/type1/:/usr/share/lilypond/2.22.1/fonts/svg/:')
    \include 
             "../rh/kk-01-rh-B8.ly"
/tmp/tmpjas3l6tz/2024-04-29T16-39-24-393817-438ef93.ly:17:14: error: cannot find file: `../rh/kk-01-rh-C11.ly'
(search path: `/tmp/tmpjas3l6tz:/home/user/GitHub/Artyfyshall-Bird/code-implementation:/usr/share/lilypond/2.22.1/ly:/usr/share/lilypond/2.22.1/ps:/usr/share/lilypond/2.22.1/scm:/usr/share/lilypond/2.22.1/fonts/otf/:/usr/share/lilypond/2.22.1/fonts/type1/:/usr/share/lilypond/2.22.1/fonts/svg/:')
    \include 
             "../rh/kk-01-rh-C11.ly"
/tmp/tmpjas3l6tz/2024-04-29T16-39-24-393817-438ef93.ly:18:14: error: cannot find file: `../rh/kk-01-rh-D10.ly'
(search path: `/tmp/tmpjas3l6tz:/home/user/GitHub/Artyfyshall-Bird/code-implementation:/usr/share/lilypond/2.22.1/ly:/usr/share/lilypond/2.22.1/ps:/usr/share/lilypond/2.22.1/scm:/usr/share/lilypond/2.22.1/fonts/otf/:/usr/share/lilypond/2.22.1/fonts/type1/:/usr/share/lilypond/2.22.1/fonts/svg/:')
    \include 
             "../rh/kk-01-rh-D10.ly"
/tmp/tmpjas3l6tz/2024-04-29T16-39-24-393817-438ef93.ly:19:14: error: cannot find file: `../rh/kk-01-rh-E9.ly'
(search path: `/tmp/tmpjas3l6tz:/home/user/GitHub/Artyfyshall-Bird/code-implementation:/usr/share/lilypond/2.22.1/ly:/usr/share/lilypond/2.22.1/ps:/usr/share/lilypond/2.22.1/scm:/usr/share/lilypond/2.22.1/fonts/otf/:/usr/share/lilypond/2.22.1/fonts/type1/:/usr/share/lilypond/2.22.1/fonts/svg/:')
    \include 
             "../rh/kk-01-rh-E9.ly"
/tmp/tmpjas3l6tz/2024-04-29T16-39-24-393817-438ef93.ly:20:14: error: cannot find file: `../rh/kk-01-rh-F4.ly'
(search path: `/tmp/tmpjas3l6tz:/home/user/GitHub/Artyfyshall-Bird/code-implementation:/usr/share/lilypond/2.22.1/ly:/usr/share/lilypond/2.22.1/ps:/usr/share/lilypond/2.22.1/scm:/usr/share/lilypond/2.22.1/fonts/otf/:/usr/share/lilypond/2.22.1/fonts/type1/:/usr/share/lilypond/2.22.1/fonts/svg/:')
    \include 
             "../rh/kk-01-rh-F4.ly"
/tmp/tmpjas3l6tz/2024-04-29T16-39-24-393817-438ef93.ly:21:14: error: cannot find file: `../rh/kk-01-rh-G5.ly'
(search path: `/tmp/tmpjas3l6tz:/home/user/GitHub/Artyfyshall-Bird/code-implementation:/usr/share/lilypond/2.22.1/ly:/usr/share/lilypond/2.22.1/ps:/usr/share/lilypond/2.22.1/scm:/usr/share/lilypond/2.22.1/fonts/otf/:/usr/share/lilypond/2.22.1/fonts/type1/:/usr/share/lilypond/2.22.1/fonts/svg/:')
    \include 
             "../rh/kk-01-rh-G5.ly"
/tmp/tmpjas3l6tz/2024-04-29T16-39-24-393817-438ef93.ly:22:14: error: cannot find file: `../rh/kk-01-rh-H10.ly'
(search path: `/tmp/tmpjas3l6tz:/home/user/GitHub/Artyfyshall-Bird/code-implementation:/usr/share/lilypond/2.22.1/ly:/usr/share/lilypond/2.22.1/ps:/usr/share/lilypond/2.22.1/scm:/usr/share/lilypond/2.22.1/fonts/otf/:/usr/share/lilypond/2.22.1/fonts/type1/:/usr/share/lilypond/2.22.1/fonts/svg/:')
    \include 
             "../rh/kk-01-rh-H10.ly"
/tmp/tmpjas3l6tz/2024-04-29T16-39-24-393817-438ef93.ly:24:14: error: cannot find file: `../rh/kk-01-rh-J12.ly'
(search path: `/tmp/tmpjas3l6tz:/home/user/GitHub/Artyfyshall-Bird/code-implementation:/usr/share/lilypond/2.22.1/ly:/usr/share/lilypond/2.22.1/ps:/usr/share/lilypond/2.22.1/scm:/usr/share/lilypond/2.22.1/fonts/otf/:/usr/share/lilypond/2.22.1/fonts/type1/:/usr/share/lilypond/2.22.1/fonts/svg/:')
    \include 
             "../rh/kk-01-rh-J12.ly"
/tmp/tmpjas3l6tz/2024-04-29T16-39-24-393817-438ef93.ly:25:14: error: cannot find file: `../rh/kk-01-rh-K11.ly'
(search path: `/tmp/tmpjas3l6tz:/home/user/GitHub/Artyfyshall-Bird/code-implementation:/usr/share/lilypond/2.22.1/ly:/usr/share/lilypond/2.22.1/ps:/usr/share/lilypond/2.22.1/scm:/usr/share/lilypond/2.22.1/fonts/otf/:/usr/share/lilypond/2.22.1/fonts/type1/:/usr/share/lilypond/2.22.1/fonts/svg/:')
    \include 
             "../rh/kk-01-rh-K11.ly"
/tmp/tmpjas3l6tz/2024-04-29T16-39-24-393817-438ef93.ly:26:14: error: cannot find file: `../rh/kk-01-rh-L7.ly'
(search path: `/tmp/tmpjas3l6tz:/home/user/GitHub/Artyfyshall-Bird/code-implementation:/usr/share/lilypond/2.22.1/ly:/usr/share/lilypond/2.22.1/ps:/usr/share/lilypond/2.22.1/scm:/usr/share/lilypond/2.22.1/fonts/otf/:/usr/share/lilypond/2.22.1/fonts/type1/:/usr/share/lilypond/2.22.1/fonts/svg/:')
    \include 
             "../rh/kk-01-rh-L7.ly"
/tmp/tmpjas3l6tz/2024-04-29T16-39-24-393817-438ef93.ly:27:14: error: cannot find file: `../rh/kk-01-rh-M10.ly'
(search path: `/tmp/tmpjas3l6tz:/home/user/GitHub/Artyfyshall-Bird/code-implementation:/usr/share/lilypond/2.22.1/ly:/usr/share/lilypond/2.22.1/ps:/usr/share/lilypond/2.22.1/scm:/usr/share/lilypond/2.22.1/fonts/otf/:/usr/share/lilypond/2.22.1/fonts/type1/:/usr/share/lilypond/2.22.1/fonts/svg/:')
    \include 
             "../rh/kk-01-rh-M10.ly"
/tmp/tmpjas3l6tz/2024-04-29T16-39-24-393817-438ef93.ly:28:14: error: cannot find file: `../rh/kk-01-rh-N6.ly'
(search path: `/tmp/tmpjas3l6tz:/home/user/GitHub/Artyfyshall-Bird/code-implementation:/usr/share/lilypond/2.22.1/ly:/usr/share/lilypond/2.22.1/ps:/usr/share/lilypond/2.22.1/scm:/usr/share/lilypond/2.22.1/fonts/otf/:/usr/share/lilypond/2.22.1/fonts/type1/:/usr/share/lilypond/2.22.1/fonts/svg/:')
    \include 
             "../rh/kk-01-rh-N6.ly"
/tmp/tmpjas3l6tz/2024-04-29T16-39-24-393817-438ef93.ly:29:14: error: cannot find file: `../rh/kk-01-rh-O11.ly'
(search path: `/tmp/tmpjas3l6tz:/home/user/GitHub/Artyfyshall-Bird/code-implementation:/usr/share/lilypond/2.22.1/ly:/usr/share/lilypond/2.22.1/ps:/usr/share/lilypond/2.22.1/scm:/usr/share/lilypond/2.22.1/fonts/otf/:/usr/share/lilypond/2.22.1/fonts/type1/:/usr/share/lilypond/2.22.1/fonts/svg/:')
    \include 
             "../rh/kk-01-rh-O11.ly"
/tmp/tmpjas3l6tz/2024-04-29T16-39-24-393817-438ef93.ly:30:14: error: cannot find file: `../rh/kk-01-rh-P9.ly'
(search path: `/tmp/tmpjas3l6tz:/home/user/GitHub/Artyfyshall-Bird/code-implementation:/usr/share/lilypond/2.22.1/ly:/usr/share/lilypond/2.22.1/ps:/usr/share/lilypond/2.22.1/scm:/usr/share/lilypond/2.22.1/fonts/otf/:/usr/share/lilypond/2.22.1/fonts/type1/:/usr/share/lilypond/2.22.1/fonts/svg/:')
    \include 
             "../rh/kk-01-rh-P9.ly"
/tmp/tmpjas3l6tz/2024-04-29T16-39-24-393817-438ef93.ly:31:14: error: cannot find file: `../rh/kk-01-rh-Q9.ly'
(search path: `/tmp/tmpjas3l6tz:/home/user/GitHub/Artyfyshall-Bird/code-implementation:/usr/share/lilypond/2.22.1/ly:/usr/share/lilypond/2.22.1/ps:/usr/share/lilypond/2.22.1/scm:/usr/share/lilypond/2.22.1/fonts/otf/:/usr/share/lilypond/2.22.1/fonts/type1/:/usr/share/lilypond/2.22.1/fonts/svg/:')
    \include 
             "../rh/kk-01-rh-Q9.ly"
/tmp/tmpjas3l6tz/2024-04-29T16-39-24-393817-438ef93.ly:32:14: error: cannot find file: `../rh/kk-01-rh-R3.ly'
(search path: `/tmp/tmpjas3l6tz:/home/user/GitHub/Artyfyshall-Bird/code-implementation:/usr/share/lilypond/2.22.1/ly:/usr/share/lilypond/2.22.1/ps:/usr/share/lilypond/2.22.1/scm:/usr/share/lilypond/2.22.1/fonts/otf/:/usr/share/lilypond/2.22.1/fonts/type1/:/usr/share/lilypond/2.22.1/fonts/svg/:')
    \include 
             "../rh/kk-01-rh-R3.ly"
/tmp/tmpjas3l6tz/2024-04-29T16-39-24-393817-438ef93.ly:33:14: error: cannot find file: `../rh/kk-01-rh-S7.ly'
(search path: `/tmp/tmpjas3l6tz:/home/user/GitHub/Artyfyshall-Bird/code-implementation:/usr/share/lilypond/2.22.1/ly:/usr/share/lilypond/2.22.1/ps:/usr/share/lilypond/2.22.1/scm:/usr/share/lilypond/2.22.1/fonts/otf/:/usr/share/lilypond/2.22.1/fonts/type1/:/usr/share/lilypond/2.22.1/fonts/svg/:')
    \include 
             "../rh/kk-01-rh-S7.ly"
/tmp/tmpjas3l6tz/2024-04-29T16-39-24-393817-438ef93.ly:34:14: error: cannot find file: `../rh/kk-01-rh-T5.ly'
(search path: `/tmp/tmpjas3l6tz:/home/user/GitHub/Artyfyshall-Bird/code-implementation:/usr/share/lilypond/2.22.1/ly:/usr/share/lilypond/2.22.1/ps:/usr/share/lilypond/2.22.1/scm:/usr/share/lilypond/2.22.1/fonts/otf/:/usr/share/lilypond/2.22.1/fonts/type1/:/usr/share/lilypond/2.22.1/fonts/svg/:')
    \include 
             "../rh/kk-01-rh-T5.ly"
/tmp/tmpjas3l6tz/2024-04-29T16-39-24-393817-438ef93.ly:35:14: error: cannot find file: `../rh/kk-01-rh-U9.ly'
(search path: `/tmp/tmpjas3l6tz:/home/user/GitHub/Artyfyshall-Bird/code-implementation:/usr/share/lilypond/2.22.1/ly:/usr/share/lilypond/2.22.1/ps:/usr/share/lilypond/2.22.1/scm:/usr/share/lilypond/2.22.1/fonts/otf/:/usr/share/lilypond/2.22.1/fonts/type1/:/usr/share/lilypond/2.22.1/fonts/svg/:')
    \include 
             "../rh/kk-01-rh-U9.ly"
/tmp/tmpjas3l6tz/2024-04-29T16-39-24-393817-438ef93.ly:36:14: error: cannot find file: `../rh/kk-01-rh-V5.ly'
(search path: `/tmp/tmpjas3l6tz:/home/user/GitHub/Artyfyshall-Bird/code-implementation:/usr/share/lilypond/2.22.1/ly:/usr/share/lilypond/2.22.1/ps:/usr/share/lilypond/2.22.1/scm:/usr/share/lilypond/2.22.1/fonts/otf/:/usr/share/lilypond/2.22.1/fonts/type1/:/usr/share/lilypond/2.22.1/fonts/svg/:')
    \include 
             "../rh/kk-01-rh-V5.ly"
/tmp/tmpjas3l6tz/2024-04-29T16-39-24-393817-438ef93.ly:40:14: error: cannot find file: `../bassline_option.ly'
(search path: `/tmp/tmpjas3l6tz:/home/user/GitHub/Artyfyshall-Bird/code-implementation:/usr/share/lilypond/2.22.1/ly:/usr/share/lilypond/2.22.1/ps:/usr/share/lilypond/2.22.1/scm:/usr/share/lilypond/2.22.1/fonts/otf/:/usr/share/lilypond/2.22.1/fonts/type1/:/usr/share/lilypond/2.22.1/fonts/svg/:')
    \include 
             "../bassline_option.ly"
/tmp/tmpjas3l6tz/2024-04-29T16-39-24-393817-438ef93.ly:41:14: error: cannot find file: `../lh/kk-01-lh-A4.ly'
(search path: `/tmp/tmpjas3l6tz:/home/user/GitHub/Artyfyshall-Bird/code-implementation:/usr/share/lilypond/2.22.1/ly:/usr/share/lilypond/2.22.1/ps:/usr/share/lilypond/2.22.1/scm:/usr/share/lilypond/2.22.1/fonts/otf/:/usr/share/lilypond/2.22.1/fonts/type1/:/usr/share/lilypond/2.22.1/fonts/svg/:')
    \include 
             "../lh/kk-01-lh-A4.ly"
/tmp/tmpjas3l6tz/2024-04-29T16-39-24-393817-438ef93.ly:42:14: error: cannot find file: `../lh/kk-01-lh-B8.ly'
(search path: `/tmp/tmpjas3l6tz:/home/user/GitHub/Artyfyshall-Bird/code-implementation:/usr/share/lilypond/2.22.1/ly:/usr/share/lilypond/2.22.1/ps:/usr/share/lilypond/2.22.1/scm:/usr/share/lilypond/2.22.1/fonts/otf/:/usr/share/lilypond/2.22.1/fonts/type1/:/usr/share/lilypond/2.22.1/fonts/svg/:')
    \include 
             "../lh/kk-01-lh-B8.ly"
/tmp/tmpjas3l6tz/2024-04-29T16-39-24-393817-438ef93.ly:43:14: error: cannot find file: `../lh/kk-01-lh-C11.ly'
(search path: `/tmp/tmpjas3l6tz:/home/user/GitHub/Artyfyshall-Bird/code-implementation:/usr/share/lilypond/2.22.1/ly:/usr/share/lilypond/2.22.1/ps:/usr/share/lilypond/2.22.1/scm:/usr/share/lilypond/2.22.1/fonts/otf/:/usr/share/lilypond/2.22.1/fonts/type1/:/usr/share/lilypond/2.22.1/fonts/svg/:')
    \include 
             "../lh/kk-01-lh-C11.ly"
/tmp/tmpjas3l6tz/2024-04-29T16-39-24-393817-438ef93.ly:44:14: error: cannot find file: `../lh/kk-01-lh-D10.ly'
(search path: `/tmp/tmpjas3l6tz:/home/user/GitHub/Artyfyshall-Bird/code-implementation:/usr/share/lilypond/2.22.1/ly:/usr/share/lilypond/2.22.1/ps:/usr/share/lilypond/2.22.1/scm:/usr/share/lilypond/2.22.1/fonts/otf/:/usr/share/lilypond/2.22.1/fonts/type1/:/usr/share/lilypond/2.22.1/fonts/svg/:')
    \include 
             "../lh/kk-01-lh-D10.ly"
/tmp/tmpjas3l6tz/2024-04-29T16-39-24-393817-438ef93.ly:45:14: error: cannot find file: `../lh/kk-01-lh-E9.ly'
(search path: `/tmp/tmpjas3l6tz:/home/user/GitHub/Artyfyshall-Bird/code-implementation:/usr/share/lilypond/2.22.1/ly:/usr/share/lilypond/2.22.1/ps:/usr/share/lilypond/2.22.1/scm:/usr/share/lilypond/2.22.1/fonts/otf/:/usr/share/lilypond/2.22.1/fonts/type1/:/usr/share/lilypond/2.22.1/fonts/svg/:')
    \include 
             "../lh/kk-01-lh-E9.ly"
/tmp/tmpjas3l6tz/2024-04-29T16-39-24-393817-438ef93.ly:46:14: error: cannot find file: `../lh/kk-01-lh-F4.ly'
(search path: `/tmp/tmpjas3l6tz:/home/user/GitHub/Artyfyshall-Bird/code-implementation:/usr/share/lilypond/2.22.1/ly:/usr/share/lilypond/2.22.1/ps:/usr/share/lilypond/2.22.1/scm:/usr/share/lilypond/2.22.1/fonts/otf/:/usr/share/lilypond/2.22.1/fonts/type1/:/usr/share/lilypond/2.22.1/fonts/svg/:')
    \include 
             "../lh/kk-01-lh-F4.ly"
/tmp/tmpjas3l6tz/2024-04-29T16-39-24-393817-438ef93.ly:47:14: error: cannot find file: `../lh/kk-01-lh-G5.ly'
(search path: `/tmp/tmpjas3l6tz:/home/user/GitHub/Artyfyshall-Bird/code-implementation:/usr/share/lilypond/2.22.1/ly:/usr/share/lilypond/2.22.1/ps:/usr/share/lilypond/2.22.1/scm:/usr/share/lilypond/2.22.1/fonts/otf/:/usr/share/lilypond/2.22.1/fonts/type1/:/usr/share/lilypond/2.22.1/fonts/svg/:')
    \include 
             "../lh/kk-01-lh-G5.ly"
/tmp/tmpjas3l6tz/2024-04-29T16-39-24-393817-438ef93.ly:48:14: error: cannot find file: `../lh/kk-01-lh-H10.ly'
(search path: `/tmp/tmpjas3l6tz:/home/user/GitHub/Artyfyshall-Bird/code-implementation:/usr/share/lilypond/2.22.1/ly:/usr/share/lilypond/2.22.1/ps:/usr/share/lilypond/2.22.1/scm:/usr/share/lilypond/2.22.1/fonts/otf/:/usr/share/lilypond/2.22.1/fonts/type1/:/usr/share/lilypond/2.22.1/fonts/svg/:')
    \include 
             "../lh/kk-01-lh-H10.ly"
/tmp/tmpjas3l6tz/2024-04-29T16-39-24-393817-438ef93.ly:49:14: error: cannot find file: `../lh/kk-01-lh-J12.ly'
(search path: `/tmp/tmpjas3l6tz:/home/user/GitHub/Artyfyshall-Bird/code-implementation:/usr/share/lilypond/2.22.1/ly:/usr/share/lilypond/2.22.1/ps:/usr/share/lilypond/2.22.1/scm:/usr/share/lilypond/2.22.1/fonts/otf/:/usr/share/lilypond/2.22.1/fonts/type1/:/usr/share/lilypond/2.22.1/fonts/svg/:')
    \include 
             "../lh/kk-01-lh-J12.ly"
/tmp/tmpjas3l6tz/2024-04-29T16-39-24-393817-438ef93.ly:50:14: error: cannot find file: `../lh/kk-01-lh-K11.ly'
(search path: `/tmp/tmpjas3l6tz:/home/user/GitHub/Artyfyshall-Bird/code-implementation:/usr/share/lilypond/2.22.1/ly:/usr/share/lilypond/2.22.1/ps:/usr/share/lilypond/2.22.1/scm:/usr/share/lilypond/2.22.1/fonts/otf/:/usr/share/lilypond/2.22.1/fonts/type1/:/usr/share/lilypond/2.22.1/fonts/svg/:')
    \include 
             "../lh/kk-01-lh-K11.ly"
/tmp/tmpjas3l6tz/2024-04-29T16-39-24-393817-438ef93.ly:51:14: error: cannot find file: `../lh/kk-01-lh-L7.ly'
(search path: `/tmp/tmpjas3l6tz:/home/user/GitHub/Artyfyshall-Bird/code-implementation:/usr/share/lilypond/2.22.1/ly:/usr/share/lilypond/2.22.1/ps:/usr/share/lilypond/2.22.1/scm:/usr/share/lilypond/2.22.1/fonts/otf/:/usr/share/lilypond/2.22.1/fonts/type1/:/usr/share/lilypond/2.22.1/fonts/svg/:')
    \include 
             "../lh/kk-01-lh-L7.ly"
/tmp/tmpjas3l6tz/2024-04-29T16-39-24-393817-438ef93.ly:52:14: error: cannot find file: `../lh/kk-01-lh-M10.ly'
(search path: `/tmp/tmpjas3l6tz:/home/user/GitHub/Artyfyshall-Bird/code-implementation:/usr/share/lilypond/2.22.1/ly:/usr/share/lilypond/2.22.1/ps:/usr/share/lilypond/2.22.1/scm:/usr/share/lilypond/2.22.1/fonts/otf/:/usr/share/lilypond/2.22.1/fonts/type1/:/usr/share/lilypond/2.22.1/fonts/svg/:')
    \include 
             "../lh/kk-01-lh-M10.ly"
/tmp/tmpjas3l6tz/2024-04-29T16-39-24-393817-438ef93.ly:53:14: error: cannot find file: `../lh/kk-01-lh-N6.ly'
(search path: `/tmp/tmpjas3l6tz:/home/user/GitHub/Artyfyshall-Bird/code-implementation:/usr/share/lilypond/2.22.1/ly:/usr/share/lilypond/2.22.1/ps:/usr/share/lilypond/2.22.1/scm:/usr/share/lilypond/2.22.1/fonts/otf/:/usr/share/lilypond/2.22.1/fonts/type1/:/usr/share/lilypond/2.22.1/fonts/svg/:')
    \include 
             "../lh/kk-01-lh-N6.ly"
/tmp/tmpjas3l6tz/2024-04-29T16-39-24-393817-438ef93.ly:54:14: error: cannot find file: `../lh/kk-01-lh-O11.ly'
(search path: `/tmp/tmpjas3l6tz:/home/user/GitHub/Artyfyshall-Bird/code-implementation:/usr/share/lilypond/2.22.1/ly:/usr/share/lilypond/2.22.1/ps:/usr/share/lilypond/2.22.1/scm:/usr/share/lilypond/2.22.1/fonts/otf/:/usr/share/lilypond/2.22.1/fonts/type1/:/usr/share/lilypond/2.22.1/fonts/svg/:')
    \include 
             "../lh/kk-01-lh-O11.ly"
/tmp/tmpjas3l6tz/2024-04-29T16-39-24-393817-438ef93.ly:55:14: error: cannot find file: `../lh/kk-01-lh-P9.ly'
(search path: `/tmp/tmpjas3l6tz:/home/user/GitHub/Artyfyshall-Bird/code-implementation:/usr/share/lilypond/2.22.1/ly:/usr/share/lilypond/2.22.1/ps:/usr/share/lilypond/2.22.1/scm:/usr/share/lilypond/2.22.1/fonts/otf/:/usr/share/lilypond/2.22.1/fonts/type1/:/usr/share/lilypond/2.22.1/fonts/svg/:')
    \include 
             "../lh/kk-01-lh-P9.ly"
/tmp/tmpjas3l6tz/2024-04-29T16-39-24-393817-438ef93.ly:56:14: error: cannot find file: `../lh/kk-01-lh-Q9.ly'
(search path: `/tmp/tmpjas3l6tz:/home/user/GitHub/Artyfyshall-Bird/code-implementation:/usr/share/lilypond/2.22.1/ly:/usr/share/lilypond/2.22.1/ps:/usr/share/lilypond/2.22.1/scm:/usr/share/lilypond/2.22.1/fonts/otf/:/usr/share/lilypond/2.22.1/fonts/type1/:/usr/share/lilypond/2.22.1/fonts/svg/:')
    \include 
             "../lh/kk-01-lh-Q9.ly"
/tmp/tmpjas3l6tz/2024-04-29T16-39-24-393817-438ef93.ly:57:14: error: cannot find file: `../lh/kk-01-lh-R3.ly'
(search path: `/tmp/tmpjas3l6tz:/home/user/GitHub/Artyfyshall-Bird/code-implementation:/usr/share/lilypond/2.22.1/ly:/usr/share/lilypond/2.22.1/ps:/usr/share/lilypond/2.22.1/scm:/usr/share/lilypond/2.22.1/fonts/otf/:/usr/share/lilypond/2.22.1/fonts/type1/:/usr/share/lilypond/2.22.1/fonts/svg/:')
    \include 
             "../lh/kk-01-lh-R3.ly"
/tmp/tmpjas3l6tz/2024-04-29T16-39-24-393817-438ef93.ly:58:14: error: cannot find file: `../lh/kk-01-lh-S7.ly'
(search path: `/tmp/tmpjas3l6tz:/home/user/GitHub/Artyfyshall-Bird/code-implementation:/usr/share/lilypond/2.22.1/ly:/usr/share/lilypond/2.22.1/ps:/usr/share/lilypond/2.22.1/scm:/usr/share/lilypond/2.22.1/fonts/otf/:/usr/share/lilypond/2.22.1/fonts/type1/:/usr/share/lilypond/2.22.1/fonts/svg/:')
    \include 
             "../lh/kk-01-lh-S7.ly"
/tmp/tmpjas3l6tz/2024-04-29T16-39-24-393817-438ef93.ly:59:14: error: cannot find file: `../lh/kk-01-lh-T5.ly'
(search path: `/tmp/tmpjas3l6tz:/home/user/GitHub/Artyfyshall-Bird/code-implementation:/usr/share/lilypond/2.22.1/ly:/usr/share/lilypond/2.22.1/ps:/usr/share/lilypond/2.22.1/scm:/usr/share/lilypond/2.22.1/fonts/otf/:/usr/share/lilypond/2.22.1/fonts/type1/:/usr/share/lilypond/2.22.1/fonts/svg/:')
    \include 
             "../lh/kk-01-lh-T5.ly"
/tmp/tmpjas3l6tz/2024-04-29T16-39-24-393817-438ef93.ly:60:14: error: cannot find file: `../lh/kk-01-lh-U9.ly'
(search path: `/tmp/tmpjas3l6tz:/home/user/GitHub/Artyfyshall-Bird/code-implementation:/usr/share/lilypond/2.22.1/ly:/usr/share/lilypond/2.22.1/ps:/usr/share/lilypond/2.22.1/scm:/usr/share/lilypond/2.22.1/fonts/otf/:/usr/share/lilypond/2.22.1/fonts/type1/:/usr/share/lilypond/2.22.1/fonts/svg/:')
    \include 
             "../lh/kk-01-lh-U9.ly"
/tmp/tmpjas3l6tz/2024-04-29T16-39-24-393817-438ef93.ly:61:14: error: cannot find file: `../lh/kk-01-lh-V5.ly'
(search path: `/tmp/tmpjas3l6tz:/home/user/GitHub/Artyfyshall-Bird/code-implementation:/usr/share/lilypond/2.22.1/ly:/usr/share/lilypond/2.22.1/ps:/usr/share/lilypond/2.22.1/scm:/usr/share/lilypond/2.22.1/fonts/otf/:/usr/share/lilypond/2.22.1/fonts/type1/:/usr/share/lilypond/2.22.1/fonts/svg/:')
    \include 
             "../lh/kk-01-lh-V5.ly"
/tmp/tmpjas3l6tz/2024-04-29T16-39-24-393817-438ef93.ly:65:14: error: cannot find file: `../layout_settings.ly'
(search path: `/tmp/tmpjas3l6tz:/home/user/GitHub/Artyfyshall-Bird/code-implementation:/usr/share/lilypond/2.22.1/ly:/usr/share/lilypond/2.22.1/ps:/usr/share/lilypond/2.22.1/scm:/usr/share/lilypond/2.22.1/fonts/otf/:/usr/share/lilypond/2.22.1/fonts/type1/:/usr/share/lilypond/2.22.1/fonts/svg/:')
    \include 
             "../layout_settings.ly"
/tmp/tmpjas3l6tz/2024-04-29T16-39-24-393817-438ef93.ly:1: warning: no \version statement found, please add

\version "2.22.1"

for future compatibility
Interpreting music...
/tmp/tmpjas3l6tz/2024-04-29T16-39-24-393817-438ef93.ly:8:5: warning: skipping zero-duration score
    
    <<
/tmp/tmpjas3l6tz/2024-04-29T16-39-24-393817-438ef93.ly:8:5: warning: to suppress this, consider adding a spacer rest
    
    <<
fatal error: failed files: "/tmp/tmpjas3l6tz/2024-04-29T16-39-24-393817-438ef93.ly"
