GNU LilyPond 2.22.1
Changing working directory to: `/tmp/tmpi_487g69'
Processing `/tmp/tmpi_487g69/2024-03-19T10-36-18-936778-35cf0bc.ly'
Parsing...
/tmp/tmpi_487g69/2024-03-19T10-36-18-936778-35cf0bc.ly:1:10: error: cannot find file: `../paper_settings.ly'
(search path: `/tmp/tmpi_487g69:/home/user/Documents/Resounding-Libraries/Un musico meccanico - Prehistory AI/python-code:/usr/share/lilypond/2.22.1/ly:/usr/share/lilypond/2.22.1/ps:/usr/share/lilypond/2.22.1/scm:/usr/share/lilypond/2.22.1/fonts/otf/:/usr/share/lilypond/2.22.1/fonts/type1/:/usr/share/lilypond/2.22.1/fonts/svg/:')
\include 
         "../paper_settings.ly" 
/tmp/tmpi_487g69/2024-03-19T10-36-18-936778-35cf0bc.ly:15:14: error: cannot find file: `../voice_option.ly'
(search path: `/tmp/tmpi_487g69:/home/user/Documents/Resounding-Libraries/Un musico meccanico - Prehistory AI/python-code:/usr/share/lilypond/2.22.1/ly:/usr/share/lilypond/2.22.1/ps:/usr/share/lilypond/2.22.1/scm:/usr/share/lilypond/2.22.1/fonts/otf/:/usr/share/lilypond/2.22.1/fonts/type1/:/usr/share/lilypond/2.22.1/fonts/svg/:')
    \include 
             "../voice_option.ly"
/tmp/tmpi_487g69/2024-03-19T10-36-18-936778-35cf0bc.ly:16:14: error: cannot find file: `../uv/ef-uv-1-4.ly'
(search path: `/tmp/tmpi_487g69:/home/user/Documents/Resounding-Libraries/Un musico meccanico - Prehistory AI/python-code:/usr/share/lilypond/2.22.1/ly:/usr/share/lilypond/2.22.1/ps:/usr/share/lilypond/2.22.1/scm:/usr/share/lilypond/2.22.1/fonts/otf/:/usr/share/lilypond/2.22.1/fonts/type1/:/usr/share/lilypond/2.22.1/fonts/svg/:')
    \include 
             "../uv/ef-uv-1-4.ly"
/tmp/tmpi_487g69/2024-03-19T10-36-18-936778-35cf0bc.ly:17:14: error: cannot find file: `../uv/ef-uv-2-2.ly'
(search path: `/tmp/tmpi_487g69:/home/user/Documents/Resounding-Libraries/Un musico meccanico - Prehistory AI/python-code:/usr/share/lilypond/2.22.1/ly:/usr/share/lilypond/2.22.1/ps:/usr/share/lilypond/2.22.1/scm:/usr/share/lilypond/2.22.1/fonts/otf/:/usr/share/lilypond/2.22.1/fonts/type1/:/usr/share/lilypond/2.22.1/fonts/svg/:')
    \include 
             "../uv/ef-uv-2-2.ly"
/tmp/tmpi_487g69/2024-03-19T10-36-18-936778-35cf0bc.ly:18:14: error: cannot find file: `../uv/ef-uv-3-1.ly'
(search path: `/tmp/tmpi_487g69:/home/user/Documents/Resounding-Libraries/Un musico meccanico - Prehistory AI/python-code:/usr/share/lilypond/2.22.1/ly:/usr/share/lilypond/2.22.1/ps:/usr/share/lilypond/2.22.1/scm:/usr/share/lilypond/2.22.1/fonts/otf/:/usr/share/lilypond/2.22.1/fonts/type1/:/usr/share/lilypond/2.22.1/fonts/svg/:')
    \include 
             "../uv/ef-uv-3-1.ly"
/tmp/tmpi_487g69/2024-03-19T10-36-18-936778-35cf0bc.ly:19:14: error: cannot find file: `../uv/ef-uv-4-5.ly'
(search path: `/tmp/tmpi_487g69:/home/user/Documents/Resounding-Libraries/Un musico meccanico - Prehistory AI/python-code:/usr/share/lilypond/2.22.1/ly:/usr/share/lilypond/2.22.1/ps:/usr/share/lilypond/2.22.1/scm:/usr/share/lilypond/2.22.1/fonts/otf/:/usr/share/lilypond/2.22.1/fonts/type1/:/usr/share/lilypond/2.22.1/fonts/svg/:')
    \include 
             "../uv/ef-uv-4-5.ly"
/tmp/tmpi_487g69/2024-03-19T10-36-18-936778-35cf0bc.ly:20:14: error: cannot find file: `../uv/ef-uv-5-1.ly'
(search path: `/tmp/tmpi_487g69:/home/user/Documents/Resounding-Libraries/Un musico meccanico - Prehistory AI/python-code:/usr/share/lilypond/2.22.1/ly:/usr/share/lilypond/2.22.1/ps:/usr/share/lilypond/2.22.1/scm:/usr/share/lilypond/2.22.1/fonts/otf/:/usr/share/lilypond/2.22.1/fonts/type1/:/usr/share/lilypond/2.22.1/fonts/svg/:')
    \include 
             "../uv/ef-uv-5-1.ly"
/tmp/tmpi_487g69/2024-03-19T10-36-18-936778-35cf0bc.ly:21:14: error: cannot find file: `../uv/ef-uv-6-8.ly'
(search path: `/tmp/tmpi_487g69:/home/user/Documents/Resounding-Libraries/Un musico meccanico - Prehistory AI/python-code:/usr/share/lilypond/2.22.1/ly:/usr/share/lilypond/2.22.1/ps:/usr/share/lilypond/2.22.1/scm:/usr/share/lilypond/2.22.1/fonts/otf/:/usr/share/lilypond/2.22.1/fonts/type1/:/usr/share/lilypond/2.22.1/fonts/svg/:')
    \include 
             "../uv/ef-uv-6-8.ly"
/tmp/tmpi_487g69/2024-03-19T10-36-18-936778-35cf0bc.ly:29:14: error: cannot find file: `../bassline_option.ly'
(search path: `/tmp/tmpi_487g69:/home/user/Documents/Resounding-Libraries/Un musico meccanico - Prehistory AI/python-code:/usr/share/lilypond/2.22.1/ly:/usr/share/lilypond/2.22.1/ps:/usr/share/lilypond/2.22.1/scm:/usr/share/lilypond/2.22.1/fonts/otf/:/usr/share/lilypond/2.22.1/fonts/type1/:/usr/share/lilypond/2.22.1/fonts/svg/:')
    \include 
             "../bassline_option.ly"
/tmp/tmpi_487g69/2024-03-19T10-36-18-936778-35cf0bc.ly:30:14: error: cannot find file: `../lv/ef-lv-1-4.ly'
(search path: `/tmp/tmpi_487g69:/home/user/Documents/Resounding-Libraries/Un musico meccanico - Prehistory AI/python-code:/usr/share/lilypond/2.22.1/ly:/usr/share/lilypond/2.22.1/ps:/usr/share/lilypond/2.22.1/scm:/usr/share/lilypond/2.22.1/fonts/otf/:/usr/share/lilypond/2.22.1/fonts/type1/:/usr/share/lilypond/2.22.1/fonts/svg/:')
    \include 
             "../lv/ef-lv-1-4.ly"
/tmp/tmpi_487g69/2024-03-19T10-36-18-936778-35cf0bc.ly:31:14: error: cannot find file: `../lv/ef-lv-2-2.ly'
(search path: `/tmp/tmpi_487g69:/home/user/Documents/Resounding-Libraries/Un musico meccanico - Prehistory AI/python-code:/usr/share/lilypond/2.22.1/ly:/usr/share/lilypond/2.22.1/ps:/usr/share/lilypond/2.22.1/scm:/usr/share/lilypond/2.22.1/fonts/otf/:/usr/share/lilypond/2.22.1/fonts/type1/:/usr/share/lilypond/2.22.1/fonts/svg/:')
    \include 
             "../lv/ef-lv-2-2.ly"
/tmp/tmpi_487g69/2024-03-19T10-36-18-936778-35cf0bc.ly:32:14: error: cannot find file: `../lv/ef-lv-3-1.ly'
(search path: `/tmp/tmpi_487g69:/home/user/Documents/Resounding-Libraries/Un musico meccanico - Prehistory AI/python-code:/usr/share/lilypond/2.22.1/ly:/usr/share/lilypond/2.22.1/ps:/usr/share/lilypond/2.22.1/scm:/usr/share/lilypond/2.22.1/fonts/otf/:/usr/share/lilypond/2.22.1/fonts/type1/:/usr/share/lilypond/2.22.1/fonts/svg/:')
    \include 
             "../lv/ef-lv-3-1.ly"
/tmp/tmpi_487g69/2024-03-19T10-36-18-936778-35cf0bc.ly:33:14: error: cannot find file: `../lv/ef-lv-4-5.ly'
(search path: `/tmp/tmpi_487g69:/home/user/Documents/Resounding-Libraries/Un musico meccanico - Prehistory AI/python-code:/usr/share/lilypond/2.22.1/ly:/usr/share/lilypond/2.22.1/ps:/usr/share/lilypond/2.22.1/scm:/usr/share/lilypond/2.22.1/fonts/otf/:/usr/share/lilypond/2.22.1/fonts/type1/:/usr/share/lilypond/2.22.1/fonts/svg/:')
    \include 
             "../lv/ef-lv-4-5.ly"
/tmp/tmpi_487g69/2024-03-19T10-36-18-936778-35cf0bc.ly:34:14: error: cannot find file: `../lv/ef-lv-5-1.ly'
(search path: `/tmp/tmpi_487g69:/home/user/Documents/Resounding-Libraries/Un musico meccanico - Prehistory AI/python-code:/usr/share/lilypond/2.22.1/ly:/usr/share/lilypond/2.22.1/ps:/usr/share/lilypond/2.22.1/scm:/usr/share/lilypond/2.22.1/fonts/otf/:/usr/share/lilypond/2.22.1/fonts/type1/:/usr/share/lilypond/2.22.1/fonts/svg/:')
    \include 
             "../lv/ef-lv-5-1.ly"
/tmp/tmpi_487g69/2024-03-19T10-36-18-936778-35cf0bc.ly:35:14: error: cannot find file: `../lv/ef-lv-6-8.ly'
(search path: `/tmp/tmpi_487g69:/home/user/Documents/Resounding-Libraries/Un musico meccanico - Prehistory AI/python-code:/usr/share/lilypond/2.22.1/ly:/usr/share/lilypond/2.22.1/ps:/usr/share/lilypond/2.22.1/scm:/usr/share/lilypond/2.22.1/fonts/otf/:/usr/share/lilypond/2.22.1/fonts/type1/:/usr/share/lilypond/2.22.1/fonts/svg/:')
    \include 
             "../lv/ef-lv-6-8.ly"
/tmp/tmpi_487g69/2024-03-19T10-36-18-936778-35cf0bc.ly:41:14: error: cannot find file: `../layout_settings.ly'
(search path: `/tmp/tmpi_487g69:/home/user/Documents/Resounding-Libraries/Un musico meccanico - Prehistory AI/python-code:/usr/share/lilypond/2.22.1/ly:/usr/share/lilypond/2.22.1/ps:/usr/share/lilypond/2.22.1/scm:/usr/share/lilypond/2.22.1/fonts/otf/:/usr/share/lilypond/2.22.1/fonts/type1/:/usr/share/lilypond/2.22.1/fonts/svg/:')
    \include 
             "../layout_settings.ly"
/tmp/tmpi_487g69/2024-03-19T10-36-18-936778-35cf0bc.ly:1: warning: no \version statement found, please add

\version "2.22.1"

for future compatibility
Interpreting music...
/tmp/tmpi_487g69/2024-03-19T10-36-18-936778-35cf0bc.ly:8:5: warning: skipping zero-duration score
    
    <<
/tmp/tmpi_487g69/2024-03-19T10-36-18-936778-35cf0bc.ly:8:5: warning: to suppress this, consider adding a spacer rest
    
    <<
fatal error: failed files: "/tmp/tmpi_487g69/2024-03-19T10-36-18-936778-35cf0bc.ly"
