GNU LilyPond 2.22.1
Changing working directory to: `/tmp/tmppzabts8c'
Processing `/tmp/tmppzabts8c/2024-03-19T10-18-06-195588-d0381db.ly'
Parsing...
/tmp/tmppzabts8c/2024-03-19T10-18-06-195588-d0381db.ly:1:10: error: cannot find file: `../paper_settings.ly'
(search path: `/tmp/tmppzabts8c:/home/user/Documents/Resounding-Libraries/Un musico meccanico - Prehistory AI/python-code:/usr/share/lilypond/2.22.1/ly:/usr/share/lilypond/2.22.1/ps:/usr/share/lilypond/2.22.1/scm:/usr/share/lilypond/2.22.1/fonts/otf/:/usr/share/lilypond/2.22.1/fonts/type1/:/usr/share/lilypond/2.22.1/fonts/svg/:')
\include 
         "../paper_settings.ly" 
/tmp/tmppzabts8c/2024-03-19T10-18-06-195588-d0381db.ly:15:14: error: cannot find file: `../voice_option.ly'
(search path: `/tmp/tmppzabts8c:/home/user/Documents/Resounding-Libraries/Un musico meccanico - Prehistory AI/python-code:/usr/share/lilypond/2.22.1/ly:/usr/share/lilypond/2.22.1/ps:/usr/share/lilypond/2.22.1/scm:/usr/share/lilypond/2.22.1/fonts/otf/:/usr/share/lilypond/2.22.1/fonts/type1/:/usr/share/lilypond/2.22.1/fonts/svg/:')
    \include 
             "../voice_option.ly"
/tmp/tmppzabts8c/2024-03-19T10-18-06-195588-d0381db.ly:16:14: error: cannot find file: `../rh/ef-rh-1-2.ly'
(search path: `/tmp/tmppzabts8c:/home/user/Documents/Resounding-Libraries/Un musico meccanico - Prehistory AI/python-code:/usr/share/lilypond/2.22.1/ly:/usr/share/lilypond/2.22.1/ps:/usr/share/lilypond/2.22.1/scm:/usr/share/lilypond/2.22.1/fonts/otf/:/usr/share/lilypond/2.22.1/fonts/type1/:/usr/share/lilypond/2.22.1/fonts/svg/:')
    \include 
             "../rh/ef-rh-1-2.ly"
/tmp/tmppzabts8c/2024-03-19T10-18-06-195588-d0381db.ly:17:14: error: cannot find file: `../rh/ef-rh-2-4.ly'
(search path: `/tmp/tmppzabts8c:/home/user/Documents/Resounding-Libraries/Un musico meccanico - Prehistory AI/python-code:/usr/share/lilypond/2.22.1/ly:/usr/share/lilypond/2.22.1/ps:/usr/share/lilypond/2.22.1/scm:/usr/share/lilypond/2.22.1/fonts/otf/:/usr/share/lilypond/2.22.1/fonts/type1/:/usr/share/lilypond/2.22.1/fonts/svg/:')
    \include 
             "../rh/ef-rh-2-4.ly"
/tmp/tmppzabts8c/2024-03-19T10-18-06-195588-d0381db.ly:18:14: error: cannot find file: `../rh/ef-rh-3-5.ly'
(search path: `/tmp/tmppzabts8c:/home/user/Documents/Resounding-Libraries/Un musico meccanico - Prehistory AI/python-code:/usr/share/lilypond/2.22.1/ly:/usr/share/lilypond/2.22.1/ps:/usr/share/lilypond/2.22.1/scm:/usr/share/lilypond/2.22.1/fonts/otf/:/usr/share/lilypond/2.22.1/fonts/type1/:/usr/share/lilypond/2.22.1/fonts/svg/:')
    \include 
             "../rh/ef-rh-3-5.ly"
/tmp/tmppzabts8c/2024-03-19T10-18-06-195588-d0381db.ly:19:14: error: cannot find file: `../rh/ef-rh-4-7.ly'
(search path: `/tmp/tmppzabts8c:/home/user/Documents/Resounding-Libraries/Un musico meccanico - Prehistory AI/python-code:/usr/share/lilypond/2.22.1/ly:/usr/share/lilypond/2.22.1/ps:/usr/share/lilypond/2.22.1/scm:/usr/share/lilypond/2.22.1/fonts/otf/:/usr/share/lilypond/2.22.1/fonts/type1/:/usr/share/lilypond/2.22.1/fonts/svg/:')
    \include 
             "../rh/ef-rh-4-7.ly"
/tmp/tmppzabts8c/2024-03-19T10-18-06-195588-d0381db.ly:20:14: error: cannot find file: `../rh/ef-rh-5-4.ly'
(search path: `/tmp/tmppzabts8c:/home/user/Documents/Resounding-Libraries/Un musico meccanico - Prehistory AI/python-code:/usr/share/lilypond/2.22.1/ly:/usr/share/lilypond/2.22.1/ps:/usr/share/lilypond/2.22.1/scm:/usr/share/lilypond/2.22.1/fonts/otf/:/usr/share/lilypond/2.22.1/fonts/type1/:/usr/share/lilypond/2.22.1/fonts/svg/:')
    \include 
             "../rh/ef-rh-5-4.ly"
/tmp/tmppzabts8c/2024-03-19T10-18-06-195588-d0381db.ly:21:14: error: cannot find file: `../rh/ef-rh-6-7.ly'
(search path: `/tmp/tmppzabts8c:/home/user/Documents/Resounding-Libraries/Un musico meccanico - Prehistory AI/python-code:/usr/share/lilypond/2.22.1/ly:/usr/share/lilypond/2.22.1/ps:/usr/share/lilypond/2.22.1/scm:/usr/share/lilypond/2.22.1/fonts/otf/:/usr/share/lilypond/2.22.1/fonts/type1/:/usr/share/lilypond/2.22.1/fonts/svg/:')
    \include 
             "../rh/ef-rh-6-7.ly"
/tmp/tmppzabts8c/2024-03-19T10-18-06-195588-d0381db.ly:28:14: error: cannot find file: `../bassline_option.ly'
(search path: `/tmp/tmppzabts8c:/home/user/Documents/Resounding-Libraries/Un musico meccanico - Prehistory AI/python-code:/usr/share/lilypond/2.22.1/ly:/usr/share/lilypond/2.22.1/ps:/usr/share/lilypond/2.22.1/scm:/usr/share/lilypond/2.22.1/fonts/otf/:/usr/share/lilypond/2.22.1/fonts/type1/:/usr/share/lilypond/2.22.1/fonts/svg/:')
    \include 
             "../bassline_option.ly"
/tmp/tmppzabts8c/2024-03-19T10-18-06-195588-d0381db.ly:29:14: error: cannot find file: `../lh/ef-lh-1-2.ly'
(search path: `/tmp/tmppzabts8c:/home/user/Documents/Resounding-Libraries/Un musico meccanico - Prehistory AI/python-code:/usr/share/lilypond/2.22.1/ly:/usr/share/lilypond/2.22.1/ps:/usr/share/lilypond/2.22.1/scm:/usr/share/lilypond/2.22.1/fonts/otf/:/usr/share/lilypond/2.22.1/fonts/type1/:/usr/share/lilypond/2.22.1/fonts/svg/:')
    \include 
             "../lh/ef-lh-1-2.ly"
/tmp/tmppzabts8c/2024-03-19T10-18-06-195588-d0381db.ly:30:14: error: cannot find file: `../lh/ef-lh-2-4.ly'
(search path: `/tmp/tmppzabts8c:/home/user/Documents/Resounding-Libraries/Un musico meccanico - Prehistory AI/python-code:/usr/share/lilypond/2.22.1/ly:/usr/share/lilypond/2.22.1/ps:/usr/share/lilypond/2.22.1/scm:/usr/share/lilypond/2.22.1/fonts/otf/:/usr/share/lilypond/2.22.1/fonts/type1/:/usr/share/lilypond/2.22.1/fonts/svg/:')
    \include 
             "../lh/ef-lh-2-4.ly"
/tmp/tmppzabts8c/2024-03-19T10-18-06-195588-d0381db.ly:31:14: error: cannot find file: `../lh/ef-lh-3-5.ly'
(search path: `/tmp/tmppzabts8c:/home/user/Documents/Resounding-Libraries/Un musico meccanico - Prehistory AI/python-code:/usr/share/lilypond/2.22.1/ly:/usr/share/lilypond/2.22.1/ps:/usr/share/lilypond/2.22.1/scm:/usr/share/lilypond/2.22.1/fonts/otf/:/usr/share/lilypond/2.22.1/fonts/type1/:/usr/share/lilypond/2.22.1/fonts/svg/:')
    \include 
             "../lh/ef-lh-3-5.ly"
/tmp/tmppzabts8c/2024-03-19T10-18-06-195588-d0381db.ly:32:14: error: cannot find file: `../lh/ef-lh-4-7.ly'
(search path: `/tmp/tmppzabts8c:/home/user/Documents/Resounding-Libraries/Un musico meccanico - Prehistory AI/python-code:/usr/share/lilypond/2.22.1/ly:/usr/share/lilypond/2.22.1/ps:/usr/share/lilypond/2.22.1/scm:/usr/share/lilypond/2.22.1/fonts/otf/:/usr/share/lilypond/2.22.1/fonts/type1/:/usr/share/lilypond/2.22.1/fonts/svg/:')
    \include 
             "../lh/ef-lh-4-7.ly"
/tmp/tmppzabts8c/2024-03-19T10-18-06-195588-d0381db.ly:33:14: error: cannot find file: `../lh/ef-lh-5-4.ly'
(search path: `/tmp/tmppzabts8c:/home/user/Documents/Resounding-Libraries/Un musico meccanico - Prehistory AI/python-code:/usr/share/lilypond/2.22.1/ly:/usr/share/lilypond/2.22.1/ps:/usr/share/lilypond/2.22.1/scm:/usr/share/lilypond/2.22.1/fonts/otf/:/usr/share/lilypond/2.22.1/fonts/type1/:/usr/share/lilypond/2.22.1/fonts/svg/:')
    \include 
             "../lh/ef-lh-5-4.ly"
/tmp/tmppzabts8c/2024-03-19T10-18-06-195588-d0381db.ly:34:14: error: cannot find file: `../lh/ef-lh-6-7.ly'
(search path: `/tmp/tmppzabts8c:/home/user/Documents/Resounding-Libraries/Un musico meccanico - Prehistory AI/python-code:/usr/share/lilypond/2.22.1/ly:/usr/share/lilypond/2.22.1/ps:/usr/share/lilypond/2.22.1/scm:/usr/share/lilypond/2.22.1/fonts/otf/:/usr/share/lilypond/2.22.1/fonts/type1/:/usr/share/lilypond/2.22.1/fonts/svg/:')
    \include 
             "../lh/ef-lh-6-7.ly"
/tmp/tmppzabts8c/2024-03-19T10-18-06-195588-d0381db.ly:39:14: error: cannot find file: `../layout_settings.ly'
(search path: `/tmp/tmppzabts8c:/home/user/Documents/Resounding-Libraries/Un musico meccanico - Prehistory AI/python-code:/usr/share/lilypond/2.22.1/ly:/usr/share/lilypond/2.22.1/ps:/usr/share/lilypond/2.22.1/scm:/usr/share/lilypond/2.22.1/fonts/otf/:/usr/share/lilypond/2.22.1/fonts/type1/:/usr/share/lilypond/2.22.1/fonts/svg/:')
    \include 
             "../layout_settings.ly"
/tmp/tmppzabts8c/2024-03-19T10-18-06-195588-d0381db.ly:1: warning: no \version statement found, please add

\version "2.22.1"

for future compatibility
Interpreting music...
/tmp/tmppzabts8c/2024-03-19T10-18-06-195588-d0381db.ly:8:5: warning: skipping zero-duration score
    
    <<
/tmp/tmppzabts8c/2024-03-19T10-18-06-195588-d0381db.ly:8:5: warning: to suppress this, consider adding a spacer rest
    
    <<
fatal error: failed files: "/tmp/tmppzabts8c/2024-03-19T10-18-06-195588-d0381db.ly"
