GNU LilyPond 2.22.1
Changing working directory to: `/tmp/tmp01tnfrqy'
Processing `/tmp/tmp01tnfrqy/2024-04-08T15-38-55-870296-e0e77a0.ly'
Parsing...
/tmp/tmp01tnfrqy/2024-04-08T15-38-55-870296-e0e77a0.ly:1:10: error: cannot find file: `../paper_settings.ly'
(search path: `/tmp/tmp01tnfrqy:/home/user/GitHub/Artyfyshall-Bird/code-implementation:/usr/share/lilypond/2.22.1/ly:/usr/share/lilypond/2.22.1/ps:/usr/share/lilypond/2.22.1/scm:/usr/share/lilypond/2.22.1/fonts/otf/:/usr/share/lilypond/2.22.1/fonts/type1/:/usr/share/lilypond/2.22.1/fonts/svg/:')
\include 
         "../paper_settings.ly" 
/tmp/tmp01tnfrqy/2024-04-08T15-38-55-870296-e0e77a0.ly:15:14: error: cannot find file: `../voice_option.ly'
(search path: `/tmp/tmp01tnfrqy:/home/user/GitHub/Artyfyshall-Bird/code-implementation:/usr/share/lilypond/2.22.1/ly:/usr/share/lilypond/2.22.1/ps:/usr/share/lilypond/2.22.1/scm:/usr/share/lilypond/2.22.1/fonts/otf/:/usr/share/lilypond/2.22.1/fonts/type1/:/usr/share/lilypond/2.22.1/fonts/svg/:')
    \include 
             "../voice_option.ly"
/tmp/tmp01tnfrqy/2024-04-08T15-38-55-870296-e0e77a0.ly:16:14: error: cannot find file: `../uv/ef-uv-1-6.ly'
(search path: `/tmp/tmp01tnfrqy:/home/user/GitHub/Artyfyshall-Bird/code-implementation:/usr/share/lilypond/2.22.1/ly:/usr/share/lilypond/2.22.1/ps:/usr/share/lilypond/2.22.1/scm:/usr/share/lilypond/2.22.1/fonts/otf/:/usr/share/lilypond/2.22.1/fonts/type1/:/usr/share/lilypond/2.22.1/fonts/svg/:')
    \include 
             "../uv/ef-uv-1-6.ly"
/tmp/tmp01tnfrqy/2024-04-08T15-38-55-870296-e0e77a0.ly:17:14: error: cannot find file: `../uv/ef-uv-2-7.ly'
(search path: `/tmp/tmp01tnfrqy:/home/user/GitHub/Artyfyshall-Bird/code-implementation:/usr/share/lilypond/2.22.1/ly:/usr/share/lilypond/2.22.1/ps:/usr/share/lilypond/2.22.1/scm:/usr/share/lilypond/2.22.1/fonts/otf/:/usr/share/lilypond/2.22.1/fonts/type1/:/usr/share/lilypond/2.22.1/fonts/svg/:')
    \include 
             "../uv/ef-uv-2-7.ly"
/tmp/tmp01tnfrqy/2024-04-08T15-38-55-870296-e0e77a0.ly:18:14: error: cannot find file: `../uv/ef-uv-3-7.ly'
(search path: `/tmp/tmp01tnfrqy:/home/user/GitHub/Artyfyshall-Bird/code-implementation:/usr/share/lilypond/2.22.1/ly:/usr/share/lilypond/2.22.1/ps:/usr/share/lilypond/2.22.1/scm:/usr/share/lilypond/2.22.1/fonts/otf/:/usr/share/lilypond/2.22.1/fonts/type1/:/usr/share/lilypond/2.22.1/fonts/svg/:')
    \include 
             "../uv/ef-uv-3-7.ly"
/tmp/tmp01tnfrqy/2024-04-08T15-38-55-870296-e0e77a0.ly:19:14: error: cannot find file: `../uv/ef-uv-4-6.ly'
(search path: `/tmp/tmp01tnfrqy:/home/user/GitHub/Artyfyshall-Bird/code-implementation:/usr/share/lilypond/2.22.1/ly:/usr/share/lilypond/2.22.1/ps:/usr/share/lilypond/2.22.1/scm:/usr/share/lilypond/2.22.1/fonts/otf/:/usr/share/lilypond/2.22.1/fonts/type1/:/usr/share/lilypond/2.22.1/fonts/svg/:')
    \include 
             "../uv/ef-uv-4-6.ly"
/tmp/tmp01tnfrqy/2024-04-08T15-38-55-870296-e0e77a0.ly:20:14: error: cannot find file: `../uv/ef-uv-5-1.ly'
(search path: `/tmp/tmp01tnfrqy:/home/user/GitHub/Artyfyshall-Bird/code-implementation:/usr/share/lilypond/2.22.1/ly:/usr/share/lilypond/2.22.1/ps:/usr/share/lilypond/2.22.1/scm:/usr/share/lilypond/2.22.1/fonts/otf/:/usr/share/lilypond/2.22.1/fonts/type1/:/usr/share/lilypond/2.22.1/fonts/svg/:')
    \include 
             "../uv/ef-uv-5-1.ly"
/tmp/tmp01tnfrqy/2024-04-08T15-38-55-870296-e0e77a0.ly:21:14: error: cannot find file: `../uv/ef-uv-6-1.ly'
(search path: `/tmp/tmp01tnfrqy:/home/user/GitHub/Artyfyshall-Bird/code-implementation:/usr/share/lilypond/2.22.1/ly:/usr/share/lilypond/2.22.1/ps:/usr/share/lilypond/2.22.1/scm:/usr/share/lilypond/2.22.1/fonts/otf/:/usr/share/lilypond/2.22.1/fonts/type1/:/usr/share/lilypond/2.22.1/fonts/svg/:')
    \include 
             "../uv/ef-uv-6-1.ly"
/tmp/tmp01tnfrqy/2024-04-08T15-38-55-870296-e0e77a0.ly:29:14: error: cannot find file: `../bassline_option.ly'
(search path: `/tmp/tmp01tnfrqy:/home/user/GitHub/Artyfyshall-Bird/code-implementation:/usr/share/lilypond/2.22.1/ly:/usr/share/lilypond/2.22.1/ps:/usr/share/lilypond/2.22.1/scm:/usr/share/lilypond/2.22.1/fonts/otf/:/usr/share/lilypond/2.22.1/fonts/type1/:/usr/share/lilypond/2.22.1/fonts/svg/:')
    \include 
             "../bassline_option.ly"
/tmp/tmp01tnfrqy/2024-04-08T15-38-55-870296-e0e77a0.ly:30:14: error: cannot find file: `../lv/ef-lv-1-6.ly'
(search path: `/tmp/tmp01tnfrqy:/home/user/GitHub/Artyfyshall-Bird/code-implementation:/usr/share/lilypond/2.22.1/ly:/usr/share/lilypond/2.22.1/ps:/usr/share/lilypond/2.22.1/scm:/usr/share/lilypond/2.22.1/fonts/otf/:/usr/share/lilypond/2.22.1/fonts/type1/:/usr/share/lilypond/2.22.1/fonts/svg/:')
    \include 
             "../lv/ef-lv-1-6.ly"
/tmp/tmp01tnfrqy/2024-04-08T15-38-55-870296-e0e77a0.ly:31:14: error: cannot find file: `../lv/ef-lv-2-7.ly'
(search path: `/tmp/tmp01tnfrqy:/home/user/GitHub/Artyfyshall-Bird/code-implementation:/usr/share/lilypond/2.22.1/ly:/usr/share/lilypond/2.22.1/ps:/usr/share/lilypond/2.22.1/scm:/usr/share/lilypond/2.22.1/fonts/otf/:/usr/share/lilypond/2.22.1/fonts/type1/:/usr/share/lilypond/2.22.1/fonts/svg/:')
    \include 
             "../lv/ef-lv-2-7.ly"
/tmp/tmp01tnfrqy/2024-04-08T15-38-55-870296-e0e77a0.ly:32:14: error: cannot find file: `../lv/ef-lv-3-7.ly'
(search path: `/tmp/tmp01tnfrqy:/home/user/GitHub/Artyfyshall-Bird/code-implementation:/usr/share/lilypond/2.22.1/ly:/usr/share/lilypond/2.22.1/ps:/usr/share/lilypond/2.22.1/scm:/usr/share/lilypond/2.22.1/fonts/otf/:/usr/share/lilypond/2.22.1/fonts/type1/:/usr/share/lilypond/2.22.1/fonts/svg/:')
    \include 
             "../lv/ef-lv-3-7.ly"
/tmp/tmp01tnfrqy/2024-04-08T15-38-55-870296-e0e77a0.ly:33:14: error: cannot find file: `../lv/ef-lv-4-6.ly'
(search path: `/tmp/tmp01tnfrqy:/home/user/GitHub/Artyfyshall-Bird/code-implementation:/usr/share/lilypond/2.22.1/ly:/usr/share/lilypond/2.22.1/ps:/usr/share/lilypond/2.22.1/scm:/usr/share/lilypond/2.22.1/fonts/otf/:/usr/share/lilypond/2.22.1/fonts/type1/:/usr/share/lilypond/2.22.1/fonts/svg/:')
    \include 
             "../lv/ef-lv-4-6.ly"
/tmp/tmp01tnfrqy/2024-04-08T15-38-55-870296-e0e77a0.ly:34:14: error: cannot find file: `../lv/ef-lv-5-1.ly'
(search path: `/tmp/tmp01tnfrqy:/home/user/GitHub/Artyfyshall-Bird/code-implementation:/usr/share/lilypond/2.22.1/ly:/usr/share/lilypond/2.22.1/ps:/usr/share/lilypond/2.22.1/scm:/usr/share/lilypond/2.22.1/fonts/otf/:/usr/share/lilypond/2.22.1/fonts/type1/:/usr/share/lilypond/2.22.1/fonts/svg/:')
    \include 
             "../lv/ef-lv-5-1.ly"
/tmp/tmp01tnfrqy/2024-04-08T15-38-55-870296-e0e77a0.ly:35:14: error: cannot find file: `../lv/ef-lv-6-1.ly'
(search path: `/tmp/tmp01tnfrqy:/home/user/GitHub/Artyfyshall-Bird/code-implementation:/usr/share/lilypond/2.22.1/ly:/usr/share/lilypond/2.22.1/ps:/usr/share/lilypond/2.22.1/scm:/usr/share/lilypond/2.22.1/fonts/otf/:/usr/share/lilypond/2.22.1/fonts/type1/:/usr/share/lilypond/2.22.1/fonts/svg/:')
    \include 
             "../lv/ef-lv-6-1.ly"
/tmp/tmp01tnfrqy/2024-04-08T15-38-55-870296-e0e77a0.ly:41:14: error: cannot find file: `../layout_settings.ly'
(search path: `/tmp/tmp01tnfrqy:/home/user/GitHub/Artyfyshall-Bird/code-implementation:/usr/share/lilypond/2.22.1/ly:/usr/share/lilypond/2.22.1/ps:/usr/share/lilypond/2.22.1/scm:/usr/share/lilypond/2.22.1/fonts/otf/:/usr/share/lilypond/2.22.1/fonts/type1/:/usr/share/lilypond/2.22.1/fonts/svg/:')
    \include 
             "../layout_settings.ly"
/tmp/tmp01tnfrqy/2024-04-08T15-38-55-870296-e0e77a0.ly:1: warning: no \version statement found, please add

\version "2.22.1"

for future compatibility
Interpreting music...
/tmp/tmp01tnfrqy/2024-04-08T15-38-55-870296-e0e77a0.ly:8:5: warning: skipping zero-duration score
    
    <<
/tmp/tmp01tnfrqy/2024-04-08T15-38-55-870296-e0e77a0.ly:8:5: warning: to suppress this, consider adding a spacer rest
    
    <<
fatal error: failed files: "/tmp/tmp01tnfrqy/2024-04-08T15-38-55-870296-e0e77a0.ly"
