GNU LilyPond 2.22.1
Changing working directory to: `/tmp/tmpblzj30_g'
Processing `/tmp/tmpblzj30_g/2024-03-19T15-30-17-901166-e64343f.ly'
Parsing...
/tmp/tmpblzj30_g/2024-03-19T15-30-17-901166-e64343f.ly:1:10: error: cannot find file: `../paper_settings.ly'
(search path: `/tmp/tmpblzj30_g:/home/user/Documents/Resounding-Libraries/Un musico meccanico - Prehistory AI/python-code:/usr/share/lilypond/2.22.1/ly:/usr/share/lilypond/2.22.1/ps:/usr/share/lilypond/2.22.1/scm:/usr/share/lilypond/2.22.1/fonts/otf/:/usr/share/lilypond/2.22.1/fonts/type1/:/usr/share/lilypond/2.22.1/fonts/svg/:')
\include 
         "../paper_settings.ly" 
/tmp/tmpblzj30_g/2024-03-19T15-30-17-901166-e64343f.ly:13:14: error: cannot find file: `../voice_option.ly'
(search path: `/tmp/tmpblzj30_g:/home/user/Documents/Resounding-Libraries/Un musico meccanico - Prehistory AI/python-code:/usr/share/lilypond/2.22.1/ly:/usr/share/lilypond/2.22.1/ps:/usr/share/lilypond/2.22.1/scm:/usr/share/lilypond/2.22.1/fonts/otf/:/usr/share/lilypond/2.22.1/fonts/type1/:/usr/share/lilypond/2.22.1/fonts/svg/:')
    \include 
             "../voice_option.ly"
/tmp/tmpblzj30_g/2024-03-19T15-30-17-901166-e64343f.ly:16:14: error: cannot find file: `../parte1/mw-01-1-1-7-7-2-8-7-4-4-7.ly'
(search path: `/tmp/tmpblzj30_g:/home/user/Documents/Resounding-Libraries/Un musico meccanico - Prehistory AI/python-code:/usr/share/lilypond/2.22.1/ly:/usr/share/lilypond/2.22.1/ps:/usr/share/lilypond/2.22.1/scm:/usr/share/lilypond/2.22.1/fonts/otf/:/usr/share/lilypond/2.22.1/fonts/type1/:/usr/share/lilypond/2.22.1/fonts/svg/:')
    \include 
             "../parte1/mw-01-1-1-7-7-2-8-7-4-4-7.ly" 
/tmp/tmpblzj30_g/2024-03-19T15-30-17-901166-e64343f.ly:20:14: error: cannot find file: `../parte2/mw-02-1-1-7-7-2-8-7-4-4-7.ly'
(search path: `/tmp/tmpblzj30_g:/home/user/Documents/Resounding-Libraries/Un musico meccanico - Prehistory AI/python-code:/usr/share/lilypond/2.22.1/ly:/usr/share/lilypond/2.22.1/ps:/usr/share/lilypond/2.22.1/scm:/usr/share/lilypond/2.22.1/fonts/otf/:/usr/share/lilypond/2.22.1/fonts/type1/:/usr/share/lilypond/2.22.1/fonts/svg/:')
    \include 
             "../parte2/mw-02-1-1-7-7-2-8-7-4-4-7.ly" 
/tmp/tmpblzj30_g/2024-03-19T15-30-17-901166-e64343f.ly:24:14: error: cannot find file: `../parte3/mw-03-1-1-7-7-2-8-7-4-4-7.ly'
(search path: `/tmp/tmpblzj30_g:/home/user/Documents/Resounding-Libraries/Un musico meccanico - Prehistory AI/python-code:/usr/share/lilypond/2.22.1/ly:/usr/share/lilypond/2.22.1/ps:/usr/share/lilypond/2.22.1/scm:/usr/share/lilypond/2.22.1/fonts/otf/:/usr/share/lilypond/2.22.1/fonts/type1/:/usr/share/lilypond/2.22.1/fonts/svg/:')
    \include 
             "../parte3/mw-03-1-1-7-7-2-8-7-4-4-7.ly" 
/tmp/tmpblzj30_g/2024-03-19T15-30-17-901166-e64343f.ly:29:14: error: cannot find file: `../layout_settings.ly'
(search path: `/tmp/tmpblzj30_g:/home/user/Documents/Resounding-Libraries/Un musico meccanico - Prehistory AI/python-code:/usr/share/lilypond/2.22.1/ly:/usr/share/lilypond/2.22.1/ps:/usr/share/lilypond/2.22.1/scm:/usr/share/lilypond/2.22.1/fonts/otf/:/usr/share/lilypond/2.22.1/fonts/type1/:/usr/share/lilypond/2.22.1/fonts/svg/:')
    \include 
             "../layout_settings.ly"
/tmp/tmpblzj30_g/2024-03-19T15-30-17-901166-e64343f.ly:1: warning: no \version statement found, please add

\version "2.22.1"

for future compatibility
Interpreting music...
/tmp/tmpblzj30_g/2024-03-19T15-30-17-901166-e64343f.ly:8:5: warning: skipping zero-duration score
    
    <<
/tmp/tmpblzj30_g/2024-03-19T15-30-17-901166-e64343f.ly:8:5: warning: to suppress this, consider adding a spacer rest
    
    <<
fatal error: failed files: "/tmp/tmpblzj30_g/2024-03-19T15-30-17-901166-e64343f.ly"
