GNU LilyPond 2.22.1
Changing working directory to: `/tmp/tmpotvnssgk'
Processing `/tmp/tmpotvnssgk/2024-03-19T16-12-49-189624-593b662.ly'
Parsing...
/tmp/tmpotvnssgk/2024-03-19T16-12-49-189624-593b662.ly:1:10: error: cannot find file: `../paper_settings.ly'
(search path: `/tmp/tmpotvnssgk:/home/user/Documents/Resounding-Libraries/Un musico meccanico - Prehistory AI/python-code:/usr/share/lilypond/2.22.1/ly:/usr/share/lilypond/2.22.1/ps:/usr/share/lilypond/2.22.1/scm:/usr/share/lilypond/2.22.1/fonts/otf/:/usr/share/lilypond/2.22.1/fonts/type1/:/usr/share/lilypond/2.22.1/fonts/svg/:')
\include 
         "../paper_settings.ly" 
/tmp/tmpotvnssgk/2024-03-19T16-12-49-189624-593b662.ly:13:14: error: cannot find file: `../voice_option.ly'
(search path: `/tmp/tmpotvnssgk:/home/user/Documents/Resounding-Libraries/Un musico meccanico - Prehistory AI/python-code:/usr/share/lilypond/2.22.1/ly:/usr/share/lilypond/2.22.1/ps:/usr/share/lilypond/2.22.1/scm:/usr/share/lilypond/2.22.1/fonts/otf/:/usr/share/lilypond/2.22.1/fonts/type1/:/usr/share/lilypond/2.22.1/fonts/svg/:')
    \include 
             "../voice_option.ly"
/tmp/tmpotvnssgk/2024-03-19T16-12-49-189624-593b662.ly:16:14: error: cannot find file: `../parte1/mw-01-4-8-2-0-8-7-5-3-5-0.ly'
(search path: `/tmp/tmpotvnssgk:/home/user/Documents/Resounding-Libraries/Un musico meccanico - Prehistory AI/python-code:/usr/share/lilypond/2.22.1/ly:/usr/share/lilypond/2.22.1/ps:/usr/share/lilypond/2.22.1/scm:/usr/share/lilypond/2.22.1/fonts/otf/:/usr/share/lilypond/2.22.1/fonts/type1/:/usr/share/lilypond/2.22.1/fonts/svg/:')
    \include 
             "../parte1/mw-01-4-8-2-0-8-7-5-3-5-0.ly" 
/tmp/tmpotvnssgk/2024-03-19T16-12-49-189624-593b662.ly:20:14: error: cannot find file: `../parte2/mw-02-4-8-2-0-8-7-5-3-5-0.ly'
(search path: `/tmp/tmpotvnssgk:/home/user/Documents/Resounding-Libraries/Un musico meccanico - Prehistory AI/python-code:/usr/share/lilypond/2.22.1/ly:/usr/share/lilypond/2.22.1/ps:/usr/share/lilypond/2.22.1/scm:/usr/share/lilypond/2.22.1/fonts/otf/:/usr/share/lilypond/2.22.1/fonts/type1/:/usr/share/lilypond/2.22.1/fonts/svg/:')
    \include 
             "../parte2/mw-02-4-8-2-0-8-7-5-3-5-0.ly" 
/tmp/tmpotvnssgk/2024-03-19T16-12-49-189624-593b662.ly:24:14: error: cannot find file: `../parte3/mw-03-4-8-2-0-8-7-5-3-5-0.ly'
(search path: `/tmp/tmpotvnssgk:/home/user/Documents/Resounding-Libraries/Un musico meccanico - Prehistory AI/python-code:/usr/share/lilypond/2.22.1/ly:/usr/share/lilypond/2.22.1/ps:/usr/share/lilypond/2.22.1/scm:/usr/share/lilypond/2.22.1/fonts/otf/:/usr/share/lilypond/2.22.1/fonts/type1/:/usr/share/lilypond/2.22.1/fonts/svg/:')
    \include 
             "../parte3/mw-03-4-8-2-0-8-7-5-3-5-0.ly" 
/tmp/tmpotvnssgk/2024-03-19T16-12-49-189624-593b662.ly:29:14: error: cannot find file: `../layout_settings.ly'
(search path: `/tmp/tmpotvnssgk:/home/user/Documents/Resounding-Libraries/Un musico meccanico - Prehistory AI/python-code:/usr/share/lilypond/2.22.1/ly:/usr/share/lilypond/2.22.1/ps:/usr/share/lilypond/2.22.1/scm:/usr/share/lilypond/2.22.1/fonts/otf/:/usr/share/lilypond/2.22.1/fonts/type1/:/usr/share/lilypond/2.22.1/fonts/svg/:')
    \include 
             "../layout_settings.ly"
/tmp/tmpotvnssgk/2024-03-19T16-12-49-189624-593b662.ly:1: warning: no \version statement found, please add

\version "2.22.1"

for future compatibility
Interpreting music...
/tmp/tmpotvnssgk/2024-03-19T16-12-49-189624-593b662.ly:8:5: warning: skipping zero-duration score
    
    <<
/tmp/tmpotvnssgk/2024-03-19T16-12-49-189624-593b662.ly:8:5: warning: to suppress this, consider adding a spacer rest
    
    <<
fatal error: failed files: "/tmp/tmpotvnssgk/2024-03-19T16-12-49-189624-593b662.ly"
