GNU LilyPond 2.22.1
Changing working directory to: `/tmp/tmp2n6jnud1'
Processing `/tmp/tmp2n6jnud1/2024-03-25T16-03-16-124534-56784cc.ly'
Parsing...
/tmp/tmp2n6jnud1/2024-03-25T16-03-16-124534-56784cc.ly:1:10: error: cannot find file: `../paper_settings.ly'
(search path: `/tmp/tmp2n6jnud1:/home/user/Documents/Resounding-Libraries/Un musico meccanico - Prehistory AI/python-code:/usr/share/lilypond/2.22.1/ly:/usr/share/lilypond/2.22.1/ps:/usr/share/lilypond/2.22.1/scm:/usr/share/lilypond/2.22.1/fonts/otf/:/usr/share/lilypond/2.22.1/fonts/type1/:/usr/share/lilypond/2.22.1/fonts/svg/:')
\include 
         "../paper_settings.ly" 
/tmp/tmp2n6jnud1/2024-03-25T16-03-16-124534-56784cc.ly:13:14: error: cannot find file: `../voice_option.ly'
(search path: `/tmp/tmp2n6jnud1:/home/user/Documents/Resounding-Libraries/Un musico meccanico - Prehistory AI/python-code:/usr/share/lilypond/2.22.1/ly:/usr/share/lilypond/2.22.1/ps:/usr/share/lilypond/2.22.1/scm:/usr/share/lilypond/2.22.1/fonts/otf/:/usr/share/lilypond/2.22.1/fonts/type1/:/usr/share/lilypond/2.22.1/fonts/svg/:')
    \include 
             "../voice_option.ly"
/tmp/tmp2n6jnud1/2024-03-25T16-03-16-124534-56784cc.ly:16:14: error: cannot find file: `../parte1/mw-01-5-5-6-6-4-0-1-8-6-4.ly'
(search path: `/tmp/tmp2n6jnud1:/home/user/Documents/Resounding-Libraries/Un musico meccanico - Prehistory AI/python-code:/usr/share/lilypond/2.22.1/ly:/usr/share/lilypond/2.22.1/ps:/usr/share/lilypond/2.22.1/scm:/usr/share/lilypond/2.22.1/fonts/otf/:/usr/share/lilypond/2.22.1/fonts/type1/:/usr/share/lilypond/2.22.1/fonts/svg/:')
    \include 
             "../parte1/mw-01-5-5-6-6-4-0-1-8-6-4.ly" 
/tmp/tmp2n6jnud1/2024-03-25T16-03-16-124534-56784cc.ly:20:14: error: cannot find file: `../parte2/mw-02-5-5-6-6-4-0-1-8-6-4.ly'
(search path: `/tmp/tmp2n6jnud1:/home/user/Documents/Resounding-Libraries/Un musico meccanico - Prehistory AI/python-code:/usr/share/lilypond/2.22.1/ly:/usr/share/lilypond/2.22.1/ps:/usr/share/lilypond/2.22.1/scm:/usr/share/lilypond/2.22.1/fonts/otf/:/usr/share/lilypond/2.22.1/fonts/type1/:/usr/share/lilypond/2.22.1/fonts/svg/:')
    \include 
             "../parte2/mw-02-5-5-6-6-4-0-1-8-6-4.ly" 
/tmp/tmp2n6jnud1/2024-03-25T16-03-16-124534-56784cc.ly:24:14: error: cannot find file: `../parte3/mw-03-5-5-6-6-4-0-1-8-6-4.ly'
(search path: `/tmp/tmp2n6jnud1:/home/user/Documents/Resounding-Libraries/Un musico meccanico - Prehistory AI/python-code:/usr/share/lilypond/2.22.1/ly:/usr/share/lilypond/2.22.1/ps:/usr/share/lilypond/2.22.1/scm:/usr/share/lilypond/2.22.1/fonts/otf/:/usr/share/lilypond/2.22.1/fonts/type1/:/usr/share/lilypond/2.22.1/fonts/svg/:')
    \include 
             "../parte3/mw-03-5-5-6-6-4-0-1-8-6-4.ly" 
/tmp/tmp2n6jnud1/2024-03-25T16-03-16-124534-56784cc.ly:29:14: error: cannot find file: `../layout_settings.ly'
(search path: `/tmp/tmp2n6jnud1:/home/user/Documents/Resounding-Libraries/Un musico meccanico - Prehistory AI/python-code:/usr/share/lilypond/2.22.1/ly:/usr/share/lilypond/2.22.1/ps:/usr/share/lilypond/2.22.1/scm:/usr/share/lilypond/2.22.1/fonts/otf/:/usr/share/lilypond/2.22.1/fonts/type1/:/usr/share/lilypond/2.22.1/fonts/svg/:')
    \include 
             "../layout_settings.ly"
/tmp/tmp2n6jnud1/2024-03-25T16-03-16-124534-56784cc.ly:1: warning: no \version statement found, please add

\version "2.22.1"

for future compatibility
Interpreting music...
/tmp/tmp2n6jnud1/2024-03-25T16-03-16-124534-56784cc.ly:8:5: warning: skipping zero-duration score
    
    <<
/tmp/tmp2n6jnud1/2024-03-25T16-03-16-124534-56784cc.ly:8:5: warning: to suppress this, consider adding a spacer rest
    
    <<
fatal error: failed files: "/tmp/tmp2n6jnud1/2024-03-25T16-03-16-124534-56784cc.ly"
