GNU LilyPond 2.22.1
Changing working directory to: `/tmp/tmpjjir63p0'
Processing `/tmp/tmpjjir63p0/2024-03-19T16-14-16-439717-02c81be.ly'
Parsing...
/tmp/tmpjjir63p0/2024-03-19T16-14-16-439717-02c81be.ly:1:10: error: cannot find file: `../paper_settings.ly'
(search path: `/tmp/tmpjjir63p0:/home/user/Documents/Resounding-Libraries/Un musico meccanico - Prehistory AI/python-code:/usr/share/lilypond/2.22.1/ly:/usr/share/lilypond/2.22.1/ps:/usr/share/lilypond/2.22.1/scm:/usr/share/lilypond/2.22.1/fonts/otf/:/usr/share/lilypond/2.22.1/fonts/type1/:/usr/share/lilypond/2.22.1/fonts/svg/:')
\include 
         "../paper_settings.ly" 
/tmp/tmpjjir63p0/2024-03-19T16-14-16-439717-02c81be.ly:13:14: error: cannot find file: `../voice_option.ly'
(search path: `/tmp/tmpjjir63p0:/home/user/Documents/Resounding-Libraries/Un musico meccanico - Prehistory AI/python-code:/usr/share/lilypond/2.22.1/ly:/usr/share/lilypond/2.22.1/ps:/usr/share/lilypond/2.22.1/scm:/usr/share/lilypond/2.22.1/fonts/otf/:/usr/share/lilypond/2.22.1/fonts/type1/:/usr/share/lilypond/2.22.1/fonts/svg/:')
    \include 
             "../voice_option.ly"
/tmp/tmpjjir63p0/2024-03-19T16-14-16-439717-02c81be.ly:16:14: error: cannot find file: `../parte1/mw-01-3-3-2-0-3-8-1-8-7-1.ly'
(search path: `/tmp/tmpjjir63p0:/home/user/Documents/Resounding-Libraries/Un musico meccanico - Prehistory AI/python-code:/usr/share/lilypond/2.22.1/ly:/usr/share/lilypond/2.22.1/ps:/usr/share/lilypond/2.22.1/scm:/usr/share/lilypond/2.22.1/fonts/otf/:/usr/share/lilypond/2.22.1/fonts/type1/:/usr/share/lilypond/2.22.1/fonts/svg/:')
    \include 
             "../parte1/mw-01-3-3-2-0-3-8-1-8-7-1.ly" 
/tmp/tmpjjir63p0/2024-03-19T16-14-16-439717-02c81be.ly:20:14: error: cannot find file: `../parte2/mw-02-3-3-2-0-3-8-1-8-7-1.ly'
(search path: `/tmp/tmpjjir63p0:/home/user/Documents/Resounding-Libraries/Un musico meccanico - Prehistory AI/python-code:/usr/share/lilypond/2.22.1/ly:/usr/share/lilypond/2.22.1/ps:/usr/share/lilypond/2.22.1/scm:/usr/share/lilypond/2.22.1/fonts/otf/:/usr/share/lilypond/2.22.1/fonts/type1/:/usr/share/lilypond/2.22.1/fonts/svg/:')
    \include 
             "../parte2/mw-02-3-3-2-0-3-8-1-8-7-1.ly" 
/tmp/tmpjjir63p0/2024-03-19T16-14-16-439717-02c81be.ly:24:14: error: cannot find file: `../parte3/mw-03-3-3-2-0-3-8-1-8-7-1.ly'
(search path: `/tmp/tmpjjir63p0:/home/user/Documents/Resounding-Libraries/Un musico meccanico - Prehistory AI/python-code:/usr/share/lilypond/2.22.1/ly:/usr/share/lilypond/2.22.1/ps:/usr/share/lilypond/2.22.1/scm:/usr/share/lilypond/2.22.1/fonts/otf/:/usr/share/lilypond/2.22.1/fonts/type1/:/usr/share/lilypond/2.22.1/fonts/svg/:')
    \include 
             "../parte3/mw-03-3-3-2-0-3-8-1-8-7-1.ly" 
/tmp/tmpjjir63p0/2024-03-19T16-14-16-439717-02c81be.ly:29:14: error: cannot find file: `../layout_settings.ly'
(search path: `/tmp/tmpjjir63p0:/home/user/Documents/Resounding-Libraries/Un musico meccanico - Prehistory AI/python-code:/usr/share/lilypond/2.22.1/ly:/usr/share/lilypond/2.22.1/ps:/usr/share/lilypond/2.22.1/scm:/usr/share/lilypond/2.22.1/fonts/otf/:/usr/share/lilypond/2.22.1/fonts/type1/:/usr/share/lilypond/2.22.1/fonts/svg/:')
    \include 
             "../layout_settings.ly"
/tmp/tmpjjir63p0/2024-03-19T16-14-16-439717-02c81be.ly:1: warning: no \version statement found, please add

\version "2.22.1"

for future compatibility
Interpreting music...
/tmp/tmpjjir63p0/2024-03-19T16-14-16-439717-02c81be.ly:8:5: warning: skipping zero-duration score
    
    <<
/tmp/tmpjjir63p0/2024-03-19T16-14-16-439717-02c81be.ly:8:5: warning: to suppress this, consider adding a spacer rest
    
    <<
fatal error: failed files: "/tmp/tmpjjir63p0/2024-03-19T16-14-16-439717-02c81be.ly"
