GNU LilyPond 2.22.1
Changing working directory to: `/tmp/tmp09dh7ukk'
Processing `/tmp/tmp09dh7ukk/2024-03-19T16-25-05-188669-b7b3e9c.ly'
Parsing...
/tmp/tmp09dh7ukk/2024-03-19T16-25-05-188669-b7b3e9c.ly:1:10: error: cannot find file: `../paper_settings.ly'
(search path: `/tmp/tmp09dh7ukk:/home/user/Documents/Resounding-Libraries/Un musico meccanico - Prehistory AI/python-code:/usr/share/lilypond/2.22.1/ly:/usr/share/lilypond/2.22.1/ps:/usr/share/lilypond/2.22.1/scm:/usr/share/lilypond/2.22.1/fonts/otf/:/usr/share/lilypond/2.22.1/fonts/type1/:/usr/share/lilypond/2.22.1/fonts/svg/:')
\include 
         "../paper_settings.ly" 
/tmp/tmp09dh7ukk/2024-03-19T16-25-05-188669-b7b3e9c.ly:13:14: error: cannot find file: `../voice_option.ly'
(search path: `/tmp/tmp09dh7ukk:/home/user/Documents/Resounding-Libraries/Un musico meccanico - Prehistory AI/python-code:/usr/share/lilypond/2.22.1/ly:/usr/share/lilypond/2.22.1/ps:/usr/share/lilypond/2.22.1/scm:/usr/share/lilypond/2.22.1/fonts/otf/:/usr/share/lilypond/2.22.1/fonts/type1/:/usr/share/lilypond/2.22.1/fonts/svg/:')
    \include 
             "../voice_option.ly"
/tmp/tmp09dh7ukk/2024-03-19T16-25-05-188669-b7b3e9c.ly:16:14: error: cannot find file: `../parte1/mw-01-1-2-7-1-7-2-2-8-4-3.ly'
(search path: `/tmp/tmp09dh7ukk:/home/user/Documents/Resounding-Libraries/Un musico meccanico - Prehistory AI/python-code:/usr/share/lilypond/2.22.1/ly:/usr/share/lilypond/2.22.1/ps:/usr/share/lilypond/2.22.1/scm:/usr/share/lilypond/2.22.1/fonts/otf/:/usr/share/lilypond/2.22.1/fonts/type1/:/usr/share/lilypond/2.22.1/fonts/svg/:')
    \include 
             "../parte1/mw-01-1-2-7-1-7-2-2-8-4-3.ly" 
/tmp/tmp09dh7ukk/2024-03-19T16-25-05-188669-b7b3e9c.ly:20:14: error: cannot find file: `../parte2/mw-02-1-2-7-1-7-2-2-8-4-3.ly'
(search path: `/tmp/tmp09dh7ukk:/home/user/Documents/Resounding-Libraries/Un musico meccanico - Prehistory AI/python-code:/usr/share/lilypond/2.22.1/ly:/usr/share/lilypond/2.22.1/ps:/usr/share/lilypond/2.22.1/scm:/usr/share/lilypond/2.22.1/fonts/otf/:/usr/share/lilypond/2.22.1/fonts/type1/:/usr/share/lilypond/2.22.1/fonts/svg/:')
    \include 
             "../parte2/mw-02-1-2-7-1-7-2-2-8-4-3.ly" 
/tmp/tmp09dh7ukk/2024-03-19T16-25-05-188669-b7b3e9c.ly:24:14: error: cannot find file: `../parte3/mw-03-1-2-7-1-7-2-2-8-4-3.ly'
(search path: `/tmp/tmp09dh7ukk:/home/user/Documents/Resounding-Libraries/Un musico meccanico - Prehistory AI/python-code:/usr/share/lilypond/2.22.1/ly:/usr/share/lilypond/2.22.1/ps:/usr/share/lilypond/2.22.1/scm:/usr/share/lilypond/2.22.1/fonts/otf/:/usr/share/lilypond/2.22.1/fonts/type1/:/usr/share/lilypond/2.22.1/fonts/svg/:')
    \include 
             "../parte3/mw-03-1-2-7-1-7-2-2-8-4-3.ly" 
/tmp/tmp09dh7ukk/2024-03-19T16-25-05-188669-b7b3e9c.ly:29:14: error: cannot find file: `../layout_settings.ly'
(search path: `/tmp/tmp09dh7ukk:/home/user/Documents/Resounding-Libraries/Un musico meccanico - Prehistory AI/python-code:/usr/share/lilypond/2.22.1/ly:/usr/share/lilypond/2.22.1/ps:/usr/share/lilypond/2.22.1/scm:/usr/share/lilypond/2.22.1/fonts/otf/:/usr/share/lilypond/2.22.1/fonts/type1/:/usr/share/lilypond/2.22.1/fonts/svg/:')
    \include 
             "../layout_settings.ly"
/tmp/tmp09dh7ukk/2024-03-19T16-25-05-188669-b7b3e9c.ly:1: warning: no \version statement found, please add

\version "2.22.1"

for future compatibility
Interpreting music...
/tmp/tmp09dh7ukk/2024-03-19T16-25-05-188669-b7b3e9c.ly:8:5: warning: skipping zero-duration score
    
    <<
/tmp/tmp09dh7ukk/2024-03-19T16-25-05-188669-b7b3e9c.ly:8:5: warning: to suppress this, consider adding a spacer rest
    
    <<
fatal error: failed files: "/tmp/tmp09dh7ukk/2024-03-19T16-25-05-188669-b7b3e9c.ly"
