GNU LilyPond 2.22.1
Changing working directory to: `/tmp/tmpativfm86'
Processing `/tmp/tmpativfm86/2024-03-12T15-58-20-712438-465997c.ly'
Parsing...
/tmp/tmpativfm86/2024-03-12T15-58-20-712438-465997c.ly:1:10: error: cannot find file: `../paper_settings.ly'
(search path: `/tmp/tmpativfm86:/home/user/Documents/Resounding-Libraries/Un musico meccanico - Prehistory AI/python-code:/usr/share/lilypond/2.22.1/ly:/usr/share/lilypond/2.22.1/ps:/usr/share/lilypond/2.22.1/scm:/usr/share/lilypond/2.22.1/fonts/otf/:/usr/share/lilypond/2.22.1/fonts/type1/:/usr/share/lilypond/2.22.1/fonts/svg/:')
\include 
         "../paper_settings.ly" 
/tmp/tmpativfm86/2024-03-12T15-58-20-712438-465997c.ly:13:14: error: cannot find file: `../voice_option.ly'
(search path: `/tmp/tmpativfm86:/home/user/Documents/Resounding-Libraries/Un musico meccanico - Prehistory AI/python-code:/usr/share/lilypond/2.22.1/ly:/usr/share/lilypond/2.22.1/ps:/usr/share/lilypond/2.22.1/scm:/usr/share/lilypond/2.22.1/fonts/otf/:/usr/share/lilypond/2.22.1/fonts/type1/:/usr/share/lilypond/2.22.1/fonts/svg/:')
    \include 
             "../voice_option.ly"
/home/user/Documents/Resounding-Libraries/Un musico meccanico - Prehistory AI/python-code/./mangeruva-1823/parte2/mw-02-1-1-7-7-2-8-7-4-4-7.ly:6:8: error: not a note name: fs
g''16.[
       fs''!16]
/home/user/Documents/Resounding-Libraries/Un musico meccanico - Prehistory AI/python-code/./mangeruva-1823/parte2/mw-02-1-1-7-7-2-8-7-4-4-7.ly:6:10: error: syntax error, unexpected '\''
g''16.[fs
         ''!16]
/home/user/Documents/Resounding-Libraries/Un musico meccanico - Prehistory AI/python-code/./mangeruva-1823/parte2/mw-02-1-1-7-7-2-8-7-4-4-7.ly:21:7: error: not a note name: fs
g''16[
      fs''!]
/home/user/Documents/Resounding-Libraries/Un musico meccanico - Prehistory AI/python-code/./mangeruva-1823/parte2/mw-02-1-1-7-7-2-8-7-4-4-7.ly:21:9: error: syntax error, unexpected '\''
g''16[fs
        ''!]
/home/user/Documents/Resounding-Libraries/Un musico meccanico - Prehistory AI/python-code/./mangeruva-1823/parte3/mw-03-1-1-7-7-2-8-7-4-4-7.ly:8:8: error: not a note name: fs
g''16.[
       fs''!16]
/home/user/Documents/Resounding-Libraries/Un musico meccanico - Prehistory AI/python-code/./mangeruva-1823/parte3/mw-03-1-1-7-7-2-8-7-4-4-7.ly:8:10: error: syntax error, unexpected '\''
g''16.[fs
         ''!16]
/home/user/Documents/Resounding-Libraries/Un musico meccanico - Prehistory AI/python-code/./mangeruva-1823/parte3/mw-03-1-1-7-7-2-8-7-4-4-7.ly:25:7: error: not a note name: fs
g''16[
      fs''!]
/home/user/Documents/Resounding-Libraries/Un musico meccanico - Prehistory AI/python-code/./mangeruva-1823/parte3/mw-03-1-1-7-7-2-8-7-4-4-7.ly:25:9: error: syntax error, unexpected '\''
g''16[fs
        ''!]
/home/user/Documents/Resounding-Libraries/Un musico meccanico - Prehistory AI/python-code/./mangeruva-1823/parte2/mw-02-1-1-7-7-2-8-7-4-4-7.ly:21:12: warning: Unattached BeamEvent
g''16[fs''!
           ]
/home/user/Documents/Resounding-Libraries/Un musico meccanico - Prehistory AI/python-code/./mangeruva-1823/parte3/mw-03-1-1-7-7-2-8-7-4-4-7.ly:25:12: warning: Unattached BeamEvent
g''16[fs''!
           ]
/tmp/tmpativfm86/2024-03-12T15-58-20-712438-465997c.ly:29:14: error: cannot find file: `../layout_settings.ly'
(search path: `/tmp/tmpativfm86:/home/user/Documents/Resounding-Libraries/Un musico meccanico - Prehistory AI/python-code:/usr/share/lilypond/2.22.1/ly:/usr/share/lilypond/2.22.1/ps:/usr/share/lilypond/2.22.1/scm:/usr/share/lilypond/2.22.1/fonts/otf/:/usr/share/lilypond/2.22.1/fonts/type1/:/usr/share/lilypond/2.22.1/fonts/svg/:')
    \include 
             "../layout_settings.ly"
/tmp/tmpativfm86/2024-03-12T15-58-20-712438-465997c.ly:8:5: error: errors found, ignoring music expression
    
    <<
/tmp/tmpativfm86/2024-03-12T15-58-20-712438-465997c.ly:1: warning: no \version statement found, please add

\version "2.22.1"

for future compatibility
fatal error: failed files: "/tmp/tmpativfm86/2024-03-12T15-58-20-712438-465997c.ly"
