GNU LilyPond 2.22.1
Changing working directory to: `/tmp/tmpl8q_z19a'
Processing `/tmp/tmpl8q_z19a/2024-04-11T10-33-11-309480-cefa087.ly'
Parsing...
/tmp/tmpl8q_z19a/2024-04-11T10-33-11-309480-cefa087.ly:1:10: error: cannot find file: `../paper_settings.ly'
(search path: `/tmp/tmpl8q_z19a:/home/user/GitHub/Artyfyshall-Bird/code-implementation:/usr/share/lilypond/2.22.1/ly:/usr/share/lilypond/2.22.1/ps:/usr/share/lilypond/2.22.1/scm:/usr/share/lilypond/2.22.1/fonts/otf/:/usr/share/lilypond/2.22.1/fonts/type1/:/usr/share/lilypond/2.22.1/fonts/svg/:')
\include 
         "../paper_settings.ly" 
/tmp/tmpl8q_z19a/2024-04-11T10-33-11-309480-cefa087.ly:13:14: error: cannot find file: `../voice_option.ly'
(search path: `/tmp/tmpl8q_z19a:/home/user/GitHub/Artyfyshall-Bird/code-implementation:/usr/share/lilypond/2.22.1/ly:/usr/share/lilypond/2.22.1/ps:/usr/share/lilypond/2.22.1/scm:/usr/share/lilypond/2.22.1/fonts/otf/:/usr/share/lilypond/2.22.1/fonts/type1/:/usr/share/lilypond/2.22.1/fonts/svg/:')
    \include 
             "../voice_option.ly"
/tmp/tmpl8q_z19a/2024-04-11T10-33-11-309480-cefa087.ly:16:14: error: cannot find file: `../rh/ws-02-rh-33.ly'
(search path: `/tmp/tmpl8q_z19a:/home/user/GitHub/Artyfyshall-Bird/code-implementation:/usr/share/lilypond/2.22.1/ly:/usr/share/lilypond/2.22.1/ps:/usr/share/lilypond/2.22.1/scm:/usr/share/lilypond/2.22.1/fonts/otf/:/usr/share/lilypond/2.22.1/fonts/type1/:/usr/share/lilypond/2.22.1/fonts/svg/:')
    \include 
             "../rh/ws-02-rh-33.ly"
/tmp/tmpl8q_z19a/2024-04-11T10-33-11-309480-cefa087.ly:17:14: error: cannot find file: `../rh/ws-02-rh-150.ly'
(search path: `/tmp/tmpl8q_z19a:/home/user/GitHub/Artyfyshall-Bird/code-implementation:/usr/share/lilypond/2.22.1/ly:/usr/share/lilypond/2.22.1/ps:/usr/share/lilypond/2.22.1/scm:/usr/share/lilypond/2.22.1/fonts/otf/:/usr/share/lilypond/2.22.1/fonts/type1/:/usr/share/lilypond/2.22.1/fonts/svg/:')
    \include 
             "../rh/ws-02-rh-150.ly"
/tmp/tmpl8q_z19a/2024-04-11T10-33-11-309480-cefa087.ly:18:14: error: cannot find file: `../rh/ws-02-rh-8.ly'
(search path: `/tmp/tmpl8q_z19a:/home/user/GitHub/Artyfyshall-Bird/code-implementation:/usr/share/lilypond/2.22.1/ly:/usr/share/lilypond/2.22.1/ps:/usr/share/lilypond/2.22.1/scm:/usr/share/lilypond/2.22.1/fonts/otf/:/usr/share/lilypond/2.22.1/fonts/type1/:/usr/share/lilypond/2.22.1/fonts/svg/:')
    \include 
             "../rh/ws-02-rh-8.ly"
/tmp/tmpl8q_z19a/2024-04-11T10-33-11-309480-cefa087.ly:19:14: error: cannot find file: `../rh/ws-02-rh-12.ly'
(search path: `/tmp/tmpl8q_z19a:/home/user/GitHub/Artyfyshall-Bird/code-implementation:/usr/share/lilypond/2.22.1/ly:/usr/share/lilypond/2.22.1/ps:/usr/share/lilypond/2.22.1/scm:/usr/share/lilypond/2.22.1/fonts/otf/:/usr/share/lilypond/2.22.1/fonts/type1/:/usr/share/lilypond/2.22.1/fonts/svg/:')
    \include 
             "../rh/ws-02-rh-12.ly"
/tmp/tmpl8q_z19a/2024-04-11T10-33-11-309480-cefa087.ly:20:14: error: cannot find file: `../rh/ws-02-rh-25.ly'
(search path: `/tmp/tmpl8q_z19a:/home/user/GitHub/Artyfyshall-Bird/code-implementation:/usr/share/lilypond/2.22.1/ly:/usr/share/lilypond/2.22.1/ps:/usr/share/lilypond/2.22.1/scm:/usr/share/lilypond/2.22.1/fonts/otf/:/usr/share/lilypond/2.22.1/fonts/type1/:/usr/share/lilypond/2.22.1/fonts/svg/:')
    \include 
             "../rh/ws-02-rh-25.ly"
/tmp/tmpl8q_z19a/2024-04-11T10-33-11-309480-cefa087.ly:21:14: error: cannot find file: `../rh/ws-02-rh-52.ly'
(search path: `/tmp/tmpl8q_z19a:/home/user/GitHub/Artyfyshall-Bird/code-implementation:/usr/share/lilypond/2.22.1/ly:/usr/share/lilypond/2.22.1/ps:/usr/share/lilypond/2.22.1/scm:/usr/share/lilypond/2.22.1/fonts/otf/:/usr/share/lilypond/2.22.1/fonts/type1/:/usr/share/lilypond/2.22.1/fonts/svg/:')
    \include 
             "../rh/ws-02-rh-52.ly"
/tmp/tmpl8q_z19a/2024-04-11T10-33-11-309480-cefa087.ly:22:14: error: cannot find file: `../rh/ws-02-rh-137.ly'
(search path: `/tmp/tmpl8q_z19a:/home/user/GitHub/Artyfyshall-Bird/code-implementation:/usr/share/lilypond/2.22.1/ly:/usr/share/lilypond/2.22.1/ps:/usr/share/lilypond/2.22.1/scm:/usr/share/lilypond/2.22.1/fonts/otf/:/usr/share/lilypond/2.22.1/fonts/type1/:/usr/share/lilypond/2.22.1/fonts/svg/:')
    \include 
             "../rh/ws-02-rh-137.ly"
/tmp/tmpl8q_z19a/2024-04-11T10-33-11-309480-cefa087.ly:23:14: error: cannot find file: `../rh/ws-02-rh-130.ly'
(search path: `/tmp/tmpl8q_z19a:/home/user/GitHub/Artyfyshall-Bird/code-implementation:/usr/share/lilypond/2.22.1/ly:/usr/share/lilypond/2.22.1/ps:/usr/share/lilypond/2.22.1/scm:/usr/share/lilypond/2.22.1/fonts/otf/:/usr/share/lilypond/2.22.1/fonts/type1/:/usr/share/lilypond/2.22.1/fonts/svg/:')
    \include 
             "../rh/ws-02-rh-130.ly"
/tmp/tmpl8q_z19a/2024-04-11T10-33-11-309480-cefa087.ly:27:14: error: cannot find file: `../rh/ws-02-rh-155.ly'
(search path: `/tmp/tmpl8q_z19a:/home/user/GitHub/Artyfyshall-Bird/code-implementation:/usr/share/lilypond/2.22.1/ly:/usr/share/lilypond/2.22.1/ps:/usr/share/lilypond/2.22.1/scm:/usr/share/lilypond/2.22.1/fonts/otf/:/usr/share/lilypond/2.22.1/fonts/type1/:/usr/share/lilypond/2.22.1/fonts/svg/:')
    \include 
             "../rh/ws-02-rh-155.ly"
/tmp/tmpl8q_z19a/2024-04-11T10-33-11-309480-cefa087.ly:28:14: error: cannot find file: `../rh/ws-02-rh-91.ly'
(search path: `/tmp/tmpl8q_z19a:/home/user/GitHub/Artyfyshall-Bird/code-implementation:/usr/share/lilypond/2.22.1/ly:/usr/share/lilypond/2.22.1/ps:/usr/share/lilypond/2.22.1/scm:/usr/share/lilypond/2.22.1/fonts/otf/:/usr/share/lilypond/2.22.1/fonts/type1/:/usr/share/lilypond/2.22.1/fonts/svg/:')
    \include 
             "../rh/ws-02-rh-91.ly"
/tmp/tmpl8q_z19a/2024-04-11T10-33-11-309480-cefa087.ly:29:14: error: cannot find file: `../rh/ws-02-rh-162.ly'
(search path: `/tmp/tmpl8q_z19a:/home/user/GitHub/Artyfyshall-Bird/code-implementation:/usr/share/lilypond/2.22.1/ly:/usr/share/lilypond/2.22.1/ps:/usr/share/lilypond/2.22.1/scm:/usr/share/lilypond/2.22.1/fonts/otf/:/usr/share/lilypond/2.22.1/fonts/type1/:/usr/share/lilypond/2.22.1/fonts/svg/:')
    \include 
             "../rh/ws-02-rh-162.ly"
/tmp/tmpl8q_z19a/2024-04-11T10-33-11-309480-cefa087.ly:30:14: error: cannot find file: `../rh/ws-02-rh-19.ly'
(search path: `/tmp/tmpl8q_z19a:/home/user/GitHub/Artyfyshall-Bird/code-implementation:/usr/share/lilypond/2.22.1/ly:/usr/share/lilypond/2.22.1/ps:/usr/share/lilypond/2.22.1/scm:/usr/share/lilypond/2.22.1/fonts/otf/:/usr/share/lilypond/2.22.1/fonts/type1/:/usr/share/lilypond/2.22.1/fonts/svg/:')
    \include 
             "../rh/ws-02-rh-19.ly"
/tmp/tmpl8q_z19a/2024-04-11T10-33-11-309480-cefa087.ly:31:14: error: cannot find file: `../rh/ws-02-rh-151.ly'
(search path: `/tmp/tmpl8q_z19a:/home/user/GitHub/Artyfyshall-Bird/code-implementation:/usr/share/lilypond/2.22.1/ly:/usr/share/lilypond/2.22.1/ps:/usr/share/lilypond/2.22.1/scm:/usr/share/lilypond/2.22.1/fonts/otf/:/usr/share/lilypond/2.22.1/fonts/type1/:/usr/share/lilypond/2.22.1/fonts/svg/:')
    \include 
             "../rh/ws-02-rh-151.ly"
/tmp/tmpl8q_z19a/2024-04-11T10-33-11-309480-cefa087.ly:32:14: error: cannot find file: `../rh/ws-02-rh-24.ly'
(search path: `/tmp/tmpl8q_z19a:/home/user/GitHub/Artyfyshall-Bird/code-implementation:/usr/share/lilypond/2.22.1/ly:/usr/share/lilypond/2.22.1/ps:/usr/share/lilypond/2.22.1/scm:/usr/share/lilypond/2.22.1/fonts/otf/:/usr/share/lilypond/2.22.1/fonts/type1/:/usr/share/lilypond/2.22.1/fonts/svg/:')
    \include 
             "../rh/ws-02-rh-24.ly"
/tmp/tmpl8q_z19a/2024-04-11T10-33-11-309480-cefa087.ly:33:14: error: cannot find file: `../rh/ws-02-rh-95.ly'
(search path: `/tmp/tmpl8q_z19a:/home/user/GitHub/Artyfyshall-Bird/code-implementation:/usr/share/lilypond/2.22.1/ly:/usr/share/lilypond/2.22.1/ps:/usr/share/lilypond/2.22.1/scm:/usr/share/lilypond/2.22.1/fonts/otf/:/usr/share/lilypond/2.22.1/fonts/type1/:/usr/share/lilypond/2.22.1/fonts/svg/:')
    \include 
             "../rh/ws-02-rh-95.ly"
/tmp/tmpl8q_z19a/2024-04-11T10-33-11-309480-cefa087.ly:34:14: error: cannot find file: `../rh/ws-02-rh-20.ly'
(search path: `/tmp/tmpl8q_z19a:/home/user/GitHub/Artyfyshall-Bird/code-implementation:/usr/share/lilypond/2.22.1/ly:/usr/share/lilypond/2.22.1/ps:/usr/share/lilypond/2.22.1/scm:/usr/share/lilypond/2.22.1/fonts/otf/:/usr/share/lilypond/2.22.1/fonts/type1/:/usr/share/lilypond/2.22.1/fonts/svg/:')
    \include 
             "../rh/ws-02-rh-20.ly"
/tmp/tmpl8q_z19a/2024-04-11T10-33-11-309480-cefa087.ly:38:14: error: cannot find file: `../bassline_option.ly'
(search path: `/tmp/tmpl8q_z19a:/home/user/GitHub/Artyfyshall-Bird/code-implementation:/usr/share/lilypond/2.22.1/ly:/usr/share/lilypond/2.22.1/ps:/usr/share/lilypond/2.22.1/scm:/usr/share/lilypond/2.22.1/fonts/otf/:/usr/share/lilypond/2.22.1/fonts/type1/:/usr/share/lilypond/2.22.1/fonts/svg/:')
    \include 
             "../bassline_option.ly"
/tmp/tmpl8q_z19a/2024-04-11T10-33-11-309480-cefa087.ly:39:14: error: cannot find file: `../lh/ws-02-lh-33.ly'
(search path: `/tmp/tmpl8q_z19a:/home/user/GitHub/Artyfyshall-Bird/code-implementation:/usr/share/lilypond/2.22.1/ly:/usr/share/lilypond/2.22.1/ps:/usr/share/lilypond/2.22.1/scm:/usr/share/lilypond/2.22.1/fonts/otf/:/usr/share/lilypond/2.22.1/fonts/type1/:/usr/share/lilypond/2.22.1/fonts/svg/:')
    \include 
             "../lh/ws-02-lh-33.ly"
/tmp/tmpl8q_z19a/2024-04-11T10-33-11-309480-cefa087.ly:40:14: error: cannot find file: `../lh/ws-02-lh-150.ly'
(search path: `/tmp/tmpl8q_z19a:/home/user/GitHub/Artyfyshall-Bird/code-implementation:/usr/share/lilypond/2.22.1/ly:/usr/share/lilypond/2.22.1/ps:/usr/share/lilypond/2.22.1/scm:/usr/share/lilypond/2.22.1/fonts/otf/:/usr/share/lilypond/2.22.1/fonts/type1/:/usr/share/lilypond/2.22.1/fonts/svg/:')
    \include 
             "../lh/ws-02-lh-150.ly"
/tmp/tmpl8q_z19a/2024-04-11T10-33-11-309480-cefa087.ly:41:14: error: cannot find file: `../lh/ws-02-lh-8.ly'
(search path: `/tmp/tmpl8q_z19a:/home/user/GitHub/Artyfyshall-Bird/code-implementation:/usr/share/lilypond/2.22.1/ly:/usr/share/lilypond/2.22.1/ps:/usr/share/lilypond/2.22.1/scm:/usr/share/lilypond/2.22.1/fonts/otf/:/usr/share/lilypond/2.22.1/fonts/type1/:/usr/share/lilypond/2.22.1/fonts/svg/:')
    \include 
             "../lh/ws-02-lh-8.ly"
/tmp/tmpl8q_z19a/2024-04-11T10-33-11-309480-cefa087.ly:42:14: error: cannot find file: `../lh/ws-02-lh-12.ly'
(search path: `/tmp/tmpl8q_z19a:/home/user/GitHub/Artyfyshall-Bird/code-implementation:/usr/share/lilypond/2.22.1/ly:/usr/share/lilypond/2.22.1/ps:/usr/share/lilypond/2.22.1/scm:/usr/share/lilypond/2.22.1/fonts/otf/:/usr/share/lilypond/2.22.1/fonts/type1/:/usr/share/lilypond/2.22.1/fonts/svg/:')
    \include 
             "../lh/ws-02-lh-12.ly"
/tmp/tmpl8q_z19a/2024-04-11T10-33-11-309480-cefa087.ly:43:14: error: cannot find file: `../lh/ws-02-lh-25.ly'
(search path: `/tmp/tmpl8q_z19a:/home/user/GitHub/Artyfyshall-Bird/code-implementation:/usr/share/lilypond/2.22.1/ly:/usr/share/lilypond/2.22.1/ps:/usr/share/lilypond/2.22.1/scm:/usr/share/lilypond/2.22.1/fonts/otf/:/usr/share/lilypond/2.22.1/fonts/type1/:/usr/share/lilypond/2.22.1/fonts/svg/:')
    \include 
             "../lh/ws-02-lh-25.ly"
/tmp/tmpl8q_z19a/2024-04-11T10-33-11-309480-cefa087.ly:44:14: error: cannot find file: `../lh/ws-02-lh-52.ly'
(search path: `/tmp/tmpl8q_z19a:/home/user/GitHub/Artyfyshall-Bird/code-implementation:/usr/share/lilypond/2.22.1/ly:/usr/share/lilypond/2.22.1/ps:/usr/share/lilypond/2.22.1/scm:/usr/share/lilypond/2.22.1/fonts/otf/:/usr/share/lilypond/2.22.1/fonts/type1/:/usr/share/lilypond/2.22.1/fonts/svg/:')
    \include 
             "../lh/ws-02-lh-52.ly"
/tmp/tmpl8q_z19a/2024-04-11T10-33-11-309480-cefa087.ly:45:14: error: cannot find file: `../lh/ws-02-lh-137.ly'
(search path: `/tmp/tmpl8q_z19a:/home/user/GitHub/Artyfyshall-Bird/code-implementation:/usr/share/lilypond/2.22.1/ly:/usr/share/lilypond/2.22.1/ps:/usr/share/lilypond/2.22.1/scm:/usr/share/lilypond/2.22.1/fonts/otf/:/usr/share/lilypond/2.22.1/fonts/type1/:/usr/share/lilypond/2.22.1/fonts/svg/:')
    \include 
             "../lh/ws-02-lh-137.ly"
/tmp/tmpl8q_z19a/2024-04-11T10-33-11-309480-cefa087.ly:46:14: error: cannot find file: `../lh/ws-02-lh-130.ly'
(search path: `/tmp/tmpl8q_z19a:/home/user/GitHub/Artyfyshall-Bird/code-implementation:/usr/share/lilypond/2.22.1/ly:/usr/share/lilypond/2.22.1/ps:/usr/share/lilypond/2.22.1/scm:/usr/share/lilypond/2.22.1/fonts/otf/:/usr/share/lilypond/2.22.1/fonts/type1/:/usr/share/lilypond/2.22.1/fonts/svg/:')
    \include 
             "../lh/ws-02-lh-130.ly"
/tmp/tmpl8q_z19a/2024-04-11T10-33-11-309480-cefa087.ly:47:14: error: cannot find file: `../lh/ws-02-lh-155.ly'
(search path: `/tmp/tmpl8q_z19a:/home/user/GitHub/Artyfyshall-Bird/code-implementation:/usr/share/lilypond/2.22.1/ly:/usr/share/lilypond/2.22.1/ps:/usr/share/lilypond/2.22.1/scm:/usr/share/lilypond/2.22.1/fonts/otf/:/usr/share/lilypond/2.22.1/fonts/type1/:/usr/share/lilypond/2.22.1/fonts/svg/:')
    \include 
             "../lh/ws-02-lh-155.ly"
/tmp/tmpl8q_z19a/2024-04-11T10-33-11-309480-cefa087.ly:48:14: error: cannot find file: `../lh/ws-02-lh-91.ly'
(search path: `/tmp/tmpl8q_z19a:/home/user/GitHub/Artyfyshall-Bird/code-implementation:/usr/share/lilypond/2.22.1/ly:/usr/share/lilypond/2.22.1/ps:/usr/share/lilypond/2.22.1/scm:/usr/share/lilypond/2.22.1/fonts/otf/:/usr/share/lilypond/2.22.1/fonts/type1/:/usr/share/lilypond/2.22.1/fonts/svg/:')
    \include 
             "../lh/ws-02-lh-91.ly"
/tmp/tmpl8q_z19a/2024-04-11T10-33-11-309480-cefa087.ly:49:14: error: cannot find file: `../lh/ws-02-lh-162.ly'
(search path: `/tmp/tmpl8q_z19a:/home/user/GitHub/Artyfyshall-Bird/code-implementation:/usr/share/lilypond/2.22.1/ly:/usr/share/lilypond/2.22.1/ps:/usr/share/lilypond/2.22.1/scm:/usr/share/lilypond/2.22.1/fonts/otf/:/usr/share/lilypond/2.22.1/fonts/type1/:/usr/share/lilypond/2.22.1/fonts/svg/:')
    \include 
             "../lh/ws-02-lh-162.ly"
/tmp/tmpl8q_z19a/2024-04-11T10-33-11-309480-cefa087.ly:50:14: error: cannot find file: `../lh/ws-02-lh-19.ly'
(search path: `/tmp/tmpl8q_z19a:/home/user/GitHub/Artyfyshall-Bird/code-implementation:/usr/share/lilypond/2.22.1/ly:/usr/share/lilypond/2.22.1/ps:/usr/share/lilypond/2.22.1/scm:/usr/share/lilypond/2.22.1/fonts/otf/:/usr/share/lilypond/2.22.1/fonts/type1/:/usr/share/lilypond/2.22.1/fonts/svg/:')
    \include 
             "../lh/ws-02-lh-19.ly"
/tmp/tmpl8q_z19a/2024-04-11T10-33-11-309480-cefa087.ly:51:14: error: cannot find file: `../lh/ws-02-lh-151.ly'
(search path: `/tmp/tmpl8q_z19a:/home/user/GitHub/Artyfyshall-Bird/code-implementation:/usr/share/lilypond/2.22.1/ly:/usr/share/lilypond/2.22.1/ps:/usr/share/lilypond/2.22.1/scm:/usr/share/lilypond/2.22.1/fonts/otf/:/usr/share/lilypond/2.22.1/fonts/type1/:/usr/share/lilypond/2.22.1/fonts/svg/:')
    \include 
             "../lh/ws-02-lh-151.ly"
/tmp/tmpl8q_z19a/2024-04-11T10-33-11-309480-cefa087.ly:52:14: error: cannot find file: `../lh/ws-02-lh-24.ly'
(search path: `/tmp/tmpl8q_z19a:/home/user/GitHub/Artyfyshall-Bird/code-implementation:/usr/share/lilypond/2.22.1/ly:/usr/share/lilypond/2.22.1/ps:/usr/share/lilypond/2.22.1/scm:/usr/share/lilypond/2.22.1/fonts/otf/:/usr/share/lilypond/2.22.1/fonts/type1/:/usr/share/lilypond/2.22.1/fonts/svg/:')
    \include 
             "../lh/ws-02-lh-24.ly"
/tmp/tmpl8q_z19a/2024-04-11T10-33-11-309480-cefa087.ly:53:14: error: cannot find file: `../lh/ws-02-lh-95.ly'
(search path: `/tmp/tmpl8q_z19a:/home/user/GitHub/Artyfyshall-Bird/code-implementation:/usr/share/lilypond/2.22.1/ly:/usr/share/lilypond/2.22.1/ps:/usr/share/lilypond/2.22.1/scm:/usr/share/lilypond/2.22.1/fonts/otf/:/usr/share/lilypond/2.22.1/fonts/type1/:/usr/share/lilypond/2.22.1/fonts/svg/:')
    \include 
             "../lh/ws-02-lh-95.ly"
/tmp/tmpl8q_z19a/2024-04-11T10-33-11-309480-cefa087.ly:54:14: error: cannot find file: `../lh/ws-02-lh-20.ly'
(search path: `/tmp/tmpl8q_z19a:/home/user/GitHub/Artyfyshall-Bird/code-implementation:/usr/share/lilypond/2.22.1/ly:/usr/share/lilypond/2.22.1/ps:/usr/share/lilypond/2.22.1/scm:/usr/share/lilypond/2.22.1/fonts/otf/:/usr/share/lilypond/2.22.1/fonts/type1/:/usr/share/lilypond/2.22.1/fonts/svg/:')
    \include 
             "../lh/ws-02-lh-20.ly"
/tmp/tmpl8q_z19a/2024-04-11T10-33-11-309480-cefa087.ly:58:14: error: cannot find file: `../layout_settings.ly'
(search path: `/tmp/tmpl8q_z19a:/home/user/GitHub/Artyfyshall-Bird/code-implementation:/usr/share/lilypond/2.22.1/ly:/usr/share/lilypond/2.22.1/ps:/usr/share/lilypond/2.22.1/scm:/usr/share/lilypond/2.22.1/fonts/otf/:/usr/share/lilypond/2.22.1/fonts/type1/:/usr/share/lilypond/2.22.1/fonts/svg/:')
    \include 
             "../layout_settings.ly"
/tmp/tmpl8q_z19a/2024-04-11T10-33-11-309480-cefa087.ly:1: warning: no \version statement found, please add

\version "2.22.1"

for future compatibility
Interpreting music...
/tmp/tmpl8q_z19a/2024-04-11T10-33-11-309480-cefa087.ly:8:5: warning: skipping zero-duration score
    
    <<
/tmp/tmpl8q_z19a/2024-04-11T10-33-11-309480-cefa087.ly:8:5: warning: to suppress this, consider adding a spacer rest
    
    <<
fatal error: failed files: "/tmp/tmpl8q_z19a/2024-04-11T10-33-11-309480-cefa087.ly"
