GNU LilyPond 2.22.1
Changing working directory to: `/tmp/tmpmvyjqims'
Processing `/tmp/tmpmvyjqims/2024-04-11T10-30-07-801566-491761a.ly'
Parsing...
/tmp/tmpmvyjqims/2024-04-11T10-30-07-801566-491761a.ly:1:10: error: cannot find file: `../paper_settings.ly'
(search path: `/tmp/tmpmvyjqims:/home/user/GitHub/Artyfyshall-Bird/code-implementation:/usr/share/lilypond/2.22.1/ly:/usr/share/lilypond/2.22.1/ps:/usr/share/lilypond/2.22.1/scm:/usr/share/lilypond/2.22.1/fonts/otf/:/usr/share/lilypond/2.22.1/fonts/type1/:/usr/share/lilypond/2.22.1/fonts/svg/:')
\include 
         "../paper_settings.ly" 
/tmp/tmpmvyjqims/2024-04-11T10-30-07-801566-491761a.ly:13:14: error: cannot find file: `../voice_option.ly'
(search path: `/tmp/tmpmvyjqims:/home/user/GitHub/Artyfyshall-Bird/code-implementation:/usr/share/lilypond/2.22.1/ly:/usr/share/lilypond/2.22.1/ps:/usr/share/lilypond/2.22.1/scm:/usr/share/lilypond/2.22.1/fonts/otf/:/usr/share/lilypond/2.22.1/fonts/type1/:/usr/share/lilypond/2.22.1/fonts/svg/:')
    \include 
             "../voice_option.ly"
/tmp/tmpmvyjqims/2024-04-11T10-30-07-801566-491761a.ly:16:14: error: cannot find file: `../rh/ws-02-rh-10.ly'
(search path: `/tmp/tmpmvyjqims:/home/user/GitHub/Artyfyshall-Bird/code-implementation:/usr/share/lilypond/2.22.1/ly:/usr/share/lilypond/2.22.1/ps:/usr/share/lilypond/2.22.1/scm:/usr/share/lilypond/2.22.1/fonts/otf/:/usr/share/lilypond/2.22.1/fonts/type1/:/usr/share/lilypond/2.22.1/fonts/svg/:')
    \include 
             "../rh/ws-02-rh-10.ly"
/tmp/tmpmvyjqims/2024-04-11T10-30-07-801566-491761a.ly:17:14: error: cannot find file: `../rh/ws-02-rh-14.ly'
(search path: `/tmp/tmpmvyjqims:/home/user/GitHub/Artyfyshall-Bird/code-implementation:/usr/share/lilypond/2.22.1/ly:/usr/share/lilypond/2.22.1/ps:/usr/share/lilypond/2.22.1/scm:/usr/share/lilypond/2.22.1/fonts/otf/:/usr/share/lilypond/2.22.1/fonts/type1/:/usr/share/lilypond/2.22.1/fonts/svg/:')
    \include 
             "../rh/ws-02-rh-14.ly"
/tmp/tmpmvyjqims/2024-04-11T10-30-07-801566-491761a.ly:18:14: error: cannot find file: `../rh/ws-02-rh-164.ly'
(search path: `/tmp/tmpmvyjqims:/home/user/GitHub/Artyfyshall-Bird/code-implementation:/usr/share/lilypond/2.22.1/ly:/usr/share/lilypond/2.22.1/ps:/usr/share/lilypond/2.22.1/scm:/usr/share/lilypond/2.22.1/fonts/otf/:/usr/share/lilypond/2.22.1/fonts/type1/:/usr/share/lilypond/2.22.1/fonts/svg/:')
    \include 
             "../rh/ws-02-rh-164.ly"
/tmp/tmpmvyjqims/2024-04-11T10-30-07-801566-491761a.ly:19:14: error: cannot find file: `../rh/ws-02-rh-122.ly'
(search path: `/tmp/tmpmvyjqims:/home/user/GitHub/Artyfyshall-Bird/code-implementation:/usr/share/lilypond/2.22.1/ly:/usr/share/lilypond/2.22.1/ps:/usr/share/lilypond/2.22.1/scm:/usr/share/lilypond/2.22.1/fonts/otf/:/usr/share/lilypond/2.22.1/fonts/type1/:/usr/share/lilypond/2.22.1/fonts/svg/:')
    \include 
             "../rh/ws-02-rh-122.ly"
/tmp/tmpmvyjqims/2024-04-11T10-30-07-801566-491761a.ly:20:14: error: cannot find file: `../rh/ws-02-rh-149.ly'
(search path: `/tmp/tmpmvyjqims:/home/user/GitHub/Artyfyshall-Bird/code-implementation:/usr/share/lilypond/2.22.1/ly:/usr/share/lilypond/2.22.1/ps:/usr/share/lilypond/2.22.1/scm:/usr/share/lilypond/2.22.1/fonts/otf/:/usr/share/lilypond/2.22.1/fonts/type1/:/usr/share/lilypond/2.22.1/fonts/svg/:')
    \include 
             "../rh/ws-02-rh-149.ly"
/tmp/tmpmvyjqims/2024-04-11T10-30-07-801566-491761a.ly:21:14: error: cannot find file: `../rh/ws-02-rh-153.ly'
(search path: `/tmp/tmpmvyjqims:/home/user/GitHub/Artyfyshall-Bird/code-implementation:/usr/share/lilypond/2.22.1/ly:/usr/share/lilypond/2.22.1/ps:/usr/share/lilypond/2.22.1/scm:/usr/share/lilypond/2.22.1/fonts/otf/:/usr/share/lilypond/2.22.1/fonts/type1/:/usr/share/lilypond/2.22.1/fonts/svg/:')
    \include 
             "../rh/ws-02-rh-153.ly"
/tmp/tmpmvyjqims/2024-04-11T10-30-07-801566-491761a.ly:22:14: error: cannot find file: `../rh/ws-02-rh-18.ly'
(search path: `/tmp/tmpmvyjqims:/home/user/GitHub/Artyfyshall-Bird/code-implementation:/usr/share/lilypond/2.22.1/ly:/usr/share/lilypond/2.22.1/ps:/usr/share/lilypond/2.22.1/scm:/usr/share/lilypond/2.22.1/fonts/otf/:/usr/share/lilypond/2.22.1/fonts/type1/:/usr/share/lilypond/2.22.1/fonts/svg/:')
    \include 
             "../rh/ws-02-rh-18.ly"
/tmp/tmpmvyjqims/2024-04-11T10-30-07-801566-491761a.ly:23:14: error: cannot find file: `../rh/ws-02-rh-130.ly'
(search path: `/tmp/tmpmvyjqims:/home/user/GitHub/Artyfyshall-Bird/code-implementation:/usr/share/lilypond/2.22.1/ly:/usr/share/lilypond/2.22.1/ps:/usr/share/lilypond/2.22.1/scm:/usr/share/lilypond/2.22.1/fonts/otf/:/usr/share/lilypond/2.22.1/fonts/type1/:/usr/share/lilypond/2.22.1/fonts/svg/:')
    \include 
             "../rh/ws-02-rh-130.ly"
/tmp/tmpmvyjqims/2024-04-11T10-30-07-801566-491761a.ly:27:14: error: cannot find file: `../rh/ws-02-rh-4.ly'
(search path: `/tmp/tmpmvyjqims:/home/user/GitHub/Artyfyshall-Bird/code-implementation:/usr/share/lilypond/2.22.1/ly:/usr/share/lilypond/2.22.1/ps:/usr/share/lilypond/2.22.1/scm:/usr/share/lilypond/2.22.1/fonts/otf/:/usr/share/lilypond/2.22.1/fonts/type1/:/usr/share/lilypond/2.22.1/fonts/svg/:')
    \include 
             "../rh/ws-02-rh-4.ly"
/tmp/tmpmvyjqims/2024-04-11T10-30-07-801566-491761a.ly:28:14: error: cannot find file: `../rh/ws-02-rh-28.ly'
(search path: `/tmp/tmpmvyjqims:/home/user/GitHub/Artyfyshall-Bird/code-implementation:/usr/share/lilypond/2.22.1/ly:/usr/share/lilypond/2.22.1/ps:/usr/share/lilypond/2.22.1/scm:/usr/share/lilypond/2.22.1/fonts/otf/:/usr/share/lilypond/2.22.1/fonts/type1/:/usr/share/lilypond/2.22.1/fonts/svg/:')
    \include 
             "../rh/ws-02-rh-28.ly"
/tmp/tmpmvyjqims/2024-04-11T10-30-07-801566-491761a.ly:29:14: error: cannot find file: `../rh/ws-02-rh-62.ly'
(search path: `/tmp/tmpmvyjqims:/home/user/GitHub/Artyfyshall-Bird/code-implementation:/usr/share/lilypond/2.22.1/ly:/usr/share/lilypond/2.22.1/ps:/usr/share/lilypond/2.22.1/scm:/usr/share/lilypond/2.22.1/fonts/otf/:/usr/share/lilypond/2.22.1/fonts/type1/:/usr/share/lilypond/2.22.1/fonts/svg/:')
    \include 
             "../rh/ws-02-rh-62.ly"
/tmp/tmpmvyjqims/2024-04-11T10-30-07-801566-491761a.ly:30:14: error: cannot find file: `../rh/ws-02-rh-19.ly'
(search path: `/tmp/tmpmvyjqims:/home/user/GitHub/Artyfyshall-Bird/code-implementation:/usr/share/lilypond/2.22.1/ly:/usr/share/lilypond/2.22.1/ps:/usr/share/lilypond/2.22.1/scm:/usr/share/lilypond/2.22.1/fonts/otf/:/usr/share/lilypond/2.22.1/fonts/type1/:/usr/share/lilypond/2.22.1/fonts/svg/:')
    \include 
             "../rh/ws-02-rh-19.ly"
/tmp/tmpmvyjqims/2024-04-11T10-30-07-801566-491761a.ly:31:14: error: cannot find file: `../rh/ws-02-rh-31.ly'
(search path: `/tmp/tmpmvyjqims:/home/user/GitHub/Artyfyshall-Bird/code-implementation:/usr/share/lilypond/2.22.1/ly:/usr/share/lilypond/2.22.1/ps:/usr/share/lilypond/2.22.1/scm:/usr/share/lilypond/2.22.1/fonts/otf/:/usr/share/lilypond/2.22.1/fonts/type1/:/usr/share/lilypond/2.22.1/fonts/svg/:')
    \include 
             "../rh/ws-02-rh-31.ly"
/tmp/tmpmvyjqims/2024-04-11T10-30-07-801566-491761a.ly:32:14: error: cannot find file: `../rh/ws-02-rh-32.ly'
(search path: `/tmp/tmpmvyjqims:/home/user/GitHub/Artyfyshall-Bird/code-implementation:/usr/share/lilypond/2.22.1/ly:/usr/share/lilypond/2.22.1/ps:/usr/share/lilypond/2.22.1/scm:/usr/share/lilypond/2.22.1/fonts/otf/:/usr/share/lilypond/2.22.1/fonts/type1/:/usr/share/lilypond/2.22.1/fonts/svg/:')
    \include 
             "../rh/ws-02-rh-32.ly"
/tmp/tmpmvyjqims/2024-04-11T10-30-07-801566-491761a.ly:33:14: error: cannot find file: `../rh/ws-02-rh-154.ly'
(search path: `/tmp/tmpmvyjqims:/home/user/GitHub/Artyfyshall-Bird/code-implementation:/usr/share/lilypond/2.22.1/ly:/usr/share/lilypond/2.22.1/ps:/usr/share/lilypond/2.22.1/scm:/usr/share/lilypond/2.22.1/fonts/otf/:/usr/share/lilypond/2.22.1/fonts/type1/:/usr/share/lilypond/2.22.1/fonts/svg/:')
    \include 
             "../rh/ws-02-rh-154.ly"
/tmp/tmpmvyjqims/2024-04-11T10-30-07-801566-491761a.ly:34:14: error: cannot find file: `../rh/ws-02-rh-171.ly'
(search path: `/tmp/tmpmvyjqims:/home/user/GitHub/Artyfyshall-Bird/code-implementation:/usr/share/lilypond/2.22.1/ly:/usr/share/lilypond/2.22.1/ps:/usr/share/lilypond/2.22.1/scm:/usr/share/lilypond/2.22.1/fonts/otf/:/usr/share/lilypond/2.22.1/fonts/type1/:/usr/share/lilypond/2.22.1/fonts/svg/:')
    \include 
             "../rh/ws-02-rh-171.ly"
/tmp/tmpmvyjqims/2024-04-11T10-30-07-801566-491761a.ly:37:14: error: cannot find file: `../bassline_option.ly'
(search path: `/tmp/tmpmvyjqims:/home/user/GitHub/Artyfyshall-Bird/code-implementation:/usr/share/lilypond/2.22.1/ly:/usr/share/lilypond/2.22.1/ps:/usr/share/lilypond/2.22.1/scm:/usr/share/lilypond/2.22.1/fonts/otf/:/usr/share/lilypond/2.22.1/fonts/type1/:/usr/share/lilypond/2.22.1/fonts/svg/:')
    \include 
             "../bassline_option.ly"
/tmp/tmpmvyjqims/2024-04-11T10-30-07-801566-491761a.ly:38:14: error: cannot find file: `../lh/ws-02-lh-10.ly'
(search path: `/tmp/tmpmvyjqims:/home/user/GitHub/Artyfyshall-Bird/code-implementation:/usr/share/lilypond/2.22.1/ly:/usr/share/lilypond/2.22.1/ps:/usr/share/lilypond/2.22.1/scm:/usr/share/lilypond/2.22.1/fonts/otf/:/usr/share/lilypond/2.22.1/fonts/type1/:/usr/share/lilypond/2.22.1/fonts/svg/:')
    \include 
             "../lh/ws-02-lh-10.ly"
/tmp/tmpmvyjqims/2024-04-11T10-30-07-801566-491761a.ly:39:14: error: cannot find file: `../lh/ws-02-lh-14.ly'
(search path: `/tmp/tmpmvyjqims:/home/user/GitHub/Artyfyshall-Bird/code-implementation:/usr/share/lilypond/2.22.1/ly:/usr/share/lilypond/2.22.1/ps:/usr/share/lilypond/2.22.1/scm:/usr/share/lilypond/2.22.1/fonts/otf/:/usr/share/lilypond/2.22.1/fonts/type1/:/usr/share/lilypond/2.22.1/fonts/svg/:')
    \include 
             "../lh/ws-02-lh-14.ly"
/tmp/tmpmvyjqims/2024-04-11T10-30-07-801566-491761a.ly:40:14: error: cannot find file: `../lh/ws-02-lh-164.ly'
(search path: `/tmp/tmpmvyjqims:/home/user/GitHub/Artyfyshall-Bird/code-implementation:/usr/share/lilypond/2.22.1/ly:/usr/share/lilypond/2.22.1/ps:/usr/share/lilypond/2.22.1/scm:/usr/share/lilypond/2.22.1/fonts/otf/:/usr/share/lilypond/2.22.1/fonts/type1/:/usr/share/lilypond/2.22.1/fonts/svg/:')
    \include 
             "../lh/ws-02-lh-164.ly"
/tmp/tmpmvyjqims/2024-04-11T10-30-07-801566-491761a.ly:41:14: error: cannot find file: `../lh/ws-02-lh-122.ly'
(search path: `/tmp/tmpmvyjqims:/home/user/GitHub/Artyfyshall-Bird/code-implementation:/usr/share/lilypond/2.22.1/ly:/usr/share/lilypond/2.22.1/ps:/usr/share/lilypond/2.22.1/scm:/usr/share/lilypond/2.22.1/fonts/otf/:/usr/share/lilypond/2.22.1/fonts/type1/:/usr/share/lilypond/2.22.1/fonts/svg/:')
    \include 
             "../lh/ws-02-lh-122.ly"
/tmp/tmpmvyjqims/2024-04-11T10-30-07-801566-491761a.ly:42:14: error: cannot find file: `../lh/ws-02-lh-149.ly'
(search path: `/tmp/tmpmvyjqims:/home/user/GitHub/Artyfyshall-Bird/code-implementation:/usr/share/lilypond/2.22.1/ly:/usr/share/lilypond/2.22.1/ps:/usr/share/lilypond/2.22.1/scm:/usr/share/lilypond/2.22.1/fonts/otf/:/usr/share/lilypond/2.22.1/fonts/type1/:/usr/share/lilypond/2.22.1/fonts/svg/:')
    \include 
             "../lh/ws-02-lh-149.ly"
/tmp/tmpmvyjqims/2024-04-11T10-30-07-801566-491761a.ly:43:14: error: cannot find file: `../lh/ws-02-lh-153.ly'
(search path: `/tmp/tmpmvyjqims:/home/user/GitHub/Artyfyshall-Bird/code-implementation:/usr/share/lilypond/2.22.1/ly:/usr/share/lilypond/2.22.1/ps:/usr/share/lilypond/2.22.1/scm:/usr/share/lilypond/2.22.1/fonts/otf/:/usr/share/lilypond/2.22.1/fonts/type1/:/usr/share/lilypond/2.22.1/fonts/svg/:')
    \include 
             "../lh/ws-02-lh-153.ly"
/tmp/tmpmvyjqims/2024-04-11T10-30-07-801566-491761a.ly:44:14: error: cannot find file: `../lh/ws-02-lh-18.ly'
(search path: `/tmp/tmpmvyjqims:/home/user/GitHub/Artyfyshall-Bird/code-implementation:/usr/share/lilypond/2.22.1/ly:/usr/share/lilypond/2.22.1/ps:/usr/share/lilypond/2.22.1/scm:/usr/share/lilypond/2.22.1/fonts/otf/:/usr/share/lilypond/2.22.1/fonts/type1/:/usr/share/lilypond/2.22.1/fonts/svg/:')
    \include 
             "../lh/ws-02-lh-18.ly"
/tmp/tmpmvyjqims/2024-04-11T10-30-07-801566-491761a.ly:45:14: error: cannot find file: `../lh/ws-02-lh-130.ly'
(search path: `/tmp/tmpmvyjqims:/home/user/GitHub/Artyfyshall-Bird/code-implementation:/usr/share/lilypond/2.22.1/ly:/usr/share/lilypond/2.22.1/ps:/usr/share/lilypond/2.22.1/scm:/usr/share/lilypond/2.22.1/fonts/otf/:/usr/share/lilypond/2.22.1/fonts/type1/:/usr/share/lilypond/2.22.1/fonts/svg/:')
    \include 
             "../lh/ws-02-lh-130.ly"
/tmp/tmpmvyjqims/2024-04-11T10-30-07-801566-491761a.ly:46:14: error: cannot find file: `../lh/ws-02-lh-4.ly'
(search path: `/tmp/tmpmvyjqims:/home/user/GitHub/Artyfyshall-Bird/code-implementation:/usr/share/lilypond/2.22.1/ly:/usr/share/lilypond/2.22.1/ps:/usr/share/lilypond/2.22.1/scm:/usr/share/lilypond/2.22.1/fonts/otf/:/usr/share/lilypond/2.22.1/fonts/type1/:/usr/share/lilypond/2.22.1/fonts/svg/:')
    \include 
             "../lh/ws-02-lh-4.ly"
/tmp/tmpmvyjqims/2024-04-11T10-30-07-801566-491761a.ly:47:14: error: cannot find file: `../lh/ws-02-lh-28.ly'
(search path: `/tmp/tmpmvyjqims:/home/user/GitHub/Artyfyshall-Bird/code-implementation:/usr/share/lilypond/2.22.1/ly:/usr/share/lilypond/2.22.1/ps:/usr/share/lilypond/2.22.1/scm:/usr/share/lilypond/2.22.1/fonts/otf/:/usr/share/lilypond/2.22.1/fonts/type1/:/usr/share/lilypond/2.22.1/fonts/svg/:')
    \include 
             "../lh/ws-02-lh-28.ly"
/tmp/tmpmvyjqims/2024-04-11T10-30-07-801566-491761a.ly:48:14: error: cannot find file: `../lh/ws-02-lh-62.ly'
(search path: `/tmp/tmpmvyjqims:/home/user/GitHub/Artyfyshall-Bird/code-implementation:/usr/share/lilypond/2.22.1/ly:/usr/share/lilypond/2.22.1/ps:/usr/share/lilypond/2.22.1/scm:/usr/share/lilypond/2.22.1/fonts/otf/:/usr/share/lilypond/2.22.1/fonts/type1/:/usr/share/lilypond/2.22.1/fonts/svg/:')
    \include 
             "../lh/ws-02-lh-62.ly"
/tmp/tmpmvyjqims/2024-04-11T10-30-07-801566-491761a.ly:49:14: error: cannot find file: `../lh/ws-02-lh-19.ly'
(search path: `/tmp/tmpmvyjqims:/home/user/GitHub/Artyfyshall-Bird/code-implementation:/usr/share/lilypond/2.22.1/ly:/usr/share/lilypond/2.22.1/ps:/usr/share/lilypond/2.22.1/scm:/usr/share/lilypond/2.22.1/fonts/otf/:/usr/share/lilypond/2.22.1/fonts/type1/:/usr/share/lilypond/2.22.1/fonts/svg/:')
    \include 
             "../lh/ws-02-lh-19.ly"
/tmp/tmpmvyjqims/2024-04-11T10-30-07-801566-491761a.ly:50:14: error: cannot find file: `../lh/ws-02-lh-31.ly'
(search path: `/tmp/tmpmvyjqims:/home/user/GitHub/Artyfyshall-Bird/code-implementation:/usr/share/lilypond/2.22.1/ly:/usr/share/lilypond/2.22.1/ps:/usr/share/lilypond/2.22.1/scm:/usr/share/lilypond/2.22.1/fonts/otf/:/usr/share/lilypond/2.22.1/fonts/type1/:/usr/share/lilypond/2.22.1/fonts/svg/:')
    \include 
             "../lh/ws-02-lh-31.ly"
/tmp/tmpmvyjqims/2024-04-11T10-30-07-801566-491761a.ly:51:14: error: cannot find file: `../lh/ws-02-lh-32.ly'
(search path: `/tmp/tmpmvyjqims:/home/user/GitHub/Artyfyshall-Bird/code-implementation:/usr/share/lilypond/2.22.1/ly:/usr/share/lilypond/2.22.1/ps:/usr/share/lilypond/2.22.1/scm:/usr/share/lilypond/2.22.1/fonts/otf/:/usr/share/lilypond/2.22.1/fonts/type1/:/usr/share/lilypond/2.22.1/fonts/svg/:')
    \include 
             "../lh/ws-02-lh-32.ly"
/tmp/tmpmvyjqims/2024-04-11T10-30-07-801566-491761a.ly:52:14: error: cannot find file: `../lh/ws-02-lh-154.ly'
(search path: `/tmp/tmpmvyjqims:/home/user/GitHub/Artyfyshall-Bird/code-implementation:/usr/share/lilypond/2.22.1/ly:/usr/share/lilypond/2.22.1/ps:/usr/share/lilypond/2.22.1/scm:/usr/share/lilypond/2.22.1/fonts/otf/:/usr/share/lilypond/2.22.1/fonts/type1/:/usr/share/lilypond/2.22.1/fonts/svg/:')
    \include 
             "../lh/ws-02-lh-154.ly"
/tmp/tmpmvyjqims/2024-04-11T10-30-07-801566-491761a.ly:53:14: error: cannot find file: `../lh/ws-02-lh-171.ly'
(search path: `/tmp/tmpmvyjqims:/home/user/GitHub/Artyfyshall-Bird/code-implementation:/usr/share/lilypond/2.22.1/ly:/usr/share/lilypond/2.22.1/ps:/usr/share/lilypond/2.22.1/scm:/usr/share/lilypond/2.22.1/fonts/otf/:/usr/share/lilypond/2.22.1/fonts/type1/:/usr/share/lilypond/2.22.1/fonts/svg/:')
    \include 
             "../lh/ws-02-lh-171.ly"
/tmp/tmpmvyjqims/2024-04-11T10-30-07-801566-491761a.ly:57:14: error: cannot find file: `../layout_settings.ly'
(search path: `/tmp/tmpmvyjqims:/home/user/GitHub/Artyfyshall-Bird/code-implementation:/usr/share/lilypond/2.22.1/ly:/usr/share/lilypond/2.22.1/ps:/usr/share/lilypond/2.22.1/scm:/usr/share/lilypond/2.22.1/fonts/otf/:/usr/share/lilypond/2.22.1/fonts/type1/:/usr/share/lilypond/2.22.1/fonts/svg/:')
    \include 
             "../layout_settings.ly"
/tmp/tmpmvyjqims/2024-04-11T10-30-07-801566-491761a.ly:1: warning: no \version statement found, please add

\version "2.22.1"

for future compatibility
Interpreting music...
/tmp/tmpmvyjqims/2024-04-11T10-30-07-801566-491761a.ly:8:5: warning: skipping zero-duration score
    
    <<
/tmp/tmpmvyjqims/2024-04-11T10-30-07-801566-491761a.ly:8:5: warning: to suppress this, consider adding a spacer rest
    
    <<
fatal error: failed files: "/tmp/tmpmvyjqims/2024-04-11T10-30-07-801566-491761a.ly"
