GNU LilyPond 2.22.1
Changing working directory to: `/tmp/tmpq8vno26o'
Processing `/tmp/tmpq8vno26o/2024-04-11T10-34-02-578516-0eec90e.ly'
Parsing...
/tmp/tmpq8vno26o/2024-04-11T10-34-02-578516-0eec90e.ly:1:10: error: cannot find file: `../paper_settings.ly'
(search path: `/tmp/tmpq8vno26o:/home/user/GitHub/Artyfyshall-Bird/code-implementation:/usr/share/lilypond/2.22.1/ly:/usr/share/lilypond/2.22.1/ps:/usr/share/lilypond/2.22.1/scm:/usr/share/lilypond/2.22.1/fonts/otf/:/usr/share/lilypond/2.22.1/fonts/type1/:/usr/share/lilypond/2.22.1/fonts/svg/:')
\include 
         "../paper_settings.ly" 
/tmp/tmpq8vno26o/2024-04-11T10-34-02-578516-0eec90e.ly:13:14: error: cannot find file: `../voice_option.ly'
(search path: `/tmp/tmpq8vno26o:/home/user/GitHub/Artyfyshall-Bird/code-implementation:/usr/share/lilypond/2.22.1/ly:/usr/share/lilypond/2.22.1/ps:/usr/share/lilypond/2.22.1/scm:/usr/share/lilypond/2.22.1/fonts/otf/:/usr/share/lilypond/2.22.1/fonts/type1/:/usr/share/lilypond/2.22.1/fonts/svg/:')
    \include 
             "../voice_option.ly"
/tmp/tmpq8vno26o/2024-04-11T10-34-02-578516-0eec90e.ly:16:14: error: cannot find file: `../rh/ws-02-rh-33.ly'
(search path: `/tmp/tmpq8vno26o:/home/user/GitHub/Artyfyshall-Bird/code-implementation:/usr/share/lilypond/2.22.1/ly:/usr/share/lilypond/2.22.1/ps:/usr/share/lilypond/2.22.1/scm:/usr/share/lilypond/2.22.1/fonts/otf/:/usr/share/lilypond/2.22.1/fonts/type1/:/usr/share/lilypond/2.22.1/fonts/svg/:')
    \include 
             "../rh/ws-02-rh-33.ly"
/tmp/tmpq8vno26o/2024-04-11T10-34-02-578516-0eec90e.ly:17:14: error: cannot find file: `../rh/ws-02-rh-64.ly'
(search path: `/tmp/tmpq8vno26o:/home/user/GitHub/Artyfyshall-Bird/code-implementation:/usr/share/lilypond/2.22.1/ly:/usr/share/lilypond/2.22.1/ps:/usr/share/lilypond/2.22.1/scm:/usr/share/lilypond/2.22.1/fonts/otf/:/usr/share/lilypond/2.22.1/fonts/type1/:/usr/share/lilypond/2.22.1/fonts/svg/:')
    \include 
             "../rh/ws-02-rh-64.ly"
/tmp/tmpq8vno26o/2024-04-11T10-34-02-578516-0eec90e.ly:18:14: error: cannot find file: `../rh/ws-02-rh-8.ly'
(search path: `/tmp/tmpq8vno26o:/home/user/GitHub/Artyfyshall-Bird/code-implementation:/usr/share/lilypond/2.22.1/ly:/usr/share/lilypond/2.22.1/ps:/usr/share/lilypond/2.22.1/scm:/usr/share/lilypond/2.22.1/fonts/otf/:/usr/share/lilypond/2.22.1/fonts/type1/:/usr/share/lilypond/2.22.1/fonts/svg/:')
    \include 
             "../rh/ws-02-rh-8.ly"
/tmp/tmpq8vno26o/2024-04-11T10-34-02-578516-0eec90e.ly:19:14: error: cannot find file: `../rh/ws-02-rh-122.ly'
(search path: `/tmp/tmpq8vno26o:/home/user/GitHub/Artyfyshall-Bird/code-implementation:/usr/share/lilypond/2.22.1/ly:/usr/share/lilypond/2.22.1/ps:/usr/share/lilypond/2.22.1/scm:/usr/share/lilypond/2.22.1/fonts/otf/:/usr/share/lilypond/2.22.1/fonts/type1/:/usr/share/lilypond/2.22.1/fonts/svg/:')
    \include 
             "../rh/ws-02-rh-122.ly"
/tmp/tmpq8vno26o/2024-04-11T10-34-02-578516-0eec90e.ly:20:14: error: cannot find file: `../rh/ws-02-rh-149.ly'
(search path: `/tmp/tmpq8vno26o:/home/user/GitHub/Artyfyshall-Bird/code-implementation:/usr/share/lilypond/2.22.1/ly:/usr/share/lilypond/2.22.1/ps:/usr/share/lilypond/2.22.1/scm:/usr/share/lilypond/2.22.1/fonts/otf/:/usr/share/lilypond/2.22.1/fonts/type1/:/usr/share/lilypond/2.22.1/fonts/svg/:')
    \include 
             "../rh/ws-02-rh-149.ly"
/tmp/tmpq8vno26o/2024-04-11T10-34-02-578516-0eec90e.ly:21:14: error: cannot find file: `../rh/ws-02-rh-153.ly'
(search path: `/tmp/tmpq8vno26o:/home/user/GitHub/Artyfyshall-Bird/code-implementation:/usr/share/lilypond/2.22.1/ly:/usr/share/lilypond/2.22.1/ps:/usr/share/lilypond/2.22.1/scm:/usr/share/lilypond/2.22.1/fonts/otf/:/usr/share/lilypond/2.22.1/fonts/type1/:/usr/share/lilypond/2.22.1/fonts/svg/:')
    \include 
             "../rh/ws-02-rh-153.ly"
/tmp/tmpq8vno26o/2024-04-11T10-34-02-578516-0eec90e.ly:22:14: error: cannot find file: `../rh/ws-02-rh-168.ly'
(search path: `/tmp/tmpq8vno26o:/home/user/GitHub/Artyfyshall-Bird/code-implementation:/usr/share/lilypond/2.22.1/ly:/usr/share/lilypond/2.22.1/ps:/usr/share/lilypond/2.22.1/scm:/usr/share/lilypond/2.22.1/fonts/otf/:/usr/share/lilypond/2.22.1/fonts/type1/:/usr/share/lilypond/2.22.1/fonts/svg/:')
    \include 
             "../rh/ws-02-rh-168.ly"
/tmp/tmpq8vno26o/2024-04-11T10-34-02-578516-0eec90e.ly:23:14: error: cannot find file: `../rh/ws-02-rh-11.ly'
(search path: `/tmp/tmpq8vno26o:/home/user/GitHub/Artyfyshall-Bird/code-implementation:/usr/share/lilypond/2.22.1/ly:/usr/share/lilypond/2.22.1/ps:/usr/share/lilypond/2.22.1/scm:/usr/share/lilypond/2.22.1/fonts/otf/:/usr/share/lilypond/2.22.1/fonts/type1/:/usr/share/lilypond/2.22.1/fonts/svg/:')
    \include 
             "../rh/ws-02-rh-11.ly"
/tmp/tmpq8vno26o/2024-04-11T10-34-02-578516-0eec90e.ly:27:14: error: cannot find file: `../rh/ws-02-rh-4.ly'
(search path: `/tmp/tmpq8vno26o:/home/user/GitHub/Artyfyshall-Bird/code-implementation:/usr/share/lilypond/2.22.1/ly:/usr/share/lilypond/2.22.1/ps:/usr/share/lilypond/2.22.1/scm:/usr/share/lilypond/2.22.1/fonts/otf/:/usr/share/lilypond/2.22.1/fonts/type1/:/usr/share/lilypond/2.22.1/fonts/svg/:')
    \include 
             "../rh/ws-02-rh-4.ly"
/tmp/tmpq8vno26o/2024-04-11T10-34-02-578516-0eec90e.ly:28:14: error: cannot find file: `../rh/ws-02-rh-91.ly'
(search path: `/tmp/tmpq8vno26o:/home/user/GitHub/Artyfyshall-Bird/code-implementation:/usr/share/lilypond/2.22.1/ly:/usr/share/lilypond/2.22.1/ps:/usr/share/lilypond/2.22.1/scm:/usr/share/lilypond/2.22.1/fonts/otf/:/usr/share/lilypond/2.22.1/fonts/type1/:/usr/share/lilypond/2.22.1/fonts/svg/:')
    \include 
             "../rh/ws-02-rh-91.ly"
/tmp/tmpq8vno26o/2024-04-11T10-34-02-578516-0eec90e.ly:29:14: error: cannot find file: `../rh/ws-02-rh-162.ly'
(search path: `/tmp/tmpq8vno26o:/home/user/GitHub/Artyfyshall-Bird/code-implementation:/usr/share/lilypond/2.22.1/ly:/usr/share/lilypond/2.22.1/ps:/usr/share/lilypond/2.22.1/scm:/usr/share/lilypond/2.22.1/fonts/otf/:/usr/share/lilypond/2.22.1/fonts/type1/:/usr/share/lilypond/2.22.1/fonts/svg/:')
    \include 
             "../rh/ws-02-rh-162.ly"
/tmp/tmpq8vno26o/2024-04-11T10-34-02-578516-0eec90e.ly:30:14: error: cannot find file: `../rh/ws-02-rh-126.ly'
(search path: `/tmp/tmpq8vno26o:/home/user/GitHub/Artyfyshall-Bird/code-implementation:/usr/share/lilypond/2.22.1/ly:/usr/share/lilypond/2.22.1/ps:/usr/share/lilypond/2.22.1/scm:/usr/share/lilypond/2.22.1/fonts/otf/:/usr/share/lilypond/2.22.1/fonts/type1/:/usr/share/lilypond/2.22.1/fonts/svg/:')
    \include 
             "../rh/ws-02-rh-126.ly"
/tmp/tmpq8vno26o/2024-04-11T10-34-02-578516-0eec90e.ly:31:14: error: cannot find file: `../rh/ws-02-rh-134.ly'
(search path: `/tmp/tmpq8vno26o:/home/user/GitHub/Artyfyshall-Bird/code-implementation:/usr/share/lilypond/2.22.1/ly:/usr/share/lilypond/2.22.1/ps:/usr/share/lilypond/2.22.1/scm:/usr/share/lilypond/2.22.1/fonts/otf/:/usr/share/lilypond/2.22.1/fonts/type1/:/usr/share/lilypond/2.22.1/fonts/svg/:')
    \include 
             "../rh/ws-02-rh-134.ly"
/tmp/tmpq8vno26o/2024-04-11T10-34-02-578516-0eec90e.ly:32:14: error: cannot find file: `../rh/ws-02-rh-166.ly'
(search path: `/tmp/tmpq8vno26o:/home/user/GitHub/Artyfyshall-Bird/code-implementation:/usr/share/lilypond/2.22.1/ly:/usr/share/lilypond/2.22.1/ps:/usr/share/lilypond/2.22.1/scm:/usr/share/lilypond/2.22.1/fonts/otf/:/usr/share/lilypond/2.22.1/fonts/type1/:/usr/share/lilypond/2.22.1/fonts/svg/:')
    \include 
             "../rh/ws-02-rh-166.ly"
/tmp/tmpq8vno26o/2024-04-11T10-34-02-578516-0eec90e.ly:33:14: error: cannot find file: `../rh/ws-02-rh-154.ly'
(search path: `/tmp/tmpq8vno26o:/home/user/GitHub/Artyfyshall-Bird/code-implementation:/usr/share/lilypond/2.22.1/ly:/usr/share/lilypond/2.22.1/ps:/usr/share/lilypond/2.22.1/scm:/usr/share/lilypond/2.22.1/fonts/otf/:/usr/share/lilypond/2.22.1/fonts/type1/:/usr/share/lilypond/2.22.1/fonts/svg/:')
    \include 
             "../rh/ws-02-rh-154.ly"
/tmp/tmpq8vno26o/2024-04-11T10-34-02-578516-0eec90e.ly:34:14: error: cannot find file: `../rh/ws-02-rh-20.ly'
(search path: `/tmp/tmpq8vno26o:/home/user/GitHub/Artyfyshall-Bird/code-implementation:/usr/share/lilypond/2.22.1/ly:/usr/share/lilypond/2.22.1/ps:/usr/share/lilypond/2.22.1/scm:/usr/share/lilypond/2.22.1/fonts/otf/:/usr/share/lilypond/2.22.1/fonts/type1/:/usr/share/lilypond/2.22.1/fonts/svg/:')
    \include 
             "../rh/ws-02-rh-20.ly"
/tmp/tmpq8vno26o/2024-04-11T10-34-02-578516-0eec90e.ly:38:14: error: cannot find file: `../bassline_option.ly'
(search path: `/tmp/tmpq8vno26o:/home/user/GitHub/Artyfyshall-Bird/code-implementation:/usr/share/lilypond/2.22.1/ly:/usr/share/lilypond/2.22.1/ps:/usr/share/lilypond/2.22.1/scm:/usr/share/lilypond/2.22.1/fonts/otf/:/usr/share/lilypond/2.22.1/fonts/type1/:/usr/share/lilypond/2.22.1/fonts/svg/:')
    \include 
             "../bassline_option.ly"
/tmp/tmpq8vno26o/2024-04-11T10-34-02-578516-0eec90e.ly:39:14: error: cannot find file: `../lh/ws-02-lh-33.ly'
(search path: `/tmp/tmpq8vno26o:/home/user/GitHub/Artyfyshall-Bird/code-implementation:/usr/share/lilypond/2.22.1/ly:/usr/share/lilypond/2.22.1/ps:/usr/share/lilypond/2.22.1/scm:/usr/share/lilypond/2.22.1/fonts/otf/:/usr/share/lilypond/2.22.1/fonts/type1/:/usr/share/lilypond/2.22.1/fonts/svg/:')
    \include 
             "../lh/ws-02-lh-33.ly"
/tmp/tmpq8vno26o/2024-04-11T10-34-02-578516-0eec90e.ly:40:14: error: cannot find file: `../lh/ws-02-lh-64.ly'
(search path: `/tmp/tmpq8vno26o:/home/user/GitHub/Artyfyshall-Bird/code-implementation:/usr/share/lilypond/2.22.1/ly:/usr/share/lilypond/2.22.1/ps:/usr/share/lilypond/2.22.1/scm:/usr/share/lilypond/2.22.1/fonts/otf/:/usr/share/lilypond/2.22.1/fonts/type1/:/usr/share/lilypond/2.22.1/fonts/svg/:')
    \include 
             "../lh/ws-02-lh-64.ly"
/tmp/tmpq8vno26o/2024-04-11T10-34-02-578516-0eec90e.ly:41:14: error: cannot find file: `../lh/ws-02-lh-8.ly'
(search path: `/tmp/tmpq8vno26o:/home/user/GitHub/Artyfyshall-Bird/code-implementation:/usr/share/lilypond/2.22.1/ly:/usr/share/lilypond/2.22.1/ps:/usr/share/lilypond/2.22.1/scm:/usr/share/lilypond/2.22.1/fonts/otf/:/usr/share/lilypond/2.22.1/fonts/type1/:/usr/share/lilypond/2.22.1/fonts/svg/:')
    \include 
             "../lh/ws-02-lh-8.ly"
/tmp/tmpq8vno26o/2024-04-11T10-34-02-578516-0eec90e.ly:42:14: error: cannot find file: `../lh/ws-02-lh-122.ly'
(search path: `/tmp/tmpq8vno26o:/home/user/GitHub/Artyfyshall-Bird/code-implementation:/usr/share/lilypond/2.22.1/ly:/usr/share/lilypond/2.22.1/ps:/usr/share/lilypond/2.22.1/scm:/usr/share/lilypond/2.22.1/fonts/otf/:/usr/share/lilypond/2.22.1/fonts/type1/:/usr/share/lilypond/2.22.1/fonts/svg/:')
    \include 
             "../lh/ws-02-lh-122.ly"
/tmp/tmpq8vno26o/2024-04-11T10-34-02-578516-0eec90e.ly:43:14: error: cannot find file: `../lh/ws-02-lh-149.ly'
(search path: `/tmp/tmpq8vno26o:/home/user/GitHub/Artyfyshall-Bird/code-implementation:/usr/share/lilypond/2.22.1/ly:/usr/share/lilypond/2.22.1/ps:/usr/share/lilypond/2.22.1/scm:/usr/share/lilypond/2.22.1/fonts/otf/:/usr/share/lilypond/2.22.1/fonts/type1/:/usr/share/lilypond/2.22.1/fonts/svg/:')
    \include 
             "../lh/ws-02-lh-149.ly"
/tmp/tmpq8vno26o/2024-04-11T10-34-02-578516-0eec90e.ly:44:14: error: cannot find file: `../lh/ws-02-lh-153.ly'
(search path: `/tmp/tmpq8vno26o:/home/user/GitHub/Artyfyshall-Bird/code-implementation:/usr/share/lilypond/2.22.1/ly:/usr/share/lilypond/2.22.1/ps:/usr/share/lilypond/2.22.1/scm:/usr/share/lilypond/2.22.1/fonts/otf/:/usr/share/lilypond/2.22.1/fonts/type1/:/usr/share/lilypond/2.22.1/fonts/svg/:')
    \include 
             "../lh/ws-02-lh-153.ly"
/tmp/tmpq8vno26o/2024-04-11T10-34-02-578516-0eec90e.ly:45:14: error: cannot find file: `../lh/ws-02-lh-168.ly'
(search path: `/tmp/tmpq8vno26o:/home/user/GitHub/Artyfyshall-Bird/code-implementation:/usr/share/lilypond/2.22.1/ly:/usr/share/lilypond/2.22.1/ps:/usr/share/lilypond/2.22.1/scm:/usr/share/lilypond/2.22.1/fonts/otf/:/usr/share/lilypond/2.22.1/fonts/type1/:/usr/share/lilypond/2.22.1/fonts/svg/:')
    \include 
             "../lh/ws-02-lh-168.ly"
/tmp/tmpq8vno26o/2024-04-11T10-34-02-578516-0eec90e.ly:46:14: error: cannot find file: `../lh/ws-02-lh-11.ly'
(search path: `/tmp/tmpq8vno26o:/home/user/GitHub/Artyfyshall-Bird/code-implementation:/usr/share/lilypond/2.22.1/ly:/usr/share/lilypond/2.22.1/ps:/usr/share/lilypond/2.22.1/scm:/usr/share/lilypond/2.22.1/fonts/otf/:/usr/share/lilypond/2.22.1/fonts/type1/:/usr/share/lilypond/2.22.1/fonts/svg/:')
    \include 
             "../lh/ws-02-lh-11.ly"
/tmp/tmpq8vno26o/2024-04-11T10-34-02-578516-0eec90e.ly:47:14: error: cannot find file: `../lh/ws-02-lh-4.ly'
(search path: `/tmp/tmpq8vno26o:/home/user/GitHub/Artyfyshall-Bird/code-implementation:/usr/share/lilypond/2.22.1/ly:/usr/share/lilypond/2.22.1/ps:/usr/share/lilypond/2.22.1/scm:/usr/share/lilypond/2.22.1/fonts/otf/:/usr/share/lilypond/2.22.1/fonts/type1/:/usr/share/lilypond/2.22.1/fonts/svg/:')
    \include 
             "../lh/ws-02-lh-4.ly"
/tmp/tmpq8vno26o/2024-04-11T10-34-02-578516-0eec90e.ly:48:14: error: cannot find file: `../lh/ws-02-lh-91.ly'
(search path: `/tmp/tmpq8vno26o:/home/user/GitHub/Artyfyshall-Bird/code-implementation:/usr/share/lilypond/2.22.1/ly:/usr/share/lilypond/2.22.1/ps:/usr/share/lilypond/2.22.1/scm:/usr/share/lilypond/2.22.1/fonts/otf/:/usr/share/lilypond/2.22.1/fonts/type1/:/usr/share/lilypond/2.22.1/fonts/svg/:')
    \include 
             "../lh/ws-02-lh-91.ly"
/tmp/tmpq8vno26o/2024-04-11T10-34-02-578516-0eec90e.ly:49:14: error: cannot find file: `../lh/ws-02-lh-162.ly'
(search path: `/tmp/tmpq8vno26o:/home/user/GitHub/Artyfyshall-Bird/code-implementation:/usr/share/lilypond/2.22.1/ly:/usr/share/lilypond/2.22.1/ps:/usr/share/lilypond/2.22.1/scm:/usr/share/lilypond/2.22.1/fonts/otf/:/usr/share/lilypond/2.22.1/fonts/type1/:/usr/share/lilypond/2.22.1/fonts/svg/:')
    \include 
             "../lh/ws-02-lh-162.ly"
/tmp/tmpq8vno26o/2024-04-11T10-34-02-578516-0eec90e.ly:50:14: error: cannot find file: `../lh/ws-02-lh-126.ly'
(search path: `/tmp/tmpq8vno26o:/home/user/GitHub/Artyfyshall-Bird/code-implementation:/usr/share/lilypond/2.22.1/ly:/usr/share/lilypond/2.22.1/ps:/usr/share/lilypond/2.22.1/scm:/usr/share/lilypond/2.22.1/fonts/otf/:/usr/share/lilypond/2.22.1/fonts/type1/:/usr/share/lilypond/2.22.1/fonts/svg/:')
    \include 
             "../lh/ws-02-lh-126.ly"
/tmp/tmpq8vno26o/2024-04-11T10-34-02-578516-0eec90e.ly:51:14: error: cannot find file: `../lh/ws-02-lh-134.ly'
(search path: `/tmp/tmpq8vno26o:/home/user/GitHub/Artyfyshall-Bird/code-implementation:/usr/share/lilypond/2.22.1/ly:/usr/share/lilypond/2.22.1/ps:/usr/share/lilypond/2.22.1/scm:/usr/share/lilypond/2.22.1/fonts/otf/:/usr/share/lilypond/2.22.1/fonts/type1/:/usr/share/lilypond/2.22.1/fonts/svg/:')
    \include 
             "../lh/ws-02-lh-134.ly"
/tmp/tmpq8vno26o/2024-04-11T10-34-02-578516-0eec90e.ly:52:14: error: cannot find file: `../lh/ws-02-lh-166.ly'
(search path: `/tmp/tmpq8vno26o:/home/user/GitHub/Artyfyshall-Bird/code-implementation:/usr/share/lilypond/2.22.1/ly:/usr/share/lilypond/2.22.1/ps:/usr/share/lilypond/2.22.1/scm:/usr/share/lilypond/2.22.1/fonts/otf/:/usr/share/lilypond/2.22.1/fonts/type1/:/usr/share/lilypond/2.22.1/fonts/svg/:')
    \include 
             "../lh/ws-02-lh-166.ly"
/tmp/tmpq8vno26o/2024-04-11T10-34-02-578516-0eec90e.ly:53:14: error: cannot find file: `../lh/ws-02-lh-154.ly'
(search path: `/tmp/tmpq8vno26o:/home/user/GitHub/Artyfyshall-Bird/code-implementation:/usr/share/lilypond/2.22.1/ly:/usr/share/lilypond/2.22.1/ps:/usr/share/lilypond/2.22.1/scm:/usr/share/lilypond/2.22.1/fonts/otf/:/usr/share/lilypond/2.22.1/fonts/type1/:/usr/share/lilypond/2.22.1/fonts/svg/:')
    \include 
             "../lh/ws-02-lh-154.ly"
/tmp/tmpq8vno26o/2024-04-11T10-34-02-578516-0eec90e.ly:54:14: error: cannot find file: `../lh/ws-02-lh-20.ly'
(search path: `/tmp/tmpq8vno26o:/home/user/GitHub/Artyfyshall-Bird/code-implementation:/usr/share/lilypond/2.22.1/ly:/usr/share/lilypond/2.22.1/ps:/usr/share/lilypond/2.22.1/scm:/usr/share/lilypond/2.22.1/fonts/otf/:/usr/share/lilypond/2.22.1/fonts/type1/:/usr/share/lilypond/2.22.1/fonts/svg/:')
    \include 
             "../lh/ws-02-lh-20.ly"
/tmp/tmpq8vno26o/2024-04-11T10-34-02-578516-0eec90e.ly:58:14: error: cannot find file: `../layout_settings.ly'
(search path: `/tmp/tmpq8vno26o:/home/user/GitHub/Artyfyshall-Bird/code-implementation:/usr/share/lilypond/2.22.1/ly:/usr/share/lilypond/2.22.1/ps:/usr/share/lilypond/2.22.1/scm:/usr/share/lilypond/2.22.1/fonts/otf/:/usr/share/lilypond/2.22.1/fonts/type1/:/usr/share/lilypond/2.22.1/fonts/svg/:')
    \include 
             "../layout_settings.ly"
/tmp/tmpq8vno26o/2024-04-11T10-34-02-578516-0eec90e.ly:1: warning: no \version statement found, please add

\version "2.22.1"

for future compatibility
Interpreting music...
/tmp/tmpq8vno26o/2024-04-11T10-34-02-578516-0eec90e.ly:8:5: warning: skipping zero-duration score
    
    <<
/tmp/tmpq8vno26o/2024-04-11T10-34-02-578516-0eec90e.ly:8:5: warning: to suppress this, consider adding a spacer rest
    
    <<
fatal error: failed files: "/tmp/tmpq8vno26o/2024-04-11T10-34-02-578516-0eec90e.ly"
